<?xml version="1.0" encoding="UTF-8"?>
<testsuite xmlns:xsi="http://www.w3.org/2001/XMLSchema-instance" xsi:schemaLocation="https://maven.apache.org/surefire/maven-surefire-plugin/xsd/surefire-test-report.xsd" name="RegressionTest" time="0.633" tests="16383" errors="0" skipped="0" failures="1120">
  <properties>
    <property name="idea.version" value="2022.2.1"/>
    <property name="java.runtime.name" value="OpenJDK Runtime Environment"/>
    <property name="java.vm.version" value="11.0.16.1+1-LTS"/>
    <property name="sun.boot.library.path" value="/Users/alduck/Library/Java/JavaVirtualMachines/liberica-11.0.16.1/lib"/>
    <property name="gopherProxySet" value="false"/>
    <property name="maven.multiModuleProjectDirectory" value="/Users/alduck/Documents/PhDStuff_repo/triangleClass/triangle"/>
    <property name="java.vm.vendor" value="BellSoft"/>
    <property name="java.vendor.url" value="https://bell-sw.com/"/>
    <property name="guice.disable.misplaced.annotation.check" value="true"/>
    <property name="path.separator" value=":"/>
    <property name="java.vm.name" value="OpenJDK 64-Bit Server VM"/>
    <property name="sun.os.patch.level" value="unknown"/>
    <property name="user.country" value="GB"/>
    <property name="sun.java.launcher" value="SUN_STANDARD"/>
    <property name="java.vm.specification.name" value="Java Virtual Machine Specification"/>
    <property name="user.dir" value="/Users/alduck/Documents/PhDStuff_repo/triangleClass/triangle"/>
    <property name="java.vm.compressedOopsMode" value="Zero based"/>
    <property name="java.runtime.version" value="11.0.16.1+1-LTS"/>
    <property name="java.awt.graphicsenv" value="sun.awt.CGraphicsEnvironment"/>
    <property name="os.arch" value="aarch64"/>
    <property name="java.io.tmpdir" value="/var/folders/jw/p9zqhz3j5z99m4dfmjgls8zr0000gn/T/"/>
    <property name="line.separator" value="&#10;"/>
    <property name="java.vm.specification.vendor" value="Oracle Corporation"/>
    <property name="os.name" value="Mac OS X"/>
    <property name="maven.ext.class.path" value="/Users/alduck/Library/Application Support/JetBrains/Toolbox/apps/IDEA-C/ch-0/222.3739.54/IntelliJ IDEA CE.app/Contents/plugins/maven/lib/maven-event-listener.jar"/>
    <property name="classworlds.conf" value="/Users/alduck/Library/Application Support/JetBrains/Toolbox/apps/IDEA-C/ch-0/222.3739.54/IntelliJ IDEA CE.app/Contents/plugins/maven/lib/maven3/bin/m2.conf"/>
    <property name="sun.jnu.encoding" value="UTF-8"/>
    <property name="java.library.path" value="/Users/alduck/Library/Java/Extensions:/Library/Java/Extensions:/Network/Library/Java/Extensions:/System/Library/Java/Extensions:/usr/lib/java:."/>
    <property name="maven.conf" value="/Users/alduck/Library/Application Support/JetBrains/Toolbox/apps/IDEA-C/ch-0/222.3739.54/IntelliJ IDEA CE.app/Contents/plugins/maven/lib/maven3/conf"/>
    <property name="jdk.debug" value="release"/>
    <property name="java.class.version" value="55.0"/>
    <property name="java.specification.name" value="Java Platform API Specification"/>
    <property name="sun.management.compiler" value="HotSpot 64-Bit Tiered Compilers"/>
    <property name="os.version" value="12.5.1"/>
    <property name="http.nonProxyHosts" value="local|*.local|169.254/16|*.169.254/16"/>
    <property name="user.home" value="/Users/alduck"/>
    <property name="user.timezone" value="Europe/Vienna"/>
    <property name="java.awt.printerjob" value="sun.lwawt.macosx.CPrinterJob"/>
    <property name="file.encoding" value="UTF-8"/>
    <property name="java.specification.version" value="11"/>
    <property name="user.name" value="alduck"/>
    <property name="java.class.path" value="/Users/alduck/Library/Application Support/JetBrains/Toolbox/apps/IDEA-C/ch-0/222.3739.54/IntelliJ IDEA CE.app/Contents/plugins/maven/lib/maven3/boot/plexus-classworlds.license:/Users/alduck/Library/Application Support/JetBrains/Toolbox/apps/IDEA-C/ch-0/222.3739.54/IntelliJ IDEA CE.app/Contents/plugins/maven/lib/maven3/boot/plexus-classworlds-2.6.0.jar"/>
    <property name="java.vm.specification.version" value="11"/>
    <property name="sun.arch.data.model" value="64"/>
    <property name="sun.java.command" value="org.codehaus.classworlds.Launcher -Didea.version=2022.2.1 test"/>
    <property name="java.home" value="/Users/alduck/Library/Java/JavaVirtualMachines/liberica-11.0.16.1"/>
    <property name="user.language" value="en"/>
    <property name="java.specification.vendor" value="Oracle Corporation"/>
    <property name="awt.toolkit" value="sun.lwawt.macosx.LWCToolkit"/>
    <property name="java.vm.info" value="mixed mode"/>
    <property name="java.version" value="11.0.16.1"/>
    <property name="java.vendor" value="BellSoft"/>
    <property name="maven.home" value="/Users/alduck/Library/Application Support/JetBrains/Toolbox/apps/IDEA-C/ch-0/222.3739.54/IntelliJ IDEA CE.app/Contents/plugins/maven/lib/maven3"/>
    <property name="file.separator" value="/"/>
    <property name="java.version.date" value="2022-08-12"/>
    <property name="java.vendor.url.bug" value="https://bell-sw.com/support"/>
    <property name="sun.io.unicode.encoding" value="UnicodeBig"/>
    <property name="sun.cpu.endian" value="little"/>
    <property name="socksNonProxyHosts" value="local|*.local|169.254/16|*.169.254/16"/>
    <property name="ftp.nonProxyHosts" value="local|*.local|169.254/16|*.169.254/16"/>
    <property name="sun.cpu.isalist" value=""/>
  </properties>
  <testcase name="test00001" classname="RegressionTest0" time="0.013"/>
  <testcase name="test00002" classname="RegressionTest0" time="0"/>
  <testcase name="test00003" classname="RegressionTest0" time="0"/>
  <testcase name="test00004" classname="RegressionTest0" time="0"/>
  <testcase name="test00005" classname="RegressionTest0" time="0"/>
  <testcase name="test00006" classname="RegressionTest0" time="0"/>
  <testcase name="test00007" classname="RegressionTest0" time="0.003">
    <failure message="&apos;true&apos; != &apos;false&apos; expected:&lt;true&gt; but was:&lt;false&gt;" type="java.lang.AssertionError"><![CDATA[java.lang.AssertionError: 'true' != 'false' expected:<true> but was:<false>
	at RegressionTest0.test00007(RegressionTest0.java:64)
]]></failure>
  </testcase>
  <testcase name="test00008" classname="RegressionTest0" time="0"/>
  <testcase name="test00009" classname="RegressionTest0" time="0.001"/>
  <testcase name="test00010" classname="RegressionTest0" time="0"/>
  <testcase name="test00011" classname="RegressionTest0" time="0">
    <failure message="&apos;true&apos; != &apos;false&apos; expected:&lt;true&gt; but was:&lt;false&gt;" type="java.lang.AssertionError"><![CDATA[java.lang.AssertionError: 'true' != 'false' expected:<true> but was:<false>
	at RegressionTest0.test00011(RegressionTest0.java:96)
]]></failure>
  </testcase>
  <testcase name="test00012" classname="RegressionTest0" time="0"/>
  <testcase name="test00013" classname="RegressionTest0" time="0"/>
  <testcase name="test00014" classname="RegressionTest0" time="0"/>
  <testcase name="test00015" classname="RegressionTest0" time="0"/>
  <testcase name="test00016" classname="RegressionTest0" time="0"/>
  <testcase name="test00017" classname="RegressionTest0" time="0"/>
  <testcase name="test00018" classname="RegressionTest0" time="0"/>
  <testcase name="test00019" classname="RegressionTest0" time="0"/>
  <testcase name="test00020" classname="RegressionTest0" time="0"/>
  <testcase name="test00021" classname="RegressionTest0" time="0"/>
  <testcase name="test00022" classname="RegressionTest0" time="0.001"/>
  <testcase name="test00023" classname="RegressionTest0" time="0"/>
  <testcase name="test00024" classname="RegressionTest0" time="0"/>
  <testcase name="test00025" classname="RegressionTest0" time="0"/>
  <testcase name="test00026" classname="RegressionTest0" time="0"/>
  <testcase name="test00027" classname="RegressionTest0" time="0"/>
  <testcase name="test00028" classname="RegressionTest0" time="0"/>
  <testcase name="test00029" classname="RegressionTest0" time="0"/>
  <testcase name="test00030" classname="RegressionTest0" time="0"/>
  <testcase name="test00031" classname="RegressionTest0" time="0"/>
  <testcase name="test00032" classname="RegressionTest0" time="0"/>
  <testcase name="test00033" classname="RegressionTest0" time="0">
    <failure message="&apos;true&apos; != &apos;false&apos; expected:&lt;true&gt; but was:&lt;false&gt;" type="java.lang.AssertionError"><![CDATA[java.lang.AssertionError: 'true' != 'false' expected:<true> but was:<false>
	at RegressionTest0.test00033(RegressionTest0.java:273)
]]></failure>
  </testcase>
  <testcase name="test00034" classname="RegressionTest0" time="0"/>
  <testcase name="test00035" classname="RegressionTest0" time="0"/>
  <testcase name="test00036" classname="RegressionTest0" time="0"/>
  <testcase name="test00037" classname="RegressionTest0" time="0"/>
  <testcase name="test00038" classname="RegressionTest0" time="0"/>
  <testcase name="test00039" classname="RegressionTest0" time="0"/>
  <testcase name="test00040" classname="RegressionTest0" time="0"/>
  <testcase name="test00041" classname="RegressionTest0" time="0"/>
  <testcase name="test00042" classname="RegressionTest0" time="0">
    <failure message="&apos;true&apos; != &apos;false&apos; expected:&lt;true&gt; but was:&lt;false&gt;" type="java.lang.AssertionError"><![CDATA[java.lang.AssertionError: 'true' != 'false' expected:<true> but was:<false>
	at RegressionTest0.test00042(RegressionTest0.java:345)
]]></failure>
  </testcase>
  <testcase name="test00043" classname="RegressionTest0" time="0"/>
  <testcase name="test00044" classname="RegressionTest0" time="0.001"/>
  <testcase name="test00045" classname="RegressionTest0" time="0"/>
  <testcase name="test00046" classname="RegressionTest0" time="0"/>
  <testcase name="test00047" classname="RegressionTest0" time="0"/>
  <testcase name="test00048" classname="RegressionTest0" time="0"/>
  <testcase name="test00049" classname="RegressionTest0" time="0"/>
  <testcase name="test00050" classname="RegressionTest0" time="0.001"/>
  <testcase name="test00051" classname="RegressionTest0" time="0"/>
  <testcase name="test00052" classname="RegressionTest0" time="0"/>
  <testcase name="test00053" classname="RegressionTest0" time="0"/>
  <testcase name="test00054" classname="RegressionTest0" time="0"/>
  <testcase name="test00055" classname="RegressionTest0" time="0"/>
  <testcase name="test00056" classname="RegressionTest0" time="0"/>
  <testcase name="test00057" classname="RegressionTest0" time="0"/>
  <testcase name="test00058" classname="RegressionTest0" time="0"/>
  <testcase name="test00059" classname="RegressionTest0" time="0"/>
  <testcase name="test00060" classname="RegressionTest0" time="0.001"/>
  <testcase name="test00061" classname="RegressionTest0" time="0"/>
  <testcase name="test00062" classname="RegressionTest0" time="0"/>
  <testcase name="test00063" classname="RegressionTest0" time="0"/>
  <testcase name="test00064" classname="RegressionTest0" time="0"/>
  <testcase name="test00065" classname="RegressionTest0" time="0"/>
  <testcase name="test00066" classname="RegressionTest0" time="0"/>
  <testcase name="test00067" classname="RegressionTest0" time="0"/>
  <testcase name="test00068" classname="RegressionTest0" time="0"/>
  <testcase name="test00069" classname="RegressionTest0" time="0"/>
  <testcase name="test00070" classname="RegressionTest0" time="0"/>
  <testcase name="test00071" classname="RegressionTest0" time="0"/>
  <testcase name="test00072" classname="RegressionTest0" time="0"/>
  <testcase name="test00073" classname="RegressionTest0" time="0"/>
  <testcase name="test00074" classname="RegressionTest0" time="0"/>
  <testcase name="test00075" classname="RegressionTest0" time="0"/>
  <testcase name="test00076" classname="RegressionTest0" time="0"/>
  <testcase name="test00077" classname="RegressionTest0" time="0"/>
  <testcase name="test00078" classname="RegressionTest0" time="0"/>
  <testcase name="test00079" classname="RegressionTest0" time="0"/>
  <testcase name="test00080" classname="RegressionTest0" time="0"/>
  <testcase name="test00081" classname="RegressionTest0" time="0"/>
  <testcase name="test00082" classname="RegressionTest0" time="0.001"/>
  <testcase name="test00083" classname="RegressionTest0" time="0"/>
  <testcase name="test00084" classname="RegressionTest0" time="0"/>
  <testcase name="test00085" classname="RegressionTest0" time="0"/>
  <testcase name="test00086" classname="RegressionTest0" time="0"/>
  <testcase name="test00087" classname="RegressionTest0" time="0">
    <failure message="&apos;true&apos; != &apos;false&apos; expected:&lt;true&gt; but was:&lt;false&gt;" type="java.lang.AssertionError"><![CDATA[java.lang.AssertionError: 'true' != 'false' expected:<true> but was:<false>
	at RegressionTest0.test00087(RegressionTest0.java:705)
]]></failure>
  </testcase>
  <testcase name="test00088" classname="RegressionTest0" time="0"/>
  <testcase name="test00089" classname="RegressionTest0" time="0"/>
  <testcase name="test00090" classname="RegressionTest0" time="0.001"/>
  <testcase name="test00091" classname="RegressionTest0" time="0">
    <failure message="&apos;true&apos; != &apos;false&apos; expected:&lt;true&gt; but was:&lt;false&gt;" type="java.lang.AssertionError"><![CDATA[java.lang.AssertionError: 'true' != 'false' expected:<true> but was:<false>
	at RegressionTest0.test00091(RegressionTest0.java:737)
]]></failure>
  </testcase>
  <testcase name="test00092" classname="RegressionTest0" time="0"/>
  <testcase name="test00093" classname="RegressionTest0" time="0"/>
  <testcase name="test00094" classname="RegressionTest0" time="0"/>
  <testcase name="test00095" classname="RegressionTest0" time="0"/>
  <testcase name="test00096" classname="RegressionTest0" time="0">
    <failure message="&apos;true&apos; != &apos;false&apos; expected:&lt;true&gt; but was:&lt;false&gt;" type="java.lang.AssertionError"><![CDATA[java.lang.AssertionError: 'true' != 'false' expected:<true> but was:<false>
	at RegressionTest0.test00096(RegressionTest0.java:777)
]]></failure>
  </testcase>
  <testcase name="test00097" classname="RegressionTest0" time="0"/>
  <testcase name="test00098" classname="RegressionTest0" time="0"/>
  <testcase name="test00099" classname="RegressionTest0" time="0.001"/>
  <testcase name="test00100" classname="RegressionTest0" time="0"/>
  <testcase name="test00101" classname="RegressionTest0" time="0"/>
  <testcase name="test00102" classname="RegressionTest0" time="0"/>
  <testcase name="test00103" classname="RegressionTest0" time="0"/>
  <testcase name="test00104" classname="RegressionTest0" time="0"/>
  <testcase name="test00105" classname="RegressionTest0" time="0"/>
  <testcase name="test00106" classname="RegressionTest0" time="0"/>
  <testcase name="test00107" classname="RegressionTest0" time="0"/>
  <testcase name="test00108" classname="RegressionTest0" time="0"/>
  <testcase name="test00109" classname="RegressionTest0" time="0"/>
  <testcase name="test00110" classname="RegressionTest0" time="0"/>
  <testcase name="test00111" classname="RegressionTest0" time="0.001"/>
  <testcase name="test00112" classname="RegressionTest0" time="0"/>
  <testcase name="test00113" classname="RegressionTest0" time="0"/>
  <testcase name="test00114" classname="RegressionTest0" time="0"/>
  <testcase name="test00115" classname="RegressionTest0" time="0"/>
  <testcase name="test00116" classname="RegressionTest0" time="0"/>
  <testcase name="test00117" classname="RegressionTest0" time="0"/>
  <testcase name="test00118" classname="RegressionTest0" time="0"/>
  <testcase name="test00119" classname="RegressionTest0" time="0"/>
  <testcase name="test00120" classname="RegressionTest0" time="0"/>
  <testcase name="test00121" classname="RegressionTest0" time="0.001"/>
  <testcase name="test00122" classname="RegressionTest0" time="0"/>
  <testcase name="test00123" classname="RegressionTest0" time="0"/>
  <testcase name="test00124" classname="RegressionTest0" time="0"/>
  <testcase name="test00125" classname="RegressionTest0" time="0"/>
  <testcase name="test00126" classname="RegressionTest0" time="0"/>
  <testcase name="test00127" classname="RegressionTest0" time="0"/>
  <testcase name="test00128" classname="RegressionTest0" time="0"/>
  <testcase name="test00129" classname="RegressionTest0" time="0"/>
  <testcase name="test00130" classname="RegressionTest0" time="0"/>
  <testcase name="test00131" classname="RegressionTest0" time="0"/>
  <testcase name="test00132" classname="RegressionTest0" time="0.001"/>
  <testcase name="test00133" classname="RegressionTest0" time="0"/>
  <testcase name="test00134" classname="RegressionTest0" time="0"/>
  <testcase name="test00135" classname="RegressionTest0" time="0"/>
  <testcase name="test00136" classname="RegressionTest0" time="0"/>
  <testcase name="test00137" classname="RegressionTest0" time="0"/>
  <testcase name="test00138" classname="RegressionTest0" time="0"/>
  <testcase name="test00139" classname="RegressionTest0" time="0"/>
  <testcase name="test00140" classname="RegressionTest0" time="0"/>
  <testcase name="test00141" classname="RegressionTest0" time="0"/>
  <testcase name="test00142" classname="RegressionTest0" time="0"/>
  <testcase name="test00143" classname="RegressionTest0" time="0"/>
  <testcase name="test00144" classname="RegressionTest0" time="0"/>
  <testcase name="test00145" classname="RegressionTest0" time="0"/>
  <testcase name="test00146" classname="RegressionTest0" time="0"/>
  <testcase name="test00147" classname="RegressionTest0" time="0">
    <failure message="&apos;true&apos; != &apos;false&apos; expected:&lt;true&gt; but was:&lt;false&gt;" type="java.lang.AssertionError"><![CDATA[java.lang.AssertionError: 'true' != 'false' expected:<true> but was:<false>
	at RegressionTest0.test00147(RegressionTest0.java:1185)
]]></failure>
  </testcase>
  <testcase name="test00148" classname="RegressionTest0" time="0"/>
  <testcase name="test00149" classname="RegressionTest0" time="0"/>
  <testcase name="test00150" classname="RegressionTest0" time="0"/>
  <testcase name="test00151" classname="RegressionTest0" time="0"/>
  <testcase name="test00152" classname="RegressionTest0" time="0">
    <failure message="&apos;true&apos; != &apos;false&apos; expected:&lt;true&gt; but was:&lt;false&gt;" type="java.lang.AssertionError"><![CDATA[java.lang.AssertionError: 'true' != 'false' expected:<true> but was:<false>
	at RegressionTest0.test00152(RegressionTest0.java:1225)
]]></failure>
  </testcase>
  <testcase name="test00153" classname="RegressionTest0" time="0"/>
  <testcase name="test00154" classname="RegressionTest0" time="0.001"/>
  <testcase name="test00155" classname="RegressionTest0" time="0">
    <failure message="&apos;true&apos; != &apos;false&apos; expected:&lt;true&gt; but was:&lt;false&gt;" type="java.lang.AssertionError"><![CDATA[java.lang.AssertionError: 'true' != 'false' expected:<true> but was:<false>
	at RegressionTest0.test00155(RegressionTest0.java:1249)
]]></failure>
  </testcase>
  <testcase name="test00156" classname="RegressionTest0" time="0"/>
  <testcase name="test00157" classname="RegressionTest0" time="0"/>
  <testcase name="test00158" classname="RegressionTest0" time="0"/>
  <testcase name="test00159" classname="RegressionTest0" time="0"/>
  <testcase name="test00160" classname="RegressionTest0" time="0"/>
  <testcase name="test00161" classname="RegressionTest0" time="0"/>
  <testcase name="test00162" classname="RegressionTest0" time="0.001"/>
  <testcase name="test00163" classname="RegressionTest0" time="0"/>
  <testcase name="test00164" classname="RegressionTest0" time="0"/>
  <testcase name="test00165" classname="RegressionTest0" time="0"/>
  <testcase name="test00166" classname="RegressionTest0" time="0"/>
  <testcase name="test00167" classname="RegressionTest0" time="0">
    <failure message="&apos;true&apos; != &apos;false&apos; expected:&lt;true&gt; but was:&lt;false&gt;" type="java.lang.AssertionError"><![CDATA[java.lang.AssertionError: 'true' != 'false' expected:<true> but was:<false>
	at RegressionTest0.test00167(RegressionTest0.java:1345)
]]></failure>
  </testcase>
  <testcase name="test00168" classname="RegressionTest0" time="0"/>
  <testcase name="test00169" classname="RegressionTest0" time="0"/>
  <testcase name="test00170" classname="RegressionTest0" time="0"/>
  <testcase name="test00171" classname="RegressionTest0" time="0.001"/>
  <testcase name="test00172" classname="RegressionTest0" time="0"/>
  <testcase name="test00173" classname="RegressionTest0" time="0"/>
  <testcase name="test00174" classname="RegressionTest0" time="0"/>
  <testcase name="test00175" classname="RegressionTest0" time="0"/>
  <testcase name="test00176" classname="RegressionTest0" time="0"/>
  <testcase name="test00177" classname="RegressionTest0" time="0"/>
  <testcase name="test00178" classname="RegressionTest0" time="0"/>
  <testcase name="test00179" classname="RegressionTest0" time="0"/>
  <testcase name="test00180" classname="RegressionTest0" time="0"/>
  <testcase name="test00181" classname="RegressionTest0" time="0"/>
  <testcase name="test00182" classname="RegressionTest0" time="0"/>
  <testcase name="test00183" classname="RegressionTest0" time="0"/>
  <testcase name="test00184" classname="RegressionTest0" time="0"/>
  <testcase name="test00185" classname="RegressionTest0" time="0"/>
  <testcase name="test00186" classname="RegressionTest0" time="0"/>
  <testcase name="test00187" classname="RegressionTest0" time="0"/>
  <testcase name="test00188" classname="RegressionTest0" time="0"/>
  <testcase name="test00189" classname="RegressionTest0" time="0"/>
  <testcase name="test00190" classname="RegressionTest0" time="0"/>
  <testcase name="test00191" classname="RegressionTest0" time="0"/>
  <testcase name="test00192" classname="RegressionTest0" time="0">
    <failure message="&apos;true&apos; != &apos;false&apos; expected:&lt;true&gt; but was:&lt;false&gt;" type="java.lang.AssertionError"><![CDATA[java.lang.AssertionError: 'true' != 'false' expected:<true> but was:<false>
	at RegressionTest0.test00192(RegressionTest0.java:1545)
]]></failure>
  </testcase>
  <testcase name="test00193" classname="RegressionTest0" time="0"/>
  <testcase name="test00194" classname="RegressionTest0" time="0"/>
  <testcase name="test00195" classname="RegressionTest0" time="0"/>
  <testcase name="test00196" classname="RegressionTest0" time="0"/>
  <testcase name="test00197" classname="RegressionTest0" time="0"/>
  <testcase name="test00198" classname="RegressionTest0" time="0"/>
  <testcase name="test00199" classname="RegressionTest0" time="0"/>
  <testcase name="test00200" classname="RegressionTest0" time="0"/>
  <testcase name="test00201" classname="RegressionTest0" time="0"/>
  <testcase name="test00202" classname="RegressionTest0" time="0"/>
  <testcase name="test00203" classname="RegressionTest0" time="0"/>
  <testcase name="test00204" classname="RegressionTest0" time="0"/>
  <testcase name="test00205" classname="RegressionTest0" time="0"/>
  <testcase name="test00206" classname="RegressionTest0" time="0"/>
  <testcase name="test00207" classname="RegressionTest0" time="0"/>
  <testcase name="test00208" classname="RegressionTest0" time="0"/>
  <testcase name="test00209" classname="RegressionTest0" time="0.001"/>
  <testcase name="test00210" classname="RegressionTest0" time="0"/>
  <testcase name="test00211" classname="RegressionTest0" time="0"/>
  <testcase name="test00212" classname="RegressionTest0" time="0"/>
  <testcase name="test00213" classname="RegressionTest0" time="0"/>
  <testcase name="test00214" classname="RegressionTest0" time="0"/>
  <testcase name="test00215" classname="RegressionTest0" time="0"/>
  <testcase name="test00216" classname="RegressionTest0" time="0"/>
  <testcase name="test00217" classname="RegressionTest0" time="0"/>
  <testcase name="test00218" classname="RegressionTest0" time="0"/>
  <testcase name="test00219" classname="RegressionTest0" time="0"/>
  <testcase name="test00220" classname="RegressionTest0" time="0"/>
  <testcase name="test00221" classname="RegressionTest0" time="0"/>
  <testcase name="test00222" classname="RegressionTest0" time="0"/>
  <testcase name="test00223" classname="RegressionTest0" time="0.001"/>
  <testcase name="test00224" classname="RegressionTest0" time="0">
    <failure message="&apos;true&apos; != &apos;false&apos; expected:&lt;true&gt; but was:&lt;false&gt;" type="java.lang.AssertionError"><![CDATA[java.lang.AssertionError: 'true' != 'false' expected:<true> but was:<false>
	at RegressionTest0.test00224(RegressionTest0.java:1801)
]]></failure>
  </testcase>
  <testcase name="test00225" classname="RegressionTest0" time="0">
    <failure message="&apos;true&apos; != &apos;false&apos; expected:&lt;true&gt; but was:&lt;false&gt;" type="java.lang.AssertionError"><![CDATA[java.lang.AssertionError: 'true' != 'false' expected:<true> but was:<false>
	at RegressionTest0.test00225(RegressionTest0.java:1809)
]]></failure>
  </testcase>
  <testcase name="test00226" classname="RegressionTest0" time="0"/>
  <testcase name="test00227" classname="RegressionTest0" time="0.001"/>
  <testcase name="test00228" classname="RegressionTest0" time="0">
    <failure message="&apos;true&apos; != &apos;false&apos; expected:&lt;true&gt; but was:&lt;false&gt;" type="java.lang.AssertionError"><![CDATA[java.lang.AssertionError: 'true' != 'false' expected:<true> but was:<false>
	at RegressionTest0.test00228(RegressionTest0.java:1833)
]]></failure>
  </testcase>
  <testcase name="test00229" classname="RegressionTest0" time="0"/>
  <testcase name="test00230" classname="RegressionTest0" time="0"/>
  <testcase name="test00231" classname="RegressionTest0" time="0"/>
  <testcase name="test00232" classname="RegressionTest0" time="0"/>
  <testcase name="test00233" classname="RegressionTest0" time="0"/>
  <testcase name="test00234" classname="RegressionTest0" time="0"/>
  <testcase name="test00235" classname="RegressionTest0" time="0"/>
  <testcase name="test00236" classname="RegressionTest0" time="0"/>
  <testcase name="test00237" classname="RegressionTest0" time="0"/>
  <testcase name="test00238" classname="RegressionTest0" time="0.001"/>
  <testcase name="test00239" classname="RegressionTest0" time="0"/>
  <testcase name="test00240" classname="RegressionTest0" time="0">
    <failure message="&apos;true&apos; != &apos;false&apos; expected:&lt;true&gt; but was:&lt;false&gt;" type="java.lang.AssertionError"><![CDATA[java.lang.AssertionError: 'true' != 'false' expected:<true> but was:<false>
	at RegressionTest0.test00240(RegressionTest0.java:1929)
]]></failure>
  </testcase>
  <testcase name="test00241" classname="RegressionTest0" time="0"/>
  <testcase name="test00242" classname="RegressionTest0" time="0"/>
  <testcase name="test00243" classname="RegressionTest0" time="0"/>
  <testcase name="test00244" classname="RegressionTest0" time="0"/>
  <testcase name="test00245" classname="RegressionTest0" time="0"/>
  <testcase name="test00246" classname="RegressionTest0" time="0"/>
  <testcase name="test00247" classname="RegressionTest0" time="0.001"/>
  <testcase name="test00248" classname="RegressionTest0" time="0"/>
  <testcase name="test00249" classname="RegressionTest0" time="0"/>
  <testcase name="test00250" classname="RegressionTest0" time="0"/>
  <testcase name="test00251" classname="RegressionTest0" time="0"/>
  <testcase name="test00252" classname="RegressionTest0" time="0"/>
  <testcase name="test00253" classname="RegressionTest0" time="0"/>
  <testcase name="test00254" classname="RegressionTest0" time="0"/>
  <testcase name="test00255" classname="RegressionTest0" time="0"/>
  <testcase name="test00256" classname="RegressionTest0" time="0"/>
  <testcase name="test00257" classname="RegressionTest0" time="0"/>
  <testcase name="test00258" classname="RegressionTest0" time="0.001"/>
  <testcase name="test00259" classname="RegressionTest0" time="0"/>
  <testcase name="test00260" classname="RegressionTest0" time="0"/>
  <testcase name="test00261" classname="RegressionTest0" time="0">
    <failure message="&apos;true&apos; != &apos;false&apos; expected:&lt;true&gt; but was:&lt;false&gt;" type="java.lang.AssertionError"><![CDATA[java.lang.AssertionError: 'true' != 'false' expected:<true> but was:<false>
	at RegressionTest0.test00261(RegressionTest0.java:2097)
]]></failure>
  </testcase>
  <testcase name="test00262" classname="RegressionTest0" time="0"/>
  <testcase name="test00263" classname="RegressionTest0" time="0"/>
  <testcase name="test00264" classname="RegressionTest0" time="0"/>
  <testcase name="test00265" classname="RegressionTest0" time="0"/>
  <testcase name="test00266" classname="RegressionTest0" time="0"/>
  <testcase name="test00267" classname="RegressionTest0" time="0"/>
  <testcase name="test00268" classname="RegressionTest0" time="0"/>
  <testcase name="test00269" classname="RegressionTest0" time="0"/>
  <testcase name="test00270" classname="RegressionTest0" time="0"/>
  <testcase name="test00271" classname="RegressionTest0" time="0"/>
  <testcase name="test00272" classname="RegressionTest0" time="0.001"/>
  <testcase name="test00273" classname="RegressionTest0" time="0"/>
  <testcase name="test00274" classname="RegressionTest0" time="0"/>
  <testcase name="test00275" classname="RegressionTest0" time="0"/>
  <testcase name="test00276" classname="RegressionTest0" time="0"/>
  <testcase name="test00277" classname="RegressionTest0" time="0"/>
  <testcase name="test00278" classname="RegressionTest0" time="0"/>
  <testcase name="test00279" classname="RegressionTest0" time="0"/>
  <testcase name="test00280" classname="RegressionTest0" time="0"/>
  <testcase name="test00281" classname="RegressionTest0" time="0"/>
  <testcase name="test00282" classname="RegressionTest0" time="0"/>
  <testcase name="test00283" classname="RegressionTest0" time="0"/>
  <testcase name="test00284" classname="RegressionTest0" time="0"/>
  <testcase name="test00285" classname="RegressionTest0" time="0"/>
  <testcase name="test00286" classname="RegressionTest0" time="0"/>
  <testcase name="test00287" classname="RegressionTest0" time="0"/>
  <testcase name="test00288" classname="RegressionTest0" time="0.001"/>
  <testcase name="test00289" classname="RegressionTest0" time="0"/>
  <testcase name="test00290" classname="RegressionTest0" time="0"/>
  <testcase name="test00291" classname="RegressionTest0" time="0"/>
  <testcase name="test00292" classname="RegressionTest0" time="0"/>
  <testcase name="test00293" classname="RegressionTest0" time="0"/>
  <testcase name="test00294" classname="RegressionTest0" time="0"/>
  <testcase name="test00295" classname="RegressionTest0" time="0"/>
  <testcase name="test00296" classname="RegressionTest0" time="0"/>
  <testcase name="test00297" classname="RegressionTest0" time="0"/>
  <testcase name="test00298" classname="RegressionTest0" time="0"/>
  <testcase name="test00299" classname="RegressionTest0" time="0"/>
  <testcase name="test00300" classname="RegressionTest0" time="0"/>
  <testcase name="test00301" classname="RegressionTest0" time="0"/>
  <testcase name="test00302" classname="RegressionTest0" time="0.001">
    <failure message="&apos;true&apos; != &apos;false&apos; expected:&lt;true&gt; but was:&lt;false&gt;" type="java.lang.AssertionError"><![CDATA[java.lang.AssertionError: 'true' != 'false' expected:<true> but was:<false>
	at RegressionTest0.test00302(RegressionTest0.java:2425)
]]></failure>
  </testcase>
  <testcase name="test00303" classname="RegressionTest0" time="0"/>
  <testcase name="test00304" classname="RegressionTest0" time="0"/>
  <testcase name="test00305" classname="RegressionTest0" time="0"/>
  <testcase name="test00306" classname="RegressionTest0" time="0"/>
  <testcase name="test00307" classname="RegressionTest0" time="0"/>
  <testcase name="test00308" classname="RegressionTest0" time="0"/>
  <testcase name="test00309" classname="RegressionTest0" time="0"/>
  <testcase name="test00310" classname="RegressionTest0" time="0"/>
  <testcase name="test00311" classname="RegressionTest0" time="0"/>
  <testcase name="test00312" classname="RegressionTest0" time="0"/>
  <testcase name="test00313" classname="RegressionTest0" time="0"/>
  <testcase name="test00314" classname="RegressionTest0" time="0"/>
  <testcase name="test00315" classname="RegressionTest0" time="0"/>
  <testcase name="test00316" classname="RegressionTest0" time="0"/>
  <testcase name="test00317" classname="RegressionTest0" time="0"/>
  <testcase name="test00318" classname="RegressionTest0" time="0">
    <failure message="&apos;true&apos; != &apos;false&apos; expected:&lt;true&gt; but was:&lt;false&gt;" type="java.lang.AssertionError"><![CDATA[java.lang.AssertionError: 'true' != 'false' expected:<true> but was:<false>
	at RegressionTest0.test00318(RegressionTest0.java:2553)
]]></failure>
  </testcase>
  <testcase name="test00319" classname="RegressionTest0" time="0"/>
  <testcase name="test00320" classname="RegressionTest0" time="0"/>
  <testcase name="test00321" classname="RegressionTest0" time="0"/>
  <testcase name="test00322" classname="RegressionTest0" time="0"/>
  <testcase name="test00323" classname="RegressionTest0" time="0"/>
  <testcase name="test00324" classname="RegressionTest0" time="0"/>
  <testcase name="test00325" classname="RegressionTest0" time="0"/>
  <testcase name="test00326" classname="RegressionTest0" time="0"/>
  <testcase name="test00327" classname="RegressionTest0" time="0"/>
  <testcase name="test00328" classname="RegressionTest0" time="0"/>
  <testcase name="test00329" classname="RegressionTest0" time="0"/>
  <testcase name="test00330" classname="RegressionTest0" time="0"/>
  <testcase name="test00331" classname="RegressionTest0" time="0"/>
  <testcase name="test00332" classname="RegressionTest0" time="0.001"/>
  <testcase name="test00333" classname="RegressionTest0" time="0"/>
  <testcase name="test00334" classname="RegressionTest0" time="0"/>
  <testcase name="test00335" classname="RegressionTest0" time="0"/>
  <testcase name="test00336" classname="RegressionTest0" time="0"/>
  <testcase name="test00337" classname="RegressionTest0" time="0"/>
  <testcase name="test00338" classname="RegressionTest0" time="0"/>
  <testcase name="test00339" classname="RegressionTest0" time="0"/>
  <testcase name="test00340" classname="RegressionTest0" time="0"/>
  <testcase name="test00341" classname="RegressionTest0" time="0"/>
  <testcase name="test00342" classname="RegressionTest0" time="0"/>
  <testcase name="test00343" classname="RegressionTest0" time="0"/>
  <testcase name="test00344" classname="RegressionTest0" time="0"/>
  <testcase name="test00345" classname="RegressionTest0" time="0"/>
  <testcase name="test00346" classname="RegressionTest0" time="0">
    <failure message="&apos;true&apos; != &apos;false&apos; expected:&lt;true&gt; but was:&lt;false&gt;" type="java.lang.AssertionError"><![CDATA[java.lang.AssertionError: 'true' != 'false' expected:<true> but was:<false>
	at RegressionTest0.test00346(RegressionTest0.java:2777)
]]></failure>
  </testcase>
  <testcase name="test00347" classname="RegressionTest0" time="0.001"/>
  <testcase name="test00348" classname="RegressionTest0" time="0"/>
  <testcase name="test00349" classname="RegressionTest0" time="0"/>
  <testcase name="test00350" classname="RegressionTest0" time="0"/>
  <testcase name="test00351" classname="RegressionTest0" time="0"/>
  <testcase name="test00352" classname="RegressionTest0" time="0"/>
  <testcase name="test00353" classname="RegressionTest0" time="0"/>
  <testcase name="test00354" classname="RegressionTest0" time="0"/>
  <testcase name="test00355" classname="RegressionTest0" time="0"/>
  <testcase name="test00356" classname="RegressionTest0" time="0"/>
  <testcase name="test00357" classname="RegressionTest0" time="0"/>
  <testcase name="test00358" classname="RegressionTest0" time="0"/>
  <testcase name="test00359" classname="RegressionTest0" time="0"/>
  <testcase name="test00360" classname="RegressionTest0" time="0"/>
  <testcase name="test00361" classname="RegressionTest0" time="0"/>
  <testcase name="test00362" classname="RegressionTest0" time="0"/>
  <testcase name="test00363" classname="RegressionTest0" time="0.001"/>
  <testcase name="test00364" classname="RegressionTest0" time="0"/>
  <testcase name="test00365" classname="RegressionTest0" time="0"/>
  <testcase name="test00366" classname="RegressionTest0" time="0"/>
  <testcase name="test00367" classname="RegressionTest0" time="0">
    <failure message="&apos;true&apos; != &apos;false&apos; expected:&lt;true&gt; but was:&lt;false&gt;" type="java.lang.AssertionError"><![CDATA[java.lang.AssertionError: 'true' != 'false' expected:<true> but was:<false>
	at RegressionTest0.test00367(RegressionTest0.java:2945)
]]></failure>
  </testcase>
  <testcase name="test00368" classname="RegressionTest0" time="0"/>
  <testcase name="test00369" classname="RegressionTest0" time="0"/>
  <testcase name="test00370" classname="RegressionTest0" time="0"/>
  <testcase name="test00371" classname="RegressionTest0" time="0"/>
  <testcase name="test00372" classname="RegressionTest0" time="0"/>
  <testcase name="test00373" classname="RegressionTest0" time="0"/>
  <testcase name="test00374" classname="RegressionTest0" time="0"/>
  <testcase name="test00375" classname="RegressionTest0" time="0"/>
  <testcase name="test00376" classname="RegressionTest0" time="0"/>
  <testcase name="test00377" classname="RegressionTest0" time="0"/>
  <testcase name="test00378" classname="RegressionTest0" time="0"/>
  <testcase name="test00379" classname="RegressionTest0" time="0"/>
  <testcase name="test00380" classname="RegressionTest0" time="0.001"/>
  <testcase name="test00381" classname="RegressionTest0" time="0"/>
  <testcase name="test00382" classname="RegressionTest0" time="0"/>
  <testcase name="test00383" classname="RegressionTest0" time="0"/>
  <testcase name="test00384" classname="RegressionTest0" time="0"/>
  <testcase name="test00385" classname="RegressionTest0" time="0"/>
  <testcase name="test00386" classname="RegressionTest0" time="0"/>
  <testcase name="test00387" classname="RegressionTest0" time="0"/>
  <testcase name="test00388" classname="RegressionTest0" time="0"/>
  <testcase name="test00389" classname="RegressionTest0" time="0">
    <failure message="&apos;true&apos; != &apos;false&apos; expected:&lt;true&gt; but was:&lt;false&gt;" type="java.lang.AssertionError"><![CDATA[java.lang.AssertionError: 'true' != 'false' expected:<true> but was:<false>
	at RegressionTest0.test00389(RegressionTest0.java:3121)
]]></failure>
  </testcase>
  <testcase name="test00390" classname="RegressionTest0" time="0"/>
  <testcase name="test00391" classname="RegressionTest0" time="0"/>
  <testcase name="test00392" classname="RegressionTest0" time="0"/>
  <testcase name="test00393" classname="RegressionTest0" time="0.001"/>
  <testcase name="test00394" classname="RegressionTest0" time="0"/>
  <testcase name="test00395" classname="RegressionTest0" time="0"/>
  <testcase name="test00396" classname="RegressionTest0" time="0"/>
  <testcase name="test00397" classname="RegressionTest0" time="0"/>
  <testcase name="test00398" classname="RegressionTest0" time="0"/>
  <testcase name="test00399" classname="RegressionTest0" time="0"/>
  <testcase name="test00400" classname="RegressionTest0" time="0"/>
  <testcase name="test00401" classname="RegressionTest0" time="0"/>
  <testcase name="test00402" classname="RegressionTest0" time="0"/>
  <testcase name="test00403" classname="RegressionTest0" time="0"/>
  <testcase name="test00404" classname="RegressionTest0" time="0"/>
  <testcase name="test00405" classname="RegressionTest0" time="0"/>
  <testcase name="test00406" classname="RegressionTest0" time="0"/>
  <testcase name="test00407" classname="RegressionTest0" time="0"/>
  <testcase name="test00408" classname="RegressionTest0" time="0"/>
  <testcase name="test00409" classname="RegressionTest0" time="0"/>
  <testcase name="test00410" classname="RegressionTest0" time="0"/>
  <testcase name="test00411" classname="RegressionTest0" time="0"/>
  <testcase name="test00412" classname="RegressionTest0" time="0"/>
  <testcase name="test00413" classname="RegressionTest0" time="0.001"/>
  <testcase name="test00414" classname="RegressionTest0" time="0"/>
  <testcase name="test00415" classname="RegressionTest0" time="0">
    <failure message="&apos;true&apos; != &apos;false&apos; expected:&lt;true&gt; but was:&lt;false&gt;" type="java.lang.AssertionError"><![CDATA[java.lang.AssertionError: 'true' != 'false' expected:<true> but was:<false>
	at RegressionTest0.test00415(RegressionTest0.java:3329)
]]></failure>
  </testcase>
  <testcase name="test00416" classname="RegressionTest0" time="0"/>
  <testcase name="test00417" classname="RegressionTest0" time="0"/>
  <testcase name="test00418" classname="RegressionTest0" time="0"/>
  <testcase name="test00419" classname="RegressionTest0" time="0"/>
  <testcase name="test00420" classname="RegressionTest0" time="0"/>
  <testcase name="test00421" classname="RegressionTest0" time="0"/>
  <testcase name="test00422" classname="RegressionTest0" time="0"/>
  <testcase name="test00423" classname="RegressionTest0" time="0"/>
  <testcase name="test00424" classname="RegressionTest0" time="0"/>
  <testcase name="test00425" classname="RegressionTest0" time="0"/>
  <testcase name="test00426" classname="RegressionTest0" time="0"/>
  <testcase name="test00427" classname="RegressionTest0" time="0.001">
    <failure message="&apos;true&apos; != &apos;false&apos; expected:&lt;true&gt; but was:&lt;false&gt;" type="java.lang.AssertionError"><![CDATA[java.lang.AssertionError: 'true' != 'false' expected:<true> but was:<false>
	at RegressionTest0.test00427(RegressionTest0.java:3425)
]]></failure>
  </testcase>
  <testcase name="test00428" classname="RegressionTest0" time="0"/>
  <testcase name="test00429" classname="RegressionTest0" time="0"/>
  <testcase name="test00430" classname="RegressionTest0" time="0"/>
  <testcase name="test00431" classname="RegressionTest0" time="0"/>
  <testcase name="test00432" classname="RegressionTest0" time="0"/>
  <testcase name="test00433" classname="RegressionTest0" time="0"/>
  <testcase name="test00434" classname="RegressionTest0" time="0"/>
  <testcase name="test00435" classname="RegressionTest0" time="0"/>
  <testcase name="test00436" classname="RegressionTest0" time="0">
    <failure message="&apos;true&apos; != &apos;false&apos; expected:&lt;true&gt; but was:&lt;false&gt;" type="java.lang.AssertionError"><![CDATA[java.lang.AssertionError: 'true' != 'false' expected:<true> but was:<false>
	at RegressionTest0.test00436(RegressionTest0.java:3497)
]]></failure>
  </testcase>
  <testcase name="test00437" classname="RegressionTest0" time="0"/>
  <testcase name="test00438" classname="RegressionTest0" time="0"/>
  <testcase name="test00439" classname="RegressionTest0" time="0"/>
  <testcase name="test00440" classname="RegressionTest0" time="0"/>
  <testcase name="test00441" classname="RegressionTest0" time="0"/>
  <testcase name="test00442" classname="RegressionTest0" time="0"/>
  <testcase name="test00443" classname="RegressionTest0" time="0"/>
  <testcase name="test00444" classname="RegressionTest0" time="0"/>
  <testcase name="test00445" classname="RegressionTest0" time="0.001"/>
  <testcase name="test00446" classname="RegressionTest0" time="0"/>
  <testcase name="test00447" classname="RegressionTest0" time="0"/>
  <testcase name="test00448" classname="RegressionTest0" time="0"/>
  <testcase name="test00449" classname="RegressionTest0" time="0"/>
  <testcase name="test00450" classname="RegressionTest0" time="0"/>
  <testcase name="test00451" classname="RegressionTest0" time="0"/>
  <testcase name="test00452" classname="RegressionTest0" time="0"/>
  <testcase name="test00453" classname="RegressionTest0" time="0"/>
  <testcase name="test00454" classname="RegressionTest0" time="0"/>
  <testcase name="test00455" classname="RegressionTest0" time="0"/>
  <testcase name="test00456" classname="RegressionTest0" time="0"/>
  <testcase name="test00457" classname="RegressionTest0" time="0"/>
  <testcase name="test00458" classname="RegressionTest0" time="0">
    <failure message="&apos;true&apos; != &apos;false&apos; expected:&lt;true&gt; but was:&lt;false&gt;" type="java.lang.AssertionError"><![CDATA[java.lang.AssertionError: 'true' != 'false' expected:<true> but was:<false>
	at RegressionTest0.test00458(RegressionTest0.java:3673)
]]></failure>
  </testcase>
  <testcase name="test00459" classname="RegressionTest0" time="0"/>
  <testcase name="test00460" classname="RegressionTest0" time="0"/>
  <testcase name="test00461" classname="RegressionTest0" time="0"/>
  <testcase name="test00462" classname="RegressionTest0" time="0"/>
  <testcase name="test00463" classname="RegressionTest0" time="0.001"/>
  <testcase name="test00464" classname="RegressionTest0" time="0"/>
  <testcase name="test00465" classname="RegressionTest0" time="0"/>
  <testcase name="test00466" classname="RegressionTest0" time="0"/>
  <testcase name="test00467" classname="RegressionTest0" time="0"/>
  <testcase name="test00468" classname="RegressionTest0" time="0"/>
  <testcase name="test00469" classname="RegressionTest0" time="0">
    <failure message="&apos;true&apos; != &apos;false&apos; expected:&lt;true&gt; but was:&lt;false&gt;" type="java.lang.AssertionError"><![CDATA[java.lang.AssertionError: 'true' != 'false' expected:<true> but was:<false>
	at RegressionTest0.test00469(RegressionTest0.java:3761)
]]></failure>
  </testcase>
  <testcase name="test00470" classname="RegressionTest0" time="0"/>
  <testcase name="test00471" classname="RegressionTest0" time="0"/>
  <testcase name="test00472" classname="RegressionTest0" time="0"/>
  <testcase name="test00473" classname="RegressionTest0" time="0"/>
  <testcase name="test00474" classname="RegressionTest0" time="0"/>
  <testcase name="test00475" classname="RegressionTest0" time="0"/>
  <testcase name="test00476" classname="RegressionTest0" time="0"/>
  <testcase name="test00477" classname="RegressionTest0" time="0"/>
  <testcase name="test00478" classname="RegressionTest0" time="0"/>
  <testcase name="test00479" classname="RegressionTest0" time="0"/>
  <testcase name="test00480" classname="RegressionTest0" time="0">
    <failure message="&apos;true&apos; != &apos;false&apos; expected:&lt;true&gt; but was:&lt;false&gt;" type="java.lang.AssertionError"><![CDATA[java.lang.AssertionError: 'true' != 'false' expected:<true> but was:<false>
	at RegressionTest0.test00480(RegressionTest0.java:3849)
]]></failure>
  </testcase>
  <testcase name="test00481" classname="RegressionTest0" time="0"/>
  <testcase name="test00482" classname="RegressionTest0" time="0"/>
  <testcase name="test00483" classname="RegressionTest0" time="0">
    <failure message="&apos;true&apos; != &apos;false&apos; expected:&lt;true&gt; but was:&lt;false&gt;" type="java.lang.AssertionError"><![CDATA[java.lang.AssertionError: 'true' != 'false' expected:<true> but was:<false>
	at RegressionTest0.test00483(RegressionTest0.java:3873)
]]></failure>
  </testcase>
  <testcase name="test00484" classname="RegressionTest0" time="0"/>
  <testcase name="test00485" classname="RegressionTest0" time="0"/>
  <testcase name="test00486" classname="RegressionTest0" time="0"/>
  <testcase name="test00487" classname="RegressionTest0" time="0"/>
  <testcase name="test00488" classname="RegressionTest0" time="0"/>
  <testcase name="test00489" classname="RegressionTest0" time="0"/>
  <testcase name="test00490" classname="RegressionTest0" time="0"/>
  <testcase name="test00491" classname="RegressionTest0" time="0"/>
  <testcase name="test00492" classname="RegressionTest0" time="0">
    <failure message="&apos;true&apos; != &apos;false&apos; expected:&lt;true&gt; but was:&lt;false&gt;" type="java.lang.AssertionError"><![CDATA[java.lang.AssertionError: 'true' != 'false' expected:<true> but was:<false>
	at RegressionTest0.test00492(RegressionTest0.java:3945)
]]></failure>
  </testcase>
  <testcase name="test00493" classname="RegressionTest0" time="0.001"/>
  <testcase name="test00494" classname="RegressionTest0" time="0"/>
  <testcase name="test00495" classname="RegressionTest0" time="0"/>
  <testcase name="test00496" classname="RegressionTest0" time="0"/>
  <testcase name="test00497" classname="RegressionTest0" time="0"/>
  <testcase name="test00498" classname="RegressionTest0" time="0"/>
  <testcase name="test00499" classname="RegressionTest0" time="0"/>
  <testcase name="test00500" classname="RegressionTest0" time="0"/>
  <testcase name="test00501" classname="RegressionTest1" time="0"/>
  <testcase name="test00502" classname="RegressionTest1" time="0"/>
  <testcase name="test00503" classname="RegressionTest1" time="0"/>
  <testcase name="test00504" classname="RegressionTest1" time="0"/>
  <testcase name="test00505" classname="RegressionTest1" time="0"/>
  <testcase name="test00506" classname="RegressionTest1" time="0"/>
  <testcase name="test00507" classname="RegressionTest1" time="0"/>
  <testcase name="test00508" classname="RegressionTest1" time="0"/>
  <testcase name="test00509" classname="RegressionTest1" time="0"/>
  <testcase name="test00510" classname="RegressionTest1" time="0"/>
  <testcase name="test00511" classname="RegressionTest1" time="0"/>
  <testcase name="test00512" classname="RegressionTest1" time="0"/>
  <testcase name="test00513" classname="RegressionTest1" time="0"/>
  <testcase name="test00514" classname="RegressionTest1" time="0"/>
  <testcase name="test00515" classname="RegressionTest1" time="0"/>
  <testcase name="test00516" classname="RegressionTest1" time="0"/>
  <testcase name="test00517" classname="RegressionTest1" time="0"/>
  <testcase name="test00518" classname="RegressionTest1" time="0.001">
    <failure message="&apos;true&apos; != &apos;false&apos; expected:&lt;true&gt; but was:&lt;false&gt;" type="java.lang.AssertionError"><![CDATA[java.lang.AssertionError: 'true' != 'false' expected:<true> but was:<false>
	at RegressionTest1.test00518(RegressionTest1.java:151)
]]></failure>
  </testcase>
  <testcase name="test00519" classname="RegressionTest1" time="0"/>
  <testcase name="test00520" classname="RegressionTest1" time="0"/>
  <testcase name="test00521" classname="RegressionTest1" time="0"/>
  <testcase name="test00522" classname="RegressionTest1" time="0"/>
  <testcase name="test00523" classname="RegressionTest1" time="0"/>
  <testcase name="test00524" classname="RegressionTest1" time="0"/>
  <testcase name="test00525" classname="RegressionTest1" time="0"/>
  <testcase name="test00526" classname="RegressionTest1" time="0"/>
  <testcase name="test00527" classname="RegressionTest1" time="0"/>
  <testcase name="test00528" classname="RegressionTest1" time="0"/>
  <testcase name="test00529" classname="RegressionTest1" time="0"/>
  <testcase name="test00530" classname="RegressionTest1" time="0"/>
  <testcase name="test00531" classname="RegressionTest1" time="0"/>
  <testcase name="test00532" classname="RegressionTest1" time="0"/>
  <testcase name="test00533" classname="RegressionTest1" time="0">
    <failure message="&apos;true&apos; != &apos;false&apos; expected:&lt;true&gt; but was:&lt;false&gt;" type="java.lang.AssertionError"><![CDATA[java.lang.AssertionError: 'true' != 'false' expected:<true> but was:<false>
	at RegressionTest1.test00533(RegressionTest1.java:271)
]]></failure>
  </testcase>
  <testcase name="test00534" classname="RegressionTest1" time="0"/>
  <testcase name="test00535" classname="RegressionTest1" time="0"/>
  <testcase name="test00536" classname="RegressionTest1" time="0.001"/>
  <testcase name="test00537" classname="RegressionTest1" time="0">
    <failure message="&apos;true&apos; != &apos;false&apos; expected:&lt;true&gt; but was:&lt;false&gt;" type="java.lang.AssertionError"><![CDATA[java.lang.AssertionError: 'true' != 'false' expected:<true> but was:<false>
	at RegressionTest1.test00537(RegressionTest1.java:303)
]]></failure>
  </testcase>
  <testcase name="test00538" classname="RegressionTest1" time="0"/>
  <testcase name="test00539" classname="RegressionTest1" time="0"/>
  <testcase name="test00540" classname="RegressionTest1" time="0"/>
  <testcase name="test00541" classname="RegressionTest1" time="0">
    <failure message="&apos;true&apos; != &apos;false&apos; expected:&lt;true&gt; but was:&lt;false&gt;" type="java.lang.AssertionError"><![CDATA[java.lang.AssertionError: 'true' != 'false' expected:<true> but was:<false>
	at RegressionTest1.test00541(RegressionTest1.java:335)
]]></failure>
  </testcase>
  <testcase name="test00542" classname="RegressionTest1" time="0"/>
  <testcase name="test00543" classname="RegressionTest1" time="0"/>
  <testcase name="test00544" classname="RegressionTest1" time="0"/>
  <testcase name="test00545" classname="RegressionTest1" time="0"/>
  <testcase name="test00546" classname="RegressionTest1" time="0"/>
  <testcase name="test00547" classname="RegressionTest1" time="0"/>
  <testcase name="test00548" classname="RegressionTest1" time="0"/>
  <testcase name="test00549" classname="RegressionTest1" time="0"/>
  <testcase name="test00550" classname="RegressionTest1" time="0"/>
  <testcase name="test00551" classname="RegressionTest1" time="0"/>
  <testcase name="test00552" classname="RegressionTest1" time="0"/>
  <testcase name="test00553" classname="RegressionTest1" time="0"/>
  <testcase name="test00554" classname="RegressionTest1" time="0"/>
  <testcase name="test00555" classname="RegressionTest1" time="0"/>
  <testcase name="test00556" classname="RegressionTest1" time="0.001"/>
  <testcase name="test00557" classname="RegressionTest1" time="0"/>
  <testcase name="test00558" classname="RegressionTest1" time="0"/>
  <testcase name="test00559" classname="RegressionTest1" time="0"/>
  <testcase name="test00560" classname="RegressionTest1" time="0"/>
  <testcase name="test00561" classname="RegressionTest1" time="0"/>
  <testcase name="test00562" classname="RegressionTest1" time="0"/>
  <testcase name="test00563" classname="RegressionTest1" time="0"/>
  <testcase name="test00564" classname="RegressionTest1" time="0"/>
  <testcase name="test00565" classname="RegressionTest1" time="0"/>
  <testcase name="test00566" classname="RegressionTest1" time="0"/>
  <testcase name="test00567" classname="RegressionTest1" time="0"/>
  <testcase name="test00568" classname="RegressionTest1" time="0"/>
  <testcase name="test00569" classname="RegressionTest1" time="0"/>
  <testcase name="test00570" classname="RegressionTest1" time="0"/>
  <testcase name="test00571" classname="RegressionTest1" time="0"/>
  <testcase name="test00572" classname="RegressionTest1" time="0"/>
  <testcase name="test00573" classname="RegressionTest1" time="0"/>
  <testcase name="test00574" classname="RegressionTest1" time="0"/>
  <testcase name="test00575" classname="RegressionTest1" time="0"/>
  <testcase name="test00576" classname="RegressionTest1" time="0"/>
  <testcase name="test00577" classname="RegressionTest1" time="0.001"/>
  <testcase name="test00578" classname="RegressionTest1" time="0"/>
  <testcase name="test00579" classname="RegressionTest1" time="0"/>
  <testcase name="test00580" classname="RegressionTest1" time="0"/>
  <testcase name="test00581" classname="RegressionTest1" time="0"/>
  <testcase name="test00582" classname="RegressionTest1" time="0"/>
  <testcase name="test00583" classname="RegressionTest1" time="0"/>
  <testcase name="test00584" classname="RegressionTest1" time="0"/>
  <testcase name="test00585" classname="RegressionTest1" time="0"/>
  <testcase name="test00586" classname="RegressionTest1" time="0"/>
  <testcase name="test00587" classname="RegressionTest1" time="0"/>
  <testcase name="test00588" classname="RegressionTest1" time="0"/>
  <testcase name="test00589" classname="RegressionTest1" time="0">
    <failure message="&apos;true&apos; != &apos;false&apos; expected:&lt;true&gt; but was:&lt;false&gt;" type="java.lang.AssertionError"><![CDATA[java.lang.AssertionError: 'true' != 'false' expected:<true> but was:<false>
	at RegressionTest1.test00589(RegressionTest1.java:719)
]]></failure>
  </testcase>
  <testcase name="test00590" classname="RegressionTest1" time="0"/>
  <testcase name="test00591" classname="RegressionTest1" time="0"/>
  <testcase name="test00592" classname="RegressionTest1" time="0"/>
  <testcase name="test00593" classname="RegressionTest1" time="0.001"/>
  <testcase name="test00594" classname="RegressionTest1" time="0"/>
  <testcase name="test00595" classname="RegressionTest1" time="0"/>
  <testcase name="test00596" classname="RegressionTest1" time="0">
    <failure message="&apos;true&apos; != &apos;false&apos; expected:&lt;true&gt; but was:&lt;false&gt;" type="java.lang.AssertionError"><![CDATA[java.lang.AssertionError: 'true' != 'false' expected:<true> but was:<false>
	at RegressionTest1.test00596(RegressionTest1.java:775)
]]></failure>
  </testcase>
  <testcase name="test00597" classname="RegressionTest1" time="0"/>
  <testcase name="test00598" classname="RegressionTest1" time="0"/>
  <testcase name="test00599" classname="RegressionTest1" time="0"/>
  <testcase name="test00600" classname="RegressionTest1" time="0"/>
  <testcase name="test00601" classname="RegressionTest1" time="0"/>
  <testcase name="test00602" classname="RegressionTest1" time="0"/>
  <testcase name="test00603" classname="RegressionTest1" time="0.001"/>
  <testcase name="test00604" classname="RegressionTest1" time="0">
    <failure message="&apos;true&apos; != &apos;false&apos; expected:&lt;true&gt; but was:&lt;false&gt;" type="java.lang.AssertionError"><![CDATA[java.lang.AssertionError: 'true' != 'false' expected:<true> but was:<false>
	at RegressionTest1.test00604(RegressionTest1.java:839)
]]></failure>
  </testcase>
  <testcase name="test00605" classname="RegressionTest1" time="0"/>
  <testcase name="test00606" classname="RegressionTest1" time="0"/>
  <testcase name="test00607" classname="RegressionTest1" time="0"/>
  <testcase name="test00608" classname="RegressionTest1" time="0"/>
  <testcase name="test00609" classname="RegressionTest1" time="0"/>
  <testcase name="test00610" classname="RegressionTest1" time="0"/>
  <testcase name="test00611" classname="RegressionTest1" time="0"/>
  <testcase name="test00612" classname="RegressionTest1" time="0"/>
  <testcase name="test00613" classname="RegressionTest1" time="0"/>
  <testcase name="test00614" classname="RegressionTest1" time="0"/>
  <testcase name="test00615" classname="RegressionTest1" time="0"/>
  <testcase name="test00616" classname="RegressionTest1" time="0"/>
  <testcase name="test00617" classname="RegressionTest1" time="0"/>
  <testcase name="test00618" classname="RegressionTest1" time="0"/>
  <testcase name="test00619" classname="RegressionTest1" time="0"/>
  <testcase name="test00620" classname="RegressionTest1" time="0"/>
  <testcase name="test00621" classname="RegressionTest1" time="0"/>
  <testcase name="test00622" classname="RegressionTest1" time="0"/>
  <testcase name="test00623" classname="RegressionTest1" time="0">
    <failure message="&apos;true&apos; != &apos;false&apos; expected:&lt;true&gt; but was:&lt;false&gt;" type="java.lang.AssertionError"><![CDATA[java.lang.AssertionError: 'true' != 'false' expected:<true> but was:<false>
	at RegressionTest1.test00623(RegressionTest1.java:991)
]]></failure>
  </testcase>
  <testcase name="test00624" classname="RegressionTest1" time="0"/>
  <testcase name="test00625" classname="RegressionTest1" time="0"/>
  <testcase name="test00626" classname="RegressionTest1" time="0"/>
  <testcase name="test00627" classname="RegressionTest1" time="0.001"/>
  <testcase name="test00628" classname="RegressionTest1" time="0"/>
  <testcase name="test00629" classname="RegressionTest1" time="0"/>
  <testcase name="test00630" classname="RegressionTest1" time="0">
    <failure message="&apos;true&apos; != &apos;false&apos; expected:&lt;true&gt; but was:&lt;false&gt;" type="java.lang.AssertionError"><![CDATA[java.lang.AssertionError: 'true' != 'false' expected:<true> but was:<false>
	at RegressionTest1.test00630(RegressionTest1.java:1047)
]]></failure>
  </testcase>
  <testcase name="test00631" classname="RegressionTest1" time="0"/>
  <testcase name="test00632" classname="RegressionTest1" time="0"/>
  <testcase name="test00633" classname="RegressionTest1" time="0"/>
  <testcase name="test00634" classname="RegressionTest1" time="0"/>
  <testcase name="test00635" classname="RegressionTest1" time="0"/>
  <testcase name="test00636" classname="RegressionTest1" time="0"/>
  <testcase name="test00637" classname="RegressionTest1" time="0"/>
  <testcase name="test00638" classname="RegressionTest1" time="0"/>
  <testcase name="test00639" classname="RegressionTest1" time="0"/>
  <testcase name="test00640" classname="RegressionTest1" time="0"/>
  <testcase name="test00641" classname="RegressionTest1" time="0"/>
  <testcase name="test00642" classname="RegressionTest1" time="0"/>
  <testcase name="test00643" classname="RegressionTest1" time="0"/>
  <testcase name="test00644" classname="RegressionTest1" time="0"/>
  <testcase name="test00645" classname="RegressionTest1" time="0"/>
  <testcase name="test00646" classname="RegressionTest1" time="0"/>
  <testcase name="test00647" classname="RegressionTest1" time="0"/>
  <testcase name="test00648" classname="RegressionTest1" time="0"/>
  <testcase name="test00649" classname="RegressionTest1" time="0"/>
  <testcase name="test00650" classname="RegressionTest1" time="0.001">
    <failure message="&apos;true&apos; != &apos;false&apos; expected:&lt;true&gt; but was:&lt;false&gt;" type="java.lang.AssertionError"><![CDATA[java.lang.AssertionError: 'true' != 'false' expected:<true> but was:<false>
	at RegressionTest1.test00650(RegressionTest1.java:1207)
]]></failure>
  </testcase>
  <testcase name="test00651" classname="RegressionTest1" time="0"/>
  <testcase name="test00652" classname="RegressionTest1" time="0"/>
  <testcase name="test00653" classname="RegressionTest1" time="0"/>
  <testcase name="test00654" classname="RegressionTest1" time="0"/>
  <testcase name="test00655" classname="RegressionTest1" time="0"/>
  <testcase name="test00656" classname="RegressionTest1" time="0"/>
  <testcase name="test00657" classname="RegressionTest1" time="0"/>
  <testcase name="test00658" classname="RegressionTest1" time="0"/>
  <testcase name="test00659" classname="RegressionTest1" time="0"/>
  <testcase name="test00660" classname="RegressionTest1" time="0"/>
  <testcase name="test00661" classname="RegressionTest1" time="0"/>
  <testcase name="test00662" classname="RegressionTest1" time="0"/>
  <testcase name="test00663" classname="RegressionTest1" time="0"/>
  <testcase name="test00664" classname="RegressionTest1" time="0"/>
  <testcase name="test00665" classname="RegressionTest1" time="0"/>
  <testcase name="test00666" classname="RegressionTest1" time="0"/>
  <testcase name="test00667" classname="RegressionTest1" time="0"/>
  <testcase name="test00668" classname="RegressionTest1" time="0"/>
  <testcase name="test00669" classname="RegressionTest1" time="0"/>
  <testcase name="test00670" classname="RegressionTest1" time="0.001">
    <failure message="&apos;true&apos; != &apos;false&apos; expected:&lt;true&gt; but was:&lt;false&gt;" type="java.lang.AssertionError"><![CDATA[java.lang.AssertionError: 'true' != 'false' expected:<true> but was:<false>
	at RegressionTest1.test00670(RegressionTest1.java:1367)
]]></failure>
  </testcase>
  <testcase name="test00671" classname="RegressionTest1" time="0"/>
  <testcase name="test00672" classname="RegressionTest1" time="0"/>
  <testcase name="test00673" classname="RegressionTest1" time="0"/>
  <testcase name="test00674" classname="RegressionTest1" time="0"/>
  <testcase name="test00675" classname="RegressionTest1" time="0"/>
  <testcase name="test00676" classname="RegressionTest1" time="0"/>
  <testcase name="test00677" classname="RegressionTest1" time="0"/>
  <testcase name="test00678" classname="RegressionTest1" time="0"/>
  <testcase name="test00679" classname="RegressionTest1" time="0"/>
  <testcase name="test00680" classname="RegressionTest1" time="0"/>
  <testcase name="test00681" classname="RegressionTest1" time="0"/>
  <testcase name="test00682" classname="RegressionTest1" time="0">
    <failure message="&apos;true&apos; != &apos;false&apos; expected:&lt;true&gt; but was:&lt;false&gt;" type="java.lang.AssertionError"><![CDATA[java.lang.AssertionError: 'true' != 'false' expected:<true> but was:<false>
	at RegressionTest1.test00682(RegressionTest1.java:1463)
]]></failure>
  </testcase>
  <testcase name="test00683" classname="RegressionTest1" time="0"/>
  <testcase name="test00684" classname="RegressionTest1" time="0"/>
  <testcase name="test00685" classname="RegressionTest1" time="0"/>
  <testcase name="test00686" classname="RegressionTest1" time="0"/>
  <testcase name="test00687" classname="RegressionTest1" time="0"/>
  <testcase name="test00688" classname="RegressionTest1" time="0"/>
  <testcase name="test00689" classname="RegressionTest1" time="0"/>
  <testcase name="test00690" classname="RegressionTest1" time="0"/>
  <testcase name="test00691" classname="RegressionTest1" time="0"/>
  <testcase name="test00692" classname="RegressionTest1" time="0"/>
  <testcase name="test00693" classname="RegressionTest1" time="0"/>
  <testcase name="test00694" classname="RegressionTest1" time="0.001"/>
  <testcase name="test00695" classname="RegressionTest1" time="0"/>
  <testcase name="test00696" classname="RegressionTest1" time="0"/>
  <testcase name="test00697" classname="RegressionTest1" time="0"/>
  <testcase name="test00698" classname="RegressionTest1" time="0"/>
  <testcase name="test00699" classname="RegressionTest1" time="0">
    <failure message="&apos;true&apos; != &apos;false&apos; expected:&lt;true&gt; but was:&lt;false&gt;" type="java.lang.AssertionError"><![CDATA[java.lang.AssertionError: 'true' != 'false' expected:<true> but was:<false>
	at RegressionTest1.test00699(RegressionTest1.java:1599)
]]></failure>
  </testcase>
  <testcase name="test00700" classname="RegressionTest1" time="0"/>
  <testcase name="test00701" classname="RegressionTest1" time="0"/>
  <testcase name="test00702" classname="RegressionTest1" time="0">
    <failure message="&apos;true&apos; != &apos;false&apos; expected:&lt;true&gt; but was:&lt;false&gt;" type="java.lang.AssertionError"><![CDATA[java.lang.AssertionError: 'true' != 'false' expected:<true> but was:<false>
	at RegressionTest1.test00702(RegressionTest1.java:1623)
]]></failure>
  </testcase>
  <testcase name="test00703" classname="RegressionTest1" time="0"/>
  <testcase name="test00704" classname="RegressionTest1" time="0"/>
  <testcase name="test00705" classname="RegressionTest1" time="0"/>
  <testcase name="test00706" classname="RegressionTest1" time="0"/>
  <testcase name="test00707" classname="RegressionTest1" time="0"/>
  <testcase name="test00708" classname="RegressionTest1" time="0"/>
  <testcase name="test00709" classname="RegressionTest1" time="0"/>
  <testcase name="test00710" classname="RegressionTest1" time="0"/>
  <testcase name="test00711" classname="RegressionTest1" time="0"/>
  <testcase name="test00712" classname="RegressionTest1" time="0"/>
  <testcase name="test00713" classname="RegressionTest1" time="0"/>
  <testcase name="test00714" classname="RegressionTest1" time="0"/>
  <testcase name="test00715" classname="RegressionTest1" time="0"/>
  <testcase name="test00716" classname="RegressionTest1" time="0"/>
  <testcase name="test00717" classname="RegressionTest1" time="0"/>
  <testcase name="test00718" classname="RegressionTest1" time="0"/>
  <testcase name="test00719" classname="RegressionTest1" time="0"/>
  <testcase name="test00720" classname="RegressionTest1" time="0.001">
    <failure message="&apos;true&apos; != &apos;false&apos; expected:&lt;true&gt; but was:&lt;false&gt;" type="java.lang.AssertionError"><![CDATA[java.lang.AssertionError: 'true' != 'false' expected:<true> but was:<false>
	at RegressionTest1.test00720(RegressionTest1.java:1767)
]]></failure>
  </testcase>
  <testcase name="test00721" classname="RegressionTest1" time="0"/>
  <testcase name="test00722" classname="RegressionTest1" time="0"/>
  <testcase name="test00723" classname="RegressionTest1" time="0"/>
  <testcase name="test00724" classname="RegressionTest1" time="0">
    <failure message="&apos;true&apos; != &apos;false&apos; expected:&lt;true&gt; but was:&lt;false&gt;" type="java.lang.AssertionError"><![CDATA[java.lang.AssertionError: 'true' != 'false' expected:<true> but was:<false>
	at RegressionTest1.test00724(RegressionTest1.java:1799)
]]></failure>
  </testcase>
  <testcase name="test00725" classname="RegressionTest1" time="0"/>
  <testcase name="test00726" classname="RegressionTest1" time="0"/>
  <testcase name="test00727" classname="RegressionTest1" time="0"/>
  <testcase name="test00728" classname="RegressionTest1" time="0"/>
  <testcase name="test00729" classname="RegressionTest1" time="0"/>
  <testcase name="test00730" classname="RegressionTest1" time="0"/>
  <testcase name="test00731" classname="RegressionTest1" time="0"/>
  <testcase name="test00732" classname="RegressionTest1" time="0"/>
  <testcase name="test00733" classname="RegressionTest1" time="0"/>
  <testcase name="test00734" classname="RegressionTest1" time="0"/>
  <testcase name="test00735" classname="RegressionTest1" time="0"/>
  <testcase name="test00736" classname="RegressionTest1" time="0"/>
  <testcase name="test00737" classname="RegressionTest1" time="0"/>
  <testcase name="test00738" classname="RegressionTest1" time="0"/>
  <testcase name="test00739" classname="RegressionTest1" time="0"/>
  <testcase name="test00740" classname="RegressionTest1" time="0"/>
  <testcase name="test00741" classname="RegressionTest1" time="0"/>
  <testcase name="test00742" classname="RegressionTest1" time="0"/>
  <testcase name="test00743" classname="RegressionTest1" time="0"/>
  <testcase name="test00744" classname="RegressionTest1" time="0"/>
  <testcase name="test00745" classname="RegressionTest1" time="0"/>
  <testcase name="test00746" classname="RegressionTest1" time="0"/>
  <testcase name="test00747" classname="RegressionTest1" time="0.001"/>
  <testcase name="test00748" classname="RegressionTest1" time="0"/>
  <testcase name="test00749" classname="RegressionTest1" time="0"/>
  <testcase name="test00750" classname="RegressionTest1" time="0"/>
  <testcase name="test00751" classname="RegressionTest1" time="0"/>
  <testcase name="test00752" classname="RegressionTest1" time="0"/>
  <testcase name="test00753" classname="RegressionTest1" time="0"/>
  <testcase name="test00754" classname="RegressionTest1" time="0"/>
  <testcase name="test00755" classname="RegressionTest1" time="0"/>
  <testcase name="test00756" classname="RegressionTest1" time="0"/>
  <testcase name="test00757" classname="RegressionTest1" time="0"/>
  <testcase name="test00758" classname="RegressionTest1" time="0"/>
  <testcase name="test00759" classname="RegressionTest1" time="0"/>
  <testcase name="test00760" classname="RegressionTest1" time="0"/>
  <testcase name="test00761" classname="RegressionTest1" time="0"/>
  <testcase name="test00762" classname="RegressionTest1" time="0"/>
  <testcase name="test00763" classname="RegressionTest1" time="0"/>
  <testcase name="test00764" classname="RegressionTest1" time="0"/>
  <testcase name="test00765" classname="RegressionTest1" time="0"/>
  <testcase name="test00766" classname="RegressionTest1" time="0"/>
  <testcase name="test00767" classname="RegressionTest1" time="0"/>
  <testcase name="test00768" classname="RegressionTest1" time="0"/>
  <testcase name="test00769" classname="RegressionTest1" time="0"/>
  <testcase name="test00770" classname="RegressionTest1" time="0"/>
  <testcase name="test00771" classname="RegressionTest1" time="0"/>
  <testcase name="test00772" classname="RegressionTest1" time="0"/>
  <testcase name="test00773" classname="RegressionTest1" time="0"/>
  <testcase name="test00774" classname="RegressionTest1" time="0"/>
  <testcase name="test00775" classname="RegressionTest1" time="0"/>
  <testcase name="test00776" classname="RegressionTest1" time="0"/>
  <testcase name="test00777" classname="RegressionTest1" time="0">
    <failure message="&apos;true&apos; != &apos;false&apos; expected:&lt;true&gt; but was:&lt;false&gt;" type="java.lang.AssertionError"><![CDATA[java.lang.AssertionError: 'true' != 'false' expected:<true> but was:<false>
	at RegressionTest1.test00777(RegressionTest1.java:2223)
]]></failure>
  </testcase>
  <testcase name="test00778" classname="RegressionTest1" time="0"/>
  <testcase name="test00779" classname="RegressionTest1" time="0"/>
  <testcase name="test00780" classname="RegressionTest1" time="0"/>
  <testcase name="test00781" classname="RegressionTest1" time="0"/>
  <testcase name="test00782" classname="RegressionTest1" time="0"/>
  <testcase name="test00783" classname="RegressionTest1" time="0"/>
  <testcase name="test00784" classname="RegressionTest1" time="0"/>
  <testcase name="test00785" classname="RegressionTest1" time="0"/>
  <testcase name="test00786" classname="RegressionTest1" time="0"/>
  <testcase name="test00787" classname="RegressionTest1" time="0"/>
  <testcase name="test00788" classname="RegressionTest1" time="0"/>
  <testcase name="test00789" classname="RegressionTest1" time="0"/>
  <testcase name="test00790" classname="RegressionTest1" time="0"/>
  <testcase name="test00791" classname="RegressionTest1" time="0"/>
  <testcase name="test00792" classname="RegressionTest1" time="0"/>
  <testcase name="test00793" classname="RegressionTest1" time="0"/>
  <testcase name="test00794" classname="RegressionTest1" time="0"/>
  <testcase name="test00795" classname="RegressionTest1" time="0"/>
  <testcase name="test00796" classname="RegressionTest1" time="0"/>
  <testcase name="test00797" classname="RegressionTest1" time="0"/>
  <testcase name="test00798" classname="RegressionTest1" time="0"/>
  <testcase name="test00799" classname="RegressionTest1" time="0"/>
  <testcase name="test00800" classname="RegressionTest1" time="0"/>
  <testcase name="test00801" classname="RegressionTest1" time="0"/>
  <testcase name="test00802" classname="RegressionTest1" time="0"/>
  <testcase name="test00803" classname="RegressionTest1" time="0"/>
  <testcase name="test00804" classname="RegressionTest1" time="0"/>
  <testcase name="test00805" classname="RegressionTest1" time="0"/>
  <testcase name="test00806" classname="RegressionTest1" time="0"/>
  <testcase name="test00807" classname="RegressionTest1" time="0"/>
  <testcase name="test00808" classname="RegressionTest1" time="0"/>
  <testcase name="test00809" classname="RegressionTest1" time="0"/>
  <testcase name="test00810" classname="RegressionTest1" time="0"/>
  <testcase name="test00811" classname="RegressionTest1" time="0"/>
  <testcase name="test00812" classname="RegressionTest1" time="0"/>
  <testcase name="test00813" classname="RegressionTest1" time="0"/>
  <testcase name="test00814" classname="RegressionTest1" time="0"/>
  <testcase name="test00815" classname="RegressionTest1" time="0"/>
  <testcase name="test00816" classname="RegressionTest1" time="0"/>
  <testcase name="test00817" classname="RegressionTest1" time="0"/>
  <testcase name="test00818" classname="RegressionTest1" time="0">
    <failure message="&apos;true&apos; != &apos;false&apos; expected:&lt;true&gt; but was:&lt;false&gt;" type="java.lang.AssertionError"><![CDATA[java.lang.AssertionError: 'true' != 'false' expected:<true> but was:<false>
	at RegressionTest1.test00818(RegressionTest1.java:2551)
]]></failure>
  </testcase>
  <testcase name="test00819" classname="RegressionTest1" time="0"/>
  <testcase name="test00820" classname="RegressionTest1" time="0"/>
  <testcase name="test00821" classname="RegressionTest1" time="0"/>
  <testcase name="test00822" classname="RegressionTest1" time="0"/>
  <testcase name="test00823" classname="RegressionTest1" time="0"/>
  <testcase name="test00824" classname="RegressionTest1" time="0"/>
  <testcase name="test00825" classname="RegressionTest1" time="0"/>
  <testcase name="test00826" classname="RegressionTest1" time="0"/>
  <testcase name="test00827" classname="RegressionTest1" time="0"/>
  <testcase name="test00828" classname="RegressionTest1" time="0">
    <failure message="&apos;true&apos; != &apos;false&apos; expected:&lt;true&gt; but was:&lt;false&gt;" type="java.lang.AssertionError"><![CDATA[java.lang.AssertionError: 'true' != 'false' expected:<true> but was:<false>
	at RegressionTest1.test00828(RegressionTest1.java:2631)
]]></failure>
  </testcase>
  <testcase name="test00829" classname="RegressionTest1" time="0"/>
  <testcase name="test00830" classname="RegressionTest1" time="0"/>
  <testcase name="test00831" classname="RegressionTest1" time="0"/>
  <testcase name="test00832" classname="RegressionTest1" time="0"/>
  <testcase name="test00833" classname="RegressionTest1" time="0"/>
  <testcase name="test00834" classname="RegressionTest1" time="0"/>
  <testcase name="test00835" classname="RegressionTest1" time="0">
    <failure message="&apos;true&apos; != &apos;false&apos; expected:&lt;true&gt; but was:&lt;false&gt;" type="java.lang.AssertionError"><![CDATA[java.lang.AssertionError: 'true' != 'false' expected:<true> but was:<false>
	at RegressionTest1.test00835(RegressionTest1.java:2687)
]]></failure>
  </testcase>
  <testcase name="test00836" classname="RegressionTest1" time="0">
    <failure message="&apos;true&apos; != &apos;false&apos; expected:&lt;true&gt; but was:&lt;false&gt;" type="java.lang.AssertionError"><![CDATA[java.lang.AssertionError: 'true' != 'false' expected:<true> but was:<false>
	at RegressionTest1.test00836(RegressionTest1.java:2695)
]]></failure>
  </testcase>
  <testcase name="test00837" classname="RegressionTest1" time="0"/>
  <testcase name="test00838" classname="RegressionTest1" time="0"/>
  <testcase name="test00839" classname="RegressionTest1" time="0"/>
  <testcase name="test00840" classname="RegressionTest1" time="0"/>
  <testcase name="test00841" classname="RegressionTest1" time="0"/>
  <testcase name="test00842" classname="RegressionTest1" time="0">
    <failure message="&apos;true&apos; != &apos;false&apos; expected:&lt;true&gt; but was:&lt;false&gt;" type="java.lang.AssertionError"><![CDATA[java.lang.AssertionError: 'true' != 'false' expected:<true> but was:<false>
	at RegressionTest1.test00842(RegressionTest1.java:2743)
]]></failure>
  </testcase>
  <testcase name="test00843" classname="RegressionTest1" time="0"/>
  <testcase name="test00844" classname="RegressionTest1" time="0"/>
  <testcase name="test00845" classname="RegressionTest1" time="0"/>
  <testcase name="test00846" classname="RegressionTest1" time="0"/>
  <testcase name="test00847" classname="RegressionTest1" time="0"/>
  <testcase name="test00848" classname="RegressionTest1" time="0"/>
  <testcase name="test00849" classname="RegressionTest1" time="0"/>
  <testcase name="test00850" classname="RegressionTest1" time="0"/>
  <testcase name="test00851" classname="RegressionTest1" time="0"/>
  <testcase name="test00852" classname="RegressionTest1" time="0"/>
  <testcase name="test00853" classname="RegressionTest1" time="0">
    <failure message="&apos;true&apos; != &apos;false&apos; expected:&lt;true&gt; but was:&lt;false&gt;" type="java.lang.AssertionError"><![CDATA[java.lang.AssertionError: 'true' != 'false' expected:<true> but was:<false>
	at RegressionTest1.test00853(RegressionTest1.java:2831)
]]></failure>
  </testcase>
  <testcase name="test00854" classname="RegressionTest1" time="0"/>
  <testcase name="test00855" classname="RegressionTest1" time="0"/>
  <testcase name="test00856" classname="RegressionTest1" time="0"/>
  <testcase name="test00857" classname="RegressionTest1" time="0">
    <failure message="&apos;true&apos; != &apos;false&apos; expected:&lt;true&gt; but was:&lt;false&gt;" type="java.lang.AssertionError"><![CDATA[java.lang.AssertionError: 'true' != 'false' expected:<true> but was:<false>
	at RegressionTest1.test00857(RegressionTest1.java:2863)
]]></failure>
  </testcase>
  <testcase name="test00858" classname="RegressionTest1" time="0"/>
  <testcase name="test00859" classname="RegressionTest1" time="0"/>
  <testcase name="test00860" classname="RegressionTest1" time="0"/>
  <testcase name="test00861" classname="RegressionTest1" time="0"/>
  <testcase name="test00862" classname="RegressionTest1" time="0"/>
  <testcase name="test00863" classname="RegressionTest1" time="0">
    <failure message="&apos;true&apos; != &apos;false&apos; expected:&lt;true&gt; but was:&lt;false&gt;" type="java.lang.AssertionError"><![CDATA[java.lang.AssertionError: 'true' != 'false' expected:<true> but was:<false>
	at RegressionTest1.test00863(RegressionTest1.java:2911)
]]></failure>
  </testcase>
  <testcase name="test00864" classname="RegressionTest1" time="0"/>
  <testcase name="test00865" classname="RegressionTest1" time="0">
    <failure message="&apos;true&apos; != &apos;false&apos; expected:&lt;true&gt; but was:&lt;false&gt;" type="java.lang.AssertionError"><![CDATA[java.lang.AssertionError: 'true' != 'false' expected:<true> but was:<false>
	at RegressionTest1.test00865(RegressionTest1.java:2927)
]]></failure>
  </testcase>
  <testcase name="test00866" classname="RegressionTest1" time="0"/>
  <testcase name="test00867" classname="RegressionTest1" time="0"/>
  <testcase name="test00868" classname="RegressionTest1" time="0"/>
  <testcase name="test00869" classname="RegressionTest1" time="0"/>
  <testcase name="test00870" classname="RegressionTest1" time="0"/>
  <testcase name="test00871" classname="RegressionTest1" time="0"/>
  <testcase name="test00872" classname="RegressionTest1" time="0"/>
  <testcase name="test00873" classname="RegressionTest1" time="0"/>
  <testcase name="test00874" classname="RegressionTest1" time="0"/>
  <testcase name="test00875" classname="RegressionTest1" time="0"/>
  <testcase name="test00876" classname="RegressionTest1" time="0"/>
  <testcase name="test00877" classname="RegressionTest1" time="0"/>
  <testcase name="test00878" classname="RegressionTest1" time="0"/>
  <testcase name="test00879" classname="RegressionTest1" time="0"/>
  <testcase name="test00880" classname="RegressionTest1" time="0"/>
  <testcase name="test00881" classname="RegressionTest1" time="0"/>
  <testcase name="test00882" classname="RegressionTest1" time="0"/>
  <testcase name="test00883" classname="RegressionTest1" time="0"/>
  <testcase name="test00884" classname="RegressionTest1" time="0"/>
  <testcase name="test00885" classname="RegressionTest1" time="0"/>
  <testcase name="test00886" classname="RegressionTest1" time="0"/>
  <testcase name="test00887" classname="RegressionTest1" time="0"/>
  <testcase name="test00888" classname="RegressionTest1" time="0"/>
  <testcase name="test00889" classname="RegressionTest1" time="0"/>
  <testcase name="test00890" classname="RegressionTest1" time="0"/>
  <testcase name="test00891" classname="RegressionTest1" time="0"/>
  <testcase name="test00892" classname="RegressionTest1" time="0"/>
  <testcase name="test00893" classname="RegressionTest1" time="0"/>
  <testcase name="test00894" classname="RegressionTest1" time="0"/>
  <testcase name="test00895" classname="RegressionTest1" time="0"/>
  <testcase name="test00896" classname="RegressionTest1" time="0"/>
  <testcase name="test00897" classname="RegressionTest1" time="0"/>
  <testcase name="test00898" classname="RegressionTest1" time="0"/>
  <testcase name="test00899" classname="RegressionTest1" time="0"/>
  <testcase name="test00900" classname="RegressionTest1" time="0"/>
  <testcase name="test00901" classname="RegressionTest1" time="0"/>
  <testcase name="test00902" classname="RegressionTest1" time="0"/>
  <testcase name="test00903" classname="RegressionTest1" time="0"/>
  <testcase name="test00904" classname="RegressionTest1" time="0"/>
  <testcase name="test00905" classname="RegressionTest1" time="0"/>
  <testcase name="test00906" classname="RegressionTest1" time="0"/>
  <testcase name="test00907" classname="RegressionTest1" time="0"/>
  <testcase name="test00908" classname="RegressionTest1" time="0"/>
  <testcase name="test00909" classname="RegressionTest1" time="0"/>
  <testcase name="test00910" classname="RegressionTest1" time="0"/>
  <testcase name="test00911" classname="RegressionTest1" time="0"/>
  <testcase name="test00912" classname="RegressionTest1" time="0"/>
  <testcase name="test00913" classname="RegressionTest1" time="0"/>
  <testcase name="test00914" classname="RegressionTest1" time="0"/>
  <testcase name="test00915" classname="RegressionTest1" time="0"/>
  <testcase name="test00916" classname="RegressionTest1" time="0"/>
  <testcase name="test00917" classname="RegressionTest1" time="0"/>
  <testcase name="test00918" classname="RegressionTest1" time="0"/>
  <testcase name="test00919" classname="RegressionTest1" time="0"/>
  <testcase name="test00920" classname="RegressionTest1" time="0">
    <failure message="&apos;true&apos; != &apos;false&apos; expected:&lt;true&gt; but was:&lt;false&gt;" type="java.lang.AssertionError"><![CDATA[java.lang.AssertionError: 'true' != 'false' expected:<true> but was:<false>
	at RegressionTest1.test00920(RegressionTest1.java:3367)
]]></failure>
  </testcase>
  <testcase name="test00921" classname="RegressionTest1" time="0"/>
  <testcase name="test00922" classname="RegressionTest1" time="0"/>
  <testcase name="test00923" classname="RegressionTest1" time="0"/>
  <testcase name="test00924" classname="RegressionTest1" time="0">
    <failure message="&apos;true&apos; != &apos;false&apos; expected:&lt;true&gt; but was:&lt;false&gt;" type="java.lang.AssertionError"><![CDATA[java.lang.AssertionError: 'true' != 'false' expected:<true> but was:<false>
	at RegressionTest1.test00924(RegressionTest1.java:3399)
]]></failure>
  </testcase>
  <testcase name="test00925" classname="RegressionTest1" time="0"/>
  <testcase name="test00926" classname="RegressionTest1" time="0"/>
  <testcase name="test00927" classname="RegressionTest1" time="0"/>
  <testcase name="test00928" classname="RegressionTest1" time="0"/>
  <testcase name="test00929" classname="RegressionTest1" time="0"/>
  <testcase name="test00930" classname="RegressionTest1" time="0"/>
  <testcase name="test00931" classname="RegressionTest1" time="0"/>
  <testcase name="test00932" classname="RegressionTest1" time="0"/>
  <testcase name="test00933" classname="RegressionTest1" time="0"/>
  <testcase name="test00934" classname="RegressionTest1" time="0">
    <failure message="&apos;true&apos; != &apos;false&apos; expected:&lt;true&gt; but was:&lt;false&gt;" type="java.lang.AssertionError"><![CDATA[java.lang.AssertionError: 'true' != 'false' expected:<true> but was:<false>
	at RegressionTest1.test00934(RegressionTest1.java:3479)
]]></failure>
  </testcase>
  <testcase name="test00935" classname="RegressionTest1" time="0"/>
  <testcase name="test00936" classname="RegressionTest1" time="0">
    <failure message="&apos;true&apos; != &apos;false&apos; expected:&lt;true&gt; but was:&lt;false&gt;" type="java.lang.AssertionError"><![CDATA[java.lang.AssertionError: 'true' != 'false' expected:<true> but was:<false>
	at RegressionTest1.test00936(RegressionTest1.java:3495)
]]></failure>
  </testcase>
  <testcase name="test00937" classname="RegressionTest1" time="0"/>
  <testcase name="test00938" classname="RegressionTest1" time="0"/>
  <testcase name="test00939" classname="RegressionTest1" time="0"/>
  <testcase name="test00940" classname="RegressionTest1" time="0"/>
  <testcase name="test00941" classname="RegressionTest1" time="0"/>
  <testcase name="test00942" classname="RegressionTest1" time="0"/>
  <testcase name="test00943" classname="RegressionTest1" time="0"/>
  <testcase name="test00944" classname="RegressionTest1" time="0"/>
  <testcase name="test00945" classname="RegressionTest1" time="0">
    <failure message="&apos;true&apos; != &apos;false&apos; expected:&lt;true&gt; but was:&lt;false&gt;" type="java.lang.AssertionError"><![CDATA[java.lang.AssertionError: 'true' != 'false' expected:<true> but was:<false>
	at RegressionTest1.test00945(RegressionTest1.java:3567)
]]></failure>
  </testcase>
  <testcase name="test00946" classname="RegressionTest1" time="0.001">
    <failure message="&apos;true&apos; != &apos;false&apos; expected:&lt;true&gt; but was:&lt;false&gt;" type="java.lang.AssertionError"><![CDATA[java.lang.AssertionError: 'true' != 'false' expected:<true> but was:<false>
	at RegressionTest1.test00946(RegressionTest1.java:3575)
]]></failure>
  </testcase>
  <testcase name="test00947" classname="RegressionTest1" time="0"/>
  <testcase name="test00948" classname="RegressionTest1" time="0"/>
  <testcase name="test00949" classname="RegressionTest1" time="0"/>
  <testcase name="test00950" classname="RegressionTest1" time="0"/>
  <testcase name="test00951" classname="RegressionTest1" time="0"/>
  <testcase name="test00952" classname="RegressionTest1" time="0"/>
  <testcase name="test00953" classname="RegressionTest1" time="0"/>
  <testcase name="test00954" classname="RegressionTest1" time="0"/>
  <testcase name="test00955" classname="RegressionTest1" time="0"/>
  <testcase name="test00956" classname="RegressionTest1" time="0"/>
  <testcase name="test00957" classname="RegressionTest1" time="0"/>
  <testcase name="test00958" classname="RegressionTest1" time="0"/>
  <testcase name="test00959" classname="RegressionTest1" time="0"/>
  <testcase name="test00960" classname="RegressionTest1" time="0"/>
  <testcase name="test00961" classname="RegressionTest1" time="0"/>
  <testcase name="test00962" classname="RegressionTest1" time="0"/>
  <testcase name="test00963" classname="RegressionTest1" time="0"/>
  <testcase name="test00964" classname="RegressionTest1" time="0"/>
  <testcase name="test00965" classname="RegressionTest1" time="0"/>
  <testcase name="test00966" classname="RegressionTest1" time="0"/>
  <testcase name="test00967" classname="RegressionTest1" time="0"/>
  <testcase name="test00968" classname="RegressionTest1" time="0">
    <failure message="&apos;true&apos; != &apos;false&apos; expected:&lt;true&gt; but was:&lt;false&gt;" type="java.lang.AssertionError"><![CDATA[java.lang.AssertionError: 'true' != 'false' expected:<true> but was:<false>
	at RegressionTest1.test00968(RegressionTest1.java:3751)
]]></failure>
  </testcase>
  <testcase name="test00969" classname="RegressionTest1" time="0"/>
  <testcase name="test00970" classname="RegressionTest1" time="0"/>
  <testcase name="test00971" classname="RegressionTest1" time="0"/>
  <testcase name="test00972" classname="RegressionTest1" time="0"/>
  <testcase name="test00973" classname="RegressionTest1" time="0"/>
  <testcase name="test00974" classname="RegressionTest1" time="0"/>
  <testcase name="test00975" classname="RegressionTest1" time="0"/>
  <testcase name="test00976" classname="RegressionTest1" time="0"/>
  <testcase name="test00977" classname="RegressionTest1" time="0.001"/>
  <testcase name="test00978" classname="RegressionTest1" time="0"/>
  <testcase name="test00979" classname="RegressionTest1" time="0"/>
  <testcase name="test00980" classname="RegressionTest1" time="0"/>
  <testcase name="test00981" classname="RegressionTest1" time="0"/>
  <testcase name="test00982" classname="RegressionTest1" time="0"/>
  <testcase name="test00983" classname="RegressionTest1" time="0"/>
  <testcase name="test00984" classname="RegressionTest1" time="0">
    <failure message="&apos;true&apos; != &apos;false&apos; expected:&lt;true&gt; but was:&lt;false&gt;" type="java.lang.AssertionError"><![CDATA[java.lang.AssertionError: 'true' != 'false' expected:<true> but was:<false>
	at RegressionTest1.test00984(RegressionTest1.java:3879)
]]></failure>
  </testcase>
  <testcase name="test00985" classname="RegressionTest1" time="0"/>
  <testcase name="test00986" classname="RegressionTest1" time="0"/>
  <testcase name="test00987" classname="RegressionTest1" time="0"/>
  <testcase name="test00988" classname="RegressionTest1" time="0"/>
  <testcase name="test00989" classname="RegressionTest1" time="0"/>
  <testcase name="test00990" classname="RegressionTest1" time="0"/>
  <testcase name="test00991" classname="RegressionTest1" time="0"/>
  <testcase name="test00992" classname="RegressionTest1" time="0"/>
  <testcase name="test00993" classname="RegressionTest1" time="0"/>
  <testcase name="test00994" classname="RegressionTest1" time="0"/>
  <testcase name="test00995" classname="RegressionTest1" time="0"/>
  <testcase name="test00996" classname="RegressionTest1" time="0"/>
  <testcase name="test00997" classname="RegressionTest1" time="0">
    <failure message="&apos;true&apos; != &apos;false&apos; expected:&lt;true&gt; but was:&lt;false&gt;" type="java.lang.AssertionError"><![CDATA[java.lang.AssertionError: 'true' != 'false' expected:<true> but was:<false>
	at RegressionTest1.test00997(RegressionTest1.java:3983)
]]></failure>
  </testcase>
  <testcase name="test00998" classname="RegressionTest1" time="0"/>
  <testcase name="test00999" classname="RegressionTest1" time="0"/>
  <testcase name="test01000" classname="RegressionTest1" time="0"/>
  <testcase name="test01001" classname="RegressionTest2" time="0"/>
  <testcase name="test01002" classname="RegressionTest2" time="0"/>
  <testcase name="test01003" classname="RegressionTest2" time="0"/>
  <testcase name="test01004" classname="RegressionTest2" time="0"/>
  <testcase name="test01005" classname="RegressionTest2" time="0"/>
  <testcase name="test01006" classname="RegressionTest2" time="0"/>
  <testcase name="test01007" classname="RegressionTest2" time="0"/>
  <testcase name="test01008" classname="RegressionTest2" time="0"/>
  <testcase name="test01009" classname="RegressionTest2" time="0"/>
  <testcase name="test01010" classname="RegressionTest2" time="0"/>
  <testcase name="test01011" classname="RegressionTest2" time="0"/>
  <testcase name="test01012" classname="RegressionTest2" time="0"/>
  <testcase name="test01013" classname="RegressionTest2" time="0"/>
  <testcase name="test01014" classname="RegressionTest2" time="0"/>
  <testcase name="test01015" classname="RegressionTest2" time="0"/>
  <testcase name="test01016" classname="RegressionTest2" time="0"/>
  <testcase name="test01017" classname="RegressionTest2" time="0"/>
  <testcase name="test01018" classname="RegressionTest2" time="0">
    <failure message="&apos;true&apos; != &apos;false&apos; expected:&lt;true&gt; but was:&lt;false&gt;" type="java.lang.AssertionError"><![CDATA[java.lang.AssertionError: 'true' != 'false' expected:<true> but was:<false>
	at RegressionTest2.test01018(RegressionTest2.java:151)
]]></failure>
  </testcase>
  <testcase name="test01019" classname="RegressionTest2" time="0.001"/>
  <testcase name="test01020" classname="RegressionTest2" time="0"/>
  <testcase name="test01021" classname="RegressionTest2" time="0"/>
  <testcase name="test01022" classname="RegressionTest2" time="0"/>
  <testcase name="test01023" classname="RegressionTest2" time="0"/>
  <testcase name="test01024" classname="RegressionTest2" time="0"/>
  <testcase name="test01025" classname="RegressionTest2" time="0"/>
  <testcase name="test01026" classname="RegressionTest2" time="0"/>
  <testcase name="test01027" classname="RegressionTest2" time="0"/>
  <testcase name="test01028" classname="RegressionTest2" time="0"/>
  <testcase name="test01029" classname="RegressionTest2" time="0"/>
  <testcase name="test01030" classname="RegressionTest2" time="0"/>
  <testcase name="test01031" classname="RegressionTest2" time="0"/>
  <testcase name="test01032" classname="RegressionTest2" time="0"/>
  <testcase name="test01033" classname="RegressionTest2" time="0"/>
  <testcase name="test01034" classname="RegressionTest2" time="0"/>
  <testcase name="test01035" classname="RegressionTest2" time="0"/>
  <testcase name="test01036" classname="RegressionTest2" time="0"/>
  <testcase name="test01037" classname="RegressionTest2" time="0"/>
  <testcase name="test01038" classname="RegressionTest2" time="0"/>
  <testcase name="test01039" classname="RegressionTest2" time="0">
    <failure message="&apos;true&apos; != &apos;false&apos; expected:&lt;true&gt; but was:&lt;false&gt;" type="java.lang.AssertionError"><![CDATA[java.lang.AssertionError: 'true' != 'false' expected:<true> but was:<false>
	at RegressionTest2.test01039(RegressionTest2.java:319)
]]></failure>
  </testcase>
  <testcase name="test01040" classname="RegressionTest2" time="0"/>
  <testcase name="test01041" classname="RegressionTest2" time="0">
    <failure message="&apos;true&apos; != &apos;false&apos; expected:&lt;true&gt; but was:&lt;false&gt;" type="java.lang.AssertionError"><![CDATA[java.lang.AssertionError: 'true' != 'false' expected:<true> but was:<false>
	at RegressionTest2.test01041(RegressionTest2.java:335)
]]></failure>
  </testcase>
  <testcase name="test01042" classname="RegressionTest2" time="0"/>
  <testcase name="test01043" classname="RegressionTest2" time="0"/>
  <testcase name="test01044" classname="RegressionTest2" time="0"/>
  <testcase name="test01045" classname="RegressionTest2" time="0"/>
  <testcase name="test01046" classname="RegressionTest2" time="0"/>
  <testcase name="test01047" classname="RegressionTest2" time="0">
    <failure message="&apos;true&apos; != &apos;false&apos; expected:&lt;true&gt; but was:&lt;false&gt;" type="java.lang.AssertionError"><![CDATA[java.lang.AssertionError: 'true' != 'false' expected:<true> but was:<false>
	at RegressionTest2.test01047(RegressionTest2.java:383)
]]></failure>
  </testcase>
  <testcase name="test01048" classname="RegressionTest2" time="0"/>
  <testcase name="test01049" classname="RegressionTest2" time="0"/>
  <testcase name="test01050" classname="RegressionTest2" time="0"/>
  <testcase name="test01051" classname="RegressionTest2" time="0"/>
  <testcase name="test01052" classname="RegressionTest2" time="0"/>
  <testcase name="test01053" classname="RegressionTest2" time="0"/>
  <testcase name="test01054" classname="RegressionTest2" time="0"/>
  <testcase name="test01055" classname="RegressionTest2" time="0"/>
  <testcase name="test01056" classname="RegressionTest2" time="0"/>
  <testcase name="test01057" classname="RegressionTest2" time="0"/>
  <testcase name="test01058" classname="RegressionTest2" time="0"/>
  <testcase name="test01059" classname="RegressionTest2" time="0"/>
  <testcase name="test01060" classname="RegressionTest2" time="0"/>
  <testcase name="test01061" classname="RegressionTest2" time="0"/>
  <testcase name="test01062" classname="RegressionTest2" time="0"/>
  <testcase name="test01063" classname="RegressionTest2" time="0"/>
  <testcase name="test01064" classname="RegressionTest2" time="0"/>
  <testcase name="test01065" classname="RegressionTest2" time="0"/>
  <testcase name="test01066" classname="RegressionTest2" time="0"/>
  <testcase name="test01067" classname="RegressionTest2" time="0"/>
  <testcase name="test01068" classname="RegressionTest2" time="0"/>
  <testcase name="test01069" classname="RegressionTest2" time="0"/>
  <testcase name="test01070" classname="RegressionTest2" time="0"/>
  <testcase name="test01071" classname="RegressionTest2" time="0"/>
  <testcase name="test01072" classname="RegressionTest2" time="0"/>
  <testcase name="test01073" classname="RegressionTest2" time="0"/>
  <testcase name="test01074" classname="RegressionTest2" time="0"/>
  <testcase name="test01075" classname="RegressionTest2" time="0"/>
  <testcase name="test01076" classname="RegressionTest2" time="0"/>
  <testcase name="test01077" classname="RegressionTest2" time="0"/>
  <testcase name="test01078" classname="RegressionTest2" time="0"/>
  <testcase name="test01079" classname="RegressionTest2" time="0"/>
  <testcase name="test01080" classname="RegressionTest2" time="0"/>
  <testcase name="test01081" classname="RegressionTest2" time="0"/>
  <testcase name="test01082" classname="RegressionTest2" time="0.001"/>
  <testcase name="test01083" classname="RegressionTest2" time="0"/>
  <testcase name="test01084" classname="RegressionTest2" time="0"/>
  <testcase name="test01085" classname="RegressionTest2" time="0"/>
  <testcase name="test01086" classname="RegressionTest2" time="0"/>
  <testcase name="test01087" classname="RegressionTest2" time="0"/>
  <testcase name="test01088" classname="RegressionTest2" time="0"/>
  <testcase name="test01089" classname="RegressionTest2" time="0"/>
  <testcase name="test01090" classname="RegressionTest2" time="0"/>
  <testcase name="test01091" classname="RegressionTest2" time="0"/>
  <testcase name="test01092" classname="RegressionTest2" time="0"/>
  <testcase name="test01093" classname="RegressionTest2" time="0"/>
  <testcase name="test01094" classname="RegressionTest2" time="0"/>
  <testcase name="test01095" classname="RegressionTest2" time="0"/>
  <testcase name="test01096" classname="RegressionTest2" time="0"/>
  <testcase name="test01097" classname="RegressionTest2" time="0"/>
  <testcase name="test01098" classname="RegressionTest2" time="0"/>
  <testcase name="test01099" classname="RegressionTest2" time="0"/>
  <testcase name="test01100" classname="RegressionTest2" time="0"/>
  <testcase name="test01101" classname="RegressionTest2" time="0"/>
  <testcase name="test01102" classname="RegressionTest2" time="0"/>
  <testcase name="test01103" classname="RegressionTest2" time="0"/>
  <testcase name="test01104" classname="RegressionTest2" time="0"/>
  <testcase name="test01105" classname="RegressionTest2" time="0"/>
  <testcase name="test01106" classname="RegressionTest2" time="0"/>
  <testcase name="test01107" classname="RegressionTest2" time="0"/>
  <testcase name="test01108" classname="RegressionTest2" time="0"/>
  <testcase name="test01109" classname="RegressionTest2" time="0"/>
  <testcase name="test01110" classname="RegressionTest2" time="0"/>
  <testcase name="test01111" classname="RegressionTest2" time="0"/>
  <testcase name="test01112" classname="RegressionTest2" time="0"/>
  <testcase name="test01113" classname="RegressionTest2" time="0.001"/>
  <testcase name="test01114" classname="RegressionTest2" time="0"/>
  <testcase name="test01115" classname="RegressionTest2" time="0"/>
  <testcase name="test01116" classname="RegressionTest2" time="0"/>
  <testcase name="test01117" classname="RegressionTest2" time="0"/>
  <testcase name="test01118" classname="RegressionTest2" time="0"/>
  <testcase name="test01119" classname="RegressionTest2" time="0"/>
  <testcase name="test01120" classname="RegressionTest2" time="0"/>
  <testcase name="test01121" classname="RegressionTest2" time="0"/>
  <testcase name="test01122" classname="RegressionTest2" time="0"/>
  <testcase name="test01123" classname="RegressionTest2" time="0"/>
  <testcase name="test01124" classname="RegressionTest2" time="0"/>
  <testcase name="test01125" classname="RegressionTest2" time="0"/>
  <testcase name="test01126" classname="RegressionTest2" time="0"/>
  <testcase name="test01127" classname="RegressionTest2" time="0"/>
  <testcase name="test01128" classname="RegressionTest2" time="0"/>
  <testcase name="test01129" classname="RegressionTest2" time="0"/>
  <testcase name="test01130" classname="RegressionTest2" time="0"/>
  <testcase name="test01131" classname="RegressionTest2" time="0"/>
  <testcase name="test01132" classname="RegressionTest2" time="0"/>
  <testcase name="test01133" classname="RegressionTest2" time="0"/>
  <testcase name="test01134" classname="RegressionTest2" time="0"/>
  <testcase name="test01135" classname="RegressionTest2" time="0"/>
  <testcase name="test01136" classname="RegressionTest2" time="0"/>
  <testcase name="test01137" classname="RegressionTest2" time="0"/>
  <testcase name="test01138" classname="RegressionTest2" time="0"/>
  <testcase name="test01139" classname="RegressionTest2" time="0"/>
  <testcase name="test01140" classname="RegressionTest2" time="0"/>
  <testcase name="test01141" classname="RegressionTest2" time="0"/>
  <testcase name="test01142" classname="RegressionTest2" time="0"/>
  <testcase name="test01143" classname="RegressionTest2" time="0"/>
  <testcase name="test01144" classname="RegressionTest2" time="0"/>
  <testcase name="test01145" classname="RegressionTest2" time="0"/>
  <testcase name="test01146" classname="RegressionTest2" time="0"/>
  <testcase name="test01147" classname="RegressionTest2" time="0.001"/>
  <testcase name="test01148" classname="RegressionTest2" time="0"/>
  <testcase name="test01149" classname="RegressionTest2" time="0"/>
  <testcase name="test01150" classname="RegressionTest2" time="0"/>
  <testcase name="test01151" classname="RegressionTest2" time="0"/>
  <testcase name="test01152" classname="RegressionTest2" time="0"/>
  <testcase name="test01153" classname="RegressionTest2" time="0">
    <failure message="&apos;true&apos; != &apos;false&apos; expected:&lt;true&gt; but was:&lt;false&gt;" type="java.lang.AssertionError"><![CDATA[java.lang.AssertionError: 'true' != 'false' expected:<true> but was:<false>
	at RegressionTest2.test01153(RegressionTest2.java:1231)
]]></failure>
  </testcase>
  <testcase name="test01154" classname="RegressionTest2" time="0"/>
  <testcase name="test01155" classname="RegressionTest2" time="0"/>
  <testcase name="test01156" classname="RegressionTest2" time="0"/>
  <testcase name="test01157" classname="RegressionTest2" time="0"/>
  <testcase name="test01158" classname="RegressionTest2" time="0"/>
  <testcase name="test01159" classname="RegressionTest2" time="0"/>
  <testcase name="test01160" classname="RegressionTest2" time="0"/>
  <testcase name="test01161" classname="RegressionTest2" time="0"/>
  <testcase name="test01162" classname="RegressionTest2" time="0"/>
  <testcase name="test01163" classname="RegressionTest2" time="0"/>
  <testcase name="test01164" classname="RegressionTest2" time="0">
    <failure message="&apos;true&apos; != &apos;false&apos; expected:&lt;true&gt; but was:&lt;false&gt;" type="java.lang.AssertionError"><![CDATA[java.lang.AssertionError: 'true' != 'false' expected:<true> but was:<false>
	at RegressionTest2.test01164(RegressionTest2.java:1319)
]]></failure>
  </testcase>
  <testcase name="test01165" classname="RegressionTest2" time="0"/>
  <testcase name="test01166" classname="RegressionTest2" time="0"/>
  <testcase name="test01167" classname="RegressionTest2" time="0"/>
  <testcase name="test01168" classname="RegressionTest2" time="0.001"/>
  <testcase name="test01169" classname="RegressionTest2" time="0"/>
  <testcase name="test01170" classname="RegressionTest2" time="0"/>
  <testcase name="test01171" classname="RegressionTest2" time="0"/>
  <testcase name="test01172" classname="RegressionTest2" time="0"/>
  <testcase name="test01173" classname="RegressionTest2" time="0"/>
  <testcase name="test01174" classname="RegressionTest2" time="0"/>
  <testcase name="test01175" classname="RegressionTest2" time="0"/>
  <testcase name="test01176" classname="RegressionTest2" time="0">
    <failure message="&apos;true&apos; != &apos;false&apos; expected:&lt;true&gt; but was:&lt;false&gt;" type="java.lang.AssertionError"><![CDATA[java.lang.AssertionError: 'true' != 'false' expected:<true> but was:<false>
	at RegressionTest2.test01176(RegressionTest2.java:1415)
]]></failure>
  </testcase>
  <testcase name="test01177" classname="RegressionTest2" time="0"/>
  <testcase name="test01178" classname="RegressionTest2" time="0"/>
  <testcase name="test01179" classname="RegressionTest2" time="0"/>
  <testcase name="test01180" classname="RegressionTest2" time="0"/>
  <testcase name="test01181" classname="RegressionTest2" time="0"/>
  <testcase name="test01182" classname="RegressionTest2" time="0"/>
  <testcase name="test01183" classname="RegressionTest2" time="0">
    <failure message="&apos;true&apos; != &apos;false&apos; expected:&lt;true&gt; but was:&lt;false&gt;" type="java.lang.AssertionError"><![CDATA[java.lang.AssertionError: 'true' != 'false' expected:<true> but was:<false>
	at RegressionTest2.test01183(RegressionTest2.java:1471)
]]></failure>
  </testcase>
  <testcase name="test01184" classname="RegressionTest2" time="0">
    <failure message="&apos;true&apos; != &apos;false&apos; expected:&lt;true&gt; but was:&lt;false&gt;" type="java.lang.AssertionError"><![CDATA[java.lang.AssertionError: 'true' != 'false' expected:<true> but was:<false>
	at RegressionTest2.test01184(RegressionTest2.java:1479)
]]></failure>
  </testcase>
  <testcase name="test01185" classname="RegressionTest2" time="0"/>
  <testcase name="test01186" classname="RegressionTest2" time="0"/>
  <testcase name="test01187" classname="RegressionTest2" time="0"/>
  <testcase name="test01188" classname="RegressionTest2" time="0"/>
  <testcase name="test01189" classname="RegressionTest2" time="0"/>
  <testcase name="test01190" classname="RegressionTest2" time="0">
    <failure message="&apos;true&apos; != &apos;false&apos; expected:&lt;true&gt; but was:&lt;false&gt;" type="java.lang.AssertionError"><![CDATA[java.lang.AssertionError: 'true' != 'false' expected:<true> but was:<false>
	at RegressionTest2.test01190(RegressionTest2.java:1527)
]]></failure>
  </testcase>
  <testcase name="test01191" classname="RegressionTest2" time="0"/>
  <testcase name="test01192" classname="RegressionTest2" time="0"/>
  <testcase name="test01193" classname="RegressionTest2" time="0"/>
  <testcase name="test01194" classname="RegressionTest2" time="0"/>
  <testcase name="test01195" classname="RegressionTest2" time="0"/>
  <testcase name="test01196" classname="RegressionTest2" time="0.001"/>
  <testcase name="test01197" classname="RegressionTest2" time="0"/>
  <testcase name="test01198" classname="RegressionTest2" time="0"/>
  <testcase name="test01199" classname="RegressionTest2" time="0"/>
  <testcase name="test01200" classname="RegressionTest2" time="0"/>
  <testcase name="test01201" classname="RegressionTest2" time="0"/>
  <testcase name="test01202" classname="RegressionTest2" time="0"/>
  <testcase name="test01203" classname="RegressionTest2" time="0"/>
  <testcase name="test01204" classname="RegressionTest2" time="0"/>
  <testcase name="test01205" classname="RegressionTest2" time="0"/>
  <testcase name="test01206" classname="RegressionTest2" time="0"/>
  <testcase name="test01207" classname="RegressionTest2" time="0"/>
  <testcase name="test01208" classname="RegressionTest2" time="0"/>
  <testcase name="test01209" classname="RegressionTest2" time="0">
    <failure message="&apos;true&apos; != &apos;false&apos; expected:&lt;true&gt; but was:&lt;false&gt;" type="java.lang.AssertionError"><![CDATA[java.lang.AssertionError: 'true' != 'false' expected:<true> but was:<false>
	at RegressionTest2.test01209(RegressionTest2.java:1679)
]]></failure>
  </testcase>
  <testcase name="test01210" classname="RegressionTest2" time="0"/>
  <testcase name="test01211" classname="RegressionTest2" time="0"/>
  <testcase name="test01212" classname="RegressionTest2" time="0"/>
  <testcase name="test01213" classname="RegressionTest2" time="0"/>
  <testcase name="test01214" classname="RegressionTest2" time="0"/>
  <testcase name="test01215" classname="RegressionTest2" time="0"/>
  <testcase name="test01216" classname="RegressionTest2" time="0"/>
  <testcase name="test01217" classname="RegressionTest2" time="0"/>
  <testcase name="test01218" classname="RegressionTest2" time="0"/>
  <testcase name="test01219" classname="RegressionTest2" time="0"/>
  <testcase name="test01220" classname="RegressionTest2" time="0"/>
  <testcase name="test01221" classname="RegressionTest2" time="0"/>
  <testcase name="test01222" classname="RegressionTest2" time="0">
    <failure message="&apos;true&apos; != &apos;false&apos; expected:&lt;true&gt; but was:&lt;false&gt;" type="java.lang.AssertionError"><![CDATA[java.lang.AssertionError: 'true' != 'false' expected:<true> but was:<false>
	at RegressionTest2.test01222(RegressionTest2.java:1783)
]]></failure>
  </testcase>
  <testcase name="test01223" classname="RegressionTest2" time="0"/>
  <testcase name="test01224" classname="RegressionTest2" time="0"/>
  <testcase name="test01225" classname="RegressionTest2" time="0"/>
  <testcase name="test01226" classname="RegressionTest2" time="0">
    <failure message="&apos;true&apos; != &apos;false&apos; expected:&lt;true&gt; but was:&lt;false&gt;" type="java.lang.AssertionError"><![CDATA[java.lang.AssertionError: 'true' != 'false' expected:<true> but was:<false>
	at RegressionTest2.test01226(RegressionTest2.java:1815)
]]></failure>
  </testcase>
  <testcase name="test01227" classname="RegressionTest2" time="0"/>
  <testcase name="test01228" classname="RegressionTest2" time="0"/>
  <testcase name="test01229" classname="RegressionTest2" time="0"/>
  <testcase name="test01230" classname="RegressionTest2" time="0.001"/>
  <testcase name="test01231" classname="RegressionTest2" time="0">
    <failure message="&apos;true&apos; != &apos;false&apos; expected:&lt;true&gt; but was:&lt;false&gt;" type="java.lang.AssertionError"><![CDATA[java.lang.AssertionError: 'true' != 'false' expected:<true> but was:<false>
	at RegressionTest2.test01231(RegressionTest2.java:1855)
]]></failure>
  </testcase>
  <testcase name="test01232" classname="RegressionTest2" time="0"/>
  <testcase name="test01233" classname="RegressionTest2" time="0"/>
  <testcase name="test01234" classname="RegressionTest2" time="0"/>
  <testcase name="test01235" classname="RegressionTest2" time="0"/>
  <testcase name="test01236" classname="RegressionTest2" time="0"/>
  <testcase name="test01237" classname="RegressionTest2" time="0"/>
  <testcase name="test01238" classname="RegressionTest2" time="0"/>
  <testcase name="test01239" classname="RegressionTest2" time="0"/>
  <testcase name="test01240" classname="RegressionTest2" time="0"/>
  <testcase name="test01241" classname="RegressionTest2" time="0"/>
  <testcase name="test01242" classname="RegressionTest2" time="0"/>
  <testcase name="test01243" classname="RegressionTest2" time="0"/>
  <testcase name="test01244" classname="RegressionTest2" time="0">
    <failure message="&apos;true&apos; != &apos;false&apos; expected:&lt;true&gt; but was:&lt;false&gt;" type="java.lang.AssertionError"><![CDATA[java.lang.AssertionError: 'true' != 'false' expected:<true> but was:<false>
	at RegressionTest2.test01244(RegressionTest2.java:1959)
]]></failure>
  </testcase>
  <testcase name="test01245" classname="RegressionTest2" time="0"/>
  <testcase name="test01246" classname="RegressionTest2" time="0"/>
  <testcase name="test01247" classname="RegressionTest2" time="0"/>
  <testcase name="test01248" classname="RegressionTest2" time="0">
    <failure message="&apos;true&apos; != &apos;false&apos; expected:&lt;true&gt; but was:&lt;false&gt;" type="java.lang.AssertionError"><![CDATA[java.lang.AssertionError: 'true' != 'false' expected:<true> but was:<false>
	at RegressionTest2.test01248(RegressionTest2.java:1991)
]]></failure>
  </testcase>
  <testcase name="test01249" classname="RegressionTest2" time="0"/>
  <testcase name="test01250" classname="RegressionTest2" time="0"/>
  <testcase name="test01251" classname="RegressionTest2" time="0"/>
  <testcase name="test01252" classname="RegressionTest2" time="0"/>
  <testcase name="test01253" classname="RegressionTest2" time="0"/>
  <testcase name="test01254" classname="RegressionTest2" time="0"/>
  <testcase name="test01255" classname="RegressionTest2" time="0"/>
  <testcase name="test01256" classname="RegressionTest2" time="0"/>
  <testcase name="test01257" classname="RegressionTest2" time="0"/>
  <testcase name="test01258" classname="RegressionTest2" time="0"/>
  <testcase name="test01259" classname="RegressionTest2" time="0"/>
  <testcase name="test01260" classname="RegressionTest2" time="0"/>
  <testcase name="test01261" classname="RegressionTest2" time="0"/>
  <testcase name="test01262" classname="RegressionTest2" time="0"/>
  <testcase name="test01263" classname="RegressionTest2" time="0"/>
  <testcase name="test01264" classname="RegressionTest2" time="0"/>
  <testcase name="test01265" classname="RegressionTest2" time="0"/>
  <testcase name="test01266" classname="RegressionTest2" time="0"/>
  <testcase name="test01267" classname="RegressionTest2" time="0"/>
  <testcase name="test01268" classname="RegressionTest2" time="0"/>
  <testcase name="test01269" classname="RegressionTest2" time="0"/>
  <testcase name="test01270" classname="RegressionTest2" time="0"/>
  <testcase name="test01271" classname="RegressionTest2" time="0"/>
  <testcase name="test01272" classname="RegressionTest2" time="0"/>
  <testcase name="test01273" classname="RegressionTest2" time="0"/>
  <testcase name="test01274" classname="RegressionTest2" time="0"/>
  <testcase name="test01275" classname="RegressionTest2" time="0"/>
  <testcase name="test01276" classname="RegressionTest2" time="0"/>
  <testcase name="test01277" classname="RegressionTest2" time="0"/>
  <testcase name="test01278" classname="RegressionTest2" time="0"/>
  <testcase name="test01279" classname="RegressionTest2" time="0"/>
  <testcase name="test01280" classname="RegressionTest2" time="0"/>
  <testcase name="test01281" classname="RegressionTest2" time="0"/>
  <testcase name="test01282" classname="RegressionTest2" time="0"/>
  <testcase name="test01283" classname="RegressionTest2" time="0"/>
  <testcase name="test01284" classname="RegressionTest2" time="0"/>
  <testcase name="test01285" classname="RegressionTest2" time="0"/>
  <testcase name="test01286" classname="RegressionTest2" time="0"/>
  <testcase name="test01287" classname="RegressionTest2" time="0"/>
  <testcase name="test01288" classname="RegressionTest2" time="0"/>
  <testcase name="test01289" classname="RegressionTest2" time="0"/>
  <testcase name="test01290" classname="RegressionTest2" time="0"/>
  <testcase name="test01291" classname="RegressionTest2" time="0.001">
    <failure message="&apos;true&apos; != &apos;false&apos; expected:&lt;true&gt; but was:&lt;false&gt;" type="java.lang.AssertionError"><![CDATA[java.lang.AssertionError: 'true' != 'false' expected:<true> but was:<false>
	at RegressionTest2.test01291(RegressionTest2.java:2335)
]]></failure>
  </testcase>
  <testcase name="test01292" classname="RegressionTest2" time="0"/>
  <testcase name="test01293" classname="RegressionTest2" time="0"/>
  <testcase name="test01294" classname="RegressionTest2" time="0"/>
  <testcase name="test01295" classname="RegressionTest2" time="0"/>
  <testcase name="test01296" classname="RegressionTest2" time="0"/>
  <testcase name="test01297" classname="RegressionTest2" time="0"/>
  <testcase name="test01298" classname="RegressionTest2" time="0"/>
  <testcase name="test01299" classname="RegressionTest2" time="0"/>
  <testcase name="test01300" classname="RegressionTest2" time="0"/>
  <testcase name="test01301" classname="RegressionTest2" time="0"/>
  <testcase name="test01302" classname="RegressionTest2" time="0"/>
  <testcase name="test01303" classname="RegressionTest2" time="0"/>
  <testcase name="test01304" classname="RegressionTest2" time="0"/>
  <testcase name="test01305" classname="RegressionTest2" time="0"/>
  <testcase name="test01306" classname="RegressionTest2" time="0"/>
  <testcase name="test01307" classname="RegressionTest2" time="0"/>
  <testcase name="test01308" classname="RegressionTest2" time="0"/>
  <testcase name="test01309" classname="RegressionTest2" time="0"/>
  <testcase name="test01310" classname="RegressionTest2" time="0.001"/>
  <testcase name="test01311" classname="RegressionTest2" time="0">
    <failure message="&apos;true&apos; != &apos;false&apos; expected:&lt;true&gt; but was:&lt;false&gt;" type="java.lang.AssertionError"><![CDATA[java.lang.AssertionError: 'true' != 'false' expected:<true> but was:<false>
	at RegressionTest2.test01311(RegressionTest2.java:2495)
]]></failure>
  </testcase>
  <testcase name="test01312" classname="RegressionTest2" time="0"/>
  <testcase name="test01313" classname="RegressionTest2" time="0"/>
  <testcase name="test01314" classname="RegressionTest2" time="0"/>
  <testcase name="test01315" classname="RegressionTest2" time="0"/>
  <testcase name="test01316" classname="RegressionTest2" time="0"/>
  <testcase name="test01317" classname="RegressionTest2" time="0"/>
  <testcase name="test01318" classname="RegressionTest2" time="0"/>
  <testcase name="test01319" classname="RegressionTest2" time="0"/>
  <testcase name="test01320" classname="RegressionTest2" time="0"/>
  <testcase name="test01321" classname="RegressionTest2" time="0"/>
  <testcase name="test01322" classname="RegressionTest2" time="0"/>
  <testcase name="test01323" classname="RegressionTest2" time="0"/>
  <testcase name="test01324" classname="RegressionTest2" time="0"/>
  <testcase name="test01325" classname="RegressionTest2" time="0"/>
  <testcase name="test01326" classname="RegressionTest2" time="0">
    <failure message="&apos;true&apos; != &apos;false&apos; expected:&lt;true&gt; but was:&lt;false&gt;" type="java.lang.AssertionError"><![CDATA[java.lang.AssertionError: 'true' != 'false' expected:<true> but was:<false>
	at RegressionTest2.test01326(RegressionTest2.java:2615)
]]></failure>
  </testcase>
  <testcase name="test01327" classname="RegressionTest2" time="0">
    <failure message="&apos;true&apos; != &apos;false&apos; expected:&lt;true&gt; but was:&lt;false&gt;" type="java.lang.AssertionError"><![CDATA[java.lang.AssertionError: 'true' != 'false' expected:<true> but was:<false>
	at RegressionTest2.test01327(RegressionTest2.java:2623)
]]></failure>
  </testcase>
  <testcase name="test01328" classname="RegressionTest2" time="0"/>
  <testcase name="test01329" classname="RegressionTest2" time="0"/>
  <testcase name="test01330" classname="RegressionTest2" time="0"/>
  <testcase name="test01331" classname="RegressionTest2" time="0"/>
  <testcase name="test01332" classname="RegressionTest2" time="0"/>
  <testcase name="test01333" classname="RegressionTest2" time="0"/>
  <testcase name="test01334" classname="RegressionTest2" time="0"/>
  <testcase name="test01335" classname="RegressionTest2" time="0.001"/>
  <testcase name="test01336" classname="RegressionTest2" time="0"/>
  <testcase name="test01337" classname="RegressionTest2" time="0"/>
  <testcase name="test01338" classname="RegressionTest2" time="0"/>
  <testcase name="test01339" classname="RegressionTest2" time="0"/>
  <testcase name="test01340" classname="RegressionTest2" time="0"/>
  <testcase name="test01341" classname="RegressionTest2" time="0"/>
  <testcase name="test01342" classname="RegressionTest2" time="0">
    <failure message="&apos;true&apos; != &apos;false&apos; expected:&lt;true&gt; but was:&lt;false&gt;" type="java.lang.AssertionError"><![CDATA[java.lang.AssertionError: 'true' != 'false' expected:<true> but was:<false>
	at RegressionTest2.test01342(RegressionTest2.java:2743)
]]></failure>
  </testcase>
  <testcase name="test01343" classname="RegressionTest2" time="0"/>
  <testcase name="test01344" classname="RegressionTest2" time="0"/>
  <testcase name="test01345" classname="RegressionTest2" time="0"/>
  <testcase name="test01346" classname="RegressionTest2" time="0"/>
  <testcase name="test01347" classname="RegressionTest2" time="0"/>
  <testcase name="test01348" classname="RegressionTest2" time="0"/>
  <testcase name="test01349" classname="RegressionTest2" time="0"/>
  <testcase name="test01350" classname="RegressionTest2" time="0"/>
  <testcase name="test01351" classname="RegressionTest2" time="0"/>
  <testcase name="test01352" classname="RegressionTest2" time="0"/>
  <testcase name="test01353" classname="RegressionTest2" time="0"/>
  <testcase name="test01354" classname="RegressionTest2" time="0"/>
  <testcase name="test01355" classname="RegressionTest2" time="0"/>
  <testcase name="test01356" classname="RegressionTest2" time="0"/>
  <testcase name="test01357" classname="RegressionTest2" time="0"/>
  <testcase name="test01358" classname="RegressionTest2" time="0"/>
  <testcase name="test01359" classname="RegressionTest2" time="0"/>
  <testcase name="test01360" classname="RegressionTest2" time="0"/>
  <testcase name="test01361" classname="RegressionTest2" time="0"/>
  <testcase name="test01362" classname="RegressionTest2" time="0"/>
  <testcase name="test01363" classname="RegressionTest2" time="0"/>
  <testcase name="test01364" classname="RegressionTest2" time="0"/>
  <testcase name="test01365" classname="RegressionTest2" time="0"/>
  <testcase name="test01366" classname="RegressionTest2" time="0.001"/>
  <testcase name="test01367" classname="RegressionTest2" time="0"/>
  <testcase name="test01368" classname="RegressionTest2" time="0"/>
  <testcase name="test01369" classname="RegressionTest2" time="0"/>
  <testcase name="test01370" classname="RegressionTest2" time="0"/>
  <testcase name="test01371" classname="RegressionTest2" time="0">
    <failure message="&apos;true&apos; != &apos;false&apos; expected:&lt;true&gt; but was:&lt;false&gt;" type="java.lang.AssertionError"><![CDATA[java.lang.AssertionError: 'true' != 'false' expected:<true> but was:<false>
	at RegressionTest2.test01371(RegressionTest2.java:2975)
]]></failure>
  </testcase>
  <testcase name="test01372" classname="RegressionTest2" time="0"/>
  <testcase name="test01373" classname="RegressionTest2" time="0"/>
  <testcase name="test01374" classname="RegressionTest2" time="0"/>
  <testcase name="test01375" classname="RegressionTest2" time="0"/>
  <testcase name="test01376" classname="RegressionTest2" time="0"/>
  <testcase name="test01377" classname="RegressionTest2" time="0"/>
  <testcase name="test01378" classname="RegressionTest2" time="0"/>
  <testcase name="test01379" classname="RegressionTest2" time="0"/>
  <testcase name="test01380" classname="RegressionTest2" time="0"/>
  <testcase name="test01381" classname="RegressionTest2" time="0"/>
  <testcase name="test01382" classname="RegressionTest2" time="0"/>
  <testcase name="test01383" classname="RegressionTest2" time="0"/>
  <testcase name="test01384" classname="RegressionTest2" time="0"/>
  <testcase name="test01385" classname="RegressionTest2" time="0"/>
  <testcase name="test01386" classname="RegressionTest2" time="0"/>
  <testcase name="test01387" classname="RegressionTest2" time="0"/>
  <testcase name="test01388" classname="RegressionTest2" time="0"/>
  <testcase name="test01389" classname="RegressionTest2" time="0"/>
  <testcase name="test01390" classname="RegressionTest2" time="0">
    <failure message="&apos;true&apos; != &apos;false&apos; expected:&lt;true&gt; but was:&lt;false&gt;" type="java.lang.AssertionError"><![CDATA[java.lang.AssertionError: 'true' != 'false' expected:<true> but was:<false>
	at RegressionTest2.test01390(RegressionTest2.java:3127)
]]></failure>
  </testcase>
  <testcase name="test01391" classname="RegressionTest2" time="0"/>
  <testcase name="test01392" classname="RegressionTest2" time="0"/>
  <testcase name="test01393" classname="RegressionTest2" time="0.001"/>
  <testcase name="test01394" classname="RegressionTest2" time="0"/>
  <testcase name="test01395" classname="RegressionTest2" time="0"/>
  <testcase name="test01396" classname="RegressionTest2" time="0"/>
  <testcase name="test01397" classname="RegressionTest2" time="0"/>
  <testcase name="test01398" classname="RegressionTest2" time="0">
    <failure message="&apos;true&apos; != &apos;false&apos; expected:&lt;true&gt; but was:&lt;false&gt;" type="java.lang.AssertionError"><![CDATA[java.lang.AssertionError: 'true' != 'false' expected:<true> but was:<false>
	at RegressionTest2.test01398(RegressionTest2.java:3191)
]]></failure>
  </testcase>
  <testcase name="test01399" classname="RegressionTest2" time="0"/>
  <testcase name="test01400" classname="RegressionTest2" time="0"/>
  <testcase name="test01401" classname="RegressionTest2" time="0"/>
  <testcase name="test01402" classname="RegressionTest2" time="0"/>
  <testcase name="test01403" classname="RegressionTest2" time="0"/>
  <testcase name="test01404" classname="RegressionTest2" time="0"/>
  <testcase name="test01405" classname="RegressionTest2" time="0"/>
  <testcase name="test01406" classname="RegressionTest2" time="0"/>
  <testcase name="test01407" classname="RegressionTest2" time="0"/>
  <testcase name="test01408" classname="RegressionTest2" time="0"/>
  <testcase name="test01409" classname="RegressionTest2" time="0"/>
  <testcase name="test01410" classname="RegressionTest2" time="0"/>
  <testcase name="test01411" classname="RegressionTest2" time="0"/>
  <testcase name="test01412" classname="RegressionTest2" time="0"/>
  <testcase name="test01413" classname="RegressionTest2" time="0"/>
  <testcase name="test01414" classname="RegressionTest2" time="0"/>
  <testcase name="test01415" classname="RegressionTest2" time="0"/>
  <testcase name="test01416" classname="RegressionTest2" time="0"/>
  <testcase name="test01417" classname="RegressionTest2" time="0"/>
  <testcase name="test01418" classname="RegressionTest2" time="0"/>
  <testcase name="test01419" classname="RegressionTest2" time="0"/>
  <testcase name="test01420" classname="RegressionTest2" time="0"/>
  <testcase name="test01421" classname="RegressionTest2" time="0"/>
  <testcase name="test01422" classname="RegressionTest2" time="0"/>
  <testcase name="test01423" classname="RegressionTest2" time="0">
    <failure message="&apos;true&apos; != &apos;false&apos; expected:&lt;true&gt; but was:&lt;false&gt;" type="java.lang.AssertionError"><![CDATA[java.lang.AssertionError: 'true' != 'false' expected:<true> but was:<false>
	at RegressionTest2.test01423(RegressionTest2.java:3391)
]]></failure>
  </testcase>
  <testcase name="test01424" classname="RegressionTest2" time="0"/>
  <testcase name="test01425" classname="RegressionTest2" time="0.001">
    <failure message="&apos;true&apos; != &apos;false&apos; expected:&lt;true&gt; but was:&lt;false&gt;" type="java.lang.AssertionError"><![CDATA[java.lang.AssertionError: 'true' != 'false' expected:<true> but was:<false>
	at RegressionTest2.test01425(RegressionTest2.java:3407)
]]></failure>
  </testcase>
  <testcase name="test01426" classname="RegressionTest2" time="0"/>
  <testcase name="test01427" classname="RegressionTest2" time="0"/>
  <testcase name="test01428" classname="RegressionTest2" time="0"/>
  <testcase name="test01429" classname="RegressionTest2" time="0"/>
  <testcase name="test01430" classname="RegressionTest2" time="0"/>
  <testcase name="test01431" classname="RegressionTest2" time="0"/>
  <testcase name="test01432" classname="RegressionTest2" time="0"/>
  <testcase name="test01433" classname="RegressionTest2" time="0"/>
  <testcase name="test01434" classname="RegressionTest2" time="0"/>
  <testcase name="test01435" classname="RegressionTest2" time="0"/>
  <testcase name="test01436" classname="RegressionTest2" time="0"/>
  <testcase name="test01437" classname="RegressionTest2" time="0"/>
  <testcase name="test01438" classname="RegressionTest2" time="0"/>
  <testcase name="test01439" classname="RegressionTest2" time="0"/>
  <testcase name="test01440" classname="RegressionTest2" time="0"/>
  <testcase name="test01441" classname="RegressionTest2" time="0"/>
  <testcase name="test01442" classname="RegressionTest2" time="0"/>
  <testcase name="test01443" classname="RegressionTest2" time="0"/>
  <testcase name="test01444" classname="RegressionTest2" time="0"/>
  <testcase name="test01445" classname="RegressionTest2" time="0"/>
  <testcase name="test01446" classname="RegressionTest2" time="0"/>
  <testcase name="test01447" classname="RegressionTest2" time="0"/>
  <testcase name="test01448" classname="RegressionTest2" time="0"/>
  <testcase name="test01449" classname="RegressionTest2" time="0"/>
  <testcase name="test01450" classname="RegressionTest2" time="0"/>
  <testcase name="test01451" classname="RegressionTest2" time="0"/>
  <testcase name="test01452" classname="RegressionTest2" time="0"/>
  <testcase name="test01453" classname="RegressionTest2" time="0">
    <failure message="&apos;true&apos; != &apos;false&apos; expected:&lt;true&gt; but was:&lt;false&gt;" type="java.lang.AssertionError"><![CDATA[java.lang.AssertionError: 'true' != 'false' expected:<true> but was:<false>
	at RegressionTest2.test01453(RegressionTest2.java:3631)
]]></failure>
  </testcase>
  <testcase name="test01454" classname="RegressionTest2" time="0"/>
  <testcase name="test01455" classname="RegressionTest2" time="0"/>
  <testcase name="test01456" classname="RegressionTest2" time="0"/>
  <testcase name="test01457" classname="RegressionTest2" time="0"/>
  <testcase name="test01458" classname="RegressionTest2" time="0"/>
  <testcase name="test01459" classname="RegressionTest2" time="0.001"/>
  <testcase name="test01460" classname="RegressionTest2" time="0"/>
  <testcase name="test01461" classname="RegressionTest2" time="0"/>
  <testcase name="test01462" classname="RegressionTest2" time="0"/>
  <testcase name="test01463" classname="RegressionTest2" time="0"/>
  <testcase name="test01464" classname="RegressionTest2" time="0"/>
  <testcase name="test01465" classname="RegressionTest2" time="0"/>
  <testcase name="test01466" classname="RegressionTest2" time="0"/>
  <testcase name="test01467" classname="RegressionTest2" time="0"/>
  <testcase name="test01468" classname="RegressionTest2" time="0"/>
  <testcase name="test01469" classname="RegressionTest2" time="0"/>
  <testcase name="test01470" classname="RegressionTest2" time="0"/>
  <testcase name="test01471" classname="RegressionTest2" time="0"/>
  <testcase name="test01472" classname="RegressionTest2" time="0"/>
  <testcase name="test01473" classname="RegressionTest2" time="0"/>
  <testcase name="test01474" classname="RegressionTest2" time="0"/>
  <testcase name="test01475" classname="RegressionTest2" time="0"/>
  <testcase name="test01476" classname="RegressionTest2" time="0"/>
  <testcase name="test01477" classname="RegressionTest2" time="0"/>
  <testcase name="test01478" classname="RegressionTest2" time="0"/>
  <testcase name="test01479" classname="RegressionTest2" time="0"/>
  <testcase name="test01480" classname="RegressionTest2" time="0"/>
  <testcase name="test01481" classname="RegressionTest2" time="0"/>
  <testcase name="test01482" classname="RegressionTest2" time="0"/>
  <testcase name="test01483" classname="RegressionTest2" time="0"/>
  <testcase name="test01484" classname="RegressionTest2" time="0"/>
  <testcase name="test01485" classname="RegressionTest2" time="0"/>
  <testcase name="test01486" classname="RegressionTest2" time="0"/>
  <testcase name="test01487" classname="RegressionTest2" time="0"/>
  <testcase name="test01488" classname="RegressionTest2" time="0"/>
  <testcase name="test01489" classname="RegressionTest2" time="0"/>
  <testcase name="test01490" classname="RegressionTest2" time="0"/>
  <testcase name="test01491" classname="RegressionTest2" time="0"/>
  <testcase name="test01492" classname="RegressionTest2" time="0"/>
  <testcase name="test01493" classname="RegressionTest2" time="0"/>
  <testcase name="test01494" classname="RegressionTest2" time="0"/>
  <testcase name="test01495" classname="RegressionTest2" time="0"/>
  <testcase name="test01496" classname="RegressionTest2" time="0.001"/>
  <testcase name="test01497" classname="RegressionTest2" time="0"/>
  <testcase name="test01498" classname="RegressionTest2" time="0"/>
  <testcase name="test01499" classname="RegressionTest2" time="0"/>
  <testcase name="test01500" classname="RegressionTest2" time="0"/>
  <testcase name="test01501" classname="RegressionTest3" time="0"/>
  <testcase name="test01502" classname="RegressionTest3" time="0"/>
  <testcase name="test01503" classname="RegressionTest3" time="0"/>
  <testcase name="test01504" classname="RegressionTest3" time="0"/>
  <testcase name="test01505" classname="RegressionTest3" time="0"/>
  <testcase name="test01506" classname="RegressionTest3" time="0"/>
  <testcase name="test01507" classname="RegressionTest3" time="0"/>
  <testcase name="test01508" classname="RegressionTest3" time="0">
    <failure message="&apos;true&apos; != &apos;false&apos; expected:&lt;true&gt; but was:&lt;false&gt;" type="java.lang.AssertionError"><![CDATA[java.lang.AssertionError: 'true' != 'false' expected:<true> but was:<false>
	at RegressionTest3.test01508(RegressionTest3.java:71)
]]></failure>
  </testcase>
  <testcase name="test01509" classname="RegressionTest3" time="0"/>
  <testcase name="test01510" classname="RegressionTest3" time="0"/>
  <testcase name="test01511" classname="RegressionTest3" time="0"/>
  <testcase name="test01512" classname="RegressionTest3" time="0"/>
  <testcase name="test01513" classname="RegressionTest3" time="0"/>
  <testcase name="test01514" classname="RegressionTest3" time="0"/>
  <testcase name="test01515" classname="RegressionTest3" time="0"/>
  <testcase name="test01516" classname="RegressionTest3" time="0"/>
  <testcase name="test01517" classname="RegressionTest3" time="0"/>
  <testcase name="test01518" classname="RegressionTest3" time="0"/>
  <testcase name="test01519" classname="RegressionTest3" time="0"/>
  <testcase name="test01520" classname="RegressionTest3" time="0"/>
  <testcase name="test01521" classname="RegressionTest3" time="0"/>
  <testcase name="test01522" classname="RegressionTest3" time="0"/>
  <testcase name="test01523" classname="RegressionTest3" time="0"/>
  <testcase name="test01524" classname="RegressionTest3" time="0"/>
  <testcase name="test01525" classname="RegressionTest3" time="0">
    <failure message="&apos;true&apos; != &apos;false&apos; expected:&lt;true&gt; but was:&lt;false&gt;" type="java.lang.AssertionError"><![CDATA[java.lang.AssertionError: 'true' != 'false' expected:<true> but was:<false>
	at RegressionTest3.test01525(RegressionTest3.java:207)
]]></failure>
  </testcase>
  <testcase name="test01526" classname="RegressionTest3" time="0"/>
  <testcase name="test01527" classname="RegressionTest3" time="0"/>
  <testcase name="test01528" classname="RegressionTest3" time="0"/>
  <testcase name="test01529" classname="RegressionTest3" time="0"/>
  <testcase name="test01530" classname="RegressionTest3" time="0"/>
  <testcase name="test01531" classname="RegressionTest3" time="0"/>
  <testcase name="test01532" classname="RegressionTest3" time="0"/>
  <testcase name="test01533" classname="RegressionTest3" time="0"/>
  <testcase name="test01534" classname="RegressionTest3" time="0"/>
  <testcase name="test01535" classname="RegressionTest3" time="0"/>
  <testcase name="test01536" classname="RegressionTest3" time="0"/>
  <testcase name="test01537" classname="RegressionTest3" time="0"/>
  <testcase name="test01538" classname="RegressionTest3" time="0"/>
  <testcase name="test01539" classname="RegressionTest3" time="0"/>
  <testcase name="test01540" classname="RegressionTest3" time="0"/>
  <testcase name="test01541" classname="RegressionTest3" time="0"/>
  <testcase name="test01542" classname="RegressionTest3" time="0"/>
  <testcase name="test01543" classname="RegressionTest3" time="0"/>
  <testcase name="test01544" classname="RegressionTest3" time="0">
    <failure message="&apos;true&apos; != &apos;false&apos; expected:&lt;true&gt; but was:&lt;false&gt;" type="java.lang.AssertionError"><![CDATA[java.lang.AssertionError: 'true' != 'false' expected:<true> but was:<false>
	at RegressionTest3.test01544(RegressionTest3.java:359)
]]></failure>
  </testcase>
  <testcase name="test01545" classname="RegressionTest3" time="0"/>
  <testcase name="test01546" classname="RegressionTest3" time="0"/>
  <testcase name="test01547" classname="RegressionTest3" time="0"/>
  <testcase name="test01548" classname="RegressionTest3" time="0"/>
  <testcase name="test01549" classname="RegressionTest3" time="0"/>
  <testcase name="test01550" classname="RegressionTest3" time="0"/>
  <testcase name="test01551" classname="RegressionTest3" time="0"/>
  <testcase name="test01552" classname="RegressionTest3" time="0"/>
  <testcase name="test01553" classname="RegressionTest3" time="0"/>
  <testcase name="test01554" classname="RegressionTest3" time="0"/>
  <testcase name="test01555" classname="RegressionTest3" time="0"/>
  <testcase name="test01556" classname="RegressionTest3" time="0"/>
  <testcase name="test01557" classname="RegressionTest3" time="0"/>
  <testcase name="test01558" classname="RegressionTest3" time="0"/>
  <testcase name="test01559" classname="RegressionTest3" time="0"/>
  <testcase name="test01560" classname="RegressionTest3" time="0"/>
  <testcase name="test01561" classname="RegressionTest3" time="0"/>
  <testcase name="test01562" classname="RegressionTest3" time="0"/>
  <testcase name="test01563" classname="RegressionTest3" time="0"/>
  <testcase name="test01564" classname="RegressionTest3" time="0"/>
  <testcase name="test01565" classname="RegressionTest3" time="0"/>
  <testcase name="test01566" classname="RegressionTest3" time="0"/>
  <testcase name="test01567" classname="RegressionTest3" time="0"/>
  <testcase name="test01568" classname="RegressionTest3" time="0"/>
  <testcase name="test01569" classname="RegressionTest3" time="0"/>
  <testcase name="test01570" classname="RegressionTest3" time="0"/>
  <testcase name="test01571" classname="RegressionTest3" time="0"/>
  <testcase name="test01572" classname="RegressionTest3" time="0"/>
  <testcase name="test01573" classname="RegressionTest3" time="0"/>
  <testcase name="test01574" classname="RegressionTest3" time="0"/>
  <testcase name="test01575" classname="RegressionTest3" time="0"/>
  <testcase name="test01576" classname="RegressionTest3" time="0">
    <failure message="&apos;true&apos; != &apos;false&apos; expected:&lt;true&gt; but was:&lt;false&gt;" type="java.lang.AssertionError"><![CDATA[java.lang.AssertionError: 'true' != 'false' expected:<true> but was:<false>
	at RegressionTest3.test01576(RegressionTest3.java:615)
]]></failure>
  </testcase>
  <testcase name="test01577" classname="RegressionTest3" time="0"/>
  <testcase name="test01578" classname="RegressionTest3" time="0"/>
  <testcase name="test01579" classname="RegressionTest3" time="0"/>
  <testcase name="test01580" classname="RegressionTest3" time="0"/>
  <testcase name="test01581" classname="RegressionTest3" time="0"/>
  <testcase name="test01582" classname="RegressionTest3" time="0"/>
  <testcase name="test01583" classname="RegressionTest3" time="0"/>
  <testcase name="test01584" classname="RegressionTest3" time="0.001"/>
  <testcase name="test01585" classname="RegressionTest3" time="0"/>
  <testcase name="test01586" classname="RegressionTest3" time="0"/>
  <testcase name="test01587" classname="RegressionTest3" time="0"/>
  <testcase name="test01588" classname="RegressionTest3" time="0"/>
  <testcase name="test01589" classname="RegressionTest3" time="0"/>
  <testcase name="test01590" classname="RegressionTest3" time="0"/>
  <testcase name="test01591" classname="RegressionTest3" time="0"/>
  <testcase name="test01592" classname="RegressionTest3" time="0"/>
  <testcase name="test01593" classname="RegressionTest3" time="0"/>
  <testcase name="test01594" classname="RegressionTest3" time="0"/>
  <testcase name="test01595" classname="RegressionTest3" time="0"/>
  <testcase name="test01596" classname="RegressionTest3" time="0"/>
  <testcase name="test01597" classname="RegressionTest3" time="0"/>
  <testcase name="test01598" classname="RegressionTest3" time="0"/>
  <testcase name="test01599" classname="RegressionTest3" time="0"/>
  <testcase name="test01600" classname="RegressionTest3" time="0">
    <failure message="&apos;true&apos; != &apos;false&apos; expected:&lt;true&gt; but was:&lt;false&gt;" type="java.lang.AssertionError"><![CDATA[java.lang.AssertionError: 'true' != 'false' expected:<true> but was:<false>
	at RegressionTest3.test01600(RegressionTest3.java:807)
]]></failure>
  </testcase>
  <testcase name="test01601" classname="RegressionTest3" time="0"/>
  <testcase name="test01602" classname="RegressionTest3" time="0"/>
  <testcase name="test01603" classname="RegressionTest3" time="0"/>
  <testcase name="test01604" classname="RegressionTest3" time="0"/>
  <testcase name="test01605" classname="RegressionTest3" time="0"/>
  <testcase name="test01606" classname="RegressionTest3" time="0"/>
  <testcase name="test01607" classname="RegressionTest3" time="0"/>
  <testcase name="test01608" classname="RegressionTest3" time="0"/>
  <testcase name="test01609" classname="RegressionTest3" time="0"/>
  <testcase name="test01610" classname="RegressionTest3" time="0"/>
  <testcase name="test01611" classname="RegressionTest3" time="0"/>
  <testcase name="test01612" classname="RegressionTest3" time="0"/>
  <testcase name="test01613" classname="RegressionTest3" time="0"/>
  <testcase name="test01614" classname="RegressionTest3" time="0"/>
  <testcase name="test01615" classname="RegressionTest3" time="0.001"/>
  <testcase name="test01616" classname="RegressionTest3" time="0"/>
  <testcase name="test01617" classname="RegressionTest3" time="0"/>
  <testcase name="test01618" classname="RegressionTest3" time="0"/>
  <testcase name="test01619" classname="RegressionTest3" time="0"/>
  <testcase name="test01620" classname="RegressionTest3" time="0"/>
  <testcase name="test01621" classname="RegressionTest3" time="0"/>
  <testcase name="test01622" classname="RegressionTest3" time="0"/>
  <testcase name="test01623" classname="RegressionTest3" time="0"/>
  <testcase name="test01624" classname="RegressionTest3" time="0"/>
  <testcase name="test01625" classname="RegressionTest3" time="0"/>
  <testcase name="test01626" classname="RegressionTest3" time="0"/>
  <testcase name="test01627" classname="RegressionTest3" time="0"/>
  <testcase name="test01628" classname="RegressionTest3" time="0"/>
  <testcase name="test01629" classname="RegressionTest3" time="0"/>
  <testcase name="test01630" classname="RegressionTest3" time="0"/>
  <testcase name="test01631" classname="RegressionTest3" time="0"/>
  <testcase name="test01632" classname="RegressionTest3" time="0"/>
  <testcase name="test01633" classname="RegressionTest3" time="0"/>
  <testcase name="test01634" classname="RegressionTest3" time="0"/>
  <testcase name="test01635" classname="RegressionTest3" time="0"/>
  <testcase name="test01636" classname="RegressionTest3" time="0"/>
  <testcase name="test01637" classname="RegressionTest3" time="0"/>
  <testcase name="test01638" classname="RegressionTest3" time="0"/>
  <testcase name="test01639" classname="RegressionTest3" time="0"/>
  <testcase name="test01640" classname="RegressionTest3" time="0"/>
  <testcase name="test01641" classname="RegressionTest3" time="0"/>
  <testcase name="test01642" classname="RegressionTest3" time="0"/>
  <testcase name="test01643" classname="RegressionTest3" time="0"/>
  <testcase name="test01644" classname="RegressionTest3" time="0">
    <failure message="&apos;true&apos; != &apos;false&apos; expected:&lt;true&gt; but was:&lt;false&gt;" type="java.lang.AssertionError"><![CDATA[java.lang.AssertionError: 'true' != 'false' expected:<true> but was:<false>
	at RegressionTest3.test01644(RegressionTest3.java:1159)
]]></failure>
  </testcase>
  <testcase name="test01645" classname="RegressionTest3" time="0"/>
  <testcase name="test01646" classname="RegressionTest3" time="0"/>
  <testcase name="test01647" classname="RegressionTest3" time="0"/>
  <testcase name="test01648" classname="RegressionTest3" time="0"/>
  <testcase name="test01649" classname="RegressionTest3" time="0"/>
  <testcase name="test01650" classname="RegressionTest3" time="0"/>
  <testcase name="test01651" classname="RegressionTest3" time="0"/>
  <testcase name="test01652" classname="RegressionTest3" time="0"/>
  <testcase name="test01653" classname="RegressionTest3" time="0"/>
  <testcase name="test01654" classname="RegressionTest3" time="0"/>
  <testcase name="test01655" classname="RegressionTest3" time="0"/>
  <testcase name="test01656" classname="RegressionTest3" time="0"/>
  <testcase name="test01657" classname="RegressionTest3" time="0"/>
  <testcase name="test01658" classname="RegressionTest3" time="0"/>
  <testcase name="test01659" classname="RegressionTest3" time="0"/>
  <testcase name="test01660" classname="RegressionTest3" time="0"/>
  <testcase name="test01661" classname="RegressionTest3" time="0"/>
  <testcase name="test01662" classname="RegressionTest3" time="0"/>
  <testcase name="test01663" classname="RegressionTest3" time="0"/>
  <testcase name="test01664" classname="RegressionTest3" time="0"/>
  <testcase name="test01665" classname="RegressionTest3" time="0"/>
  <testcase name="test01666" classname="RegressionTest3" time="0"/>
  <testcase name="test01667" classname="RegressionTest3" time="0"/>
  <testcase name="test01668" classname="RegressionTest3" time="0"/>
  <testcase name="test01669" classname="RegressionTest3" time="0"/>
  <testcase name="test01670" classname="RegressionTest3" time="0"/>
  <testcase name="test01671" classname="RegressionTest3" time="0"/>
  <testcase name="test01672" classname="RegressionTest3" time="0"/>
  <testcase name="test01673" classname="RegressionTest3" time="0"/>
  <testcase name="test01674" classname="RegressionTest3" time="0"/>
  <testcase name="test01675" classname="RegressionTest3" time="0"/>
  <testcase name="test01676" classname="RegressionTest3" time="0"/>
  <testcase name="test01677" classname="RegressionTest3" time="0"/>
  <testcase name="test01678" classname="RegressionTest3" time="0"/>
  <testcase name="test01679" classname="RegressionTest3" time="0"/>
  <testcase name="test01680" classname="RegressionTest3" time="0"/>
  <testcase name="test01681" classname="RegressionTest3" time="0">
    <failure message="&apos;true&apos; != &apos;false&apos; expected:&lt;true&gt; but was:&lt;false&gt;" type="java.lang.AssertionError"><![CDATA[java.lang.AssertionError: 'true' != 'false' expected:<true> but was:<false>
	at RegressionTest3.test01681(RegressionTest3.java:1455)
]]></failure>
  </testcase>
  <testcase name="test01682" classname="RegressionTest3" time="0"/>
  <testcase name="test01683" classname="RegressionTest3" time="0"/>
  <testcase name="test01684" classname="RegressionTest3" time="0"/>
  <testcase name="test01685" classname="RegressionTest3" time="0"/>
  <testcase name="test01686" classname="RegressionTest3" time="0"/>
  <testcase name="test01687" classname="RegressionTest3" time="0"/>
  <testcase name="test01688" classname="RegressionTest3" time="0"/>
  <testcase name="test01689" classname="RegressionTest3" time="0"/>
  <testcase name="test01690" classname="RegressionTest3" time="0"/>
  <testcase name="test01691" classname="RegressionTest3" time="0"/>
  <testcase name="test01692" classname="RegressionTest3" time="0"/>
  <testcase name="test01693" classname="RegressionTest3" time="0">
    <failure message="&apos;true&apos; != &apos;false&apos; expected:&lt;true&gt; but was:&lt;false&gt;" type="java.lang.AssertionError"><![CDATA[java.lang.AssertionError: 'true' != 'false' expected:<true> but was:<false>
	at RegressionTest3.test01693(RegressionTest3.java:1551)
]]></failure>
  </testcase>
  <testcase name="test01694" classname="RegressionTest3" time="0"/>
  <testcase name="test01695" classname="RegressionTest3" time="0"/>
  <testcase name="test01696" classname="RegressionTest3" time="0"/>
  <testcase name="test01697" classname="RegressionTest3" time="0"/>
  <testcase name="test01698" classname="RegressionTest3" time="0"/>
  <testcase name="test01699" classname="RegressionTest3" time="0"/>
  <testcase name="test01700" classname="RegressionTest3" time="0"/>
  <testcase name="test01701" classname="RegressionTest3" time="0"/>
  <testcase name="test01702" classname="RegressionTest3" time="0"/>
  <testcase name="test01703" classname="RegressionTest3" time="0"/>
  <testcase name="test01704" classname="RegressionTest3" time="0"/>
  <testcase name="test01705" classname="RegressionTest3" time="0"/>
  <testcase name="test01706" classname="RegressionTest3" time="0"/>
  <testcase name="test01707" classname="RegressionTest3" time="0"/>
  <testcase name="test01708" classname="RegressionTest3" time="0"/>
  <testcase name="test01709" classname="RegressionTest3" time="0">
    <failure message="&apos;true&apos; != &apos;false&apos; expected:&lt;true&gt; but was:&lt;false&gt;" type="java.lang.AssertionError"><![CDATA[java.lang.AssertionError: 'true' != 'false' expected:<true> but was:<false>
	at RegressionTest3.test01709(RegressionTest3.java:1679)
]]></failure>
  </testcase>
  <testcase name="test01710" classname="RegressionTest3" time="0.001"/>
  <testcase name="test01711" classname="RegressionTest3" time="0"/>
  <testcase name="test01712" classname="RegressionTest3" time="0"/>
  <testcase name="test01713" classname="RegressionTest3" time="0"/>
  <testcase name="test01714" classname="RegressionTest3" time="0"/>
  <testcase name="test01715" classname="RegressionTest3" time="0"/>
  <testcase name="test01716" classname="RegressionTest3" time="0"/>
  <testcase name="test01717" classname="RegressionTest3" time="0"/>
  <testcase name="test01718" classname="RegressionTest3" time="0"/>
  <testcase name="test01719" classname="RegressionTest3" time="0"/>
  <testcase name="test01720" classname="RegressionTest3" time="0"/>
  <testcase name="test01721" classname="RegressionTest3" time="0"/>
  <testcase name="test01722" classname="RegressionTest3" time="0"/>
  <testcase name="test01723" classname="RegressionTest3" time="0"/>
  <testcase name="test01724" classname="RegressionTest3" time="0"/>
  <testcase name="test01725" classname="RegressionTest3" time="0"/>
  <testcase name="test01726" classname="RegressionTest3" time="0"/>
  <testcase name="test01727" classname="RegressionTest3" time="0"/>
  <testcase name="test01728" classname="RegressionTest3" time="0"/>
  <testcase name="test01729" classname="RegressionTest3" time="0"/>
  <testcase name="test01730" classname="RegressionTest3" time="0"/>
  <testcase name="test01731" classname="RegressionTest3" time="0"/>
  <testcase name="test01732" classname="RegressionTest3" time="0"/>
  <testcase name="test01733" classname="RegressionTest3" time="0"/>
  <testcase name="test01734" classname="RegressionTest3" time="0"/>
  <testcase name="test01735" classname="RegressionTest3" time="0"/>
  <testcase name="test01736" classname="RegressionTest3" time="0">
    <failure message="&apos;true&apos; != &apos;false&apos; expected:&lt;true&gt; but was:&lt;false&gt;" type="java.lang.AssertionError"><![CDATA[java.lang.AssertionError: 'true' != 'false' expected:<true> but was:<false>
	at RegressionTest3.test01736(RegressionTest3.java:1895)
]]></failure>
  </testcase>
  <testcase name="test01737" classname="RegressionTest3" time="0"/>
  <testcase name="test01738" classname="RegressionTest3" time="0"/>
  <testcase name="test01739" classname="RegressionTest3" time="0"/>
  <testcase name="test01740" classname="RegressionTest3" time="0"/>
  <testcase name="test01741" classname="RegressionTest3" time="0.001"/>
  <testcase name="test01742" classname="RegressionTest3" time="0"/>
  <testcase name="test01743" classname="RegressionTest3" time="0"/>
  <testcase name="test01744" classname="RegressionTest3" time="0"/>
  <testcase name="test01745" classname="RegressionTest3" time="0"/>
  <testcase name="test01746" classname="RegressionTest3" time="0"/>
  <testcase name="test01747" classname="RegressionTest3" time="0"/>
  <testcase name="test01748" classname="RegressionTest3" time="0"/>
  <testcase name="test01749" classname="RegressionTest3" time="0"/>
  <testcase name="test01750" classname="RegressionTest3" time="0"/>
  <testcase name="test01751" classname="RegressionTest3" time="0"/>
  <testcase name="test01752" classname="RegressionTest3" time="0"/>
  <testcase name="test01753" classname="RegressionTest3" time="0"/>
  <testcase name="test01754" classname="RegressionTest3" time="0"/>
  <testcase name="test01755" classname="RegressionTest3" time="0"/>
  <testcase name="test01756" classname="RegressionTest3" time="0"/>
  <testcase name="test01757" classname="RegressionTest3" time="0"/>
  <testcase name="test01758" classname="RegressionTest3" time="0"/>
  <testcase name="test01759" classname="RegressionTest3" time="0"/>
  <testcase name="test01760" classname="RegressionTest3" time="0"/>
  <testcase name="test01761" classname="RegressionTest3" time="0">
    <failure message="&apos;true&apos; != &apos;false&apos; expected:&lt;true&gt; but was:&lt;false&gt;" type="java.lang.AssertionError"><![CDATA[java.lang.AssertionError: 'true' != 'false' expected:<true> but was:<false>
	at RegressionTest3.test01761(RegressionTest3.java:2095)
]]></failure>
  </testcase>
  <testcase name="test01762" classname="RegressionTest3" time="0"/>
  <testcase name="test01763" classname="RegressionTest3" time="0"/>
  <testcase name="test01764" classname="RegressionTest3" time="0"/>
  <testcase name="test01765" classname="RegressionTest3" time="0"/>
  <testcase name="test01766" classname="RegressionTest3" time="0"/>
  <testcase name="test01767" classname="RegressionTest3" time="0"/>
  <testcase name="test01768" classname="RegressionTest3" time="0"/>
  <testcase name="test01769" classname="RegressionTest3" time="0"/>
  <testcase name="test01770" classname="RegressionTest3" time="0"/>
  <testcase name="test01771" classname="RegressionTest3" time="0"/>
  <testcase name="test01772" classname="RegressionTest3" time="0"/>
  <testcase name="test01773" classname="RegressionTest3" time="0"/>
  <testcase name="test01774" classname="RegressionTest3" time="0"/>
  <testcase name="test01775" classname="RegressionTest3" time="0"/>
  <testcase name="test01776" classname="RegressionTest3" time="0"/>
  <testcase name="test01777" classname="RegressionTest3" time="0"/>
  <testcase name="test01778" classname="RegressionTest3" time="0"/>
  <testcase name="test01779" classname="RegressionTest3" time="0"/>
  <testcase name="test01780" classname="RegressionTest3" time="0"/>
  <testcase name="test01781" classname="RegressionTest3" time="0"/>
  <testcase name="test01782" classname="RegressionTest3" time="0"/>
  <testcase name="test01783" classname="RegressionTest3" time="0"/>
  <testcase name="test01784" classname="RegressionTest3" time="0"/>
  <testcase name="test01785" classname="RegressionTest3" time="0"/>
  <testcase name="test01786" classname="RegressionTest3" time="0"/>
  <testcase name="test01787" classname="RegressionTest3" time="0"/>
  <testcase name="test01788" classname="RegressionTest3" time="0"/>
  <testcase name="test01789" classname="RegressionTest3" time="0"/>
  <testcase name="test01790" classname="RegressionTest3" time="0"/>
  <testcase name="test01791" classname="RegressionTest3" time="0"/>
  <testcase name="test01792" classname="RegressionTest3" time="0"/>
  <testcase name="test01793" classname="RegressionTest3" time="0"/>
  <testcase name="test01794" classname="RegressionTest3" time="0"/>
  <testcase name="test01795" classname="RegressionTest3" time="0"/>
  <testcase name="test01796" classname="RegressionTest3" time="0"/>
  <testcase name="test01797" classname="RegressionTest3" time="0"/>
  <testcase name="test01798" classname="RegressionTest3" time="0"/>
  <testcase name="test01799" classname="RegressionTest3" time="0"/>
  <testcase name="test01800" classname="RegressionTest3" time="0"/>
  <testcase name="test01801" classname="RegressionTest3" time="0">
    <failure message="&apos;true&apos; != &apos;false&apos; expected:&lt;true&gt; but was:&lt;false&gt;" type="java.lang.AssertionError"><![CDATA[java.lang.AssertionError: 'true' != 'false' expected:<true> but was:<false>
	at RegressionTest3.test01801(RegressionTest3.java:2415)
]]></failure>
  </testcase>
  <testcase name="test01802" classname="RegressionTest3" time="0"/>
  <testcase name="test01803" classname="RegressionTest3" time="0"/>
  <testcase name="test01804" classname="RegressionTest3" time="0"/>
  <testcase name="test01805" classname="RegressionTest3" time="0"/>
  <testcase name="test01806" classname="RegressionTest3" time="0">
    <failure message="&apos;true&apos; != &apos;false&apos; expected:&lt;true&gt; but was:&lt;false&gt;" type="java.lang.AssertionError"><![CDATA[java.lang.AssertionError: 'true' != 'false' expected:<true> but was:<false>
	at RegressionTest3.test01806(RegressionTest3.java:2455)
]]></failure>
  </testcase>
  <testcase name="test01807" classname="RegressionTest3" time="0"/>
  <testcase name="test01808" classname="RegressionTest3" time="0"/>
  <testcase name="test01809" classname="RegressionTest3" time="0"/>
  <testcase name="test01810" classname="RegressionTest3" time="0"/>
  <testcase name="test01811" classname="RegressionTest3" time="0"/>
  <testcase name="test01812" classname="RegressionTest3" time="0"/>
  <testcase name="test01813" classname="RegressionTest3" time="0"/>
  <testcase name="test01814" classname="RegressionTest3" time="0"/>
  <testcase name="test01815" classname="RegressionTest3" time="0"/>
  <testcase name="test01816" classname="RegressionTest3" time="0"/>
  <testcase name="test01817" classname="RegressionTest3" time="0">
    <failure message="&apos;true&apos; != &apos;false&apos; expected:&lt;true&gt; but was:&lt;false&gt;" type="java.lang.AssertionError"><![CDATA[java.lang.AssertionError: 'true' != 'false' expected:<true> but was:<false>
	at RegressionTest3.test01817(RegressionTest3.java:2543)
]]></failure>
  </testcase>
  <testcase name="test01818" classname="RegressionTest3" time="0"/>
  <testcase name="test01819" classname="RegressionTest3" time="0">
    <failure message="&apos;true&apos; != &apos;false&apos; expected:&lt;true&gt; but was:&lt;false&gt;" type="java.lang.AssertionError"><![CDATA[java.lang.AssertionError: 'true' != 'false' expected:<true> but was:<false>
	at RegressionTest3.test01819(RegressionTest3.java:2559)
]]></failure>
  </testcase>
  <testcase name="test01820" classname="RegressionTest3" time="0"/>
  <testcase name="test01821" classname="RegressionTest3" time="0"/>
  <testcase name="test01822" classname="RegressionTest3" time="0"/>
  <testcase name="test01823" classname="RegressionTest3" time="0"/>
  <testcase name="test01824" classname="RegressionTest3" time="0"/>
  <testcase name="test01825" classname="RegressionTest3" time="0"/>
  <testcase name="test01826" classname="RegressionTest3" time="0"/>
  <testcase name="test01827" classname="RegressionTest3" time="0"/>
  <testcase name="test01828" classname="RegressionTest3" time="0"/>
  <testcase name="test01829" classname="RegressionTest3" time="0"/>
  <testcase name="test01830" classname="RegressionTest3" time="0"/>
  <testcase name="test01831" classname="RegressionTest3" time="0"/>
  <testcase name="test01832" classname="RegressionTest3" time="0"/>
  <testcase name="test01833" classname="RegressionTest3" time="0"/>
  <testcase name="test01834" classname="RegressionTest3" time="0"/>
  <testcase name="test01835" classname="RegressionTest3" time="0"/>
  <testcase name="test01836" classname="RegressionTest3" time="0"/>
  <testcase name="test01837" classname="RegressionTest3" time="0"/>
  <testcase name="test01838" classname="RegressionTest3" time="0.001">
    <failure message="&apos;true&apos; != &apos;false&apos; expected:&lt;true&gt; but was:&lt;false&gt;" type="java.lang.AssertionError"><![CDATA[java.lang.AssertionError: 'true' != 'false' expected:<true> but was:<false>
	at RegressionTest3.test01838(RegressionTest3.java:2711)
]]></failure>
  </testcase>
  <testcase name="test01839" classname="RegressionTest3" time="0"/>
  <testcase name="test01840" classname="RegressionTest3" time="0"/>
  <testcase name="test01841" classname="RegressionTest3" time="0"/>
  <testcase name="test01842" classname="RegressionTest3" time="0"/>
  <testcase name="test01843" classname="RegressionTest3" time="0">
    <failure message="&apos;true&apos; != &apos;false&apos; expected:&lt;true&gt; but was:&lt;false&gt;" type="java.lang.AssertionError"><![CDATA[java.lang.AssertionError: 'true' != 'false' expected:<true> but was:<false>
	at RegressionTest3.test01843(RegressionTest3.java:2751)
]]></failure>
  </testcase>
  <testcase name="test01844" classname="RegressionTest3" time="0"/>
  <testcase name="test01845" classname="RegressionTest3" time="0">
    <failure message="&apos;true&apos; != &apos;false&apos; expected:&lt;true&gt; but was:&lt;false&gt;" type="java.lang.AssertionError"><![CDATA[java.lang.AssertionError: 'true' != 'false' expected:<true> but was:<false>
	at RegressionTest3.test01845(RegressionTest3.java:2767)
]]></failure>
  </testcase>
  <testcase name="test01846" classname="RegressionTest3" time="0"/>
  <testcase name="test01847" classname="RegressionTest3" time="0"/>
  <testcase name="test01848" classname="RegressionTest3" time="0"/>
  <testcase name="test01849" classname="RegressionTest3" time="0"/>
  <testcase name="test01850" classname="RegressionTest3" time="0"/>
  <testcase name="test01851" classname="RegressionTest3" time="0"/>
  <testcase name="test01852" classname="RegressionTest3" time="0"/>
  <testcase name="test01853" classname="RegressionTest3" time="0"/>
  <testcase name="test01854" classname="RegressionTest3" time="0"/>
  <testcase name="test01855" classname="RegressionTest3" time="0"/>
  <testcase name="test01856" classname="RegressionTest3" time="0"/>
  <testcase name="test01857" classname="RegressionTest3" time="0"/>
  <testcase name="test01858" classname="RegressionTest3" time="0"/>
  <testcase name="test01859" classname="RegressionTest3" time="0"/>
  <testcase name="test01860" classname="RegressionTest3" time="0"/>
  <testcase name="test01861" classname="RegressionTest3" time="0"/>
  <testcase name="test01862" classname="RegressionTest3" time="0"/>
  <testcase name="test01863" classname="RegressionTest3" time="0"/>
  <testcase name="test01864" classname="RegressionTest3" time="0"/>
  <testcase name="test01865" classname="RegressionTest3" time="0"/>
  <testcase name="test01866" classname="RegressionTest3" time="0"/>
  <testcase name="test01867" classname="RegressionTest3" time="0"/>
  <testcase name="test01868" classname="RegressionTest3" time="0"/>
  <testcase name="test01869" classname="RegressionTest3" time="0"/>
  <testcase name="test01870" classname="RegressionTest3" time="0"/>
  <testcase name="test01871" classname="RegressionTest3" time="0"/>
  <testcase name="test01872" classname="RegressionTest3" time="0"/>
  <testcase name="test01873" classname="RegressionTest3" time="0"/>
  <testcase name="test01874" classname="RegressionTest3" time="0"/>
  <testcase name="test01875" classname="RegressionTest3" time="0"/>
  <testcase name="test01876" classname="RegressionTest3" time="0"/>
  <testcase name="test01877" classname="RegressionTest3" time="0"/>
  <testcase name="test01878" classname="RegressionTest3" time="0"/>
  <testcase name="test01879" classname="RegressionTest3" time="0"/>
  <testcase name="test01880" classname="RegressionTest3" time="0"/>
  <testcase name="test01881" classname="RegressionTest3" time="0"/>
  <testcase name="test01882" classname="RegressionTest3" time="0"/>
  <testcase name="test01883" classname="RegressionTest3" time="0"/>
  <testcase name="test01884" classname="RegressionTest3" time="0"/>
  <testcase name="test01885" classname="RegressionTest3" time="0"/>
  <testcase name="test01886" classname="RegressionTest3" time="0"/>
  <testcase name="test01887" classname="RegressionTest3" time="0"/>
  <testcase name="test01888" classname="RegressionTest3" time="0"/>
  <testcase name="test01889" classname="RegressionTest3" time="0">
    <failure message="&apos;true&apos; != &apos;false&apos; expected:&lt;true&gt; but was:&lt;false&gt;" type="java.lang.AssertionError"><![CDATA[java.lang.AssertionError: 'true' != 'false' expected:<true> but was:<false>
	at RegressionTest3.test01889(RegressionTest3.java:3119)
]]></failure>
  </testcase>
  <testcase name="test01890" classname="RegressionTest3" time="0"/>
  <testcase name="test01891" classname="RegressionTest3" time="0"/>
  <testcase name="test01892" classname="RegressionTest3" time="0"/>
  <testcase name="test01893" classname="RegressionTest3" time="0"/>
  <testcase name="test01894" classname="RegressionTest3" time="0"/>
  <testcase name="test01895" classname="RegressionTest3" time="0"/>
  <testcase name="test01896" classname="RegressionTest3" time="0"/>
  <testcase name="test01897" classname="RegressionTest3" time="0">
    <failure message="&apos;true&apos; != &apos;false&apos; expected:&lt;true&gt; but was:&lt;false&gt;" type="java.lang.AssertionError"><![CDATA[java.lang.AssertionError: 'true' != 'false' expected:<true> but was:<false>
	at RegressionTest3.test01897(RegressionTest3.java:3183)
]]></failure>
  </testcase>
  <testcase name="test01898" classname="RegressionTest3" time="0"/>
  <testcase name="test01899" classname="RegressionTest3" time="0"/>
  <testcase name="test01900" classname="RegressionTest3" time="0.001"/>
  <testcase name="test01901" classname="RegressionTest3" time="0"/>
  <testcase name="test01902" classname="RegressionTest3" time="0"/>
  <testcase name="test01903" classname="RegressionTest3" time="0"/>
  <testcase name="test01904" classname="RegressionTest3" time="0"/>
  <testcase name="test01905" classname="RegressionTest3" time="0"/>
  <testcase name="test01906" classname="RegressionTest3" time="0"/>
  <testcase name="test01907" classname="RegressionTest3" time="0"/>
  <testcase name="test01908" classname="RegressionTest3" time="0"/>
  <testcase name="test01909" classname="RegressionTest3" time="0"/>
  <testcase name="test01910" classname="RegressionTest3" time="0"/>
  <testcase name="test01911" classname="RegressionTest3" time="0"/>
  <testcase name="test01912" classname="RegressionTest3" time="0"/>
  <testcase name="test01913" classname="RegressionTest3" time="0"/>
  <testcase name="test01914" classname="RegressionTest3" time="0"/>
  <testcase name="test01915" classname="RegressionTest3" time="0"/>
  <testcase name="test01916" classname="RegressionTest3" time="0"/>
  <testcase name="test01917" classname="RegressionTest3" time="0"/>
  <testcase name="test01918" classname="RegressionTest3" time="0"/>
  <testcase name="test01919" classname="RegressionTest3" time="0"/>
  <testcase name="test01920" classname="RegressionTest3" time="0"/>
  <testcase name="test01921" classname="RegressionTest3" time="0"/>
  <testcase name="test01922" classname="RegressionTest3" time="0"/>
  <testcase name="test01923" classname="RegressionTest3" time="0"/>
  <testcase name="test01924" classname="RegressionTest3" time="0"/>
  <testcase name="test01925" classname="RegressionTest3" time="0"/>
  <testcase name="test01926" classname="RegressionTest3" time="0"/>
  <testcase name="test01927" classname="RegressionTest3" time="0"/>
  <testcase name="test01928" classname="RegressionTest3" time="0"/>
  <testcase name="test01929" classname="RegressionTest3" time="0"/>
  <testcase name="test01930" classname="RegressionTest3" time="0"/>
  <testcase name="test01931" classname="RegressionTest3" time="0">
    <failure message="&apos;true&apos; != &apos;false&apos; expected:&lt;true&gt; but was:&lt;false&gt;" type="java.lang.AssertionError"><![CDATA[java.lang.AssertionError: 'true' != 'false' expected:<true> but was:<false>
	at RegressionTest3.test01931(RegressionTest3.java:3455)
]]></failure>
  </testcase>
  <testcase name="test01932" classname="RegressionTest3" time="0"/>
  <testcase name="test01933" classname="RegressionTest3" time="0"/>
  <testcase name="test01934" classname="RegressionTest3" time="0"/>
  <testcase name="test01935" classname="RegressionTest3" time="0"/>
  <testcase name="test01936" classname="RegressionTest3" time="0"/>
  <testcase name="test01937" classname="RegressionTest3" time="0"/>
  <testcase name="test01938" classname="RegressionTest3" time="0"/>
  <testcase name="test01939" classname="RegressionTest3" time="0"/>
  <testcase name="test01940" classname="RegressionTest3" time="0"/>
  <testcase name="test01941" classname="RegressionTest3" time="0"/>
  <testcase name="test01942" classname="RegressionTest3" time="0"/>
  <testcase name="test01943" classname="RegressionTest3" time="0"/>
  <testcase name="test01944" classname="RegressionTest3" time="0"/>
  <testcase name="test01945" classname="RegressionTest3" time="0"/>
  <testcase name="test01946" classname="RegressionTest3" time="0"/>
  <testcase name="test01947" classname="RegressionTest3" time="0"/>
  <testcase name="test01948" classname="RegressionTest3" time="0"/>
  <testcase name="test01949" classname="RegressionTest3" time="0"/>
  <testcase name="test01950" classname="RegressionTest3" time="0"/>
  <testcase name="test01951" classname="RegressionTest3" time="0"/>
  <testcase name="test01952" classname="RegressionTest3" time="0"/>
  <testcase name="test01953" classname="RegressionTest3" time="0"/>
  <testcase name="test01954" classname="RegressionTest3" time="0"/>
  <testcase name="test01955" classname="RegressionTest3" time="0"/>
  <testcase name="test01956" classname="RegressionTest3" time="0"/>
  <testcase name="test01957" classname="RegressionTest3" time="0"/>
  <testcase name="test01958" classname="RegressionTest3" time="0"/>
  <testcase name="test01959" classname="RegressionTest3" time="0"/>
  <testcase name="test01960" classname="RegressionTest3" time="0"/>
  <testcase name="test01961" classname="RegressionTest3" time="0"/>
  <testcase name="test01962" classname="RegressionTest3" time="0"/>
  <testcase name="test01963" classname="RegressionTest3" time="0"/>
  <testcase name="test01964" classname="RegressionTest3" time="0">
    <failure message="&apos;true&apos; != &apos;false&apos; expected:&lt;true&gt; but was:&lt;false&gt;" type="java.lang.AssertionError"><![CDATA[java.lang.AssertionError: 'true' != 'false' expected:<true> but was:<false>
	at RegressionTest3.test01964(RegressionTest3.java:3719)
]]></failure>
  </testcase>
  <testcase name="test01965" classname="RegressionTest3" time="0"/>
  <testcase name="test01966" classname="RegressionTest3" time="0.001"/>
  <testcase name="test01967" classname="RegressionTest3" time="0"/>
  <testcase name="test01968" classname="RegressionTest3" time="0"/>
  <testcase name="test01969" classname="RegressionTest3" time="0"/>
  <testcase name="test01970" classname="RegressionTest3" time="0"/>
  <testcase name="test01971" classname="RegressionTest3" time="0"/>
  <testcase name="test01972" classname="RegressionTest3" time="0">
    <failure message="&apos;true&apos; != &apos;false&apos; expected:&lt;true&gt; but was:&lt;false&gt;" type="java.lang.AssertionError"><![CDATA[java.lang.AssertionError: 'true' != 'false' expected:<true> but was:<false>
	at RegressionTest3.test01972(RegressionTest3.java:3783)
]]></failure>
  </testcase>
  <testcase name="test01973" classname="RegressionTest3" time="0"/>
  <testcase name="test01974" classname="RegressionTest3" time="0"/>
  <testcase name="test01975" classname="RegressionTest3" time="0"/>
  <testcase name="test01976" classname="RegressionTest3" time="0"/>
  <testcase name="test01977" classname="RegressionTest3" time="0"/>
  <testcase name="test01978" classname="RegressionTest3" time="0"/>
  <testcase name="test01979" classname="RegressionTest3" time="0"/>
  <testcase name="test01980" classname="RegressionTest3" time="0"/>
  <testcase name="test01981" classname="RegressionTest3" time="0"/>
  <testcase name="test01982" classname="RegressionTest3" time="0"/>
  <testcase name="test01983" classname="RegressionTest3" time="0"/>
  <testcase name="test01984" classname="RegressionTest3" time="0"/>
  <testcase name="test01985" classname="RegressionTest3" time="0"/>
  <testcase name="test01986" classname="RegressionTest3" time="0"/>
  <testcase name="test01987" classname="RegressionTest3" time="0"/>
  <testcase name="test01988" classname="RegressionTest3" time="0"/>
  <testcase name="test01989" classname="RegressionTest3" time="0"/>
  <testcase name="test01990" classname="RegressionTest3" time="0"/>
  <testcase name="test01991" classname="RegressionTest3" time="0"/>
  <testcase name="test01992" classname="RegressionTest3" time="0"/>
  <testcase name="test01993" classname="RegressionTest3" time="0"/>
  <testcase name="test01994" classname="RegressionTest3" time="0"/>
  <testcase name="test01995" classname="RegressionTest3" time="0"/>
  <testcase name="test01996" classname="RegressionTest3" time="0"/>
  <testcase name="test01997" classname="RegressionTest3" time="0"/>
  <testcase name="test01998" classname="RegressionTest3" time="0"/>
  <testcase name="test01999" classname="RegressionTest3" time="0"/>
  <testcase name="test02000" classname="RegressionTest3" time="0"/>
  <testcase name="test02001" classname="RegressionTest4" time="0"/>
  <testcase name="test02002" classname="RegressionTest4" time="0"/>
  <testcase name="test02003" classname="RegressionTest4" time="0"/>
  <testcase name="test02004" classname="RegressionTest4" time="0"/>
  <testcase name="test02005" classname="RegressionTest4" time="0"/>
  <testcase name="test02006" classname="RegressionTest4" time="0"/>
  <testcase name="test02007" classname="RegressionTest4" time="0">
    <failure message="&apos;true&apos; != &apos;false&apos; expected:&lt;true&gt; but was:&lt;false&gt;" type="java.lang.AssertionError"><![CDATA[java.lang.AssertionError: 'true' != 'false' expected:<true> but was:<false>
	at RegressionTest4.test02007(RegressionTest4.java:63)
]]></failure>
  </testcase>
  <testcase name="test02008" classname="RegressionTest4" time="0"/>
  <testcase name="test02009" classname="RegressionTest4" time="0"/>
  <testcase name="test02010" classname="RegressionTest4" time="0"/>
  <testcase name="test02011" classname="RegressionTest4" time="0"/>
  <testcase name="test02012" classname="RegressionTest4" time="0"/>
  <testcase name="test02013" classname="RegressionTest4" time="0"/>
  <testcase name="test02014" classname="RegressionTest4" time="0">
    <failure message="&apos;true&apos; != &apos;false&apos; expected:&lt;true&gt; but was:&lt;false&gt;" type="java.lang.AssertionError"><![CDATA[java.lang.AssertionError: 'true' != 'false' expected:<true> but was:<false>
	at RegressionTest4.test02014(RegressionTest4.java:119)
]]></failure>
  </testcase>
  <testcase name="test02015" classname="RegressionTest4" time="0"/>
  <testcase name="test02016" classname="RegressionTest4" time="0"/>
  <testcase name="test02017" classname="RegressionTest4" time="0"/>
  <testcase name="test02018" classname="RegressionTest4" time="0">
    <failure message="&apos;true&apos; != &apos;false&apos; expected:&lt;true&gt; but was:&lt;false&gt;" type="java.lang.AssertionError"><![CDATA[java.lang.AssertionError: 'true' != 'false' expected:<true> but was:<false>
	at RegressionTest4.test02018(RegressionTest4.java:151)
]]></failure>
  </testcase>
  <testcase name="test02019" classname="RegressionTest4" time="0"/>
  <testcase name="test02020" classname="RegressionTest4" time="0"/>
  <testcase name="test02021" classname="RegressionTest4" time="0"/>
  <testcase name="test02022" classname="RegressionTest4" time="0"/>
  <testcase name="test02023" classname="RegressionTest4" time="0"/>
  <testcase name="test02024" classname="RegressionTest4" time="0"/>
  <testcase name="test02025" classname="RegressionTest4" time="0"/>
  <testcase name="test02026" classname="RegressionTest4" time="0"/>
  <testcase name="test02027" classname="RegressionTest4" time="0"/>
  <testcase name="test02028" classname="RegressionTest4" time="0"/>
  <testcase name="test02029" classname="RegressionTest4" time="0"/>
  <testcase name="test02030" classname="RegressionTest4" time="0"/>
  <testcase name="test02031" classname="RegressionTest4" time="0">
    <failure message="&apos;true&apos; != &apos;false&apos; expected:&lt;true&gt; but was:&lt;false&gt;" type="java.lang.AssertionError"><![CDATA[java.lang.AssertionError: 'true' != 'false' expected:<true> but was:<false>
	at RegressionTest4.test02031(RegressionTest4.java:255)
]]></failure>
  </testcase>
  <testcase name="test02032" classname="RegressionTest4" time="0"/>
  <testcase name="test02033" classname="RegressionTest4" time="0"/>
  <testcase name="test02034" classname="RegressionTest4" time="0"/>
  <testcase name="test02035" classname="RegressionTest4" time="0"/>
  <testcase name="test02036" classname="RegressionTest4" time="0"/>
  <testcase name="test02037" classname="RegressionTest4" time="0"/>
  <testcase name="test02038" classname="RegressionTest4" time="0"/>
  <testcase name="test02039" classname="RegressionTest4" time="0"/>
  <testcase name="test02040" classname="RegressionTest4" time="0">
    <failure message="&apos;true&apos; != &apos;false&apos; expected:&lt;true&gt; but was:&lt;false&gt;" type="java.lang.AssertionError"><![CDATA[java.lang.AssertionError: 'true' != 'false' expected:<true> but was:<false>
	at RegressionTest4.test02040(RegressionTest4.java:327)
]]></failure>
  </testcase>
  <testcase name="test02041" classname="RegressionTest4" time="0"/>
  <testcase name="test02042" classname="RegressionTest4" time="0.001"/>
  <testcase name="test02043" classname="RegressionTest4" time="0"/>
  <testcase name="test02044" classname="RegressionTest4" time="0"/>
  <testcase name="test02045" classname="RegressionTest4" time="0"/>
  <testcase name="test02046" classname="RegressionTest4" time="0"/>
  <testcase name="test02047" classname="RegressionTest4" time="0">
    <failure message="&apos;true&apos; != &apos;false&apos; expected:&lt;true&gt; but was:&lt;false&gt;" type="java.lang.AssertionError"><![CDATA[java.lang.AssertionError: 'true' != 'false' expected:<true> but was:<false>
	at RegressionTest4.test02047(RegressionTest4.java:383)
]]></failure>
  </testcase>
  <testcase name="test02048" classname="RegressionTest4" time="0"/>
  <testcase name="test02049" classname="RegressionTest4" time="0"/>
  <testcase name="test02050" classname="RegressionTest4" time="0"/>
  <testcase name="test02051" classname="RegressionTest4" time="0"/>
  <testcase name="test02052" classname="RegressionTest4" time="0"/>
  <testcase name="test02053" classname="RegressionTest4" time="0"/>
  <testcase name="test02054" classname="RegressionTest4" time="0"/>
  <testcase name="test02055" classname="RegressionTest4" time="0"/>
  <testcase name="test02056" classname="RegressionTest4" time="0"/>
  <testcase name="test02057" classname="RegressionTest4" time="0"/>
  <testcase name="test02058" classname="RegressionTest4" time="0"/>
  <testcase name="test02059" classname="RegressionTest4" time="0"/>
  <testcase name="test02060" classname="RegressionTest4" time="0"/>
  <testcase name="test02061" classname="RegressionTest4" time="0"/>
  <testcase name="test02062" classname="RegressionTest4" time="0"/>
  <testcase name="test02063" classname="RegressionTest4" time="0"/>
  <testcase name="test02064" classname="RegressionTest4" time="0">
    <failure message="&apos;true&apos; != &apos;false&apos; expected:&lt;true&gt; but was:&lt;false&gt;" type="java.lang.AssertionError"><![CDATA[java.lang.AssertionError: 'true' != 'false' expected:<true> but was:<false>
	at RegressionTest4.test02064(RegressionTest4.java:519)
]]></failure>
  </testcase>
  <testcase name="test02065" classname="RegressionTest4" time="0"/>
  <testcase name="test02066" classname="RegressionTest4" time="0"/>
  <testcase name="test02067" classname="RegressionTest4" time="0"/>
  <testcase name="test02068" classname="RegressionTest4" time="0"/>
  <testcase name="test02069" classname="RegressionTest4" time="0"/>
  <testcase name="test02070" classname="RegressionTest4" time="0"/>
  <testcase name="test02071" classname="RegressionTest4" time="0"/>
  <testcase name="test02072" classname="RegressionTest4" time="0"/>
  <testcase name="test02073" classname="RegressionTest4" time="0"/>
  <testcase name="test02074" classname="RegressionTest4" time="0.001"/>
  <testcase name="test02075" classname="RegressionTest4" time="0"/>
  <testcase name="test02076" classname="RegressionTest4" time="0"/>
  <testcase name="test02077" classname="RegressionTest4" time="0"/>
  <testcase name="test02078" classname="RegressionTest4" time="0"/>
  <testcase name="test02079" classname="RegressionTest4" time="0"/>
  <testcase name="test02080" classname="RegressionTest4" time="0"/>
  <testcase name="test02081" classname="RegressionTest4" time="0"/>
  <testcase name="test02082" classname="RegressionTest4" time="0"/>
  <testcase name="test02083" classname="RegressionTest4" time="0"/>
  <testcase name="test02084" classname="RegressionTest4" time="0"/>
  <testcase name="test02085" classname="RegressionTest4" time="0">
    <failure message="&apos;true&apos; != &apos;false&apos; expected:&lt;true&gt; but was:&lt;false&gt;" type="java.lang.AssertionError"><![CDATA[java.lang.AssertionError: 'true' != 'false' expected:<true> but was:<false>
	at RegressionTest4.test02085(RegressionTest4.java:687)
]]></failure>
  </testcase>
  <testcase name="test02086" classname="RegressionTest4" time="0"/>
  <testcase name="test02087" classname="RegressionTest4" time="0"/>
  <testcase name="test02088" classname="RegressionTest4" time="0"/>
  <testcase name="test02089" classname="RegressionTest4" time="0"/>
  <testcase name="test02090" classname="RegressionTest4" time="0"/>
  <testcase name="test02091" classname="RegressionTest4" time="0"/>
  <testcase name="test02092" classname="RegressionTest4" time="0"/>
  <testcase name="test02093" classname="RegressionTest4" time="0"/>
  <testcase name="test02094" classname="RegressionTest4" time="0"/>
  <testcase name="test02095" classname="RegressionTest4" time="0"/>
  <testcase name="test02096" classname="RegressionTest4" time="0"/>
  <testcase name="test02097" classname="RegressionTest4" time="0"/>
  <testcase name="test02098" classname="RegressionTest4" time="0"/>
  <testcase name="test02099" classname="RegressionTest4" time="0">
    <failure message="&apos;true&apos; != &apos;false&apos; expected:&lt;true&gt; but was:&lt;false&gt;" type="java.lang.AssertionError"><![CDATA[java.lang.AssertionError: 'true' != 'false' expected:<true> but was:<false>
	at RegressionTest4.test02099(RegressionTest4.java:799)
]]></failure>
  </testcase>
  <testcase name="test02100" classname="RegressionTest4" time="0"/>
  <testcase name="test02101" classname="RegressionTest4" time="0"/>
  <testcase name="test02102" classname="RegressionTest4" time="0"/>
  <testcase name="test02103" classname="RegressionTest4" time="0"/>
  <testcase name="test02104" classname="RegressionTest4" time="0"/>
  <testcase name="test02105" classname="RegressionTest4" time="0"/>
  <testcase name="test02106" classname="RegressionTest4" time="0"/>
  <testcase name="test02107" classname="RegressionTest4" time="0"/>
  <testcase name="test02108" classname="RegressionTest4" time="0"/>
  <testcase name="test02109" classname="RegressionTest4" time="0"/>
  <testcase name="test02110" classname="RegressionTest4" time="0.001"/>
  <testcase name="test02111" classname="RegressionTest4" time="0">
    <failure message="&apos;true&apos; != &apos;false&apos; expected:&lt;true&gt; but was:&lt;false&gt;" type="java.lang.AssertionError"><![CDATA[java.lang.AssertionError: 'true' != 'false' expected:<true> but was:<false>
	at RegressionTest4.test02111(RegressionTest4.java:895)
]]></failure>
  </testcase>
  <testcase name="test02112" classname="RegressionTest4" time="0"/>
  <testcase name="test02113" classname="RegressionTest4" time="0"/>
  <testcase name="test02114" classname="RegressionTest4" time="0">
    <failure message="&apos;true&apos; != &apos;false&apos; expected:&lt;true&gt; but was:&lt;false&gt;" type="java.lang.AssertionError"><![CDATA[java.lang.AssertionError: 'true' != 'false' expected:<true> but was:<false>
	at RegressionTest4.test02114(RegressionTest4.java:919)
]]></failure>
  </testcase>
  <testcase name="test02115" classname="RegressionTest4" time="0"/>
  <testcase name="test02116" classname="RegressionTest4" time="0"/>
  <testcase name="test02117" classname="RegressionTest4" time="0"/>
  <testcase name="test02118" classname="RegressionTest4" time="0">
    <failure message="&apos;true&apos; != &apos;false&apos; expected:&lt;true&gt; but was:&lt;false&gt;" type="java.lang.AssertionError"><![CDATA[java.lang.AssertionError: 'true' != 'false' expected:<true> but was:<false>
	at RegressionTest4.test02118(RegressionTest4.java:951)
]]></failure>
  </testcase>
  <testcase name="test02119" classname="RegressionTest4" time="0"/>
  <testcase name="test02120" classname="RegressionTest4" time="0"/>
  <testcase name="test02121" classname="RegressionTest4" time="0"/>
  <testcase name="test02122" classname="RegressionTest4" time="0"/>
  <testcase name="test02123" classname="RegressionTest4" time="0"/>
  <testcase name="test02124" classname="RegressionTest4" time="0"/>
  <testcase name="test02125" classname="RegressionTest4" time="0"/>
  <testcase name="test02126" classname="RegressionTest4" time="0"/>
  <testcase name="test02127" classname="RegressionTest4" time="0"/>
  <testcase name="test02128" classname="RegressionTest4" time="0"/>
  <testcase name="test02129" classname="RegressionTest4" time="0"/>
  <testcase name="test02130" classname="RegressionTest4" time="0"/>
  <testcase name="test02131" classname="RegressionTest4" time="0"/>
  <testcase name="test02132" classname="RegressionTest4" time="0"/>
  <testcase name="test02133" classname="RegressionTest4" time="0"/>
  <testcase name="test02134" classname="RegressionTest4" time="0"/>
  <testcase name="test02135" classname="RegressionTest4" time="0"/>
  <testcase name="test02136" classname="RegressionTest4" time="0"/>
  <testcase name="test02137" classname="RegressionTest4" time="0"/>
  <testcase name="test02138" classname="RegressionTest4" time="0"/>
  <testcase name="test02139" classname="RegressionTest4" time="0"/>
  <testcase name="test02140" classname="RegressionTest4" time="0"/>
  <testcase name="test02141" classname="RegressionTest4" time="0"/>
  <testcase name="test02142" classname="RegressionTest4" time="0"/>
  <testcase name="test02143" classname="RegressionTest4" time="0"/>
  <testcase name="test02144" classname="RegressionTest4" time="0"/>
  <testcase name="test02145" classname="RegressionTest4" time="0"/>
  <testcase name="test02146" classname="RegressionTest4" time="0"/>
  <testcase name="test02147" classname="RegressionTest4" time="0"/>
  <testcase name="test02148" classname="RegressionTest4" time="0"/>
  <testcase name="test02149" classname="RegressionTest4" time="0"/>
  <testcase name="test02150" classname="RegressionTest4" time="0">
    <failure message="&apos;true&apos; != &apos;false&apos; expected:&lt;true&gt; but was:&lt;false&gt;" type="java.lang.AssertionError"><![CDATA[java.lang.AssertionError: 'true' != 'false' expected:<true> but was:<false>
	at RegressionTest4.test02150(RegressionTest4.java:1207)
]]></failure>
  </testcase>
  <testcase name="test02151" classname="RegressionTest4" time="0"/>
  <testcase name="test02152" classname="RegressionTest4" time="0"/>
  <testcase name="test02153" classname="RegressionTest4" time="0"/>
  <testcase name="test02154" classname="RegressionTest4" time="0"/>
  <testcase name="test02155" classname="RegressionTest4" time="0"/>
  <testcase name="test02156" classname="RegressionTest4" time="0"/>
  <testcase name="test02157" classname="RegressionTest4" time="0">
    <failure message="&apos;true&apos; != &apos;false&apos; expected:&lt;true&gt; but was:&lt;false&gt;" type="java.lang.AssertionError"><![CDATA[java.lang.AssertionError: 'true' != 'false' expected:<true> but was:<false>
	at RegressionTest4.test02157(RegressionTest4.java:1263)
]]></failure>
  </testcase>
  <testcase name="test02158" classname="RegressionTest4" time="0"/>
  <testcase name="test02159" classname="RegressionTest4" time="0"/>
  <testcase name="test02160" classname="RegressionTest4" time="0"/>
  <testcase name="test02161" classname="RegressionTest4" time="0"/>
  <testcase name="test02162" classname="RegressionTest4" time="0"/>
  <testcase name="test02163" classname="RegressionTest4" time="0"/>
  <testcase name="test02164" classname="RegressionTest4" time="0.001"/>
  <testcase name="test02165" classname="RegressionTest4" time="0"/>
  <testcase name="test02166" classname="RegressionTest4" time="0"/>
  <testcase name="test02167" classname="RegressionTest4" time="0"/>
  <testcase name="test02168" classname="RegressionTest4" time="0"/>
  <testcase name="test02169" classname="RegressionTest4" time="0"/>
  <testcase name="test02170" classname="RegressionTest4" time="0"/>
  <testcase name="test02171" classname="RegressionTest4" time="0"/>
  <testcase name="test02172" classname="RegressionTest4" time="0"/>
  <testcase name="test02173" classname="RegressionTest4" time="0"/>
  <testcase name="test02174" classname="RegressionTest4" time="0"/>
  <testcase name="test02175" classname="RegressionTest4" time="0"/>
  <testcase name="test02176" classname="RegressionTest4" time="0"/>
  <testcase name="test02177" classname="RegressionTest4" time="0"/>
  <testcase name="test02178" classname="RegressionTest4" time="0"/>
  <testcase name="test02179" classname="RegressionTest4" time="0"/>
  <testcase name="test02180" classname="RegressionTest4" time="0"/>
  <testcase name="test02181" classname="RegressionTest4" time="0"/>
  <testcase name="test02182" classname="RegressionTest4" time="0"/>
  <testcase name="test02183" classname="RegressionTest4" time="0"/>
  <testcase name="test02184" classname="RegressionTest4" time="0">
    <failure message="&apos;true&apos; != &apos;false&apos; expected:&lt;true&gt; but was:&lt;false&gt;" type="java.lang.AssertionError"><![CDATA[java.lang.AssertionError: 'true' != 'false' expected:<true> but was:<false>
	at RegressionTest4.test02184(RegressionTest4.java:1479)
]]></failure>
  </testcase>
  <testcase name="test02185" classname="RegressionTest4" time="0"/>
  <testcase name="test02186" classname="RegressionTest4" time="0"/>
  <testcase name="test02187" classname="RegressionTest4" time="0"/>
  <testcase name="test02188" classname="RegressionTest4" time="0"/>
  <testcase name="test02189" classname="RegressionTest4" time="0"/>
  <testcase name="test02190" classname="RegressionTest4" time="0"/>
  <testcase name="test02191" classname="RegressionTest4" time="0"/>
  <testcase name="test02192" classname="RegressionTest4" time="0"/>
  <testcase name="test02193" classname="RegressionTest4" time="0"/>
  <testcase name="test02194" classname="RegressionTest4" time="0"/>
  <testcase name="test02195" classname="RegressionTest4" time="0"/>
  <testcase name="test02196" classname="RegressionTest4" time="0.001"/>
  <testcase name="test02197" classname="RegressionTest4" time="0"/>
  <testcase name="test02198" classname="RegressionTest4" time="0"/>
  <testcase name="test02199" classname="RegressionTest4" time="0"/>
  <testcase name="test02200" classname="RegressionTest4" time="0"/>
  <testcase name="test02201" classname="RegressionTest4" time="0"/>
  <testcase name="test02202" classname="RegressionTest4" time="0"/>
  <testcase name="test02203" classname="RegressionTest4" time="0"/>
  <testcase name="test02204" classname="RegressionTest4" time="0"/>
  <testcase name="test02205" classname="RegressionTest4" time="0"/>
  <testcase name="test02206" classname="RegressionTest4" time="0"/>
  <testcase name="test02207" classname="RegressionTest4" time="0"/>
  <testcase name="test02208" classname="RegressionTest4" time="0"/>
  <testcase name="test02209" classname="RegressionTest4" time="0"/>
  <testcase name="test02210" classname="RegressionTest4" time="0"/>
  <testcase name="test02211" classname="RegressionTest4" time="0"/>
  <testcase name="test02212" classname="RegressionTest4" time="0"/>
  <testcase name="test02213" classname="RegressionTest4" time="0"/>
  <testcase name="test02214" classname="RegressionTest4" time="0"/>
  <testcase name="test02215" classname="RegressionTest4" time="0"/>
  <testcase name="test02216" classname="RegressionTest4" time="0"/>
  <testcase name="test02217" classname="RegressionTest4" time="0"/>
  <testcase name="test02218" classname="RegressionTest4" time="0"/>
  <testcase name="test02219" classname="RegressionTest4" time="0">
    <failure message="&apos;true&apos; != &apos;false&apos; expected:&lt;true&gt; but was:&lt;false&gt;" type="java.lang.AssertionError"><![CDATA[java.lang.AssertionError: 'true' != 'false' expected:<true> but was:<false>
	at RegressionTest4.test02219(RegressionTest4.java:1759)
]]></failure>
  </testcase>
  <testcase name="test02220" classname="RegressionTest4" time="0.001"/>
  <testcase name="test02221" classname="RegressionTest4" time="0"/>
  <testcase name="test02222" classname="RegressionTest4" time="0"/>
  <testcase name="test02223" classname="RegressionTest4" time="0"/>
  <testcase name="test02224" classname="RegressionTest4" time="0"/>
  <testcase name="test02225" classname="RegressionTest4" time="0"/>
  <testcase name="test02226" classname="RegressionTest4" time="0"/>
  <testcase name="test02227" classname="RegressionTest4" time="0"/>
  <testcase name="test02228" classname="RegressionTest4" time="0"/>
  <testcase name="test02229" classname="RegressionTest4" time="0"/>
  <testcase name="test02230" classname="RegressionTest4" time="0"/>
  <testcase name="test02231" classname="RegressionTest4" time="0"/>
  <testcase name="test02232" classname="RegressionTest4" time="0"/>
  <testcase name="test02233" classname="RegressionTest4" time="0">
    <failure message="&apos;true&apos; != &apos;false&apos; expected:&lt;true&gt; but was:&lt;false&gt;" type="java.lang.AssertionError"><![CDATA[java.lang.AssertionError: 'true' != 'false' expected:<true> but was:<false>
	at RegressionTest4.test02233(RegressionTest4.java:1871)
]]></failure>
  </testcase>
  <testcase name="test02234" classname="RegressionTest4" time="0"/>
  <testcase name="test02235" classname="RegressionTest4" time="0"/>
  <testcase name="test02236" classname="RegressionTest4" time="0"/>
  <testcase name="test02237" classname="RegressionTest4" time="0"/>
  <testcase name="test02238" classname="RegressionTest4" time="0">
    <failure message="&apos;true&apos; != &apos;false&apos; expected:&lt;true&gt; but was:&lt;false&gt;" type="java.lang.AssertionError"><![CDATA[java.lang.AssertionError: 'true' != 'false' expected:<true> but was:<false>
	at RegressionTest4.test02238(RegressionTest4.java:1911)
]]></failure>
  </testcase>
  <testcase name="test02239" classname="RegressionTest4" time="0">
    <failure message="&apos;true&apos; != &apos;false&apos; expected:&lt;true&gt; but was:&lt;false&gt;" type="java.lang.AssertionError"><![CDATA[java.lang.AssertionError: 'true' != 'false' expected:<true> but was:<false>
	at RegressionTest4.test02239(RegressionTest4.java:1919)
]]></failure>
  </testcase>
  <testcase name="test02240" classname="RegressionTest4" time="0"/>
  <testcase name="test02241" classname="RegressionTest4" time="0"/>
  <testcase name="test02242" classname="RegressionTest4" time="0"/>
  <testcase name="test02243" classname="RegressionTest4" time="0"/>
  <testcase name="test02244" classname="RegressionTest4" time="0"/>
  <testcase name="test02245" classname="RegressionTest4" time="0"/>
  <testcase name="test02246" classname="RegressionTest4" time="0"/>
  <testcase name="test02247" classname="RegressionTest4" time="0"/>
  <testcase name="test02248" classname="RegressionTest4" time="0.001"/>
  <testcase name="test02249" classname="RegressionTest4" time="0"/>
  <testcase name="test02250" classname="RegressionTest4" time="0"/>
  <testcase name="test02251" classname="RegressionTest4" time="0"/>
  <testcase name="test02252" classname="RegressionTest4" time="0"/>
  <testcase name="test02253" classname="RegressionTest4" time="0"/>
  <testcase name="test02254" classname="RegressionTest4" time="0">
    <failure message="&apos;true&apos; != &apos;false&apos; expected:&lt;true&gt; but was:&lt;false&gt;" type="java.lang.AssertionError"><![CDATA[java.lang.AssertionError: 'true' != 'false' expected:<true> but was:<false>
	at RegressionTest4.test02254(RegressionTest4.java:2039)
]]></failure>
  </testcase>
  <testcase name="test02255" classname="RegressionTest4" time="0"/>
  <testcase name="test02256" classname="RegressionTest4" time="0"/>
  <testcase name="test02257" classname="RegressionTest4" time="0"/>
  <testcase name="test02258" classname="RegressionTest4" time="0"/>
  <testcase name="test02259" classname="RegressionTest4" time="0"/>
  <testcase name="test02260" classname="RegressionTest4" time="0"/>
  <testcase name="test02261" classname="RegressionTest4" time="0"/>
  <testcase name="test02262" classname="RegressionTest4" time="0"/>
  <testcase name="test02263" classname="RegressionTest4" time="0"/>
  <testcase name="test02264" classname="RegressionTest4" time="0"/>
  <testcase name="test02265" classname="RegressionTest4" time="0"/>
  <testcase name="test02266" classname="RegressionTest4" time="0"/>
  <testcase name="test02267" classname="RegressionTest4" time="0"/>
  <testcase name="test02268" classname="RegressionTest4" time="0"/>
  <testcase name="test02269" classname="RegressionTest4" time="0"/>
  <testcase name="test02270" classname="RegressionTest4" time="0"/>
  <testcase name="test02271" classname="RegressionTest4" time="0"/>
  <testcase name="test02272" classname="RegressionTest4" time="0"/>
  <testcase name="test02273" classname="RegressionTest4" time="0"/>
  <testcase name="test02274" classname="RegressionTest4" time="0"/>
  <testcase name="test02275" classname="RegressionTest4" time="0">
    <failure message="&apos;true&apos; != &apos;false&apos; expected:&lt;true&gt; but was:&lt;false&gt;" type="java.lang.AssertionError"><![CDATA[java.lang.AssertionError: 'true' != 'false' expected:<true> but was:<false>
	at RegressionTest4.test02275(RegressionTest4.java:2207)
]]></failure>
  </testcase>
  <testcase name="test02276" classname="RegressionTest4" time="0">
    <failure message="&apos;true&apos; != &apos;false&apos; expected:&lt;true&gt; but was:&lt;false&gt;" type="java.lang.AssertionError"><![CDATA[java.lang.AssertionError: 'true' != 'false' expected:<true> but was:<false>
	at RegressionTest4.test02276(RegressionTest4.java:2215)
]]></failure>
  </testcase>
  <testcase name="test02277" classname="RegressionTest4" time="0"/>
  <testcase name="test02278" classname="RegressionTest4" time="0"/>
  <testcase name="test02279" classname="RegressionTest4" time="0"/>
  <testcase name="test02280" classname="RegressionTest4" time="0"/>
  <testcase name="test02281" classname="RegressionTest4" time="0"/>
  <testcase name="test02282" classname="RegressionTest4" time="0"/>
  <testcase name="test02283" classname="RegressionTest4" time="0"/>
  <testcase name="test02284" classname="RegressionTest4" time="0"/>
  <testcase name="test02285" classname="RegressionTest4" time="0"/>
  <testcase name="test02286" classname="RegressionTest4" time="0"/>
  <testcase name="test02287" classname="RegressionTest4" time="0"/>
  <testcase name="test02288" classname="RegressionTest4" time="0"/>
  <testcase name="test02289" classname="RegressionTest4" time="0"/>
  <testcase name="test02290" classname="RegressionTest4" time="0"/>
  <testcase name="test02291" classname="RegressionTest4" time="0"/>
  <testcase name="test02292" classname="RegressionTest4" time="0"/>
  <testcase name="test02293" classname="RegressionTest4" time="0"/>
  <testcase name="test02294" classname="RegressionTest4" time="0"/>
  <testcase name="test02295" classname="RegressionTest4" time="0"/>
  <testcase name="test02296" classname="RegressionTest4" time="0"/>
  <testcase name="test02297" classname="RegressionTest4" time="0"/>
  <testcase name="test02298" classname="RegressionTest4" time="0"/>
  <testcase name="test02299" classname="RegressionTest4" time="0"/>
  <testcase name="test02300" classname="RegressionTest4" time="0"/>
  <testcase name="test02301" classname="RegressionTest4" time="0"/>
  <testcase name="test02302" classname="RegressionTest4" time="0"/>
  <testcase name="test02303" classname="RegressionTest4" time="0"/>
  <testcase name="test02304" classname="RegressionTest4" time="0"/>
  <testcase name="test02305" classname="RegressionTest4" time="0"/>
  <testcase name="test02306" classname="RegressionTest4" time="0"/>
  <testcase name="test02307" classname="RegressionTest4" time="0"/>
  <testcase name="test02308" classname="RegressionTest4" time="0"/>
  <testcase name="test02309" classname="RegressionTest4" time="0"/>
  <testcase name="test02310" classname="RegressionTest4" time="0"/>
  <testcase name="test02311" classname="RegressionTest4" time="0"/>
  <testcase name="test02312" classname="RegressionTest4" time="0"/>
  <testcase name="test02313" classname="RegressionTest4" time="0"/>
  <testcase name="test02314" classname="RegressionTest4" time="0"/>
  <testcase name="test02315" classname="RegressionTest4" time="0"/>
  <testcase name="test02316" classname="RegressionTest4" time="0"/>
  <testcase name="test02317" classname="RegressionTest4" time="0"/>
  <testcase name="test02318" classname="RegressionTest4" time="0"/>
  <testcase name="test02319" classname="RegressionTest4" time="0"/>
  <testcase name="test02320" classname="RegressionTest4" time="0"/>
  <testcase name="test02321" classname="RegressionTest4" time="0"/>
  <testcase name="test02322" classname="RegressionTest4" time="0"/>
  <testcase name="test02323" classname="RegressionTest4" time="0"/>
  <testcase name="test02324" classname="RegressionTest4" time="0"/>
  <testcase name="test02325" classname="RegressionTest4" time="0"/>
  <testcase name="test02326" classname="RegressionTest4" time="0"/>
  <testcase name="test02327" classname="RegressionTest4" time="0"/>
  <testcase name="test02328" classname="RegressionTest4" time="0"/>
  <testcase name="test02329" classname="RegressionTest4" time="0"/>
  <testcase name="test02330" classname="RegressionTest4" time="0">
    <failure message="&apos;true&apos; != &apos;false&apos; expected:&lt;true&gt; but was:&lt;false&gt;" type="java.lang.AssertionError"><![CDATA[java.lang.AssertionError: 'true' != 'false' expected:<true> but was:<false>
	at RegressionTest4.test02330(RegressionTest4.java:2647)
]]></failure>
  </testcase>
  <testcase name="test02331" classname="RegressionTest4" time="0"/>
  <testcase name="test02332" classname="RegressionTest4" time="0"/>
  <testcase name="test02333" classname="RegressionTest4" time="0"/>
  <testcase name="test02334" classname="RegressionTest4" time="0"/>
  <testcase name="test02335" classname="RegressionTest4" time="0"/>
  <testcase name="test02336" classname="RegressionTest4" time="0"/>
  <testcase name="test02337" classname="RegressionTest4" time="0"/>
  <testcase name="test02338" classname="RegressionTest4" time="0"/>
  <testcase name="test02339" classname="RegressionTest4" time="0"/>
  <testcase name="test02340" classname="RegressionTest4" time="0"/>
  <testcase name="test02341" classname="RegressionTest4" time="0"/>
  <testcase name="test02342" classname="RegressionTest4" time="0"/>
  <testcase name="test02343" classname="RegressionTest4" time="0"/>
  <testcase name="test02344" classname="RegressionTest4" time="0"/>
  <testcase name="test02345" classname="RegressionTest4" time="0"/>
  <testcase name="test02346" classname="RegressionTest4" time="0"/>
  <testcase name="test02347" classname="RegressionTest4" time="0"/>
  <testcase name="test02348" classname="RegressionTest4" time="0"/>
  <testcase name="test02349" classname="RegressionTest4" time="0"/>
  <testcase name="test02350" classname="RegressionTest4" time="0"/>
  <testcase name="test02351" classname="RegressionTest4" time="0.001">
    <failure message="&apos;true&apos; != &apos;false&apos; expected:&lt;true&gt; but was:&lt;false&gt;" type="java.lang.AssertionError"><![CDATA[java.lang.AssertionError: 'true' != 'false' expected:<true> but was:<false>
	at RegressionTest4.test02351(RegressionTest4.java:2815)
]]></failure>
  </testcase>
  <testcase name="test02352" classname="RegressionTest4" time="0"/>
  <testcase name="test02353" classname="RegressionTest4" time="0"/>
  <testcase name="test02354" classname="RegressionTest4" time="0"/>
  <testcase name="test02355" classname="RegressionTest4" time="0"/>
  <testcase name="test02356" classname="RegressionTest4" time="0"/>
  <testcase name="test02357" classname="RegressionTest4" time="0"/>
  <testcase name="test02358" classname="RegressionTest4" time="0"/>
  <testcase name="test02359" classname="RegressionTest4" time="0"/>
  <testcase name="test02360" classname="RegressionTest4" time="0"/>
  <testcase name="test02361" classname="RegressionTest4" time="0"/>
  <testcase name="test02362" classname="RegressionTest4" time="0"/>
  <testcase name="test02363" classname="RegressionTest4" time="0">
    <failure message="&apos;true&apos; != &apos;false&apos; expected:&lt;true&gt; but was:&lt;false&gt;" type="java.lang.AssertionError"><![CDATA[java.lang.AssertionError: 'true' != 'false' expected:<true> but was:<false>
	at RegressionTest4.test02363(RegressionTest4.java:2911)
]]></failure>
  </testcase>
  <testcase name="test02364" classname="RegressionTest4" time="0"/>
  <testcase name="test02365" classname="RegressionTest4" time="0"/>
  <testcase name="test02366" classname="RegressionTest4" time="0"/>
  <testcase name="test02367" classname="RegressionTest4" time="0"/>
  <testcase name="test02368" classname="RegressionTest4" time="0"/>
  <testcase name="test02369" classname="RegressionTest4" time="0"/>
  <testcase name="test02370" classname="RegressionTest4" time="0"/>
  <testcase name="test02371" classname="RegressionTest4" time="0"/>
  <testcase name="test02372" classname="RegressionTest4" time="0"/>
  <testcase name="test02373" classname="RegressionTest4" time="0"/>
  <testcase name="test02374" classname="RegressionTest4" time="0"/>
  <testcase name="test02375" classname="RegressionTest4" time="0"/>
  <testcase name="test02376" classname="RegressionTest4" time="0"/>
  <testcase name="test02377" classname="RegressionTest4" time="0"/>
  <testcase name="test02378" classname="RegressionTest4" time="0"/>
  <testcase name="test02379" classname="RegressionTest4" time="0"/>
  <testcase name="test02380" classname="RegressionTest4" time="0"/>
  <testcase name="test02381" classname="RegressionTest4" time="0"/>
  <testcase name="test02382" classname="RegressionTest4" time="0"/>
  <testcase name="test02383" classname="RegressionTest4" time="0"/>
  <testcase name="test02384" classname="RegressionTest4" time="0"/>
  <testcase name="test02385" classname="RegressionTest4" time="0"/>
  <testcase name="test02386" classname="RegressionTest4" time="0"/>
  <testcase name="test02387" classname="RegressionTest4" time="0"/>
  <testcase name="test02388" classname="RegressionTest4" time="0"/>
  <testcase name="test02389" classname="RegressionTest4" time="0"/>
  <testcase name="test02390" classname="RegressionTest4" time="0"/>
  <testcase name="test02391" classname="RegressionTest4" time="0"/>
  <testcase name="test02392" classname="RegressionTest4" time="0"/>
  <testcase name="test02393" classname="RegressionTest4" time="0"/>
  <testcase name="test02394" classname="RegressionTest4" time="0"/>
  <testcase name="test02395" classname="RegressionTest4" time="0">
    <failure message="&apos;true&apos; != &apos;false&apos; expected:&lt;true&gt; but was:&lt;false&gt;" type="java.lang.AssertionError"><![CDATA[java.lang.AssertionError: 'true' != 'false' expected:<true> but was:<false>
	at RegressionTest4.test02395(RegressionTest4.java:3167)
]]></failure>
  </testcase>
  <testcase name="test02396" classname="RegressionTest4" time="0"/>
  <testcase name="test02397" classname="RegressionTest4" time="0"/>
  <testcase name="test02398" classname="RegressionTest4" time="0"/>
  <testcase name="test02399" classname="RegressionTest4" time="0"/>
  <testcase name="test02400" classname="RegressionTest4" time="0"/>
  <testcase name="test02401" classname="RegressionTest4" time="0"/>
  <testcase name="test02402" classname="RegressionTest4" time="0"/>
  <testcase name="test02403" classname="RegressionTest4" time="0"/>
  <testcase name="test02404" classname="RegressionTest4" time="0"/>
  <testcase name="test02405" classname="RegressionTest4" time="0">
    <failure message="&apos;true&apos; != &apos;false&apos; expected:&lt;true&gt; but was:&lt;false&gt;" type="java.lang.AssertionError"><![CDATA[java.lang.AssertionError: 'true' != 'false' expected:<true> but was:<false>
	at RegressionTest4.test02405(RegressionTest4.java:3247)
]]></failure>
  </testcase>
  <testcase name="test02406" classname="RegressionTest4" time="0"/>
  <testcase name="test02407" classname="RegressionTest4" time="0"/>
  <testcase name="test02408" classname="RegressionTest4" time="0"/>
  <testcase name="test02409" classname="RegressionTest4" time="0"/>
  <testcase name="test02410" classname="RegressionTest4" time="0"/>
  <testcase name="test02411" classname="RegressionTest4" time="0"/>
  <testcase name="test02412" classname="RegressionTest4" time="0"/>
  <testcase name="test02413" classname="RegressionTest4" time="0"/>
  <testcase name="test02414" classname="RegressionTest4" time="0"/>
  <testcase name="test02415" classname="RegressionTest4" time="0"/>
  <testcase name="test02416" classname="RegressionTest4" time="0"/>
  <testcase name="test02417" classname="RegressionTest4" time="0"/>
  <testcase name="test02418" classname="RegressionTest4" time="0"/>
  <testcase name="test02419" classname="RegressionTest4" time="0.001">
    <failure message="&apos;true&apos; != &apos;false&apos; expected:&lt;true&gt; but was:&lt;false&gt;" type="java.lang.AssertionError"><![CDATA[java.lang.AssertionError: 'true' != 'false' expected:<true> but was:<false>
	at RegressionTest4.test02419(RegressionTest4.java:3359)
]]></failure>
  </testcase>
  <testcase name="test02420" classname="RegressionTest4" time="0"/>
  <testcase name="test02421" classname="RegressionTest4" time="0"/>
  <testcase name="test02422" classname="RegressionTest4" time="0"/>
  <testcase name="test02423" classname="RegressionTest4" time="0"/>
  <testcase name="test02424" classname="RegressionTest4" time="0"/>
  <testcase name="test02425" classname="RegressionTest4" time="0"/>
  <testcase name="test02426" classname="RegressionTest4" time="0"/>
  <testcase name="test02427" classname="RegressionTest4" time="0"/>
  <testcase name="test02428" classname="RegressionTest4" time="0"/>
  <testcase name="test02429" classname="RegressionTest4" time="0"/>
  <testcase name="test02430" classname="RegressionTest4" time="0"/>
  <testcase name="test02431" classname="RegressionTest4" time="0"/>
  <testcase name="test02432" classname="RegressionTest4" time="0"/>
  <testcase name="test02433" classname="RegressionTest4" time="0"/>
  <testcase name="test02434" classname="RegressionTest4" time="0"/>
  <testcase name="test02435" classname="RegressionTest4" time="0"/>
  <testcase name="test02436" classname="RegressionTest4" time="0"/>
  <testcase name="test02437" classname="RegressionTest4" time="0"/>
  <testcase name="test02438" classname="RegressionTest4" time="0"/>
  <testcase name="test02439" classname="RegressionTest4" time="0">
    <failure message="&apos;true&apos; != &apos;false&apos; expected:&lt;true&gt; but was:&lt;false&gt;" type="java.lang.AssertionError"><![CDATA[java.lang.AssertionError: 'true' != 'false' expected:<true> but was:<false>
	at RegressionTest4.test02439(RegressionTest4.java:3519)
]]></failure>
  </testcase>
  <testcase name="test02440" classname="RegressionTest4" time="0"/>
  <testcase name="test02441" classname="RegressionTest4" time="0"/>
  <testcase name="test02442" classname="RegressionTest4" time="0"/>
  <testcase name="test02443" classname="RegressionTest4" time="0"/>
  <testcase name="test02444" classname="RegressionTest4" time="0"/>
  <testcase name="test02445" classname="RegressionTest4" time="0"/>
  <testcase name="test02446" classname="RegressionTest4" time="0"/>
  <testcase name="test02447" classname="RegressionTest4" time="0"/>
  <testcase name="test02448" classname="RegressionTest4" time="0"/>
  <testcase name="test02449" classname="RegressionTest4" time="0.001"/>
  <testcase name="test02450" classname="RegressionTest4" time="0"/>
  <testcase name="test02451" classname="RegressionTest4" time="0"/>
  <testcase name="test02452" classname="RegressionTest4" time="0"/>
  <testcase name="test02453" classname="RegressionTest4" time="0"/>
  <testcase name="test02454" classname="RegressionTest4" time="0"/>
  <testcase name="test02455" classname="RegressionTest4" time="0"/>
  <testcase name="test02456" classname="RegressionTest4" time="0"/>
  <testcase name="test02457" classname="RegressionTest4" time="0"/>
  <testcase name="test02458" classname="RegressionTest4" time="0"/>
  <testcase name="test02459" classname="RegressionTest4" time="0"/>
  <testcase name="test02460" classname="RegressionTest4" time="0"/>
  <testcase name="test02461" classname="RegressionTest4" time="0"/>
  <testcase name="test02462" classname="RegressionTest4" time="0"/>
  <testcase name="test02463" classname="RegressionTest4" time="0"/>
  <testcase name="test02464" classname="RegressionTest4" time="0"/>
  <testcase name="test02465" classname="RegressionTest4" time="0"/>
  <testcase name="test02466" classname="RegressionTest4" time="0"/>
  <testcase name="test02467" classname="RegressionTest4" time="0"/>
  <testcase name="test02468" classname="RegressionTest4" time="0"/>
  <testcase name="test02469" classname="RegressionTest4" time="0"/>
  <testcase name="test02470" classname="RegressionTest4" time="0"/>
  <testcase name="test02471" classname="RegressionTest4" time="0"/>
  <testcase name="test02472" classname="RegressionTest4" time="0"/>
  <testcase name="test02473" classname="RegressionTest4" time="0"/>
  <testcase name="test02474" classname="RegressionTest4" time="0"/>
  <testcase name="test02475" classname="RegressionTest4" time="0"/>
  <testcase name="test02476" classname="RegressionTest4" time="0"/>
  <testcase name="test02477" classname="RegressionTest4" time="0">
    <failure message="&apos;true&apos; != &apos;false&apos; expected:&lt;true&gt; but was:&lt;false&gt;" type="java.lang.AssertionError"><![CDATA[java.lang.AssertionError: 'true' != 'false' expected:<true> but was:<false>
	at RegressionTest4.test02477(RegressionTest4.java:3823)
]]></failure>
  </testcase>
  <testcase name="test02478" classname="RegressionTest4" time="0"/>
  <testcase name="test02479" classname="RegressionTest4" time="0"/>
  <testcase name="test02480" classname="RegressionTest4" time="0"/>
  <testcase name="test02481" classname="RegressionTest4" time="0"/>
  <testcase name="test02482" classname="RegressionTest4" time="0"/>
  <testcase name="test02483" classname="RegressionTest4" time="0"/>
  <testcase name="test02484" classname="RegressionTest4" time="0"/>
  <testcase name="test02485" classname="RegressionTest4" time="0"/>
  <testcase name="test02486" classname="RegressionTest4" time="0.001"/>
  <testcase name="test02487" classname="RegressionTest4" time="0"/>
  <testcase name="test02488" classname="RegressionTest4" time="0"/>
  <testcase name="test02489" classname="RegressionTest4" time="0"/>
  <testcase name="test02490" classname="RegressionTest4" time="0"/>
  <testcase name="test02491" classname="RegressionTest4" time="0"/>
  <testcase name="test02492" classname="RegressionTest4" time="0"/>
  <testcase name="test02493" classname="RegressionTest4" time="0"/>
  <testcase name="test02494" classname="RegressionTest4" time="0"/>
  <testcase name="test02495" classname="RegressionTest4" time="0"/>
  <testcase name="test02496" classname="RegressionTest4" time="0"/>
  <testcase name="test02497" classname="RegressionTest4" time="0"/>
  <testcase name="test02498" classname="RegressionTest4" time="0"/>
  <testcase name="test02499" classname="RegressionTest4" time="0"/>
  <testcase name="test02500" classname="RegressionTest4" time="0"/>
  <testcase name="test02501" classname="RegressionTest5" time="0.001"/>
  <testcase name="test02502" classname="RegressionTest5" time="0"/>
  <testcase name="test02503" classname="RegressionTest5" time="0"/>
  <testcase name="test02504" classname="RegressionTest5" time="0"/>
  <testcase name="test02505" classname="RegressionTest5" time="0"/>
  <testcase name="test02506" classname="RegressionTest5" time="0"/>
  <testcase name="test02507" classname="RegressionTest5" time="0"/>
  <testcase name="test02508" classname="RegressionTest5" time="0"/>
  <testcase name="test02509" classname="RegressionTest5" time="0">
    <failure message="&apos;true&apos; != &apos;false&apos; expected:&lt;true&gt; but was:&lt;false&gt;" type="java.lang.AssertionError"><![CDATA[java.lang.AssertionError: 'true' != 'false' expected:<true> but was:<false>
	at RegressionTest5.test02509(RegressionTest5.java:79)
]]></failure>
  </testcase>
  <testcase name="test02510" classname="RegressionTest5" time="0"/>
  <testcase name="test02511" classname="RegressionTest5" time="0"/>
  <testcase name="test02512" classname="RegressionTest5" time="0"/>
  <testcase name="test02513" classname="RegressionTest5" time="0"/>
  <testcase name="test02514" classname="RegressionTest5" time="0"/>
  <testcase name="test02515" classname="RegressionTest5" time="0"/>
  <testcase name="test02516" classname="RegressionTest5" time="0"/>
  <testcase name="test02517" classname="RegressionTest5" time="0"/>
  <testcase name="test02518" classname="RegressionTest5" time="0"/>
  <testcase name="test02519" classname="RegressionTest5" time="0"/>
  <testcase name="test02520" classname="RegressionTest5" time="0"/>
  <testcase name="test02521" classname="RegressionTest5" time="0"/>
  <testcase name="test02522" classname="RegressionTest5" time="0"/>
  <testcase name="test02523" classname="RegressionTest5" time="0"/>
  <testcase name="test02524" classname="RegressionTest5" time="0"/>
  <testcase name="test02525" classname="RegressionTest5" time="0"/>
  <testcase name="test02526" classname="RegressionTest5" time="0"/>
  <testcase name="test02527" classname="RegressionTest5" time="0"/>
  <testcase name="test02528" classname="RegressionTest5" time="0"/>
  <testcase name="test02529" classname="RegressionTest5" time="0"/>
  <testcase name="test02530" classname="RegressionTest5" time="0"/>
  <testcase name="test02531" classname="RegressionTest5" time="0">
    <failure message="&apos;true&apos; != &apos;false&apos; expected:&lt;true&gt; but was:&lt;false&gt;" type="java.lang.AssertionError"><![CDATA[java.lang.AssertionError: 'true' != 'false' expected:<true> but was:<false>
	at RegressionTest5.test02531(RegressionTest5.java:255)
]]></failure>
  </testcase>
  <testcase name="test02532" classname="RegressionTest5" time="0"/>
  <testcase name="test02533" classname="RegressionTest5" time="0"/>
  <testcase name="test02534" classname="RegressionTest5" time="0"/>
  <testcase name="test02535" classname="RegressionTest5" time="0"/>
  <testcase name="test02536" classname="RegressionTest5" time="0"/>
  <testcase name="test02537" classname="RegressionTest5" time="0"/>
  <testcase name="test02538" classname="RegressionTest5" time="0"/>
  <testcase name="test02539" classname="RegressionTest5" time="0"/>
  <testcase name="test02540" classname="RegressionTest5" time="0"/>
  <testcase name="test02541" classname="RegressionTest5" time="0"/>
  <testcase name="test02542" classname="RegressionTest5" time="0"/>
  <testcase name="test02543" classname="RegressionTest5" time="0"/>
  <testcase name="test02544" classname="RegressionTest5" time="0"/>
  <testcase name="test02545" classname="RegressionTest5" time="0.001"/>
  <testcase name="test02546" classname="RegressionTest5" time="0"/>
  <testcase name="test02547" classname="RegressionTest5" time="0"/>
  <testcase name="test02548" classname="RegressionTest5" time="0"/>
  <testcase name="test02549" classname="RegressionTest5" time="0">
    <failure message="&apos;true&apos; != &apos;false&apos; expected:&lt;true&gt; but was:&lt;false&gt;" type="java.lang.AssertionError"><![CDATA[java.lang.AssertionError: 'true' != 'false' expected:<true> but was:<false>
	at RegressionTest5.test02549(RegressionTest5.java:399)
]]></failure>
  </testcase>
  <testcase name="test02550" classname="RegressionTest5" time="0"/>
  <testcase name="test02551" classname="RegressionTest5" time="0"/>
  <testcase name="test02552" classname="RegressionTest5" time="0"/>
  <testcase name="test02553" classname="RegressionTest5" time="0"/>
  <testcase name="test02554" classname="RegressionTest5" time="0"/>
  <testcase name="test02555" classname="RegressionTest5" time="0"/>
  <testcase name="test02556" classname="RegressionTest5" time="0"/>
  <testcase name="test02557" classname="RegressionTest5" time="0"/>
  <testcase name="test02558" classname="RegressionTest5" time="0"/>
  <testcase name="test02559" classname="RegressionTest5" time="0"/>
  <testcase name="test02560" classname="RegressionTest5" time="0"/>
  <testcase name="test02561" classname="RegressionTest5" time="0"/>
  <testcase name="test02562" classname="RegressionTest5" time="0">
    <failure message="&apos;true&apos; != &apos;false&apos; expected:&lt;true&gt; but was:&lt;false&gt;" type="java.lang.AssertionError"><![CDATA[java.lang.AssertionError: 'true' != 'false' expected:<true> but was:<false>
	at RegressionTest5.test02562(RegressionTest5.java:503)
]]></failure>
  </testcase>
  <testcase name="test02563" classname="RegressionTest5" time="0"/>
  <testcase name="test02564" classname="RegressionTest5" time="0"/>
  <testcase name="test02565" classname="RegressionTest5" time="0"/>
  <testcase name="test02566" classname="RegressionTest5" time="0"/>
  <testcase name="test02567" classname="RegressionTest5" time="0"/>
  <testcase name="test02568" classname="RegressionTest5" time="0"/>
  <testcase name="test02569" classname="RegressionTest5" time="0"/>
  <testcase name="test02570" classname="RegressionTest5" time="0">
    <failure message="&apos;true&apos; != &apos;false&apos; expected:&lt;true&gt; but was:&lt;false&gt;" type="java.lang.AssertionError"><![CDATA[java.lang.AssertionError: 'true' != 'false' expected:<true> but was:<false>
	at RegressionTest5.test02570(RegressionTest5.java:567)
]]></failure>
  </testcase>
  <testcase name="test02571" classname="RegressionTest5" time="0"/>
  <testcase name="test02572" classname="RegressionTest5" time="0"/>
  <testcase name="test02573" classname="RegressionTest5" time="0"/>
  <testcase name="test02574" classname="RegressionTest5" time="0"/>
  <testcase name="test02575" classname="RegressionTest5" time="0"/>
  <testcase name="test02576" classname="RegressionTest5" time="0"/>
  <testcase name="test02577" classname="RegressionTest5" time="0"/>
  <testcase name="test02578" classname="RegressionTest5" time="0"/>
  <testcase name="test02579" classname="RegressionTest5" time="0"/>
  <testcase name="test02580" classname="RegressionTest5" time="0"/>
  <testcase name="test02581" classname="RegressionTest5" time="0"/>
  <testcase name="test02582" classname="RegressionTest5" time="0"/>
  <testcase name="test02583" classname="RegressionTest5" time="0"/>
  <testcase name="test02584" classname="RegressionTest5" time="0"/>
  <testcase name="test02585" classname="RegressionTest5" time="0"/>
  <testcase name="test02586" classname="RegressionTest5" time="0">
    <failure message="&apos;true&apos; != &apos;false&apos; expected:&lt;true&gt; but was:&lt;false&gt;" type="java.lang.AssertionError"><![CDATA[java.lang.AssertionError: 'true' != 'false' expected:<true> but was:<false>
	at RegressionTest5.test02586(RegressionTest5.java:695)
]]></failure>
  </testcase>
  <testcase name="test02587" classname="RegressionTest5" time="0"/>
  <testcase name="test02588" classname="RegressionTest5" time="0"/>
  <testcase name="test02589" classname="RegressionTest5" time="0"/>
  <testcase name="test02590" classname="RegressionTest5" time="0"/>
  <testcase name="test02591" classname="RegressionTest5" time="0"/>
  <testcase name="test02592" classname="RegressionTest5" time="0"/>
  <testcase name="test02593" classname="RegressionTest5" time="0"/>
  <testcase name="test02594" classname="RegressionTest5" time="0"/>
  <testcase name="test02595" classname="RegressionTest5" time="0"/>
  <testcase name="test02596" classname="RegressionTest5" time="0"/>
  <testcase name="test02597" classname="RegressionTest5" time="0"/>
  <testcase name="test02598" classname="RegressionTest5" time="0.001"/>
  <testcase name="test02599" classname="RegressionTest5" time="0"/>
  <testcase name="test02600" classname="RegressionTest5" time="0"/>
  <testcase name="test02601" classname="RegressionTest5" time="0"/>
  <testcase name="test02602" classname="RegressionTest5" time="0"/>
  <testcase name="test02603" classname="RegressionTest5" time="0"/>
  <testcase name="test02604" classname="RegressionTest5" time="0"/>
  <testcase name="test02605" classname="RegressionTest5" time="0"/>
  <testcase name="test02606" classname="RegressionTest5" time="0.001"/>
  <testcase name="test02607" classname="RegressionTest5" time="0"/>
  <testcase name="test02608" classname="RegressionTest5" time="0"/>
  <testcase name="test02609" classname="RegressionTest5" time="0"/>
  <testcase name="test02610" classname="RegressionTest5" time="0"/>
  <testcase name="test02611" classname="RegressionTest5" time="0"/>
  <testcase name="test02612" classname="RegressionTest5" time="0"/>
  <testcase name="test02613" classname="RegressionTest5" time="0"/>
  <testcase name="test02614" classname="RegressionTest5" time="0"/>
  <testcase name="test02615" classname="RegressionTest5" time="0"/>
  <testcase name="test02616" classname="RegressionTest5" time="0"/>
  <testcase name="test02617" classname="RegressionTest5" time="0"/>
  <testcase name="test02618" classname="RegressionTest5" time="0"/>
  <testcase name="test02619" classname="RegressionTest5" time="0"/>
  <testcase name="test02620" classname="RegressionTest5" time="0"/>
  <testcase name="test02621" classname="RegressionTest5" time="0.001"/>
  <testcase name="test02622" classname="RegressionTest5" time="0"/>
  <testcase name="test02623" classname="RegressionTest5" time="0"/>
  <testcase name="test02624" classname="RegressionTest5" time="0"/>
  <testcase name="test02625" classname="RegressionTest5" time="0"/>
  <testcase name="test02626" classname="RegressionTest5" time="0"/>
  <testcase name="test02627" classname="RegressionTest5" time="0">
    <failure message="&apos;true&apos; != &apos;false&apos; expected:&lt;true&gt; but was:&lt;false&gt;" type="java.lang.AssertionError"><![CDATA[java.lang.AssertionError: 'true' != 'false' expected:<true> but was:<false>
	at RegressionTest5.test02627(RegressionTest5.java:1023)
]]></failure>
  </testcase>
  <testcase name="test02628" classname="RegressionTest5" time="0"/>
  <testcase name="test02629" classname="RegressionTest5" time="0"/>
  <testcase name="test02630" classname="RegressionTest5" time="0"/>
  <testcase name="test02631" classname="RegressionTest5" time="0"/>
  <testcase name="test02632" classname="RegressionTest5" time="0"/>
  <testcase name="test02633" classname="RegressionTest5" time="0"/>
  <testcase name="test02634" classname="RegressionTest5" time="0"/>
  <testcase name="test02635" classname="RegressionTest5" time="0"/>
  <testcase name="test02636" classname="RegressionTest5" time="0"/>
  <testcase name="test02637" classname="RegressionTest5" time="0"/>
  <testcase name="test02638" classname="RegressionTest5" time="0"/>
  <testcase name="test02639" classname="RegressionTest5" time="0"/>
  <testcase name="test02640" classname="RegressionTest5" time="0"/>
  <testcase name="test02641" classname="RegressionTest5" time="0"/>
  <testcase name="test02642" classname="RegressionTest5" time="0"/>
  <testcase name="test02643" classname="RegressionTest5" time="0"/>
  <testcase name="test02644" classname="RegressionTest5" time="0"/>
  <testcase name="test02645" classname="RegressionTest5" time="0"/>
  <testcase name="test02646" classname="RegressionTest5" time="0">
    <failure message="&apos;true&apos; != &apos;false&apos; expected:&lt;true&gt; but was:&lt;false&gt;" type="java.lang.AssertionError"><![CDATA[java.lang.AssertionError: 'true' != 'false' expected:<true> but was:<false>
	at RegressionTest5.test02646(RegressionTest5.java:1175)
]]></failure>
  </testcase>
  <testcase name="test02647" classname="RegressionTest5" time="0"/>
  <testcase name="test02648" classname="RegressionTest5" time="0"/>
  <testcase name="test02649" classname="RegressionTest5" time="0"/>
  <testcase name="test02650" classname="RegressionTest5" time="0"/>
  <testcase name="test02651" classname="RegressionTest5" time="0"/>
  <testcase name="test02652" classname="RegressionTest5" time="0.001"/>
  <testcase name="test02653" classname="RegressionTest5" time="0"/>
  <testcase name="test02654" classname="RegressionTest5" time="0"/>
  <testcase name="test02655" classname="RegressionTest5" time="0"/>
  <testcase name="test02656" classname="RegressionTest5" time="0">
    <failure message="&apos;true&apos; != &apos;false&apos; expected:&lt;true&gt; but was:&lt;false&gt;" type="java.lang.AssertionError"><![CDATA[java.lang.AssertionError: 'true' != 'false' expected:<true> but was:<false>
	at RegressionTest5.test02656(RegressionTest5.java:1255)
]]></failure>
  </testcase>
  <testcase name="test02657" classname="RegressionTest5" time="0"/>
  <testcase name="test02658" classname="RegressionTest5" time="0"/>
  <testcase name="test02659" classname="RegressionTest5" time="0"/>
  <testcase name="test02660" classname="RegressionTest5" time="0"/>
  <testcase name="test02661" classname="RegressionTest5" time="0"/>
  <testcase name="test02662" classname="RegressionTest5" time="0"/>
  <testcase name="test02663" classname="RegressionTest5" time="0"/>
  <testcase name="test02664" classname="RegressionTest5" time="0"/>
  <testcase name="test02665" classname="RegressionTest5" time="0"/>
  <testcase name="test02666" classname="RegressionTest5" time="0"/>
  <testcase name="test02667" classname="RegressionTest5" time="0"/>
  <testcase name="test02668" classname="RegressionTest5" time="0"/>
  <testcase name="test02669" classname="RegressionTest5" time="0"/>
  <testcase name="test02670" classname="RegressionTest5" time="0"/>
  <testcase name="test02671" classname="RegressionTest5" time="0">
    <failure message="&apos;true&apos; != &apos;false&apos; expected:&lt;true&gt; but was:&lt;false&gt;" type="java.lang.AssertionError"><![CDATA[java.lang.AssertionError: 'true' != 'false' expected:<true> but was:<false>
	at RegressionTest5.test02671(RegressionTest5.java:1375)
]]></failure>
  </testcase>
  <testcase name="test02672" classname="RegressionTest5" time="0"/>
  <testcase name="test02673" classname="RegressionTest5" time="0"/>
  <testcase name="test02674" classname="RegressionTest5" time="0"/>
  <testcase name="test02675" classname="RegressionTest5" time="0"/>
  <testcase name="test02676" classname="RegressionTest5" time="0"/>
  <testcase name="test02677" classname="RegressionTest5" time="0"/>
  <testcase name="test02678" classname="RegressionTest5" time="0"/>
  <testcase name="test02679" classname="RegressionTest5" time="0">
    <failure message="&apos;true&apos; != &apos;false&apos; expected:&lt;true&gt; but was:&lt;false&gt;" type="java.lang.AssertionError"><![CDATA[java.lang.AssertionError: 'true' != 'false' expected:<true> but was:<false>
	at RegressionTest5.test02679(RegressionTest5.java:1439)
]]></failure>
  </testcase>
  <testcase name="test02680" classname="RegressionTest5" time="0"/>
  <testcase name="test02681" classname="RegressionTest5" time="0"/>
  <testcase name="test02682" classname="RegressionTest5" time="0"/>
  <testcase name="test02683" classname="RegressionTest5" time="0"/>
  <testcase name="test02684" classname="RegressionTest5" time="0"/>
  <testcase name="test02685" classname="RegressionTest5" time="0"/>
  <testcase name="test02686" classname="RegressionTest5" time="0"/>
  <testcase name="test02687" classname="RegressionTest5" time="0"/>
  <testcase name="test02688" classname="RegressionTest5" time="0"/>
  <testcase name="test02689" classname="RegressionTest5" time="0"/>
  <testcase name="test02690" classname="RegressionTest5" time="0"/>
  <testcase name="test02691" classname="RegressionTest5" time="0"/>
  <testcase name="test02692" classname="RegressionTest5" time="0"/>
  <testcase name="test02693" classname="RegressionTest5" time="0"/>
  <testcase name="test02694" classname="RegressionTest5" time="0"/>
  <testcase name="test02695" classname="RegressionTest5" time="0"/>
  <testcase name="test02696" classname="RegressionTest5" time="0"/>
  <testcase name="test02697" classname="RegressionTest5" time="0"/>
  <testcase name="test02698" classname="RegressionTest5" time="0"/>
  <testcase name="test02699" classname="RegressionTest5" time="0"/>
  <testcase name="test02700" classname="RegressionTest5" time="0"/>
  <testcase name="test02701" classname="RegressionTest5" time="0"/>
  <testcase name="test02702" classname="RegressionTest5" time="0"/>
  <testcase name="test02703" classname="RegressionTest5" time="0"/>
  <testcase name="test02704" classname="RegressionTest5" time="0"/>
  <testcase name="test02705" classname="RegressionTest5" time="0"/>
  <testcase name="test02706" classname="RegressionTest5" time="0"/>
  <testcase name="test02707" classname="RegressionTest5" time="0"/>
  <testcase name="test02708" classname="RegressionTest5" time="0"/>
  <testcase name="test02709" classname="RegressionTest5" time="0"/>
  <testcase name="test02710" classname="RegressionTest5" time="0.001">
    <failure message="&apos;true&apos; != &apos;false&apos; expected:&lt;true&gt; but was:&lt;false&gt;" type="java.lang.AssertionError"><![CDATA[java.lang.AssertionError: 'true' != 'false' expected:<true> but was:<false>
	at RegressionTest5.test02710(RegressionTest5.java:1687)
]]></failure>
  </testcase>
  <testcase name="test02711" classname="RegressionTest5" time="0"/>
  <testcase name="test02712" classname="RegressionTest5" time="0"/>
  <testcase name="test02713" classname="RegressionTest5" time="0">
    <failure message="&apos;true&apos; != &apos;false&apos; expected:&lt;true&gt; but was:&lt;false&gt;" type="java.lang.AssertionError"><![CDATA[java.lang.AssertionError: 'true' != 'false' expected:<true> but was:<false>
	at RegressionTest5.test02713(RegressionTest5.java:1711)
]]></failure>
  </testcase>
  <testcase name="test02714" classname="RegressionTest5" time="0"/>
  <testcase name="test02715" classname="RegressionTest5" time="0"/>
  <testcase name="test02716" classname="RegressionTest5" time="0"/>
  <testcase name="test02717" classname="RegressionTest5" time="0"/>
  <testcase name="test02718" classname="RegressionTest5" time="0"/>
  <testcase name="test02719" classname="RegressionTest5" time="0"/>
  <testcase name="test02720" classname="RegressionTest5" time="0"/>
  <testcase name="test02721" classname="RegressionTest5" time="0"/>
  <testcase name="test02722" classname="RegressionTest5" time="0"/>
  <testcase name="test02723" classname="RegressionTest5" time="0"/>
  <testcase name="test02724" classname="RegressionTest5" time="0"/>
  <testcase name="test02725" classname="RegressionTest5" time="0"/>
  <testcase name="test02726" classname="RegressionTest5" time="0"/>
  <testcase name="test02727" classname="RegressionTest5" time="0"/>
  <testcase name="test02728" classname="RegressionTest5" time="0"/>
  <testcase name="test02729" classname="RegressionTest5" time="0"/>
  <testcase name="test02730" classname="RegressionTest5" time="0"/>
  <testcase name="test02731" classname="RegressionTest5" time="0"/>
  <testcase name="test02732" classname="RegressionTest5" time="0"/>
  <testcase name="test02733" classname="RegressionTest5" time="0"/>
  <testcase name="test02734" classname="RegressionTest5" time="0"/>
  <testcase name="test02735" classname="RegressionTest5" time="0"/>
  <testcase name="test02736" classname="RegressionTest5" time="0"/>
  <testcase name="test02737" classname="RegressionTest5" time="0"/>
  <testcase name="test02738" classname="RegressionTest5" time="0"/>
  <testcase name="test02739" classname="RegressionTest5" time="0"/>
  <testcase name="test02740" classname="RegressionTest5" time="0"/>
  <testcase name="test02741" classname="RegressionTest5" time="0"/>
  <testcase name="test02742" classname="RegressionTest5" time="0"/>
  <testcase name="test02743" classname="RegressionTest5" time="0"/>
  <testcase name="test02744" classname="RegressionTest5" time="0.001"/>
  <testcase name="test02745" classname="RegressionTest5" time="0"/>
  <testcase name="test02746" classname="RegressionTest5" time="0"/>
  <testcase name="test02747" classname="RegressionTest5" time="0"/>
  <testcase name="test02748" classname="RegressionTest5" time="0"/>
  <testcase name="test02749" classname="RegressionTest5" time="0"/>
  <testcase name="test02750" classname="RegressionTest5" time="0"/>
  <testcase name="test02751" classname="RegressionTest5" time="0"/>
  <testcase name="test02752" classname="RegressionTest5" time="0"/>
  <testcase name="test02753" classname="RegressionTest5" time="0"/>
  <testcase name="test02754" classname="RegressionTest5" time="0"/>
  <testcase name="test02755" classname="RegressionTest5" time="0"/>
  <testcase name="test02756" classname="RegressionTest5" time="0">
    <failure message="&apos;true&apos; != &apos;false&apos; expected:&lt;true&gt; but was:&lt;false&gt;" type="java.lang.AssertionError"><![CDATA[java.lang.AssertionError: 'true' != 'false' expected:<true> but was:<false>
	at RegressionTest5.test02756(RegressionTest5.java:2055)
]]></failure>
  </testcase>
  <testcase name="test02757" classname="RegressionTest5" time="0"/>
  <testcase name="test02758" classname="RegressionTest5" time="0"/>
  <testcase name="test02759" classname="RegressionTest5" time="0"/>
  <testcase name="test02760" classname="RegressionTest5" time="0"/>
  <testcase name="test02761" classname="RegressionTest5" time="0"/>
  <testcase name="test02762" classname="RegressionTest5" time="0"/>
  <testcase name="test02763" classname="RegressionTest5" time="0"/>
  <testcase name="test02764" classname="RegressionTest5" time="0"/>
  <testcase name="test02765" classname="RegressionTest5" time="0">
    <failure message="&apos;true&apos; != &apos;false&apos; expected:&lt;true&gt; but was:&lt;false&gt;" type="java.lang.AssertionError"><![CDATA[java.lang.AssertionError: 'true' != 'false' expected:<true> but was:<false>
	at RegressionTest5.test02765(RegressionTest5.java:2127)
]]></failure>
  </testcase>
  <testcase name="test02766" classname="RegressionTest5" time="0"/>
  <testcase name="test02767" classname="RegressionTest5" time="0"/>
  <testcase name="test02768" classname="RegressionTest5" time="0"/>
  <testcase name="test02769" classname="RegressionTest5" time="0"/>
  <testcase name="test02770" classname="RegressionTest5" time="0"/>
  <testcase name="test02771" classname="RegressionTest5" time="0"/>
  <testcase name="test02772" classname="RegressionTest5" time="0"/>
  <testcase name="test02773" classname="RegressionTest5" time="0"/>
  <testcase name="test02774" classname="RegressionTest5" time="0.001"/>
  <testcase name="test02775" classname="RegressionTest5" time="0"/>
  <testcase name="test02776" classname="RegressionTest5" time="0"/>
  <testcase name="test02777" classname="RegressionTest5" time="0">
    <failure message="&apos;true&apos; != &apos;false&apos; expected:&lt;true&gt; but was:&lt;false&gt;" type="java.lang.AssertionError"><![CDATA[java.lang.AssertionError: 'true' != 'false' expected:<true> but was:<false>
	at RegressionTest5.test02777(RegressionTest5.java:2223)
]]></failure>
  </testcase>
  <testcase name="test02778" classname="RegressionTest5" time="0"/>
  <testcase name="test02779" classname="RegressionTest5" time="0"/>
  <testcase name="test02780" classname="RegressionTest5" time="0"/>
  <testcase name="test02781" classname="RegressionTest5" time="0"/>
  <testcase name="test02782" classname="RegressionTest5" time="0"/>
  <testcase name="test02783" classname="RegressionTest5" time="0"/>
  <testcase name="test02784" classname="RegressionTest5" time="0"/>
  <testcase name="test02785" classname="RegressionTest5" time="0"/>
  <testcase name="test02786" classname="RegressionTest5" time="0"/>
  <testcase name="test02787" classname="RegressionTest5" time="0"/>
  <testcase name="test02788" classname="RegressionTest5" time="0">
    <failure message="&apos;true&apos; != &apos;false&apos; expected:&lt;true&gt; but was:&lt;false&gt;" type="java.lang.AssertionError"><![CDATA[java.lang.AssertionError: 'true' != 'false' expected:<true> but was:<false>
	at RegressionTest5.test02788(RegressionTest5.java:2311)
]]></failure>
  </testcase>
  <testcase name="test02789" classname="RegressionTest5" time="0"/>
  <testcase name="test02790" classname="RegressionTest5" time="0"/>
  <testcase name="test02791" classname="RegressionTest5" time="0"/>
  <testcase name="test02792" classname="RegressionTest5" time="0"/>
  <testcase name="test02793" classname="RegressionTest5" time="0"/>
  <testcase name="test02794" classname="RegressionTest5" time="0"/>
  <testcase name="test02795" classname="RegressionTest5" time="0"/>
  <testcase name="test02796" classname="RegressionTest5" time="0"/>
  <testcase name="test02797" classname="RegressionTest5" time="0"/>
  <testcase name="test02798" classname="RegressionTest5" time="0"/>
  <testcase name="test02799" classname="RegressionTest5" time="0">
    <failure message="&apos;true&apos; != &apos;false&apos; expected:&lt;true&gt; but was:&lt;false&gt;" type="java.lang.AssertionError"><![CDATA[java.lang.AssertionError: 'true' != 'false' expected:<true> but was:<false>
	at RegressionTest5.test02799(RegressionTest5.java:2399)
]]></failure>
  </testcase>
  <testcase name="test02800" classname="RegressionTest5" time="0"/>
  <testcase name="test02801" classname="RegressionTest5" time="0"/>
  <testcase name="test02802" classname="RegressionTest5" time="0"/>
  <testcase name="test02803" classname="RegressionTest5" time="0"/>
  <testcase name="test02804" classname="RegressionTest5" time="0"/>
  <testcase name="test02805" classname="RegressionTest5" time="0"/>
  <testcase name="test02806" classname="RegressionTest5" time="0"/>
  <testcase name="test02807" classname="RegressionTest5" time="0.001"/>
  <testcase name="test02808" classname="RegressionTest5" time="0"/>
  <testcase name="test02809" classname="RegressionTest5" time="0"/>
  <testcase name="test02810" classname="RegressionTest5" time="0"/>
  <testcase name="test02811" classname="RegressionTest5" time="0"/>
  <testcase name="test02812" classname="RegressionTest5" time="0"/>
  <testcase name="test02813" classname="RegressionTest5" time="0"/>
  <testcase name="test02814" classname="RegressionTest5" time="0"/>
  <testcase name="test02815" classname="RegressionTest5" time="0"/>
  <testcase name="test02816" classname="RegressionTest5" time="0"/>
  <testcase name="test02817" classname="RegressionTest5" time="0"/>
  <testcase name="test02818" classname="RegressionTest5" time="0"/>
  <testcase name="test02819" classname="RegressionTest5" time="0"/>
  <testcase name="test02820" classname="RegressionTest5" time="0"/>
  <testcase name="test02821" classname="RegressionTest5" time="0"/>
  <testcase name="test02822" classname="RegressionTest5" time="0"/>
  <testcase name="test02823" classname="RegressionTest5" time="0">
    <failure message="&apos;true&apos; != &apos;false&apos; expected:&lt;true&gt; but was:&lt;false&gt;" type="java.lang.AssertionError"><![CDATA[java.lang.AssertionError: 'true' != 'false' expected:<true> but was:<false>
	at RegressionTest5.test02823(RegressionTest5.java:2591)
]]></failure>
  </testcase>
  <testcase name="test02824" classname="RegressionTest5" time="0"/>
  <testcase name="test02825" classname="RegressionTest5" time="0"/>
  <testcase name="test02826" classname="RegressionTest5" time="0"/>
  <testcase name="test02827" classname="RegressionTest5" time="0"/>
  <testcase name="test02828" classname="RegressionTest5" time="0"/>
  <testcase name="test02829" classname="RegressionTest5" time="0">
    <failure message="&apos;true&apos; != &apos;false&apos; expected:&lt;true&gt; but was:&lt;false&gt;" type="java.lang.AssertionError"><![CDATA[java.lang.AssertionError: 'true' != 'false' expected:<true> but was:<false>
	at RegressionTest5.test02829(RegressionTest5.java:2639)
]]></failure>
  </testcase>
  <testcase name="test02830" classname="RegressionTest5" time="0">
    <failure message="&apos;true&apos; != &apos;false&apos; expected:&lt;true&gt; but was:&lt;false&gt;" type="java.lang.AssertionError"><![CDATA[java.lang.AssertionError: 'true' != 'false' expected:<true> but was:<false>
	at RegressionTest5.test02830(RegressionTest5.java:2647)
]]></failure>
  </testcase>
  <testcase name="test02831" classname="RegressionTest5" time="0"/>
  <testcase name="test02832" classname="RegressionTest5" time="0"/>
  <testcase name="test02833" classname="RegressionTest5" time="0"/>
  <testcase name="test02834" classname="RegressionTest5" time="0.001">
    <failure message="&apos;true&apos; != &apos;false&apos; expected:&lt;true&gt; but was:&lt;false&gt;" type="java.lang.AssertionError"><![CDATA[java.lang.AssertionError: 'true' != 'false' expected:<true> but was:<false>
	at RegressionTest5.test02834(RegressionTest5.java:2679)
]]></failure>
  </testcase>
  <testcase name="test02835" classname="RegressionTest5" time="0"/>
  <testcase name="test02836" classname="RegressionTest5" time="0">
    <failure message="&apos;true&apos; != &apos;false&apos; expected:&lt;true&gt; but was:&lt;false&gt;" type="java.lang.AssertionError"><![CDATA[java.lang.AssertionError: 'true' != 'false' expected:<true> but was:<false>
	at RegressionTest5.test02836(RegressionTest5.java:2695)
]]></failure>
  </testcase>
  <testcase name="test02837" classname="RegressionTest5" time="0"/>
  <testcase name="test02838" classname="RegressionTest5" time="0"/>
  <testcase name="test02839" classname="RegressionTest5" time="0"/>
  <testcase name="test02840" classname="RegressionTest5" time="0"/>
  <testcase name="test02841" classname="RegressionTest5" time="0"/>
  <testcase name="test02842" classname="RegressionTest5" time="0"/>
  <testcase name="test02843" classname="RegressionTest5" time="0"/>
  <testcase name="test02844" classname="RegressionTest5" time="0"/>
  <testcase name="test02845" classname="RegressionTest5" time="0"/>
  <testcase name="test02846" classname="RegressionTest5" time="0"/>
  <testcase name="test02847" classname="RegressionTest5" time="0">
    <failure message="&apos;true&apos; != &apos;false&apos; expected:&lt;true&gt; but was:&lt;false&gt;" type="java.lang.AssertionError"><![CDATA[java.lang.AssertionError: 'true' != 'false' expected:<true> but was:<false>
	at RegressionTest5.test02847(RegressionTest5.java:2783)
]]></failure>
  </testcase>
  <testcase name="test02848" classname="RegressionTest5" time="0"/>
  <testcase name="test02849" classname="RegressionTest5" time="0"/>
  <testcase name="test02850" classname="RegressionTest5" time="0"/>
  <testcase name="test02851" classname="RegressionTest5" time="0"/>
  <testcase name="test02852" classname="RegressionTest5" time="0"/>
  <testcase name="test02853" classname="RegressionTest5" time="0"/>
  <testcase name="test02854" classname="RegressionTest5" time="0"/>
  <testcase name="test02855" classname="RegressionTest5" time="0"/>
  <testcase name="test02856" classname="RegressionTest5" time="0"/>
  <testcase name="test02857" classname="RegressionTest5" time="0"/>
  <testcase name="test02858" classname="RegressionTest5" time="0"/>
  <testcase name="test02859" classname="RegressionTest5" time="0"/>
  <testcase name="test02860" classname="RegressionTest5" time="0"/>
  <testcase name="test02861" classname="RegressionTest5" time="0"/>
  <testcase name="test02862" classname="RegressionTest5" time="0"/>
  <testcase name="test02863" classname="RegressionTest5" time="0"/>
  <testcase name="test02864" classname="RegressionTest5" time="0"/>
  <testcase name="test02865" classname="RegressionTest5" time="0"/>
  <testcase name="test02866" classname="RegressionTest5" time="0"/>
  <testcase name="test02867" classname="RegressionTest5" time="0"/>
  <testcase name="test02868" classname="RegressionTest5" time="0"/>
  <testcase name="test02869" classname="RegressionTest5" time="0"/>
  <testcase name="test02870" classname="RegressionTest5" time="0"/>
  <testcase name="test02871" classname="RegressionTest5" time="0"/>
  <testcase name="test02872" classname="RegressionTest5" time="0"/>
  <testcase name="test02873" classname="RegressionTest5" time="0"/>
  <testcase name="test02874" classname="RegressionTest5" time="0"/>
  <testcase name="test02875" classname="RegressionTest5" time="0">
    <failure message="&apos;true&apos; != &apos;false&apos; expected:&lt;true&gt; but was:&lt;false&gt;" type="java.lang.AssertionError"><![CDATA[java.lang.AssertionError: 'true' != 'false' expected:<true> but was:<false>
	at RegressionTest5.test02875(RegressionTest5.java:3007)
]]></failure>
  </testcase>
  <testcase name="test02876" classname="RegressionTest5" time="0"/>
  <testcase name="test02877" classname="RegressionTest5" time="0"/>
  <testcase name="test02878" classname="RegressionTest5" time="0"/>
  <testcase name="test02879" classname="RegressionTest5" time="0"/>
  <testcase name="test02880" classname="RegressionTest5" time="0"/>
  <testcase name="test02881" classname="RegressionTest5" time="0"/>
  <testcase name="test02882" classname="RegressionTest5" time="0"/>
  <testcase name="test02883" classname="RegressionTest5" time="0"/>
  <testcase name="test02884" classname="RegressionTest5" time="0"/>
  <testcase name="test02885" classname="RegressionTest5" time="0"/>
  <testcase name="test02886" classname="RegressionTest5" time="0"/>
  <testcase name="test02887" classname="RegressionTest5" time="0"/>
  <testcase name="test02888" classname="RegressionTest5" time="0"/>
  <testcase name="test02889" classname="RegressionTest5" time="0"/>
  <testcase name="test02890" classname="RegressionTest5" time="0"/>
  <testcase name="test02891" classname="RegressionTest5" time="0"/>
  <testcase name="test02892" classname="RegressionTest5" time="0"/>
  <testcase name="test02893" classname="RegressionTest5" time="0"/>
  <testcase name="test02894" classname="RegressionTest5" time="0"/>
  <testcase name="test02895" classname="RegressionTest5" time="0"/>
  <testcase name="test02896" classname="RegressionTest5" time="0"/>
  <testcase name="test02897" classname="RegressionTest5" time="0"/>
  <testcase name="test02898" classname="RegressionTest5" time="0"/>
  <testcase name="test02899" classname="RegressionTest5" time="0"/>
  <testcase name="test02900" classname="RegressionTest5" time="0"/>
  <testcase name="test02901" classname="RegressionTest5" time="0"/>
  <testcase name="test02902" classname="RegressionTest5" time="0.001"/>
  <testcase name="test02903" classname="RegressionTest5" time="0"/>
  <testcase name="test02904" classname="RegressionTest5" time="0"/>
  <testcase name="test02905" classname="RegressionTest5" time="0"/>
  <testcase name="test02906" classname="RegressionTest5" time="0"/>
  <testcase name="test02907" classname="RegressionTest5" time="0"/>
  <testcase name="test02908" classname="RegressionTest5" time="0"/>
  <testcase name="test02909" classname="RegressionTest5" time="0"/>
  <testcase name="test02910" classname="RegressionTest5" time="0"/>
  <testcase name="test02911" classname="RegressionTest5" time="0"/>
  <testcase name="test02912" classname="RegressionTest5" time="0"/>
  <testcase name="test02913" classname="RegressionTest5" time="0"/>
  <testcase name="test02914" classname="RegressionTest5" time="0"/>
  <testcase name="test02915" classname="RegressionTest5" time="0">
    <failure message="&apos;true&apos; != &apos;false&apos; expected:&lt;true&gt; but was:&lt;false&gt;" type="java.lang.AssertionError"><![CDATA[java.lang.AssertionError: 'true' != 'false' expected:<true> but was:<false>
	at RegressionTest5.test02915(RegressionTest5.java:3327)
]]></failure>
  </testcase>
  <testcase name="test02916" classname="RegressionTest5" time="0"/>
  <testcase name="test02917" classname="RegressionTest5" time="0"/>
  <testcase name="test02918" classname="RegressionTest5" time="0"/>
  <testcase name="test02919" classname="RegressionTest5" time="0"/>
  <testcase name="test02920" classname="RegressionTest5" time="0"/>
  <testcase name="test02921" classname="RegressionTest5" time="0"/>
  <testcase name="test02922" classname="RegressionTest5" time="0"/>
  <testcase name="test02923" classname="RegressionTest5" time="0"/>
  <testcase name="test02924" classname="RegressionTest5" time="0"/>
  <testcase name="test02925" classname="RegressionTest5" time="0"/>
  <testcase name="test02926" classname="RegressionTest5" time="0"/>
  <testcase name="test02927" classname="RegressionTest5" time="0"/>
  <testcase name="test02928" classname="RegressionTest5" time="0"/>
  <testcase name="test02929" classname="RegressionTest5" time="0"/>
  <testcase name="test02930" classname="RegressionTest5" time="0"/>
  <testcase name="test02931" classname="RegressionTest5" time="0"/>
  <testcase name="test02932" classname="RegressionTest5" time="0"/>
  <testcase name="test02933" classname="RegressionTest5" time="0"/>
  <testcase name="test02934" classname="RegressionTest5" time="0"/>
  <testcase name="test02935" classname="RegressionTest5" time="0"/>
  <testcase name="test02936" classname="RegressionTest5" time="0.001"/>
  <testcase name="test02937" classname="RegressionTest5" time="0"/>
  <testcase name="test02938" classname="RegressionTest5" time="0"/>
  <testcase name="test02939" classname="RegressionTest5" time="0"/>
  <testcase name="test02940" classname="RegressionTest5" time="0"/>
  <testcase name="test02941" classname="RegressionTest5" time="0"/>
  <testcase name="test02942" classname="RegressionTest5" time="0"/>
  <testcase name="test02943" classname="RegressionTest5" time="0"/>
  <testcase name="test02944" classname="RegressionTest5" time="0"/>
  <testcase name="test02945" classname="RegressionTest5" time="0"/>
  <testcase name="test02946" classname="RegressionTest5" time="0"/>
  <testcase name="test02947" classname="RegressionTest5" time="0">
    <failure message="&apos;true&apos; != &apos;false&apos; expected:&lt;true&gt; but was:&lt;false&gt;" type="java.lang.AssertionError"><![CDATA[java.lang.AssertionError: 'true' != 'false' expected:<true> but was:<false>
	at RegressionTest5.test02947(RegressionTest5.java:3583)
]]></failure>
  </testcase>
  <testcase name="test02948" classname="RegressionTest5" time="0"/>
  <testcase name="test02949" classname="RegressionTest5" time="0"/>
  <testcase name="test02950" classname="RegressionTest5" time="0"/>
  <testcase name="test02951" classname="RegressionTest5" time="0"/>
  <testcase name="test02952" classname="RegressionTest5" time="0"/>
  <testcase name="test02953" classname="RegressionTest5" time="0"/>
  <testcase name="test02954" classname="RegressionTest5" time="0"/>
  <testcase name="test02955" classname="RegressionTest5" time="0"/>
  <testcase name="test02956" classname="RegressionTest5" time="0"/>
  <testcase name="test02957" classname="RegressionTest5" time="0"/>
  <testcase name="test02958" classname="RegressionTest5" time="0"/>
  <testcase name="test02959" classname="RegressionTest5" time="0"/>
  <testcase name="test02960" classname="RegressionTest5" time="0"/>
  <testcase name="test02961" classname="RegressionTest5" time="0">
    <failure message="&apos;true&apos; != &apos;false&apos; expected:&lt;true&gt; but was:&lt;false&gt;" type="java.lang.AssertionError"><![CDATA[java.lang.AssertionError: 'true' != 'false' expected:<true> but was:<false>
	at RegressionTest5.test02961(RegressionTest5.java:3695)
]]></failure>
  </testcase>
  <testcase name="test02962" classname="RegressionTest5" time="0"/>
  <testcase name="test02963" classname="RegressionTest5" time="0"/>
  <testcase name="test02964" classname="RegressionTest5" time="0"/>
  <testcase name="test02965" classname="RegressionTest5" time="0"/>
  <testcase name="test02966" classname="RegressionTest5" time="0"/>
  <testcase name="test02967" classname="RegressionTest5" time="0">
    <failure message="&apos;true&apos; != &apos;false&apos; expected:&lt;true&gt; but was:&lt;false&gt;" type="java.lang.AssertionError"><![CDATA[java.lang.AssertionError: 'true' != 'false' expected:<true> but was:<false>
	at RegressionTest5.test02967(RegressionTest5.java:3743)
]]></failure>
  </testcase>
  <testcase name="test02968" classname="RegressionTest5" time="0"/>
  <testcase name="test02969" classname="RegressionTest5" time="0.001">
    <failure message="&apos;true&apos; != &apos;false&apos; expected:&lt;true&gt; but was:&lt;false&gt;" type="java.lang.AssertionError"><![CDATA[java.lang.AssertionError: 'true' != 'false' expected:<true> but was:<false>
	at RegressionTest5.test02969(RegressionTest5.java:3759)
]]></failure>
  </testcase>
  <testcase name="test02970" classname="RegressionTest5" time="0"/>
  <testcase name="test02971" classname="RegressionTest5" time="0"/>
  <testcase name="test02972" classname="RegressionTest5" time="0"/>
  <testcase name="test02973" classname="RegressionTest5" time="0"/>
  <testcase name="test02974" classname="RegressionTest5" time="0">
    <failure message="&apos;true&apos; != &apos;false&apos; expected:&lt;true&gt; but was:&lt;false&gt;" type="java.lang.AssertionError"><![CDATA[java.lang.AssertionError: 'true' != 'false' expected:<true> but was:<false>
	at RegressionTest5.test02974(RegressionTest5.java:3799)
]]></failure>
  </testcase>
  <testcase name="test02975" classname="RegressionTest5" time="0"/>
  <testcase name="test02976" classname="RegressionTest5" time="0"/>
  <testcase name="test02977" classname="RegressionTest5" time="0">
    <failure message="&apos;true&apos; != &apos;false&apos; expected:&lt;true&gt; but was:&lt;false&gt;" type="java.lang.AssertionError"><![CDATA[java.lang.AssertionError: 'true' != 'false' expected:<true> but was:<false>
	at RegressionTest5.test02977(RegressionTest5.java:3823)
]]></failure>
  </testcase>
  <testcase name="test02978" classname="RegressionTest5" time="0"/>
  <testcase name="test02979" classname="RegressionTest5" time="0"/>
  <testcase name="test02980" classname="RegressionTest5" time="0"/>
  <testcase name="test02981" classname="RegressionTest5" time="0"/>
  <testcase name="test02982" classname="RegressionTest5" time="0"/>
  <testcase name="test02983" classname="RegressionTest5" time="0"/>
  <testcase name="test02984" classname="RegressionTest5" time="0"/>
  <testcase name="test02985" classname="RegressionTest5" time="0">
    <failure message="&apos;true&apos; != &apos;false&apos; expected:&lt;true&gt; but was:&lt;false&gt;" type="java.lang.AssertionError"><![CDATA[java.lang.AssertionError: 'true' != 'false' expected:<true> but was:<false>
	at RegressionTest5.test02985(RegressionTest5.java:3887)
]]></failure>
  </testcase>
  <testcase name="test02986" classname="RegressionTest5" time="0"/>
  <testcase name="test02987" classname="RegressionTest5" time="0"/>
  <testcase name="test02988" classname="RegressionTest5" time="0"/>
  <testcase name="test02989" classname="RegressionTest5" time="0"/>
  <testcase name="test02990" classname="RegressionTest5" time="0"/>
  <testcase name="test02991" classname="RegressionTest5" time="0"/>
  <testcase name="test02992" classname="RegressionTest5" time="0"/>
  <testcase name="test02993" classname="RegressionTest5" time="0"/>
  <testcase name="test02994" classname="RegressionTest5" time="0"/>
  <testcase name="test02995" classname="RegressionTest5" time="0"/>
  <testcase name="test02996" classname="RegressionTest5" time="0"/>
  <testcase name="test02997" classname="RegressionTest5" time="0"/>
  <testcase name="test02998" classname="RegressionTest5" time="0"/>
  <testcase name="test02999" classname="RegressionTest5" time="0"/>
  <testcase name="test03000" classname="RegressionTest5" time="0"/>
  <testcase name="test03001" classname="RegressionTest6" time="0">
    <failure message="&apos;true&apos; != &apos;false&apos; expected:&lt;true&gt; but was:&lt;false&gt;" type="java.lang.AssertionError"><![CDATA[java.lang.AssertionError: 'true' != 'false' expected:<true> but was:<false>
	at RegressionTest6.test03001(RegressionTest6.java:15)
]]></failure>
  </testcase>
  <testcase name="test03002" classname="RegressionTest6" time="0"/>
  <testcase name="test03003" classname="RegressionTest6" time="0"/>
  <testcase name="test03004" classname="RegressionTest6" time="0"/>
  <testcase name="test03005" classname="RegressionTest6" time="0"/>
  <testcase name="test03006" classname="RegressionTest6" time="0"/>
  <testcase name="test03007" classname="RegressionTest6" time="0"/>
  <testcase name="test03008" classname="RegressionTest6" time="0"/>
  <testcase name="test03009" classname="RegressionTest6" time="0"/>
  <testcase name="test03010" classname="RegressionTest6" time="0"/>
  <testcase name="test03011" classname="RegressionTest6" time="0">
    <failure message="&apos;true&apos; != &apos;false&apos; expected:&lt;true&gt; but was:&lt;false&gt;" type="java.lang.AssertionError"><![CDATA[java.lang.AssertionError: 'true' != 'false' expected:<true> but was:<false>
	at RegressionTest6.test03011(RegressionTest6.java:95)
]]></failure>
  </testcase>
  <testcase name="test03012" classname="RegressionTest6" time="0"/>
  <testcase name="test03013" classname="RegressionTest6" time="0"/>
  <testcase name="test03014" classname="RegressionTest6" time="0"/>
  <testcase name="test03015" classname="RegressionTest6" time="0"/>
  <testcase name="test03016" classname="RegressionTest6" time="0"/>
  <testcase name="test03017" classname="RegressionTest6" time="0"/>
  <testcase name="test03018" classname="RegressionTest6" time="0"/>
  <testcase name="test03019" classname="RegressionTest6" time="0"/>
  <testcase name="test03020" classname="RegressionTest6" time="0"/>
  <testcase name="test03021" classname="RegressionTest6" time="0"/>
  <testcase name="test03022" classname="RegressionTest6" time="0"/>
  <testcase name="test03023" classname="RegressionTest6" time="0"/>
  <testcase name="test03024" classname="RegressionTest6" time="0"/>
  <testcase name="test03025" classname="RegressionTest6" time="0"/>
  <testcase name="test03026" classname="RegressionTest6" time="0">
    <failure message="&apos;true&apos; != &apos;false&apos; expected:&lt;true&gt; but was:&lt;false&gt;" type="java.lang.AssertionError"><![CDATA[java.lang.AssertionError: 'true' != 'false' expected:<true> but was:<false>
	at RegressionTest6.test03026(RegressionTest6.java:215)
]]></failure>
  </testcase>
  <testcase name="test03027" classname="RegressionTest6" time="0"/>
  <testcase name="test03028" classname="RegressionTest6" time="0"/>
  <testcase name="test03029" classname="RegressionTest6" time="0"/>
  <testcase name="test03030" classname="RegressionTest6" time="0"/>
  <testcase name="test03031" classname="RegressionTest6" time="0"/>
  <testcase name="test03032" classname="RegressionTest6" time="0"/>
  <testcase name="test03033" classname="RegressionTest6" time="0"/>
  <testcase name="test03034" classname="RegressionTest6" time="0"/>
  <testcase name="test03035" classname="RegressionTest6" time="0"/>
  <testcase name="test03036" classname="RegressionTest6" time="0"/>
  <testcase name="test03037" classname="RegressionTest6" time="0"/>
  <testcase name="test03038" classname="RegressionTest6" time="0"/>
  <testcase name="test03039" classname="RegressionTest6" time="0"/>
  <testcase name="test03040" classname="RegressionTest6" time="0"/>
  <testcase name="test03041" classname="RegressionTest6" time="0"/>
  <testcase name="test03042" classname="RegressionTest6" time="0"/>
  <testcase name="test03043" classname="RegressionTest6" time="0"/>
  <testcase name="test03044" classname="RegressionTest6" time="0"/>
  <testcase name="test03045" classname="RegressionTest6" time="0"/>
  <testcase name="test03046" classname="RegressionTest6" time="0">
    <failure message="&apos;true&apos; != &apos;false&apos; expected:&lt;true&gt; but was:&lt;false&gt;" type="java.lang.AssertionError"><![CDATA[java.lang.AssertionError: 'true' != 'false' expected:<true> but was:<false>
	at RegressionTest6.test03046(RegressionTest6.java:375)
]]></failure>
  </testcase>
  <testcase name="test03047" classname="RegressionTest6" time="0"/>
  <testcase name="test03048" classname="RegressionTest6" time="0"/>
  <testcase name="test03049" classname="RegressionTest6" time="0"/>
  <testcase name="test03050" classname="RegressionTest6" time="0"/>
  <testcase name="test03051" classname="RegressionTest6" time="0.001"/>
  <testcase name="test03052" classname="RegressionTest6" time="0"/>
  <testcase name="test03053" classname="RegressionTest6" time="0"/>
  <testcase name="test03054" classname="RegressionTest6" time="0"/>
  <testcase name="test03055" classname="RegressionTest6" time="0"/>
  <testcase name="test03056" classname="RegressionTest6" time="0"/>
  <testcase name="test03057" classname="RegressionTest6" time="0"/>
  <testcase name="test03058" classname="RegressionTest6" time="0"/>
  <testcase name="test03059" classname="RegressionTest6" time="0"/>
  <testcase name="test03060" classname="RegressionTest6" time="0"/>
  <testcase name="test03061" classname="RegressionTest6" time="0"/>
  <testcase name="test03062" classname="RegressionTest6" time="0"/>
  <testcase name="test03063" classname="RegressionTest6" time="0"/>
  <testcase name="test03064" classname="RegressionTest6" time="0">
    <failure message="&apos;true&apos; != &apos;false&apos; expected:&lt;true&gt; but was:&lt;false&gt;" type="java.lang.AssertionError"><![CDATA[java.lang.AssertionError: 'true' != 'false' expected:<true> but was:<false>
	at RegressionTest6.test03064(RegressionTest6.java:519)
]]></failure>
  </testcase>
  <testcase name="test03065" classname="RegressionTest6" time="0"/>
  <testcase name="test03066" classname="RegressionTest6" time="0"/>
  <testcase name="test03067" classname="RegressionTest6" time="0"/>
  <testcase name="test03068" classname="RegressionTest6" time="0"/>
  <testcase name="test03069" classname="RegressionTest6" time="0">
    <failure message="&apos;true&apos; != &apos;false&apos; expected:&lt;true&gt; but was:&lt;false&gt;" type="java.lang.AssertionError"><![CDATA[java.lang.AssertionError: 'true' != 'false' expected:<true> but was:<false>
	at RegressionTest6.test03069(RegressionTest6.java:559)
]]></failure>
  </testcase>
  <testcase name="test03070" classname="RegressionTest6" time="0"/>
  <testcase name="test03071" classname="RegressionTest6" time="0"/>
  <testcase name="test03072" classname="RegressionTest6" time="0"/>
  <testcase name="test03073" classname="RegressionTest6" time="0"/>
  <testcase name="test03074" classname="RegressionTest6" time="0"/>
  <testcase name="test03075" classname="RegressionTest6" time="0"/>
  <testcase name="test03076" classname="RegressionTest6" time="0"/>
  <testcase name="test03077" classname="RegressionTest6" time="0"/>
  <testcase name="test03078" classname="RegressionTest6" time="0"/>
  <testcase name="test03079" classname="RegressionTest6" time="0"/>
  <testcase name="test03080" classname="RegressionTest6" time="0"/>
  <testcase name="test03081" classname="RegressionTest6" time="0">
    <failure message="&apos;true&apos; != &apos;false&apos; expected:&lt;true&gt; but was:&lt;false&gt;" type="java.lang.AssertionError"><![CDATA[java.lang.AssertionError: 'true' != 'false' expected:<true> but was:<false>
	at RegressionTest6.test03081(RegressionTest6.java:655)
]]></failure>
  </testcase>
  <testcase name="test03082" classname="RegressionTest6" time="0"/>
  <testcase name="test03083" classname="RegressionTest6" time="0"/>
  <testcase name="test03084" classname="RegressionTest6" time="0.001"/>
  <testcase name="test03085" classname="RegressionTest6" time="0"/>
  <testcase name="test03086" classname="RegressionTest6" time="0"/>
  <testcase name="test03087" classname="RegressionTest6" time="0"/>
  <testcase name="test03088" classname="RegressionTest6" time="0"/>
  <testcase name="test03089" classname="RegressionTest6" time="0"/>
  <testcase name="test03090" classname="RegressionTest6" time="0"/>
  <testcase name="test03091" classname="RegressionTest6" time="0"/>
  <testcase name="test03092" classname="RegressionTest6" time="0"/>
  <testcase name="test03093" classname="RegressionTest6" time="0"/>
  <testcase name="test03094" classname="RegressionTest6" time="0"/>
  <testcase name="test03095" classname="RegressionTest6" time="0"/>
  <testcase name="test03096" classname="RegressionTest6" time="0"/>
  <testcase name="test03097" classname="RegressionTest6" time="0">
    <failure message="&apos;true&apos; != &apos;false&apos; expected:&lt;true&gt; but was:&lt;false&gt;" type="java.lang.AssertionError"><![CDATA[java.lang.AssertionError: 'true' != 'false' expected:<true> but was:<false>
	at RegressionTest6.test03097(RegressionTest6.java:783)
]]></failure>
  </testcase>
  <testcase name="test03098" classname="RegressionTest6" time="0"/>
  <testcase name="test03099" classname="RegressionTest6" time="0"/>
  <testcase name="test03100" classname="RegressionTest6" time="0"/>
  <testcase name="test03101" classname="RegressionTest6" time="0"/>
  <testcase name="test03102" classname="RegressionTest6" time="0"/>
  <testcase name="test03103" classname="RegressionTest6" time="0"/>
  <testcase name="test03104" classname="RegressionTest6" time="0"/>
  <testcase name="test03105" classname="RegressionTest6" time="0"/>
  <testcase name="test03106" classname="RegressionTest6" time="0">
    <failure message="&apos;true&apos; != &apos;false&apos; expected:&lt;true&gt; but was:&lt;false&gt;" type="java.lang.AssertionError"><![CDATA[java.lang.AssertionError: 'true' != 'false' expected:<true> but was:<false>
	at RegressionTest6.test03106(RegressionTest6.java:855)
]]></failure>
  </testcase>
  <testcase name="test03107" classname="RegressionTest6" time="0">
    <failure message="&apos;true&apos; != &apos;false&apos; expected:&lt;true&gt; but was:&lt;false&gt;" type="java.lang.AssertionError"><![CDATA[java.lang.AssertionError: 'true' != 'false' expected:<true> but was:<false>
	at RegressionTest6.test03107(RegressionTest6.java:863)
]]></failure>
  </testcase>
  <testcase name="test03108" classname="RegressionTest6" time="0"/>
  <testcase name="test03109" classname="RegressionTest6" time="0"/>
  <testcase name="test03110" classname="RegressionTest6" time="0"/>
  <testcase name="test03111" classname="RegressionTest6" time="0"/>
  <testcase name="test03112" classname="RegressionTest6" time="0"/>
  <testcase name="test03113" classname="RegressionTest6" time="0"/>
  <testcase name="test03114" classname="RegressionTest6" time="0"/>
  <testcase name="test03115" classname="RegressionTest6" time="0"/>
  <testcase name="test03116" classname="RegressionTest6" time="0"/>
  <testcase name="test03117" classname="RegressionTest6" time="0.001"/>
  <testcase name="test03118" classname="RegressionTest6" time="0"/>
  <testcase name="test03119" classname="RegressionTest6" time="0">
    <failure message="&apos;true&apos; != &apos;false&apos; expected:&lt;true&gt; but was:&lt;false&gt;" type="java.lang.AssertionError"><![CDATA[java.lang.AssertionError: 'true' != 'false' expected:<true> but was:<false>
	at RegressionTest6.test03119(RegressionTest6.java:959)
]]></failure>
  </testcase>
  <testcase name="test03120" classname="RegressionTest6" time="0"/>
  <testcase name="test03121" classname="RegressionTest6" time="0">
    <failure message="&apos;true&apos; != &apos;false&apos; expected:&lt;true&gt; but was:&lt;false&gt;" type="java.lang.AssertionError"><![CDATA[java.lang.AssertionError: 'true' != 'false' expected:<true> but was:<false>
	at RegressionTest6.test03121(RegressionTest6.java:975)
]]></failure>
  </testcase>
  <testcase name="test03122" classname="RegressionTest6" time="0"/>
  <testcase name="test03123" classname="RegressionTest6" time="0"/>
  <testcase name="test03124" classname="RegressionTest6" time="0"/>
  <testcase name="test03125" classname="RegressionTest6" time="0">
    <failure message="&apos;true&apos; != &apos;false&apos; expected:&lt;true&gt; but was:&lt;false&gt;" type="java.lang.AssertionError"><![CDATA[java.lang.AssertionError: 'true' != 'false' expected:<true> but was:<false>
	at RegressionTest6.test03125(RegressionTest6.java:1007)
]]></failure>
  </testcase>
  <testcase name="test03126" classname="RegressionTest6" time="0">
    <failure message="&apos;true&apos; != &apos;false&apos; expected:&lt;true&gt; but was:&lt;false&gt;" type="java.lang.AssertionError"><![CDATA[java.lang.AssertionError: 'true' != 'false' expected:<true> but was:<false>
	at RegressionTest6.test03126(RegressionTest6.java:1015)
]]></failure>
  </testcase>
  <testcase name="test03127" classname="RegressionTest6" time="0"/>
  <testcase name="test03128" classname="RegressionTest6" time="0">
    <failure message="&apos;true&apos; != &apos;false&apos; expected:&lt;true&gt; but was:&lt;false&gt;" type="java.lang.AssertionError"><![CDATA[java.lang.AssertionError: 'true' != 'false' expected:<true> but was:<false>
	at RegressionTest6.test03128(RegressionTest6.java:1031)
]]></failure>
  </testcase>
  <testcase name="test03129" classname="RegressionTest6" time="0"/>
  <testcase name="test03130" classname="RegressionTest6" time="0"/>
  <testcase name="test03131" classname="RegressionTest6" time="0"/>
  <testcase name="test03132" classname="RegressionTest6" time="0"/>
  <testcase name="test03133" classname="RegressionTest6" time="0"/>
  <testcase name="test03134" classname="RegressionTest6" time="0"/>
  <testcase name="test03135" classname="RegressionTest6" time="0"/>
  <testcase name="test03136" classname="RegressionTest6" time="0">
    <failure message="&apos;true&apos; != &apos;false&apos; expected:&lt;true&gt; but was:&lt;false&gt;" type="java.lang.AssertionError"><![CDATA[java.lang.AssertionError: 'true' != 'false' expected:<true> but was:<false>
	at RegressionTest6.test03136(RegressionTest6.java:1095)
]]></failure>
  </testcase>
  <testcase name="test03137" classname="RegressionTest6" time="0"/>
  <testcase name="test03138" classname="RegressionTest6" time="0"/>
  <testcase name="test03139" classname="RegressionTest6" time="0"/>
  <testcase name="test03140" classname="RegressionTest6" time="0"/>
  <testcase name="test03141" classname="RegressionTest6" time="0"/>
  <testcase name="test03142" classname="RegressionTest6" time="0"/>
  <testcase name="test03143" classname="RegressionTest6" time="0"/>
  <testcase name="test03144" classname="RegressionTest6" time="0"/>
  <testcase name="test03145" classname="RegressionTest6" time="0.001"/>
  <testcase name="test03146" classname="RegressionTest6" time="0"/>
  <testcase name="test03147" classname="RegressionTest6" time="0"/>
  <testcase name="test03148" classname="RegressionTest6" time="0"/>
  <testcase name="test03149" classname="RegressionTest6" time="0"/>
  <testcase name="test03150" classname="RegressionTest6" time="0"/>
  <testcase name="test03151" classname="RegressionTest6" time="0"/>
  <testcase name="test03152" classname="RegressionTest6" time="0"/>
  <testcase name="test03153" classname="RegressionTest6" time="0"/>
  <testcase name="test03154" classname="RegressionTest6" time="0"/>
  <testcase name="test03155" classname="RegressionTest6" time="0"/>
  <testcase name="test03156" classname="RegressionTest6" time="0"/>
  <testcase name="test03157" classname="RegressionTest6" time="0"/>
  <testcase name="test03158" classname="RegressionTest6" time="0"/>
  <testcase name="test03159" classname="RegressionTest6" time="0"/>
  <testcase name="test03160" classname="RegressionTest6" time="0"/>
  <testcase name="test03161" classname="RegressionTest6" time="0">
    <failure message="&apos;true&apos; != &apos;false&apos; expected:&lt;true&gt; but was:&lt;false&gt;" type="java.lang.AssertionError"><![CDATA[java.lang.AssertionError: 'true' != 'false' expected:<true> but was:<false>
	at RegressionTest6.test03161(RegressionTest6.java:1295)
]]></failure>
  </testcase>
  <testcase name="test03162" classname="RegressionTest6" time="0"/>
  <testcase name="test03163" classname="RegressionTest6" time="0"/>
  <testcase name="test03164" classname="RegressionTest6" time="0"/>
  <testcase name="test03165" classname="RegressionTest6" time="0"/>
  <testcase name="test03166" classname="RegressionTest6" time="0"/>
  <testcase name="test03167" classname="RegressionTest6" time="0">
    <failure message="&apos;true&apos; != &apos;false&apos; expected:&lt;true&gt; but was:&lt;false&gt;" type="java.lang.AssertionError"><![CDATA[java.lang.AssertionError: 'true' != 'false' expected:<true> but was:<false>
	at RegressionTest6.test03167(RegressionTest6.java:1343)
]]></failure>
  </testcase>
  <testcase name="test03168" classname="RegressionTest6" time="0"/>
  <testcase name="test03169" classname="RegressionTest6" time="0"/>
  <testcase name="test03170" classname="RegressionTest6" time="0"/>
  <testcase name="test03171" classname="RegressionTest6" time="0"/>
  <testcase name="test03172" classname="RegressionTest6" time="0.001"/>
  <testcase name="test03173" classname="RegressionTest6" time="0"/>
  <testcase name="test03174" classname="RegressionTest6" time="0"/>
  <testcase name="test03175" classname="RegressionTest6" time="0">
    <failure message="&apos;true&apos; != &apos;false&apos; expected:&lt;true&gt; but was:&lt;false&gt;" type="java.lang.AssertionError"><![CDATA[java.lang.AssertionError: 'true' != 'false' expected:<true> but was:<false>
	at RegressionTest6.test03175(RegressionTest6.java:1407)
]]></failure>
  </testcase>
  <testcase name="test03176" classname="RegressionTest6" time="0"/>
  <testcase name="test03177" classname="RegressionTest6" time="0"/>
  <testcase name="test03178" classname="RegressionTest6" time="0"/>
  <testcase name="test03179" classname="RegressionTest6" time="0"/>
  <testcase name="test03180" classname="RegressionTest6" time="0"/>
  <testcase name="test03181" classname="RegressionTest6" time="0"/>
  <testcase name="test03182" classname="RegressionTest6" time="0"/>
  <testcase name="test03183" classname="RegressionTest6" time="0"/>
  <testcase name="test03184" classname="RegressionTest6" time="0"/>
  <testcase name="test03185" classname="RegressionTest6" time="0"/>
  <testcase name="test03186" classname="RegressionTest6" time="0"/>
  <testcase name="test03187" classname="RegressionTest6" time="0"/>
  <testcase name="test03188" classname="RegressionTest6" time="0"/>
  <testcase name="test03189" classname="RegressionTest6" time="0"/>
  <testcase name="test03190" classname="RegressionTest6" time="0"/>
  <testcase name="test03191" classname="RegressionTest6" time="0"/>
  <testcase name="test03192" classname="RegressionTest6" time="0"/>
  <testcase name="test03193" classname="RegressionTest6" time="0"/>
  <testcase name="test03194" classname="RegressionTest6" time="0"/>
  <testcase name="test03195" classname="RegressionTest6" time="0"/>
  <testcase name="test03196" classname="RegressionTest6" time="0"/>
  <testcase name="test03197" classname="RegressionTest6" time="0"/>
  <testcase name="test03198" classname="RegressionTest6" time="0"/>
  <testcase name="test03199" classname="RegressionTest6" time="0"/>
  <testcase name="test03200" classname="RegressionTest6" time="0"/>
  <testcase name="test03201" classname="RegressionTest6" time="0"/>
  <testcase name="test03202" classname="RegressionTest6" time="0"/>
  <testcase name="test03203" classname="RegressionTest6" time="0"/>
  <testcase name="test03204" classname="RegressionTest6" time="0"/>
  <testcase name="test03205" classname="RegressionTest6" time="0"/>
  <testcase name="test03206" classname="RegressionTest6" time="0"/>
  <testcase name="test03207" classname="RegressionTest6" time="0"/>
  <testcase name="test03208" classname="RegressionTest6" time="0">
    <failure message="&apos;true&apos; != &apos;false&apos; expected:&lt;true&gt; but was:&lt;false&gt;" type="java.lang.AssertionError"><![CDATA[java.lang.AssertionError: 'true' != 'false' expected:<true> but was:<false>
	at RegressionTest6.test03208(RegressionTest6.java:1671)
]]></failure>
  </testcase>
  <testcase name="test03209" classname="RegressionTest6" time="0"/>
  <testcase name="test03210" classname="RegressionTest6" time="0.001"/>
  <testcase name="test03211" classname="RegressionTest6" time="0"/>
  <testcase name="test03212" classname="RegressionTest6" time="0"/>
  <testcase name="test03213" classname="RegressionTest6" time="0"/>
  <testcase name="test03214" classname="RegressionTest6" time="0"/>
  <testcase name="test03215" classname="RegressionTest6" time="0"/>
  <testcase name="test03216" classname="RegressionTest6" time="0"/>
  <testcase name="test03217" classname="RegressionTest6" time="0"/>
  <testcase name="test03218" classname="RegressionTest6" time="0"/>
  <testcase name="test03219" classname="RegressionTest6" time="0"/>
  <testcase name="test03220" classname="RegressionTest6" time="0"/>
  <testcase name="test03221" classname="RegressionTest6" time="0"/>
  <testcase name="test03222" classname="RegressionTest6" time="0"/>
  <testcase name="test03223" classname="RegressionTest6" time="0"/>
  <testcase name="test03224" classname="RegressionTest6" time="0"/>
  <testcase name="test03225" classname="RegressionTest6" time="0"/>
  <testcase name="test03226" classname="RegressionTest6" time="0"/>
  <testcase name="test03227" classname="RegressionTest6" time="0"/>
  <testcase name="test03228" classname="RegressionTest6" time="0"/>
  <testcase name="test03229" classname="RegressionTest6" time="0"/>
  <testcase name="test03230" classname="RegressionTest6" time="0">
    <failure message="&apos;true&apos; != &apos;false&apos; expected:&lt;true&gt; but was:&lt;false&gt;" type="java.lang.AssertionError"><![CDATA[java.lang.AssertionError: 'true' != 'false' expected:<true> but was:<false>
	at RegressionTest6.test03230(RegressionTest6.java:1847)
]]></failure>
  </testcase>
  <testcase name="test03231" classname="RegressionTest6" time="0"/>
  <testcase name="test03232" classname="RegressionTest6" time="0"/>
  <testcase name="test03233" classname="RegressionTest6" time="0">
    <failure message="&apos;true&apos; != &apos;false&apos; expected:&lt;true&gt; but was:&lt;false&gt;" type="java.lang.AssertionError"><![CDATA[java.lang.AssertionError: 'true' != 'false' expected:<true> but was:<false>
	at RegressionTest6.test03233(RegressionTest6.java:1871)
]]></failure>
  </testcase>
  <testcase name="test03234" classname="RegressionTest6" time="0"/>
  <testcase name="test03235" classname="RegressionTest6" time="0"/>
  <testcase name="test03236" classname="RegressionTest6" time="0"/>
  <testcase name="test03237" classname="RegressionTest6" time="0"/>
  <testcase name="test03238" classname="RegressionTest6" time="0"/>
  <testcase name="test03239" classname="RegressionTest6" time="0"/>
  <testcase name="test03240" classname="RegressionTest6" time="0"/>
  <testcase name="test03241" classname="RegressionTest6" time="0"/>
  <testcase name="test03242" classname="RegressionTest6" time="0"/>
  <testcase name="test03243" classname="RegressionTest6" time="0"/>
  <testcase name="test03244" classname="RegressionTest6" time="0.001">
    <failure message="&apos;true&apos; != &apos;false&apos; expected:&lt;true&gt; but was:&lt;false&gt;" type="java.lang.AssertionError"><![CDATA[java.lang.AssertionError: 'true' != 'false' expected:<true> but was:<false>
	at RegressionTest6.test03244(RegressionTest6.java:1959)
]]></failure>
  </testcase>
  <testcase name="test03245" classname="RegressionTest6" time="0"/>
  <testcase name="test03246" classname="RegressionTest6" time="0">
    <failure message="&apos;true&apos; != &apos;false&apos; expected:&lt;true&gt; but was:&lt;false&gt;" type="java.lang.AssertionError"><![CDATA[java.lang.AssertionError: 'true' != 'false' expected:<true> but was:<false>
	at RegressionTest6.test03246(RegressionTest6.java:1975)
]]></failure>
  </testcase>
  <testcase name="test03247" classname="RegressionTest6" time="0"/>
  <testcase name="test03248" classname="RegressionTest6" time="0"/>
  <testcase name="test03249" classname="RegressionTest6" time="0"/>
  <testcase name="test03250" classname="RegressionTest6" time="0"/>
  <testcase name="test03251" classname="RegressionTest6" time="0"/>
  <testcase name="test03252" classname="RegressionTest6" time="0"/>
  <testcase name="test03253" classname="RegressionTest6" time="0"/>
  <testcase name="test03254" classname="RegressionTest6" time="0"/>
  <testcase name="test03255" classname="RegressionTest6" time="0"/>
  <testcase name="test03256" classname="RegressionTest6" time="0"/>
  <testcase name="test03257" classname="RegressionTest6" time="0"/>
  <testcase name="test03258" classname="RegressionTest6" time="0"/>
  <testcase name="test03259" classname="RegressionTest6" time="0"/>
  <testcase name="test03260" classname="RegressionTest6" time="0"/>
  <testcase name="test03261" classname="RegressionTest6" time="0"/>
  <testcase name="test03262" classname="RegressionTest6" time="0"/>
  <testcase name="test03263" classname="RegressionTest6" time="0"/>
  <testcase name="test03264" classname="RegressionTest6" time="0"/>
  <testcase name="test03265" classname="RegressionTest6" time="0"/>
  <testcase name="test03266" classname="RegressionTest6" time="0"/>
  <testcase name="test03267" classname="RegressionTest6" time="0"/>
  <testcase name="test03268" classname="RegressionTest6" time="0"/>
  <testcase name="test03269" classname="RegressionTest6" time="0"/>
  <testcase name="test03270" classname="RegressionTest6" time="0"/>
  <testcase name="test03271" classname="RegressionTest6" time="0"/>
  <testcase name="test03272" classname="RegressionTest6" time="0">
    <failure message="&apos;true&apos; != &apos;false&apos; expected:&lt;true&gt; but was:&lt;false&gt;" type="java.lang.AssertionError"><![CDATA[java.lang.AssertionError: 'true' != 'false' expected:<true> but was:<false>
	at RegressionTest6.test03272(RegressionTest6.java:2183)
]]></failure>
  </testcase>
  <testcase name="test03273" classname="RegressionTest6" time="0"/>
  <testcase name="test03274" classname="RegressionTest6" time="0"/>
  <testcase name="test03275" classname="RegressionTest6" time="0"/>
  <testcase name="test03276" classname="RegressionTest6" time="0"/>
  <testcase name="test03277" classname="RegressionTest6" time="0"/>
  <testcase name="test03278" classname="RegressionTest6" time="0"/>
  <testcase name="test03279" classname="RegressionTest6" time="0"/>
  <testcase name="test03280" classname="RegressionTest6" time="0"/>
  <testcase name="test03281" classname="RegressionTest6" time="0"/>
  <testcase name="test03282" classname="RegressionTest6" time="0"/>
  <testcase name="test03283" classname="RegressionTest6" time="0"/>
  <testcase name="test03284" classname="RegressionTest6" time="0"/>
  <testcase name="test03285" classname="RegressionTest6" time="0"/>
  <testcase name="test03286" classname="RegressionTest6" time="0"/>
  <testcase name="test03287" classname="RegressionTest6" time="0"/>
  <testcase name="test03288" classname="RegressionTest6" time="0"/>
  <testcase name="test03289" classname="RegressionTest6" time="0"/>
  <testcase name="test03290" classname="RegressionTest6" time="0">
    <failure message="&apos;true&apos; != &apos;false&apos; expected:&lt;true&gt; but was:&lt;false&gt;" type="java.lang.AssertionError"><![CDATA[java.lang.AssertionError: 'true' != 'false' expected:<true> but was:<false>
	at RegressionTest6.test03290(RegressionTest6.java:2327)
]]></failure>
  </testcase>
  <testcase name="test03291" classname="RegressionTest6" time="0"/>
  <testcase name="test03292" classname="RegressionTest6" time="0"/>
  <testcase name="test03293" classname="RegressionTest6" time="0"/>
  <testcase name="test03294" classname="RegressionTest6" time="0"/>
  <testcase name="test03295" classname="RegressionTest6" time="0"/>
  <testcase name="test03296" classname="RegressionTest6" time="0"/>
  <testcase name="test03297" classname="RegressionTest6" time="0"/>
  <testcase name="test03298" classname="RegressionTest6" time="0"/>
  <testcase name="test03299" classname="RegressionTest6" time="0"/>
  <testcase name="test03300" classname="RegressionTest6" time="0"/>
  <testcase name="test03301" classname="RegressionTest6" time="0"/>
  <testcase name="test03302" classname="RegressionTest6" time="0"/>
  <testcase name="test03303" classname="RegressionTest6" time="0"/>
  <testcase name="test03304" classname="RegressionTest6" time="0">
    <failure message="&apos;true&apos; != &apos;false&apos; expected:&lt;true&gt; but was:&lt;false&gt;" type="java.lang.AssertionError"><![CDATA[java.lang.AssertionError: 'true' != 'false' expected:<true> but was:<false>
	at RegressionTest6.test03304(RegressionTest6.java:2439)
]]></failure>
  </testcase>
  <testcase name="test03305" classname="RegressionTest6" time="0"/>
  <testcase name="test03306" classname="RegressionTest6" time="0"/>
  <testcase name="test03307" classname="RegressionTest6" time="0"/>
  <testcase name="test03308" classname="RegressionTest6" time="0"/>
  <testcase name="test03309" classname="RegressionTest6" time="0.001">
    <failure message="&apos;true&apos; != &apos;false&apos; expected:&lt;true&gt; but was:&lt;false&gt;" type="java.lang.AssertionError"><![CDATA[java.lang.AssertionError: 'true' != 'false' expected:<true> but was:<false>
	at RegressionTest6.test03309(RegressionTest6.java:2479)
]]></failure>
  </testcase>
  <testcase name="test03310" classname="RegressionTest6" time="0"/>
  <testcase name="test03311" classname="RegressionTest6" time="0"/>
  <testcase name="test03312" classname="RegressionTest6" time="0"/>
  <testcase name="test03313" classname="RegressionTest6" time="0"/>
  <testcase name="test03314" classname="RegressionTest6" time="0"/>
  <testcase name="test03315" classname="RegressionTest6" time="0"/>
  <testcase name="test03316" classname="RegressionTest6" time="0"/>
  <testcase name="test03317" classname="RegressionTest6" time="0"/>
  <testcase name="test03318" classname="RegressionTest6" time="0"/>
  <testcase name="test03319" classname="RegressionTest6" time="0"/>
  <testcase name="test03320" classname="RegressionTest6" time="0"/>
  <testcase name="test03321" classname="RegressionTest6" time="0"/>
  <testcase name="test03322" classname="RegressionTest6" time="0"/>
  <testcase name="test03323" classname="RegressionTest6" time="0"/>
  <testcase name="test03324" classname="RegressionTest6" time="0"/>
  <testcase name="test03325" classname="RegressionTest6" time="0"/>
  <testcase name="test03326" classname="RegressionTest6" time="0"/>
  <testcase name="test03327" classname="RegressionTest6" time="0"/>
  <testcase name="test03328" classname="RegressionTest6" time="0"/>
  <testcase name="test03329" classname="RegressionTest6" time="0"/>
  <testcase name="test03330" classname="RegressionTest6" time="0"/>
  <testcase name="test03331" classname="RegressionTest6" time="0"/>
  <testcase name="test03332" classname="RegressionTest6" time="0"/>
  <testcase name="test03333" classname="RegressionTest6" time="0"/>
  <testcase name="test03334" classname="RegressionTest6" time="0"/>
  <testcase name="test03335" classname="RegressionTest6" time="0"/>
  <testcase name="test03336" classname="RegressionTest6" time="0"/>
  <testcase name="test03337" classname="RegressionTest6" time="0"/>
  <testcase name="test03338" classname="RegressionTest6" time="0"/>
  <testcase name="test03339" classname="RegressionTest6" time="0"/>
  <testcase name="test03340" classname="RegressionTest6" time="0"/>
  <testcase name="test03341" classname="RegressionTest6" time="0"/>
  <testcase name="test03342" classname="RegressionTest6" time="0"/>
  <testcase name="test03343" classname="RegressionTest6" time="0"/>
  <testcase name="test03344" classname="RegressionTest6" time="0"/>
  <testcase name="test03345" classname="RegressionTest6" time="0"/>
  <testcase name="test03346" classname="RegressionTest6" time="0"/>
  <testcase name="test03347" classname="RegressionTest6" time="0"/>
  <testcase name="test03348" classname="RegressionTest6" time="0"/>
  <testcase name="test03349" classname="RegressionTest6" time="0.001"/>
  <testcase name="test03350" classname="RegressionTest6" time="0"/>
  <testcase name="test03351" classname="RegressionTest6" time="0">
    <failure message="&apos;true&apos; != &apos;false&apos; expected:&lt;true&gt; but was:&lt;false&gt;" type="java.lang.AssertionError"><![CDATA[java.lang.AssertionError: 'true' != 'false' expected:<true> but was:<false>
	at RegressionTest6.test03351(RegressionTest6.java:2815)
]]></failure>
  </testcase>
  <testcase name="test03352" classname="RegressionTest6" time="0"/>
  <testcase name="test03353" classname="RegressionTest6" time="0"/>
  <testcase name="test03354" classname="RegressionTest6" time="0"/>
  <testcase name="test03355" classname="RegressionTest6" time="0"/>
  <testcase name="test03356" classname="RegressionTest6" time="0"/>
  <testcase name="test03357" classname="RegressionTest6" time="0"/>
  <testcase name="test03358" classname="RegressionTest6" time="0"/>
  <testcase name="test03359" classname="RegressionTest6" time="0"/>
  <testcase name="test03360" classname="RegressionTest6" time="0"/>
  <testcase name="test03361" classname="RegressionTest6" time="0"/>
  <testcase name="test03362" classname="RegressionTest6" time="0"/>
  <testcase name="test03363" classname="RegressionTest6" time="0"/>
  <testcase name="test03364" classname="RegressionTest6" time="0"/>
  <testcase name="test03365" classname="RegressionTest6" time="0"/>
  <testcase name="test03366" classname="RegressionTest6" time="0"/>
  <testcase name="test03367" classname="RegressionTest6" time="0"/>
  <testcase name="test03368" classname="RegressionTest6" time="0"/>
  <testcase name="test03369" classname="RegressionTest6" time="0"/>
  <testcase name="test03370" classname="RegressionTest6" time="0"/>
  <testcase name="test03371" classname="RegressionTest6" time="0"/>
  <testcase name="test03372" classname="RegressionTest6" time="0"/>
  <testcase name="test03373" classname="RegressionTest6" time="0"/>
  <testcase name="test03374" classname="RegressionTest6" time="0"/>
  <testcase name="test03375" classname="RegressionTest6" time="0">
    <failure message="&apos;true&apos; != &apos;false&apos; expected:&lt;true&gt; but was:&lt;false&gt;" type="java.lang.AssertionError"><![CDATA[java.lang.AssertionError: 'true' != 'false' expected:<true> but was:<false>
	at RegressionTest6.test03375(RegressionTest6.java:3007)
]]></failure>
  </testcase>
  <testcase name="test03376" classname="RegressionTest6" time="0"/>
  <testcase name="test03377" classname="RegressionTest6" time="0"/>
  <testcase name="test03378" classname="RegressionTest6" time="0"/>
  <testcase name="test03379" classname="RegressionTest6" time="0"/>
  <testcase name="test03380" classname="RegressionTest6" time="0"/>
  <testcase name="test03381" classname="RegressionTest6" time="0"/>
  <testcase name="test03382" classname="RegressionTest6" time="0"/>
  <testcase name="test03383" classname="RegressionTest6" time="0"/>
  <testcase name="test03384" classname="RegressionTest6" time="0"/>
  <testcase name="test03385" classname="RegressionTest6" time="0"/>
  <testcase name="test03386" classname="RegressionTest6" time="0"/>
  <testcase name="test03387" classname="RegressionTest6" time="0"/>
  <testcase name="test03388" classname="RegressionTest6" time="0"/>
  <testcase name="test03389" classname="RegressionTest6" time="0"/>
  <testcase name="test03390" classname="RegressionTest6" time="0">
    <failure message="&apos;true&apos; != &apos;false&apos; expected:&lt;true&gt; but was:&lt;false&gt;" type="java.lang.AssertionError"><![CDATA[java.lang.AssertionError: 'true' != 'false' expected:<true> but was:<false>
	at RegressionTest6.test03390(RegressionTest6.java:3127)
]]></failure>
  </testcase>
  <testcase name="test03391" classname="RegressionTest6" time="0"/>
  <testcase name="test03392" classname="RegressionTest6" time="0"/>
  <testcase name="test03393" classname="RegressionTest6" time="0"/>
  <testcase name="test03394" classname="RegressionTest6" time="0"/>
  <testcase name="test03395" classname="RegressionTest6" time="0"/>
  <testcase name="test03396" classname="RegressionTest6" time="0"/>
  <testcase name="test03397" classname="RegressionTest6" time="0"/>
  <testcase name="test03398" classname="RegressionTest6" time="0"/>
  <testcase name="test03399" classname="RegressionTest6" time="0"/>
  <testcase name="test03400" classname="RegressionTest6" time="0"/>
  <testcase name="test03401" classname="RegressionTest6" time="0"/>
  <testcase name="test03402" classname="RegressionTest6" time="0"/>
  <testcase name="test03403" classname="RegressionTest6" time="0"/>
  <testcase name="test03404" classname="RegressionTest6" time="0"/>
  <testcase name="test03405" classname="RegressionTest6" time="0"/>
  <testcase name="test03406" classname="RegressionTest6" time="0">
    <failure message="&apos;true&apos; != &apos;false&apos; expected:&lt;true&gt; but was:&lt;false&gt;" type="java.lang.AssertionError"><![CDATA[java.lang.AssertionError: 'true' != 'false' expected:<true> but was:<false>
	at RegressionTest6.test03406(RegressionTest6.java:3255)
]]></failure>
  </testcase>
  <testcase name="test03407" classname="RegressionTest6" time="0"/>
  <testcase name="test03408" classname="RegressionTest6" time="0"/>
  <testcase name="test03409" classname="RegressionTest6" time="0"/>
  <testcase name="test03410" classname="RegressionTest6" time="0"/>
  <testcase name="test03411" classname="RegressionTest6" time="0"/>
  <testcase name="test03412" classname="RegressionTest6" time="0"/>
  <testcase name="test03413" classname="RegressionTest6" time="0"/>
  <testcase name="test03414" classname="RegressionTest6" time="0.001"/>
  <testcase name="test03415" classname="RegressionTest6" time="0"/>
  <testcase name="test03416" classname="RegressionTest6" time="0"/>
  <testcase name="test03417" classname="RegressionTest6" time="0"/>
  <testcase name="test03418" classname="RegressionTest6" time="0"/>
  <testcase name="test03419" classname="RegressionTest6" time="0"/>
  <testcase name="test03420" classname="RegressionTest6" time="0"/>
  <testcase name="test03421" classname="RegressionTest6" time="0"/>
  <testcase name="test03422" classname="RegressionTest6" time="0"/>
  <testcase name="test03423" classname="RegressionTest6" time="0"/>
  <testcase name="test03424" classname="RegressionTest6" time="0"/>
  <testcase name="test03425" classname="RegressionTest6" time="0"/>
  <testcase name="test03426" classname="RegressionTest6" time="0"/>
  <testcase name="test03427" classname="RegressionTest6" time="0"/>
  <testcase name="test03428" classname="RegressionTest6" time="0"/>
  <testcase name="test03429" classname="RegressionTest6" time="0"/>
  <testcase name="test03430" classname="RegressionTest6" time="0"/>
  <testcase name="test03431" classname="RegressionTest6" time="0"/>
  <testcase name="test03432" classname="RegressionTest6" time="0"/>
  <testcase name="test03433" classname="RegressionTest6" time="0"/>
  <testcase name="test03434" classname="RegressionTest6" time="0"/>
  <testcase name="test03435" classname="RegressionTest6" time="0"/>
  <testcase name="test03436" classname="RegressionTest6" time="0"/>
  <testcase name="test03437" classname="RegressionTest6" time="0"/>
  <testcase name="test03438" classname="RegressionTest6" time="0"/>
  <testcase name="test03439" classname="RegressionTest6" time="0">
    <failure message="&apos;true&apos; != &apos;false&apos; expected:&lt;true&gt; but was:&lt;false&gt;" type="java.lang.AssertionError"><![CDATA[java.lang.AssertionError: 'true' != 'false' expected:<true> but was:<false>
	at RegressionTest6.test03439(RegressionTest6.java:3519)
]]></failure>
  </testcase>
  <testcase name="test03440" classname="RegressionTest6" time="0"/>
  <testcase name="test03441" classname="RegressionTest6" time="0"/>
  <testcase name="test03442" classname="RegressionTest6" time="0"/>
  <testcase name="test03443" classname="RegressionTest6" time="0"/>
  <testcase name="test03444" classname="RegressionTest6" time="0"/>
  <testcase name="test03445" classname="RegressionTest6" time="0"/>
  <testcase name="test03446" classname="RegressionTest6" time="0"/>
  <testcase name="test03447" classname="RegressionTest6" time="0">
    <failure message="&apos;true&apos; != &apos;false&apos; expected:&lt;true&gt; but was:&lt;false&gt;" type="java.lang.AssertionError"><![CDATA[java.lang.AssertionError: 'true' != 'false' expected:<true> but was:<false>
	at RegressionTest6.test03447(RegressionTest6.java:3583)
]]></failure>
  </testcase>
  <testcase name="test03448" classname="RegressionTest6" time="0"/>
  <testcase name="test03449" classname="RegressionTest6" time="0.001"/>
  <testcase name="test03450" classname="RegressionTest6" time="0">
    <failure message="&apos;true&apos; != &apos;false&apos; expected:&lt;true&gt; but was:&lt;false&gt;" type="java.lang.AssertionError"><![CDATA[java.lang.AssertionError: 'true' != 'false' expected:<true> but was:<false>
	at RegressionTest6.test03450(RegressionTest6.java:3607)
]]></failure>
  </testcase>
  <testcase name="test03451" classname="RegressionTest6" time="0"/>
  <testcase name="test03452" classname="RegressionTest6" time="0"/>
  <testcase name="test03453" classname="RegressionTest6" time="0"/>
  <testcase name="test03454" classname="RegressionTest6" time="0"/>
  <testcase name="test03455" classname="RegressionTest6" time="0"/>
  <testcase name="test03456" classname="RegressionTest6" time="0"/>
  <testcase name="test03457" classname="RegressionTest6" time="0"/>
  <testcase name="test03458" classname="RegressionTest6" time="0"/>
  <testcase name="test03459" classname="RegressionTest6" time="0"/>
  <testcase name="test03460" classname="RegressionTest6" time="0"/>
  <testcase name="test03461" classname="RegressionTest6" time="0"/>
  <testcase name="test03462" classname="RegressionTest6" time="0"/>
  <testcase name="test03463" classname="RegressionTest6" time="0"/>
  <testcase name="test03464" classname="RegressionTest6" time="0"/>
  <testcase name="test03465" classname="RegressionTest6" time="0"/>
  <testcase name="test03466" classname="RegressionTest6" time="0"/>
  <testcase name="test03467" classname="RegressionTest6" time="0"/>
  <testcase name="test03468" classname="RegressionTest6" time="0"/>
  <testcase name="test03469" classname="RegressionTest6" time="0"/>
  <testcase name="test03470" classname="RegressionTest6" time="0"/>
  <testcase name="test03471" classname="RegressionTest6" time="0"/>
  <testcase name="test03472" classname="RegressionTest6" time="0"/>
  <testcase name="test03473" classname="RegressionTest6" time="0"/>
  <testcase name="test03474" classname="RegressionTest6" time="0"/>
  <testcase name="test03475" classname="RegressionTest6" time="0"/>
  <testcase name="test03476" classname="RegressionTest6" time="0"/>
  <testcase name="test03477" classname="RegressionTest6" time="0"/>
  <testcase name="test03478" classname="RegressionTest6" time="0"/>
  <testcase name="test03479" classname="RegressionTest6" time="0"/>
  <testcase name="test03480" classname="RegressionTest6" time="0"/>
  <testcase name="test03481" classname="RegressionTest6" time="0.001">
    <failure message="&apos;true&apos; != &apos;false&apos; expected:&lt;true&gt; but was:&lt;false&gt;" type="java.lang.AssertionError"><![CDATA[java.lang.AssertionError: 'true' != 'false' expected:<true> but was:<false>
	at RegressionTest6.test03481(RegressionTest6.java:3855)
]]></failure>
  </testcase>
  <testcase name="test03482" classname="RegressionTest6" time="0"/>
  <testcase name="test03483" classname="RegressionTest6" time="0"/>
  <testcase name="test03484" classname="RegressionTest6" time="0"/>
  <testcase name="test03485" classname="RegressionTest6" time="0"/>
  <testcase name="test03486" classname="RegressionTest6" time="0"/>
  <testcase name="test03487" classname="RegressionTest6" time="0"/>
  <testcase name="test03488" classname="RegressionTest6" time="0"/>
  <testcase name="test03489" classname="RegressionTest6" time="0"/>
  <testcase name="test03490" classname="RegressionTest6" time="0"/>
  <testcase name="test03491" classname="RegressionTest6" time="0"/>
  <testcase name="test03492" classname="RegressionTest6" time="0"/>
  <testcase name="test03493" classname="RegressionTest6" time="0"/>
  <testcase name="test03494" classname="RegressionTest6" time="0"/>
  <testcase name="test03495" classname="RegressionTest6" time="0"/>
  <testcase name="test03496" classname="RegressionTest6" time="0"/>
  <testcase name="test03497" classname="RegressionTest6" time="0"/>
  <testcase name="test03498" classname="RegressionTest6" time="0"/>
  <testcase name="test03499" classname="RegressionTest6" time="0"/>
  <testcase name="test03500" classname="RegressionTest6" time="0"/>
  <testcase name="test03501" classname="RegressionTest7" time="0"/>
  <testcase name="test03502" classname="RegressionTest7" time="0"/>
  <testcase name="test03503" classname="RegressionTest7" time="0"/>
  <testcase name="test03504" classname="RegressionTest7" time="0"/>
  <testcase name="test03505" classname="RegressionTest7" time="0"/>
  <testcase name="test03506" classname="RegressionTest7" time="0"/>
  <testcase name="test03507" classname="RegressionTest7" time="0"/>
  <testcase name="test03508" classname="RegressionTest7" time="0"/>
  <testcase name="test03509" classname="RegressionTest7" time="0"/>
  <testcase name="test03510" classname="RegressionTest7" time="0"/>
  <testcase name="test03511" classname="RegressionTest7" time="0.001"/>
  <testcase name="test03512" classname="RegressionTest7" time="0"/>
  <testcase name="test03513" classname="RegressionTest7" time="0"/>
  <testcase name="test03514" classname="RegressionTest7" time="0"/>
  <testcase name="test03515" classname="RegressionTest7" time="0"/>
  <testcase name="test03516" classname="RegressionTest7" time="0"/>
  <testcase name="test03517" classname="RegressionTest7" time="0"/>
  <testcase name="test03518" classname="RegressionTest7" time="0"/>
  <testcase name="test03519" classname="RegressionTest7" time="0"/>
  <testcase name="test03520" classname="RegressionTest7" time="0"/>
  <testcase name="test03521" classname="RegressionTest7" time="0"/>
  <testcase name="test03522" classname="RegressionTest7" time="0"/>
  <testcase name="test03523" classname="RegressionTest7" time="0"/>
  <testcase name="test03524" classname="RegressionTest7" time="0"/>
  <testcase name="test03525" classname="RegressionTest7" time="0"/>
  <testcase name="test03526" classname="RegressionTest7" time="0"/>
  <testcase name="test03527" classname="RegressionTest7" time="0">
    <failure message="&apos;true&apos; != &apos;false&apos; expected:&lt;true&gt; but was:&lt;false&gt;" type="java.lang.AssertionError"><![CDATA[java.lang.AssertionError: 'true' != 'false' expected:<true> but was:<false>
	at RegressionTest7.test03527(RegressionTest7.java:223)
]]></failure>
  </testcase>
  <testcase name="test03528" classname="RegressionTest7" time="0">
    <failure message="&apos;true&apos; != &apos;false&apos; expected:&lt;true&gt; but was:&lt;false&gt;" type="java.lang.AssertionError"><![CDATA[java.lang.AssertionError: 'true' != 'false' expected:<true> but was:<false>
	at RegressionTest7.test03528(RegressionTest7.java:231)
]]></failure>
  </testcase>
  <testcase name="test03529" classname="RegressionTest7" time="0"/>
  <testcase name="test03530" classname="RegressionTest7" time="0"/>
  <testcase name="test03531" classname="RegressionTest7" time="0"/>
  <testcase name="test03532" classname="RegressionTest7" time="0"/>
  <testcase name="test03533" classname="RegressionTest7" time="0"/>
  <testcase name="test03534" classname="RegressionTest7" time="0"/>
  <testcase name="test03535" classname="RegressionTest7" time="0"/>
  <testcase name="test03536" classname="RegressionTest7" time="0"/>
  <testcase name="test03537" classname="RegressionTest7" time="0"/>
  <testcase name="test03538" classname="RegressionTest7" time="0"/>
  <testcase name="test03539" classname="RegressionTest7" time="0.001"/>
  <testcase name="test03540" classname="RegressionTest7" time="0"/>
  <testcase name="test03541" classname="RegressionTest7" time="0"/>
  <testcase name="test03542" classname="RegressionTest7" time="0"/>
  <testcase name="test03543" classname="RegressionTest7" time="0"/>
  <testcase name="test03544" classname="RegressionTest7" time="0"/>
  <testcase name="test03545" classname="RegressionTest7" time="0"/>
  <testcase name="test03546" classname="RegressionTest7" time="0"/>
  <testcase name="test03547" classname="RegressionTest7" time="0"/>
  <testcase name="test03548" classname="RegressionTest7" time="0">
    <failure message="&apos;true&apos; != &apos;false&apos; expected:&lt;true&gt; but was:&lt;false&gt;" type="java.lang.AssertionError"><![CDATA[java.lang.AssertionError: 'true' != 'false' expected:<true> but was:<false>
	at RegressionTest7.test03548(RegressionTest7.java:391)
]]></failure>
  </testcase>
  <testcase name="test03549" classname="RegressionTest7" time="0"/>
  <testcase name="test03550" classname="RegressionTest7" time="0"/>
  <testcase name="test03551" classname="RegressionTest7" time="0"/>
  <testcase name="test03552" classname="RegressionTest7" time="0"/>
  <testcase name="test03553" classname="RegressionTest7" time="0">
    <failure message="&apos;true&apos; != &apos;false&apos; expected:&lt;true&gt; but was:&lt;false&gt;" type="java.lang.AssertionError"><![CDATA[java.lang.AssertionError: 'true' != 'false' expected:<true> but was:<false>
	at RegressionTest7.test03553(RegressionTest7.java:431)
]]></failure>
  </testcase>
  <testcase name="test03554" classname="RegressionTest7" time="0">
    <failure message="&apos;true&apos; != &apos;false&apos; expected:&lt;true&gt; but was:&lt;false&gt;" type="java.lang.AssertionError"><![CDATA[java.lang.AssertionError: 'true' != 'false' expected:<true> but was:<false>
	at RegressionTest7.test03554(RegressionTest7.java:439)
]]></failure>
  </testcase>
  <testcase name="test03555" classname="RegressionTest7" time="0"/>
  <testcase name="test03556" classname="RegressionTest7" time="0"/>
  <testcase name="test03557" classname="RegressionTest7" time="0">
    <failure message="&apos;true&apos; != &apos;false&apos; expected:&lt;true&gt; but was:&lt;false&gt;" type="java.lang.AssertionError"><![CDATA[java.lang.AssertionError: 'true' != 'false' expected:<true> but was:<false>
	at RegressionTest7.test03557(RegressionTest7.java:463)
]]></failure>
  </testcase>
  <testcase name="test03558" classname="RegressionTest7" time="0"/>
  <testcase name="test03559" classname="RegressionTest7" time="0"/>
  <testcase name="test03560" classname="RegressionTest7" time="0"/>
  <testcase name="test03561" classname="RegressionTest7" time="0">
    <failure message="&apos;true&apos; != &apos;false&apos; expected:&lt;true&gt; but was:&lt;false&gt;" type="java.lang.AssertionError"><![CDATA[java.lang.AssertionError: 'true' != 'false' expected:<true> but was:<false>
	at RegressionTest7.test03561(RegressionTest7.java:495)
]]></failure>
  </testcase>
  <testcase name="test03562" classname="RegressionTest7" time="0"/>
  <testcase name="test03563" classname="RegressionTest7" time="0">
    <failure message="&apos;true&apos; != &apos;false&apos; expected:&lt;true&gt; but was:&lt;false&gt;" type="java.lang.AssertionError"><![CDATA[java.lang.AssertionError: 'true' != 'false' expected:<true> but was:<false>
	at RegressionTest7.test03563(RegressionTest7.java:511)
]]></failure>
  </testcase>
  <testcase name="test03564" classname="RegressionTest7" time="0"/>
  <testcase name="test03565" classname="RegressionTest7" time="0"/>
  <testcase name="test03566" classname="RegressionTest7" time="0"/>
  <testcase name="test03567" classname="RegressionTest7" time="0.001"/>
  <testcase name="test03568" classname="RegressionTest7" time="0"/>
  <testcase name="test03569" classname="RegressionTest7" time="0"/>
  <testcase name="test03570" classname="RegressionTest7" time="0"/>
  <testcase name="test03571" classname="RegressionTest7" time="0"/>
  <testcase name="test03572" classname="RegressionTest7" time="0"/>
  <testcase name="test03573" classname="RegressionTest7" time="0"/>
  <testcase name="test03574" classname="RegressionTest7" time="0"/>
  <testcase name="test03575" classname="RegressionTest7" time="0"/>
  <testcase name="test03576" classname="RegressionTest7" time="0"/>
  <testcase name="test03577" classname="RegressionTest7" time="0"/>
  <testcase name="test03578" classname="RegressionTest7" time="0"/>
  <testcase name="test03579" classname="RegressionTest7" time="0"/>
  <testcase name="test03580" classname="RegressionTest7" time="0"/>
  <testcase name="test03581" classname="RegressionTest7" time="0"/>
  <testcase name="test03582" classname="RegressionTest7" time="0"/>
  <testcase name="test03583" classname="RegressionTest7" time="0"/>
  <testcase name="test03584" classname="RegressionTest7" time="0">
    <failure message="&apos;true&apos; != &apos;false&apos; expected:&lt;true&gt; but was:&lt;false&gt;" type="java.lang.AssertionError"><![CDATA[java.lang.AssertionError: 'true' != 'false' expected:<true> but was:<false>
	at RegressionTest7.test03584(RegressionTest7.java:679)
]]></failure>
  </testcase>
  <testcase name="test03585" classname="RegressionTest7" time="0"/>
  <testcase name="test03586" classname="RegressionTest7" time="0"/>
  <testcase name="test03587" classname="RegressionTest7" time="0"/>
  <testcase name="test03588" classname="RegressionTest7" time="0"/>
  <testcase name="test03589" classname="RegressionTest7" time="0"/>
  <testcase name="test03590" classname="RegressionTest7" time="0">
    <failure message="&apos;true&apos; != &apos;false&apos; expected:&lt;true&gt; but was:&lt;false&gt;" type="java.lang.AssertionError"><![CDATA[java.lang.AssertionError: 'true' != 'false' expected:<true> but was:<false>
	at RegressionTest7.test03590(RegressionTest7.java:727)
]]></failure>
  </testcase>
  <testcase name="test03591" classname="RegressionTest7" time="0">
    <failure message="&apos;true&apos; != &apos;false&apos; expected:&lt;true&gt; but was:&lt;false&gt;" type="java.lang.AssertionError"><![CDATA[java.lang.AssertionError: 'true' != 'false' expected:<true> but was:<false>
	at RegressionTest7.test03591(RegressionTest7.java:735)
]]></failure>
  </testcase>
  <testcase name="test03592" classname="RegressionTest7" time="0"/>
  <testcase name="test03593" classname="RegressionTest7" time="0"/>
  <testcase name="test03594" classname="RegressionTest7" time="0"/>
  <testcase name="test03595" classname="RegressionTest7" time="0"/>
  <testcase name="test03596" classname="RegressionTest7" time="0"/>
  <testcase name="test03597" classname="RegressionTest7" time="0"/>
  <testcase name="test03598" classname="RegressionTest7" time="0"/>
  <testcase name="test03599" classname="RegressionTest7" time="0"/>
  <testcase name="test03600" classname="RegressionTest7" time="0"/>
  <testcase name="test03601" classname="RegressionTest7" time="0"/>
  <testcase name="test03602" classname="RegressionTest7" time="0"/>
  <testcase name="test03603" classname="RegressionTest7" time="0.001"/>
  <testcase name="test03604" classname="RegressionTest7" time="0"/>
  <testcase name="test03605" classname="RegressionTest7" time="0"/>
  <testcase name="test03606" classname="RegressionTest7" time="0"/>
  <testcase name="test03607" classname="RegressionTest7" time="0"/>
  <testcase name="test03608" classname="RegressionTest7" time="0"/>
  <testcase name="test03609" classname="RegressionTest7" time="0"/>
  <testcase name="test03610" classname="RegressionTest7" time="0"/>
  <testcase name="test03611" classname="RegressionTest7" time="0"/>
  <testcase name="test03612" classname="RegressionTest7" time="0"/>
  <testcase name="test03613" classname="RegressionTest7" time="0">
    <failure message="&apos;true&apos; != &apos;false&apos; expected:&lt;true&gt; but was:&lt;false&gt;" type="java.lang.AssertionError"><![CDATA[java.lang.AssertionError: 'true' != 'false' expected:<true> but was:<false>
	at RegressionTest7.test03613(RegressionTest7.java:911)
]]></failure>
  </testcase>
  <testcase name="test03614" classname="RegressionTest7" time="0"/>
  <testcase name="test03615" classname="RegressionTest7" time="0"/>
  <testcase name="test03616" classname="RegressionTest7" time="0"/>
  <testcase name="test03617" classname="RegressionTest7" time="0"/>
  <testcase name="test03618" classname="RegressionTest7" time="0"/>
  <testcase name="test03619" classname="RegressionTest7" time="0"/>
  <testcase name="test03620" classname="RegressionTest7" time="0"/>
  <testcase name="test03621" classname="RegressionTest7" time="0"/>
  <testcase name="test03622" classname="RegressionTest7" time="0"/>
  <testcase name="test03623" classname="RegressionTest7" time="0"/>
  <testcase name="test03624" classname="RegressionTest7" time="0"/>
  <testcase name="test03625" classname="RegressionTest7" time="0"/>
  <testcase name="test03626" classname="RegressionTest7" time="0">
    <failure message="&apos;true&apos; != &apos;false&apos; expected:&lt;true&gt; but was:&lt;false&gt;" type="java.lang.AssertionError"><![CDATA[java.lang.AssertionError: 'true' != 'false' expected:<true> but was:<false>
	at RegressionTest7.test03626(RegressionTest7.java:1015)
]]></failure>
  </testcase>
  <testcase name="test03627" classname="RegressionTest7" time="0"/>
  <testcase name="test03628" classname="RegressionTest7" time="0"/>
  <testcase name="test03629" classname="RegressionTest7" time="0"/>
  <testcase name="test03630" classname="RegressionTest7" time="0">
    <failure message="&apos;true&apos; != &apos;false&apos; expected:&lt;true&gt; but was:&lt;false&gt;" type="java.lang.AssertionError"><![CDATA[java.lang.AssertionError: 'true' != 'false' expected:<true> but was:<false>
	at RegressionTest7.test03630(RegressionTest7.java:1047)
]]></failure>
  </testcase>
  <testcase name="test03631" classname="RegressionTest7" time="0"/>
  <testcase name="test03632" classname="RegressionTest7" time="0"/>
  <testcase name="test03633" classname="RegressionTest7" time="0"/>
  <testcase name="test03634" classname="RegressionTest7" time="0"/>
  <testcase name="test03635" classname="RegressionTest7" time="0"/>
  <testcase name="test03636" classname="RegressionTest7" time="0"/>
  <testcase name="test03637" classname="RegressionTest7" time="0.001"/>
  <testcase name="test03638" classname="RegressionTest7" time="0"/>
  <testcase name="test03639" classname="RegressionTest7" time="0"/>
  <testcase name="test03640" classname="RegressionTest7" time="0"/>
  <testcase name="test03641" classname="RegressionTest7" time="0"/>
  <testcase name="test03642" classname="RegressionTest7" time="0"/>
  <testcase name="test03643" classname="RegressionTest7" time="0"/>
  <testcase name="test03644" classname="RegressionTest7" time="0"/>
  <testcase name="test03645" classname="RegressionTest7" time="0"/>
  <testcase name="test03646" classname="RegressionTest7" time="0">
    <failure message="&apos;true&apos; != &apos;false&apos; expected:&lt;true&gt; but was:&lt;false&gt;" type="java.lang.AssertionError"><![CDATA[java.lang.AssertionError: 'true' != 'false' expected:<true> but was:<false>
	at RegressionTest7.test03646(RegressionTest7.java:1175)
]]></failure>
  </testcase>
  <testcase name="test03647" classname="RegressionTest7" time="0"/>
  <testcase name="test03648" classname="RegressionTest7" time="0"/>
  <testcase name="test03649" classname="RegressionTest7" time="0"/>
  <testcase name="test03650" classname="RegressionTest7" time="0"/>
  <testcase name="test03651" classname="RegressionTest7" time="0"/>
  <testcase name="test03652" classname="RegressionTest7" time="0"/>
  <testcase name="test03653" classname="RegressionTest7" time="0"/>
  <testcase name="test03654" classname="RegressionTest7" time="0"/>
  <testcase name="test03655" classname="RegressionTest7" time="0"/>
  <testcase name="test03656" classname="RegressionTest7" time="0"/>
  <testcase name="test03657" classname="RegressionTest7" time="0"/>
  <testcase name="test03658" classname="RegressionTest7" time="0"/>
  <testcase name="test03659" classname="RegressionTest7" time="0"/>
  <testcase name="test03660" classname="RegressionTest7" time="0"/>
  <testcase name="test03661" classname="RegressionTest7" time="0"/>
  <testcase name="test03662" classname="RegressionTest7" time="0"/>
  <testcase name="test03663" classname="RegressionTest7" time="0"/>
  <testcase name="test03664" classname="RegressionTest7" time="0">
    <failure message="&apos;true&apos; != &apos;false&apos; expected:&lt;true&gt; but was:&lt;false&gt;" type="java.lang.AssertionError"><![CDATA[java.lang.AssertionError: 'true' != 'false' expected:<true> but was:<false>
	at RegressionTest7.test03664(RegressionTest7.java:1319)
]]></failure>
  </testcase>
  <testcase name="test03665" classname="RegressionTest7" time="0"/>
  <testcase name="test03666" classname="RegressionTest7" time="0.001"/>
  <testcase name="test03667" classname="RegressionTest7" time="0"/>
  <testcase name="test03668" classname="RegressionTest7" time="0"/>
  <testcase name="test03669" classname="RegressionTest7" time="0"/>
  <testcase name="test03670" classname="RegressionTest7" time="0"/>
  <testcase name="test03671" classname="RegressionTest7" time="0"/>
  <testcase name="test03672" classname="RegressionTest7" time="0"/>
  <testcase name="test03673" classname="RegressionTest7" time="0"/>
  <testcase name="test03674" classname="RegressionTest7" time="0"/>
  <testcase name="test03675" classname="RegressionTest7" time="0"/>
  <testcase name="test03676" classname="RegressionTest7" time="0"/>
  <testcase name="test03677" classname="RegressionTest7" time="0"/>
  <testcase name="test03678" classname="RegressionTest7" time="0"/>
  <testcase name="test03679" classname="RegressionTest7" time="0"/>
  <testcase name="test03680" classname="RegressionTest7" time="0"/>
  <testcase name="test03681" classname="RegressionTest7" time="0"/>
  <testcase name="test03682" classname="RegressionTest7" time="0"/>
  <testcase name="test03683" classname="RegressionTest7" time="0"/>
  <testcase name="test03684" classname="RegressionTest7" time="0"/>
  <testcase name="test03685" classname="RegressionTest7" time="0"/>
  <testcase name="test03686" classname="RegressionTest7" time="0"/>
  <testcase name="test03687" classname="RegressionTest7" time="0"/>
  <testcase name="test03688" classname="RegressionTest7" time="0"/>
  <testcase name="test03689" classname="RegressionTest7" time="0"/>
  <testcase name="test03690" classname="RegressionTest7" time="0"/>
  <testcase name="test03691" classname="RegressionTest7" time="0"/>
  <testcase name="test03692" classname="RegressionTest7" time="0"/>
  <testcase name="test03693" classname="RegressionTest7" time="0"/>
  <testcase name="test03694" classname="RegressionTest7" time="0"/>
  <testcase name="test03695" classname="RegressionTest7" time="0"/>
  <testcase name="test03696" classname="RegressionTest7" time="0"/>
  <testcase name="test03697" classname="RegressionTest7" time="0"/>
  <testcase name="test03698" classname="RegressionTest7" time="0"/>
  <testcase name="test03699" classname="RegressionTest7" time="0"/>
  <testcase name="test03700" classname="RegressionTest7" time="0"/>
  <testcase name="test03701" classname="RegressionTest7" time="0"/>
  <testcase name="test03702" classname="RegressionTest7" time="0"/>
  <testcase name="test03703" classname="RegressionTest7" time="0"/>
  <testcase name="test03704" classname="RegressionTest7" time="0"/>
  <testcase name="test03705" classname="RegressionTest7" time="0"/>
  <testcase name="test03706" classname="RegressionTest7" time="0"/>
  <testcase name="test03707" classname="RegressionTest7" time="0"/>
  <testcase name="test03708" classname="RegressionTest7" time="0"/>
  <testcase name="test03709" classname="RegressionTest7" time="0"/>
  <testcase name="test03710" classname="RegressionTest7" time="0"/>
  <testcase name="test03711" classname="RegressionTest7" time="0"/>
  <testcase name="test03712" classname="RegressionTest7" time="0"/>
  <testcase name="test03713" classname="RegressionTest7" time="0"/>
  <testcase name="test03714" classname="RegressionTest7" time="0"/>
  <testcase name="test03715" classname="RegressionTest7" time="0">
    <failure message="&apos;true&apos; != &apos;false&apos; expected:&lt;true&gt; but was:&lt;false&gt;" type="java.lang.AssertionError"><![CDATA[java.lang.AssertionError: 'true' != 'false' expected:<true> but was:<false>
	at RegressionTest7.test03715(RegressionTest7.java:1727)
]]></failure>
  </testcase>
  <testcase name="test03716" classname="RegressionTest7" time="0"/>
  <testcase name="test03717" classname="RegressionTest7" time="0">
    <failure message="&apos;true&apos; != &apos;false&apos; expected:&lt;true&gt; but was:&lt;false&gt;" type="java.lang.AssertionError"><![CDATA[java.lang.AssertionError: 'true' != 'false' expected:<true> but was:<false>
	at RegressionTest7.test03717(RegressionTest7.java:1743)
]]></failure>
  </testcase>
  <testcase name="test03718" classname="RegressionTest7" time="0"/>
  <testcase name="test03719" classname="RegressionTest7" time="0"/>
  <testcase name="test03720" classname="RegressionTest7" time="0"/>
  <testcase name="test03721" classname="RegressionTest7" time="0"/>
  <testcase name="test03722" classname="RegressionTest7" time="0"/>
  <testcase name="test03723" classname="RegressionTest7" time="0">
    <failure message="&apos;true&apos; != &apos;false&apos; expected:&lt;true&gt; but was:&lt;false&gt;" type="java.lang.AssertionError"><![CDATA[java.lang.AssertionError: 'true' != 'false' expected:<true> but was:<false>
	at RegressionTest7.test03723(RegressionTest7.java:1791)
]]></failure>
  </testcase>
  <testcase name="test03724" classname="RegressionTest7" time="0"/>
  <testcase name="test03725" classname="RegressionTest7" time="0"/>
  <testcase name="test03726" classname="RegressionTest7" time="0"/>
  <testcase name="test03727" classname="RegressionTest7" time="0"/>
  <testcase name="test03728" classname="RegressionTest7" time="0"/>
  <testcase name="test03729" classname="RegressionTest7" time="0"/>
  <testcase name="test03730" classname="RegressionTest7" time="0"/>
  <testcase name="test03731" classname="RegressionTest7" time="0"/>
  <testcase name="test03732" classname="RegressionTest7" time="0"/>
  <testcase name="test03733" classname="RegressionTest7" time="0"/>
  <testcase name="test03734" classname="RegressionTest7" time="0"/>
  <testcase name="test03735" classname="RegressionTest7" time="0"/>
  <testcase name="test03736" classname="RegressionTest7" time="0"/>
  <testcase name="test03737" classname="RegressionTest7" time="0"/>
  <testcase name="test03738" classname="RegressionTest7" time="0"/>
  <testcase name="test03739" classname="RegressionTest7" time="0"/>
  <testcase name="test03740" classname="RegressionTest7" time="0.001"/>
  <testcase name="test03741" classname="RegressionTest7" time="0"/>
  <testcase name="test03742" classname="RegressionTest7" time="0"/>
  <testcase name="test03743" classname="RegressionTest7" time="0"/>
  <testcase name="test03744" classname="RegressionTest7" time="0"/>
  <testcase name="test03745" classname="RegressionTest7" time="0"/>
  <testcase name="test03746" classname="RegressionTest7" time="0"/>
  <testcase name="test03747" classname="RegressionTest7" time="0"/>
  <testcase name="test03748" classname="RegressionTest7" time="0"/>
  <testcase name="test03749" classname="RegressionTest7" time="0"/>
  <testcase name="test03750" classname="RegressionTest7" time="0"/>
  <testcase name="test03751" classname="RegressionTest7" time="0"/>
  <testcase name="test03752" classname="RegressionTest7" time="0"/>
  <testcase name="test03753" classname="RegressionTest7" time="0"/>
  <testcase name="test03754" classname="RegressionTest7" time="0"/>
  <testcase name="test03755" classname="RegressionTest7" time="0"/>
  <testcase name="test03756" classname="RegressionTest7" time="0"/>
  <testcase name="test03757" classname="RegressionTest7" time="0"/>
  <testcase name="test03758" classname="RegressionTest7" time="0"/>
  <testcase name="test03759" classname="RegressionTest7" time="0"/>
  <testcase name="test03760" classname="RegressionTest7" time="0"/>
  <testcase name="test03761" classname="RegressionTest7" time="0"/>
  <testcase name="test03762" classname="RegressionTest7" time="0"/>
  <testcase name="test03763" classname="RegressionTest7" time="0"/>
  <testcase name="test03764" classname="RegressionTest7" time="0"/>
  <testcase name="test03765" classname="RegressionTest7" time="0"/>
  <testcase name="test03766" classname="RegressionTest7" time="0"/>
  <testcase name="test03767" classname="RegressionTest7" time="0"/>
  <testcase name="test03768" classname="RegressionTest7" time="0"/>
  <testcase name="test03769" classname="RegressionTest7" time="0"/>
  <testcase name="test03770" classname="RegressionTest7" time="0"/>
  <testcase name="test03771" classname="RegressionTest7" time="0"/>
  <testcase name="test03772" classname="RegressionTest7" time="0"/>
  <testcase name="test03773" classname="RegressionTest7" time="0">
    <failure message="&apos;true&apos; != &apos;false&apos; expected:&lt;true&gt; but was:&lt;false&gt;" type="java.lang.AssertionError"><![CDATA[java.lang.AssertionError: 'true' != 'false' expected:<true> but was:<false>
	at RegressionTest7.test03773(RegressionTest7.java:2191)
]]></failure>
  </testcase>
  <testcase name="test03774" classname="RegressionTest7" time="0"/>
  <testcase name="test03775" classname="RegressionTest7" time="0"/>
  <testcase name="test03776" classname="RegressionTest7" time="0"/>
  <testcase name="test03777" classname="RegressionTest7" time="0"/>
  <testcase name="test03778" classname="RegressionTest7" time="0"/>
  <testcase name="test03779" classname="RegressionTest7" time="0"/>
  <testcase name="test03780" classname="RegressionTest7" time="0"/>
  <testcase name="test03781" classname="RegressionTest7" time="0.001">
    <failure message="&apos;true&apos; != &apos;false&apos; expected:&lt;true&gt; but was:&lt;false&gt;" type="java.lang.AssertionError"><![CDATA[java.lang.AssertionError: 'true' != 'false' expected:<true> but was:<false>
	at RegressionTest7.test03781(RegressionTest7.java:2255)
]]></failure>
  </testcase>
  <testcase name="test03782" classname="RegressionTest7" time="0"/>
  <testcase name="test03783" classname="RegressionTest7" time="0"/>
  <testcase name="test03784" classname="RegressionTest7" time="0"/>
  <testcase name="test03785" classname="RegressionTest7" time="0"/>
  <testcase name="test03786" classname="RegressionTest7" time="0"/>
  <testcase name="test03787" classname="RegressionTest7" time="0"/>
  <testcase name="test03788" classname="RegressionTest7" time="0"/>
  <testcase name="test03789" classname="RegressionTest7" time="0"/>
  <testcase name="test03790" classname="RegressionTest7" time="0"/>
  <testcase name="test03791" classname="RegressionTest7" time="0"/>
  <testcase name="test03792" classname="RegressionTest7" time="0"/>
  <testcase name="test03793" classname="RegressionTest7" time="0"/>
  <testcase name="test03794" classname="RegressionTest7" time="0"/>
  <testcase name="test03795" classname="RegressionTest7" time="0"/>
  <testcase name="test03796" classname="RegressionTest7" time="0"/>
  <testcase name="test03797" classname="RegressionTest7" time="0"/>
  <testcase name="test03798" classname="RegressionTest7" time="0"/>
  <testcase name="test03799" classname="RegressionTest7" time="0"/>
  <testcase name="test03800" classname="RegressionTest7" time="0"/>
  <testcase name="test03801" classname="RegressionTest7" time="0"/>
  <testcase name="test03802" classname="RegressionTest7" time="0"/>
  <testcase name="test03803" classname="RegressionTest7" time="0"/>
  <testcase name="test03804" classname="RegressionTest7" time="0"/>
  <testcase name="test03805" classname="RegressionTest7" time="0"/>
  <testcase name="test03806" classname="RegressionTest7" time="0"/>
  <testcase name="test03807" classname="RegressionTest7" time="0"/>
  <testcase name="test03808" classname="RegressionTest7" time="0"/>
  <testcase name="test03809" classname="RegressionTest7" time="0"/>
  <testcase name="test03810" classname="RegressionTest7" time="0"/>
  <testcase name="test03811" classname="RegressionTest7" time="0"/>
  <testcase name="test03812" classname="RegressionTest7" time="0"/>
  <testcase name="test03813" classname="RegressionTest7" time="0"/>
  <testcase name="test03814" classname="RegressionTest7" time="0"/>
  <testcase name="test03815" classname="RegressionTest7" time="0"/>
  <testcase name="test03816" classname="RegressionTest7" time="0"/>
  <testcase name="test03817" classname="RegressionTest7" time="0"/>
  <testcase name="test03818" classname="RegressionTest7" time="0"/>
  <testcase name="test03819" classname="RegressionTest7" time="0"/>
  <testcase name="test03820" classname="RegressionTest7" time="0"/>
  <testcase name="test03821" classname="RegressionTest7" time="0"/>
  <testcase name="test03822" classname="RegressionTest7" time="0"/>
  <testcase name="test03823" classname="RegressionTest7" time="0"/>
  <testcase name="test03824" classname="RegressionTest7" time="0"/>
  <testcase name="test03825" classname="RegressionTest7" time="0"/>
  <testcase name="test03826" classname="RegressionTest7" time="0"/>
  <testcase name="test03827" classname="RegressionTest7" time="0"/>
  <testcase name="test03828" classname="RegressionTest7" time="0"/>
  <testcase name="test03829" classname="RegressionTest7" time="0"/>
  <testcase name="test03830" classname="RegressionTest7" time="0"/>
  <testcase name="test03831" classname="RegressionTest7" time="0.001"/>
  <testcase name="test03832" classname="RegressionTest7" time="0"/>
  <testcase name="test03833" classname="RegressionTest7" time="0"/>
  <testcase name="test03834" classname="RegressionTest7" time="0"/>
  <testcase name="test03835" classname="RegressionTest7" time="0"/>
  <testcase name="test03836" classname="RegressionTest7" time="0"/>
  <testcase name="test03837" classname="RegressionTest7" time="0"/>
  <testcase name="test03838" classname="RegressionTest7" time="0"/>
  <testcase name="test03839" classname="RegressionTest7" time="0"/>
  <testcase name="test03840" classname="RegressionTest7" time="0"/>
  <testcase name="test03841" classname="RegressionTest7" time="0"/>
  <testcase name="test03842" classname="RegressionTest7" time="0"/>
  <testcase name="test03843" classname="RegressionTest7" time="0"/>
  <testcase name="test03844" classname="RegressionTest7" time="0"/>
  <testcase name="test03845" classname="RegressionTest7" time="0">
    <failure message="&apos;true&apos; != &apos;false&apos; expected:&lt;true&gt; but was:&lt;false&gt;" type="java.lang.AssertionError"><![CDATA[java.lang.AssertionError: 'true' != 'false' expected:<true> but was:<false>
	at RegressionTest7.test03845(RegressionTest7.java:2767)
]]></failure>
  </testcase>
  <testcase name="test03846" classname="RegressionTest7" time="0"/>
  <testcase name="test03847" classname="RegressionTest7" time="0"/>
  <testcase name="test03848" classname="RegressionTest7" time="0"/>
  <testcase name="test03849" classname="RegressionTest7" time="0"/>
  <testcase name="test03850" classname="RegressionTest7" time="0"/>
  <testcase name="test03851" classname="RegressionTest7" time="0">
    <failure message="&apos;true&apos; != &apos;false&apos; expected:&lt;true&gt; but was:&lt;false&gt;" type="java.lang.AssertionError"><![CDATA[java.lang.AssertionError: 'true' != 'false' expected:<true> but was:<false>
	at RegressionTest7.test03851(RegressionTest7.java:2815)
]]></failure>
  </testcase>
  <testcase name="test03852" classname="RegressionTest7" time="0"/>
  <testcase name="test03853" classname="RegressionTest7" time="0"/>
  <testcase name="test03854" classname="RegressionTest7" time="0"/>
  <testcase name="test03855" classname="RegressionTest7" time="0"/>
  <testcase name="test03856" classname="RegressionTest7" time="0"/>
  <testcase name="test03857" classname="RegressionTest7" time="0"/>
  <testcase name="test03858" classname="RegressionTest7" time="0"/>
  <testcase name="test03859" classname="RegressionTest7" time="0"/>
  <testcase name="test03860" classname="RegressionTest7" time="0"/>
  <testcase name="test03861" classname="RegressionTest7" time="0"/>
  <testcase name="test03862" classname="RegressionTest7" time="0"/>
  <testcase name="test03863" classname="RegressionTest7" time="0"/>
  <testcase name="test03864" classname="RegressionTest7" time="0"/>
  <testcase name="test03865" classname="RegressionTest7" time="0"/>
  <testcase name="test03866" classname="RegressionTest7" time="0"/>
  <testcase name="test03867" classname="RegressionTest7" time="0"/>
  <testcase name="test03868" classname="RegressionTest7" time="0"/>
  <testcase name="test03869" classname="RegressionTest7" time="0"/>
  <testcase name="test03870" classname="RegressionTest7" time="0"/>
  <testcase name="test03871" classname="RegressionTest7" time="0"/>
  <testcase name="test03872" classname="RegressionTest7" time="0"/>
  <testcase name="test03873" classname="RegressionTest7" time="0"/>
  <testcase name="test03874" classname="RegressionTest7" time="0"/>
  <testcase name="test03875" classname="RegressionTest7" time="0"/>
  <testcase name="test03876" classname="RegressionTest7" time="0"/>
  <testcase name="test03877" classname="RegressionTest7" time="0.001"/>
  <testcase name="test03878" classname="RegressionTest7" time="0"/>
  <testcase name="test03879" classname="RegressionTest7" time="0"/>
  <testcase name="test03880" classname="RegressionTest7" time="0"/>
  <testcase name="test03881" classname="RegressionTest7" time="0"/>
  <testcase name="test03882" classname="RegressionTest7" time="0"/>
  <testcase name="test03883" classname="RegressionTest7" time="0">
    <failure message="&apos;true&apos; != &apos;false&apos; expected:&lt;true&gt; but was:&lt;false&gt;" type="java.lang.AssertionError"><![CDATA[java.lang.AssertionError: 'true' != 'false' expected:<true> but was:<false>
	at RegressionTest7.test03883(RegressionTest7.java:3071)
]]></failure>
  </testcase>
  <testcase name="test03884" classname="RegressionTest7" time="0"/>
  <testcase name="test03885" classname="RegressionTest7" time="0"/>
  <testcase name="test03886" classname="RegressionTest7" time="0"/>
  <testcase name="test03887" classname="RegressionTest7" time="0"/>
  <testcase name="test03888" classname="RegressionTest7" time="0"/>
  <testcase name="test03889" classname="RegressionTest7" time="0"/>
  <testcase name="test03890" classname="RegressionTest7" time="0"/>
  <testcase name="test03891" classname="RegressionTest7" time="0"/>
  <testcase name="test03892" classname="RegressionTest7" time="0"/>
  <testcase name="test03893" classname="RegressionTest7" time="0"/>
  <testcase name="test03894" classname="RegressionTest7" time="0"/>
  <testcase name="test03895" classname="RegressionTest7" time="0"/>
  <testcase name="test03896" classname="RegressionTest7" time="0"/>
  <testcase name="test03897" classname="RegressionTest7" time="0"/>
  <testcase name="test03898" classname="RegressionTest7" time="0"/>
  <testcase name="test03899" classname="RegressionTest7" time="0"/>
  <testcase name="test03900" classname="RegressionTest7" time="0"/>
  <testcase name="test03901" classname="RegressionTest7" time="0">
    <failure message="&apos;true&apos; != &apos;false&apos; expected:&lt;true&gt; but was:&lt;false&gt;" type="java.lang.AssertionError"><![CDATA[java.lang.AssertionError: 'true' != 'false' expected:<true> but was:<false>
	at RegressionTest7.test03901(RegressionTest7.java:3215)
]]></failure>
  </testcase>
  <testcase name="test03902" classname="RegressionTest7" time="0"/>
  <testcase name="test03903" classname="RegressionTest7" time="0"/>
  <testcase name="test03904" classname="RegressionTest7" time="0"/>
  <testcase name="test03905" classname="RegressionTest7" time="0"/>
  <testcase name="test03906" classname="RegressionTest7" time="0"/>
  <testcase name="test03907" classname="RegressionTest7" time="0"/>
  <testcase name="test03908" classname="RegressionTest7" time="0"/>
  <testcase name="test03909" classname="RegressionTest7" time="0"/>
  <testcase name="test03910" classname="RegressionTest7" time="0"/>
  <testcase name="test03911" classname="RegressionTest7" time="0"/>
  <testcase name="test03912" classname="RegressionTest7" time="0"/>
  <testcase name="test03913" classname="RegressionTest7" time="0"/>
  <testcase name="test03914" classname="RegressionTest7" time="0"/>
  <testcase name="test03915" classname="RegressionTest7" time="0"/>
  <testcase name="test03916" classname="RegressionTest7" time="0"/>
  <testcase name="test03917" classname="RegressionTest7" time="0"/>
  <testcase name="test03918" classname="RegressionTest7" time="0"/>
  <testcase name="test03919" classname="RegressionTest7" time="0"/>
  <testcase name="test03920" classname="RegressionTest7" time="0.001"/>
  <testcase name="test03921" classname="RegressionTest7" time="0"/>
  <testcase name="test03922" classname="RegressionTest7" time="0">
    <failure message="&apos;true&apos; != &apos;false&apos; expected:&lt;true&gt; but was:&lt;false&gt;" type="java.lang.AssertionError"><![CDATA[java.lang.AssertionError: 'true' != 'false' expected:<true> but was:<false>
	at RegressionTest7.test03922(RegressionTest7.java:3383)
]]></failure>
  </testcase>
  <testcase name="test03923" classname="RegressionTest7" time="0"/>
  <testcase name="test03924" classname="RegressionTest7" time="0">
    <failure message="&apos;true&apos; != &apos;false&apos; expected:&lt;true&gt; but was:&lt;false&gt;" type="java.lang.AssertionError"><![CDATA[java.lang.AssertionError: 'true' != 'false' expected:<true> but was:<false>
	at RegressionTest7.test03924(RegressionTest7.java:3399)
]]></failure>
  </testcase>
  <testcase name="test03925" classname="RegressionTest7" time="0"/>
  <testcase name="test03926" classname="RegressionTest7" time="0"/>
  <testcase name="test03927" classname="RegressionTest7" time="0"/>
  <testcase name="test03928" classname="RegressionTest7" time="0"/>
  <testcase name="test03929" classname="RegressionTest7" time="0"/>
  <testcase name="test03930" classname="RegressionTest7" time="0"/>
  <testcase name="test03931" classname="RegressionTest7" time="0"/>
  <testcase name="test03932" classname="RegressionTest7" time="0"/>
  <testcase name="test03933" classname="RegressionTest7" time="0"/>
  <testcase name="test03934" classname="RegressionTest7" time="0"/>
  <testcase name="test03935" classname="RegressionTest7" time="0"/>
  <testcase name="test03936" classname="RegressionTest7" time="0"/>
  <testcase name="test03937" classname="RegressionTest7" time="0"/>
  <testcase name="test03938" classname="RegressionTest7" time="0"/>
  <testcase name="test03939" classname="RegressionTest7" time="0"/>
  <testcase name="test03940" classname="RegressionTest7" time="0"/>
  <testcase name="test03941" classname="RegressionTest7" time="0"/>
  <testcase name="test03942" classname="RegressionTest7" time="0"/>
  <testcase name="test03943" classname="RegressionTest7" time="0"/>
  <testcase name="test03944" classname="RegressionTest7" time="0"/>
  <testcase name="test03945" classname="RegressionTest7" time="0"/>
  <testcase name="test03946" classname="RegressionTest7" time="0"/>
  <testcase name="test03947" classname="RegressionTest7" time="0"/>
  <testcase name="test03948" classname="RegressionTest7" time="0"/>
  <testcase name="test03949" classname="RegressionTest7" time="0"/>
  <testcase name="test03950" classname="RegressionTest7" time="0"/>
  <testcase name="test03951" classname="RegressionTest7" time="0"/>
  <testcase name="test03952" classname="RegressionTest7" time="0">
    <failure message="&apos;true&apos; != &apos;false&apos; expected:&lt;true&gt; but was:&lt;false&gt;" type="java.lang.AssertionError"><![CDATA[java.lang.AssertionError: 'true' != 'false' expected:<true> but was:<false>
	at RegressionTest7.test03952(RegressionTest7.java:3623)
]]></failure>
  </testcase>
  <testcase name="test03953" classname="RegressionTest7" time="0"/>
  <testcase name="test03954" classname="RegressionTest7" time="0.001">
    <failure message="&apos;true&apos; != &apos;false&apos; expected:&lt;true&gt; but was:&lt;false&gt;" type="java.lang.AssertionError"><![CDATA[java.lang.AssertionError: 'true' != 'false' expected:<true> but was:<false>
	at RegressionTest7.test03954(RegressionTest7.java:3639)
]]></failure>
  </testcase>
  <testcase name="test03955" classname="RegressionTest7" time="0"/>
  <testcase name="test03956" classname="RegressionTest7" time="0">
    <failure message="&apos;true&apos; != &apos;false&apos; expected:&lt;true&gt; but was:&lt;false&gt;" type="java.lang.AssertionError"><![CDATA[java.lang.AssertionError: 'true' != 'false' expected:<true> but was:<false>
	at RegressionTest7.test03956(RegressionTest7.java:3655)
]]></failure>
  </testcase>
  <testcase name="test03957" classname="RegressionTest7" time="0"/>
  <testcase name="test03958" classname="RegressionTest7" time="0"/>
  <testcase name="test03959" classname="RegressionTest7" time="0"/>
  <testcase name="test03960" classname="RegressionTest7" time="0">
    <failure message="&apos;true&apos; != &apos;false&apos; expected:&lt;true&gt; but was:&lt;false&gt;" type="java.lang.AssertionError"><![CDATA[java.lang.AssertionError: 'true' != 'false' expected:<true> but was:<false>
	at RegressionTest7.test03960(RegressionTest7.java:3687)
]]></failure>
  </testcase>
  <testcase name="test03961" classname="RegressionTest7" time="0"/>
  <testcase name="test03962" classname="RegressionTest7" time="0"/>
  <testcase name="test03963" classname="RegressionTest7" time="0"/>
  <testcase name="test03964" classname="RegressionTest7" time="0"/>
  <testcase name="test03965" classname="RegressionTest7" time="0"/>
  <testcase name="test03966" classname="RegressionTest7" time="0"/>
  <testcase name="test03967" classname="RegressionTest7" time="0"/>
  <testcase name="test03968" classname="RegressionTest7" time="0"/>
  <testcase name="test03969" classname="RegressionTest7" time="0"/>
  <testcase name="test03970" classname="RegressionTest7" time="0"/>
  <testcase name="test03971" classname="RegressionTest7" time="0"/>
  <testcase name="test03972" classname="RegressionTest7" time="0"/>
  <testcase name="test03973" classname="RegressionTest7" time="0"/>
  <testcase name="test03974" classname="RegressionTest7" time="0"/>
  <testcase name="test03975" classname="RegressionTest7" time="0"/>
  <testcase name="test03976" classname="RegressionTest7" time="0"/>
  <testcase name="test03977" classname="RegressionTest7" time="0"/>
  <testcase name="test03978" classname="RegressionTest7" time="0"/>
  <testcase name="test03979" classname="RegressionTest7" time="0"/>
  <testcase name="test03980" classname="RegressionTest7" time="0"/>
  <testcase name="test03981" classname="RegressionTest7" time="0"/>
  <testcase name="test03982" classname="RegressionTest7" time="0"/>
  <testcase name="test03983" classname="RegressionTest7" time="0"/>
  <testcase name="test03984" classname="RegressionTest7" time="0"/>
  <testcase name="test03985" classname="RegressionTest7" time="0"/>
  <testcase name="test03986" classname="RegressionTest7" time="0"/>
  <testcase name="test03987" classname="RegressionTest7" time="0"/>
  <testcase name="test03988" classname="RegressionTest7" time="0"/>
  <testcase name="test03989" classname="RegressionTest7" time="0.001">
    <failure message="&apos;true&apos; != &apos;false&apos; expected:&lt;true&gt; but was:&lt;false&gt;" type="java.lang.AssertionError"><![CDATA[java.lang.AssertionError: 'true' != 'false' expected:<true> but was:<false>
	at RegressionTest7.test03989(RegressionTest7.java:3919)
]]></failure>
  </testcase>
  <testcase name="test03990" classname="RegressionTest7" time="0"/>
  <testcase name="test03991" classname="RegressionTest7" time="0"/>
  <testcase name="test03992" classname="RegressionTest7" time="0"/>
  <testcase name="test03993" classname="RegressionTest7" time="0"/>
  <testcase name="test03994" classname="RegressionTest7" time="0"/>
  <testcase name="test03995" classname="RegressionTest7" time="0"/>
  <testcase name="test03996" classname="RegressionTest7" time="0"/>
  <testcase name="test03997" classname="RegressionTest7" time="0"/>
  <testcase name="test03998" classname="RegressionTest7" time="0"/>
  <testcase name="test03999" classname="RegressionTest7" time="0"/>
  <testcase name="test04000" classname="RegressionTest7" time="0"/>
  <testcase name="test04001" classname="RegressionTest8" time="0"/>
  <testcase name="test04002" classname="RegressionTest8" time="0"/>
  <testcase name="test04003" classname="RegressionTest8" time="0"/>
  <testcase name="test04004" classname="RegressionTest8" time="0"/>
  <testcase name="test04005" classname="RegressionTest8" time="0"/>
  <testcase name="test04006" classname="RegressionTest8" time="0"/>
  <testcase name="test04007" classname="RegressionTest8" time="0"/>
  <testcase name="test04008" classname="RegressionTest8" time="0"/>
  <testcase name="test04009" classname="RegressionTest8" time="0"/>
  <testcase name="test04010" classname="RegressionTest8" time="0"/>
  <testcase name="test04011" classname="RegressionTest8" time="0"/>
  <testcase name="test04012" classname="RegressionTest8" time="0"/>
  <testcase name="test04013" classname="RegressionTest8" time="0"/>
  <testcase name="test04014" classname="RegressionTest8" time="0"/>
  <testcase name="test04015" classname="RegressionTest8" time="0">
    <failure message="&apos;true&apos; != &apos;false&apos; expected:&lt;true&gt; but was:&lt;false&gt;" type="java.lang.AssertionError"><![CDATA[java.lang.AssertionError: 'true' != 'false' expected:<true> but was:<false>
	at RegressionTest8.test04015(RegressionTest8.java:127)
]]></failure>
  </testcase>
  <testcase name="test04016" classname="RegressionTest8" time="0"/>
  <testcase name="test04017" classname="RegressionTest8" time="0"/>
  <testcase name="test04018" classname="RegressionTest8" time="0">
    <failure message="&apos;true&apos; != &apos;false&apos; expected:&lt;true&gt; but was:&lt;false&gt;" type="java.lang.AssertionError"><![CDATA[java.lang.AssertionError: 'true' != 'false' expected:<true> but was:<false>
	at RegressionTest8.test04018(RegressionTest8.java:151)
]]></failure>
  </testcase>
  <testcase name="test04019" classname="RegressionTest8" time="0"/>
  <testcase name="test04020" classname="RegressionTest8" time="0"/>
  <testcase name="test04021" classname="RegressionTest8" time="0"/>
  <testcase name="test04022" classname="RegressionTest8" time="0">
    <failure message="&apos;true&apos; != &apos;false&apos; expected:&lt;true&gt; but was:&lt;false&gt;" type="java.lang.AssertionError"><![CDATA[java.lang.AssertionError: 'true' != 'false' expected:<true> but was:<false>
	at RegressionTest8.test04022(RegressionTest8.java:183)
]]></failure>
  </testcase>
  <testcase name="test04023" classname="RegressionTest8" time="0"/>
  <testcase name="test04024" classname="RegressionTest8" time="0"/>
  <testcase name="test04025" classname="RegressionTest8" time="0"/>
  <testcase name="test04026" classname="RegressionTest8" time="0"/>
  <testcase name="test04027" classname="RegressionTest8" time="0"/>
  <testcase name="test04028" classname="RegressionTest8" time="0"/>
  <testcase name="test04029" classname="RegressionTest8" time="0"/>
  <testcase name="test04030" classname="RegressionTest8" time="0"/>
  <testcase name="test04031" classname="RegressionTest8" time="0"/>
  <testcase name="test04032" classname="RegressionTest8" time="0">
    <failure message="&apos;true&apos; != &apos;false&apos; expected:&lt;true&gt; but was:&lt;false&gt;" type="java.lang.AssertionError"><![CDATA[java.lang.AssertionError: 'true' != 'false' expected:<true> but was:<false>
	at RegressionTest8.test04032(RegressionTest8.java:263)
]]></failure>
  </testcase>
  <testcase name="test04033" classname="RegressionTest8" time="0"/>
  <testcase name="test04034" classname="RegressionTest8" time="0"/>
  <testcase name="test04035" classname="RegressionTest8" time="0"/>
  <testcase name="test04036" classname="RegressionTest8" time="0"/>
  <testcase name="test04037" classname="RegressionTest8" time="0"/>
  <testcase name="test04038" classname="RegressionTest8" time="0"/>
  <testcase name="test04039" classname="RegressionTest8" time="0"/>
  <testcase name="test04040" classname="RegressionTest8" time="0"/>
  <testcase name="test04041" classname="RegressionTest8" time="0"/>
  <testcase name="test04042" classname="RegressionTest8" time="0"/>
  <testcase name="test04043" classname="RegressionTest8" time="0"/>
  <testcase name="test04044" classname="RegressionTest8" time="0"/>
  <testcase name="test04045" classname="RegressionTest8" time="0"/>
  <testcase name="test04046" classname="RegressionTest8" time="0"/>
  <testcase name="test04047" classname="RegressionTest8" time="0">
    <failure message="&apos;true&apos; != &apos;false&apos; expected:&lt;true&gt; but was:&lt;false&gt;" type="java.lang.AssertionError"><![CDATA[java.lang.AssertionError: 'true' != 'false' expected:<true> but was:<false>
	at RegressionTest8.test04047(RegressionTest8.java:383)
]]></failure>
  </testcase>
  <testcase name="test04048" classname="RegressionTest8" time="0"/>
  <testcase name="test04049" classname="RegressionTest8" time="0"/>
  <testcase name="test04050" classname="RegressionTest8" time="0"/>
  <testcase name="test04051" classname="RegressionTest8" time="0"/>
  <testcase name="test04052" classname="RegressionTest8" time="0"/>
  <testcase name="test04053" classname="RegressionTest8" time="0.001"/>
  <testcase name="test04054" classname="RegressionTest8" time="0"/>
  <testcase name="test04055" classname="RegressionTest8" time="0"/>
  <testcase name="test04056" classname="RegressionTest8" time="0"/>
  <testcase name="test04057" classname="RegressionTest8" time="0"/>
  <testcase name="test04058" classname="RegressionTest8" time="0"/>
  <testcase name="test04059" classname="RegressionTest8" time="0"/>
  <testcase name="test04060" classname="RegressionTest8" time="0"/>
  <testcase name="test04061" classname="RegressionTest8" time="0"/>
  <testcase name="test04062" classname="RegressionTest8" time="0"/>
  <testcase name="test04063" classname="RegressionTest8" time="0"/>
  <testcase name="test04064" classname="RegressionTest8" time="0"/>
  <testcase name="test04065" classname="RegressionTest8" time="0"/>
  <testcase name="test04066" classname="RegressionTest8" time="0"/>
  <testcase name="test04067" classname="RegressionTest8" time="0"/>
  <testcase name="test04068" classname="RegressionTest8" time="0"/>
  <testcase name="test04069" classname="RegressionTest8" time="0"/>
  <testcase name="test04070" classname="RegressionTest8" time="0"/>
  <testcase name="test04071" classname="RegressionTest8" time="0"/>
  <testcase name="test04072" classname="RegressionTest8" time="0">
    <failure message="&apos;true&apos; != &apos;false&apos; expected:&lt;true&gt; but was:&lt;false&gt;" type="java.lang.AssertionError"><![CDATA[java.lang.AssertionError: 'true' != 'false' expected:<true> but was:<false>
	at RegressionTest8.test04072(RegressionTest8.java:583)
]]></failure>
  </testcase>
  <testcase name="test04073" classname="RegressionTest8" time="0"/>
  <testcase name="test04074" classname="RegressionTest8" time="0"/>
  <testcase name="test04075" classname="RegressionTest8" time="0"/>
  <testcase name="test04076" classname="RegressionTest8" time="0"/>
  <testcase name="test04077" classname="RegressionTest8" time="0"/>
  <testcase name="test04078" classname="RegressionTest8" time="0"/>
  <testcase name="test04079" classname="RegressionTest8" time="0"/>
  <testcase name="test04080" classname="RegressionTest8" time="0">
    <failure message="&apos;true&apos; != &apos;false&apos; expected:&lt;true&gt; but was:&lt;false&gt;" type="java.lang.AssertionError"><![CDATA[java.lang.AssertionError: 'true' != 'false' expected:<true> but was:<false>
	at RegressionTest8.test04080(RegressionTest8.java:647)
]]></failure>
  </testcase>
  <testcase name="test04081" classname="RegressionTest8" time="0"/>
  <testcase name="test04082" classname="RegressionTest8" time="0"/>
  <testcase name="test04083" classname="RegressionTest8" time="0">
    <failure message="&apos;true&apos; != &apos;false&apos; expected:&lt;true&gt; but was:&lt;false&gt;" type="java.lang.AssertionError"><![CDATA[java.lang.AssertionError: 'true' != 'false' expected:<true> but was:<false>
	at RegressionTest8.test04083(RegressionTest8.java:671)
]]></failure>
  </testcase>
  <testcase name="test04084" classname="RegressionTest8" time="0">
    <failure message="&apos;true&apos; != &apos;false&apos; expected:&lt;true&gt; but was:&lt;false&gt;" type="java.lang.AssertionError"><![CDATA[java.lang.AssertionError: 'true' != 'false' expected:<true> but was:<false>
	at RegressionTest8.test04084(RegressionTest8.java:679)
]]></failure>
  </testcase>
  <testcase name="test04085" classname="RegressionTest8" time="0"/>
  <testcase name="test04086" classname="RegressionTest8" time="0"/>
  <testcase name="test04087" classname="RegressionTest8" time="0"/>
  <testcase name="test04088" classname="RegressionTest8" time="0"/>
  <testcase name="test04089" classname="RegressionTest8" time="0.001">
    <failure message="&apos;true&apos; != &apos;false&apos; expected:&lt;true&gt; but was:&lt;false&gt;" type="java.lang.AssertionError"><![CDATA[java.lang.AssertionError: 'true' != 'false' expected:<true> but was:<false>
	at RegressionTest8.test04089(RegressionTest8.java:719)
]]></failure>
  </testcase>
  <testcase name="test04090" classname="RegressionTest8" time="0"/>
  <testcase name="test04091" classname="RegressionTest8" time="0"/>
  <testcase name="test04092" classname="RegressionTest8" time="0"/>
  <testcase name="test04093" classname="RegressionTest8" time="0"/>
  <testcase name="test04094" classname="RegressionTest8" time="0"/>
  <testcase name="test04095" classname="RegressionTest8" time="0"/>
  <testcase name="test04096" classname="RegressionTest8" time="0"/>
  <testcase name="test04097" classname="RegressionTest8" time="0"/>
  <testcase name="test04098" classname="RegressionTest8" time="0"/>
  <testcase name="test04099" classname="RegressionTest8" time="0"/>
  <testcase name="test04100" classname="RegressionTest8" time="0"/>
  <testcase name="test04101" classname="RegressionTest8" time="0"/>
  <testcase name="test04102" classname="RegressionTest8" time="0"/>
  <testcase name="test04103" classname="RegressionTest8" time="0">
    <failure message="&apos;true&apos; != &apos;false&apos; expected:&lt;true&gt; but was:&lt;false&gt;" type="java.lang.AssertionError"><![CDATA[java.lang.AssertionError: 'true' != 'false' expected:<true> but was:<false>
	at RegressionTest8.test04103(RegressionTest8.java:831)
]]></failure>
  </testcase>
  <testcase name="test04104" classname="RegressionTest8" time="0"/>
  <testcase name="test04105" classname="RegressionTest8" time="0"/>
  <testcase name="test04106" classname="RegressionTest8" time="0"/>
  <testcase name="test04107" classname="RegressionTest8" time="0"/>
  <testcase name="test04108" classname="RegressionTest8" time="0"/>
  <testcase name="test04109" classname="RegressionTest8" time="0"/>
  <testcase name="test04110" classname="RegressionTest8" time="0"/>
  <testcase name="test04111" classname="RegressionTest8" time="0"/>
  <testcase name="test04112" classname="RegressionTest8" time="0"/>
  <testcase name="test04113" classname="RegressionTest8" time="0"/>
  <testcase name="test04114" classname="RegressionTest8" time="0"/>
  <testcase name="test04115" classname="RegressionTest8" time="0"/>
  <testcase name="test04116" classname="RegressionTest8" time="0"/>
  <testcase name="test04117" classname="RegressionTest8" time="0"/>
  <testcase name="test04118" classname="RegressionTest8" time="0"/>
  <testcase name="test04119" classname="RegressionTest8" time="0"/>
  <testcase name="test04120" classname="RegressionTest8" time="0"/>
  <testcase name="test04121" classname="RegressionTest8" time="0"/>
  <testcase name="test04122" classname="RegressionTest8" time="0"/>
  <testcase name="test04123" classname="RegressionTest8" time="0.001"/>
  <testcase name="test04124" classname="RegressionTest8" time="0"/>
  <testcase name="test04125" classname="RegressionTest8" time="0"/>
  <testcase name="test04126" classname="RegressionTest8" time="0"/>
  <testcase name="test04127" classname="RegressionTest8" time="0"/>
  <testcase name="test04128" classname="RegressionTest8" time="0">
    <failure message="&apos;true&apos; != &apos;false&apos; expected:&lt;true&gt; but was:&lt;false&gt;" type="java.lang.AssertionError"><![CDATA[java.lang.AssertionError: 'true' != 'false' expected:<true> but was:<false>
	at RegressionTest8.test04128(RegressionTest8.java:1031)
]]></failure>
  </testcase>
  <testcase name="test04129" classname="RegressionTest8" time="0"/>
  <testcase name="test04130" classname="RegressionTest8" time="0"/>
  <testcase name="test04131" classname="RegressionTest8" time="0">
    <failure message="&apos;true&apos; != &apos;false&apos; expected:&lt;true&gt; but was:&lt;false&gt;" type="java.lang.AssertionError"><![CDATA[java.lang.AssertionError: 'true' != 'false' expected:<true> but was:<false>
	at RegressionTest8.test04131(RegressionTest8.java:1055)
]]></failure>
  </testcase>
  <testcase name="test04132" classname="RegressionTest8" time="0"/>
  <testcase name="test04133" classname="RegressionTest8" time="0"/>
  <testcase name="test04134" classname="RegressionTest8" time="0"/>
  <testcase name="test04135" classname="RegressionTest8" time="0"/>
  <testcase name="test04136" classname="RegressionTest8" time="0"/>
  <testcase name="test04137" classname="RegressionTest8" time="0"/>
  <testcase name="test04138" classname="RegressionTest8" time="0"/>
  <testcase name="test04139" classname="RegressionTest8" time="0"/>
  <testcase name="test04140" classname="RegressionTest8" time="0"/>
  <testcase name="test04141" classname="RegressionTest8" time="0"/>
  <testcase name="test04142" classname="RegressionTest8" time="0"/>
  <testcase name="test04143" classname="RegressionTest8" time="0"/>
  <testcase name="test04144" classname="RegressionTest8" time="0">
    <failure message="&apos;true&apos; != &apos;false&apos; expected:&lt;true&gt; but was:&lt;false&gt;" type="java.lang.AssertionError"><![CDATA[java.lang.AssertionError: 'true' != 'false' expected:<true> but was:<false>
	at RegressionTest8.test04144(RegressionTest8.java:1159)
]]></failure>
  </testcase>
  <testcase name="test04145" classname="RegressionTest8" time="0"/>
  <testcase name="test04146" classname="RegressionTest8" time="0"/>
  <testcase name="test04147" classname="RegressionTest8" time="0"/>
  <testcase name="test04148" classname="RegressionTest8" time="0"/>
  <testcase name="test04149" classname="RegressionTest8" time="0"/>
  <testcase name="test04150" classname="RegressionTest8" time="0"/>
  <testcase name="test04151" classname="RegressionTest8" time="0"/>
  <testcase name="test04152" classname="RegressionTest8" time="0"/>
  <testcase name="test04153" classname="RegressionTest8" time="0"/>
  <testcase name="test04154" classname="RegressionTest8" time="0"/>
  <testcase name="test04155" classname="RegressionTest8" time="0"/>
  <testcase name="test04156" classname="RegressionTest8" time="0"/>
  <testcase name="test04157" classname="RegressionTest8" time="0"/>
  <testcase name="test04158" classname="RegressionTest8" time="0"/>
  <testcase name="test04159" classname="RegressionTest8" time="0"/>
  <testcase name="test04160" classname="RegressionTest8" time="0"/>
  <testcase name="test04161" classname="RegressionTest8" time="0"/>
  <testcase name="test04162" classname="RegressionTest8" time="0"/>
  <testcase name="test04163" classname="RegressionTest8" time="0"/>
  <testcase name="test04164" classname="RegressionTest8" time="0"/>
  <testcase name="test04165" classname="RegressionTest8" time="0"/>
  <testcase name="test04166" classname="RegressionTest8" time="0"/>
  <testcase name="test04167" classname="RegressionTest8" time="0"/>
  <testcase name="test04168" classname="RegressionTest8" time="0"/>
  <testcase name="test04169" classname="RegressionTest8" time="0"/>
  <testcase name="test04170" classname="RegressionTest8" time="0"/>
  <testcase name="test04171" classname="RegressionTest8" time="0.001"/>
  <testcase name="test04172" classname="RegressionTest8" time="0"/>
  <testcase name="test04173" classname="RegressionTest8" time="0"/>
  <testcase name="test04174" classname="RegressionTest8" time="0"/>
  <testcase name="test04175" classname="RegressionTest8" time="0"/>
  <testcase name="test04176" classname="RegressionTest8" time="0"/>
  <testcase name="test04177" classname="RegressionTest8" time="0"/>
  <testcase name="test04178" classname="RegressionTest8" time="0"/>
  <testcase name="test04179" classname="RegressionTest8" time="0"/>
  <testcase name="test04180" classname="RegressionTest8" time="0"/>
  <testcase name="test04181" classname="RegressionTest8" time="0"/>
  <testcase name="test04182" classname="RegressionTest8" time="0"/>
  <testcase name="test04183" classname="RegressionTest8" time="0"/>
  <testcase name="test04184" classname="RegressionTest8" time="0"/>
  <testcase name="test04185" classname="RegressionTest8" time="0"/>
  <testcase name="test04186" classname="RegressionTest8" time="0"/>
  <testcase name="test04187" classname="RegressionTest8" time="0"/>
  <testcase name="test04188" classname="RegressionTest8" time="0"/>
  <testcase name="test04189" classname="RegressionTest8" time="0"/>
  <testcase name="test04190" classname="RegressionTest8" time="0"/>
  <testcase name="test04191" classname="RegressionTest8" time="0"/>
  <testcase name="test04192" classname="RegressionTest8" time="0"/>
  <testcase name="test04193" classname="RegressionTest8" time="0"/>
  <testcase name="test04194" classname="RegressionTest8" time="0"/>
  <testcase name="test04195" classname="RegressionTest8" time="0"/>
  <testcase name="test04196" classname="RegressionTest8" time="0"/>
  <testcase name="test04197" classname="RegressionTest8" time="0"/>
  <testcase name="test04198" classname="RegressionTest8" time="0"/>
  <testcase name="test04199" classname="RegressionTest8" time="0"/>
  <testcase name="test04200" classname="RegressionTest8" time="0"/>
  <testcase name="test04201" classname="RegressionTest8" time="0"/>
  <testcase name="test04202" classname="RegressionTest8" time="0"/>
  <testcase name="test04203" classname="RegressionTest8" time="0"/>
  <testcase name="test04204" classname="RegressionTest8" time="0"/>
  <testcase name="test04205" classname="RegressionTest8" time="0"/>
  <testcase name="test04206" classname="RegressionTest8" time="0"/>
  <testcase name="test04207" classname="RegressionTest8" time="0"/>
  <testcase name="test04208" classname="RegressionTest8" time="0"/>
  <testcase name="test04209" classname="RegressionTest8" time="0"/>
  <testcase name="test04210" classname="RegressionTest8" time="0"/>
  <testcase name="test04211" classname="RegressionTest8" time="0">
    <failure message="&apos;true&apos; != &apos;false&apos; expected:&lt;true&gt; but was:&lt;false&gt;" type="java.lang.AssertionError"><![CDATA[java.lang.AssertionError: 'true' != 'false' expected:<true> but was:<false>
	at RegressionTest8.test04211(RegressionTest8.java:1695)
]]></failure>
  </testcase>
  <testcase name="test04212" classname="RegressionTest8" time="0">
    <failure message="&apos;true&apos; != &apos;false&apos; expected:&lt;true&gt; but was:&lt;false&gt;" type="java.lang.AssertionError"><![CDATA[java.lang.AssertionError: 'true' != 'false' expected:<true> but was:<false>
	at RegressionTest8.test04212(RegressionTest8.java:1703)
]]></failure>
  </testcase>
  <testcase name="test04213" classname="RegressionTest8" time="0"/>
  <testcase name="test04214" classname="RegressionTest8" time="0"/>
  <testcase name="test04215" classname="RegressionTest8" time="0.001"/>
  <testcase name="test04216" classname="RegressionTest8" time="0"/>
  <testcase name="test04217" classname="RegressionTest8" time="0"/>
  <testcase name="test04218" classname="RegressionTest8" time="0"/>
  <testcase name="test04219" classname="RegressionTest8" time="0">
    <failure message="&apos;true&apos; != &apos;false&apos; expected:&lt;true&gt; but was:&lt;false&gt;" type="java.lang.AssertionError"><![CDATA[java.lang.AssertionError: 'true' != 'false' expected:<true> but was:<false>
	at RegressionTest8.test04219(RegressionTest8.java:1759)
]]></failure>
  </testcase>
  <testcase name="test04220" classname="RegressionTest8" time="0"/>
  <testcase name="test04221" classname="RegressionTest8" time="0"/>
  <testcase name="test04222" classname="RegressionTest8" time="0"/>
  <testcase name="test04223" classname="RegressionTest8" time="0"/>
  <testcase name="test04224" classname="RegressionTest8" time="0"/>
  <testcase name="test04225" classname="RegressionTest8" time="0">
    <failure message="&apos;true&apos; != &apos;false&apos; expected:&lt;true&gt; but was:&lt;false&gt;" type="java.lang.AssertionError"><![CDATA[java.lang.AssertionError: 'true' != 'false' expected:<true> but was:<false>
	at RegressionTest8.test04225(RegressionTest8.java:1807)
]]></failure>
  </testcase>
  <testcase name="test04226" classname="RegressionTest8" time="0"/>
  <testcase name="test04227" classname="RegressionTest8" time="0"/>
  <testcase name="test04228" classname="RegressionTest8" time="0"/>
  <testcase name="test04229" classname="RegressionTest8" time="0"/>
  <testcase name="test04230" classname="RegressionTest8" time="0"/>
  <testcase name="test04231" classname="RegressionTest8" time="0"/>
  <testcase name="test04232" classname="RegressionTest8" time="0"/>
  <testcase name="test04233" classname="RegressionTest8" time="0"/>
  <testcase name="test04234" classname="RegressionTest8" time="0"/>
  <testcase name="test04235" classname="RegressionTest8" time="0"/>
  <testcase name="test04236" classname="RegressionTest8" time="0"/>
  <testcase name="test04237" classname="RegressionTest8" time="0"/>
  <testcase name="test04238" classname="RegressionTest8" time="0"/>
  <testcase name="test04239" classname="RegressionTest8" time="0"/>
  <testcase name="test04240" classname="RegressionTest8" time="0"/>
  <testcase name="test04241" classname="RegressionTest8" time="0"/>
  <testcase name="test04242" classname="RegressionTest8" time="0"/>
  <testcase name="test04243" classname="RegressionTest8" time="0"/>
  <testcase name="test04244" classname="RegressionTest8" time="0">
    <failure message="&apos;true&apos; != &apos;false&apos; expected:&lt;true&gt; but was:&lt;false&gt;" type="java.lang.AssertionError"><![CDATA[java.lang.AssertionError: 'true' != 'false' expected:<true> but was:<false>
	at RegressionTest8.test04244(RegressionTest8.java:1959)
]]></failure>
  </testcase>
  <testcase name="test04245" classname="RegressionTest8" time="0"/>
  <testcase name="test04246" classname="RegressionTest8" time="0"/>
  <testcase name="test04247" classname="RegressionTest8" time="0"/>
  <testcase name="test04248" classname="RegressionTest8" time="0"/>
  <testcase name="test04249" classname="RegressionTest8" time="0"/>
  <testcase name="test04250" classname="RegressionTest8" time="0"/>
  <testcase name="test04251" classname="RegressionTest8" time="0"/>
  <testcase name="test04252" classname="RegressionTest8" time="0"/>
  <testcase name="test04253" classname="RegressionTest8" time="0"/>
  <testcase name="test04254" classname="RegressionTest8" time="0"/>
  <testcase name="test04255" classname="RegressionTest8" time="0"/>
  <testcase name="test04256" classname="RegressionTest8" time="0"/>
  <testcase name="test04257" classname="RegressionTest8" time="0"/>
  <testcase name="test04258" classname="RegressionTest8" time="0.001"/>
  <testcase name="test04259" classname="RegressionTest8" time="0"/>
  <testcase name="test04260" classname="RegressionTest8" time="0"/>
  <testcase name="test04261" classname="RegressionTest8" time="0"/>
  <testcase name="test04262" classname="RegressionTest8" time="0"/>
  <testcase name="test04263" classname="RegressionTest8" time="0"/>
  <testcase name="test04264" classname="RegressionTest8" time="0"/>
  <testcase name="test04265" classname="RegressionTest8" time="0"/>
  <testcase name="test04266" classname="RegressionTest8" time="0"/>
  <testcase name="test04267" classname="RegressionTest8" time="0"/>
  <testcase name="test04268" classname="RegressionTest8" time="0"/>
  <testcase name="test04269" classname="RegressionTest8" time="0">
    <failure message="&apos;true&apos; != &apos;false&apos; expected:&lt;true&gt; but was:&lt;false&gt;" type="java.lang.AssertionError"><![CDATA[java.lang.AssertionError: 'true' != 'false' expected:<true> but was:<false>
	at RegressionTest8.test04269(RegressionTest8.java:2159)
]]></failure>
  </testcase>
  <testcase name="test04270" classname="RegressionTest8" time="0"/>
  <testcase name="test04271" classname="RegressionTest8" time="0"/>
  <testcase name="test04272" classname="RegressionTest8" time="0"/>
  <testcase name="test04273" classname="RegressionTest8" time="0"/>
  <testcase name="test04274" classname="RegressionTest8" time="0"/>
  <testcase name="test04275" classname="RegressionTest8" time="0"/>
  <testcase name="test04276" classname="RegressionTest8" time="0"/>
  <testcase name="test04277" classname="RegressionTest8" time="0">
    <failure message="&apos;true&apos; != &apos;false&apos; expected:&lt;true&gt; but was:&lt;false&gt;" type="java.lang.AssertionError"><![CDATA[java.lang.AssertionError: 'true' != 'false' expected:<true> but was:<false>
	at RegressionTest8.test04277(RegressionTest8.java:2223)
]]></failure>
  </testcase>
  <testcase name="test04278" classname="RegressionTest8" time="0"/>
  <testcase name="test04279" classname="RegressionTest8" time="0"/>
  <testcase name="test04280" classname="RegressionTest8" time="0">
    <failure message="&apos;true&apos; != &apos;false&apos; expected:&lt;true&gt; but was:&lt;false&gt;" type="java.lang.AssertionError"><![CDATA[java.lang.AssertionError: 'true' != 'false' expected:<true> but was:<false>
	at RegressionTest8.test04280(RegressionTest8.java:2247)
]]></failure>
  </testcase>
  <testcase name="test04281" classname="RegressionTest8" time="0"/>
  <testcase name="test04282" classname="RegressionTest8" time="0">
    <failure message="&apos;true&apos; != &apos;false&apos; expected:&lt;true&gt; but was:&lt;false&gt;" type="java.lang.AssertionError"><![CDATA[java.lang.AssertionError: 'true' != 'false' expected:<true> but was:<false>
	at RegressionTest8.test04282(RegressionTest8.java:2263)
]]></failure>
  </testcase>
  <testcase name="test04283" classname="RegressionTest8" time="0"/>
  <testcase name="test04284" classname="RegressionTest8" time="0"/>
  <testcase name="test04285" classname="RegressionTest8" time="0"/>
  <testcase name="test04286" classname="RegressionTest8" time="0"/>
  <testcase name="test04287" classname="RegressionTest8" time="0"/>
  <testcase name="test04288" classname="RegressionTest8" time="0"/>
  <testcase name="test04289" classname="RegressionTest8" time="0"/>
  <testcase name="test04290" classname="RegressionTest8" time="0"/>
  <testcase name="test04291" classname="RegressionTest8" time="0"/>
  <testcase name="test04292" classname="RegressionTest8" time="0"/>
  <testcase name="test04293" classname="RegressionTest8" time="0"/>
  <testcase name="test04294" classname="RegressionTest8" time="0"/>
  <testcase name="test04295" classname="RegressionTest8" time="0"/>
  <testcase name="test04296" classname="RegressionTest8" time="0"/>
  <testcase name="test04297" classname="RegressionTest8" time="0"/>
  <testcase name="test04298" classname="RegressionTest8" time="0"/>
  <testcase name="test04299" classname="RegressionTest8" time="0"/>
  <testcase name="test04300" classname="RegressionTest8" time="0"/>
  <testcase name="test04301" classname="RegressionTest8" time="0.001"/>
  <testcase name="test04302" classname="RegressionTest8" time="0"/>
  <testcase name="test04303" classname="RegressionTest8" time="0"/>
  <testcase name="test04304" classname="RegressionTest8" time="0"/>
  <testcase name="test04305" classname="RegressionTest8" time="0"/>
  <testcase name="test04306" classname="RegressionTest8" time="0"/>
  <testcase name="test04307" classname="RegressionTest8" time="0"/>
  <testcase name="test04308" classname="RegressionTest8" time="0"/>
  <testcase name="test04309" classname="RegressionTest8" time="0"/>
  <testcase name="test04310" classname="RegressionTest8" time="0">
    <failure message="&apos;true&apos; != &apos;false&apos; expected:&lt;true&gt; but was:&lt;false&gt;" type="java.lang.AssertionError"><![CDATA[java.lang.AssertionError: 'true' != 'false' expected:<true> but was:<false>
	at RegressionTest8.test04310(RegressionTest8.java:2487)
]]></failure>
  </testcase>
  <testcase name="test04311" classname="RegressionTest8" time="0"/>
  <testcase name="test04312" classname="RegressionTest8" time="0"/>
  <testcase name="test04313" classname="RegressionTest8" time="0"/>
  <testcase name="test04314" classname="RegressionTest8" time="0"/>
  <testcase name="test04315" classname="RegressionTest8" time="0"/>
  <testcase name="test04316" classname="RegressionTest8" time="0"/>
  <testcase name="test04317" classname="RegressionTest8" time="0"/>
  <testcase name="test04318" classname="RegressionTest8" time="0">
    <failure message="&apos;true&apos; != &apos;false&apos; expected:&lt;true&gt; but was:&lt;false&gt;" type="java.lang.AssertionError"><![CDATA[java.lang.AssertionError: 'true' != 'false' expected:<true> but was:<false>
	at RegressionTest8.test04318(RegressionTest8.java:2551)
]]></failure>
  </testcase>
  <testcase name="test04319" classname="RegressionTest8" time="0"/>
  <testcase name="test04320" classname="RegressionTest8" time="0"/>
  <testcase name="test04321" classname="RegressionTest8" time="0"/>
  <testcase name="test04322" classname="RegressionTest8" time="0"/>
  <testcase name="test04323" classname="RegressionTest8" time="0"/>
  <testcase name="test04324" classname="RegressionTest8" time="0"/>
  <testcase name="test04325" classname="RegressionTest8" time="0"/>
  <testcase name="test04326" classname="RegressionTest8" time="0"/>
  <testcase name="test04327" classname="RegressionTest8" time="0"/>
  <testcase name="test04328" classname="RegressionTest8" time="0"/>
  <testcase name="test04329" classname="RegressionTest8" time="0"/>
  <testcase name="test04330" classname="RegressionTest8" time="0"/>
  <testcase name="test04331" classname="RegressionTest8" time="0"/>
  <testcase name="test04332" classname="RegressionTest8" time="0"/>
  <testcase name="test04333" classname="RegressionTest8" time="0"/>
  <testcase name="test04334" classname="RegressionTest8" time="0"/>
  <testcase name="test04335" classname="RegressionTest8" time="0"/>
  <testcase name="test04336" classname="RegressionTest8" time="0"/>
  <testcase name="test04337" classname="RegressionTest8" time="0"/>
  <testcase name="test04338" classname="RegressionTest8" time="0">
    <failure message="&apos;true&apos; != &apos;false&apos; expected:&lt;true&gt; but was:&lt;false&gt;" type="java.lang.AssertionError"><![CDATA[java.lang.AssertionError: 'true' != 'false' expected:<true> but was:<false>
	at RegressionTest8.test04338(RegressionTest8.java:2711)
]]></failure>
  </testcase>
  <testcase name="test04339" classname="RegressionTest8" time="0"/>
  <testcase name="test04340" classname="RegressionTest8" time="0"/>
  <testcase name="test04341" classname="RegressionTest8" time="0"/>
  <testcase name="test04342" classname="RegressionTest8" time="0"/>
  <testcase name="test04343" classname="RegressionTest8" time="0.001"/>
  <testcase name="test04344" classname="RegressionTest8" time="0"/>
  <testcase name="test04345" classname="RegressionTest8" time="0"/>
  <testcase name="test04346" classname="RegressionTest8" time="0">
    <failure message="&apos;true&apos; != &apos;false&apos; expected:&lt;true&gt; but was:&lt;false&gt;" type="java.lang.AssertionError"><![CDATA[java.lang.AssertionError: 'true' != 'false' expected:<true> but was:<false>
	at RegressionTest8.test04346(RegressionTest8.java:2775)
]]></failure>
  </testcase>
  <testcase name="test04347" classname="RegressionTest8" time="0"/>
  <testcase name="test04348" classname="RegressionTest8" time="0"/>
  <testcase name="test04349" classname="RegressionTest8" time="0"/>
  <testcase name="test04350" classname="RegressionTest8" time="0"/>
  <testcase name="test04351" classname="RegressionTest8" time="0">
    <failure message="&apos;true&apos; != &apos;false&apos; expected:&lt;true&gt; but was:&lt;false&gt;" type="java.lang.AssertionError"><![CDATA[java.lang.AssertionError: 'true' != 'false' expected:<true> but was:<false>
	at RegressionTest8.test04351(RegressionTest8.java:2815)
]]></failure>
  </testcase>
  <testcase name="test04352" classname="RegressionTest8" time="0"/>
  <testcase name="test04353" classname="RegressionTest8" time="0"/>
  <testcase name="test04354" classname="RegressionTest8" time="0"/>
  <testcase name="test04355" classname="RegressionTest8" time="0"/>
  <testcase name="test04356" classname="RegressionTest8" time="0"/>
  <testcase name="test04357" classname="RegressionTest8" time="0">
    <failure message="&apos;true&apos; != &apos;false&apos; expected:&lt;true&gt; but was:&lt;false&gt;" type="java.lang.AssertionError"><![CDATA[java.lang.AssertionError: 'true' != 'false' expected:<true> but was:<false>
	at RegressionTest8.test04357(RegressionTest8.java:2863)
]]></failure>
  </testcase>
  <testcase name="test04358" classname="RegressionTest8" time="0"/>
  <testcase name="test04359" classname="RegressionTest8" time="0">
    <failure message="&apos;true&apos; != &apos;false&apos; expected:&lt;true&gt; but was:&lt;false&gt;" type="java.lang.AssertionError"><![CDATA[java.lang.AssertionError: 'true' != 'false' expected:<true> but was:<false>
	at RegressionTest8.test04359(RegressionTest8.java:2879)
]]></failure>
  </testcase>
  <testcase name="test04360" classname="RegressionTest8" time="0"/>
  <testcase name="test04361" classname="RegressionTest8" time="0">
    <failure message="&apos;true&apos; != &apos;false&apos; expected:&lt;true&gt; but was:&lt;false&gt;" type="java.lang.AssertionError"><![CDATA[java.lang.AssertionError: 'true' != 'false' expected:<true> but was:<false>
	at RegressionTest8.test04361(RegressionTest8.java:2895)
]]></failure>
  </testcase>
  <testcase name="test04362" classname="RegressionTest8" time="0"/>
  <testcase name="test04363" classname="RegressionTest8" time="0"/>
  <testcase name="test04364" classname="RegressionTest8" time="0"/>
  <testcase name="test04365" classname="RegressionTest8" time="0"/>
  <testcase name="test04366" classname="RegressionTest8" time="0"/>
  <testcase name="test04367" classname="RegressionTest8" time="0"/>
  <testcase name="test04368" classname="RegressionTest8" time="0"/>
  <testcase name="test04369" classname="RegressionTest8" time="0"/>
  <testcase name="test04370" classname="RegressionTest8" time="0"/>
  <testcase name="test04371" classname="RegressionTest8" time="0"/>
  <testcase name="test04372" classname="RegressionTest8" time="0"/>
  <testcase name="test04373" classname="RegressionTest8" time="0"/>
  <testcase name="test04374" classname="RegressionTest8" time="0"/>
  <testcase name="test04375" classname="RegressionTest8" time="0"/>
  <testcase name="test04376" classname="RegressionTest8" time="0"/>
  <testcase name="test04377" classname="RegressionTest8" time="0"/>
  <testcase name="test04378" classname="RegressionTest8" time="0"/>
  <testcase name="test04379" classname="RegressionTest8" time="0"/>
  <testcase name="test04380" classname="RegressionTest8" time="0">
    <failure message="&apos;true&apos; != &apos;false&apos; expected:&lt;true&gt; but was:&lt;false&gt;" type="java.lang.AssertionError"><![CDATA[java.lang.AssertionError: 'true' != 'false' expected:<true> but was:<false>
	at RegressionTest8.test04380(RegressionTest8.java:3047)
]]></failure>
  </testcase>
  <testcase name="test04381" classname="RegressionTest8" time="0"/>
  <testcase name="test04382" classname="RegressionTest8" time="0"/>
  <testcase name="test04383" classname="RegressionTest8" time="0"/>
  <testcase name="test04384" classname="RegressionTest8" time="0.001"/>
  <testcase name="test04385" classname="RegressionTest8" time="0"/>
  <testcase name="test04386" classname="RegressionTest8" time="0"/>
  <testcase name="test04387" classname="RegressionTest8" time="0"/>
  <testcase name="test04388" classname="RegressionTest8" time="0"/>
  <testcase name="test04389" classname="RegressionTest8" time="0"/>
  <testcase name="test04390" classname="RegressionTest8" time="0"/>
  <testcase name="test04391" classname="RegressionTest8" time="0"/>
  <testcase name="test04392" classname="RegressionTest8" time="0"/>
  <testcase name="test04393" classname="RegressionTest8" time="0"/>
  <testcase name="test04394" classname="RegressionTest8" time="0"/>
  <testcase name="test04395" classname="RegressionTest8" time="0"/>
  <testcase name="test04396" classname="RegressionTest8" time="0"/>
  <testcase name="test04397" classname="RegressionTest8" time="0"/>
  <testcase name="test04398" classname="RegressionTest8" time="0"/>
  <testcase name="test04399" classname="RegressionTest8" time="0"/>
  <testcase name="test04400" classname="RegressionTest8" time="0"/>
  <testcase name="test04401" classname="RegressionTest8" time="0"/>
  <testcase name="test04402" classname="RegressionTest8" time="0"/>
  <testcase name="test04403" classname="RegressionTest8" time="0"/>
  <testcase name="test04404" classname="RegressionTest8" time="0"/>
  <testcase name="test04405" classname="RegressionTest8" time="0"/>
  <testcase name="test04406" classname="RegressionTest8" time="0"/>
  <testcase name="test04407" classname="RegressionTest8" time="0"/>
  <testcase name="test04408" classname="RegressionTest8" time="0"/>
  <testcase name="test04409" classname="RegressionTest8" time="0"/>
  <testcase name="test04410" classname="RegressionTest8" time="0"/>
  <testcase name="test04411" classname="RegressionTest8" time="0"/>
  <testcase name="test04412" classname="RegressionTest8" time="0">
    <failure message="&apos;true&apos; != &apos;false&apos; expected:&lt;true&gt; but was:&lt;false&gt;" type="java.lang.AssertionError"><![CDATA[java.lang.AssertionError: 'true' != 'false' expected:<true> but was:<false>
	at RegressionTest8.test04412(RegressionTest8.java:3303)
]]></failure>
  </testcase>
  <testcase name="test04413" classname="RegressionTest8" time="0"/>
  <testcase name="test04414" classname="RegressionTest8" time="0"/>
  <testcase name="test04415" classname="RegressionTest8" time="0">
    <failure message="&apos;true&apos; != &apos;false&apos; expected:&lt;true&gt; but was:&lt;false&gt;" type="java.lang.AssertionError"><![CDATA[java.lang.AssertionError: 'true' != 'false' expected:<true> but was:<false>
	at RegressionTest8.test04415(RegressionTest8.java:3327)
]]></failure>
  </testcase>
  <testcase name="test04416" classname="RegressionTest8" time="0"/>
  <testcase name="test04417" classname="RegressionTest8" time="0"/>
  <testcase name="test04418" classname="RegressionTest8" time="0"/>
  <testcase name="test04419" classname="RegressionTest8" time="0"/>
  <testcase name="test04420" classname="RegressionTest8" time="0"/>
  <testcase name="test04421" classname="RegressionTest8" time="0"/>
  <testcase name="test04422" classname="RegressionTest8" time="0">
    <failure message="&apos;true&apos; != &apos;false&apos; expected:&lt;true&gt; but was:&lt;false&gt;" type="java.lang.AssertionError"><![CDATA[java.lang.AssertionError: 'true' != 'false' expected:<true> but was:<false>
	at RegressionTest8.test04422(RegressionTest8.java:3383)
]]></failure>
  </testcase>
  <testcase name="test04423" classname="RegressionTest8" time="0"/>
  <testcase name="test04424" classname="RegressionTest8" time="0"/>
  <testcase name="test04425" classname="RegressionTest8" time="0"/>
  <testcase name="test04426" classname="RegressionTest8" time="0"/>
  <testcase name="test04427" classname="RegressionTest8" time="0"/>
  <testcase name="test04428" classname="RegressionTest8" time="0"/>
  <testcase name="test04429" classname="RegressionTest8" time="0"/>
  <testcase name="test04430" classname="RegressionTest8" time="0.001"/>
  <testcase name="test04431" classname="RegressionTest8" time="0"/>
  <testcase name="test04432" classname="RegressionTest8" time="0"/>
  <testcase name="test04433" classname="RegressionTest8" time="0"/>
  <testcase name="test04434" classname="RegressionTest8" time="0"/>
  <testcase name="test04435" classname="RegressionTest8" time="0"/>
  <testcase name="test04436" classname="RegressionTest8" time="0"/>
  <testcase name="test04437" classname="RegressionTest8" time="0"/>
  <testcase name="test04438" classname="RegressionTest8" time="0"/>
  <testcase name="test04439" classname="RegressionTest8" time="0"/>
  <testcase name="test04440" classname="RegressionTest8" time="0">
    <failure message="&apos;true&apos; != &apos;false&apos; expected:&lt;true&gt; but was:&lt;false&gt;" type="java.lang.AssertionError"><![CDATA[java.lang.AssertionError: 'true' != 'false' expected:<true> but was:<false>
	at RegressionTest8.test04440(RegressionTest8.java:3527)
]]></failure>
  </testcase>
  <testcase name="test04441" classname="RegressionTest8" time="0"/>
  <testcase name="test04442" classname="RegressionTest8" time="0"/>
  <testcase name="test04443" classname="RegressionTest8" time="0"/>
  <testcase name="test04444" classname="RegressionTest8" time="0"/>
  <testcase name="test04445" classname="RegressionTest8" time="0"/>
  <testcase name="test04446" classname="RegressionTest8" time="0"/>
  <testcase name="test04447" classname="RegressionTest8" time="0"/>
  <testcase name="test04448" classname="RegressionTest8" time="0"/>
  <testcase name="test04449" classname="RegressionTest8" time="0"/>
  <testcase name="test04450" classname="RegressionTest8" time="0"/>
  <testcase name="test04451" classname="RegressionTest8" time="0"/>
  <testcase name="test04452" classname="RegressionTest8" time="0"/>
  <testcase name="test04453" classname="RegressionTest8" time="0"/>
  <testcase name="test04454" classname="RegressionTest8" time="0">
    <failure message="&apos;true&apos; != &apos;false&apos; expected:&lt;true&gt; but was:&lt;false&gt;" type="java.lang.AssertionError"><![CDATA[java.lang.AssertionError: 'true' != 'false' expected:<true> but was:<false>
	at RegressionTest8.test04454(RegressionTest8.java:3639)
]]></failure>
  </testcase>
  <testcase name="test04455" classname="RegressionTest8" time="0"/>
  <testcase name="test04456" classname="RegressionTest8" time="0"/>
  <testcase name="test04457" classname="RegressionTest8" time="0"/>
  <testcase name="test04458" classname="RegressionTest8" time="0"/>
  <testcase name="test04459" classname="RegressionTest8" time="0"/>
  <testcase name="test04460" classname="RegressionTest8" time="0"/>
  <testcase name="test04461" classname="RegressionTest8" time="0"/>
  <testcase name="test04462" classname="RegressionTest8" time="0"/>
  <testcase name="test04463" classname="RegressionTest8" time="0">
    <failure message="&apos;true&apos; != &apos;false&apos; expected:&lt;true&gt; but was:&lt;false&gt;" type="java.lang.AssertionError"><![CDATA[java.lang.AssertionError: 'true' != 'false' expected:<true> but was:<false>
	at RegressionTest8.test04463(RegressionTest8.java:3711)
]]></failure>
  </testcase>
  <testcase name="test04464" classname="RegressionTest8" time="0"/>
  <testcase name="test04465" classname="RegressionTest8" time="0"/>
  <testcase name="test04466" classname="RegressionTest8" time="0"/>
  <testcase name="test04467" classname="RegressionTest8" time="0"/>
  <testcase name="test04468" classname="RegressionTest8" time="0.001"/>
  <testcase name="test04469" classname="RegressionTest8" time="0"/>
  <testcase name="test04470" classname="RegressionTest8" time="0"/>
  <testcase name="test04471" classname="RegressionTest8" time="0"/>
  <testcase name="test04472" classname="RegressionTest8" time="0"/>
  <testcase name="test04473" classname="RegressionTest8" time="0"/>
  <testcase name="test04474" classname="RegressionTest8" time="0"/>
  <testcase name="test04475" classname="RegressionTest8" time="0"/>
  <testcase name="test04476" classname="RegressionTest8" time="0"/>
  <testcase name="test04477" classname="RegressionTest8" time="0"/>
  <testcase name="test04478" classname="RegressionTest8" time="0"/>
  <testcase name="test04479" classname="RegressionTest8" time="0"/>
  <testcase name="test04480" classname="RegressionTest8" time="0">
    <failure message="&apos;true&apos; != &apos;false&apos; expected:&lt;true&gt; but was:&lt;false&gt;" type="java.lang.AssertionError"><![CDATA[java.lang.AssertionError: 'true' != 'false' expected:<true> but was:<false>
	at RegressionTest8.test04480(RegressionTest8.java:3847)
]]></failure>
  </testcase>
  <testcase name="test04481" classname="RegressionTest8" time="0"/>
  <testcase name="test04482" classname="RegressionTest8" time="0"/>
  <testcase name="test04483" classname="RegressionTest8" time="0"/>
  <testcase name="test04484" classname="RegressionTest8" time="0"/>
  <testcase name="test04485" classname="RegressionTest8" time="0"/>
  <testcase name="test04486" classname="RegressionTest8" time="0"/>
  <testcase name="test04487" classname="RegressionTest8" time="0"/>
  <testcase name="test04488" classname="RegressionTest8" time="0"/>
  <testcase name="test04489" classname="RegressionTest8" time="0"/>
  <testcase name="test04490" classname="RegressionTest8" time="0">
    <failure message="&apos;true&apos; != &apos;false&apos; expected:&lt;true&gt; but was:&lt;false&gt;" type="java.lang.AssertionError"><![CDATA[java.lang.AssertionError: 'true' != 'false' expected:<true> but was:<false>
	at RegressionTest8.test04490(RegressionTest8.java:3927)
]]></failure>
  </testcase>
  <testcase name="test04491" classname="RegressionTest8" time="0">
    <failure message="&apos;true&apos; != &apos;false&apos; expected:&lt;true&gt; but was:&lt;false&gt;" type="java.lang.AssertionError"><![CDATA[java.lang.AssertionError: 'true' != 'false' expected:<true> but was:<false>
	at RegressionTest8.test04491(RegressionTest8.java:3935)
]]></failure>
  </testcase>
  <testcase name="test04492" classname="RegressionTest8" time="0"/>
  <testcase name="test04493" classname="RegressionTest8" time="0"/>
  <testcase name="test04494" classname="RegressionTest8" time="0"/>
  <testcase name="test04495" classname="RegressionTest8" time="0"/>
  <testcase name="test04496" classname="RegressionTest8" time="0"/>
  <testcase name="test04497" classname="RegressionTest8" time="0"/>
  <testcase name="test04498" classname="RegressionTest8" time="0"/>
  <testcase name="test04499" classname="RegressionTest8" time="0"/>
  <testcase name="test04500" classname="RegressionTest8" time="0"/>
  <testcase name="test04501" classname="RegressionTest9" time="0"/>
  <testcase name="test04502" classname="RegressionTest9" time="0"/>
  <testcase name="test04503" classname="RegressionTest9" time="0"/>
  <testcase name="test04504" classname="RegressionTest9" time="0"/>
  <testcase name="test04505" classname="RegressionTest9" time="0"/>
  <testcase name="test04506" classname="RegressionTest9" time="0"/>
  <testcase name="test04507" classname="RegressionTest9" time="0"/>
  <testcase name="test04508" classname="RegressionTest9" time="0"/>
  <testcase name="test04509" classname="RegressionTest9" time="0"/>
  <testcase name="test04510" classname="RegressionTest9" time="0"/>
  <testcase name="test04511" classname="RegressionTest9" time="0"/>
  <testcase name="test04512" classname="RegressionTest9" time="0"/>
  <testcase name="test04513" classname="RegressionTest9" time="0"/>
  <testcase name="test04514" classname="RegressionTest9" time="0"/>
  <testcase name="test04515" classname="RegressionTest9" time="0"/>
  <testcase name="test04516" classname="RegressionTest9" time="0"/>
  <testcase name="test04517" classname="RegressionTest9" time="0">
    <failure message="&apos;true&apos; != &apos;false&apos; expected:&lt;true&gt; but was:&lt;false&gt;" type="java.lang.AssertionError"><![CDATA[java.lang.AssertionError: 'true' != 'false' expected:<true> but was:<false>
	at RegressionTest9.test04517(RegressionTest9.java:143)
]]></failure>
  </testcase>
  <testcase name="test04518" classname="RegressionTest9" time="0">
    <failure message="&apos;true&apos; != &apos;false&apos; expected:&lt;true&gt; but was:&lt;false&gt;" type="java.lang.AssertionError"><![CDATA[java.lang.AssertionError: 'true' != 'false' expected:<true> but was:<false>
	at RegressionTest9.test04518(RegressionTest9.java:151)
]]></failure>
  </testcase>
  <testcase name="test04519" classname="RegressionTest9" time="0">
    <failure message="&apos;true&apos; != &apos;false&apos; expected:&lt;true&gt; but was:&lt;false&gt;" type="java.lang.AssertionError"><![CDATA[java.lang.AssertionError: 'true' != 'false' expected:<true> but was:<false>
	at RegressionTest9.test04519(RegressionTest9.java:159)
]]></failure>
  </testcase>
  <testcase name="test04520" classname="RegressionTest9" time="0"/>
  <testcase name="test04521" classname="RegressionTest9" time="0"/>
  <testcase name="test04522" classname="RegressionTest9" time="0">
    <failure message="&apos;true&apos; != &apos;false&apos; expected:&lt;true&gt; but was:&lt;false&gt;" type="java.lang.AssertionError"><![CDATA[java.lang.AssertionError: 'true' != 'false' expected:<true> but was:<false>
	at RegressionTest9.test04522(RegressionTest9.java:183)
]]></failure>
  </testcase>
  <testcase name="test04523" classname="RegressionTest9" time="0"/>
  <testcase name="test04524" classname="RegressionTest9" time="0"/>
  <testcase name="test04525" classname="RegressionTest9" time="0.001"/>
  <testcase name="test04526" classname="RegressionTest9" time="0"/>
  <testcase name="test04527" classname="RegressionTest9" time="0"/>
  <testcase name="test04528" classname="RegressionTest9" time="0"/>
  <testcase name="test04529" classname="RegressionTest9" time="0"/>
  <testcase name="test04530" classname="RegressionTest9" time="0"/>
  <testcase name="test04531" classname="RegressionTest9" time="0"/>
  <testcase name="test04532" classname="RegressionTest9" time="0"/>
  <testcase name="test04533" classname="RegressionTest9" time="0"/>
  <testcase name="test04534" classname="RegressionTest9" time="0"/>
  <testcase name="test04535" classname="RegressionTest9" time="0"/>
  <testcase name="test04536" classname="RegressionTest9" time="0"/>
  <testcase name="test04537" classname="RegressionTest9" time="0"/>
  <testcase name="test04538" classname="RegressionTest9" time="0"/>
  <testcase name="test04539" classname="RegressionTest9" time="0"/>
  <testcase name="test04540" classname="RegressionTest9" time="0"/>
  <testcase name="test04541" classname="RegressionTest9" time="0"/>
  <testcase name="test04542" classname="RegressionTest9" time="0"/>
  <testcase name="test04543" classname="RegressionTest9" time="0"/>
  <testcase name="test04544" classname="RegressionTest9" time="0"/>
  <testcase name="test04545" classname="RegressionTest9" time="0"/>
  <testcase name="test04546" classname="RegressionTest9" time="0"/>
  <testcase name="test04547" classname="RegressionTest9" time="0"/>
  <testcase name="test04548" classname="RegressionTest9" time="0"/>
  <testcase name="test04549" classname="RegressionTest9" time="0"/>
  <testcase name="test04550" classname="RegressionTest9" time="0"/>
  <testcase name="test04551" classname="RegressionTest9" time="0">
    <failure message="&apos;true&apos; != &apos;false&apos; expected:&lt;true&gt; but was:&lt;false&gt;" type="java.lang.AssertionError"><![CDATA[java.lang.AssertionError: 'true' != 'false' expected:<true> but was:<false>
	at RegressionTest9.test04551(RegressionTest9.java:415)
]]></failure>
  </testcase>
  <testcase name="test04552" classname="RegressionTest9" time="0"/>
  <testcase name="test04553" classname="RegressionTest9" time="0"/>
  <testcase name="test04554" classname="RegressionTest9" time="0"/>
  <testcase name="test04555" classname="RegressionTest9" time="0"/>
  <testcase name="test04556" classname="RegressionTest9" time="0"/>
  <testcase name="test04557" classname="RegressionTest9" time="0"/>
  <testcase name="test04558" classname="RegressionTest9" time="0"/>
  <testcase name="test04559" classname="RegressionTest9" time="0"/>
  <testcase name="test04560" classname="RegressionTest9" time="0"/>
  <testcase name="test04561" classname="RegressionTest9" time="0"/>
  <testcase name="test04562" classname="RegressionTest9" time="0"/>
  <testcase name="test04563" classname="RegressionTest9" time="0"/>
  <testcase name="test04564" classname="RegressionTest9" time="0"/>
  <testcase name="test04565" classname="RegressionTest9" time="0"/>
  <testcase name="test04566" classname="RegressionTest9" time="0"/>
  <testcase name="test04567" classname="RegressionTest9" time="0"/>
  <testcase name="test04568" classname="RegressionTest9" time="0"/>
  <testcase name="test04569" classname="RegressionTest9" time="0"/>
  <testcase name="test04570" classname="RegressionTest9" time="0"/>
  <testcase name="test04571" classname="RegressionTest9" time="0"/>
  <testcase name="test04572" classname="RegressionTest9" time="0"/>
  <testcase name="test04573" classname="RegressionTest9" time="0"/>
  <testcase name="test04574" classname="RegressionTest9" time="0.001">
    <failure message="&apos;true&apos; != &apos;false&apos; expected:&lt;true&gt; but was:&lt;false&gt;" type="java.lang.AssertionError"><![CDATA[java.lang.AssertionError: 'true' != 'false' expected:<true> but was:<false>
	at RegressionTest9.test04574(RegressionTest9.java:599)
]]></failure>
  </testcase>
  <testcase name="test04575" classname="RegressionTest9" time="0"/>
  <testcase name="test04576" classname="RegressionTest9" time="0"/>
  <testcase name="test04577" classname="RegressionTest9" time="0"/>
  <testcase name="test04578" classname="RegressionTest9" time="0"/>
  <testcase name="test04579" classname="RegressionTest9" time="0"/>
  <testcase name="test04580" classname="RegressionTest9" time="0"/>
  <testcase name="test04581" classname="RegressionTest9" time="0"/>
  <testcase name="test04582" classname="RegressionTest9" time="0"/>
  <testcase name="test04583" classname="RegressionTest9" time="0"/>
  <testcase name="test04584" classname="RegressionTest9" time="0"/>
  <testcase name="test04585" classname="RegressionTest9" time="0"/>
  <testcase name="test04586" classname="RegressionTest9" time="0"/>
  <testcase name="test04587" classname="RegressionTest9" time="0"/>
  <testcase name="test04588" classname="RegressionTest9" time="0"/>
  <testcase name="test04589" classname="RegressionTest9" time="0"/>
  <testcase name="test04590" classname="RegressionTest9" time="0"/>
  <testcase name="test04591" classname="RegressionTest9" time="0"/>
  <testcase name="test04592" classname="RegressionTest9" time="0"/>
  <testcase name="test04593" classname="RegressionTest9" time="0">
    <failure message="&apos;true&apos; != &apos;false&apos; expected:&lt;true&gt; but was:&lt;false&gt;" type="java.lang.AssertionError"><![CDATA[java.lang.AssertionError: 'true' != 'false' expected:<true> but was:<false>
	at RegressionTest9.test04593(RegressionTest9.java:751)
]]></failure>
  </testcase>
  <testcase name="test04594" classname="RegressionTest9" time="0"/>
  <testcase name="test04595" classname="RegressionTest9" time="0"/>
  <testcase name="test04596" classname="RegressionTest9" time="0"/>
  <testcase name="test04597" classname="RegressionTest9" time="0"/>
  <testcase name="test04598" classname="RegressionTest9" time="0"/>
  <testcase name="test04599" classname="RegressionTest9" time="0"/>
  <testcase name="test04600" classname="RegressionTest9" time="0"/>
  <testcase name="test04601" classname="RegressionTest9" time="0"/>
  <testcase name="test04602" classname="RegressionTest9" time="0"/>
  <testcase name="test04603" classname="RegressionTest9" time="0"/>
  <testcase name="test04604" classname="RegressionTest9" time="0"/>
  <testcase name="test04605" classname="RegressionTest9" time="0"/>
  <testcase name="test04606" classname="RegressionTest9" time="0">
    <failure message="&apos;true&apos; != &apos;false&apos; expected:&lt;true&gt; but was:&lt;false&gt;" type="java.lang.AssertionError"><![CDATA[java.lang.AssertionError: 'true' != 'false' expected:<true> but was:<false>
	at RegressionTest9.test04606(RegressionTest9.java:855)
]]></failure>
  </testcase>
  <testcase name="test04607" classname="RegressionTest9" time="0"/>
  <testcase name="test04608" classname="RegressionTest9" time="0"/>
  <testcase name="test04609" classname="RegressionTest9" time="0"/>
  <testcase name="test04610" classname="RegressionTest9" time="0"/>
  <testcase name="test04611" classname="RegressionTest9" time="0">
    <failure message="&apos;true&apos; != &apos;false&apos; expected:&lt;true&gt; but was:&lt;false&gt;" type="java.lang.AssertionError"><![CDATA[java.lang.AssertionError: 'true' != 'false' expected:<true> but was:<false>
	at RegressionTest9.test04611(RegressionTest9.java:895)
]]></failure>
  </testcase>
  <testcase name="test04612" classname="RegressionTest9" time="0"/>
  <testcase name="test04613" classname="RegressionTest9" time="0"/>
  <testcase name="test04614" classname="RegressionTest9" time="0"/>
  <testcase name="test04615" classname="RegressionTest9" time="0"/>
  <testcase name="test04616" classname="RegressionTest9" time="0"/>
  <testcase name="test04617" classname="RegressionTest9" time="0"/>
  <testcase name="test04618" classname="RegressionTest9" time="0.001">
    <failure message="&apos;true&apos; != &apos;false&apos; expected:&lt;true&gt; but was:&lt;false&gt;" type="java.lang.AssertionError"><![CDATA[java.lang.AssertionError: 'true' != 'false' expected:<true> but was:<false>
	at RegressionTest9.test04618(RegressionTest9.java:951)
]]></failure>
  </testcase>
  <testcase name="test04619" classname="RegressionTest9" time="0"/>
  <testcase name="test04620" classname="RegressionTest9" time="0"/>
  <testcase name="test04621" classname="RegressionTest9" time="0"/>
  <testcase name="test04622" classname="RegressionTest9" time="0"/>
  <testcase name="test04623" classname="RegressionTest9" time="0"/>
  <testcase name="test04624" classname="RegressionTest9" time="0"/>
  <testcase name="test04625" classname="RegressionTest9" time="0"/>
  <testcase name="test04626" classname="RegressionTest9" time="0"/>
  <testcase name="test04627" classname="RegressionTest9" time="0"/>
  <testcase name="test04628" classname="RegressionTest9" time="0"/>
  <testcase name="test04629" classname="RegressionTest9" time="0"/>
  <testcase name="test04630" classname="RegressionTest9" time="0"/>
  <testcase name="test04631" classname="RegressionTest9" time="0"/>
  <testcase name="test04632" classname="RegressionTest9" time="0"/>
  <testcase name="test04633" classname="RegressionTest9" time="0"/>
  <testcase name="test04634" classname="RegressionTest9" time="0"/>
  <testcase name="test04635" classname="RegressionTest9" time="0"/>
  <testcase name="test04636" classname="RegressionTest9" time="0"/>
  <testcase name="test04637" classname="RegressionTest9" time="0"/>
  <testcase name="test04638" classname="RegressionTest9" time="0"/>
  <testcase name="test04639" classname="RegressionTest9" time="0"/>
  <testcase name="test04640" classname="RegressionTest9" time="0"/>
  <testcase name="test04641" classname="RegressionTest9" time="0"/>
  <testcase name="test04642" classname="RegressionTest9" time="0"/>
  <testcase name="test04643" classname="RegressionTest9" time="0"/>
  <testcase name="test04644" classname="RegressionTest9" time="0"/>
  <testcase name="test04645" classname="RegressionTest9" time="0"/>
  <testcase name="test04646" classname="RegressionTest9" time="0"/>
  <testcase name="test04647" classname="RegressionTest9" time="0"/>
  <testcase name="test04648" classname="RegressionTest9" time="0"/>
  <testcase name="test04649" classname="RegressionTest9" time="0"/>
  <testcase name="test04650" classname="RegressionTest9" time="0"/>
  <testcase name="test04651" classname="RegressionTest9" time="0"/>
  <testcase name="test04652" classname="RegressionTest9" time="0"/>
  <testcase name="test04653" classname="RegressionTest9" time="0"/>
  <testcase name="test04654" classname="RegressionTest9" time="0"/>
  <testcase name="test04655" classname="RegressionTest9" time="0"/>
  <testcase name="test04656" classname="RegressionTest9" time="0">
    <failure message="&apos;true&apos; != &apos;false&apos; expected:&lt;true&gt; but was:&lt;false&gt;" type="java.lang.AssertionError"><![CDATA[java.lang.AssertionError: 'true' != 'false' expected:<true> but was:<false>
	at RegressionTest9.test04656(RegressionTest9.java:1255)
]]></failure>
  </testcase>
  <testcase name="test04657" classname="RegressionTest9" time="0"/>
  <testcase name="test04658" classname="RegressionTest9" time="0"/>
  <testcase name="test04659" classname="RegressionTest9" time="0"/>
  <testcase name="test04660" classname="RegressionTest9" time="0"/>
  <testcase name="test04661" classname="RegressionTest9" time="0"/>
  <testcase name="test04662" classname="RegressionTest9" time="0"/>
  <testcase name="test04663" classname="RegressionTest9" time="0.001"/>
  <testcase name="test04664" classname="RegressionTest9" time="0"/>
  <testcase name="test04665" classname="RegressionTest9" time="0"/>
  <testcase name="test04666" classname="RegressionTest9" time="0"/>
  <testcase name="test04667" classname="RegressionTest9" time="0"/>
  <testcase name="test04668" classname="RegressionTest9" time="0"/>
  <testcase name="test04669" classname="RegressionTest9" time="0"/>
  <testcase name="test04670" classname="RegressionTest9" time="0"/>
  <testcase name="test04671" classname="RegressionTest9" time="0"/>
  <testcase name="test04672" classname="RegressionTest9" time="0"/>
  <testcase name="test04673" classname="RegressionTest9" time="0"/>
  <testcase name="test04674" classname="RegressionTest9" time="0"/>
  <testcase name="test04675" classname="RegressionTest9" time="0"/>
  <testcase name="test04676" classname="RegressionTest9" time="0"/>
  <testcase name="test04677" classname="RegressionTest9" time="0"/>
  <testcase name="test04678" classname="RegressionTest9" time="0"/>
  <testcase name="test04679" classname="RegressionTest9" time="0"/>
  <testcase name="test04680" classname="RegressionTest9" time="0"/>
  <testcase name="test04681" classname="RegressionTest9" time="0"/>
  <testcase name="test04682" classname="RegressionTest9" time="0"/>
  <testcase name="test04683" classname="RegressionTest9" time="0">
    <failure message="&apos;true&apos; != &apos;false&apos; expected:&lt;true&gt; but was:&lt;false&gt;" type="java.lang.AssertionError"><![CDATA[java.lang.AssertionError: 'true' != 'false' expected:<true> but was:<false>
	at RegressionTest9.test04683(RegressionTest9.java:1471)
]]></failure>
  </testcase>
  <testcase name="test04684" classname="RegressionTest9" time="0"/>
  <testcase name="test04685" classname="RegressionTest9" time="0"/>
  <testcase name="test04686" classname="RegressionTest9" time="0"/>
  <testcase name="test04687" classname="RegressionTest9" time="0"/>
  <testcase name="test04688" classname="RegressionTest9" time="0"/>
  <testcase name="test04689" classname="RegressionTest9" time="0"/>
  <testcase name="test04690" classname="RegressionTest9" time="0"/>
  <testcase name="test04691" classname="RegressionTest9" time="0"/>
  <testcase name="test04692" classname="RegressionTest9" time="0"/>
  <testcase name="test04693" classname="RegressionTest9" time="0"/>
  <testcase name="test04694" classname="RegressionTest9" time="0"/>
  <testcase name="test04695" classname="RegressionTest9" time="0"/>
  <testcase name="test04696" classname="RegressionTest9" time="0"/>
  <testcase name="test04697" classname="RegressionTest9" time="0"/>
  <testcase name="test04698" classname="RegressionTest9" time="0"/>
  <testcase name="test04699" classname="RegressionTest9" time="0"/>
  <testcase name="test04700" classname="RegressionTest9" time="0"/>
  <testcase name="test04701" classname="RegressionTest9" time="0"/>
  <testcase name="test04702" classname="RegressionTest9" time="0"/>
  <testcase name="test04703" classname="RegressionTest9" time="0.001"/>
  <testcase name="test04704" classname="RegressionTest9" time="0">
    <failure message="&apos;true&apos; != &apos;false&apos; expected:&lt;true&gt; but was:&lt;false&gt;" type="java.lang.AssertionError"><![CDATA[java.lang.AssertionError: 'true' != 'false' expected:<true> but was:<false>
	at RegressionTest9.test04704(RegressionTest9.java:1639)
]]></failure>
  </testcase>
  <testcase name="test04705" classname="RegressionTest9" time="0"/>
  <testcase name="test04706" classname="RegressionTest9" time="0"/>
  <testcase name="test04707" classname="RegressionTest9" time="0"/>
  <testcase name="test04708" classname="RegressionTest9" time="0"/>
  <testcase name="test04709" classname="RegressionTest9" time="0"/>
  <testcase name="test04710" classname="RegressionTest9" time="0"/>
  <testcase name="test04711" classname="RegressionTest9" time="0"/>
  <testcase name="test04712" classname="RegressionTest9" time="0"/>
  <testcase name="test04713" classname="RegressionTest9" time="0"/>
  <testcase name="test04714" classname="RegressionTest9" time="0"/>
  <testcase name="test04715" classname="RegressionTest9" time="0"/>
  <testcase name="test04716" classname="RegressionTest9" time="0"/>
  <testcase name="test04717" classname="RegressionTest9" time="0">
    <failure message="&apos;true&apos; != &apos;false&apos; expected:&lt;true&gt; but was:&lt;false&gt;" type="java.lang.AssertionError"><![CDATA[java.lang.AssertionError: 'true' != 'false' expected:<true> but was:<false>
	at RegressionTest9.test04717(RegressionTest9.java:1743)
]]></failure>
  </testcase>
  <testcase name="test04718" classname="RegressionTest9" time="0"/>
  <testcase name="test04719" classname="RegressionTest9" time="0"/>
  <testcase name="test04720" classname="RegressionTest9" time="0"/>
  <testcase name="test04721" classname="RegressionTest9" time="0"/>
  <testcase name="test04722" classname="RegressionTest9" time="0"/>
  <testcase name="test04723" classname="RegressionTest9" time="0"/>
  <testcase name="test04724" classname="RegressionTest9" time="0"/>
  <testcase name="test04725" classname="RegressionTest9" time="0"/>
  <testcase name="test04726" classname="RegressionTest9" time="0"/>
  <testcase name="test04727" classname="RegressionTest9" time="0"/>
  <testcase name="test04728" classname="RegressionTest9" time="0"/>
  <testcase name="test04729" classname="RegressionTest9" time="0">
    <failure message="&apos;true&apos; != &apos;false&apos; expected:&lt;true&gt; but was:&lt;false&gt;" type="java.lang.AssertionError"><![CDATA[java.lang.AssertionError: 'true' != 'false' expected:<true> but was:<false>
	at RegressionTest9.test04729(RegressionTest9.java:1839)
]]></failure>
  </testcase>
  <testcase name="test04730" classname="RegressionTest9" time="0"/>
  <testcase name="test04731" classname="RegressionTest9" time="0"/>
  <testcase name="test04732" classname="RegressionTest9" time="0"/>
  <testcase name="test04733" classname="RegressionTest9" time="0"/>
  <testcase name="test04734" classname="RegressionTest9" time="0">
    <failure message="&apos;true&apos; != &apos;false&apos; expected:&lt;true&gt; but was:&lt;false&gt;" type="java.lang.AssertionError"><![CDATA[java.lang.AssertionError: 'true' != 'false' expected:<true> but was:<false>
	at RegressionTest9.test04734(RegressionTest9.java:1879)
]]></failure>
  </testcase>
  <testcase name="test04735" classname="RegressionTest9" time="0"/>
  <testcase name="test04736" classname="RegressionTest9" time="0"/>
  <testcase name="test04737" classname="RegressionTest9" time="0"/>
  <testcase name="test04738" classname="RegressionTest9" time="0"/>
  <testcase name="test04739" classname="RegressionTest9" time="0"/>
  <testcase name="test04740" classname="RegressionTest9" time="0"/>
  <testcase name="test04741" classname="RegressionTest9" time="0"/>
  <testcase name="test04742" classname="RegressionTest9" time="0"/>
  <testcase name="test04743" classname="RegressionTest9" time="0"/>
  <testcase name="test04744" classname="RegressionTest9" time="0"/>
  <testcase name="test04745" classname="RegressionTest9" time="0"/>
  <testcase name="test04746" classname="RegressionTest9" time="0"/>
  <testcase name="test04747" classname="RegressionTest9" time="0"/>
  <testcase name="test04748" classname="RegressionTest9" time="0"/>
  <testcase name="test04749" classname="RegressionTest9" time="0.001"/>
  <testcase name="test04750" classname="RegressionTest9" time="0"/>
  <testcase name="test04751" classname="RegressionTest9" time="0"/>
  <testcase name="test04752" classname="RegressionTest9" time="0">
    <failure message="&apos;true&apos; != &apos;false&apos; expected:&lt;true&gt; but was:&lt;false&gt;" type="java.lang.AssertionError"><![CDATA[java.lang.AssertionError: 'true' != 'false' expected:<true> but was:<false>
	at RegressionTest9.test04752(RegressionTest9.java:2023)
]]></failure>
  </testcase>
  <testcase name="test04753" classname="RegressionTest9" time="0"/>
  <testcase name="test04754" classname="RegressionTest9" time="0"/>
  <testcase name="test04755" classname="RegressionTest9" time="0"/>
  <testcase name="test04756" classname="RegressionTest9" time="0"/>
  <testcase name="test04757" classname="RegressionTest9" time="0"/>
  <testcase name="test04758" classname="RegressionTest9" time="0"/>
  <testcase name="test04759" classname="RegressionTest9" time="0"/>
  <testcase name="test04760" classname="RegressionTest9" time="0"/>
  <testcase name="test04761" classname="RegressionTest9" time="0"/>
  <testcase name="test04762" classname="RegressionTest9" time="0"/>
  <testcase name="test04763" classname="RegressionTest9" time="0"/>
  <testcase name="test04764" classname="RegressionTest9" time="0"/>
  <testcase name="test04765" classname="RegressionTest9" time="0"/>
  <testcase name="test04766" classname="RegressionTest9" time="0">
    <failure message="&apos;true&apos; != &apos;false&apos; expected:&lt;true&gt; but was:&lt;false&gt;" type="java.lang.AssertionError"><![CDATA[java.lang.AssertionError: 'true' != 'false' expected:<true> but was:<false>
	at RegressionTest9.test04766(RegressionTest9.java:2135)
]]></failure>
  </testcase>
  <testcase name="test04767" classname="RegressionTest9" time="0"/>
  <testcase name="test04768" classname="RegressionTest9" time="0"/>
  <testcase name="test04769" classname="RegressionTest9" time="0"/>
  <testcase name="test04770" classname="RegressionTest9" time="0"/>
  <testcase name="test04771" classname="RegressionTest9" time="0"/>
  <testcase name="test04772" classname="RegressionTest9" time="0"/>
  <testcase name="test04773" classname="RegressionTest9" time="0"/>
  <testcase name="test04774" classname="RegressionTest9" time="0"/>
  <testcase name="test04775" classname="RegressionTest9" time="0"/>
  <testcase name="test04776" classname="RegressionTest9" time="0"/>
  <testcase name="test04777" classname="RegressionTest9" time="0"/>
  <testcase name="test04778" classname="RegressionTest9" time="0"/>
  <testcase name="test04779" classname="RegressionTest9" time="0"/>
  <testcase name="test04780" classname="RegressionTest9" time="0"/>
  <testcase name="test04781" classname="RegressionTest9" time="0"/>
  <testcase name="test04782" classname="RegressionTest9" time="0"/>
  <testcase name="test04783" classname="RegressionTest9" time="0"/>
  <testcase name="test04784" classname="RegressionTest9" time="0"/>
  <testcase name="test04785" classname="RegressionTest9" time="0"/>
  <testcase name="test04786" classname="RegressionTest9" time="0"/>
  <testcase name="test04787" classname="RegressionTest9" time="0"/>
  <testcase name="test04788" classname="RegressionTest9" time="0"/>
  <testcase name="test04789" classname="RegressionTest9" time="0"/>
  <testcase name="test04790" classname="RegressionTest9" time="0"/>
  <testcase name="test04791" classname="RegressionTest9" time="0"/>
  <testcase name="test04792" classname="RegressionTest9" time="0"/>
  <testcase name="test04793" classname="RegressionTest9" time="0"/>
  <testcase name="test04794" classname="RegressionTest9" time="0">
    <failure message="&apos;true&apos; != &apos;false&apos; expected:&lt;true&gt; but was:&lt;false&gt;" type="java.lang.AssertionError"><![CDATA[java.lang.AssertionError: 'true' != 'false' expected:<true> but was:<false>
	at RegressionTest9.test04794(RegressionTest9.java:2359)
]]></failure>
  </testcase>
  <testcase name="test04795" classname="RegressionTest9" time="0.001">
    <failure message="&apos;true&apos; != &apos;false&apos; expected:&lt;true&gt; but was:&lt;false&gt;" type="java.lang.AssertionError"><![CDATA[java.lang.AssertionError: 'true' != 'false' expected:<true> but was:<false>
	at RegressionTest9.test04795(RegressionTest9.java:2367)
]]></failure>
  </testcase>
  <testcase name="test04796" classname="RegressionTest9" time="0"/>
  <testcase name="test04797" classname="RegressionTest9" time="0"/>
  <testcase name="test04798" classname="RegressionTest9" time="0">
    <failure message="&apos;true&apos; != &apos;false&apos; expected:&lt;true&gt; but was:&lt;false&gt;" type="java.lang.AssertionError"><![CDATA[java.lang.AssertionError: 'true' != 'false' expected:<true> but was:<false>
	at RegressionTest9.test04798(RegressionTest9.java:2391)
]]></failure>
  </testcase>
  <testcase name="test04799" classname="RegressionTest9" time="0"/>
  <testcase name="test04800" classname="RegressionTest9" time="0"/>
  <testcase name="test04801" classname="RegressionTest9" time="0"/>
  <testcase name="test04802" classname="RegressionTest9" time="0"/>
  <testcase name="test04803" classname="RegressionTest9" time="0"/>
  <testcase name="test04804" classname="RegressionTest9" time="0"/>
  <testcase name="test04805" classname="RegressionTest9" time="0"/>
  <testcase name="test04806" classname="RegressionTest9" time="0"/>
  <testcase name="test04807" classname="RegressionTest9" time="0"/>
  <testcase name="test04808" classname="RegressionTest9" time="0"/>
  <testcase name="test04809" classname="RegressionTest9" time="0"/>
  <testcase name="test04810" classname="RegressionTest9" time="0"/>
  <testcase name="test04811" classname="RegressionTest9" time="0">
    <failure message="&apos;true&apos; != &apos;false&apos; expected:&lt;true&gt; but was:&lt;false&gt;" type="java.lang.AssertionError"><![CDATA[java.lang.AssertionError: 'true' != 'false' expected:<true> but was:<false>
	at RegressionTest9.test04811(RegressionTest9.java:2495)
]]></failure>
  </testcase>
  <testcase name="test04812" classname="RegressionTest9" time="0"/>
  <testcase name="test04813" classname="RegressionTest9" time="0"/>
  <testcase name="test04814" classname="RegressionTest9" time="0"/>
  <testcase name="test04815" classname="RegressionTest9" time="0"/>
  <testcase name="test04816" classname="RegressionTest9" time="0"/>
  <testcase name="test04817" classname="RegressionTest9" time="0"/>
  <testcase name="test04818" classname="RegressionTest9" time="0"/>
  <testcase name="test04819" classname="RegressionTest9" time="0"/>
  <testcase name="test04820" classname="RegressionTest9" time="0"/>
  <testcase name="test04821" classname="RegressionTest9" time="0"/>
  <testcase name="test04822" classname="RegressionTest9" time="0"/>
  <testcase name="test04823" classname="RegressionTest9" time="0"/>
  <testcase name="test04824" classname="RegressionTest9" time="0"/>
  <testcase name="test04825" classname="RegressionTest9" time="0"/>
  <testcase name="test04826" classname="RegressionTest9" time="0"/>
  <testcase name="test04827" classname="RegressionTest9" time="0"/>
  <testcase name="test04828" classname="RegressionTest9" time="0"/>
  <testcase name="test04829" classname="RegressionTest9" time="0"/>
  <testcase name="test04830" classname="RegressionTest9" time="0"/>
  <testcase name="test04831" classname="RegressionTest9" time="0"/>
  <testcase name="test04832" classname="RegressionTest9" time="0"/>
  <testcase name="test04833" classname="RegressionTest9" time="0"/>
  <testcase name="test04834" classname="RegressionTest9" time="0"/>
  <testcase name="test04835" classname="RegressionTest9" time="0"/>
  <testcase name="test04836" classname="RegressionTest9" time="0"/>
  <testcase name="test04837" classname="RegressionTest9" time="0"/>
  <testcase name="test04838" classname="RegressionTest9" time="0"/>
  <testcase name="test04839" classname="RegressionTest9" time="0"/>
  <testcase name="test04840" classname="RegressionTest9" time="0"/>
  <testcase name="test04841" classname="RegressionTest9" time="0.001">
    <failure message="&apos;true&apos; != &apos;false&apos; expected:&lt;true&gt; but was:&lt;false&gt;" type="java.lang.AssertionError"><![CDATA[java.lang.AssertionError: 'true' != 'false' expected:<true> but was:<false>
	at RegressionTest9.test04841(RegressionTest9.java:2735)
]]></failure>
  </testcase>
  <testcase name="test04842" classname="RegressionTest9" time="0"/>
  <testcase name="test04843" classname="RegressionTest9" time="0"/>
  <testcase name="test04844" classname="RegressionTest9" time="0"/>
  <testcase name="test04845" classname="RegressionTest9" time="0"/>
  <testcase name="test04846" classname="RegressionTest9" time="0"/>
  <testcase name="test04847" classname="RegressionTest9" time="0"/>
  <testcase name="test04848" classname="RegressionTest9" time="0"/>
  <testcase name="test04849" classname="RegressionTest9" time="0"/>
  <testcase name="test04850" classname="RegressionTest9" time="0"/>
  <testcase name="test04851" classname="RegressionTest9" time="0"/>
  <testcase name="test04852" classname="RegressionTest9" time="0"/>
  <testcase name="test04853" classname="RegressionTest9" time="0"/>
  <testcase name="test04854" classname="RegressionTest9" time="0"/>
  <testcase name="test04855" classname="RegressionTest9" time="0"/>
  <testcase name="test04856" classname="RegressionTest9" time="0"/>
  <testcase name="test04857" classname="RegressionTest9" time="0"/>
  <testcase name="test04858" classname="RegressionTest9" time="0"/>
  <testcase name="test04859" classname="RegressionTest9" time="0"/>
  <testcase name="test04860" classname="RegressionTest9" time="0"/>
  <testcase name="test04861" classname="RegressionTest9" time="0"/>
  <testcase name="test04862" classname="RegressionTest9" time="0"/>
  <testcase name="test04863" classname="RegressionTest9" time="0"/>
  <testcase name="test04864" classname="RegressionTest9" time="0"/>
  <testcase name="test04865" classname="RegressionTest9" time="0"/>
  <testcase name="test04866" classname="RegressionTest9" time="0"/>
  <testcase name="test04867" classname="RegressionTest9" time="0"/>
  <testcase name="test04868" classname="RegressionTest9" time="0"/>
  <testcase name="test04869" classname="RegressionTest9" time="0"/>
  <testcase name="test04870" classname="RegressionTest9" time="0"/>
  <testcase name="test04871" classname="RegressionTest9" time="0"/>
  <testcase name="test04872" classname="RegressionTest9" time="0"/>
  <testcase name="test04873" classname="RegressionTest9" time="0"/>
  <testcase name="test04874" classname="RegressionTest9" time="0"/>
  <testcase name="test04875" classname="RegressionTest9" time="0"/>
  <testcase name="test04876" classname="RegressionTest9" time="0"/>
  <testcase name="test04877" classname="RegressionTest9" time="0">
    <failure message="&apos;true&apos; != &apos;false&apos; expected:&lt;true&gt; but was:&lt;false&gt;" type="java.lang.AssertionError"><![CDATA[java.lang.AssertionError: 'true' != 'false' expected:<true> but was:<false>
	at RegressionTest9.test04877(RegressionTest9.java:3023)
]]></failure>
  </testcase>
  <testcase name="test04878" classname="RegressionTest9" time="0"/>
  <testcase name="test04879" classname="RegressionTest9" time="0"/>
  <testcase name="test04880" classname="RegressionTest9" time="0"/>
  <testcase name="test04881" classname="RegressionTest9" time="0.001"/>
  <testcase name="test04882" classname="RegressionTest9" time="0"/>
  <testcase name="test04883" classname="RegressionTest9" time="0"/>
  <testcase name="test04884" classname="RegressionTest9" time="0"/>
  <testcase name="test04885" classname="RegressionTest9" time="0"/>
  <testcase name="test04886" classname="RegressionTest9" time="0"/>
  <testcase name="test04887" classname="RegressionTest9" time="0"/>
  <testcase name="test04888" classname="RegressionTest9" time="0"/>
  <testcase name="test04889" classname="RegressionTest9" time="0"/>
  <testcase name="test04890" classname="RegressionTest9" time="0"/>
  <testcase name="test04891" classname="RegressionTest9" time="0"/>
  <testcase name="test04892" classname="RegressionTest9" time="0"/>
  <testcase name="test04893" classname="RegressionTest9" time="0"/>
  <testcase name="test04894" classname="RegressionTest9" time="0"/>
  <testcase name="test04895" classname="RegressionTest9" time="0"/>
  <testcase name="test04896" classname="RegressionTest9" time="0">
    <failure message="&apos;true&apos; != &apos;false&apos; expected:&lt;true&gt; but was:&lt;false&gt;" type="java.lang.AssertionError"><![CDATA[java.lang.AssertionError: 'true' != 'false' expected:<true> but was:<false>
	at RegressionTest9.test04896(RegressionTest9.java:3175)
]]></failure>
  </testcase>
  <testcase name="test04897" classname="RegressionTest9" time="0"/>
  <testcase name="test04898" classname="RegressionTest9" time="0"/>
  <testcase name="test04899" classname="RegressionTest9" time="0"/>
  <testcase name="test04900" classname="RegressionTest9" time="0"/>
  <testcase name="test04901" classname="RegressionTest9" time="0"/>
  <testcase name="test04902" classname="RegressionTest9" time="0"/>
  <testcase name="test04903" classname="RegressionTest9" time="0"/>
  <testcase name="test04904" classname="RegressionTest9" time="0"/>
  <testcase name="test04905" classname="RegressionTest9" time="0"/>
  <testcase name="test04906" classname="RegressionTest9" time="0"/>
  <testcase name="test04907" classname="RegressionTest9" time="0"/>
  <testcase name="test04908" classname="RegressionTest9" time="0"/>
  <testcase name="test04909" classname="RegressionTest9" time="0"/>
  <testcase name="test04910" classname="RegressionTest9" time="0"/>
  <testcase name="test04911" classname="RegressionTest9" time="0"/>
  <testcase name="test04912" classname="RegressionTest9" time="0"/>
  <testcase name="test04913" classname="RegressionTest9" time="0"/>
  <testcase name="test04914" classname="RegressionTest9" time="0"/>
  <testcase name="test04915" classname="RegressionTest9" time="0"/>
  <testcase name="test04916" classname="RegressionTest9" time="0"/>
  <testcase name="test04917" classname="RegressionTest9" time="0"/>
  <testcase name="test04918" classname="RegressionTest9" time="0"/>
  <testcase name="test04919" classname="RegressionTest9" time="0"/>
  <testcase name="test04920" classname="RegressionTest9" time="0"/>
  <testcase name="test04921" classname="RegressionTest9" time="0"/>
  <testcase name="test04922" classname="RegressionTest9" time="0"/>
  <testcase name="test04923" classname="RegressionTest9" time="0"/>
  <testcase name="test04924" classname="RegressionTest9" time="0"/>
  <testcase name="test04925" classname="RegressionTest9" time="0"/>
  <testcase name="test04926" classname="RegressionTest9" time="0"/>
  <testcase name="test04927" classname="RegressionTest9" time="0"/>
  <testcase name="test04928" classname="RegressionTest9" time="0"/>
  <testcase name="test04929" classname="RegressionTest9" time="0"/>
  <testcase name="test04930" classname="RegressionTest9" time="0">
    <failure message="&apos;true&apos; != &apos;false&apos; expected:&lt;true&gt; but was:&lt;false&gt;" type="java.lang.AssertionError"><![CDATA[java.lang.AssertionError: 'true' != 'false' expected:<true> but was:<false>
	at RegressionTest9.test04930(RegressionTest9.java:3447)
]]></failure>
  </testcase>
  <testcase name="test04931" classname="RegressionTest9" time="0"/>
  <testcase name="test04932" classname="RegressionTest9" time="0"/>
  <testcase name="test04933" classname="RegressionTest9" time="0"/>
  <testcase name="test04934" classname="RegressionTest9" time="0"/>
  <testcase name="test04935" classname="RegressionTest9" time="0"/>
  <testcase name="test04936" classname="RegressionTest9" time="0"/>
  <testcase name="test04937" classname="RegressionTest9" time="0"/>
  <testcase name="test04938" classname="RegressionTest9" time="0"/>
  <testcase name="test04939" classname="RegressionTest9" time="0"/>
  <testcase name="test04940" classname="RegressionTest9" time="0"/>
  <testcase name="test04941" classname="RegressionTest9" time="0"/>
  <testcase name="test04942" classname="RegressionTest9" time="0"/>
  <testcase name="test04943" classname="RegressionTest9" time="0"/>
  <testcase name="test04944" classname="RegressionTest9" time="0"/>
  <testcase name="test04945" classname="RegressionTest9" time="0"/>
  <testcase name="test04946" classname="RegressionTest9" time="0"/>
  <testcase name="test04947" classname="RegressionTest9" time="0"/>
  <testcase name="test04948" classname="RegressionTest9" time="0"/>
  <testcase name="test04949" classname="RegressionTest9" time="0"/>
  <testcase name="test04950" classname="RegressionTest9" time="0"/>
  <testcase name="test04951" classname="RegressionTest9" time="0"/>
  <testcase name="test04952" classname="RegressionTest9" time="0">
    <failure message="&apos;true&apos; != &apos;false&apos; expected:&lt;true&gt; but was:&lt;false&gt;" type="java.lang.AssertionError"><![CDATA[java.lang.AssertionError: 'true' != 'false' expected:<true> but was:<false>
	at RegressionTest9.test04952(RegressionTest9.java:3623)
]]></failure>
  </testcase>
  <testcase name="test04953" classname="RegressionTest9" time="0">
    <failure message="&apos;true&apos; != &apos;false&apos; expected:&lt;true&gt; but was:&lt;false&gt;" type="java.lang.AssertionError"><![CDATA[java.lang.AssertionError: 'true' != 'false' expected:<true> but was:<false>
	at RegressionTest9.test04953(RegressionTest9.java:3631)
]]></failure>
  </testcase>
  <testcase name="test04954" classname="RegressionTest9" time="0"/>
  <testcase name="test04955" classname="RegressionTest9" time="0"/>
  <testcase name="test04956" classname="RegressionTest9" time="0"/>
  <testcase name="test04957" classname="RegressionTest9" time="0"/>
  <testcase name="test04958" classname="RegressionTest9" time="0"/>
  <testcase name="test04959" classname="RegressionTest9" time="0"/>
  <testcase name="test04960" classname="RegressionTest9" time="0"/>
  <testcase name="test04961" classname="RegressionTest9" time="0"/>
  <testcase name="test04962" classname="RegressionTest9" time="0"/>
  <testcase name="test04963" classname="RegressionTest9" time="0"/>
  <testcase name="test04964" classname="RegressionTest9" time="0">
    <failure message="&apos;true&apos; != &apos;false&apos; expected:&lt;true&gt; but was:&lt;false&gt;" type="java.lang.AssertionError"><![CDATA[java.lang.AssertionError: 'true' != 'false' expected:<true> but was:<false>
	at RegressionTest9.test04964(RegressionTest9.java:3719)
]]></failure>
  </testcase>
  <testcase name="test04965" classname="RegressionTest9" time="0"/>
  <testcase name="test04966" classname="RegressionTest9" time="0">
    <failure message="&apos;true&apos; != &apos;false&apos; expected:&lt;true&gt; but was:&lt;false&gt;" type="java.lang.AssertionError"><![CDATA[java.lang.AssertionError: 'true' != 'false' expected:<true> but was:<false>
	at RegressionTest9.test04966(RegressionTest9.java:3735)
]]></failure>
  </testcase>
  <testcase name="test04967" classname="RegressionTest9" time="0.001"/>
  <testcase name="test04968" classname="RegressionTest9" time="0"/>
  <testcase name="test04969" classname="RegressionTest9" time="0">
    <failure message="&apos;true&apos; != &apos;false&apos; expected:&lt;true&gt; but was:&lt;false&gt;" type="java.lang.AssertionError"><![CDATA[java.lang.AssertionError: 'true' != 'false' expected:<true> but was:<false>
	at RegressionTest9.test04969(RegressionTest9.java:3759)
]]></failure>
  </testcase>
  <testcase name="test04970" classname="RegressionTest9" time="0"/>
  <testcase name="test04971" classname="RegressionTest9" time="0"/>
  <testcase name="test04972" classname="RegressionTest9" time="0"/>
  <testcase name="test04973" classname="RegressionTest9" time="0"/>
  <testcase name="test04974" classname="RegressionTest9" time="0"/>
  <testcase name="test04975" classname="RegressionTest9" time="0"/>
  <testcase name="test04976" classname="RegressionTest9" time="0"/>
  <testcase name="test04977" classname="RegressionTest9" time="0"/>
  <testcase name="test04978" classname="RegressionTest9" time="0"/>
  <testcase name="test04979" classname="RegressionTest9" time="0">
    <failure message="&apos;true&apos; != &apos;false&apos; expected:&lt;true&gt; but was:&lt;false&gt;" type="java.lang.AssertionError"><![CDATA[java.lang.AssertionError: 'true' != 'false' expected:<true> but was:<false>
	at RegressionTest9.test04979(RegressionTest9.java:3839)
]]></failure>
  </testcase>
  <testcase name="test04980" classname="RegressionTest9" time="0"/>
  <testcase name="test04981" classname="RegressionTest9" time="0">
    <failure message="&apos;true&apos; != &apos;false&apos; expected:&lt;true&gt; but was:&lt;false&gt;" type="java.lang.AssertionError"><![CDATA[java.lang.AssertionError: 'true' != 'false' expected:<true> but was:<false>
	at RegressionTest9.test04981(RegressionTest9.java:3855)
]]></failure>
  </testcase>
  <testcase name="test04982" classname="RegressionTest9" time="0"/>
  <testcase name="test04983" classname="RegressionTest9" time="0"/>
  <testcase name="test04984" classname="RegressionTest9" time="0">
    <failure message="&apos;true&apos; != &apos;false&apos; expected:&lt;true&gt; but was:&lt;false&gt;" type="java.lang.AssertionError"><![CDATA[java.lang.AssertionError: 'true' != 'false' expected:<true> but was:<false>
	at RegressionTest9.test04984(RegressionTest9.java:3879)
]]></failure>
  </testcase>
  <testcase name="test04985" classname="RegressionTest9" time="0"/>
  <testcase name="test04986" classname="RegressionTest9" time="0"/>
  <testcase name="test04987" classname="RegressionTest9" time="0"/>
  <testcase name="test04988" classname="RegressionTest9" time="0"/>
  <testcase name="test04989" classname="RegressionTest9" time="0">
    <failure message="&apos;true&apos; != &apos;false&apos; expected:&lt;true&gt; but was:&lt;false&gt;" type="java.lang.AssertionError"><![CDATA[java.lang.AssertionError: 'true' != 'false' expected:<true> but was:<false>
	at RegressionTest9.test04989(RegressionTest9.java:3919)
]]></failure>
  </testcase>
  <testcase name="test04990" classname="RegressionTest9" time="0"/>
  <testcase name="test04991" classname="RegressionTest9" time="0"/>
  <testcase name="test04992" classname="RegressionTest9" time="0"/>
  <testcase name="test04993" classname="RegressionTest9" time="0"/>
  <testcase name="test04994" classname="RegressionTest9" time="0"/>
  <testcase name="test04995" classname="RegressionTest9" time="0.001"/>
  <testcase name="test04996" classname="RegressionTest9" time="0">
    <failure message="&apos;true&apos; != &apos;false&apos; expected:&lt;true&gt; but was:&lt;false&gt;" type="java.lang.AssertionError"><![CDATA[java.lang.AssertionError: 'true' != 'false' expected:<true> but was:<false>
	at RegressionTest9.test04996(RegressionTest9.java:3975)
]]></failure>
  </testcase>
  <testcase name="test04997" classname="RegressionTest9" time="0"/>
  <testcase name="test04998" classname="RegressionTest9" time="0"/>
  <testcase name="test04999" classname="RegressionTest9" time="0"/>
  <testcase name="test05000" classname="RegressionTest9" time="0"/>
  <testcase name="test05001" classname="RegressionTest10" time="0"/>
  <testcase name="test05002" classname="RegressionTest10" time="0"/>
  <testcase name="test05003" classname="RegressionTest10" time="0"/>
  <testcase name="test05004" classname="RegressionTest10" time="0">
    <failure message="&apos;true&apos; != &apos;false&apos; expected:&lt;true&gt; but was:&lt;false&gt;" type="java.lang.AssertionError"><![CDATA[java.lang.AssertionError: 'true' != 'false' expected:<true> but was:<false>
	at RegressionTest10.test05004(RegressionTest10.java:39)
]]></failure>
  </testcase>
  <testcase name="test05005" classname="RegressionTest10" time="0">
    <failure message="&apos;true&apos; != &apos;false&apos; expected:&lt;true&gt; but was:&lt;false&gt;" type="java.lang.AssertionError"><![CDATA[java.lang.AssertionError: 'true' != 'false' expected:<true> but was:<false>
	at RegressionTest10.test05005(RegressionTest10.java:47)
]]></failure>
  </testcase>
  <testcase name="test05006" classname="RegressionTest10" time="0"/>
  <testcase name="test05007" classname="RegressionTest10" time="0"/>
  <testcase name="test05008" classname="RegressionTest10" time="0"/>
  <testcase name="test05009" classname="RegressionTest10" time="0"/>
  <testcase name="test05010" classname="RegressionTest10" time="0"/>
  <testcase name="test05011" classname="RegressionTest10" time="0"/>
  <testcase name="test05012" classname="RegressionTest10" time="0"/>
  <testcase name="test05013" classname="RegressionTest10" time="0"/>
  <testcase name="test05014" classname="RegressionTest10" time="0"/>
  <testcase name="test05015" classname="RegressionTest10" time="0"/>
  <testcase name="test05016" classname="RegressionTest10" time="0"/>
  <testcase name="test05017" classname="RegressionTest10" time="0"/>
  <testcase name="test05018" classname="RegressionTest10" time="0"/>
  <testcase name="test05019" classname="RegressionTest10" time="0"/>
  <testcase name="test05020" classname="RegressionTest10" time="0"/>
  <testcase name="test05021" classname="RegressionTest10" time="0"/>
  <testcase name="test05022" classname="RegressionTest10" time="0">
    <failure message="&apos;true&apos; != &apos;false&apos; expected:&lt;true&gt; but was:&lt;false&gt;" type="java.lang.AssertionError"><![CDATA[java.lang.AssertionError: 'true' != 'false' expected:<true> but was:<false>
	at RegressionTest10.test05022(RegressionTest10.java:183)
]]></failure>
  </testcase>
  <testcase name="test05023" classname="RegressionTest10" time="0"/>
  <testcase name="test05024" classname="RegressionTest10" time="0"/>
  <testcase name="test05025" classname="RegressionTest10" time="0"/>
  <testcase name="test05026" classname="RegressionTest10" time="0"/>
  <testcase name="test05027" classname="RegressionTest10" time="0">
    <failure message="&apos;true&apos; != &apos;false&apos; expected:&lt;true&gt; but was:&lt;false&gt;" type="java.lang.AssertionError"><![CDATA[java.lang.AssertionError: 'true' != 'false' expected:<true> but was:<false>
	at RegressionTest10.test05027(RegressionTest10.java:223)
]]></failure>
  </testcase>
  <testcase name="test05028" classname="RegressionTest10" time="0"/>
  <testcase name="test05029" classname="RegressionTest10" time="0">
    <failure message="&apos;true&apos; != &apos;false&apos; expected:&lt;true&gt; but was:&lt;false&gt;" type="java.lang.AssertionError"><![CDATA[java.lang.AssertionError: 'true' != 'false' expected:<true> but was:<false>
	at RegressionTest10.test05029(RegressionTest10.java:239)
]]></failure>
  </testcase>
  <testcase name="test05030" classname="RegressionTest10" time="0"/>
  <testcase name="test05031" classname="RegressionTest10" time="0"/>
  <testcase name="test05032" classname="RegressionTest10" time="0"/>
  <testcase name="test05033" classname="RegressionTest10" time="0"/>
  <testcase name="test05034" classname="RegressionTest10" time="0"/>
  <testcase name="test05035" classname="RegressionTest10" time="0"/>
  <testcase name="test05036" classname="RegressionTest10" time="0"/>
  <testcase name="test05037" classname="RegressionTest10" time="0"/>
  <testcase name="test05038" classname="RegressionTest10" time="0"/>
  <testcase name="test05039" classname="RegressionTest10" time="0"/>
  <testcase name="test05040" classname="RegressionTest10" time="0"/>
  <testcase name="test05041" classname="RegressionTest10" time="0"/>
  <testcase name="test05042" classname="RegressionTest10" time="0"/>
  <testcase name="test05043" classname="RegressionTest10" time="0"/>
  <testcase name="test05044" classname="RegressionTest10" time="0"/>
  <testcase name="test05045" classname="RegressionTest10" time="0"/>
  <testcase name="test05046" classname="RegressionTest10" time="0"/>
  <testcase name="test05047" classname="RegressionTest10" time="0"/>
  <testcase name="test05048" classname="RegressionTest10" time="0"/>
  <testcase name="test05049" classname="RegressionTest10" time="0"/>
  <testcase name="test05050" classname="RegressionTest10" time="0"/>
  <testcase name="test05051" classname="RegressionTest10" time="0"/>
  <testcase name="test05052" classname="RegressionTest10" time="0"/>
  <testcase name="test05053" classname="RegressionTest10" time="0"/>
  <testcase name="test05054" classname="RegressionTest10" time="0"/>
  <testcase name="test05055" classname="RegressionTest10" time="0"/>
  <testcase name="test05056" classname="RegressionTest10" time="0"/>
  <testcase name="test05057" classname="RegressionTest10" time="0"/>
  <testcase name="test05058" classname="RegressionTest10" time="0"/>
  <testcase name="test05059" classname="RegressionTest10" time="0"/>
  <testcase name="test05060" classname="RegressionTest10" time="0"/>
  <testcase name="test05061" classname="RegressionTest10" time="0"/>
  <testcase name="test05062" classname="RegressionTest10" time="0"/>
  <testcase name="test05063" classname="RegressionTest10" time="0"/>
  <testcase name="test05064" classname="RegressionTest10" time="0"/>
  <testcase name="test05065" classname="RegressionTest10" time="0"/>
  <testcase name="test05066" classname="RegressionTest10" time="0"/>
  <testcase name="test05067" classname="RegressionTest10" time="0"/>
  <testcase name="test05068" classname="RegressionTest10" time="0"/>
  <testcase name="test05069" classname="RegressionTest10" time="0"/>
  <testcase name="test05070" classname="RegressionTest10" time="0"/>
  <testcase name="test05071" classname="RegressionTest10" time="0"/>
  <testcase name="test05072" classname="RegressionTest10" time="0"/>
  <testcase name="test05073" classname="RegressionTest10" time="0"/>
  <testcase name="test05074" classname="RegressionTest10" time="0">
    <failure message="&apos;true&apos; != &apos;false&apos; expected:&lt;true&gt; but was:&lt;false&gt;" type="java.lang.AssertionError"><![CDATA[java.lang.AssertionError: 'true' != 'false' expected:<true> but was:<false>
	at RegressionTest10.test05074(RegressionTest10.java:599)
]]></failure>
  </testcase>
  <testcase name="test05075" classname="RegressionTest10" time="0"/>
  <testcase name="test05076" classname="RegressionTest10" time="0"/>
  <testcase name="test05077" classname="RegressionTest10" time="0"/>
  <testcase name="test05078" classname="RegressionTest10" time="0"/>
  <testcase name="test05079" classname="RegressionTest10" time="0"/>
  <testcase name="test05080" classname="RegressionTest10" time="0"/>
  <testcase name="test05081" classname="RegressionTest10" time="0"/>
  <testcase name="test05082" classname="RegressionTest10" time="0"/>
  <testcase name="test05083" classname="RegressionTest10" time="0"/>
  <testcase name="test05084" classname="RegressionTest10" time="0"/>
  <testcase name="test05085" classname="RegressionTest10" time="0"/>
  <testcase name="test05086" classname="RegressionTest10" time="0"/>
  <testcase name="test05087" classname="RegressionTest10" time="0"/>
  <testcase name="test05088" classname="RegressionTest10" time="0"/>
  <testcase name="test05089" classname="RegressionTest10" time="0"/>
  <testcase name="test05090" classname="RegressionTest10" time="0"/>
  <testcase name="test05091" classname="RegressionTest10" time="0"/>
  <testcase name="test05092" classname="RegressionTest10" time="0"/>
  <testcase name="test05093" classname="RegressionTest10" time="0"/>
  <testcase name="test05094" classname="RegressionTest10" time="0"/>
  <testcase name="test05095" classname="RegressionTest10" time="0"/>
  <testcase name="test05096" classname="RegressionTest10" time="0"/>
  <testcase name="test05097" classname="RegressionTest10" time="0"/>
  <testcase name="test05098" classname="RegressionTest10" time="0"/>
  <testcase name="test05099" classname="RegressionTest10" time="0"/>
  <testcase name="test05100" classname="RegressionTest10" time="0"/>
  <testcase name="test05101" classname="RegressionTest10" time="0"/>
  <testcase name="test05102" classname="RegressionTest10" time="0"/>
  <testcase name="test05103" classname="RegressionTest10" time="0"/>
  <testcase name="test05104" classname="RegressionTest10" time="0"/>
  <testcase name="test05105" classname="RegressionTest10" time="0"/>
  <testcase name="test05106" classname="RegressionTest10" time="0"/>
  <testcase name="test05107" classname="RegressionTest10" time="0"/>
  <testcase name="test05108" classname="RegressionTest10" time="0"/>
  <testcase name="test05109" classname="RegressionTest10" time="0"/>
  <testcase name="test05110" classname="RegressionTest10" time="0"/>
  <testcase name="test05111" classname="RegressionTest10" time="0.001"/>
  <testcase name="test05112" classname="RegressionTest10" time="0"/>
  <testcase name="test05113" classname="RegressionTest10" time="0"/>
  <testcase name="test05114" classname="RegressionTest10" time="0"/>
  <testcase name="test05115" classname="RegressionTest10" time="0"/>
  <testcase name="test05116" classname="RegressionTest10" time="0"/>
  <testcase name="test05117" classname="RegressionTest10" time="0"/>
  <testcase name="test05118" classname="RegressionTest10" time="0"/>
  <testcase name="test05119" classname="RegressionTest10" time="0"/>
  <testcase name="test05120" classname="RegressionTest10" time="0"/>
  <testcase name="test05121" classname="RegressionTest10" time="0"/>
  <testcase name="test05122" classname="RegressionTest10" time="0"/>
  <testcase name="test05123" classname="RegressionTest10" time="0"/>
  <testcase name="test05124" classname="RegressionTest10" time="0"/>
  <testcase name="test05125" classname="RegressionTest10" time="0"/>
  <testcase name="test05126" classname="RegressionTest10" time="0"/>
  <testcase name="test05127" classname="RegressionTest10" time="0"/>
  <testcase name="test05128" classname="RegressionTest10" time="0"/>
  <testcase name="test05129" classname="RegressionTest10" time="0"/>
  <testcase name="test05130" classname="RegressionTest10" time="0"/>
  <testcase name="test05131" classname="RegressionTest10" time="0">
    <failure message="&apos;true&apos; != &apos;false&apos; expected:&lt;true&gt; but was:&lt;false&gt;" type="java.lang.AssertionError"><![CDATA[java.lang.AssertionError: 'true' != 'false' expected:<true> but was:<false>
	at RegressionTest10.test05131(RegressionTest10.java:1055)
]]></failure>
  </testcase>
  <testcase name="test05132" classname="RegressionTest10" time="0"/>
  <testcase name="test05133" classname="RegressionTest10" time="0"/>
  <testcase name="test05134" classname="RegressionTest10" time="0"/>
  <testcase name="test05135" classname="RegressionTest10" time="0"/>
  <testcase name="test05136" classname="RegressionTest10" time="0"/>
  <testcase name="test05137" classname="RegressionTest10" time="0"/>
  <testcase name="test05138" classname="RegressionTest10" time="0"/>
  <testcase name="test05139" classname="RegressionTest10" time="0"/>
  <testcase name="test05140" classname="RegressionTest10" time="0"/>
  <testcase name="test05141" classname="RegressionTest10" time="0"/>
  <testcase name="test05142" classname="RegressionTest10" time="0">
    <failure message="&apos;true&apos; != &apos;false&apos; expected:&lt;true&gt; but was:&lt;false&gt;" type="java.lang.AssertionError"><![CDATA[java.lang.AssertionError: 'true' != 'false' expected:<true> but was:<false>
	at RegressionTest10.test05142(RegressionTest10.java:1143)
]]></failure>
  </testcase>
  <testcase name="test05143" classname="RegressionTest10" time="0"/>
  <testcase name="test05144" classname="RegressionTest10" time="0"/>
  <testcase name="test05145" classname="RegressionTest10" time="0"/>
  <testcase name="test05146" classname="RegressionTest10" time="0"/>
  <testcase name="test05147" classname="RegressionTest10" time="0"/>
  <testcase name="test05148" classname="RegressionTest10" time="0"/>
  <testcase name="test05149" classname="RegressionTest10" time="0"/>
  <testcase name="test05150" classname="RegressionTest10" time="0"/>
  <testcase name="test05151" classname="RegressionTest10" time="0"/>
  <testcase name="test05152" classname="RegressionTest10" time="0"/>
  <testcase name="test05153" classname="RegressionTest10" time="0"/>
  <testcase name="test05154" classname="RegressionTest10" time="0">
    <failure message="&apos;true&apos; != &apos;false&apos; expected:&lt;true&gt; but was:&lt;false&gt;" type="java.lang.AssertionError"><![CDATA[java.lang.AssertionError: 'true' != 'false' expected:<true> but was:<false>
	at RegressionTest10.test05154(RegressionTest10.java:1239)
]]></failure>
  </testcase>
  <testcase name="test05155" classname="RegressionTest10" time="0"/>
  <testcase name="test05156" classname="RegressionTest10" time="0.001"/>
  <testcase name="test05157" classname="RegressionTest10" time="0">
    <failure message="&apos;true&apos; != &apos;false&apos; expected:&lt;true&gt; but was:&lt;false&gt;" type="java.lang.AssertionError"><![CDATA[java.lang.AssertionError: 'true' != 'false' expected:<true> but was:<false>
	at RegressionTest10.test05157(RegressionTest10.java:1263)
]]></failure>
  </testcase>
  <testcase name="test05158" classname="RegressionTest10" time="0"/>
  <testcase name="test05159" classname="RegressionTest10" time="0"/>
  <testcase name="test05160" classname="RegressionTest10" time="0">
    <failure message="&apos;true&apos; != &apos;false&apos; expected:&lt;true&gt; but was:&lt;false&gt;" type="java.lang.AssertionError"><![CDATA[java.lang.AssertionError: 'true' != 'false' expected:<true> but was:<false>
	at RegressionTest10.test05160(RegressionTest10.java:1287)
]]></failure>
  </testcase>
  <testcase name="test05161" classname="RegressionTest10" time="0"/>
  <testcase name="test05162" classname="RegressionTest10" time="0"/>
  <testcase name="test05163" classname="RegressionTest10" time="0"/>
  <testcase name="test05164" classname="RegressionTest10" time="0"/>
  <testcase name="test05165" classname="RegressionTest10" time="0">
    <failure message="&apos;true&apos; != &apos;false&apos; expected:&lt;true&gt; but was:&lt;false&gt;" type="java.lang.AssertionError"><![CDATA[java.lang.AssertionError: 'true' != 'false' expected:<true> but was:<false>
	at RegressionTest10.test05165(RegressionTest10.java:1327)
]]></failure>
  </testcase>
  <testcase name="test05166" classname="RegressionTest10" time="0"/>
  <testcase name="test05167" classname="RegressionTest10" time="0"/>
  <testcase name="test05168" classname="RegressionTest10" time="0"/>
  <testcase name="test05169" classname="RegressionTest10" time="0"/>
  <testcase name="test05170" classname="RegressionTest10" time="0"/>
  <testcase name="test05171" classname="RegressionTest10" time="0"/>
  <testcase name="test05172" classname="RegressionTest10" time="0"/>
  <testcase name="test05173" classname="RegressionTest10" time="0"/>
  <testcase name="test05174" classname="RegressionTest10" time="0"/>
  <testcase name="test05175" classname="RegressionTest10" time="0"/>
  <testcase name="test05176" classname="RegressionTest10" time="0"/>
  <testcase name="test05177" classname="RegressionTest10" time="0"/>
  <testcase name="test05178" classname="RegressionTest10" time="0"/>
  <testcase name="test05179" classname="RegressionTest10" time="0"/>
  <testcase name="test05180" classname="RegressionTest10" time="0"/>
  <testcase name="test05181" classname="RegressionTest10" time="0"/>
  <testcase name="test05182" classname="RegressionTest10" time="0"/>
  <testcase name="test05183" classname="RegressionTest10" time="0"/>
  <testcase name="test05184" classname="RegressionTest10" time="0"/>
  <testcase name="test05185" classname="RegressionTest10" time="0"/>
  <testcase name="test05186" classname="RegressionTest10" time="0"/>
  <testcase name="test05187" classname="RegressionTest10" time="0"/>
  <testcase name="test05188" classname="RegressionTest10" time="0.001">
    <failure message="&apos;true&apos; != &apos;false&apos; expected:&lt;true&gt; but was:&lt;false&gt;" type="java.lang.AssertionError"><![CDATA[java.lang.AssertionError: 'true' != 'false' expected:<true> but was:<false>
	at RegressionTest10.test05188(RegressionTest10.java:1511)
]]></failure>
  </testcase>
  <testcase name="test05189" classname="RegressionTest10" time="0"/>
  <testcase name="test05190" classname="RegressionTest10" time="0"/>
  <testcase name="test05191" classname="RegressionTest10" time="0"/>
  <testcase name="test05192" classname="RegressionTest10" time="0"/>
  <testcase name="test05193" classname="RegressionTest10" time="0"/>
  <testcase name="test05194" classname="RegressionTest10" time="0"/>
  <testcase name="test05195" classname="RegressionTest10" time="0"/>
  <testcase name="test05196" classname="RegressionTest10" time="0">
    <failure message="&apos;true&apos; != &apos;false&apos; expected:&lt;true&gt; but was:&lt;false&gt;" type="java.lang.AssertionError"><![CDATA[java.lang.AssertionError: 'true' != 'false' expected:<true> but was:<false>
	at RegressionTest10.test05196(RegressionTest10.java:1575)
]]></failure>
  </testcase>
  <testcase name="test05197" classname="RegressionTest10" time="0"/>
  <testcase name="test05198" classname="RegressionTest10" time="0"/>
  <testcase name="test05199" classname="RegressionTest10" time="0"/>
  <testcase name="test05200" classname="RegressionTest10" time="0"/>
  <testcase name="test05201" classname="RegressionTest10" time="0"/>
  <testcase name="test05202" classname="RegressionTest10" time="0"/>
  <testcase name="test05203" classname="RegressionTest10" time="0"/>
  <testcase name="test05204" classname="RegressionTest10" time="0"/>
  <testcase name="test05205" classname="RegressionTest10" time="0"/>
  <testcase name="test05206" classname="RegressionTest10" time="0"/>
  <testcase name="test05207" classname="RegressionTest10" time="0"/>
  <testcase name="test05208" classname="RegressionTest10" time="0"/>
  <testcase name="test05209" classname="RegressionTest10" time="0"/>
  <testcase name="test05210" classname="RegressionTest10" time="0"/>
  <testcase name="test05211" classname="RegressionTest10" time="0"/>
  <testcase name="test05212" classname="RegressionTest10" time="0"/>
  <testcase name="test05213" classname="RegressionTest10" time="0"/>
  <testcase name="test05214" classname="RegressionTest10" time="0"/>
  <testcase name="test05215" classname="RegressionTest10" time="0"/>
  <testcase name="test05216" classname="RegressionTest10" time="0"/>
  <testcase name="test05217" classname="RegressionTest10" time="0"/>
  <testcase name="test05218" classname="RegressionTest10" time="0"/>
  <testcase name="test05219" classname="RegressionTest10" time="0"/>
  <testcase name="test05220" classname="RegressionTest10" time="0"/>
  <testcase name="test05221" classname="RegressionTest10" time="0"/>
  <testcase name="test05222" classname="RegressionTest10" time="0"/>
  <testcase name="test05223" classname="RegressionTest10" time="0"/>
  <testcase name="test05224" classname="RegressionTest10" time="0">
    <failure message="&apos;true&apos; != &apos;false&apos; expected:&lt;true&gt; but was:&lt;false&gt;" type="java.lang.AssertionError"><![CDATA[java.lang.AssertionError: 'true' != 'false' expected:<true> but was:<false>
	at RegressionTest10.test05224(RegressionTest10.java:1799)
]]></failure>
  </testcase>
  <testcase name="test05225" classname="RegressionTest10" time="0"/>
  <testcase name="test05226" classname="RegressionTest10" time="0"/>
  <testcase name="test05227" classname="RegressionTest10" time="0"/>
  <testcase name="test05228" classname="RegressionTest10" time="0"/>
  <testcase name="test05229" classname="RegressionTest10" time="0"/>
  <testcase name="test05230" classname="RegressionTest10" time="0"/>
  <testcase name="test05231" classname="RegressionTest10" time="0"/>
  <testcase name="test05232" classname="RegressionTest10" time="0"/>
  <testcase name="test05233" classname="RegressionTest10" time="0.001"/>
  <testcase name="test05234" classname="RegressionTest10" time="0"/>
  <testcase name="test05235" classname="RegressionTest10" time="0"/>
  <testcase name="test05236" classname="RegressionTest10" time="0"/>
  <testcase name="test05237" classname="RegressionTest10" time="0"/>
  <testcase name="test05238" classname="RegressionTest10" time="0"/>
  <testcase name="test05239" classname="RegressionTest10" time="0"/>
  <testcase name="test05240" classname="RegressionTest10" time="0"/>
  <testcase name="test05241" classname="RegressionTest10" time="0"/>
  <testcase name="test05242" classname="RegressionTest10" time="0"/>
  <testcase name="test05243" classname="RegressionTest10" time="0"/>
  <testcase name="test05244" classname="RegressionTest10" time="0"/>
  <testcase name="test05245" classname="RegressionTest10" time="0"/>
  <testcase name="test05246" classname="RegressionTest10" time="0">
    <failure message="&apos;true&apos; != &apos;false&apos; expected:&lt;true&gt; but was:&lt;false&gt;" type="java.lang.AssertionError"><![CDATA[java.lang.AssertionError: 'true' != 'false' expected:<true> but was:<false>
	at RegressionTest10.test05246(RegressionTest10.java:1975)
]]></failure>
  </testcase>
  <testcase name="test05247" classname="RegressionTest10" time="0"/>
  <testcase name="test05248" classname="RegressionTest10" time="0"/>
  <testcase name="test05249" classname="RegressionTest10" time="0"/>
  <testcase name="test05250" classname="RegressionTest10" time="0"/>
  <testcase name="test05251" classname="RegressionTest10" time="0"/>
  <testcase name="test05252" classname="RegressionTest10" time="0"/>
  <testcase name="test05253" classname="RegressionTest10" time="0"/>
  <testcase name="test05254" classname="RegressionTest10" time="0"/>
  <testcase name="test05255" classname="RegressionTest10" time="0"/>
  <testcase name="test05256" classname="RegressionTest10" time="0">
    <failure message="&apos;true&apos; != &apos;false&apos; expected:&lt;true&gt; but was:&lt;false&gt;" type="java.lang.AssertionError"><![CDATA[java.lang.AssertionError: 'true' != 'false' expected:<true> but was:<false>
	at RegressionTest10.test05256(RegressionTest10.java:2055)
]]></failure>
  </testcase>
  <testcase name="test05257" classname="RegressionTest10" time="0"/>
  <testcase name="test05258" classname="RegressionTest10" time="0"/>
  <testcase name="test05259" classname="RegressionTest10" time="0"/>
  <testcase name="test05260" classname="RegressionTest10" time="0"/>
  <testcase name="test05261" classname="RegressionTest10" time="0"/>
  <testcase name="test05262" classname="RegressionTest10" time="0"/>
  <testcase name="test05263" classname="RegressionTest10" time="0"/>
  <testcase name="test05264" classname="RegressionTest10" time="0"/>
  <testcase name="test05265" classname="RegressionTest10" time="0"/>
  <testcase name="test05266" classname="RegressionTest10" time="0"/>
  <testcase name="test05267" classname="RegressionTest10" time="0"/>
  <testcase name="test05268" classname="RegressionTest10" time="0"/>
  <testcase name="test05269" classname="RegressionTest10" time="0"/>
  <testcase name="test05270" classname="RegressionTest10" time="0"/>
  <testcase name="test05271" classname="RegressionTest10" time="0"/>
  <testcase name="test05272" classname="RegressionTest10" time="0"/>
  <testcase name="test05273" classname="RegressionTest10" time="0"/>
  <testcase name="test05274" classname="RegressionTest10" time="0"/>
  <testcase name="test05275" classname="RegressionTest10" time="0"/>
  <testcase name="test05276" classname="RegressionTest10" time="0"/>
  <testcase name="test05277" classname="RegressionTest10" time="0"/>
  <testcase name="test05278" classname="RegressionTest10" time="0"/>
  <testcase name="test05279" classname="RegressionTest10" time="0"/>
  <testcase name="test05280" classname="RegressionTest10" time="0"/>
  <testcase name="test05281" classname="RegressionTest10" time="0"/>
  <testcase name="test05282" classname="RegressionTest10" time="0"/>
  <testcase name="test05283" classname="RegressionTest10" time="0"/>
  <testcase name="test05284" classname="RegressionTest10" time="0"/>
  <testcase name="test05285" classname="RegressionTest10" time="0"/>
  <testcase name="test05286" classname="RegressionTest10" time="0"/>
  <testcase name="test05287" classname="RegressionTest10" time="0"/>
  <testcase name="test05288" classname="RegressionTest10" time="0"/>
  <testcase name="test05289" classname="RegressionTest10" time="0"/>
  <testcase name="test05290" classname="RegressionTest10" time="0"/>
  <testcase name="test05291" classname="RegressionTest10" time="0"/>
  <testcase name="test05292" classname="RegressionTest10" time="0"/>
  <testcase name="test05293" classname="RegressionTest10" time="0"/>
  <testcase name="test05294" classname="RegressionTest10" time="0"/>
  <testcase name="test05295" classname="RegressionTest10" time="0"/>
  <testcase name="test05296" classname="RegressionTest10" time="0"/>
  <testcase name="test05297" classname="RegressionTest10" time="0"/>
  <testcase name="test05298" classname="RegressionTest10" time="0"/>
  <testcase name="test05299" classname="RegressionTest10" time="0"/>
  <testcase name="test05300" classname="RegressionTest10" time="0"/>
  <testcase name="test05301" classname="RegressionTest10" time="0"/>
  <testcase name="test05302" classname="RegressionTest10" time="0"/>
  <testcase name="test05303" classname="RegressionTest10" time="0"/>
  <testcase name="test05304" classname="RegressionTest10" time="0"/>
  <testcase name="test05305" classname="RegressionTest10" time="0"/>
  <testcase name="test05306" classname="RegressionTest10" time="0">
    <failure message="&apos;true&apos; != &apos;false&apos; expected:&lt;true&gt; but was:&lt;false&gt;" type="java.lang.AssertionError"><![CDATA[java.lang.AssertionError: 'true' != 'false' expected:<true> but was:<false>
	at RegressionTest10.test05306(RegressionTest10.java:2455)
]]></failure>
  </testcase>
  <testcase name="test05307" classname="RegressionTest10" time="0"/>
  <testcase name="test05308" classname="RegressionTest10" time="0"/>
  <testcase name="test05309" classname="RegressionTest10" time="0"/>
  <testcase name="test05310" classname="RegressionTest10" time="0"/>
  <testcase name="test05311" classname="RegressionTest10" time="0"/>
  <testcase name="test05312" classname="RegressionTest10" time="0"/>
  <testcase name="test05313" classname="RegressionTest10" time="0"/>
  <testcase name="test05314" classname="RegressionTest10" time="0"/>
  <testcase name="test05315" classname="RegressionTest10" time="0">
    <failure message="&apos;true&apos; != &apos;false&apos; expected:&lt;true&gt; but was:&lt;false&gt;" type="java.lang.AssertionError"><![CDATA[java.lang.AssertionError: 'true' != 'false' expected:<true> but was:<false>
	at RegressionTest10.test05315(RegressionTest10.java:2527)
]]></failure>
  </testcase>
  <testcase name="test05316" classname="RegressionTest10" time="0"/>
  <testcase name="test05317" classname="RegressionTest10" time="0"/>
  <testcase name="test05318" classname="RegressionTest10" time="0"/>
  <testcase name="test05319" classname="RegressionTest10" time="0"/>
  <testcase name="test05320" classname="RegressionTest10" time="0"/>
  <testcase name="test05321" classname="RegressionTest10" time="0.001"/>
  <testcase name="test05322" classname="RegressionTest10" time="0"/>
  <testcase name="test05323" classname="RegressionTest10" time="0"/>
  <testcase name="test05324" classname="RegressionTest10" time="0"/>
  <testcase name="test05325" classname="RegressionTest10" time="0"/>
  <testcase name="test05326" classname="RegressionTest10" time="0"/>
  <testcase name="test05327" classname="RegressionTest10" time="0"/>
  <testcase name="test05328" classname="RegressionTest10" time="0"/>
  <testcase name="test05329" classname="RegressionTest10" time="0"/>
  <testcase name="test05330" classname="RegressionTest10" time="0"/>
  <testcase name="test05331" classname="RegressionTest10" time="0"/>
  <testcase name="test05332" classname="RegressionTest10" time="0"/>
  <testcase name="test05333" classname="RegressionTest10" time="0"/>
  <testcase name="test05334" classname="RegressionTest10" time="0"/>
  <testcase name="test05335" classname="RegressionTest10" time="0"/>
  <testcase name="test05336" classname="RegressionTest10" time="0"/>
  <testcase name="test05337" classname="RegressionTest10" time="0"/>
  <testcase name="test05338" classname="RegressionTest10" time="0"/>
  <testcase name="test05339" classname="RegressionTest10" time="0"/>
  <testcase name="test05340" classname="RegressionTest10" time="0"/>
  <testcase name="test05341" classname="RegressionTest10" time="0"/>
  <testcase name="test05342" classname="RegressionTest10" time="0"/>
  <testcase name="test05343" classname="RegressionTest10" time="0"/>
  <testcase name="test05344" classname="RegressionTest10" time="0"/>
  <testcase name="test05345" classname="RegressionTest10" time="0"/>
  <testcase name="test05346" classname="RegressionTest10" time="0"/>
  <testcase name="test05347" classname="RegressionTest10" time="0"/>
  <testcase name="test05348" classname="RegressionTest10" time="0"/>
  <testcase name="test05349" classname="RegressionTest10" time="0"/>
  <testcase name="test05350" classname="RegressionTest10" time="0"/>
  <testcase name="test05351" classname="RegressionTest10" time="0"/>
  <testcase name="test05352" classname="RegressionTest10" time="0"/>
  <testcase name="test05353" classname="RegressionTest10" time="0"/>
  <testcase name="test05354" classname="RegressionTest10" time="0"/>
  <testcase name="test05355" classname="RegressionTest10" time="0"/>
  <testcase name="test05356" classname="RegressionTest10" time="0">
    <failure message="&apos;true&apos; != &apos;false&apos; expected:&lt;true&gt; but was:&lt;false&gt;" type="java.lang.AssertionError"><![CDATA[java.lang.AssertionError: 'true' != 'false' expected:<true> but was:<false>
	at RegressionTest10.test05356(RegressionTest10.java:2855)
]]></failure>
  </testcase>
  <testcase name="test05357" classname="RegressionTest10" time="0"/>
  <testcase name="test05358" classname="RegressionTest10" time="0"/>
  <testcase name="test05359" classname="RegressionTest10" time="0"/>
  <testcase name="test05360" classname="RegressionTest10" time="0.001">
    <failure message="&apos;true&apos; != &apos;false&apos; expected:&lt;true&gt; but was:&lt;false&gt;" type="java.lang.AssertionError"><![CDATA[java.lang.AssertionError: 'true' != 'false' expected:<true> but was:<false>
	at RegressionTest10.test05360(RegressionTest10.java:2887)
]]></failure>
  </testcase>
  <testcase name="test05361" classname="RegressionTest10" time="0"/>
  <testcase name="test05362" classname="RegressionTest10" time="0"/>
  <testcase name="test05363" classname="RegressionTest10" time="0"/>
  <testcase name="test05364" classname="RegressionTest10" time="0"/>
  <testcase name="test05365" classname="RegressionTest10" time="0"/>
  <testcase name="test05366" classname="RegressionTest10" time="0"/>
  <testcase name="test05367" classname="RegressionTest10" time="0"/>
  <testcase name="test05368" classname="RegressionTest10" time="0"/>
  <testcase name="test05369" classname="RegressionTest10" time="0"/>
  <testcase name="test05370" classname="RegressionTest10" time="0"/>
  <testcase name="test05371" classname="RegressionTest10" time="0"/>
  <testcase name="test05372" classname="RegressionTest10" time="0"/>
  <testcase name="test05373" classname="RegressionTest10" time="0"/>
  <testcase name="test05374" classname="RegressionTest10" time="0"/>
  <testcase name="test05375" classname="RegressionTest10" time="0"/>
  <testcase name="test05376" classname="RegressionTest10" time="0"/>
  <testcase name="test05377" classname="RegressionTest10" time="0"/>
  <testcase name="test05378" classname="RegressionTest10" time="0"/>
  <testcase name="test05379" classname="RegressionTest10" time="0"/>
  <testcase name="test05380" classname="RegressionTest10" time="0">
    <failure message="&apos;true&apos; != &apos;false&apos; expected:&lt;true&gt; but was:&lt;false&gt;" type="java.lang.AssertionError"><![CDATA[java.lang.AssertionError: 'true' != 'false' expected:<true> but was:<false>
	at RegressionTest10.test05380(RegressionTest10.java:3047)
]]></failure>
  </testcase>
  <testcase name="test05381" classname="RegressionTest10" time="0"/>
  <testcase name="test05382" classname="RegressionTest10" time="0"/>
  <testcase name="test05383" classname="RegressionTest10" time="0"/>
  <testcase name="test05384" classname="RegressionTest10" time="0"/>
  <testcase name="test05385" classname="RegressionTest10" time="0"/>
  <testcase name="test05386" classname="RegressionTest10" time="0"/>
  <testcase name="test05387" classname="RegressionTest10" time="0"/>
  <testcase name="test05388" classname="RegressionTest10" time="0">
    <failure message="&apos;true&apos; != &apos;false&apos; expected:&lt;true&gt; but was:&lt;false&gt;" type="java.lang.AssertionError"><![CDATA[java.lang.AssertionError: 'true' != 'false' expected:<true> but was:<false>
	at RegressionTest10.test05388(RegressionTest10.java:3111)
]]></failure>
  </testcase>
  <testcase name="test05389" classname="RegressionTest10" time="0"/>
  <testcase name="test05390" classname="RegressionTest10" time="0"/>
  <testcase name="test05391" classname="RegressionTest10" time="0"/>
  <testcase name="test05392" classname="RegressionTest10" time="0"/>
  <testcase name="test05393" classname="RegressionTest10" time="0"/>
  <testcase name="test05394" classname="RegressionTest10" time="0"/>
  <testcase name="test05395" classname="RegressionTest10" time="0"/>
  <testcase name="test05396" classname="RegressionTest10" time="0"/>
  <testcase name="test05397" classname="RegressionTest10" time="0"/>
  <testcase name="test05398" classname="RegressionTest10" time="0"/>
  <testcase name="test05399" classname="RegressionTest10" time="0"/>
  <testcase name="test05400" classname="RegressionTest10" time="0"/>
  <testcase name="test05401" classname="RegressionTest10" time="0"/>
  <testcase name="test05402" classname="RegressionTest10" time="0"/>
  <testcase name="test05403" classname="RegressionTest10" time="0">
    <failure message="&apos;true&apos; != &apos;false&apos; expected:&lt;true&gt; but was:&lt;false&gt;" type="java.lang.AssertionError"><![CDATA[java.lang.AssertionError: 'true' != 'false' expected:<true> but was:<false>
	at RegressionTest10.test05403(RegressionTest10.java:3231)
]]></failure>
  </testcase>
  <testcase name="test05404" classname="RegressionTest10" time="0"/>
  <testcase name="test05405" classname="RegressionTest10" time="0"/>
  <testcase name="test05406" classname="RegressionTest10" time="0"/>
  <testcase name="test05407" classname="RegressionTest10" time="0"/>
  <testcase name="test05408" classname="RegressionTest10" time="0"/>
  <testcase name="test05409" classname="RegressionTest10" time="0"/>
  <testcase name="test05410" classname="RegressionTest10" time="0"/>
  <testcase name="test05411" classname="RegressionTest10" time="0"/>
  <testcase name="test05412" classname="RegressionTest10" time="0"/>
  <testcase name="test05413" classname="RegressionTest10" time="0"/>
  <testcase name="test05414" classname="RegressionTest10" time="0"/>
  <testcase name="test05415" classname="RegressionTest10" time="0"/>
  <testcase name="test05416" classname="RegressionTest10" time="0"/>
  <testcase name="test05417" classname="RegressionTest10" time="0">
    <failure message="&apos;true&apos; != &apos;false&apos; expected:&lt;true&gt; but was:&lt;false&gt;" type="java.lang.AssertionError"><![CDATA[java.lang.AssertionError: 'true' != 'false' expected:<true> but was:<false>
	at RegressionTest10.test05417(RegressionTest10.java:3343)
]]></failure>
  </testcase>
  <testcase name="test05418" classname="RegressionTest10" time="0"/>
  <testcase name="test05419" classname="RegressionTest10" time="0"/>
  <testcase name="test05420" classname="RegressionTest10" time="0"/>
  <testcase name="test05421" classname="RegressionTest10" time="0"/>
  <testcase name="test05422" classname="RegressionTest10" time="0"/>
  <testcase name="test05423" classname="RegressionTest10" time="0"/>
  <testcase name="test05424" classname="RegressionTest10" time="0"/>
  <testcase name="test05425" classname="RegressionTest10" time="0"/>
  <testcase name="test05426" classname="RegressionTest10" time="0"/>
  <testcase name="test05427" classname="RegressionTest10" time="0"/>
  <testcase name="test05428" classname="RegressionTest10" time="0"/>
  <testcase name="test05429" classname="RegressionTest10" time="0"/>
  <testcase name="test05430" classname="RegressionTest10" time="0"/>
  <testcase name="test05431" classname="RegressionTest10" time="0"/>
  <testcase name="test05432" classname="RegressionTest10" time="0"/>
  <testcase name="test05433" classname="RegressionTest10" time="0"/>
  <testcase name="test05434" classname="RegressionTest10" time="0"/>
  <testcase name="test05435" classname="RegressionTest10" time="0"/>
  <testcase name="test05436" classname="RegressionTest10" time="0"/>
  <testcase name="test05437" classname="RegressionTest10" time="0"/>
  <testcase name="test05438" classname="RegressionTest10" time="0"/>
  <testcase name="test05439" classname="RegressionTest10" time="0">
    <failure message="&apos;true&apos; != &apos;false&apos; expected:&lt;true&gt; but was:&lt;false&gt;" type="java.lang.AssertionError"><![CDATA[java.lang.AssertionError: 'true' != 'false' expected:<true> but was:<false>
	at RegressionTest10.test05439(RegressionTest10.java:3519)
]]></failure>
  </testcase>
  <testcase name="test05440" classname="RegressionTest10" time="0.001"/>
  <testcase name="test05441" classname="RegressionTest10" time="0"/>
  <testcase name="test05442" classname="RegressionTest10" time="0"/>
  <testcase name="test05443" classname="RegressionTest10" time="0"/>
  <testcase name="test05444" classname="RegressionTest10" time="0"/>
  <testcase name="test05445" classname="RegressionTest10" time="0"/>
  <testcase name="test05446" classname="RegressionTest10" time="0"/>
  <testcase name="test05447" classname="RegressionTest10" time="0"/>
  <testcase name="test05448" classname="RegressionTest10" time="0"/>
  <testcase name="test05449" classname="RegressionTest10" time="0"/>
  <testcase name="test05450" classname="RegressionTest10" time="0"/>
  <testcase name="test05451" classname="RegressionTest10" time="0"/>
  <testcase name="test05452" classname="RegressionTest10" time="0"/>
  <testcase name="test05453" classname="RegressionTest10" time="0"/>
  <testcase name="test05454" classname="RegressionTest10" time="0"/>
  <testcase name="test05455" classname="RegressionTest10" time="0"/>
  <testcase name="test05456" classname="RegressionTest10" time="0"/>
  <testcase name="test05457" classname="RegressionTest10" time="0"/>
  <testcase name="test05458" classname="RegressionTest10" time="0"/>
  <testcase name="test05459" classname="RegressionTest10" time="0"/>
  <testcase name="test05460" classname="RegressionTest10" time="0"/>
  <testcase name="test05461" classname="RegressionTest10" time="0"/>
  <testcase name="test05462" classname="RegressionTest10" time="0"/>
  <testcase name="test05463" classname="RegressionTest10" time="0"/>
  <testcase name="test05464" classname="RegressionTest10" time="0"/>
  <testcase name="test05465" classname="RegressionTest10" time="0">
    <failure message="&apos;true&apos; != &apos;false&apos; expected:&lt;true&gt; but was:&lt;false&gt;" type="java.lang.AssertionError"><![CDATA[java.lang.AssertionError: 'true' != 'false' expected:<true> but was:<false>
	at RegressionTest10.test05465(RegressionTest10.java:3727)
]]></failure>
  </testcase>
  <testcase name="test05466" classname="RegressionTest10" time="0"/>
  <testcase name="test05467" classname="RegressionTest10" time="0"/>
  <testcase name="test05468" classname="RegressionTest10" time="0">
    <failure message="&apos;true&apos; != &apos;false&apos; expected:&lt;true&gt; but was:&lt;false&gt;" type="java.lang.AssertionError"><![CDATA[java.lang.AssertionError: 'true' != 'false' expected:<true> but was:<false>
	at RegressionTest10.test05468(RegressionTest10.java:3751)
]]></failure>
  </testcase>
  <testcase name="test05469" classname="RegressionTest10" time="0"/>
  <testcase name="test05470" classname="RegressionTest10" time="0"/>
  <testcase name="test05471" classname="RegressionTest10" time="0"/>
  <testcase name="test05472" classname="RegressionTest10" time="0"/>
  <testcase name="test05473" classname="RegressionTest10" time="0"/>
  <testcase name="test05474" classname="RegressionTest10" time="0"/>
  <testcase name="test05475" classname="RegressionTest10" time="0"/>
  <testcase name="test05476" classname="RegressionTest10" time="0"/>
  <testcase name="test05477" classname="RegressionTest10" time="0"/>
  <testcase name="test05478" classname="RegressionTest10" time="0"/>
  <testcase name="test05479" classname="RegressionTest10" time="0"/>
  <testcase name="test05480" classname="RegressionTest10" time="0"/>
  <testcase name="test05481" classname="RegressionTest10" time="0"/>
  <testcase name="test05482" classname="RegressionTest10" time="0"/>
  <testcase name="test05483" classname="RegressionTest10" time="0.001"/>
  <testcase name="test05484" classname="RegressionTest10" time="0"/>
  <testcase name="test05485" classname="RegressionTest10" time="0"/>
  <testcase name="test05486" classname="RegressionTest10" time="0"/>
  <testcase name="test05487" classname="RegressionTest10" time="0"/>
  <testcase name="test05488" classname="RegressionTest10" time="0"/>
  <testcase name="test05489" classname="RegressionTest10" time="0"/>
  <testcase name="test05490" classname="RegressionTest10" time="0"/>
  <testcase name="test05491" classname="RegressionTest10" time="0"/>
  <testcase name="test05492" classname="RegressionTest10" time="0"/>
  <testcase name="test05493" classname="RegressionTest10" time="0"/>
  <testcase name="test05494" classname="RegressionTest10" time="0"/>
  <testcase name="test05495" classname="RegressionTest10" time="0"/>
  <testcase name="test05496" classname="RegressionTest10" time="0"/>
  <testcase name="test05497" classname="RegressionTest10" time="0"/>
  <testcase name="test05498" classname="RegressionTest10" time="0"/>
  <testcase name="test05499" classname="RegressionTest10" time="0">
    <failure message="&apos;true&apos; != &apos;false&apos; expected:&lt;true&gt; but was:&lt;false&gt;" type="java.lang.AssertionError"><![CDATA[java.lang.AssertionError: 'true' != 'false' expected:<true> but was:<false>
	at RegressionTest10.test05499(RegressionTest10.java:3999)
]]></failure>
  </testcase>
  <testcase name="test05500" classname="RegressionTest10" time="0"/>
  <testcase name="test05501" classname="RegressionTest11" time="0"/>
  <testcase name="test05502" classname="RegressionTest11" time="0"/>
  <testcase name="test05503" classname="RegressionTest11" time="0"/>
  <testcase name="test05504" classname="RegressionTest11" time="0"/>
  <testcase name="test05505" classname="RegressionTest11" time="0"/>
  <testcase name="test05506" classname="RegressionTest11" time="0"/>
  <testcase name="test05507" classname="RegressionTest11" time="0"/>
  <testcase name="test05508" classname="RegressionTest11" time="0"/>
  <testcase name="test05509" classname="RegressionTest11" time="0"/>
  <testcase name="test05510" classname="RegressionTest11" time="0"/>
  <testcase name="test05511" classname="RegressionTest11" time="0"/>
  <testcase name="test05512" classname="RegressionTest11" time="0"/>
  <testcase name="test05513" classname="RegressionTest11" time="0"/>
  <testcase name="test05514" classname="RegressionTest11" time="0"/>
  <testcase name="test05515" classname="RegressionTest11" time="0"/>
  <testcase name="test05516" classname="RegressionTest11" time="0"/>
  <testcase name="test05517" classname="RegressionTest11" time="0"/>
  <testcase name="test05518" classname="RegressionTest11" time="0"/>
  <testcase name="test05519" classname="RegressionTest11" time="0"/>
  <testcase name="test05520" classname="RegressionTest11" time="0"/>
  <testcase name="test05521" classname="RegressionTest11" time="0"/>
  <testcase name="test05522" classname="RegressionTest11" time="0">
    <failure message="&apos;true&apos; != &apos;false&apos; expected:&lt;true&gt; but was:&lt;false&gt;" type="java.lang.AssertionError"><![CDATA[java.lang.AssertionError: 'true' != 'false' expected:<true> but was:<false>
	at RegressionTest11.test05522(RegressionTest11.java:183)
]]></failure>
  </testcase>
  <testcase name="test05523" classname="RegressionTest11" time="0"/>
  <testcase name="test05524" classname="RegressionTest11" time="0"/>
  <testcase name="test05525" classname="RegressionTest11" time="0"/>
  <testcase name="test05526" classname="RegressionTest11" time="0"/>
  <testcase name="test05527" classname="RegressionTest11" time="0"/>
  <testcase name="test05528" classname="RegressionTest11" time="0"/>
  <testcase name="test05529" classname="RegressionTest11" time="0"/>
  <testcase name="test05530" classname="RegressionTest11" time="0"/>
  <testcase name="test05531" classname="RegressionTest11" time="0"/>
  <testcase name="test05532" classname="RegressionTest11" time="0"/>
  <testcase name="test05533" classname="RegressionTest11" time="0"/>
  <testcase name="test05534" classname="RegressionTest11" time="0"/>
  <testcase name="test05535" classname="RegressionTest11" time="0"/>
  <testcase name="test05536" classname="RegressionTest11" time="0"/>
  <testcase name="test05537" classname="RegressionTest11" time="0"/>
  <testcase name="test05538" classname="RegressionTest11" time="0"/>
  <testcase name="test05539" classname="RegressionTest11" time="0">
    <failure message="&apos;true&apos; != &apos;false&apos; expected:&lt;true&gt; but was:&lt;false&gt;" type="java.lang.AssertionError"><![CDATA[java.lang.AssertionError: 'true' != 'false' expected:<true> but was:<false>
	at RegressionTest11.test05539(RegressionTest11.java:319)
]]></failure>
  </testcase>
  <testcase name="test05540" classname="RegressionTest11" time="0"/>
  <testcase name="test05541" classname="RegressionTest11" time="0"/>
  <testcase name="test05542" classname="RegressionTest11" time="0"/>
  <testcase name="test05543" classname="RegressionTest11" time="0"/>
  <testcase name="test05544" classname="RegressionTest11" time="0"/>
  <testcase name="test05545" classname="RegressionTest11" time="0"/>
  <testcase name="test05546" classname="RegressionTest11" time="0"/>
  <testcase name="test05547" classname="RegressionTest11" time="0"/>
  <testcase name="test05548" classname="RegressionTest11" time="0"/>
  <testcase name="test05549" classname="RegressionTest11" time="0"/>
  <testcase name="test05550" classname="RegressionTest11" time="0"/>
  <testcase name="test05551" classname="RegressionTest11" time="0">
    <failure message="&apos;true&apos; != &apos;false&apos; expected:&lt;true&gt; but was:&lt;false&gt;" type="java.lang.AssertionError"><![CDATA[java.lang.AssertionError: 'true' != 'false' expected:<true> but was:<false>
	at RegressionTest11.test05551(RegressionTest11.java:415)
]]></failure>
  </testcase>
  <testcase name="test05552" classname="RegressionTest11" time="0"/>
  <testcase name="test05553" classname="RegressionTest11" time="0.001"/>
  <testcase name="test05554" classname="RegressionTest11" time="0">
    <failure message="&apos;true&apos; != &apos;false&apos; expected:&lt;true&gt; but was:&lt;false&gt;" type="java.lang.AssertionError"><![CDATA[java.lang.AssertionError: 'true' != 'false' expected:<true> but was:<false>
	at RegressionTest11.test05554(RegressionTest11.java:439)
]]></failure>
  </testcase>
  <testcase name="test05555" classname="RegressionTest11" time="0"/>
  <testcase name="test05556" classname="RegressionTest11" time="0"/>
  <testcase name="test05557" classname="RegressionTest11" time="0"/>
  <testcase name="test05558" classname="RegressionTest11" time="0"/>
  <testcase name="test05559" classname="RegressionTest11" time="0">
    <failure message="&apos;true&apos; != &apos;false&apos; expected:&lt;true&gt; but was:&lt;false&gt;" type="java.lang.AssertionError"><![CDATA[java.lang.AssertionError: 'true' != 'false' expected:<true> but was:<false>
	at RegressionTest11.test05559(RegressionTest11.java:479)
]]></failure>
  </testcase>
  <testcase name="test05560" classname="RegressionTest11" time="0">
    <failure message="&apos;true&apos; != &apos;false&apos; expected:&lt;true&gt; but was:&lt;false&gt;" type="java.lang.AssertionError"><![CDATA[java.lang.AssertionError: 'true' != 'false' expected:<true> but was:<false>
	at RegressionTest11.test05560(RegressionTest11.java:487)
]]></failure>
  </testcase>
  <testcase name="test05561" classname="RegressionTest11" time="0"/>
  <testcase name="test05562" classname="RegressionTest11" time="0"/>
  <testcase name="test05563" classname="RegressionTest11" time="0"/>
  <testcase name="test05564" classname="RegressionTest11" time="0"/>
  <testcase name="test05565" classname="RegressionTest11" time="0"/>
  <testcase name="test05566" classname="RegressionTest11" time="0"/>
  <testcase name="test05567" classname="RegressionTest11" time="0"/>
  <testcase name="test05568" classname="RegressionTest11" time="0"/>
  <testcase name="test05569" classname="RegressionTest11" time="0"/>
  <testcase name="test05570" classname="RegressionTest11" time="0"/>
  <testcase name="test05571" classname="RegressionTest11" time="0"/>
  <testcase name="test05572" classname="RegressionTest11" time="0"/>
  <testcase name="test05573" classname="RegressionTest11" time="0"/>
  <testcase name="test05574" classname="RegressionTest11" time="0"/>
  <testcase name="test05575" classname="RegressionTest11" time="0"/>
  <testcase name="test05576" classname="RegressionTest11" time="0"/>
  <testcase name="test05577" classname="RegressionTest11" time="0"/>
  <testcase name="test05578" classname="RegressionTest11" time="0"/>
  <testcase name="test05579" classname="RegressionTest11" time="0"/>
  <testcase name="test05580" classname="RegressionTest11" time="0"/>
  <testcase name="test05581" classname="RegressionTest11" time="0"/>
  <testcase name="test05582" classname="RegressionTest11" time="0"/>
  <testcase name="test05583" classname="RegressionTest11" time="0"/>
  <testcase name="test05584" classname="RegressionTest11" time="0"/>
  <testcase name="test05585" classname="RegressionTest11" time="0"/>
  <testcase name="test05586" classname="RegressionTest11" time="0"/>
  <testcase name="test05587" classname="RegressionTest11" time="0"/>
  <testcase name="test05588" classname="RegressionTest11" time="0"/>
  <testcase name="test05589" classname="RegressionTest11" time="0"/>
  <testcase name="test05590" classname="RegressionTest11" time="0"/>
  <testcase name="test05591" classname="RegressionTest11" time="0"/>
  <testcase name="test05592" classname="RegressionTest11" time="0"/>
  <testcase name="test05593" classname="RegressionTest11" time="0"/>
  <testcase name="test05594" classname="RegressionTest11" time="0"/>
  <testcase name="test05595" classname="RegressionTest11" time="0"/>
  <testcase name="test05596" classname="RegressionTest11" time="0.001"/>
  <testcase name="test05597" classname="RegressionTest11" time="0"/>
  <testcase name="test05598" classname="RegressionTest11" time="0"/>
  <testcase name="test05599" classname="RegressionTest11" time="0">
    <failure message="&apos;true&apos; != &apos;false&apos; expected:&lt;true&gt; but was:&lt;false&gt;" type="java.lang.AssertionError"><![CDATA[java.lang.AssertionError: 'true' != 'false' expected:<true> but was:<false>
	at RegressionTest11.test05599(RegressionTest11.java:799)
]]></failure>
  </testcase>
  <testcase name="test05600" classname="RegressionTest11" time="0"/>
  <testcase name="test05601" classname="RegressionTest11" time="0"/>
  <testcase name="test05602" classname="RegressionTest11" time="0"/>
  <testcase name="test05603" classname="RegressionTest11" time="0"/>
  <testcase name="test05604" classname="RegressionTest11" time="0"/>
  <testcase name="test05605" classname="RegressionTest11" time="0"/>
  <testcase name="test05606" classname="RegressionTest11" time="0"/>
  <testcase name="test05607" classname="RegressionTest11" time="0"/>
  <testcase name="test05608" classname="RegressionTest11" time="0">
    <failure message="&apos;true&apos; != &apos;false&apos; expected:&lt;true&gt; but was:&lt;false&gt;" type="java.lang.AssertionError"><![CDATA[java.lang.AssertionError: 'true' != 'false' expected:<true> but was:<false>
	at RegressionTest11.test05608(RegressionTest11.java:871)
]]></failure>
  </testcase>
  <testcase name="test05609" classname="RegressionTest11" time="0"/>
  <testcase name="test05610" classname="RegressionTest11" time="0"/>
  <testcase name="test05611" classname="RegressionTest11" time="0"/>
  <testcase name="test05612" classname="RegressionTest11" time="0"/>
  <testcase name="test05613" classname="RegressionTest11" time="0"/>
  <testcase name="test05614" classname="RegressionTest11" time="0"/>
  <testcase name="test05615" classname="RegressionTest11" time="0"/>
  <testcase name="test05616" classname="RegressionTest11" time="0">
    <failure message="&apos;true&apos; != &apos;false&apos; expected:&lt;true&gt; but was:&lt;false&gt;" type="java.lang.AssertionError"><![CDATA[java.lang.AssertionError: 'true' != 'false' expected:<true> but was:<false>
	at RegressionTest11.test05616(RegressionTest11.java:935)
]]></failure>
  </testcase>
  <testcase name="test05617" classname="RegressionTest11" time="0"/>
  <testcase name="test05618" classname="RegressionTest11" time="0"/>
  <testcase name="test05619" classname="RegressionTest11" time="0"/>
  <testcase name="test05620" classname="RegressionTest11" time="0"/>
  <testcase name="test05621" classname="RegressionTest11" time="0"/>
  <testcase name="test05622" classname="RegressionTest11" time="0"/>
  <testcase name="test05623" classname="RegressionTest11" time="0"/>
  <testcase name="test05624" classname="RegressionTest11" time="0"/>
  <testcase name="test05625" classname="RegressionTest11" time="0"/>
  <testcase name="test05626" classname="RegressionTest11" time="0">
    <failure message="&apos;true&apos; != &apos;false&apos; expected:&lt;true&gt; but was:&lt;false&gt;" type="java.lang.AssertionError"><![CDATA[java.lang.AssertionError: 'true' != 'false' expected:<true> but was:<false>
	at RegressionTest11.test05626(RegressionTest11.java:1015)
]]></failure>
  </testcase>
  <testcase name="test05627" classname="RegressionTest11" time="0"/>
  <testcase name="test05628" classname="RegressionTest11" time="0"/>
  <testcase name="test05629" classname="RegressionTest11" time="0"/>
  <testcase name="test05630" classname="RegressionTest11" time="0">
    <failure message="&apos;true&apos; != &apos;false&apos; expected:&lt;true&gt; but was:&lt;false&gt;" type="java.lang.AssertionError"><![CDATA[java.lang.AssertionError: 'true' != 'false' expected:<true> but was:<false>
	at RegressionTest11.test05630(RegressionTest11.java:1047)
]]></failure>
  </testcase>
  <testcase name="test05631" classname="RegressionTest11" time="0"/>
  <testcase name="test05632" classname="RegressionTest11" time="0"/>
  <testcase name="test05633" classname="RegressionTest11" time="0"/>
  <testcase name="test05634" classname="RegressionTest11" time="0"/>
  <testcase name="test05635" classname="RegressionTest11" time="0"/>
  <testcase name="test05636" classname="RegressionTest11" time="0.001"/>
  <testcase name="test05637" classname="RegressionTest11" time="0"/>
  <testcase name="test05638" classname="RegressionTest11" time="0"/>
  <testcase name="test05639" classname="RegressionTest11" time="0"/>
  <testcase name="test05640" classname="RegressionTest11" time="0"/>
  <testcase name="test05641" classname="RegressionTest11" time="0"/>
  <testcase name="test05642" classname="RegressionTest11" time="0"/>
  <testcase name="test05643" classname="RegressionTest11" time="0"/>
  <testcase name="test05644" classname="RegressionTest11" time="0"/>
  <testcase name="test05645" classname="RegressionTest11" time="0"/>
  <testcase name="test05646" classname="RegressionTest11" time="0">
    <failure message="&apos;true&apos; != &apos;false&apos; expected:&lt;true&gt; but was:&lt;false&gt;" type="java.lang.AssertionError"><![CDATA[java.lang.AssertionError: 'true' != 'false' expected:<true> but was:<false>
	at RegressionTest11.test05646(RegressionTest11.java:1175)
]]></failure>
  </testcase>
  <testcase name="test05647" classname="RegressionTest11" time="0"/>
  <testcase name="test05648" classname="RegressionTest11" time="0">
    <failure message="&apos;true&apos; != &apos;false&apos; expected:&lt;true&gt; but was:&lt;false&gt;" type="java.lang.AssertionError"><![CDATA[java.lang.AssertionError: 'true' != 'false' expected:<true> but was:<false>
	at RegressionTest11.test05648(RegressionTest11.java:1191)
]]></failure>
  </testcase>
  <testcase name="test05649" classname="RegressionTest11" time="0"/>
  <testcase name="test05650" classname="RegressionTest11" time="0"/>
  <testcase name="test05651" classname="RegressionTest11" time="0"/>
  <testcase name="test05652" classname="RegressionTest11" time="0"/>
  <testcase name="test05653" classname="RegressionTest11" time="0"/>
  <testcase name="test05654" classname="RegressionTest11" time="0"/>
  <testcase name="test05655" classname="RegressionTest11" time="0"/>
  <testcase name="test05656" classname="RegressionTest11" time="0">
    <failure message="&apos;true&apos; != &apos;false&apos; expected:&lt;true&gt; but was:&lt;false&gt;" type="java.lang.AssertionError"><![CDATA[java.lang.AssertionError: 'true' != 'false' expected:<true> but was:<false>
	at RegressionTest11.test05656(RegressionTest11.java:1255)
]]></failure>
  </testcase>
  <testcase name="test05657" classname="RegressionTest11" time="0"/>
  <testcase name="test05658" classname="RegressionTest11" time="0">
    <failure message="&apos;true&apos; != &apos;false&apos; expected:&lt;true&gt; but was:&lt;false&gt;" type="java.lang.AssertionError"><![CDATA[java.lang.AssertionError: 'true' != 'false' expected:<true> but was:<false>
	at RegressionTest11.test05658(RegressionTest11.java:1271)
]]></failure>
  </testcase>
  <testcase name="test05659" classname="RegressionTest11" time="0"/>
  <testcase name="test05660" classname="RegressionTest11" time="0"/>
  <testcase name="test05661" classname="RegressionTest11" time="0"/>
  <testcase name="test05662" classname="RegressionTest11" time="0"/>
  <testcase name="test05663" classname="RegressionTest11" time="0"/>
  <testcase name="test05664" classname="RegressionTest11" time="0"/>
  <testcase name="test05665" classname="RegressionTest11" time="0"/>
  <testcase name="test05666" classname="RegressionTest11" time="0"/>
  <testcase name="test05667" classname="RegressionTest11" time="0"/>
  <testcase name="test05668" classname="RegressionTest11" time="0"/>
  <testcase name="test05669" classname="RegressionTest11" time="0"/>
  <testcase name="test05670" classname="RegressionTest11" time="0"/>
  <testcase name="test05671" classname="RegressionTest11" time="0.001"/>
  <testcase name="test05672" classname="RegressionTest11" time="0"/>
  <testcase name="test05673" classname="RegressionTest11" time="0"/>
  <testcase name="test05674" classname="RegressionTest11" time="0"/>
  <testcase name="test05675" classname="RegressionTest11" time="0"/>
  <testcase name="test05676" classname="RegressionTest11" time="0"/>
  <testcase name="test05677" classname="RegressionTest11" time="0"/>
  <testcase name="test05678" classname="RegressionTest11" time="0"/>
  <testcase name="test05679" classname="RegressionTest11" time="0">
    <failure message="&apos;true&apos; != &apos;false&apos; expected:&lt;true&gt; but was:&lt;false&gt;" type="java.lang.AssertionError"><![CDATA[java.lang.AssertionError: 'true' != 'false' expected:<true> but was:<false>
	at RegressionTest11.test05679(RegressionTest11.java:1439)
]]></failure>
  </testcase>
  <testcase name="test05680" classname="RegressionTest11" time="0"/>
  <testcase name="test05681" classname="RegressionTest11" time="0"/>
  <testcase name="test05682" classname="RegressionTest11" time="0"/>
  <testcase name="test05683" classname="RegressionTest11" time="0"/>
  <testcase name="test05684" classname="RegressionTest11" time="0"/>
  <testcase name="test05685" classname="RegressionTest11" time="0"/>
  <testcase name="test05686" classname="RegressionTest11" time="0"/>
  <testcase name="test05687" classname="RegressionTest11" time="0"/>
  <testcase name="test05688" classname="RegressionTest11" time="0"/>
  <testcase name="test05689" classname="RegressionTest11" time="0"/>
  <testcase name="test05690" classname="RegressionTest11" time="0"/>
  <testcase name="test05691" classname="RegressionTest11" time="0"/>
  <testcase name="test05692" classname="RegressionTest11" time="0"/>
  <testcase name="test05693" classname="RegressionTest11" time="0"/>
  <testcase name="test05694" classname="RegressionTest11" time="0"/>
  <testcase name="test05695" classname="RegressionTest11" time="0"/>
  <testcase name="test05696" classname="RegressionTest11" time="0">
    <failure message="&apos;true&apos; != &apos;false&apos; expected:&lt;true&gt; but was:&lt;false&gt;" type="java.lang.AssertionError"><![CDATA[java.lang.AssertionError: 'true' != 'false' expected:<true> but was:<false>
	at RegressionTest11.test05696(RegressionTest11.java:1575)
]]></failure>
  </testcase>
  <testcase name="test05697" classname="RegressionTest11" time="0"/>
  <testcase name="test05698" classname="RegressionTest11" time="0"/>
  <testcase name="test05699" classname="RegressionTest11" time="0"/>
  <testcase name="test05700" classname="RegressionTest11" time="0"/>
  <testcase name="test05701" classname="RegressionTest11" time="0"/>
  <testcase name="test05702" classname="RegressionTest11" time="0"/>
  <testcase name="test05703" classname="RegressionTest11" time="0"/>
  <testcase name="test05704" classname="RegressionTest11" time="0"/>
  <testcase name="test05705" classname="RegressionTest11" time="0"/>
  <testcase name="test05706" classname="RegressionTest11" time="0">
    <failure message="&apos;true&apos; != &apos;false&apos; expected:&lt;true&gt; but was:&lt;false&gt;" type="java.lang.AssertionError"><![CDATA[java.lang.AssertionError: 'true' != 'false' expected:<true> but was:<false>
	at RegressionTest11.test05706(RegressionTest11.java:1655)
]]></failure>
  </testcase>
  <testcase name="test05707" classname="RegressionTest11" time="0"/>
  <testcase name="test05708" classname="RegressionTest11" time="0"/>
  <testcase name="test05709" classname="RegressionTest11" time="0"/>
  <testcase name="test05710" classname="RegressionTest11" time="0"/>
  <testcase name="test05711" classname="RegressionTest11" time="0"/>
  <testcase name="test05712" classname="RegressionTest11" time="0"/>
  <testcase name="test05713" classname="RegressionTest11" time="0.001">
    <failure message="&apos;true&apos; != &apos;false&apos; expected:&lt;true&gt; but was:&lt;false&gt;" type="java.lang.AssertionError"><![CDATA[java.lang.AssertionError: 'true' != 'false' expected:<true> but was:<false>
	at RegressionTest11.test05713(RegressionTest11.java:1711)
]]></failure>
  </testcase>
  <testcase name="test05714" classname="RegressionTest11" time="0">
    <failure message="&apos;true&apos; != &apos;false&apos; expected:&lt;true&gt; but was:&lt;false&gt;" type="java.lang.AssertionError"><![CDATA[java.lang.AssertionError: 'true' != 'false' expected:<true> but was:<false>
	at RegressionTest11.test05714(RegressionTest11.java:1719)
]]></failure>
  </testcase>
  <testcase name="test05715" classname="RegressionTest11" time="0"/>
  <testcase name="test05716" classname="RegressionTest11" time="0"/>
  <testcase name="test05717" classname="RegressionTest11" time="0"/>
  <testcase name="test05718" classname="RegressionTest11" time="0"/>
  <testcase name="test05719" classname="RegressionTest11" time="0"/>
  <testcase name="test05720" classname="RegressionTest11" time="0"/>
  <testcase name="test05721" classname="RegressionTest11" time="0"/>
  <testcase name="test05722" classname="RegressionTest11" time="0">
    <failure message="&apos;true&apos; != &apos;false&apos; expected:&lt;true&gt; but was:&lt;false&gt;" type="java.lang.AssertionError"><![CDATA[java.lang.AssertionError: 'true' != 'false' expected:<true> but was:<false>
	at RegressionTest11.test05722(RegressionTest11.java:1783)
]]></failure>
  </testcase>
  <testcase name="test05723" classname="RegressionTest11" time="0"/>
  <testcase name="test05724" classname="RegressionTest11" time="0"/>
  <testcase name="test05725" classname="RegressionTest11" time="0"/>
  <testcase name="test05726" classname="RegressionTest11" time="0"/>
  <testcase name="test05727" classname="RegressionTest11" time="0"/>
  <testcase name="test05728" classname="RegressionTest11" time="0"/>
  <testcase name="test05729" classname="RegressionTest11" time="0"/>
  <testcase name="test05730" classname="RegressionTest11" time="0"/>
  <testcase name="test05731" classname="RegressionTest11" time="0"/>
  <testcase name="test05732" classname="RegressionTest11" time="0"/>
  <testcase name="test05733" classname="RegressionTest11" time="0"/>
  <testcase name="test05734" classname="RegressionTest11" time="0"/>
  <testcase name="test05735" classname="RegressionTest11" time="0"/>
  <testcase name="test05736" classname="RegressionTest11" time="0"/>
  <testcase name="test05737" classname="RegressionTest11" time="0"/>
  <testcase name="test05738" classname="RegressionTest11" time="0">
    <failure message="&apos;true&apos; != &apos;false&apos; expected:&lt;true&gt; but was:&lt;false&gt;" type="java.lang.AssertionError"><![CDATA[java.lang.AssertionError: 'true' != 'false' expected:<true> but was:<false>
	at RegressionTest11.test05738(RegressionTest11.java:1911)
]]></failure>
  </testcase>
  <testcase name="test05739" classname="RegressionTest11" time="0"/>
  <testcase name="test05740" classname="RegressionTest11" time="0"/>
  <testcase name="test05741" classname="RegressionTest11" time="0"/>
  <testcase name="test05742" classname="RegressionTest11" time="0"/>
  <testcase name="test05743" classname="RegressionTest11" time="0"/>
  <testcase name="test05744" classname="RegressionTest11" time="0"/>
  <testcase name="test05745" classname="RegressionTest11" time="0"/>
  <testcase name="test05746" classname="RegressionTest11" time="0"/>
  <testcase name="test05747" classname="RegressionTest11" time="0"/>
  <testcase name="test05748" classname="RegressionTest11" time="0"/>
  <testcase name="test05749" classname="RegressionTest11" time="0"/>
  <testcase name="test05750" classname="RegressionTest11" time="0"/>
  <testcase name="test05751" classname="RegressionTest11" time="0"/>
  <testcase name="test05752" classname="RegressionTest11" time="0"/>
  <testcase name="test05753" classname="RegressionTest11" time="0"/>
  <testcase name="test05754" classname="RegressionTest11" time="0"/>
  <testcase name="test05755" classname="RegressionTest11" time="0"/>
  <testcase name="test05756" classname="RegressionTest11" time="0.001"/>
  <testcase name="test05757" classname="RegressionTest11" time="0"/>
  <testcase name="test05758" classname="RegressionTest11" time="0"/>
  <testcase name="test05759" classname="RegressionTest11" time="0"/>
  <testcase name="test05760" classname="RegressionTest11" time="0"/>
  <testcase name="test05761" classname="RegressionTest11" time="0">
    <failure message="&apos;true&apos; != &apos;false&apos; expected:&lt;true&gt; but was:&lt;false&gt;" type="java.lang.AssertionError"><![CDATA[java.lang.AssertionError: 'true' != 'false' expected:<true> but was:<false>
	at RegressionTest11.test05761(RegressionTest11.java:2095)
]]></failure>
  </testcase>
  <testcase name="test05762" classname="RegressionTest11" time="0">
    <failure message="&apos;true&apos; != &apos;false&apos; expected:&lt;true&gt; but was:&lt;false&gt;" type="java.lang.AssertionError"><![CDATA[java.lang.AssertionError: 'true' != 'false' expected:<true> but was:<false>
	at RegressionTest11.test05762(RegressionTest11.java:2103)
]]></failure>
  </testcase>
  <testcase name="test05763" classname="RegressionTest11" time="0"/>
  <testcase name="test05764" classname="RegressionTest11" time="0"/>
  <testcase name="test05765" classname="RegressionTest11" time="0"/>
  <testcase name="test05766" classname="RegressionTest11" time="0">
    <failure message="&apos;true&apos; != &apos;false&apos; expected:&lt;true&gt; but was:&lt;false&gt;" type="java.lang.AssertionError"><![CDATA[java.lang.AssertionError: 'true' != 'false' expected:<true> but was:<false>
	at RegressionTest11.test05766(RegressionTest11.java:2135)
]]></failure>
  </testcase>
  <testcase name="test05767" classname="RegressionTest11" time="0"/>
  <testcase name="test05768" classname="RegressionTest11" time="0"/>
  <testcase name="test05769" classname="RegressionTest11" time="0"/>
  <testcase name="test05770" classname="RegressionTest11" time="0"/>
  <testcase name="test05771" classname="RegressionTest11" time="0">
    <failure message="&apos;true&apos; != &apos;false&apos; expected:&lt;true&gt; but was:&lt;false&gt;" type="java.lang.AssertionError"><![CDATA[java.lang.AssertionError: 'true' != 'false' expected:<true> but was:<false>
	at RegressionTest11.test05771(RegressionTest11.java:2175)
]]></failure>
  </testcase>
  <testcase name="test05772" classname="RegressionTest11" time="0"/>
  <testcase name="test05773" classname="RegressionTest11" time="0"/>
  <testcase name="test05774" classname="RegressionTest11" time="0"/>
  <testcase name="test05775" classname="RegressionTest11" time="0"/>
  <testcase name="test05776" classname="RegressionTest11" time="0"/>
  <testcase name="test05777" classname="RegressionTest11" time="0"/>
  <testcase name="test05778" classname="RegressionTest11" time="0"/>
  <testcase name="test05779" classname="RegressionTest11" time="0"/>
  <testcase name="test05780" classname="RegressionTest11" time="0"/>
  <testcase name="test05781" classname="RegressionTest11" time="0"/>
  <testcase name="test05782" classname="RegressionTest11" time="0"/>
  <testcase name="test05783" classname="RegressionTest11" time="0"/>
  <testcase name="test05784" classname="RegressionTest11" time="0"/>
  <testcase name="test05785" classname="RegressionTest11" time="0.001"/>
  <testcase name="test05786" classname="RegressionTest11" time="0"/>
  <testcase name="test05787" classname="RegressionTest11" time="0"/>
  <testcase name="test05788" classname="RegressionTest11" time="0"/>
  <testcase name="test05789" classname="RegressionTest11" time="0"/>
  <testcase name="test05790" classname="RegressionTest11" time="0"/>
  <testcase name="test05791" classname="RegressionTest11" time="0"/>
  <testcase name="test05792" classname="RegressionTest11" time="0"/>
  <testcase name="test05793" classname="RegressionTest11" time="0"/>
  <testcase name="test05794" classname="RegressionTest11" time="0"/>
  <testcase name="test05795" classname="RegressionTest11" time="0"/>
  <testcase name="test05796" classname="RegressionTest11" time="0"/>
  <testcase name="test05797" classname="RegressionTest11" time="0"/>
  <testcase name="test05798" classname="RegressionTest11" time="0"/>
  <testcase name="test05799" classname="RegressionTest11" time="0"/>
  <testcase name="test05800" classname="RegressionTest11" time="0"/>
  <testcase name="test05801" classname="RegressionTest11" time="0"/>
  <testcase name="test05802" classname="RegressionTest11" time="0"/>
  <testcase name="test05803" classname="RegressionTest11" time="0"/>
  <testcase name="test05804" classname="RegressionTest11" time="0"/>
  <testcase name="test05805" classname="RegressionTest11" time="0"/>
  <testcase name="test05806" classname="RegressionTest11" time="0"/>
  <testcase name="test05807" classname="RegressionTest11" time="0"/>
  <testcase name="test05808" classname="RegressionTest11" time="0"/>
  <testcase name="test05809" classname="RegressionTest11" time="0">
    <failure message="&apos;true&apos; != &apos;false&apos; expected:&lt;true&gt; but was:&lt;false&gt;" type="java.lang.AssertionError"><![CDATA[java.lang.AssertionError: 'true' != 'false' expected:<true> but was:<false>
	at RegressionTest11.test05809(RegressionTest11.java:2479)
]]></failure>
  </testcase>
  <testcase name="test05810" classname="RegressionTest11" time="0"/>
  <testcase name="test05811" classname="RegressionTest11" time="0"/>
  <testcase name="test05812" classname="RegressionTest11" time="0"/>
  <testcase name="test05813" classname="RegressionTest11" time="0"/>
  <testcase name="test05814" classname="RegressionTest11" time="0"/>
  <testcase name="test05815" classname="RegressionTest11" time="0"/>
  <testcase name="test05816" classname="RegressionTest11" time="0"/>
  <testcase name="test05817" classname="RegressionTest11" time="0"/>
  <testcase name="test05818" classname="RegressionTest11" time="0"/>
  <testcase name="test05819" classname="RegressionTest11" time="0">
    <failure message="&apos;true&apos; != &apos;false&apos; expected:&lt;true&gt; but was:&lt;false&gt;" type="java.lang.AssertionError"><![CDATA[java.lang.AssertionError: 'true' != 'false' expected:<true> but was:<false>
	at RegressionTest11.test05819(RegressionTest11.java:2559)
]]></failure>
  </testcase>
  <testcase name="test05820" classname="RegressionTest11" time="0"/>
  <testcase name="test05821" classname="RegressionTest11" time="0"/>
  <testcase name="test05822" classname="RegressionTest11" time="0"/>
  <testcase name="test05823" classname="RegressionTest11" time="0"/>
  <testcase name="test05824" classname="RegressionTest11" time="0">
    <failure message="&apos;true&apos; != &apos;false&apos; expected:&lt;true&gt; but was:&lt;false&gt;" type="java.lang.AssertionError"><![CDATA[java.lang.AssertionError: 'true' != 'false' expected:<true> but was:<false>
	at RegressionTest11.test05824(RegressionTest11.java:2599)
]]></failure>
  </testcase>
  <testcase name="test05825" classname="RegressionTest11" time="0"/>
  <testcase name="test05826" classname="RegressionTest11" time="0"/>
  <testcase name="test05827" classname="RegressionTest11" time="0"/>
  <testcase name="test05828" classname="RegressionTest11" time="0"/>
  <testcase name="test05829" classname="RegressionTest11" time="0"/>
  <testcase name="test05830" classname="RegressionTest11" time="0"/>
  <testcase name="test05831" classname="RegressionTest11" time="0.001"/>
  <testcase name="test05832" classname="RegressionTest11" time="0"/>
  <testcase name="test05833" classname="RegressionTest11" time="0"/>
  <testcase name="test05834" classname="RegressionTest11" time="0"/>
  <testcase name="test05835" classname="RegressionTest11" time="0">
    <failure message="&apos;true&apos; != &apos;false&apos; expected:&lt;true&gt; but was:&lt;false&gt;" type="java.lang.AssertionError"><![CDATA[java.lang.AssertionError: 'true' != 'false' expected:<true> but was:<false>
	at RegressionTest11.test05835(RegressionTest11.java:2687)
]]></failure>
  </testcase>
  <testcase name="test05836" classname="RegressionTest11" time="0"/>
  <testcase name="test05837" classname="RegressionTest11" time="0"/>
  <testcase name="test05838" classname="RegressionTest11" time="0"/>
  <testcase name="test05839" classname="RegressionTest11" time="0"/>
  <testcase name="test05840" classname="RegressionTest11" time="0"/>
  <testcase name="test05841" classname="RegressionTest11" time="0">
    <failure message="&apos;true&apos; != &apos;false&apos; expected:&lt;true&gt; but was:&lt;false&gt;" type="java.lang.AssertionError"><![CDATA[java.lang.AssertionError: 'true' != 'false' expected:<true> but was:<false>
	at RegressionTest11.test05841(RegressionTest11.java:2735)
]]></failure>
  </testcase>
  <testcase name="test05842" classname="RegressionTest11" time="0"/>
  <testcase name="test05843" classname="RegressionTest11" time="0"/>
  <testcase name="test05844" classname="RegressionTest11" time="0"/>
  <testcase name="test05845" classname="RegressionTest11" time="0"/>
  <testcase name="test05846" classname="RegressionTest11" time="0"/>
  <testcase name="test05847" classname="RegressionTest11" time="0"/>
  <testcase name="test05848" classname="RegressionTest11" time="0"/>
  <testcase name="test05849" classname="RegressionTest11" time="0"/>
  <testcase name="test05850" classname="RegressionTest11" time="0"/>
  <testcase name="test05851" classname="RegressionTest11" time="0"/>
  <testcase name="test05852" classname="RegressionTest11" time="0"/>
  <testcase name="test05853" classname="RegressionTest11" time="0"/>
  <testcase name="test05854" classname="RegressionTest11" time="0">
    <failure message="&apos;true&apos; != &apos;false&apos; expected:&lt;true&gt; but was:&lt;false&gt;" type="java.lang.AssertionError"><![CDATA[java.lang.AssertionError: 'true' != 'false' expected:<true> but was:<false>
	at RegressionTest11.test05854(RegressionTest11.java:2839)
]]></failure>
  </testcase>
  <testcase name="test05855" classname="RegressionTest11" time="0"/>
  <testcase name="test05856" classname="RegressionTest11" time="0"/>
  <testcase name="test05857" classname="RegressionTest11" time="0"/>
  <testcase name="test05858" classname="RegressionTest11" time="0"/>
  <testcase name="test05859" classname="RegressionTest11" time="0"/>
  <testcase name="test05860" classname="RegressionTest11" time="0"/>
  <testcase name="test05861" classname="RegressionTest11" time="0"/>
  <testcase name="test05862" classname="RegressionTest11" time="0"/>
  <testcase name="test05863" classname="RegressionTest11" time="0"/>
  <testcase name="test05864" classname="RegressionTest11" time="0"/>
  <testcase name="test05865" classname="RegressionTest11" time="0"/>
  <testcase name="test05866" classname="RegressionTest11" time="0"/>
  <testcase name="test05867" classname="RegressionTest11" time="0"/>
  <testcase name="test05868" classname="RegressionTest11" time="0"/>
  <testcase name="test05869" classname="RegressionTest11" time="0"/>
  <testcase name="test05870" classname="RegressionTest11" time="0"/>
  <testcase name="test05871" classname="RegressionTest11" time="0"/>
  <testcase name="test05872" classname="RegressionTest11" time="0"/>
  <testcase name="test05873" classname="RegressionTest11" time="0"/>
  <testcase name="test05874" classname="RegressionTest11" time="0"/>
  <testcase name="test05875" classname="RegressionTest11" time="0.001"/>
  <testcase name="test05876" classname="RegressionTest11" time="0"/>
  <testcase name="test05877" classname="RegressionTest11" time="0"/>
  <testcase name="test05878" classname="RegressionTest11" time="0"/>
  <testcase name="test05879" classname="RegressionTest11" time="0"/>
  <testcase name="test05880" classname="RegressionTest11" time="0"/>
  <testcase name="test05881" classname="RegressionTest11" time="0"/>
  <testcase name="test05882" classname="RegressionTest11" time="0"/>
  <testcase name="test05883" classname="RegressionTest11" time="0"/>
  <testcase name="test05884" classname="RegressionTest11" time="0"/>
  <testcase name="test05885" classname="RegressionTest11" time="0"/>
  <testcase name="test05886" classname="RegressionTest11" time="0"/>
  <testcase name="test05887" classname="RegressionTest11" time="0"/>
  <testcase name="test05888" classname="RegressionTest11" time="0"/>
  <testcase name="test05889" classname="RegressionTest11" time="0"/>
  <testcase name="test05890" classname="RegressionTest11" time="0"/>
  <testcase name="test05891" classname="RegressionTest11" time="0"/>
  <testcase name="test05892" classname="RegressionTest11" time="0"/>
  <testcase name="test05893" classname="RegressionTest11" time="0"/>
  <testcase name="test05894" classname="RegressionTest11" time="0"/>
  <testcase name="test05895" classname="RegressionTest11" time="0"/>
  <testcase name="test05896" classname="RegressionTest11" time="0"/>
  <testcase name="test05897" classname="RegressionTest11" time="0"/>
  <testcase name="test05898" classname="RegressionTest11" time="0"/>
  <testcase name="test05899" classname="RegressionTest11" time="0"/>
  <testcase name="test05900" classname="RegressionTest11" time="0"/>
  <testcase name="test05901" classname="RegressionTest11" time="0"/>
  <testcase name="test05902" classname="RegressionTest11" time="0"/>
  <testcase name="test05903" classname="RegressionTest11" time="0"/>
  <testcase name="test05904" classname="RegressionTest11" time="0"/>
  <testcase name="test05905" classname="RegressionTest11" time="0"/>
  <testcase name="test05906" classname="RegressionTest11" time="0"/>
  <testcase name="test05907" classname="RegressionTest11" time="0"/>
  <testcase name="test05908" classname="RegressionTest11" time="0"/>
  <testcase name="test05909" classname="RegressionTest11" time="0"/>
  <testcase name="test05910" classname="RegressionTest11" time="0"/>
  <testcase name="test05911" classname="RegressionTest11" time="0"/>
  <testcase name="test05912" classname="RegressionTest11" time="0"/>
  <testcase name="test05913" classname="RegressionTest11" time="0"/>
  <testcase name="test05914" classname="RegressionTest11" time="0"/>
  <testcase name="test05915" classname="RegressionTest11" time="0"/>
  <testcase name="test05916" classname="RegressionTest11" time="0"/>
  <testcase name="test05917" classname="RegressionTest11" time="0"/>
  <testcase name="test05918" classname="RegressionTest11" time="0"/>
  <testcase name="test05919" classname="RegressionTest11" time="0"/>
  <testcase name="test05920" classname="RegressionTest11" time="0"/>
  <testcase name="test05921" classname="RegressionTest11" time="0"/>
  <testcase name="test05922" classname="RegressionTest11" time="0"/>
  <testcase name="test05923" classname="RegressionTest11" time="0"/>
  <testcase name="test05924" classname="RegressionTest11" time="0.001"/>
  <testcase name="test05925" classname="RegressionTest11" time="0"/>
  <testcase name="test05926" classname="RegressionTest11" time="0"/>
  <testcase name="test05927" classname="RegressionTest11" time="0"/>
  <testcase name="test05928" classname="RegressionTest11" time="0"/>
  <testcase name="test05929" classname="RegressionTest11" time="0"/>
  <testcase name="test05930" classname="RegressionTest11" time="0"/>
  <testcase name="test05931" classname="RegressionTest11" time="0"/>
  <testcase name="test05932" classname="RegressionTest11" time="0"/>
  <testcase name="test05933" classname="RegressionTest11" time="0"/>
  <testcase name="test05934" classname="RegressionTest11" time="0"/>
  <testcase name="test05935" classname="RegressionTest11" time="0"/>
  <testcase name="test05936" classname="RegressionTest11" time="0"/>
  <testcase name="test05937" classname="RegressionTest11" time="0"/>
  <testcase name="test05938" classname="RegressionTest11" time="0"/>
  <testcase name="test05939" classname="RegressionTest11" time="0"/>
  <testcase name="test05940" classname="RegressionTest11" time="0"/>
  <testcase name="test05941" classname="RegressionTest11" time="0"/>
  <testcase name="test05942" classname="RegressionTest11" time="0"/>
  <testcase name="test05943" classname="RegressionTest11" time="0"/>
  <testcase name="test05944" classname="RegressionTest11" time="0"/>
  <testcase name="test05945" classname="RegressionTest11" time="0"/>
  <testcase name="test05946" classname="RegressionTest11" time="0"/>
  <testcase name="test05947" classname="RegressionTest11" time="0"/>
  <testcase name="test05948" classname="RegressionTest11" time="0"/>
  <testcase name="test05949" classname="RegressionTest11" time="0"/>
  <testcase name="test05950" classname="RegressionTest11" time="0"/>
  <testcase name="test05951" classname="RegressionTest11" time="0"/>
  <testcase name="test05952" classname="RegressionTest11" time="0">
    <failure message="&apos;true&apos; != &apos;false&apos; expected:&lt;true&gt; but was:&lt;false&gt;" type="java.lang.AssertionError"><![CDATA[java.lang.AssertionError: 'true' != 'false' expected:<true> but was:<false>
	at RegressionTest11.test05952(RegressionTest11.java:3623)
]]></failure>
  </testcase>
  <testcase name="test05953" classname="RegressionTest11" time="0"/>
  <testcase name="test05954" classname="RegressionTest11" time="0"/>
  <testcase name="test05955" classname="RegressionTest11" time="0"/>
  <testcase name="test05956" classname="RegressionTest11" time="0"/>
  <testcase name="test05957" classname="RegressionTest11" time="0"/>
  <testcase name="test05958" classname="RegressionTest11" time="0"/>
  <testcase name="test05959" classname="RegressionTest11" time="0"/>
  <testcase name="test05960" classname="RegressionTest11" time="0"/>
  <testcase name="test05961" classname="RegressionTest11" time="0"/>
  <testcase name="test05962" classname="RegressionTest11" time="0"/>
  <testcase name="test05963" classname="RegressionTest11" time="0"/>
  <testcase name="test05964" classname="RegressionTest11" time="0"/>
  <testcase name="test05965" classname="RegressionTest11" time="0"/>
  <testcase name="test05966" classname="RegressionTest11" time="0"/>
  <testcase name="test05967" classname="RegressionTest11" time="0"/>
  <testcase name="test05968" classname="RegressionTest11" time="0"/>
  <testcase name="test05969" classname="RegressionTest11" time="0"/>
  <testcase name="test05970" classname="RegressionTest11" time="0"/>
  <testcase name="test05971" classname="RegressionTest11" time="0.001"/>
  <testcase name="test05972" classname="RegressionTest11" time="0"/>
  <testcase name="test05973" classname="RegressionTest11" time="0"/>
  <testcase name="test05974" classname="RegressionTest11" time="0"/>
  <testcase name="test05975" classname="RegressionTest11" time="0"/>
  <testcase name="test05976" classname="RegressionTest11" time="0"/>
  <testcase name="test05977" classname="RegressionTest11" time="0"/>
  <testcase name="test05978" classname="RegressionTest11" time="0">
    <failure message="&apos;true&apos; != &apos;false&apos; expected:&lt;true&gt; but was:&lt;false&gt;" type="java.lang.AssertionError"><![CDATA[java.lang.AssertionError: 'true' != 'false' expected:<true> but was:<false>
	at RegressionTest11.test05978(RegressionTest11.java:3831)
]]></failure>
  </testcase>
  <testcase name="test05979" classname="RegressionTest11" time="0">
    <failure message="&apos;true&apos; != &apos;false&apos; expected:&lt;true&gt; but was:&lt;false&gt;" type="java.lang.AssertionError"><![CDATA[java.lang.AssertionError: 'true' != 'false' expected:<true> but was:<false>
	at RegressionTest11.test05979(RegressionTest11.java:3839)
]]></failure>
  </testcase>
  <testcase name="test05980" classname="RegressionTest11" time="0"/>
  <testcase name="test05981" classname="RegressionTest11" time="0"/>
  <testcase name="test05982" classname="RegressionTest11" time="0"/>
  <testcase name="test05983" classname="RegressionTest11" time="0"/>
  <testcase name="test05984" classname="RegressionTest11" time="0"/>
  <testcase name="test05985" classname="RegressionTest11" time="0"/>
  <testcase name="test05986" classname="RegressionTest11" time="0"/>
  <testcase name="test05987" classname="RegressionTest11" time="0"/>
  <testcase name="test05988" classname="RegressionTest11" time="0"/>
  <testcase name="test05989" classname="RegressionTest11" time="0"/>
  <testcase name="test05990" classname="RegressionTest11" time="0"/>
  <testcase name="test05991" classname="RegressionTest11" time="0"/>
  <testcase name="test05992" classname="RegressionTest11" time="0"/>
  <testcase name="test05993" classname="RegressionTest11" time="0"/>
  <testcase name="test05994" classname="RegressionTest11" time="0"/>
  <testcase name="test05995" classname="RegressionTest11" time="0"/>
  <testcase name="test05996" classname="RegressionTest11" time="0"/>
  <testcase name="test05997" classname="RegressionTest11" time="0"/>
  <testcase name="test05998" classname="RegressionTest11" time="0"/>
  <testcase name="test05999" classname="RegressionTest11" time="0"/>
  <testcase name="test06000" classname="RegressionTest11" time="0">
    <failure message="&apos;true&apos; != &apos;false&apos; expected:&lt;true&gt; but was:&lt;false&gt;" type="java.lang.AssertionError"><![CDATA[java.lang.AssertionError: 'true' != 'false' expected:<true> but was:<false>
	at RegressionTest11.test06000(RegressionTest11.java:4007)
]]></failure>
  </testcase>
  <testcase name="test06001" classname="RegressionTest12" time="0.001"/>
  <testcase name="test06002" classname="RegressionTest12" time="0"/>
  <testcase name="test06003" classname="RegressionTest12" time="0"/>
  <testcase name="test06004" classname="RegressionTest12" time="0"/>
  <testcase name="test06005" classname="RegressionTest12" time="0"/>
  <testcase name="test06006" classname="RegressionTest12" time="0"/>
  <testcase name="test06007" classname="RegressionTest12" time="0"/>
  <testcase name="test06008" classname="RegressionTest12" time="0"/>
  <testcase name="test06009" classname="RegressionTest12" time="0"/>
  <testcase name="test06010" classname="RegressionTest12" time="0"/>
  <testcase name="test06011" classname="RegressionTest12" time="0"/>
  <testcase name="test06012" classname="RegressionTest12" time="0"/>
  <testcase name="test06013" classname="RegressionTest12" time="0"/>
  <testcase name="test06014" classname="RegressionTest12" time="0"/>
  <testcase name="test06015" classname="RegressionTest12" time="0"/>
  <testcase name="test06016" classname="RegressionTest12" time="0"/>
  <testcase name="test06017" classname="RegressionTest12" time="0"/>
  <testcase name="test06018" classname="RegressionTest12" time="0"/>
  <testcase name="test06019" classname="RegressionTest12" time="0"/>
  <testcase name="test06020" classname="RegressionTest12" time="0"/>
  <testcase name="test06021" classname="RegressionTest12" time="0"/>
  <testcase name="test06022" classname="RegressionTest12" time="0"/>
  <testcase name="test06023" classname="RegressionTest12" time="0">
    <failure message="&apos;true&apos; != &apos;false&apos; expected:&lt;true&gt; but was:&lt;false&gt;" type="java.lang.AssertionError"><![CDATA[java.lang.AssertionError: 'true' != 'false' expected:<true> but was:<false>
	at RegressionTest12.test06023(RegressionTest12.java:191)
]]></failure>
  </testcase>
  <testcase name="test06024" classname="RegressionTest12" time="0"/>
  <testcase name="test06025" classname="RegressionTest12" time="0"/>
  <testcase name="test06026" classname="RegressionTest12" time="0"/>
  <testcase name="test06027" classname="RegressionTest12" time="0"/>
  <testcase name="test06028" classname="RegressionTest12" time="0"/>
  <testcase name="test06029" classname="RegressionTest12" time="0"/>
  <testcase name="test06030" classname="RegressionTest12" time="0"/>
  <testcase name="test06031" classname="RegressionTest12" time="0"/>
  <testcase name="test06032" classname="RegressionTest12" time="0"/>
  <testcase name="test06033" classname="RegressionTest12" time="0"/>
  <testcase name="test06034" classname="RegressionTest12" time="0"/>
  <testcase name="test06035" classname="RegressionTest12" time="0"/>
  <testcase name="test06036" classname="RegressionTest12" time="0"/>
  <testcase name="test06037" classname="RegressionTest12" time="0">
    <failure message="&apos;true&apos; != &apos;false&apos; expected:&lt;true&gt; but was:&lt;false&gt;" type="java.lang.AssertionError"><![CDATA[java.lang.AssertionError: 'true' != 'false' expected:<true> but was:<false>
	at RegressionTest12.test06037(RegressionTest12.java:303)
]]></failure>
  </testcase>
  <testcase name="test06038" classname="RegressionTest12" time="0"/>
  <testcase name="test06039" classname="RegressionTest12" time="0"/>
  <testcase name="test06040" classname="RegressionTest12" time="0.001"/>
  <testcase name="test06041" classname="RegressionTest12" time="0"/>
  <testcase name="test06042" classname="RegressionTest12" time="0"/>
  <testcase name="test06043" classname="RegressionTest12" time="0"/>
  <testcase name="test06044" classname="RegressionTest12" time="0"/>
  <testcase name="test06045" classname="RegressionTest12" time="0"/>
  <testcase name="test06046" classname="RegressionTest12" time="0"/>
  <testcase name="test06047" classname="RegressionTest12" time="0"/>
  <testcase name="test06048" classname="RegressionTest12" time="0"/>
  <testcase name="test06049" classname="RegressionTest12" time="0"/>
  <testcase name="test06050" classname="RegressionTest12" time="0"/>
  <testcase name="test06051" classname="RegressionTest12" time="0"/>
  <testcase name="test06052" classname="RegressionTest12" time="0"/>
  <testcase name="test06053" classname="RegressionTest12" time="0"/>
  <testcase name="test06054" classname="RegressionTest12" time="0"/>
  <testcase name="test06055" classname="RegressionTest12" time="0"/>
  <testcase name="test06056" classname="RegressionTest12" time="0"/>
  <testcase name="test06057" classname="RegressionTest12" time="0"/>
  <testcase name="test06058" classname="RegressionTest12" time="0">
    <failure message="&apos;true&apos; != &apos;false&apos; expected:&lt;true&gt; but was:&lt;false&gt;" type="java.lang.AssertionError"><![CDATA[java.lang.AssertionError: 'true' != 'false' expected:<true> but was:<false>
	at RegressionTest12.test06058(RegressionTest12.java:471)
]]></failure>
  </testcase>
  <testcase name="test06059" classname="RegressionTest12" time="0"/>
  <testcase name="test06060" classname="RegressionTest12" time="0"/>
  <testcase name="test06061" classname="RegressionTest12" time="0">
    <failure message="&apos;true&apos; != &apos;false&apos; expected:&lt;true&gt; but was:&lt;false&gt;" type="java.lang.AssertionError"><![CDATA[java.lang.AssertionError: 'true' != 'false' expected:<true> but was:<false>
	at RegressionTest12.test06061(RegressionTest12.java:495)
]]></failure>
  </testcase>
  <testcase name="test06062" classname="RegressionTest12" time="0">
    <failure message="&apos;true&apos; != &apos;false&apos; expected:&lt;true&gt; but was:&lt;false&gt;" type="java.lang.AssertionError"><![CDATA[java.lang.AssertionError: 'true' != 'false' expected:<true> but was:<false>
	at RegressionTest12.test06062(RegressionTest12.java:503)
]]></failure>
  </testcase>
  <testcase name="test06063" classname="RegressionTest12" time="0"/>
  <testcase name="test06064" classname="RegressionTest12" time="0"/>
  <testcase name="test06065" classname="RegressionTest12" time="0">
    <failure message="&apos;true&apos; != &apos;false&apos; expected:&lt;true&gt; but was:&lt;false&gt;" type="java.lang.AssertionError"><![CDATA[java.lang.AssertionError: 'true' != 'false' expected:<true> but was:<false>
	at RegressionTest12.test06065(RegressionTest12.java:527)
]]></failure>
  </testcase>
  <testcase name="test06066" classname="RegressionTest12" time="0"/>
  <testcase name="test06067" classname="RegressionTest12" time="0">
    <failure message="&apos;true&apos; != &apos;false&apos; expected:&lt;true&gt; but was:&lt;false&gt;" type="java.lang.AssertionError"><![CDATA[java.lang.AssertionError: 'true' != 'false' expected:<true> but was:<false>
	at RegressionTest12.test06067(RegressionTest12.java:543)
]]></failure>
  </testcase>
  <testcase name="test06068" classname="RegressionTest12" time="0"/>
  <testcase name="test06069" classname="RegressionTest12" time="0"/>
  <testcase name="test06070" classname="RegressionTest12" time="0"/>
  <testcase name="test06071" classname="RegressionTest12" time="0"/>
  <testcase name="test06072" classname="RegressionTest12" time="0"/>
  <testcase name="test06073" classname="RegressionTest12" time="0"/>
  <testcase name="test06074" classname="RegressionTest12" time="0"/>
  <testcase name="test06075" classname="RegressionTest12" time="0"/>
  <testcase name="test06076" classname="RegressionTest12" time="0">
    <failure message="&apos;true&apos; != &apos;false&apos; expected:&lt;true&gt; but was:&lt;false&gt;" type="java.lang.AssertionError"><![CDATA[java.lang.AssertionError: 'true' != 'false' expected:<true> but was:<false>
	at RegressionTest12.test06076(RegressionTest12.java:615)
]]></failure>
  </testcase>
  <testcase name="test06077" classname="RegressionTest12" time="0.001"/>
  <testcase name="test06078" classname="RegressionTest12" time="0"/>
  <testcase name="test06079" classname="RegressionTest12" time="0">
    <failure message="&apos;true&apos; != &apos;false&apos; expected:&lt;true&gt; but was:&lt;false&gt;" type="java.lang.AssertionError"><![CDATA[java.lang.AssertionError: 'true' != 'false' expected:<true> but was:<false>
	at RegressionTest12.test06079(RegressionTest12.java:639)
]]></failure>
  </testcase>
  <testcase name="test06080" classname="RegressionTest12" time="0"/>
  <testcase name="test06081" classname="RegressionTest12" time="0"/>
  <testcase name="test06082" classname="RegressionTest12" time="0"/>
  <testcase name="test06083" classname="RegressionTest12" time="0"/>
  <testcase name="test06084" classname="RegressionTest12" time="0"/>
  <testcase name="test06085" classname="RegressionTest12" time="0"/>
  <testcase name="test06086" classname="RegressionTest12" time="0">
    <failure message="&apos;true&apos; != &apos;false&apos; expected:&lt;true&gt; but was:&lt;false&gt;" type="java.lang.AssertionError"><![CDATA[java.lang.AssertionError: 'true' != 'false' expected:<true> but was:<false>
	at RegressionTest12.test06086(RegressionTest12.java:695)
]]></failure>
  </testcase>
  <testcase name="test06087" classname="RegressionTest12" time="0"/>
  <testcase name="test06088" classname="RegressionTest12" time="0"/>
  <testcase name="test06089" classname="RegressionTest12" time="0"/>
  <testcase name="test06090" classname="RegressionTest12" time="0"/>
  <testcase name="test06091" classname="RegressionTest12" time="0"/>
  <testcase name="test06092" classname="RegressionTest12" time="0"/>
  <testcase name="test06093" classname="RegressionTest12" time="0"/>
  <testcase name="test06094" classname="RegressionTest12" time="0"/>
  <testcase name="test06095" classname="RegressionTest12" time="0"/>
  <testcase name="test06096" classname="RegressionTest12" time="0"/>
  <testcase name="test06097" classname="RegressionTest12" time="0"/>
  <testcase name="test06098" classname="RegressionTest12" time="0"/>
  <testcase name="test06099" classname="RegressionTest12" time="0"/>
  <testcase name="test06100" classname="RegressionTest12" time="0"/>
  <testcase name="test06101" classname="RegressionTest12" time="0"/>
  <testcase name="test06102" classname="RegressionTest12" time="0"/>
  <testcase name="test06103" classname="RegressionTest12" time="0"/>
  <testcase name="test06104" classname="RegressionTest12" time="0"/>
  <testcase name="test06105" classname="RegressionTest12" time="0"/>
  <testcase name="test06106" classname="RegressionTest12" time="0"/>
  <testcase name="test06107" classname="RegressionTest12" time="0"/>
  <testcase name="test06108" classname="RegressionTest12" time="0"/>
  <testcase name="test06109" classname="RegressionTest12" time="0"/>
  <testcase name="test06110" classname="RegressionTest12" time="0"/>
  <testcase name="test06111" classname="RegressionTest12" time="0"/>
  <testcase name="test06112" classname="RegressionTest12" time="0"/>
  <testcase name="test06113" classname="RegressionTest12" time="0"/>
  <testcase name="test06114" classname="RegressionTest12" time="0"/>
  <testcase name="test06115" classname="RegressionTest12" time="0">
    <failure message="&apos;true&apos; != &apos;false&apos; expected:&lt;true&gt; but was:&lt;false&gt;" type="java.lang.AssertionError"><![CDATA[java.lang.AssertionError: 'true' != 'false' expected:<true> but was:<false>
	at RegressionTest12.test06115(RegressionTest12.java:927)
]]></failure>
  </testcase>
  <testcase name="test06116" classname="RegressionTest12" time="0"/>
  <testcase name="test06117" classname="RegressionTest12" time="0"/>
  <testcase name="test06118" classname="RegressionTest12" time="0"/>
  <testcase name="test06119" classname="RegressionTest12" time="0"/>
  <testcase name="test06120" classname="RegressionTest12" time="0">
    <failure message="&apos;true&apos; != &apos;false&apos; expected:&lt;true&gt; but was:&lt;false&gt;" type="java.lang.AssertionError"><![CDATA[java.lang.AssertionError: 'true' != 'false' expected:<true> but was:<false>
	at RegressionTest12.test06120(RegressionTest12.java:967)
]]></failure>
  </testcase>
  <testcase name="test06121" classname="RegressionTest12" time="0"/>
  <testcase name="test06122" classname="RegressionTest12" time="0"/>
  <testcase name="test06123" classname="RegressionTest12" time="0.001"/>
  <testcase name="test06124" classname="RegressionTest12" time="0"/>
  <testcase name="test06125" classname="RegressionTest12" time="0">
    <failure message="&apos;true&apos; != &apos;false&apos; expected:&lt;true&gt; but was:&lt;false&gt;" type="java.lang.AssertionError"><![CDATA[java.lang.AssertionError: 'true' != 'false' expected:<true> but was:<false>
	at RegressionTest12.test06125(RegressionTest12.java:1007)
]]></failure>
  </testcase>
  <testcase name="test06126" classname="RegressionTest12" time="0"/>
  <testcase name="test06127" classname="RegressionTest12" time="0"/>
  <testcase name="test06128" classname="RegressionTest12" time="0"/>
  <testcase name="test06129" classname="RegressionTest12" time="0"/>
  <testcase name="test06130" classname="RegressionTest12" time="0"/>
  <testcase name="test06131" classname="RegressionTest12" time="0"/>
  <testcase name="test06132" classname="RegressionTest12" time="0"/>
  <testcase name="test06133" classname="RegressionTest12" time="0"/>
  <testcase name="test06134" classname="RegressionTest12" time="0"/>
  <testcase name="test06135" classname="RegressionTest12" time="0"/>
  <testcase name="test06136" classname="RegressionTest12" time="0"/>
  <testcase name="test06137" classname="RegressionTest12" time="0"/>
  <testcase name="test06138" classname="RegressionTest12" time="0"/>
  <testcase name="test06139" classname="RegressionTest12" time="0"/>
  <testcase name="test06140" classname="RegressionTest12" time="0"/>
  <testcase name="test06141" classname="RegressionTest12" time="0"/>
  <testcase name="test06142" classname="RegressionTest12" time="0"/>
  <testcase name="test06143" classname="RegressionTest12" time="0"/>
  <testcase name="test06144" classname="RegressionTest12" time="0"/>
  <testcase name="test06145" classname="RegressionTest12" time="0"/>
  <testcase name="test06146" classname="RegressionTest12" time="0"/>
  <testcase name="test06147" classname="RegressionTest12" time="0"/>
  <testcase name="test06148" classname="RegressionTest12" time="0"/>
  <testcase name="test06149" classname="RegressionTest12" time="0"/>
  <testcase name="test06150" classname="RegressionTest12" time="0"/>
  <testcase name="test06151" classname="RegressionTest12" time="0"/>
  <testcase name="test06152" classname="RegressionTest12" time="0"/>
  <testcase name="test06153" classname="RegressionTest12" time="0"/>
  <testcase name="test06154" classname="RegressionTest12" time="0"/>
  <testcase name="test06155" classname="RegressionTest12" time="0"/>
  <testcase name="test06156" classname="RegressionTest12" time="0"/>
  <testcase name="test06157" classname="RegressionTest12" time="0"/>
  <testcase name="test06158" classname="RegressionTest12" time="0">
    <failure message="&apos;true&apos; != &apos;false&apos; expected:&lt;true&gt; but was:&lt;false&gt;" type="java.lang.AssertionError"><![CDATA[java.lang.AssertionError: 'true' != 'false' expected:<true> but was:<false>
	at RegressionTest12.test06158(RegressionTest12.java:1271)
]]></failure>
  </testcase>
  <testcase name="test06159" classname="RegressionTest12" time="0"/>
  <testcase name="test06160" classname="RegressionTest12" time="0"/>
  <testcase name="test06161" classname="RegressionTest12" time="0"/>
  <testcase name="test06162" classname="RegressionTest12" time="0"/>
  <testcase name="test06163" classname="RegressionTest12" time="0"/>
  <testcase name="test06164" classname="RegressionTest12" time="0"/>
  <testcase name="test06165" classname="RegressionTest12" time="0"/>
  <testcase name="test06166" classname="RegressionTest12" time="0.001"/>
  <testcase name="test06167" classname="RegressionTest12" time="0"/>
  <testcase name="test06168" classname="RegressionTest12" time="0">
    <failure message="&apos;true&apos; != &apos;false&apos; expected:&lt;true&gt; but was:&lt;false&gt;" type="java.lang.AssertionError"><![CDATA[java.lang.AssertionError: 'true' != 'false' expected:<true> but was:<false>
	at RegressionTest12.test06168(RegressionTest12.java:1351)
]]></failure>
  </testcase>
  <testcase name="test06169" classname="RegressionTest12" time="0"/>
  <testcase name="test06170" classname="RegressionTest12" time="0"/>
  <testcase name="test06171" classname="RegressionTest12" time="0"/>
  <testcase name="test06172" classname="RegressionTest12" time="0"/>
  <testcase name="test06173" classname="RegressionTest12" time="0"/>
  <testcase name="test06174" classname="RegressionTest12" time="0"/>
  <testcase name="test06175" classname="RegressionTest12" time="0"/>
  <testcase name="test06176" classname="RegressionTest12" time="0"/>
  <testcase name="test06177" classname="RegressionTest12" time="0"/>
  <testcase name="test06178" classname="RegressionTest12" time="0"/>
  <testcase name="test06179" classname="RegressionTest12" time="0"/>
  <testcase name="test06180" classname="RegressionTest12" time="0">
    <failure message="&apos;true&apos; != &apos;false&apos; expected:&lt;true&gt; but was:&lt;false&gt;" type="java.lang.AssertionError"><![CDATA[java.lang.AssertionError: 'true' != 'false' expected:<true> but was:<false>
	at RegressionTest12.test06180(RegressionTest12.java:1447)
]]></failure>
  </testcase>
  <testcase name="test06181" classname="RegressionTest12" time="0">
    <failure message="&apos;true&apos; != &apos;false&apos; expected:&lt;true&gt; but was:&lt;false&gt;" type="java.lang.AssertionError"><![CDATA[java.lang.AssertionError: 'true' != 'false' expected:<true> but was:<false>
	at RegressionTest12.test06181(RegressionTest12.java:1455)
]]></failure>
  </testcase>
  <testcase name="test06182" classname="RegressionTest12" time="0"/>
  <testcase name="test06183" classname="RegressionTest12" time="0"/>
  <testcase name="test06184" classname="RegressionTest12" time="0"/>
  <testcase name="test06185" classname="RegressionTest12" time="0"/>
  <testcase name="test06186" classname="RegressionTest12" time="0"/>
  <testcase name="test06187" classname="RegressionTest12" time="0"/>
  <testcase name="test06188" classname="RegressionTest12" time="0"/>
  <testcase name="test06189" classname="RegressionTest12" time="0"/>
  <testcase name="test06190" classname="RegressionTest12" time="0"/>
  <testcase name="test06191" classname="RegressionTest12" time="0"/>
  <testcase name="test06192" classname="RegressionTest12" time="0"/>
  <testcase name="test06193" classname="RegressionTest12" time="0"/>
  <testcase name="test06194" classname="RegressionTest12" time="0"/>
  <testcase name="test06195" classname="RegressionTest12" time="0"/>
  <testcase name="test06196" classname="RegressionTest12" time="0"/>
  <testcase name="test06197" classname="RegressionTest12" time="0"/>
  <testcase name="test06198" classname="RegressionTest12" time="0"/>
  <testcase name="test06199" classname="RegressionTest12" time="0"/>
  <testcase name="test06200" classname="RegressionTest12" time="0"/>
  <testcase name="test06201" classname="RegressionTest12" time="0"/>
  <testcase name="test06202" classname="RegressionTest12" time="0"/>
  <testcase name="test06203" classname="RegressionTest12" time="0"/>
  <testcase name="test06204" classname="RegressionTest12" time="0"/>
  <testcase name="test06205" classname="RegressionTest12" time="0"/>
  <testcase name="test06206" classname="RegressionTest12" time="0"/>
  <testcase name="test06207" classname="RegressionTest12" time="0"/>
  <testcase name="test06208" classname="RegressionTest12" time="0">
    <failure message="&apos;true&apos; != &apos;false&apos; expected:&lt;true&gt; but was:&lt;false&gt;" type="java.lang.AssertionError"><![CDATA[java.lang.AssertionError: 'true' != 'false' expected:<true> but was:<false>
	at RegressionTest12.test06208(RegressionTest12.java:1671)
]]></failure>
  </testcase>
  <testcase name="test06209" classname="RegressionTest12" time="0"/>
  <testcase name="test06210" classname="RegressionTest12" time="0"/>
  <testcase name="test06211" classname="RegressionTest12" time="0"/>
  <testcase name="test06212" classname="RegressionTest12" time="0"/>
  <testcase name="test06213" classname="RegressionTest12" time="0"/>
  <testcase name="test06214" classname="RegressionTest12" time="0"/>
  <testcase name="test06215" classname="RegressionTest12" time="0"/>
  <testcase name="test06216" classname="RegressionTest12" time="0"/>
  <testcase name="test06217" classname="RegressionTest12" time="0"/>
  <testcase name="test06218" classname="RegressionTest12" time="0"/>
  <testcase name="test06219" classname="RegressionTest12" time="0"/>
  <testcase name="test06220" classname="RegressionTest12" time="0"/>
  <testcase name="test06221" classname="RegressionTest12" time="0"/>
  <testcase name="test06222" classname="RegressionTest12" time="0"/>
  <testcase name="test06223" classname="RegressionTest12" time="0"/>
  <testcase name="test06224" classname="RegressionTest12" time="0"/>
  <testcase name="test06225" classname="RegressionTest12" time="0"/>
  <testcase name="test06226" classname="RegressionTest12" time="0"/>
  <testcase name="test06227" classname="RegressionTest12" time="0"/>
  <testcase name="test06228" classname="RegressionTest12" time="0"/>
  <testcase name="test06229" classname="RegressionTest12" time="0"/>
  <testcase name="test06230" classname="RegressionTest12" time="0"/>
  <testcase name="test06231" classname="RegressionTest12" time="0"/>
  <testcase name="test06232" classname="RegressionTest12" time="0"/>
  <testcase name="test06233" classname="RegressionTest12" time="0"/>
  <testcase name="test06234" classname="RegressionTest12" time="0"/>
  <testcase name="test06235" classname="RegressionTest12" time="0"/>
  <testcase name="test06236" classname="RegressionTest12" time="0"/>
  <testcase name="test06237" classname="RegressionTest12" time="0"/>
  <testcase name="test06238" classname="RegressionTest12" time="0"/>
  <testcase name="test06239" classname="RegressionTest12" time="0"/>
  <testcase name="test06240" classname="RegressionTest12" time="0"/>
  <testcase name="test06241" classname="RegressionTest12" time="0"/>
  <testcase name="test06242" classname="RegressionTest12" time="0">
    <failure message="&apos;true&apos; != &apos;false&apos; expected:&lt;true&gt; but was:&lt;false&gt;" type="java.lang.AssertionError"><![CDATA[java.lang.AssertionError: 'true' != 'false' expected:<true> but was:<false>
	at RegressionTest12.test06242(RegressionTest12.java:1943)
]]></failure>
  </testcase>
  <testcase name="test06243" classname="RegressionTest12" time="0"/>
  <testcase name="test06244" classname="RegressionTest12" time="0"/>
  <testcase name="test06245" classname="RegressionTest12" time="0"/>
  <testcase name="test06246" classname="RegressionTest12" time="0"/>
  <testcase name="test06247" classname="RegressionTest12" time="0.001">
    <failure message="&apos;true&apos; != &apos;false&apos; expected:&lt;true&gt; but was:&lt;false&gt;" type="java.lang.AssertionError"><![CDATA[java.lang.AssertionError: 'true' != 'false' expected:<true> but was:<false>
	at RegressionTest12.test06247(RegressionTest12.java:1983)
]]></failure>
  </testcase>
  <testcase name="test06248" classname="RegressionTest12" time="0"/>
  <testcase name="test06249" classname="RegressionTest12" time="0"/>
  <testcase name="test06250" classname="RegressionTest12" time="0"/>
  <testcase name="test06251" classname="RegressionTest12" time="0">
    <failure message="&apos;true&apos; != &apos;false&apos; expected:&lt;true&gt; but was:&lt;false&gt;" type="java.lang.AssertionError"><![CDATA[java.lang.AssertionError: 'true' != 'false' expected:<true> but was:<false>
	at RegressionTest12.test06251(RegressionTest12.java:2015)
]]></failure>
  </testcase>
  <testcase name="test06252" classname="RegressionTest12" time="0"/>
  <testcase name="test06253" classname="RegressionTest12" time="0"/>
  <testcase name="test06254" classname="RegressionTest12" time="0"/>
  <testcase name="test06255" classname="RegressionTest12" time="0"/>
  <testcase name="test06256" classname="RegressionTest12" time="0"/>
  <testcase name="test06257" classname="RegressionTest12" time="0"/>
  <testcase name="test06258" classname="RegressionTest12" time="0"/>
  <testcase name="test06259" classname="RegressionTest12" time="0"/>
  <testcase name="test06260" classname="RegressionTest12" time="0"/>
  <testcase name="test06261" classname="RegressionTest12" time="0">
    <failure message="&apos;true&apos; != &apos;false&apos; expected:&lt;true&gt; but was:&lt;false&gt;" type="java.lang.AssertionError"><![CDATA[java.lang.AssertionError: 'true' != 'false' expected:<true> but was:<false>
	at RegressionTest12.test06261(RegressionTest12.java:2095)
]]></failure>
  </testcase>
  <testcase name="test06262" classname="RegressionTest12" time="0"/>
  <testcase name="test06263" classname="RegressionTest12" time="0"/>
  <testcase name="test06264" classname="RegressionTest12" time="0"/>
  <testcase name="test06265" classname="RegressionTest12" time="0"/>
  <testcase name="test06266" classname="RegressionTest12" time="0"/>
  <testcase name="test06267" classname="RegressionTest12" time="0"/>
  <testcase name="test06268" classname="RegressionTest12" time="0"/>
  <testcase name="test06269" classname="RegressionTest12" time="0"/>
  <testcase name="test06270" classname="RegressionTest12" time="0"/>
  <testcase name="test06271" classname="RegressionTest12" time="0"/>
  <testcase name="test06272" classname="RegressionTest12" time="0"/>
  <testcase name="test06273" classname="RegressionTest12" time="0">
    <failure message="&apos;true&apos; != &apos;false&apos; expected:&lt;true&gt; but was:&lt;false&gt;" type="java.lang.AssertionError"><![CDATA[java.lang.AssertionError: 'true' != 'false' expected:<true> but was:<false>
	at RegressionTest12.test06273(RegressionTest12.java:2191)
]]></failure>
  </testcase>
  <testcase name="test06274" classname="RegressionTest12" time="0"/>
  <testcase name="test06275" classname="RegressionTest12" time="0"/>
  <testcase name="test06276" classname="RegressionTest12" time="0"/>
  <testcase name="test06277" classname="RegressionTest12" time="0"/>
  <testcase name="test06278" classname="RegressionTest12" time="0"/>
  <testcase name="test06279" classname="RegressionTest12" time="0"/>
  <testcase name="test06280" classname="RegressionTest12" time="0"/>
  <testcase name="test06281" classname="RegressionTest12" time="0"/>
  <testcase name="test06282" classname="RegressionTest12" time="0"/>
  <testcase name="test06283" classname="RegressionTest12" time="0"/>
  <testcase name="test06284" classname="RegressionTest12" time="0"/>
  <testcase name="test06285" classname="RegressionTest12" time="0"/>
  <testcase name="test06286" classname="RegressionTest12" time="0"/>
  <testcase name="test06287" classname="RegressionTest12" time="0"/>
  <testcase name="test06288" classname="RegressionTest12" time="0">
    <failure message="&apos;true&apos; != &apos;false&apos; expected:&lt;true&gt; but was:&lt;false&gt;" type="java.lang.AssertionError"><![CDATA[java.lang.AssertionError: 'true' != 'false' expected:<true> but was:<false>
	at RegressionTest12.test06288(RegressionTest12.java:2311)
]]></failure>
  </testcase>
  <testcase name="test06289" classname="RegressionTest12" time="0"/>
  <testcase name="test06290" classname="RegressionTest12" time="0"/>
  <testcase name="test06291" classname="RegressionTest12" time="0"/>
  <testcase name="test06292" classname="RegressionTest12" time="0"/>
  <testcase name="test06293" classname="RegressionTest12" time="0"/>
  <testcase name="test06294" classname="RegressionTest12" time="0"/>
  <testcase name="test06295" classname="RegressionTest12" time="0.001"/>
  <testcase name="test06296" classname="RegressionTest12" time="0"/>
  <testcase name="test06297" classname="RegressionTest12" time="0"/>
  <testcase name="test06298" classname="RegressionTest12" time="0"/>
  <testcase name="test06299" classname="RegressionTest12" time="0"/>
  <testcase name="test06300" classname="RegressionTest12" time="0">
    <failure message="&apos;true&apos; != &apos;false&apos; expected:&lt;true&gt; but was:&lt;false&gt;" type="java.lang.AssertionError"><![CDATA[java.lang.AssertionError: 'true' != 'false' expected:<true> but was:<false>
	at RegressionTest12.test06300(RegressionTest12.java:2407)
]]></failure>
  </testcase>
  <testcase name="test06301" classname="RegressionTest12" time="0"/>
  <testcase name="test06302" classname="RegressionTest12" time="0"/>
  <testcase name="test06303" classname="RegressionTest12" time="0"/>
  <testcase name="test06304" classname="RegressionTest12" time="0"/>
  <testcase name="test06305" classname="RegressionTest12" time="0"/>
  <testcase name="test06306" classname="RegressionTest12" time="0"/>
  <testcase name="test06307" classname="RegressionTest12" time="0"/>
  <testcase name="test06308" classname="RegressionTest12" time="0"/>
  <testcase name="test06309" classname="RegressionTest12" time="0"/>
  <testcase name="test06310" classname="RegressionTest12" time="0"/>
  <testcase name="test06311" classname="RegressionTest12" time="0"/>
  <testcase name="test06312" classname="RegressionTest12" time="0"/>
  <testcase name="test06313" classname="RegressionTest12" time="0"/>
  <testcase name="test06314" classname="RegressionTest12" time="0"/>
  <testcase name="test06315" classname="RegressionTest12" time="0"/>
  <testcase name="test06316" classname="RegressionTest12" time="0"/>
  <testcase name="test06317" classname="RegressionTest12" time="0"/>
  <testcase name="test06318" classname="RegressionTest12" time="0">
    <failure message="&apos;true&apos; != &apos;false&apos; expected:&lt;true&gt; but was:&lt;false&gt;" type="java.lang.AssertionError"><![CDATA[java.lang.AssertionError: 'true' != 'false' expected:<true> but was:<false>
	at RegressionTest12.test06318(RegressionTest12.java:2551)
]]></failure>
  </testcase>
  <testcase name="test06319" classname="RegressionTest12" time="0"/>
  <testcase name="test06320" classname="RegressionTest12" time="0">
    <failure message="&apos;true&apos; != &apos;false&apos; expected:&lt;true&gt; but was:&lt;false&gt;" type="java.lang.AssertionError"><![CDATA[java.lang.AssertionError: 'true' != 'false' expected:<true> but was:<false>
	at RegressionTest12.test06320(RegressionTest12.java:2567)
]]></failure>
  </testcase>
  <testcase name="test06321" classname="RegressionTest12" time="0"/>
  <testcase name="test06322" classname="RegressionTest12" time="0"/>
  <testcase name="test06323" classname="RegressionTest12" time="0"/>
  <testcase name="test06324" classname="RegressionTest12" time="0"/>
  <testcase name="test06325" classname="RegressionTest12" time="0">
    <failure message="&apos;true&apos; != &apos;false&apos; expected:&lt;true&gt; but was:&lt;false&gt;" type="java.lang.AssertionError"><![CDATA[java.lang.AssertionError: 'true' != 'false' expected:<true> but was:<false>
	at RegressionTest12.test06325(RegressionTest12.java:2607)
]]></failure>
  </testcase>
  <testcase name="test06326" classname="RegressionTest12" time="0"/>
  <testcase name="test06327" classname="RegressionTest12" time="0"/>
  <testcase name="test06328" classname="RegressionTest12" time="0.001"/>
  <testcase name="test06329" classname="RegressionTest12" time="0"/>
  <testcase name="test06330" classname="RegressionTest12" time="0"/>
  <testcase name="test06331" classname="RegressionTest12" time="0"/>
  <testcase name="test06332" classname="RegressionTest12" time="0">
    <failure message="&apos;true&apos; != &apos;false&apos; expected:&lt;true&gt; but was:&lt;false&gt;" type="java.lang.AssertionError"><![CDATA[java.lang.AssertionError: 'true' != 'false' expected:<true> but was:<false>
	at RegressionTest12.test06332(RegressionTest12.java:2663)
]]></failure>
  </testcase>
  <testcase name="test06333" classname="RegressionTest12" time="0"/>
  <testcase name="test06334" classname="RegressionTest12" time="0"/>
  <testcase name="test06335" classname="RegressionTest12" time="0"/>
  <testcase name="test06336" classname="RegressionTest12" time="0">
    <failure message="&apos;true&apos; != &apos;false&apos; expected:&lt;true&gt; but was:&lt;false&gt;" type="java.lang.AssertionError"><![CDATA[java.lang.AssertionError: 'true' != 'false' expected:<true> but was:<false>
	at RegressionTest12.test06336(RegressionTest12.java:2695)
]]></failure>
  </testcase>
  <testcase name="test06337" classname="RegressionTest12" time="0"/>
  <testcase name="test06338" classname="RegressionTest12" time="0"/>
  <testcase name="test06339" classname="RegressionTest12" time="0"/>
  <testcase name="test06340" classname="RegressionTest12" time="0"/>
  <testcase name="test06341" classname="RegressionTest12" time="0"/>
  <testcase name="test06342" classname="RegressionTest12" time="0"/>
  <testcase name="test06343" classname="RegressionTest12" time="0"/>
  <testcase name="test06344" classname="RegressionTest12" time="0"/>
  <testcase name="test06345" classname="RegressionTest12" time="0">
    <failure message="&apos;true&apos; != &apos;false&apos; expected:&lt;true&gt; but was:&lt;false&gt;" type="java.lang.AssertionError"><![CDATA[java.lang.AssertionError: 'true' != 'false' expected:<true> but was:<false>
	at RegressionTest12.test06345(RegressionTest12.java:2767)
]]></failure>
  </testcase>
  <testcase name="test06346" classname="RegressionTest12" time="0"/>
  <testcase name="test06347" classname="RegressionTest12" time="0"/>
  <testcase name="test06348" classname="RegressionTest12" time="0"/>
  <testcase name="test06349" classname="RegressionTest12" time="0"/>
  <testcase name="test06350" classname="RegressionTest12" time="0"/>
  <testcase name="test06351" classname="RegressionTest12" time="0"/>
  <testcase name="test06352" classname="RegressionTest12" time="0"/>
  <testcase name="test06353" classname="RegressionTest12" time="0"/>
  <testcase name="test06354" classname="RegressionTest12" time="0"/>
  <testcase name="test06355" classname="RegressionTest12" time="0"/>
  <testcase name="test06356" classname="RegressionTest12" time="0"/>
  <testcase name="test06357" classname="RegressionTest12" time="0"/>
  <testcase name="test06358" classname="RegressionTest12" time="0"/>
  <testcase name="test06359" classname="RegressionTest12" time="0"/>
  <testcase name="test06360" classname="RegressionTest12" time="0"/>
  <testcase name="test06361" classname="RegressionTest12" time="0"/>
  <testcase name="test06362" classname="RegressionTest12" time="0"/>
  <testcase name="test06363" classname="RegressionTest12" time="0"/>
  <testcase name="test06364" classname="RegressionTest12" time="0"/>
  <testcase name="test06365" classname="RegressionTest12" time="0"/>
  <testcase name="test06366" classname="RegressionTest12" time="0"/>
  <testcase name="test06367" classname="RegressionTest12" time="0"/>
  <testcase name="test06368" classname="RegressionTest12" time="0"/>
  <testcase name="test06369" classname="RegressionTest12" time="0"/>
  <testcase name="test06370" classname="RegressionTest12" time="0"/>
  <testcase name="test06371" classname="RegressionTest12" time="0"/>
  <testcase name="test06372" classname="RegressionTest12" time="0"/>
  <testcase name="test06373" classname="RegressionTest12" time="0"/>
  <testcase name="test06374" classname="RegressionTest12" time="0"/>
  <testcase name="test06375" classname="RegressionTest12" time="0"/>
  <testcase name="test06376" classname="RegressionTest12" time="0"/>
  <testcase name="test06377" classname="RegressionTest12" time="0"/>
  <testcase name="test06378" classname="RegressionTest12" time="0"/>
  <testcase name="test06379" classname="RegressionTest12" time="0"/>
  <testcase name="test06380" classname="RegressionTest12" time="0.001"/>
  <testcase name="test06381" classname="RegressionTest12" time="0"/>
  <testcase name="test06382" classname="RegressionTest12" time="0"/>
  <testcase name="test06383" classname="RegressionTest12" time="0"/>
  <testcase name="test06384" classname="RegressionTest12" time="0"/>
  <testcase name="test06385" classname="RegressionTest12" time="0"/>
  <testcase name="test06386" classname="RegressionTest12" time="0"/>
  <testcase name="test06387" classname="RegressionTest12" time="0"/>
  <testcase name="test06388" classname="RegressionTest12" time="0"/>
  <testcase name="test06389" classname="RegressionTest12" time="0"/>
  <testcase name="test06390" classname="RegressionTest12" time="0"/>
  <testcase name="test06391" classname="RegressionTest12" time="0"/>
  <testcase name="test06392" classname="RegressionTest12" time="0"/>
  <testcase name="test06393" classname="RegressionTest12" time="0"/>
  <testcase name="test06394" classname="RegressionTest12" time="0"/>
  <testcase name="test06395" classname="RegressionTest12" time="0"/>
  <testcase name="test06396" classname="RegressionTest12" time="0"/>
  <testcase name="test06397" classname="RegressionTest12" time="0"/>
  <testcase name="test06398" classname="RegressionTest12" time="0"/>
  <testcase name="test06399" classname="RegressionTest12" time="0"/>
  <testcase name="test06400" classname="RegressionTest12" time="0"/>
  <testcase name="test06401" classname="RegressionTest12" time="0"/>
  <testcase name="test06402" classname="RegressionTest12" time="0">
    <failure message="&apos;true&apos; != &apos;false&apos; expected:&lt;true&gt; but was:&lt;false&gt;" type="java.lang.AssertionError"><![CDATA[java.lang.AssertionError: 'true' != 'false' expected:<true> but was:<false>
	at RegressionTest12.test06402(RegressionTest12.java:3223)
]]></failure>
  </testcase>
  <testcase name="test06403" classname="RegressionTest12" time="0"/>
  <testcase name="test06404" classname="RegressionTest12" time="0"/>
  <testcase name="test06405" classname="RegressionTest12" time="0"/>
  <testcase name="test06406" classname="RegressionTest12" time="0"/>
  <testcase name="test06407" classname="RegressionTest12" time="0"/>
  <testcase name="test06408" classname="RegressionTest12" time="0"/>
  <testcase name="test06409" classname="RegressionTest12" time="0"/>
  <testcase name="test06410" classname="RegressionTest12" time="0"/>
  <testcase name="test06411" classname="RegressionTest12" time="0"/>
  <testcase name="test06412" classname="RegressionTest12" time="0"/>
  <testcase name="test06413" classname="RegressionTest12" time="0"/>
  <testcase name="test06414" classname="RegressionTest12" time="0"/>
  <testcase name="test06415" classname="RegressionTest12" time="0"/>
  <testcase name="test06416" classname="RegressionTest12" time="0"/>
  <testcase name="test06417" classname="RegressionTest12" time="0"/>
  <testcase name="test06418" classname="RegressionTest12" time="0"/>
  <testcase name="test06419" classname="RegressionTest12" time="0"/>
  <testcase name="test06420" classname="RegressionTest12" time="0"/>
  <testcase name="test06421" classname="RegressionTest12" time="0"/>
  <testcase name="test06422" classname="RegressionTest12" time="0"/>
  <testcase name="test06423" classname="RegressionTest12" time="0">
    <failure message="&apos;true&apos; != &apos;false&apos; expected:&lt;true&gt; but was:&lt;false&gt;" type="java.lang.AssertionError"><![CDATA[java.lang.AssertionError: 'true' != 'false' expected:<true> but was:<false>
	at RegressionTest12.test06423(RegressionTest12.java:3391)
]]></failure>
  </testcase>
  <testcase name="test06424" classname="RegressionTest12" time="0"/>
  <testcase name="test06425" classname="RegressionTest12" time="0.001"/>
  <testcase name="test06426" classname="RegressionTest12" time="0"/>
  <testcase name="test06427" classname="RegressionTest12" time="0"/>
  <testcase name="test06428" classname="RegressionTest12" time="0"/>
  <testcase name="test06429" classname="RegressionTest12" time="0"/>
  <testcase name="test06430" classname="RegressionTest12" time="0"/>
  <testcase name="test06431" classname="RegressionTest12" time="0"/>
  <testcase name="test06432" classname="RegressionTest12" time="0">
    <failure message="&apos;true&apos; != &apos;false&apos; expected:&lt;true&gt; but was:&lt;false&gt;" type="java.lang.AssertionError"><![CDATA[java.lang.AssertionError: 'true' != 'false' expected:<true> but was:<false>
	at RegressionTest12.test06432(RegressionTest12.java:3463)
]]></failure>
  </testcase>
  <testcase name="test06433" classname="RegressionTest12" time="0"/>
  <testcase name="test06434" classname="RegressionTest12" time="0"/>
  <testcase name="test06435" classname="RegressionTest12" time="0">
    <failure message="&apos;true&apos; != &apos;false&apos; expected:&lt;true&gt; but was:&lt;false&gt;" type="java.lang.AssertionError"><![CDATA[java.lang.AssertionError: 'true' != 'false' expected:<true> but was:<false>
	at RegressionTest12.test06435(RegressionTest12.java:3487)
]]></failure>
  </testcase>
  <testcase name="test06436" classname="RegressionTest12" time="0"/>
  <testcase name="test06437" classname="RegressionTest12" time="0"/>
  <testcase name="test06438" classname="RegressionTest12" time="0">
    <failure message="&apos;true&apos; != &apos;false&apos; expected:&lt;true&gt; but was:&lt;false&gt;" type="java.lang.AssertionError"><![CDATA[java.lang.AssertionError: 'true' != 'false' expected:<true> but was:<false>
	at RegressionTest12.test06438(RegressionTest12.java:3511)
]]></failure>
  </testcase>
  <testcase name="test06439" classname="RegressionTest12" time="0">
    <failure message="&apos;true&apos; != &apos;false&apos; expected:&lt;true&gt; but was:&lt;false&gt;" type="java.lang.AssertionError"><![CDATA[java.lang.AssertionError: 'true' != 'false' expected:<true> but was:<false>
	at RegressionTest12.test06439(RegressionTest12.java:3519)
]]></failure>
  </testcase>
  <testcase name="test06440" classname="RegressionTest12" time="0"/>
  <testcase name="test06441" classname="RegressionTest12" time="0"/>
  <testcase name="test06442" classname="RegressionTest12" time="0"/>
  <testcase name="test06443" classname="RegressionTest12" time="0"/>
  <testcase name="test06444" classname="RegressionTest12" time="0"/>
  <testcase name="test06445" classname="RegressionTest12" time="0"/>
  <testcase name="test06446" classname="RegressionTest12" time="0"/>
  <testcase name="test06447" classname="RegressionTest12" time="0"/>
  <testcase name="test06448" classname="RegressionTest12" time="0"/>
  <testcase name="test06449" classname="RegressionTest12" time="0">
    <failure message="&apos;true&apos; != &apos;false&apos; expected:&lt;true&gt; but was:&lt;false&gt;" type="java.lang.AssertionError"><![CDATA[java.lang.AssertionError: 'true' != 'false' expected:<true> but was:<false>
	at RegressionTest12.test06449(RegressionTest12.java:3599)
]]></failure>
  </testcase>
  <testcase name="test06450" classname="RegressionTest12" time="0"/>
  <testcase name="test06451" classname="RegressionTest12" time="0"/>
  <testcase name="test06452" classname="RegressionTest12" time="0">
    <failure message="&apos;true&apos; != &apos;false&apos; expected:&lt;true&gt; but was:&lt;false&gt;" type="java.lang.AssertionError"><![CDATA[java.lang.AssertionError: 'true' != 'false' expected:<true> but was:<false>
	at RegressionTest12.test06452(RegressionTest12.java:3623)
]]></failure>
  </testcase>
  <testcase name="test06453" classname="RegressionTest12" time="0"/>
  <testcase name="test06454" classname="RegressionTest12" time="0"/>
  <testcase name="test06455" classname="RegressionTest12" time="0"/>
  <testcase name="test06456" classname="RegressionTest12" time="0"/>
  <testcase name="test06457" classname="RegressionTest12" time="0"/>
  <testcase name="test06458" classname="RegressionTest12" time="0"/>
  <testcase name="test06459" classname="RegressionTest12" time="0"/>
  <testcase name="test06460" classname="RegressionTest12" time="0"/>
  <testcase name="test06461" classname="RegressionTest12" time="0"/>
  <testcase name="test06462" classname="RegressionTest12" time="0"/>
  <testcase name="test06463" classname="RegressionTest12" time="0"/>
  <testcase name="test06464" classname="RegressionTest12" time="0"/>
  <testcase name="test06465" classname="RegressionTest12" time="0"/>
  <testcase name="test06466" classname="RegressionTest12" time="0"/>
  <testcase name="test06467" classname="RegressionTest12" time="0"/>
  <testcase name="test06468" classname="RegressionTest12" time="0"/>
  <testcase name="test06469" classname="RegressionTest12" time="0.001"/>
  <testcase name="test06470" classname="RegressionTest12" time="0"/>
  <testcase name="test06471" classname="RegressionTest12" time="0"/>
  <testcase name="test06472" classname="RegressionTest12" time="0"/>
  <testcase name="test06473" classname="RegressionTest12" time="0"/>
  <testcase name="test06474" classname="RegressionTest12" time="0"/>
  <testcase name="test06475" classname="RegressionTest12" time="0"/>
  <testcase name="test06476" classname="RegressionTest12" time="0"/>
  <testcase name="test06477" classname="RegressionTest12" time="0"/>
  <testcase name="test06478" classname="RegressionTest12" time="0">
    <failure message="&apos;true&apos; != &apos;false&apos; expected:&lt;true&gt; but was:&lt;false&gt;" type="java.lang.AssertionError"><![CDATA[java.lang.AssertionError: 'true' != 'false' expected:<true> but was:<false>
	at RegressionTest12.test06478(RegressionTest12.java:3831)
]]></failure>
  </testcase>
  <testcase name="test06479" classname="RegressionTest12" time="0"/>
  <testcase name="test06480" classname="RegressionTest12" time="0"/>
  <testcase name="test06481" classname="RegressionTest12" time="0"/>
  <testcase name="test06482" classname="RegressionTest12" time="0"/>
  <testcase name="test06483" classname="RegressionTest12" time="0"/>
  <testcase name="test06484" classname="RegressionTest12" time="0"/>
  <testcase name="test06485" classname="RegressionTest12" time="0"/>
  <testcase name="test06486" classname="RegressionTest12" time="0"/>
  <testcase name="test06487" classname="RegressionTest12" time="0"/>
  <testcase name="test06488" classname="RegressionTest12" time="0"/>
  <testcase name="test06489" classname="RegressionTest12" time="0"/>
  <testcase name="test06490" classname="RegressionTest12" time="0"/>
  <testcase name="test06491" classname="RegressionTest12" time="0"/>
  <testcase name="test06492" classname="RegressionTest12" time="0"/>
  <testcase name="test06493" classname="RegressionTest12" time="0"/>
  <testcase name="test06494" classname="RegressionTest12" time="0"/>
  <testcase name="test06495" classname="RegressionTest12" time="0">
    <failure message="&apos;true&apos; != &apos;false&apos; expected:&lt;true&gt; but was:&lt;false&gt;" type="java.lang.AssertionError"><![CDATA[java.lang.AssertionError: 'true' != 'false' expected:<true> but was:<false>
	at RegressionTest12.test06495(RegressionTest12.java:3967)
]]></failure>
  </testcase>
  <testcase name="test06496" classname="RegressionTest12" time="0"/>
  <testcase name="test06497" classname="RegressionTest12" time="0"/>
  <testcase name="test06498" classname="RegressionTest12" time="0"/>
  <testcase name="test06499" classname="RegressionTest12" time="0"/>
  <testcase name="test06500" classname="RegressionTest12" time="0"/>
  <testcase name="test06501" classname="RegressionTest13" time="0"/>
  <testcase name="test06502" classname="RegressionTest13" time="0"/>
  <testcase name="test06503" classname="RegressionTest13" time="0"/>
  <testcase name="test06504" classname="RegressionTest13" time="0"/>
  <testcase name="test06505" classname="RegressionTest13" time="0"/>
  <testcase name="test06506" classname="RegressionTest13" time="0.001"/>
  <testcase name="test06507" classname="RegressionTest13" time="0"/>
  <testcase name="test06508" classname="RegressionTest13" time="0"/>
  <testcase name="test06509" classname="RegressionTest13" time="0"/>
  <testcase name="test06510" classname="RegressionTest13" time="0"/>
  <testcase name="test06511" classname="RegressionTest13" time="0"/>
  <testcase name="test06512" classname="RegressionTest13" time="0"/>
  <testcase name="test06513" classname="RegressionTest13" time="0"/>
  <testcase name="test06514" classname="RegressionTest13" time="0"/>
  <testcase name="test06515" classname="RegressionTest13" time="0"/>
  <testcase name="test06516" classname="RegressionTest13" time="0"/>
  <testcase name="test06517" classname="RegressionTest13" time="0"/>
  <testcase name="test06518" classname="RegressionTest13" time="0"/>
  <testcase name="test06519" classname="RegressionTest13" time="0"/>
  <testcase name="test06520" classname="RegressionTest13" time="0"/>
  <testcase name="test06521" classname="RegressionTest13" time="0"/>
  <testcase name="test06522" classname="RegressionTest13" time="0"/>
  <testcase name="test06523" classname="RegressionTest13" time="0"/>
  <testcase name="test06524" classname="RegressionTest13" time="0"/>
  <testcase name="test06525" classname="RegressionTest13" time="0"/>
  <testcase name="test06526" classname="RegressionTest13" time="0"/>
  <testcase name="test06527" classname="RegressionTest13" time="0"/>
  <testcase name="test06528" classname="RegressionTest13" time="0"/>
  <testcase name="test06529" classname="RegressionTest13" time="0"/>
  <testcase name="test06530" classname="RegressionTest13" time="0"/>
  <testcase name="test06531" classname="RegressionTest13" time="0"/>
  <testcase name="test06532" classname="RegressionTest13" time="0"/>
  <testcase name="test06533" classname="RegressionTest13" time="0"/>
  <testcase name="test06534" classname="RegressionTest13" time="0"/>
  <testcase name="test06535" classname="RegressionTest13" time="0">
    <failure message="&apos;true&apos; != &apos;false&apos; expected:&lt;true&gt; but was:&lt;false&gt;" type="java.lang.AssertionError"><![CDATA[java.lang.AssertionError: 'true' != 'false' expected:<true> but was:<false>
	at RegressionTest13.test06535(RegressionTest13.java:287)
]]></failure>
  </testcase>
  <testcase name="test06536" classname="RegressionTest13" time="0"/>
  <testcase name="test06537" classname="RegressionTest13" time="0">
    <failure message="&apos;true&apos; != &apos;false&apos; expected:&lt;true&gt; but was:&lt;false&gt;" type="java.lang.AssertionError"><![CDATA[java.lang.AssertionError: 'true' != 'false' expected:<true> but was:<false>
	at RegressionTest13.test06537(RegressionTest13.java:303)
]]></failure>
  </testcase>
  <testcase name="test06538" classname="RegressionTest13" time="0"/>
  <testcase name="test06539" classname="RegressionTest13" time="0"/>
  <testcase name="test06540" classname="RegressionTest13" time="0"/>
  <testcase name="test06541" classname="RegressionTest13" time="0"/>
  <testcase name="test06542" classname="RegressionTest13" time="0"/>
  <testcase name="test06543" classname="RegressionTest13" time="0"/>
  <testcase name="test06544" classname="RegressionTest13" time="0"/>
  <testcase name="test06545" classname="RegressionTest13" time="0.001"/>
  <testcase name="test06546" classname="RegressionTest13" time="0"/>
  <testcase name="test06547" classname="RegressionTest13" time="0"/>
  <testcase name="test06548" classname="RegressionTest13" time="0"/>
  <testcase name="test06549" classname="RegressionTest13" time="0"/>
  <testcase name="test06550" classname="RegressionTest13" time="0">
    <failure message="&apos;true&apos; != &apos;false&apos; expected:&lt;true&gt; but was:&lt;false&gt;" type="java.lang.AssertionError"><![CDATA[java.lang.AssertionError: 'true' != 'false' expected:<true> but was:<false>
	at RegressionTest13.test06550(RegressionTest13.java:407)
]]></failure>
  </testcase>
  <testcase name="test06551" classname="RegressionTest13" time="0"/>
  <testcase name="test06552" classname="RegressionTest13" time="0"/>
  <testcase name="test06553" classname="RegressionTest13" time="0"/>
  <testcase name="test06554" classname="RegressionTest13" time="0"/>
  <testcase name="test06555" classname="RegressionTest13" time="0"/>
  <testcase name="test06556" classname="RegressionTest13" time="0"/>
  <testcase name="test06557" classname="RegressionTest13" time="0"/>
  <testcase name="test06558" classname="RegressionTest13" time="0"/>
  <testcase name="test06559" classname="RegressionTest13" time="0"/>
  <testcase name="test06560" classname="RegressionTest13" time="0"/>
  <testcase name="test06561" classname="RegressionTest13" time="0"/>
  <testcase name="test06562" classname="RegressionTest13" time="0"/>
  <testcase name="test06563" classname="RegressionTest13" time="0"/>
  <testcase name="test06564" classname="RegressionTest13" time="0"/>
  <testcase name="test06565" classname="RegressionTest13" time="0"/>
  <testcase name="test06566" classname="RegressionTest13" time="0"/>
  <testcase name="test06567" classname="RegressionTest13" time="0">
    <failure message="&apos;true&apos; != &apos;false&apos; expected:&lt;true&gt; but was:&lt;false&gt;" type="java.lang.AssertionError"><![CDATA[java.lang.AssertionError: 'true' != 'false' expected:<true> but was:<false>
	at RegressionTest13.test06567(RegressionTest13.java:543)
]]></failure>
  </testcase>
  <testcase name="test06568" classname="RegressionTest13" time="0"/>
  <testcase name="test06569" classname="RegressionTest13" time="0"/>
  <testcase name="test06570" classname="RegressionTest13" time="0">
    <failure message="&apos;true&apos; != &apos;false&apos; expected:&lt;true&gt; but was:&lt;false&gt;" type="java.lang.AssertionError"><![CDATA[java.lang.AssertionError: 'true' != 'false' expected:<true> but was:<false>
	at RegressionTest13.test06570(RegressionTest13.java:567)
]]></failure>
  </testcase>
  <testcase name="test06571" classname="RegressionTest13" time="0"/>
  <testcase name="test06572" classname="RegressionTest13" time="0"/>
  <testcase name="test06573" classname="RegressionTest13" time="0"/>
  <testcase name="test06574" classname="RegressionTest13" time="0"/>
  <testcase name="test06575" classname="RegressionTest13" time="0"/>
  <testcase name="test06576" classname="RegressionTest13" time="0"/>
  <testcase name="test06577" classname="RegressionTest13" time="0"/>
  <testcase name="test06578" classname="RegressionTest13" time="0"/>
  <testcase name="test06579" classname="RegressionTest13" time="0"/>
  <testcase name="test06580" classname="RegressionTest13" time="0"/>
  <testcase name="test06581" classname="RegressionTest13" time="0"/>
  <testcase name="test06582" classname="RegressionTest13" time="0"/>
  <testcase name="test06583" classname="RegressionTest13" time="0"/>
  <testcase name="test06584" classname="RegressionTest13" time="0"/>
  <testcase name="test06585" classname="RegressionTest13" time="0"/>
  <testcase name="test06586" classname="RegressionTest13" time="0"/>
  <testcase name="test06587" classname="RegressionTest13" time="0"/>
  <testcase name="test06588" classname="RegressionTest13" time="0"/>
  <testcase name="test06589" classname="RegressionTest13" time="0"/>
  <testcase name="test06590" classname="RegressionTest13" time="0.001"/>
  <testcase name="test06591" classname="RegressionTest13" time="0"/>
  <testcase name="test06592" classname="RegressionTest13" time="0"/>
  <testcase name="test06593" classname="RegressionTest13" time="0"/>
  <testcase name="test06594" classname="RegressionTest13" time="0"/>
  <testcase name="test06595" classname="RegressionTest13" time="0"/>
  <testcase name="test06596" classname="RegressionTest13" time="0"/>
  <testcase name="test06597" classname="RegressionTest13" time="0"/>
  <testcase name="test06598" classname="RegressionTest13" time="0"/>
  <testcase name="test06599" classname="RegressionTest13" time="0"/>
  <testcase name="test06600" classname="RegressionTest13" time="0"/>
  <testcase name="test06601" classname="RegressionTest13" time="0"/>
  <testcase name="test06602" classname="RegressionTest13" time="0"/>
  <testcase name="test06603" classname="RegressionTest13" time="0"/>
  <testcase name="test06604" classname="RegressionTest13" time="0">
    <failure message="&apos;true&apos; != &apos;false&apos; expected:&lt;true&gt; but was:&lt;false&gt;" type="java.lang.AssertionError"><![CDATA[java.lang.AssertionError: 'true' != 'false' expected:<true> but was:<false>
	at RegressionTest13.test06604(RegressionTest13.java:839)
]]></failure>
  </testcase>
  <testcase name="test06605" classname="RegressionTest13" time="0"/>
  <testcase name="test06606" classname="RegressionTest13" time="0"/>
  <testcase name="test06607" classname="RegressionTest13" time="0"/>
  <testcase name="test06608" classname="RegressionTest13" time="0"/>
  <testcase name="test06609" classname="RegressionTest13" time="0"/>
  <testcase name="test06610" classname="RegressionTest13" time="0"/>
  <testcase name="test06611" classname="RegressionTest13" time="0"/>
  <testcase name="test06612" classname="RegressionTest13" time="0"/>
  <testcase name="test06613" classname="RegressionTest13" time="0">
    <failure message="&apos;true&apos; != &apos;false&apos; expected:&lt;true&gt; but was:&lt;false&gt;" type="java.lang.AssertionError"><![CDATA[java.lang.AssertionError: 'true' != 'false' expected:<true> but was:<false>
	at RegressionTest13.test06613(RegressionTest13.java:911)
]]></failure>
  </testcase>
  <testcase name="test06614" classname="RegressionTest13" time="0"/>
  <testcase name="test06615" classname="RegressionTest13" time="0"/>
  <testcase name="test06616" classname="RegressionTest13" time="0"/>
  <testcase name="test06617" classname="RegressionTest13" time="0"/>
  <testcase name="test06618" classname="RegressionTest13" time="0">
    <failure message="&apos;true&apos; != &apos;false&apos; expected:&lt;true&gt; but was:&lt;false&gt;" type="java.lang.AssertionError"><![CDATA[java.lang.AssertionError: 'true' != 'false' expected:<true> but was:<false>
	at RegressionTest13.test06618(RegressionTest13.java:951)
]]></failure>
  </testcase>
  <testcase name="test06619" classname="RegressionTest13" time="0"/>
  <testcase name="test06620" classname="RegressionTest13" time="0"/>
  <testcase name="test06621" classname="RegressionTest13" time="0"/>
  <testcase name="test06622" classname="RegressionTest13" time="0"/>
  <testcase name="test06623" classname="RegressionTest13" time="0"/>
  <testcase name="test06624" classname="RegressionTest13" time="0"/>
  <testcase name="test06625" classname="RegressionTest13" time="0"/>
  <testcase name="test06626" classname="RegressionTest13" time="0"/>
  <testcase name="test06627" classname="RegressionTest13" time="0"/>
  <testcase name="test06628" classname="RegressionTest13" time="0"/>
  <testcase name="test06629" classname="RegressionTest13" time="0"/>
  <testcase name="test06630" classname="RegressionTest13" time="0"/>
  <testcase name="test06631" classname="RegressionTest13" time="0"/>
  <testcase name="test06632" classname="RegressionTest13" time="0"/>
  <testcase name="test06633" classname="RegressionTest13" time="0"/>
  <testcase name="test06634" classname="RegressionTest13" time="0"/>
  <testcase name="test06635" classname="RegressionTest13" time="0.001"/>
  <testcase name="test06636" classname="RegressionTest13" time="0"/>
  <testcase name="test06637" classname="RegressionTest13" time="0"/>
  <testcase name="test06638" classname="RegressionTest13" time="0"/>
  <testcase name="test06639" classname="RegressionTest13" time="0"/>
  <testcase name="test06640" classname="RegressionTest13" time="0">
    <failure message="&apos;true&apos; != &apos;false&apos; expected:&lt;true&gt; but was:&lt;false&gt;" type="java.lang.AssertionError"><![CDATA[java.lang.AssertionError: 'true' != 'false' expected:<true> but was:<false>
	at RegressionTest13.test06640(RegressionTest13.java:1127)
]]></failure>
  </testcase>
  <testcase name="test06641" classname="RegressionTest13" time="0"/>
  <testcase name="test06642" classname="RegressionTest13" time="0"/>
  <testcase name="test06643" classname="RegressionTest13" time="0"/>
  <testcase name="test06644" classname="RegressionTest13" time="0"/>
  <testcase name="test06645" classname="RegressionTest13" time="0"/>
  <testcase name="test06646" classname="RegressionTest13" time="0"/>
  <testcase name="test06647" classname="RegressionTest13" time="0"/>
  <testcase name="test06648" classname="RegressionTest13" time="0"/>
  <testcase name="test06649" classname="RegressionTest13" time="0"/>
  <testcase name="test06650" classname="RegressionTest13" time="0"/>
  <testcase name="test06651" classname="RegressionTest13" time="0"/>
  <testcase name="test06652" classname="RegressionTest13" time="0"/>
  <testcase name="test06653" classname="RegressionTest13" time="0"/>
  <testcase name="test06654" classname="RegressionTest13" time="0"/>
  <testcase name="test06655" classname="RegressionTest13" time="0"/>
  <testcase name="test06656" classname="RegressionTest13" time="0">
    <failure message="&apos;true&apos; != &apos;false&apos; expected:&lt;true&gt; but was:&lt;false&gt;" type="java.lang.AssertionError"><![CDATA[java.lang.AssertionError: 'true' != 'false' expected:<true> but was:<false>
	at RegressionTest13.test06656(RegressionTest13.java:1255)
]]></failure>
  </testcase>
  <testcase name="test06657" classname="RegressionTest13" time="0"/>
  <testcase name="test06658" classname="RegressionTest13" time="0">
    <failure message="&apos;true&apos; != &apos;false&apos; expected:&lt;true&gt; but was:&lt;false&gt;" type="java.lang.AssertionError"><![CDATA[java.lang.AssertionError: 'true' != 'false' expected:<true> but was:<false>
	at RegressionTest13.test06658(RegressionTest13.java:1271)
]]></failure>
  </testcase>
  <testcase name="test06659" classname="RegressionTest13" time="0"/>
  <testcase name="test06660" classname="RegressionTest13" time="0"/>
  <testcase name="test06661" classname="RegressionTest13" time="0"/>
  <testcase name="test06662" classname="RegressionTest13" time="0"/>
  <testcase name="test06663" classname="RegressionTest13" time="0"/>
  <testcase name="test06664" classname="RegressionTest13" time="0"/>
  <testcase name="test06665" classname="RegressionTest13" time="0">
    <failure message="&apos;true&apos; != &apos;false&apos; expected:&lt;true&gt; but was:&lt;false&gt;" type="java.lang.AssertionError"><![CDATA[java.lang.AssertionError: 'true' != 'false' expected:<true> but was:<false>
	at RegressionTest13.test06665(RegressionTest13.java:1327)
]]></failure>
  </testcase>
  <testcase name="test06666" classname="RegressionTest13" time="0"/>
  <testcase name="test06667" classname="RegressionTest13" time="0"/>
  <testcase name="test06668" classname="RegressionTest13" time="0">
    <failure message="&apos;true&apos; != &apos;false&apos; expected:&lt;true&gt; but was:&lt;false&gt;" type="java.lang.AssertionError"><![CDATA[java.lang.AssertionError: 'true' != 'false' expected:<true> but was:<false>
	at RegressionTest13.test06668(RegressionTest13.java:1351)
]]></failure>
  </testcase>
  <testcase name="test06669" classname="RegressionTest13" time="0"/>
  <testcase name="test06670" classname="RegressionTest13" time="0"/>
  <testcase name="test06671" classname="RegressionTest13" time="0"/>
  <testcase name="test06672" classname="RegressionTest13" time="0"/>
  <testcase name="test06673" classname="RegressionTest13" time="0.001"/>
  <testcase name="test06674" classname="RegressionTest13" time="0">
    <failure message="&apos;true&apos; != &apos;false&apos; expected:&lt;true&gt; but was:&lt;false&gt;" type="java.lang.AssertionError"><![CDATA[java.lang.AssertionError: 'true' != 'false' expected:<true> but was:<false>
	at RegressionTest13.test06674(RegressionTest13.java:1399)
]]></failure>
  </testcase>
  <testcase name="test06675" classname="RegressionTest13" time="0">
    <failure message="&apos;true&apos; != &apos;false&apos; expected:&lt;true&gt; but was:&lt;false&gt;" type="java.lang.AssertionError"><![CDATA[java.lang.AssertionError: 'true' != 'false' expected:<true> but was:<false>
	at RegressionTest13.test06675(RegressionTest13.java:1407)
]]></failure>
  </testcase>
  <testcase name="test06676" classname="RegressionTest13" time="0"/>
  <testcase name="test06677" classname="RegressionTest13" time="0"/>
  <testcase name="test06678" classname="RegressionTest13" time="0"/>
  <testcase name="test06679" classname="RegressionTest13" time="0"/>
  <testcase name="test06680" classname="RegressionTest13" time="0"/>
  <testcase name="test06681" classname="RegressionTest13" time="0"/>
  <testcase name="test06682" classname="RegressionTest13" time="0"/>
  <testcase name="test06683" classname="RegressionTest13" time="0"/>
  <testcase name="test06684" classname="RegressionTest13" time="0"/>
  <testcase name="test06685" classname="RegressionTest13" time="0"/>
  <testcase name="test06686" classname="RegressionTest13" time="0"/>
  <testcase name="test06687" classname="RegressionTest13" time="0"/>
  <testcase name="test06688" classname="RegressionTest13" time="0">
    <failure message="&apos;true&apos; != &apos;false&apos; expected:&lt;true&gt; but was:&lt;false&gt;" type="java.lang.AssertionError"><![CDATA[java.lang.AssertionError: 'true' != 'false' expected:<true> but was:<false>
	at RegressionTest13.test06688(RegressionTest13.java:1511)
]]></failure>
  </testcase>
  <testcase name="test06689" classname="RegressionTest13" time="0"/>
  <testcase name="test06690" classname="RegressionTest13" time="0"/>
  <testcase name="test06691" classname="RegressionTest13" time="0"/>
  <testcase name="test06692" classname="RegressionTest13" time="0"/>
  <testcase name="test06693" classname="RegressionTest13" time="0"/>
  <testcase name="test06694" classname="RegressionTest13" time="0"/>
  <testcase name="test06695" classname="RegressionTest13" time="0"/>
  <testcase name="test06696" classname="RegressionTest13" time="0"/>
  <testcase name="test06697" classname="RegressionTest13" time="0"/>
  <testcase name="test06698" classname="RegressionTest13" time="0"/>
  <testcase name="test06699" classname="RegressionTest13" time="0">
    <failure message="&apos;true&apos; != &apos;false&apos; expected:&lt;true&gt; but was:&lt;false&gt;" type="java.lang.AssertionError"><![CDATA[java.lang.AssertionError: 'true' != 'false' expected:<true> but was:<false>
	at RegressionTest13.test06699(RegressionTest13.java:1599)
]]></failure>
  </testcase>
  <testcase name="test06700" classname="RegressionTest13" time="0">
    <failure message="&apos;true&apos; != &apos;false&apos; expected:&lt;true&gt; but was:&lt;false&gt;" type="java.lang.AssertionError"><![CDATA[java.lang.AssertionError: 'true' != 'false' expected:<true> but was:<false>
	at RegressionTest13.test06700(RegressionTest13.java:1607)
]]></failure>
  </testcase>
  <testcase name="test06701" classname="RegressionTest13" time="0"/>
  <testcase name="test06702" classname="RegressionTest13" time="0"/>
  <testcase name="test06703" classname="RegressionTest13" time="0"/>
  <testcase name="test06704" classname="RegressionTest13" time="0"/>
  <testcase name="test06705" classname="RegressionTest13" time="0"/>
  <testcase name="test06706" classname="RegressionTest13" time="0"/>
  <testcase name="test06707" classname="RegressionTest13" time="0"/>
  <testcase name="test06708" classname="RegressionTest13" time="0"/>
  <testcase name="test06709" classname="RegressionTest13" time="0"/>
  <testcase name="test06710" classname="RegressionTest13" time="0"/>
  <testcase name="test06711" classname="RegressionTest13" time="0"/>
  <testcase name="test06712" classname="RegressionTest13" time="0"/>
  <testcase name="test06713" classname="RegressionTest13" time="0"/>
  <testcase name="test06714" classname="RegressionTest13" time="0"/>
  <testcase name="test06715" classname="RegressionTest13" time="0"/>
  <testcase name="test06716" classname="RegressionTest13" time="0.001"/>
  <testcase name="test06717" classname="RegressionTest13" time="0"/>
  <testcase name="test06718" classname="RegressionTest13" time="0"/>
  <testcase name="test06719" classname="RegressionTest13" time="0">
    <failure message="&apos;true&apos; != &apos;false&apos; expected:&lt;true&gt; but was:&lt;false&gt;" type="java.lang.AssertionError"><![CDATA[java.lang.AssertionError: 'true' != 'false' expected:<true> but was:<false>
	at RegressionTest13.test06719(RegressionTest13.java:1759)
]]></failure>
  </testcase>
  <testcase name="test06720" classname="RegressionTest13" time="0"/>
  <testcase name="test06721" classname="RegressionTest13" time="0"/>
  <testcase name="test06722" classname="RegressionTest13" time="0"/>
  <testcase name="test06723" classname="RegressionTest13" time="0">
    <failure message="&apos;true&apos; != &apos;false&apos; expected:&lt;true&gt; but was:&lt;false&gt;" type="java.lang.AssertionError"><![CDATA[java.lang.AssertionError: 'true' != 'false' expected:<true> but was:<false>
	at RegressionTest13.test06723(RegressionTest13.java:1791)
]]></failure>
  </testcase>
  <testcase name="test06724" classname="RegressionTest13" time="0"/>
  <testcase name="test06725" classname="RegressionTest13" time="0"/>
  <testcase name="test06726" classname="RegressionTest13" time="0"/>
  <testcase name="test06727" classname="RegressionTest13" time="0"/>
  <testcase name="test06728" classname="RegressionTest13" time="0"/>
  <testcase name="test06729" classname="RegressionTest13" time="0"/>
  <testcase name="test06730" classname="RegressionTest13" time="0"/>
  <testcase name="test06731" classname="RegressionTest13" time="0">
    <failure message="&apos;true&apos; != &apos;false&apos; expected:&lt;true&gt; but was:&lt;false&gt;" type="java.lang.AssertionError"><![CDATA[java.lang.AssertionError: 'true' != 'false' expected:<true> but was:<false>
	at RegressionTest13.test06731(RegressionTest13.java:1855)
]]></failure>
  </testcase>
  <testcase name="test06732" classname="RegressionTest13" time="0"/>
  <testcase name="test06733" classname="RegressionTest13" time="0"/>
  <testcase name="test06734" classname="RegressionTest13" time="0"/>
  <testcase name="test06735" classname="RegressionTest13" time="0"/>
  <testcase name="test06736" classname="RegressionTest13" time="0"/>
  <testcase name="test06737" classname="RegressionTest13" time="0"/>
  <testcase name="test06738" classname="RegressionTest13" time="0"/>
  <testcase name="test06739" classname="RegressionTest13" time="0"/>
  <testcase name="test06740" classname="RegressionTest13" time="0">
    <failure message="&apos;true&apos; != &apos;false&apos; expected:&lt;true&gt; but was:&lt;false&gt;" type="java.lang.AssertionError"><![CDATA[java.lang.AssertionError: 'true' != 'false' expected:<true> but was:<false>
	at RegressionTest13.test06740(RegressionTest13.java:1927)
]]></failure>
  </testcase>
  <testcase name="test06741" classname="RegressionTest13" time="0"/>
  <testcase name="test06742" classname="RegressionTest13" time="0"/>
  <testcase name="test06743" classname="RegressionTest13" time="0"/>
  <testcase name="test06744" classname="RegressionTest13" time="0"/>
  <testcase name="test06745" classname="RegressionTest13" time="0"/>
  <testcase name="test06746" classname="RegressionTest13" time="0"/>
  <testcase name="test06747" classname="RegressionTest13" time="0"/>
  <testcase name="test06748" classname="RegressionTest13" time="0">
    <failure message="&apos;true&apos; != &apos;false&apos; expected:&lt;true&gt; but was:&lt;false&gt;" type="java.lang.AssertionError"><![CDATA[java.lang.AssertionError: 'true' != 'false' expected:<true> but was:<false>
	at RegressionTest13.test06748(RegressionTest13.java:1991)
]]></failure>
  </testcase>
  <testcase name="test06749" classname="RegressionTest13" time="0"/>
  <testcase name="test06750" classname="RegressionTest13" time="0"/>
  <testcase name="test06751" classname="RegressionTest13" time="0"/>
  <testcase name="test06752" classname="RegressionTest13" time="0"/>
  <testcase name="test06753" classname="RegressionTest13" time="0"/>
  <testcase name="test06754" classname="RegressionTest13" time="0"/>
  <testcase name="test06755" classname="RegressionTest13" time="0"/>
  <testcase name="test06756" classname="RegressionTest13" time="0"/>
  <testcase name="test06757" classname="RegressionTest13" time="0.001">
    <failure message="&apos;true&apos; != &apos;false&apos; expected:&lt;true&gt; but was:&lt;false&gt;" type="java.lang.AssertionError"><![CDATA[java.lang.AssertionError: 'true' != 'false' expected:<true> but was:<false>
	at RegressionTest13.test06757(RegressionTest13.java:2063)
]]></failure>
  </testcase>
  <testcase name="test06758" classname="RegressionTest13" time="0">
    <failure message="&apos;true&apos; != &apos;false&apos; expected:&lt;true&gt; but was:&lt;false&gt;" type="java.lang.AssertionError"><![CDATA[java.lang.AssertionError: 'true' != 'false' expected:<true> but was:<false>
	at RegressionTest13.test06758(RegressionTest13.java:2071)
]]></failure>
  </testcase>
  <testcase name="test06759" classname="RegressionTest13" time="0"/>
  <testcase name="test06760" classname="RegressionTest13" time="0"/>
  <testcase name="test06761" classname="RegressionTest13" time="0"/>
  <testcase name="test06762" classname="RegressionTest13" time="0"/>
  <testcase name="test06763" classname="RegressionTest13" time="0"/>
  <testcase name="test06764" classname="RegressionTest13" time="0"/>
  <testcase name="test06765" classname="RegressionTest13" time="0"/>
  <testcase name="test06766" classname="RegressionTest13" time="0"/>
  <testcase name="test06767" classname="RegressionTest13" time="0"/>
  <testcase name="test06768" classname="RegressionTest13" time="0"/>
  <testcase name="test06769" classname="RegressionTest13" time="0"/>
  <testcase name="test06770" classname="RegressionTest13" time="0"/>
  <testcase name="test06771" classname="RegressionTest13" time="0"/>
  <testcase name="test06772" classname="RegressionTest13" time="0"/>
  <testcase name="test06773" classname="RegressionTest13" time="0"/>
  <testcase name="test06774" classname="RegressionTest13" time="0"/>
  <testcase name="test06775" classname="RegressionTest13" time="0"/>
  <testcase name="test06776" classname="RegressionTest13" time="0">
    <failure message="&apos;true&apos; != &apos;false&apos; expected:&lt;true&gt; but was:&lt;false&gt;" type="java.lang.AssertionError"><![CDATA[java.lang.AssertionError: 'true' != 'false' expected:<true> but was:<false>
	at RegressionTest13.test06776(RegressionTest13.java:2215)
]]></failure>
  </testcase>
  <testcase name="test06777" classname="RegressionTest13" time="0"/>
  <testcase name="test06778" classname="RegressionTest13" time="0"/>
  <testcase name="test06779" classname="RegressionTest13" time="0"/>
  <testcase name="test06780" classname="RegressionTest13" time="0"/>
  <testcase name="test06781" classname="RegressionTest13" time="0"/>
  <testcase name="test06782" classname="RegressionTest13" time="0"/>
  <testcase name="test06783" classname="RegressionTest13" time="0"/>
  <testcase name="test06784" classname="RegressionTest13" time="0"/>
  <testcase name="test06785" classname="RegressionTest13" time="0"/>
  <testcase name="test06786" classname="RegressionTest13" time="0"/>
  <testcase name="test06787" classname="RegressionTest13" time="0"/>
  <testcase name="test06788" classname="RegressionTest13" time="0"/>
  <testcase name="test06789" classname="RegressionTest13" time="0"/>
  <testcase name="test06790" classname="RegressionTest13" time="0"/>
  <testcase name="test06791" classname="RegressionTest13" time="0"/>
  <testcase name="test06792" classname="RegressionTest13" time="0"/>
  <testcase name="test06793" classname="RegressionTest13" time="0"/>
  <testcase name="test06794" classname="RegressionTest13" time="0"/>
  <testcase name="test06795" classname="RegressionTest13" time="0"/>
  <testcase name="test06796" classname="RegressionTest13" time="0"/>
  <testcase name="test06797" classname="RegressionTest13" time="0"/>
  <testcase name="test06798" classname="RegressionTest13" time="0">
    <failure message="&apos;true&apos; != &apos;false&apos; expected:&lt;true&gt; but was:&lt;false&gt;" type="java.lang.AssertionError"><![CDATA[java.lang.AssertionError: 'true' != 'false' expected:<true> but was:<false>
	at RegressionTest13.test06798(RegressionTest13.java:2391)
]]></failure>
  </testcase>
  <testcase name="test06799" classname="RegressionTest13" time="0"/>
  <testcase name="test06800" classname="RegressionTest13" time="0"/>
  <testcase name="test06801" classname="RegressionTest13" time="0"/>
  <testcase name="test06802" classname="RegressionTest13" time="0"/>
  <testcase name="test06803" classname="RegressionTest13" time="0"/>
  <testcase name="test06804" classname="RegressionTest13" time="0"/>
  <testcase name="test06805" classname="RegressionTest13" time="0"/>
  <testcase name="test06806" classname="RegressionTest13" time="0.001">
    <failure message="&apos;true&apos; != &apos;false&apos; expected:&lt;true&gt; but was:&lt;false&gt;" type="java.lang.AssertionError"><![CDATA[java.lang.AssertionError: 'true' != 'false' expected:<true> but was:<false>
	at RegressionTest13.test06806(RegressionTest13.java:2455)
]]></failure>
  </testcase>
  <testcase name="test06807" classname="RegressionTest13" time="0"/>
  <testcase name="test06808" classname="RegressionTest13" time="0"/>
  <testcase name="test06809" classname="RegressionTest13" time="0"/>
  <testcase name="test06810" classname="RegressionTest13" time="0"/>
  <testcase name="test06811" classname="RegressionTest13" time="0"/>
  <testcase name="test06812" classname="RegressionTest13" time="0"/>
  <testcase name="test06813" classname="RegressionTest13" time="0"/>
  <testcase name="test06814" classname="RegressionTest13" time="0">
    <failure message="&apos;true&apos; != &apos;false&apos; expected:&lt;true&gt; but was:&lt;false&gt;" type="java.lang.AssertionError"><![CDATA[java.lang.AssertionError: 'true' != 'false' expected:<true> but was:<false>
	at RegressionTest13.test06814(RegressionTest13.java:2519)
]]></failure>
  </testcase>
  <testcase name="test06815" classname="RegressionTest13" time="0"/>
  <testcase name="test06816" classname="RegressionTest13" time="0"/>
  <testcase name="test06817" classname="RegressionTest13" time="0"/>
  <testcase name="test06818" classname="RegressionTest13" time="0"/>
  <testcase name="test06819" classname="RegressionTest13" time="0"/>
  <testcase name="test06820" classname="RegressionTest13" time="0"/>
  <testcase name="test06821" classname="RegressionTest13" time="0"/>
  <testcase name="test06822" classname="RegressionTest13" time="0"/>
  <testcase name="test06823" classname="RegressionTest13" time="0"/>
  <testcase name="test06824" classname="RegressionTest13" time="0"/>
  <testcase name="test06825" classname="RegressionTest13" time="0"/>
  <testcase name="test06826" classname="RegressionTest13" time="0"/>
  <testcase name="test06827" classname="RegressionTest13" time="0"/>
  <testcase name="test06828" classname="RegressionTest13" time="0"/>
  <testcase name="test06829" classname="RegressionTest13" time="0"/>
  <testcase name="test06830" classname="RegressionTest13" time="0"/>
  <testcase name="test06831" classname="RegressionTest13" time="0"/>
  <testcase name="test06832" classname="RegressionTest13" time="0"/>
  <testcase name="test06833" classname="RegressionTest13" time="0"/>
  <testcase name="test06834" classname="RegressionTest13" time="0"/>
  <testcase name="test06835" classname="RegressionTest13" time="0"/>
  <testcase name="test06836" classname="RegressionTest13" time="0"/>
  <testcase name="test06837" classname="RegressionTest13" time="0"/>
  <testcase name="test06838" classname="RegressionTest13" time="0"/>
  <testcase name="test06839" classname="RegressionTest13" time="0"/>
  <testcase name="test06840" classname="RegressionTest13" time="0"/>
  <testcase name="test06841" classname="RegressionTest13" time="0"/>
  <testcase name="test06842" classname="RegressionTest13" time="0"/>
  <testcase name="test06843" classname="RegressionTest13" time="0"/>
  <testcase name="test06844" classname="RegressionTest13" time="0"/>
  <testcase name="test06845" classname="RegressionTest13" time="0"/>
  <testcase name="test06846" classname="RegressionTest13" time="0"/>
  <testcase name="test06847" classname="RegressionTest13" time="0"/>
  <testcase name="test06848" classname="RegressionTest13" time="0"/>
  <testcase name="test06849" classname="RegressionTest13" time="0"/>
  <testcase name="test06850" classname="RegressionTest13" time="0"/>
  <testcase name="test06851" classname="RegressionTest13" time="0"/>
  <testcase name="test06852" classname="RegressionTest13" time="0"/>
  <testcase name="test06853" classname="RegressionTest13" time="0"/>
  <testcase name="test06854" classname="RegressionTest13" time="0.001"/>
  <testcase name="test06855" classname="RegressionTest13" time="0"/>
  <testcase name="test06856" classname="RegressionTest13" time="0"/>
  <testcase name="test06857" classname="RegressionTest13" time="0">
    <failure message="&apos;true&apos; != &apos;false&apos; expected:&lt;true&gt; but was:&lt;false&gt;" type="java.lang.AssertionError"><![CDATA[java.lang.AssertionError: 'true' != 'false' expected:<true> but was:<false>
	at RegressionTest13.test06857(RegressionTest13.java:2863)
]]></failure>
  </testcase>
  <testcase name="test06858" classname="RegressionTest13" time="0"/>
  <testcase name="test06859" classname="RegressionTest13" time="0"/>
  <testcase name="test06860" classname="RegressionTest13" time="0"/>
  <testcase name="test06861" classname="RegressionTest13" time="0"/>
  <testcase name="test06862" classname="RegressionTest13" time="0"/>
  <testcase name="test06863" classname="RegressionTest13" time="0"/>
  <testcase name="test06864" classname="RegressionTest13" time="0"/>
  <testcase name="test06865" classname="RegressionTest13" time="0">
    <failure message="&apos;true&apos; != &apos;false&apos; expected:&lt;true&gt; but was:&lt;false&gt;" type="java.lang.AssertionError"><![CDATA[java.lang.AssertionError: 'true' != 'false' expected:<true> but was:<false>
	at RegressionTest13.test06865(RegressionTest13.java:2927)
]]></failure>
  </testcase>
  <testcase name="test06866" classname="RegressionTest13" time="0"/>
  <testcase name="test06867" classname="RegressionTest13" time="0"/>
  <testcase name="test06868" classname="RegressionTest13" time="0"/>
  <testcase name="test06869" classname="RegressionTest13" time="0"/>
  <testcase name="test06870" classname="RegressionTest13" time="0"/>
  <testcase name="test06871" classname="RegressionTest13" time="0"/>
  <testcase name="test06872" classname="RegressionTest13" time="0"/>
  <testcase name="test06873" classname="RegressionTest13" time="0"/>
  <testcase name="test06874" classname="RegressionTest13" time="0"/>
  <testcase name="test06875" classname="RegressionTest13" time="0"/>
  <testcase name="test06876" classname="RegressionTest13" time="0"/>
  <testcase name="test06877" classname="RegressionTest13" time="0"/>
  <testcase name="test06878" classname="RegressionTest13" time="0"/>
  <testcase name="test06879" classname="RegressionTest13" time="0"/>
  <testcase name="test06880" classname="RegressionTest13" time="0"/>
  <testcase name="test06881" classname="RegressionTest13" time="0"/>
  <testcase name="test06882" classname="RegressionTest13" time="0"/>
  <testcase name="test06883" classname="RegressionTest13" time="0"/>
  <testcase name="test06884" classname="RegressionTest13" time="0"/>
  <testcase name="test06885" classname="RegressionTest13" time="0"/>
  <testcase name="test06886" classname="RegressionTest13" time="0"/>
  <testcase name="test06887" classname="RegressionTest13" time="0"/>
  <testcase name="test06888" classname="RegressionTest13" time="0"/>
  <testcase name="test06889" classname="RegressionTest13" time="0"/>
  <testcase name="test06890" classname="RegressionTest13" time="0"/>
  <testcase name="test06891" classname="RegressionTest13" time="0"/>
  <testcase name="test06892" classname="RegressionTest13" time="0"/>
  <testcase name="test06893" classname="RegressionTest13" time="0"/>
  <testcase name="test06894" classname="RegressionTest13" time="0"/>
  <testcase name="test06895" classname="RegressionTest13" time="0"/>
  <testcase name="test06896" classname="RegressionTest13" time="0"/>
  <testcase name="test06897" classname="RegressionTest13" time="0"/>
  <testcase name="test06898" classname="RegressionTest13" time="0"/>
  <testcase name="test06899" classname="RegressionTest13" time="0"/>
  <testcase name="test06900" classname="RegressionTest13" time="0"/>
  <testcase name="test06901" classname="RegressionTest13" time="0.001"/>
  <testcase name="test06902" classname="RegressionTest13" time="0">
    <failure message="&apos;true&apos; != &apos;false&apos; expected:&lt;true&gt; but was:&lt;false&gt;" type="java.lang.AssertionError"><![CDATA[java.lang.AssertionError: 'true' != 'false' expected:<true> but was:<false>
	at RegressionTest13.test06902(RegressionTest13.java:3223)
]]></failure>
  </testcase>
  <testcase name="test06903" classname="RegressionTest13" time="0"/>
  <testcase name="test06904" classname="RegressionTest13" time="0"/>
  <testcase name="test06905" classname="RegressionTest13" time="0"/>
  <testcase name="test06906" classname="RegressionTest13" time="0"/>
  <testcase name="test06907" classname="RegressionTest13" time="0"/>
  <testcase name="test06908" classname="RegressionTest13" time="0"/>
  <testcase name="test06909" classname="RegressionTest13" time="0"/>
  <testcase name="test06910" classname="RegressionTest13" time="0"/>
  <testcase name="test06911" classname="RegressionTest13" time="0"/>
  <testcase name="test06912" classname="RegressionTest13" time="0"/>
  <testcase name="test06913" classname="RegressionTest13" time="0"/>
  <testcase name="test06914" classname="RegressionTest13" time="0"/>
  <testcase name="test06915" classname="RegressionTest13" time="0"/>
  <testcase name="test06916" classname="RegressionTest13" time="0"/>
  <testcase name="test06917" classname="RegressionTest13" time="0"/>
  <testcase name="test06918" classname="RegressionTest13" time="0"/>
  <testcase name="test06919" classname="RegressionTest13" time="0"/>
  <testcase name="test06920" classname="RegressionTest13" time="0"/>
  <testcase name="test06921" classname="RegressionTest13" time="0"/>
  <testcase name="test06922" classname="RegressionTest13" time="0"/>
  <testcase name="test06923" classname="RegressionTest13" time="0"/>
  <testcase name="test06924" classname="RegressionTest13" time="0"/>
  <testcase name="test06925" classname="RegressionTest13" time="0">
    <failure message="&apos;true&apos; != &apos;false&apos; expected:&lt;true&gt; but was:&lt;false&gt;" type="java.lang.AssertionError"><![CDATA[java.lang.AssertionError: 'true' != 'false' expected:<true> but was:<false>
	at RegressionTest13.test06925(RegressionTest13.java:3407)
]]></failure>
  </testcase>
  <testcase name="test06926" classname="RegressionTest13" time="0"/>
  <testcase name="test06927" classname="RegressionTest13" time="0">
    <failure message="&apos;true&apos; != &apos;false&apos; expected:&lt;true&gt; but was:&lt;false&gt;" type="java.lang.AssertionError"><![CDATA[java.lang.AssertionError: 'true' != 'false' expected:<true> but was:<false>
	at RegressionTest13.test06927(RegressionTest13.java:3423)
]]></failure>
  </testcase>
  <testcase name="test06928" classname="RegressionTest13" time="0"/>
  <testcase name="test06929" classname="RegressionTest13" time="0"/>
  <testcase name="test06930" classname="RegressionTest13" time="0"/>
  <testcase name="test06931" classname="RegressionTest13" time="0"/>
  <testcase name="test06932" classname="RegressionTest13" time="0"/>
  <testcase name="test06933" classname="RegressionTest13" time="0"/>
  <testcase name="test06934" classname="RegressionTest13" time="0"/>
  <testcase name="test06935" classname="RegressionTest13" time="0"/>
  <testcase name="test06936" classname="RegressionTest13" time="0"/>
  <testcase name="test06937" classname="RegressionTest13" time="0"/>
  <testcase name="test06938" classname="RegressionTest13" time="0"/>
  <testcase name="test06939" classname="RegressionTest13" time="0"/>
  <testcase name="test06940" classname="RegressionTest13" time="0"/>
  <testcase name="test06941" classname="RegressionTest13" time="0"/>
  <testcase name="test06942" classname="RegressionTest13" time="0"/>
  <testcase name="test06943" classname="RegressionTest13" time="0"/>
  <testcase name="test06944" classname="RegressionTest13" time="0"/>
  <testcase name="test06945" classname="RegressionTest13" time="0"/>
  <testcase name="test06946" classname="RegressionTest13" time="0"/>
  <testcase name="test06947" classname="RegressionTest13" time="0">
    <failure message="&apos;true&apos; != &apos;false&apos; expected:&lt;true&gt; but was:&lt;false&gt;" type="java.lang.AssertionError"><![CDATA[java.lang.AssertionError: 'true' != 'false' expected:<true> but was:<false>
	at RegressionTest13.test06947(RegressionTest13.java:3583)
]]></failure>
  </testcase>
  <testcase name="test06948" classname="RegressionTest13" time="0.001">
    <failure message="&apos;true&apos; != &apos;false&apos; expected:&lt;true&gt; but was:&lt;false&gt;" type="java.lang.AssertionError"><![CDATA[java.lang.AssertionError: 'true' != 'false' expected:<true> but was:<false>
	at RegressionTest13.test06948(RegressionTest13.java:3591)
]]></failure>
  </testcase>
  <testcase name="test06949" classname="RegressionTest13" time="0"/>
  <testcase name="test06950" classname="RegressionTest13" time="0"/>
  <testcase name="test06951" classname="RegressionTest13" time="0"/>
  <testcase name="test06952" classname="RegressionTest13" time="0"/>
  <testcase name="test06953" classname="RegressionTest13" time="0"/>
  <testcase name="test06954" classname="RegressionTest13" time="0"/>
  <testcase name="test06955" classname="RegressionTest13" time="0">
    <failure message="&apos;true&apos; != &apos;false&apos; expected:&lt;true&gt; but was:&lt;false&gt;" type="java.lang.AssertionError"><![CDATA[java.lang.AssertionError: 'true' != 'false' expected:<true> but was:<false>
	at RegressionTest13.test06955(RegressionTest13.java:3647)
]]></failure>
  </testcase>
  <testcase name="test06956" classname="RegressionTest13" time="0">
    <failure message="&apos;true&apos; != &apos;false&apos; expected:&lt;true&gt; but was:&lt;false&gt;" type="java.lang.AssertionError"><![CDATA[java.lang.AssertionError: 'true' != 'false' expected:<true> but was:<false>
	at RegressionTest13.test06956(RegressionTest13.java:3655)
]]></failure>
  </testcase>
  <testcase name="test06957" classname="RegressionTest13" time="0"/>
  <testcase name="test06958" classname="RegressionTest13" time="0"/>
  <testcase name="test06959" classname="RegressionTest13" time="0"/>
  <testcase name="test06960" classname="RegressionTest13" time="0"/>
  <testcase name="test06961" classname="RegressionTest13" time="0"/>
  <testcase name="test06962" classname="RegressionTest13" time="0"/>
  <testcase name="test06963" classname="RegressionTest13" time="0"/>
  <testcase name="test06964" classname="RegressionTest13" time="0"/>
  <testcase name="test06965" classname="RegressionTest13" time="0"/>
  <testcase name="test06966" classname="RegressionTest13" time="0">
    <failure message="&apos;true&apos; != &apos;false&apos; expected:&lt;true&gt; but was:&lt;false&gt;" type="java.lang.AssertionError"><![CDATA[java.lang.AssertionError: 'true' != 'false' expected:<true> but was:<false>
	at RegressionTest13.test06966(RegressionTest13.java:3735)
]]></failure>
  </testcase>
  <testcase name="test06967" classname="RegressionTest13" time="0"/>
  <testcase name="test06968" classname="RegressionTest13" time="0"/>
  <testcase name="test06969" classname="RegressionTest13" time="0"/>
  <testcase name="test06970" classname="RegressionTest13" time="0"/>
  <testcase name="test06971" classname="RegressionTest13" time="0"/>
  <testcase name="test06972" classname="RegressionTest13" time="0"/>
  <testcase name="test06973" classname="RegressionTest13" time="0">
    <failure message="&apos;true&apos; != &apos;false&apos; expected:&lt;true&gt; but was:&lt;false&gt;" type="java.lang.AssertionError"><![CDATA[java.lang.AssertionError: 'true' != 'false' expected:<true> but was:<false>
	at RegressionTest13.test06973(RegressionTest13.java:3791)
]]></failure>
  </testcase>
  <testcase name="test06974" classname="RegressionTest13" time="0"/>
  <testcase name="test06975" classname="RegressionTest13" time="0"/>
  <testcase name="test06976" classname="RegressionTest13" time="0">
    <failure message="&apos;true&apos; != &apos;false&apos; expected:&lt;true&gt; but was:&lt;false&gt;" type="java.lang.AssertionError"><![CDATA[java.lang.AssertionError: 'true' != 'false' expected:<true> but was:<false>
	at RegressionTest13.test06976(RegressionTest13.java:3815)
]]></failure>
  </testcase>
  <testcase name="test06977" classname="RegressionTest13" time="0"/>
  <testcase name="test06978" classname="RegressionTest13" time="0">
    <failure message="&apos;true&apos; != &apos;false&apos; expected:&lt;true&gt; but was:&lt;false&gt;" type="java.lang.AssertionError"><![CDATA[java.lang.AssertionError: 'true' != 'false' expected:<true> but was:<false>
	at RegressionTest13.test06978(RegressionTest13.java:3831)
]]></failure>
  </testcase>
  <testcase name="test06979" classname="RegressionTest13" time="0"/>
  <testcase name="test06980" classname="RegressionTest13" time="0"/>
  <testcase name="test06981" classname="RegressionTest13" time="0"/>
  <testcase name="test06982" classname="RegressionTest13" time="0"/>
  <testcase name="test06983" classname="RegressionTest13" time="0"/>
  <testcase name="test06984" classname="RegressionTest13" time="0.001"/>
  <testcase name="test06985" classname="RegressionTest13" time="0"/>
  <testcase name="test06986" classname="RegressionTest13" time="0"/>
  <testcase name="test06987" classname="RegressionTest13" time="0"/>
  <testcase name="test06988" classname="RegressionTest13" time="0"/>
  <testcase name="test06989" classname="RegressionTest13" time="0"/>
  <testcase name="test06990" classname="RegressionTest13" time="0"/>
  <testcase name="test06991" classname="RegressionTest13" time="0">
    <failure message="&apos;true&apos; != &apos;false&apos; expected:&lt;true&gt; but was:&lt;false&gt;" type="java.lang.AssertionError"><![CDATA[java.lang.AssertionError: 'true' != 'false' expected:<true> but was:<false>
	at RegressionTest13.test06991(RegressionTest13.java:3935)
]]></failure>
  </testcase>
  <testcase name="test06992" classname="RegressionTest13" time="0"/>
  <testcase name="test06993" classname="RegressionTest13" time="0">
    <failure message="&apos;true&apos; != &apos;false&apos; expected:&lt;true&gt; but was:&lt;false&gt;" type="java.lang.AssertionError"><![CDATA[java.lang.AssertionError: 'true' != 'false' expected:<true> but was:<false>
	at RegressionTest13.test06993(RegressionTest13.java:3951)
]]></failure>
  </testcase>
  <testcase name="test06994" classname="RegressionTest13" time="0"/>
  <testcase name="test06995" classname="RegressionTest13" time="0"/>
  <testcase name="test06996" classname="RegressionTest13" time="0"/>
  <testcase name="test06997" classname="RegressionTest13" time="0"/>
  <testcase name="test06998" classname="RegressionTest13" time="0"/>
  <testcase name="test06999" classname="RegressionTest13" time="0"/>
  <testcase name="test07000" classname="RegressionTest13" time="0"/>
  <testcase name="test07001" classname="RegressionTest14" time="0"/>
  <testcase name="test07002" classname="RegressionTest14" time="0"/>
  <testcase name="test07003" classname="RegressionTest14" time="0"/>
  <testcase name="test07004" classname="RegressionTest14" time="0"/>
  <testcase name="test07005" classname="RegressionTest14" time="0"/>
  <testcase name="test07006" classname="RegressionTest14" time="0"/>
  <testcase name="test07007" classname="RegressionTest14" time="0"/>
  <testcase name="test07008" classname="RegressionTest14" time="0"/>
  <testcase name="test07009" classname="RegressionTest14" time="0"/>
  <testcase name="test07010" classname="RegressionTest14" time="0"/>
  <testcase name="test07011" classname="RegressionTest14" time="0"/>
  <testcase name="test07012" classname="RegressionTest14" time="0">
    <failure message="&apos;true&apos; != &apos;false&apos; expected:&lt;true&gt; but was:&lt;false&gt;" type="java.lang.AssertionError"><![CDATA[java.lang.AssertionError: 'true' != 'false' expected:<true> but was:<false>
	at RegressionTest14.test07012(RegressionTest14.java:103)
]]></failure>
  </testcase>
  <testcase name="test07013" classname="RegressionTest14" time="0"/>
  <testcase name="test07014" classname="RegressionTest14" time="0"/>
  <testcase name="test07015" classname="RegressionTest14" time="0"/>
  <testcase name="test07016" classname="RegressionTest14" time="0"/>
  <testcase name="test07017" classname="RegressionTest14" time="0"/>
  <testcase name="test07018" classname="RegressionTest14" time="0"/>
  <testcase name="test07019" classname="RegressionTest14" time="0"/>
  <testcase name="test07020" classname="RegressionTest14" time="0"/>
  <testcase name="test07021" classname="RegressionTest14" time="0">
    <failure message="&apos;true&apos; != &apos;false&apos; expected:&lt;true&gt; but was:&lt;false&gt;" type="java.lang.AssertionError"><![CDATA[java.lang.AssertionError: 'true' != 'false' expected:<true> but was:<false>
	at RegressionTest14.test07021(RegressionTest14.java:175)
]]></failure>
  </testcase>
  <testcase name="test07022" classname="RegressionTest14" time="0"/>
  <testcase name="test07023" classname="RegressionTest14" time="0"/>
  <testcase name="test07024" classname="RegressionTest14" time="0"/>
  <testcase name="test07025" classname="RegressionTest14" time="0"/>
  <testcase name="test07026" classname="RegressionTest14" time="0"/>
  <testcase name="test07027" classname="RegressionTest14" time="0">
    <failure message="&apos;true&apos; != &apos;false&apos; expected:&lt;true&gt; but was:&lt;false&gt;" type="java.lang.AssertionError"><![CDATA[java.lang.AssertionError: 'true' != 'false' expected:<true> but was:<false>
	at RegressionTest14.test07027(RegressionTest14.java:223)
]]></failure>
  </testcase>
  <testcase name="test07028" classname="RegressionTest14" time="0"/>
  <testcase name="test07029" classname="RegressionTest14" time="0"/>
  <testcase name="test07030" classname="RegressionTest14" time="0"/>
  <testcase name="test07031" classname="RegressionTest14" time="0"/>
  <testcase name="test07032" classname="RegressionTest14" time="0"/>
  <testcase name="test07033" classname="RegressionTest14" time="0"/>
  <testcase name="test07034" classname="RegressionTest14" time="0"/>
  <testcase name="test07035" classname="RegressionTest14" time="0"/>
  <testcase name="test07036" classname="RegressionTest14" time="0"/>
  <testcase name="test07037" classname="RegressionTest14" time="0">
    <failure message="&apos;true&apos; != &apos;false&apos; expected:&lt;true&gt; but was:&lt;false&gt;" type="java.lang.AssertionError"><![CDATA[java.lang.AssertionError: 'true' != 'false' expected:<true> but was:<false>
	at RegressionTest14.test07037(RegressionTest14.java:303)
]]></failure>
  </testcase>
  <testcase name="test07038" classname="RegressionTest14" time="0"/>
  <testcase name="test07039" classname="RegressionTest14" time="0"/>
  <testcase name="test07040" classname="RegressionTest14" time="0"/>
  <testcase name="test07041" classname="RegressionTest14" time="0"/>
  <testcase name="test07042" classname="RegressionTest14" time="0.001"/>
  <testcase name="test07043" classname="RegressionTest14" time="0"/>
  <testcase name="test07044" classname="RegressionTest14" time="0"/>
  <testcase name="test07045" classname="RegressionTest14" time="0"/>
  <testcase name="test07046" classname="RegressionTest14" time="0"/>
  <testcase name="test07047" classname="RegressionTest14" time="0"/>
  <testcase name="test07048" classname="RegressionTest14" time="0"/>
  <testcase name="test07049" classname="RegressionTest14" time="0"/>
  <testcase name="test07050" classname="RegressionTest14" time="0"/>
  <testcase name="test07051" classname="RegressionTest14" time="0"/>
  <testcase name="test07052" classname="RegressionTest14" time="0"/>
  <testcase name="test07053" classname="RegressionTest14" time="0"/>
  <testcase name="test07054" classname="RegressionTest14" time="0"/>
  <testcase name="test07055" classname="RegressionTest14" time="0"/>
  <testcase name="test07056" classname="RegressionTest14" time="0"/>
  <testcase name="test07057" classname="RegressionTest14" time="0"/>
  <testcase name="test07058" classname="RegressionTest14" time="0"/>
  <testcase name="test07059" classname="RegressionTest14" time="0"/>
  <testcase name="test07060" classname="RegressionTest14" time="0"/>
  <testcase name="test07061" classname="RegressionTest14" time="0"/>
  <testcase name="test07062" classname="RegressionTest14" time="0"/>
  <testcase name="test07063" classname="RegressionTest14" time="0"/>
  <testcase name="test07064" classname="RegressionTest14" time="0">
    <failure message="&apos;true&apos; != &apos;false&apos; expected:&lt;true&gt; but was:&lt;false&gt;" type="java.lang.AssertionError"><![CDATA[java.lang.AssertionError: 'true' != 'false' expected:<true> but was:<false>
	at RegressionTest14.test07064(RegressionTest14.java:519)
]]></failure>
  </testcase>
  <testcase name="test07065" classname="RegressionTest14" time="0">
    <failure message="&apos;true&apos; != &apos;false&apos; expected:&lt;true&gt; but was:&lt;false&gt;" type="java.lang.AssertionError"><![CDATA[java.lang.AssertionError: 'true' != 'false' expected:<true> but was:<false>
	at RegressionTest14.test07065(RegressionTest14.java:527)
]]></failure>
  </testcase>
  <testcase name="test07066" classname="RegressionTest14" time="0"/>
  <testcase name="test07067" classname="RegressionTest14" time="0"/>
  <testcase name="test07068" classname="RegressionTest14" time="0"/>
  <testcase name="test07069" classname="RegressionTest14" time="0"/>
  <testcase name="test07070" classname="RegressionTest14" time="0"/>
  <testcase name="test07071" classname="RegressionTest14" time="0"/>
  <testcase name="test07072" classname="RegressionTest14" time="0"/>
  <testcase name="test07073" classname="RegressionTest14" time="0"/>
  <testcase name="test07074" classname="RegressionTest14" time="0"/>
  <testcase name="test07075" classname="RegressionTest14" time="0"/>
  <testcase name="test07076" classname="RegressionTest14" time="0"/>
  <testcase name="test07077" classname="RegressionTest14" time="0"/>
  <testcase name="test07078" classname="RegressionTest14" time="0"/>
  <testcase name="test07079" classname="RegressionTest14" time="0"/>
  <testcase name="test07080" classname="RegressionTest14" time="0"/>
  <testcase name="test07081" classname="RegressionTest14" time="0"/>
  <testcase name="test07082" classname="RegressionTest14" time="0"/>
  <testcase name="test07083" classname="RegressionTest14" time="0"/>
  <testcase name="test07084" classname="RegressionTest14" time="0"/>
  <testcase name="test07085" classname="RegressionTest14" time="0"/>
  <testcase name="test07086" classname="RegressionTest14" time="0"/>
  <testcase name="test07087" classname="RegressionTest14" time="0"/>
  <testcase name="test07088" classname="RegressionTest14" time="0"/>
  <testcase name="test07089" classname="RegressionTest14" time="0"/>
  <testcase name="test07090" classname="RegressionTest14" time="0"/>
  <testcase name="test07091" classname="RegressionTest14" time="0"/>
  <testcase name="test07092" classname="RegressionTest14" time="0"/>
  <testcase name="test07093" classname="RegressionTest14" time="0"/>
  <testcase name="test07094" classname="RegressionTest14" time="0"/>
  <testcase name="test07095" classname="RegressionTest14" time="0"/>
  <testcase name="test07096" classname="RegressionTest14" time="0"/>
  <testcase name="test07097" classname="RegressionTest14" time="0"/>
  <testcase name="test07098" classname="RegressionTest14" time="0"/>
  <testcase name="test07099" classname="RegressionTest14" time="0"/>
  <testcase name="test07100" classname="RegressionTest14" time="0"/>
  <testcase name="test07101" classname="RegressionTest14" time="0"/>
  <testcase name="test07102" classname="RegressionTest14" time="0"/>
  <testcase name="test07103" classname="RegressionTest14" time="0"/>
  <testcase name="test07104" classname="RegressionTest14" time="0"/>
  <testcase name="test07105" classname="RegressionTest14" time="0"/>
  <testcase name="test07106" classname="RegressionTest14" time="0"/>
  <testcase name="test07107" classname="RegressionTest14" time="0"/>
  <testcase name="test07108" classname="RegressionTest14" time="0"/>
  <testcase name="test07109" classname="RegressionTest14" time="0"/>
  <testcase name="test07110" classname="RegressionTest14" time="0"/>
  <testcase name="test07111" classname="RegressionTest14" time="0"/>
  <testcase name="test07112" classname="RegressionTest14" time="0"/>
  <testcase name="test07113" classname="RegressionTest14" time="0"/>
  <testcase name="test07114" classname="RegressionTest14" time="0"/>
  <testcase name="test07115" classname="RegressionTest14" time="0"/>
  <testcase name="test07116" classname="RegressionTest14" time="0"/>
  <testcase name="test07117" classname="RegressionTest14" time="0"/>
  <testcase name="test07118" classname="RegressionTest14" time="0">
    <failure message="&apos;true&apos; != &apos;false&apos; expected:&lt;true&gt; but was:&lt;false&gt;" type="java.lang.AssertionError"><![CDATA[java.lang.AssertionError: 'true' != 'false' expected:<true> but was:<false>
	at RegressionTest14.test07118(RegressionTest14.java:951)
]]></failure>
  </testcase>
  <testcase name="test07119" classname="RegressionTest14" time="0"/>
  <testcase name="test07120" classname="RegressionTest14" time="0"/>
  <testcase name="test07121" classname="RegressionTest14" time="0"/>
  <testcase name="test07122" classname="RegressionTest14" time="0">
    <failure message="&apos;true&apos; != &apos;false&apos; expected:&lt;true&gt; but was:&lt;false&gt;" type="java.lang.AssertionError"><![CDATA[java.lang.AssertionError: 'true' != 'false' expected:<true> but was:<false>
	at RegressionTest14.test07122(RegressionTest14.java:983)
]]></failure>
  </testcase>
  <testcase name="test07123" classname="RegressionTest14" time="0"/>
  <testcase name="test07124" classname="RegressionTest14" time="0"/>
  <testcase name="test07125" classname="RegressionTest14" time="0"/>
  <testcase name="test07126" classname="RegressionTest14" time="0"/>
  <testcase name="test07127" classname="RegressionTest14" time="0"/>
  <testcase name="test07128" classname="RegressionTest14" time="0"/>
  <testcase name="test07129" classname="RegressionTest14" time="0"/>
  <testcase name="test07130" classname="RegressionTest14" time="0"/>
  <testcase name="test07131" classname="RegressionTest14" time="0">
    <failure message="&apos;true&apos; != &apos;false&apos; expected:&lt;true&gt; but was:&lt;false&gt;" type="java.lang.AssertionError"><![CDATA[java.lang.AssertionError: 'true' != 'false' expected:<true> but was:<false>
	at RegressionTest14.test07131(RegressionTest14.java:1055)
]]></failure>
  </testcase>
  <testcase name="test07132" classname="RegressionTest14" time="0"/>
  <testcase name="test07133" classname="RegressionTest14" time="0"/>
  <testcase name="test07134" classname="RegressionTest14" time="0"/>
  <testcase name="test07135" classname="RegressionTest14" time="0"/>
  <testcase name="test07136" classname="RegressionTest14" time="0"/>
  <testcase name="test07137" classname="RegressionTest14" time="0"/>
  <testcase name="test07138" classname="RegressionTest14" time="0"/>
  <testcase name="test07139" classname="RegressionTest14" time="0"/>
  <testcase name="test07140" classname="RegressionTest14" time="0"/>
  <testcase name="test07141" classname="RegressionTest14" time="0"/>
  <testcase name="test07142" classname="RegressionTest14" time="0">
    <failure message="&apos;true&apos; != &apos;false&apos; expected:&lt;true&gt; but was:&lt;false&gt;" type="java.lang.AssertionError"><![CDATA[java.lang.AssertionError: 'true' != 'false' expected:<true> but was:<false>
	at RegressionTest14.test07142(RegressionTest14.java:1143)
]]></failure>
  </testcase>
  <testcase name="test07143" classname="RegressionTest14" time="0.001"/>
  <testcase name="test07144" classname="RegressionTest14" time="0"/>
  <testcase name="test07145" classname="RegressionTest14" time="0"/>
  <testcase name="test07146" classname="RegressionTest14" time="0"/>
  <testcase name="test07147" classname="RegressionTest14" time="0"/>
  <testcase name="test07148" classname="RegressionTest14" time="0"/>
  <testcase name="test07149" classname="RegressionTest14" time="0"/>
  <testcase name="test07150" classname="RegressionTest14" time="0"/>
  <testcase name="test07151" classname="RegressionTest14" time="0"/>
  <testcase name="test07152" classname="RegressionTest14" time="0"/>
  <testcase name="test07153" classname="RegressionTest14" time="0"/>
  <testcase name="test07154" classname="RegressionTest14" time="0"/>
  <testcase name="test07155" classname="RegressionTest14" time="0"/>
  <testcase name="test07156" classname="RegressionTest14" time="0"/>
  <testcase name="test07157" classname="RegressionTest14" time="0"/>
  <testcase name="test07158" classname="RegressionTest14" time="0"/>
  <testcase name="test07159" classname="RegressionTest14" time="0">
    <failure message="&apos;true&apos; != &apos;false&apos; expected:&lt;true&gt; but was:&lt;false&gt;" type="java.lang.AssertionError"><![CDATA[java.lang.AssertionError: 'true' != 'false' expected:<true> but was:<false>
	at RegressionTest14.test07159(RegressionTest14.java:1279)
]]></failure>
  </testcase>
  <testcase name="test07160" classname="RegressionTest14" time="0"/>
  <testcase name="test07161" classname="RegressionTest14" time="0">
    <failure message="&apos;true&apos; != &apos;false&apos; expected:&lt;true&gt; but was:&lt;false&gt;" type="java.lang.AssertionError"><![CDATA[java.lang.AssertionError: 'true' != 'false' expected:<true> but was:<false>
	at RegressionTest14.test07161(RegressionTest14.java:1295)
]]></failure>
  </testcase>
  <testcase name="test07162" classname="RegressionTest14" time="0"/>
  <testcase name="test07163" classname="RegressionTest14" time="0">
    <failure message="&apos;true&apos; != &apos;false&apos; expected:&lt;true&gt; but was:&lt;false&gt;" type="java.lang.AssertionError"><![CDATA[java.lang.AssertionError: 'true' != 'false' expected:<true> but was:<false>
	at RegressionTest14.test07163(RegressionTest14.java:1311)
]]></failure>
  </testcase>
  <testcase name="test07164" classname="RegressionTest14" time="0"/>
  <testcase name="test07165" classname="RegressionTest14" time="0"/>
  <testcase name="test07166" classname="RegressionTest14" time="0"/>
  <testcase name="test07167" classname="RegressionTest14" time="0"/>
  <testcase name="test07168" classname="RegressionTest14" time="0"/>
  <testcase name="test07169" classname="RegressionTest14" time="0"/>
  <testcase name="test07170" classname="RegressionTest14" time="0"/>
  <testcase name="test07171" classname="RegressionTest14" time="0"/>
  <testcase name="test07172" classname="RegressionTest14" time="0"/>
  <testcase name="test07173" classname="RegressionTest14" time="0"/>
  <testcase name="test07174" classname="RegressionTest14" time="0"/>
  <testcase name="test07175" classname="RegressionTest14" time="0"/>
  <testcase name="test07176" classname="RegressionTest14" time="0">
    <failure message="&apos;true&apos; != &apos;false&apos; expected:&lt;true&gt; but was:&lt;false&gt;" type="java.lang.AssertionError"><![CDATA[java.lang.AssertionError: 'true' != 'false' expected:<true> but was:<false>
	at RegressionTest14.test07176(RegressionTest14.java:1415)
]]></failure>
  </testcase>
  <testcase name="test07177" classname="RegressionTest14" time="0"/>
  <testcase name="test07178" classname="RegressionTest14" time="0"/>
  <testcase name="test07179" classname="RegressionTest14" time="0.001"/>
  <testcase name="test07180" classname="RegressionTest14" time="0"/>
  <testcase name="test07181" classname="RegressionTest14" time="0"/>
  <testcase name="test07182" classname="RegressionTest14" time="0"/>
  <testcase name="test07183" classname="RegressionTest14" time="0"/>
  <testcase name="test07184" classname="RegressionTest14" time="0"/>
  <testcase name="test07185" classname="RegressionTest14" time="0"/>
  <testcase name="test07186" classname="RegressionTest14" time="0"/>
  <testcase name="test07187" classname="RegressionTest14" time="0"/>
  <testcase name="test07188" classname="RegressionTest14" time="0"/>
  <testcase name="test07189" classname="RegressionTest14" time="0"/>
  <testcase name="test07190" classname="RegressionTest14" time="0"/>
  <testcase name="test07191" classname="RegressionTest14" time="0">
    <failure message="&apos;true&apos; != &apos;false&apos; expected:&lt;true&gt; but was:&lt;false&gt;" type="java.lang.AssertionError"><![CDATA[java.lang.AssertionError: 'true' != 'false' expected:<true> but was:<false>
	at RegressionTest14.test07191(RegressionTest14.java:1535)
]]></failure>
  </testcase>
  <testcase name="test07192" classname="RegressionTest14" time="0"/>
  <testcase name="test07193" classname="RegressionTest14" time="0"/>
  <testcase name="test07194" classname="RegressionTest14" time="0"/>
  <testcase name="test07195" classname="RegressionTest14" time="0"/>
  <testcase name="test07196" classname="RegressionTest14" time="0"/>
  <testcase name="test07197" classname="RegressionTest14" time="0"/>
  <testcase name="test07198" classname="RegressionTest14" time="0"/>
  <testcase name="test07199" classname="RegressionTest14" time="0"/>
  <testcase name="test07200" classname="RegressionTest14" time="0"/>
  <testcase name="test07201" classname="RegressionTest14" time="0"/>
  <testcase name="test07202" classname="RegressionTest14" time="0"/>
  <testcase name="test07203" classname="RegressionTest14" time="0"/>
  <testcase name="test07204" classname="RegressionTest14" time="0"/>
  <testcase name="test07205" classname="RegressionTest14" time="0"/>
  <testcase name="test07206" classname="RegressionTest14" time="0"/>
  <testcase name="test07207" classname="RegressionTest14" time="0"/>
  <testcase name="test07208" classname="RegressionTest14" time="0"/>
  <testcase name="test07209" classname="RegressionTest14" time="0"/>
  <testcase name="test07210" classname="RegressionTest14" time="0"/>
  <testcase name="test07211" classname="RegressionTest14" time="0"/>
  <testcase name="test07212" classname="RegressionTest14" time="0"/>
  <testcase name="test07213" classname="RegressionTest14" time="0"/>
  <testcase name="test07214" classname="RegressionTest14" time="0"/>
  <testcase name="test07215" classname="RegressionTest14" time="0"/>
  <testcase name="test07216" classname="RegressionTest14" time="0"/>
  <testcase name="test07217" classname="RegressionTest14" time="0"/>
  <testcase name="test07218" classname="RegressionTest14" time="0"/>
  <testcase name="test07219" classname="RegressionTest14" time="0"/>
  <testcase name="test07220" classname="RegressionTest14" time="0"/>
  <testcase name="test07221" classname="RegressionTest14" time="0"/>
  <testcase name="test07222" classname="RegressionTest14" time="0"/>
  <testcase name="test07223" classname="RegressionTest14" time="0"/>
  <testcase name="test07224" classname="RegressionTest14" time="0"/>
  <testcase name="test07225" classname="RegressionTest14" time="0"/>
  <testcase name="test07226" classname="RegressionTest14" time="0"/>
  <testcase name="test07227" classname="RegressionTest14" time="0"/>
  <testcase name="test07228" classname="RegressionTest14" time="0"/>
  <testcase name="test07229" classname="RegressionTest14" time="0"/>
  <testcase name="test07230" classname="RegressionTest14" time="0.001"/>
  <testcase name="test07231" classname="RegressionTest14" time="0"/>
  <testcase name="test07232" classname="RegressionTest14" time="0"/>
  <testcase name="test07233" classname="RegressionTest14" time="0">
    <failure message="&apos;true&apos; != &apos;false&apos; expected:&lt;true&gt; but was:&lt;false&gt;" type="java.lang.AssertionError"><![CDATA[java.lang.AssertionError: 'true' != 'false' expected:<true> but was:<false>
	at RegressionTest14.test07233(RegressionTest14.java:1871)
]]></failure>
  </testcase>
  <testcase name="test07234" classname="RegressionTest14" time="0"/>
  <testcase name="test07235" classname="RegressionTest14" time="0"/>
  <testcase name="test07236" classname="RegressionTest14" time="0"/>
  <testcase name="test07237" classname="RegressionTest14" time="0"/>
  <testcase name="test07238" classname="RegressionTest14" time="0"/>
  <testcase name="test07239" classname="RegressionTest14" time="0"/>
  <testcase name="test07240" classname="RegressionTest14" time="0"/>
  <testcase name="test07241" classname="RegressionTest14" time="0"/>
  <testcase name="test07242" classname="RegressionTest14" time="0"/>
  <testcase name="test07243" classname="RegressionTest14" time="0"/>
  <testcase name="test07244" classname="RegressionTest14" time="0"/>
  <testcase name="test07245" classname="RegressionTest14" time="0"/>
  <testcase name="test07246" classname="RegressionTest14" time="0"/>
  <testcase name="test07247" classname="RegressionTest14" time="0"/>
  <testcase name="test07248" classname="RegressionTest14" time="0"/>
  <testcase name="test07249" classname="RegressionTest14" time="0"/>
  <testcase name="test07250" classname="RegressionTest14" time="0"/>
  <testcase name="test07251" classname="RegressionTest14" time="0"/>
  <testcase name="test07252" classname="RegressionTest14" time="0"/>
  <testcase name="test07253" classname="RegressionTest14" time="0"/>
  <testcase name="test07254" classname="RegressionTest14" time="0">
    <failure message="&apos;true&apos; != &apos;false&apos; expected:&lt;true&gt; but was:&lt;false&gt;" type="java.lang.AssertionError"><![CDATA[java.lang.AssertionError: 'true' != 'false' expected:<true> but was:<false>
	at RegressionTest14.test07254(RegressionTest14.java:2039)
]]></failure>
  </testcase>
  <testcase name="test07255" classname="RegressionTest14" time="0"/>
  <testcase name="test07256" classname="RegressionTest14" time="0"/>
  <testcase name="test07257" classname="RegressionTest14" time="0"/>
  <testcase name="test07258" classname="RegressionTest14" time="0">
    <failure message="&apos;true&apos; != &apos;false&apos; expected:&lt;true&gt; but was:&lt;false&gt;" type="java.lang.AssertionError"><![CDATA[java.lang.AssertionError: 'true' != 'false' expected:<true> but was:<false>
	at RegressionTest14.test07258(RegressionTest14.java:2071)
]]></failure>
  </testcase>
  <testcase name="test07259" classname="RegressionTest14" time="0"/>
  <testcase name="test07260" classname="RegressionTest14" time="0"/>
  <testcase name="test07261" classname="RegressionTest14" time="0"/>
  <testcase name="test07262" classname="RegressionTest14" time="0"/>
  <testcase name="test07263" classname="RegressionTest14" time="0"/>
  <testcase name="test07264" classname="RegressionTest14" time="0"/>
  <testcase name="test07265" classname="RegressionTest14" time="0"/>
  <testcase name="test07266" classname="RegressionTest14" time="0"/>
  <testcase name="test07267" classname="RegressionTest14" time="0"/>
  <testcase name="test07268" classname="RegressionTest14" time="0"/>
  <testcase name="test07269" classname="RegressionTest14" time="0"/>
  <testcase name="test07270" classname="RegressionTest14" time="0"/>
  <testcase name="test07271" classname="RegressionTest14" time="0"/>
  <testcase name="test07272" classname="RegressionTest14" time="0"/>
  <testcase name="test07273" classname="RegressionTest14" time="0"/>
  <testcase name="test07274" classname="RegressionTest14" time="0"/>
  <testcase name="test07275" classname="RegressionTest14" time="0"/>
  <testcase name="test07276" classname="RegressionTest14" time="0"/>
  <testcase name="test07277" classname="RegressionTest14" time="0"/>
  <testcase name="test07278" classname="RegressionTest14" time="0"/>
  <testcase name="test07279" classname="RegressionTest14" time="0"/>
  <testcase name="test07280" classname="RegressionTest14" time="0"/>
  <testcase name="test07281" classname="RegressionTest14" time="0"/>
  <testcase name="test07282" classname="RegressionTest14" time="0"/>
  <testcase name="test07283" classname="RegressionTest14" time="0"/>
  <testcase name="test07284" classname="RegressionTest14" time="0"/>
  <testcase name="test07285" classname="RegressionTest14" time="0"/>
  <testcase name="test07286" classname="RegressionTest14" time="0">
    <failure message="&apos;true&apos; != &apos;false&apos; expected:&lt;true&gt; but was:&lt;false&gt;" type="java.lang.AssertionError"><![CDATA[java.lang.AssertionError: 'true' != 'false' expected:<true> but was:<false>
	at RegressionTest14.test07286(RegressionTest14.java:2295)
]]></failure>
  </testcase>
  <testcase name="test07287" classname="RegressionTest14" time="0"/>
  <testcase name="test07288" classname="RegressionTest14" time="0"/>
  <testcase name="test07289" classname="RegressionTest14" time="0"/>
  <testcase name="test07290" classname="RegressionTest14" time="0"/>
  <testcase name="test07291" classname="RegressionTest14" time="0"/>
  <testcase name="test07292" classname="RegressionTest14" time="0"/>
  <testcase name="test07293" classname="RegressionTest14" time="0"/>
  <testcase name="test07294" classname="RegressionTest14" time="0"/>
  <testcase name="test07295" classname="RegressionTest14" time="0"/>
  <testcase name="test07296" classname="RegressionTest14" time="0"/>
  <testcase name="test07297" classname="RegressionTest14" time="0"/>
  <testcase name="test07298" classname="RegressionTest14" time="0"/>
  <testcase name="test07299" classname="RegressionTest14" time="0"/>
  <testcase name="test07300" classname="RegressionTest14" time="0"/>
  <testcase name="test07301" classname="RegressionTest14" time="0"/>
  <testcase name="test07302" classname="RegressionTest14" time="0">
    <failure message="&apos;true&apos; != &apos;false&apos; expected:&lt;true&gt; but was:&lt;false&gt;" type="java.lang.AssertionError"><![CDATA[java.lang.AssertionError: 'true' != 'false' expected:<true> but was:<false>
	at RegressionTest14.test07302(RegressionTest14.java:2423)
]]></failure>
  </testcase>
  <testcase name="test07303" classname="RegressionTest14" time="0"/>
  <testcase name="test07304" classname="RegressionTest14" time="0">
    <failure message="&apos;true&apos; != &apos;false&apos; expected:&lt;true&gt; but was:&lt;false&gt;" type="java.lang.AssertionError"><![CDATA[java.lang.AssertionError: 'true' != 'false' expected:<true> but was:<false>
	at RegressionTest14.test07304(RegressionTest14.java:2439)
]]></failure>
  </testcase>
  <testcase name="test07305" classname="RegressionTest14" time="0"/>
  <testcase name="test07306" classname="RegressionTest14" time="0"/>
  <testcase name="test07307" classname="RegressionTest14" time="0"/>
  <testcase name="test07308" classname="RegressionTest14" time="0"/>
  <testcase name="test07309" classname="RegressionTest14" time="0"/>
  <testcase name="test07310" classname="RegressionTest14" time="0"/>
  <testcase name="test07311" classname="RegressionTest14" time="0"/>
  <testcase name="test07312" classname="RegressionTest14" time="0"/>
  <testcase name="test07313" classname="RegressionTest14" time="0"/>
  <testcase name="test07314" classname="RegressionTest14" time="0"/>
  <testcase name="test07315" classname="RegressionTest14" time="0"/>
  <testcase name="test07316" classname="RegressionTest14" time="0"/>
  <testcase name="test07317" classname="RegressionTest14" time="0"/>
  <testcase name="test07318" classname="RegressionTest14" time="0"/>
  <testcase name="test07319" classname="RegressionTest14" time="0"/>
  <testcase name="test07320" classname="RegressionTest14" time="0"/>
  <testcase name="test07321" classname="RegressionTest14" time="0"/>
  <testcase name="test07322" classname="RegressionTest14" time="0.001"/>
  <testcase name="test07323" classname="RegressionTest14" time="0"/>
  <testcase name="test07324" classname="RegressionTest14" time="0"/>
  <testcase name="test07325" classname="RegressionTest14" time="0"/>
  <testcase name="test07326" classname="RegressionTest14" time="0"/>
  <testcase name="test07327" classname="RegressionTest14" time="0"/>
  <testcase name="test07328" classname="RegressionTest14" time="0"/>
  <testcase name="test07329" classname="RegressionTest14" time="0"/>
  <testcase name="test07330" classname="RegressionTest14" time="0"/>
  <testcase name="test07331" classname="RegressionTest14" time="0"/>
  <testcase name="test07332" classname="RegressionTest14" time="0"/>
  <testcase name="test07333" classname="RegressionTest14" time="0"/>
  <testcase name="test07334" classname="RegressionTest14" time="0"/>
  <testcase name="test07335" classname="RegressionTest14" time="0"/>
  <testcase name="test07336" classname="RegressionTest14" time="0"/>
  <testcase name="test07337" classname="RegressionTest14" time="0"/>
  <testcase name="test07338" classname="RegressionTest14" time="0"/>
  <testcase name="test07339" classname="RegressionTest14" time="0"/>
  <testcase name="test07340" classname="RegressionTest14" time="0"/>
  <testcase name="test07341" classname="RegressionTest14" time="0"/>
  <testcase name="test07342" classname="RegressionTest14" time="0"/>
  <testcase name="test07343" classname="RegressionTest14" time="0"/>
  <testcase name="test07344" classname="RegressionTest14" time="0"/>
  <testcase name="test07345" classname="RegressionTest14" time="0">
    <failure message="&apos;true&apos; != &apos;false&apos; expected:&lt;true&gt; but was:&lt;false&gt;" type="java.lang.AssertionError"><![CDATA[java.lang.AssertionError: 'true' != 'false' expected:<true> but was:<false>
	at RegressionTest14.test07345(RegressionTest14.java:2767)
]]></failure>
  </testcase>
  <testcase name="test07346" classname="RegressionTest14" time="0"/>
  <testcase name="test07347" classname="RegressionTest14" time="0"/>
  <testcase name="test07348" classname="RegressionTest14" time="0"/>
  <testcase name="test07349" classname="RegressionTest14" time="0"/>
  <testcase name="test07350" classname="RegressionTest14" time="0"/>
  <testcase name="test07351" classname="RegressionTest14" time="0"/>
  <testcase name="test07352" classname="RegressionTest14" time="0"/>
  <testcase name="test07353" classname="RegressionTest14" time="0"/>
  <testcase name="test07354" classname="RegressionTest14" time="0"/>
  <testcase name="test07355" classname="RegressionTest14" time="0">
    <failure message="&apos;true&apos; != &apos;false&apos; expected:&lt;true&gt; but was:&lt;false&gt;" type="java.lang.AssertionError"><![CDATA[java.lang.AssertionError: 'true' != 'false' expected:<true> but was:<false>
	at RegressionTest14.test07355(RegressionTest14.java:2847)
]]></failure>
  </testcase>
  <testcase name="test07356" classname="RegressionTest14" time="0"/>
  <testcase name="test07357" classname="RegressionTest14" time="0">
    <failure message="&apos;true&apos; != &apos;false&apos; expected:&lt;true&gt; but was:&lt;false&gt;" type="java.lang.AssertionError"><![CDATA[java.lang.AssertionError: 'true' != 'false' expected:<true> but was:<false>
	at RegressionTest14.test07357(RegressionTest14.java:2863)
]]></failure>
  </testcase>
  <testcase name="test07358" classname="RegressionTest14" time="0"/>
  <testcase name="test07359" classname="RegressionTest14" time="0">
    <failure message="&apos;true&apos; != &apos;false&apos; expected:&lt;true&gt; but was:&lt;false&gt;" type="java.lang.AssertionError"><![CDATA[java.lang.AssertionError: 'true' != 'false' expected:<true> but was:<false>
	at RegressionTest14.test07359(RegressionTest14.java:2879)
]]></failure>
  </testcase>
  <testcase name="test07360" classname="RegressionTest14" time="0"/>
  <testcase name="test07361" classname="RegressionTest14" time="0"/>
  <testcase name="test07362" classname="RegressionTest14" time="0"/>
  <testcase name="test07363" classname="RegressionTest14" time="0"/>
  <testcase name="test07364" classname="RegressionTest14" time="0.001">
    <failure message="&apos;true&apos; != &apos;false&apos; expected:&lt;true&gt; but was:&lt;false&gt;" type="java.lang.AssertionError"><![CDATA[java.lang.AssertionError: 'true' != 'false' expected:<true> but was:<false>
	at RegressionTest14.test07364(RegressionTest14.java:2919)
]]></failure>
  </testcase>
  <testcase name="test07365" classname="RegressionTest14" time="0"/>
  <testcase name="test07366" classname="RegressionTest14" time="0">
    <failure message="&apos;true&apos; != &apos;false&apos; expected:&lt;true&gt; but was:&lt;false&gt;" type="java.lang.AssertionError"><![CDATA[java.lang.AssertionError: 'true' != 'false' expected:<true> but was:<false>
	at RegressionTest14.test07366(RegressionTest14.java:2935)
]]></failure>
  </testcase>
  <testcase name="test07367" classname="RegressionTest14" time="0"/>
  <testcase name="test07368" classname="RegressionTest14" time="0"/>
  <testcase name="test07369" classname="RegressionTest14" time="0"/>
  <testcase name="test07370" classname="RegressionTest14" time="0"/>
  <testcase name="test07371" classname="RegressionTest14" time="0"/>
  <testcase name="test07372" classname="RegressionTest14" time="0"/>
  <testcase name="test07373" classname="RegressionTest14" time="0"/>
  <testcase name="test07374" classname="RegressionTest14" time="0"/>
  <testcase name="test07375" classname="RegressionTest14" time="0"/>
  <testcase name="test07376" classname="RegressionTest14" time="0"/>
  <testcase name="test07377" classname="RegressionTest14" time="0"/>
  <testcase name="test07378" classname="RegressionTest14" time="0"/>
  <testcase name="test07379" classname="RegressionTest14" time="0"/>
  <testcase name="test07380" classname="RegressionTest14" time="0"/>
  <testcase name="test07381" classname="RegressionTest14" time="0"/>
  <testcase name="test07382" classname="RegressionTest14" time="0"/>
  <testcase name="test07383" classname="RegressionTest14" time="0"/>
  <testcase name="test07384" classname="RegressionTest14" time="0">
    <failure message="&apos;true&apos; != &apos;false&apos; expected:&lt;true&gt; but was:&lt;false&gt;" type="java.lang.AssertionError"><![CDATA[java.lang.AssertionError: 'true' != 'false' expected:<true> but was:<false>
	at RegressionTest14.test07384(RegressionTest14.java:3079)
]]></failure>
  </testcase>
  <testcase name="test07385" classname="RegressionTest14" time="0"/>
  <testcase name="test07386" classname="RegressionTest14" time="0"/>
  <testcase name="test07387" classname="RegressionTest14" time="0"/>
  <testcase name="test07388" classname="RegressionTest14" time="0"/>
  <testcase name="test07389" classname="RegressionTest14" time="0"/>
  <testcase name="test07390" classname="RegressionTest14" time="0"/>
  <testcase name="test07391" classname="RegressionTest14" time="0">
    <failure message="&apos;true&apos; != &apos;false&apos; expected:&lt;true&gt; but was:&lt;false&gt;" type="java.lang.AssertionError"><![CDATA[java.lang.AssertionError: 'true' != 'false' expected:<true> but was:<false>
	at RegressionTest14.test07391(RegressionTest14.java:3135)
]]></failure>
  </testcase>
  <testcase name="test07392" classname="RegressionTest14" time="0"/>
  <testcase name="test07393" classname="RegressionTest14" time="0"/>
  <testcase name="test07394" classname="RegressionTest14" time="0"/>
  <testcase name="test07395" classname="RegressionTest14" time="0"/>
  <testcase name="test07396" classname="RegressionTest14" time="0"/>
  <testcase name="test07397" classname="RegressionTest14" time="0"/>
  <testcase name="test07398" classname="RegressionTest14" time="0"/>
  <testcase name="test07399" classname="RegressionTest14" time="0"/>
  <testcase name="test07400" classname="RegressionTest14" time="0"/>
  <testcase name="test07401" classname="RegressionTest14" time="0"/>
  <testcase name="test07402" classname="RegressionTest14" time="0"/>
  <testcase name="test07403" classname="RegressionTest14" time="0"/>
  <testcase name="test07404" classname="RegressionTest14" time="0"/>
  <testcase name="test07405" classname="RegressionTest14" time="0"/>
  <testcase name="test07406" classname="RegressionTest14" time="0"/>
  <testcase name="test07407" classname="RegressionTest14" time="0"/>
  <testcase name="test07408" classname="RegressionTest14" time="0.001"/>
  <testcase name="test07409" classname="RegressionTest14" time="0"/>
  <testcase name="test07410" classname="RegressionTest14" time="0"/>
  <testcase name="test07411" classname="RegressionTest14" time="0"/>
  <testcase name="test07412" classname="RegressionTest14" time="0"/>
  <testcase name="test07413" classname="RegressionTest14" time="0"/>
  <testcase name="test07414" classname="RegressionTest14" time="0"/>
  <testcase name="test07415" classname="RegressionTest14" time="0"/>
  <testcase name="test07416" classname="RegressionTest14" time="0"/>
  <testcase name="test07417" classname="RegressionTest14" time="0"/>
  <testcase name="test07418" classname="RegressionTest14" time="0"/>
  <testcase name="test07419" classname="RegressionTest14" time="0"/>
  <testcase name="test07420" classname="RegressionTest14" time="0">
    <failure message="&apos;true&apos; != &apos;false&apos; expected:&lt;true&gt; but was:&lt;false&gt;" type="java.lang.AssertionError"><![CDATA[java.lang.AssertionError: 'true' != 'false' expected:<true> but was:<false>
	at RegressionTest14.test07420(RegressionTest14.java:3367)
]]></failure>
  </testcase>
  <testcase name="test07421" classname="RegressionTest14" time="0"/>
  <testcase name="test07422" classname="RegressionTest14" time="0"/>
  <testcase name="test07423" classname="RegressionTest14" time="0"/>
  <testcase name="test07424" classname="RegressionTest14" time="0"/>
  <testcase name="test07425" classname="RegressionTest14" time="0"/>
  <testcase name="test07426" classname="RegressionTest14" time="0">
    <failure message="&apos;true&apos; != &apos;false&apos; expected:&lt;true&gt; but was:&lt;false&gt;" type="java.lang.AssertionError"><![CDATA[java.lang.AssertionError: 'true' != 'false' expected:<true> but was:<false>
	at RegressionTest14.test07426(RegressionTest14.java:3415)
]]></failure>
  </testcase>
  <testcase name="test07427" classname="RegressionTest14" time="0"/>
  <testcase name="test07428" classname="RegressionTest14" time="0"/>
  <testcase name="test07429" classname="RegressionTest14" time="0"/>
  <testcase name="test07430" classname="RegressionTest14" time="0"/>
  <testcase name="test07431" classname="RegressionTest14" time="0"/>
  <testcase name="test07432" classname="RegressionTest14" time="0">
    <failure message="&apos;true&apos; != &apos;false&apos; expected:&lt;true&gt; but was:&lt;false&gt;" type="java.lang.AssertionError"><![CDATA[java.lang.AssertionError: 'true' != 'false' expected:<true> but was:<false>
	at RegressionTest14.test07432(RegressionTest14.java:3463)
]]></failure>
  </testcase>
  <testcase name="test07433" classname="RegressionTest14" time="0"/>
  <testcase name="test07434" classname="RegressionTest14" time="0"/>
  <testcase name="test07435" classname="RegressionTest14" time="0"/>
  <testcase name="test07436" classname="RegressionTest14" time="0"/>
  <testcase name="test07437" classname="RegressionTest14" time="0"/>
  <testcase name="test07438" classname="RegressionTest14" time="0"/>
  <testcase name="test07439" classname="RegressionTest14" time="0"/>
  <testcase name="test07440" classname="RegressionTest14" time="0"/>
  <testcase name="test07441" classname="RegressionTest14" time="0"/>
  <testcase name="test07442" classname="RegressionTest14" time="0"/>
  <testcase name="test07443" classname="RegressionTest14" time="0"/>
  <testcase name="test07444" classname="RegressionTest14" time="0"/>
  <testcase name="test07445" classname="RegressionTest14" time="0"/>
  <testcase name="test07446" classname="RegressionTest14" time="0"/>
  <testcase name="test07447" classname="RegressionTest14" time="0"/>
  <testcase name="test07448" classname="RegressionTest14" time="0"/>
  <testcase name="test07449" classname="RegressionTest14" time="0"/>
  <testcase name="test07450" classname="RegressionTest14" time="0"/>
  <testcase name="test07451" classname="RegressionTest14" time="0"/>
  <testcase name="test07452" classname="RegressionTest14" time="0.001"/>
  <testcase name="test07453" classname="RegressionTest14" time="0"/>
  <testcase name="test07454" classname="RegressionTest14" time="0"/>
  <testcase name="test07455" classname="RegressionTest14" time="0"/>
  <testcase name="test07456" classname="RegressionTest14" time="0"/>
  <testcase name="test07457" classname="RegressionTest14" time="0"/>
  <testcase name="test07458" classname="RegressionTest14" time="0"/>
  <testcase name="test07459" classname="RegressionTest14" time="0"/>
  <testcase name="test07460" classname="RegressionTest14" time="0"/>
  <testcase name="test07461" classname="RegressionTest14" time="0"/>
  <testcase name="test07462" classname="RegressionTest14" time="0"/>
  <testcase name="test07463" classname="RegressionTest14" time="0"/>
  <testcase name="test07464" classname="RegressionTest14" time="0">
    <failure message="&apos;true&apos; != &apos;false&apos; expected:&lt;true&gt; but was:&lt;false&gt;" type="java.lang.AssertionError"><![CDATA[java.lang.AssertionError: 'true' != 'false' expected:<true> but was:<false>
	at RegressionTest14.test07464(RegressionTest14.java:3719)
]]></failure>
  </testcase>
  <testcase name="test07465" classname="RegressionTest14" time="0">
    <failure message="&apos;true&apos; != &apos;false&apos; expected:&lt;true&gt; but was:&lt;false&gt;" type="java.lang.AssertionError"><![CDATA[java.lang.AssertionError: 'true' != 'false' expected:<true> but was:<false>
	at RegressionTest14.test07465(RegressionTest14.java:3727)
]]></failure>
  </testcase>
  <testcase name="test07466" classname="RegressionTest14" time="0">
    <failure message="&apos;true&apos; != &apos;false&apos; expected:&lt;true&gt; but was:&lt;false&gt;" type="java.lang.AssertionError"><![CDATA[java.lang.AssertionError: 'true' != 'false' expected:<true> but was:<false>
	at RegressionTest14.test07466(RegressionTest14.java:3735)
]]></failure>
  </testcase>
  <testcase name="test07467" classname="RegressionTest14" time="0"/>
  <testcase name="test07468" classname="RegressionTest14" time="0"/>
  <testcase name="test07469" classname="RegressionTest14" time="0"/>
  <testcase name="test07470" classname="RegressionTest14" time="0"/>
  <testcase name="test07471" classname="RegressionTest14" time="0"/>
  <testcase name="test07472" classname="RegressionTest14" time="0"/>
  <testcase name="test07473" classname="RegressionTest14" time="0"/>
  <testcase name="test07474" classname="RegressionTest14" time="0"/>
  <testcase name="test07475" classname="RegressionTest14" time="0"/>
  <testcase name="test07476" classname="RegressionTest14" time="0"/>
  <testcase name="test07477" classname="RegressionTest14" time="0"/>
  <testcase name="test07478" classname="RegressionTest14" time="0"/>
  <testcase name="test07479" classname="RegressionTest14" time="0"/>
  <testcase name="test07480" classname="RegressionTest14" time="0"/>
  <testcase name="test07481" classname="RegressionTest14" time="0"/>
  <testcase name="test07482" classname="RegressionTest14" time="0"/>
  <testcase name="test07483" classname="RegressionTest14" time="0">
    <failure message="&apos;true&apos; != &apos;false&apos; expected:&lt;true&gt; but was:&lt;false&gt;" type="java.lang.AssertionError"><![CDATA[java.lang.AssertionError: 'true' != 'false' expected:<true> but was:<false>
	at RegressionTest14.test07483(RegressionTest14.java:3871)
]]></failure>
  </testcase>
  <testcase name="test07484" classname="RegressionTest14" time="0"/>
  <testcase name="test07485" classname="RegressionTest14" time="0"/>
  <testcase name="test07486" classname="RegressionTest14" time="0"/>
  <testcase name="test07487" classname="RegressionTest14" time="0"/>
  <testcase name="test07488" classname="RegressionTest14" time="0"/>
  <testcase name="test07489" classname="RegressionTest14" time="0"/>
  <testcase name="test07490" classname="RegressionTest14" time="0"/>
  <testcase name="test07491" classname="RegressionTest14" time="0"/>
  <testcase name="test07492" classname="RegressionTest14" time="0"/>
  <testcase name="test07493" classname="RegressionTest14" time="0"/>
  <testcase name="test07494" classname="RegressionTest14" time="0"/>
  <testcase name="test07495" classname="RegressionTest14" time="0"/>
  <testcase name="test07496" classname="RegressionTest14" time="0.001">
    <failure message="&apos;true&apos; != &apos;false&apos; expected:&lt;true&gt; but was:&lt;false&gt;" type="java.lang.AssertionError"><![CDATA[java.lang.AssertionError: 'true' != 'false' expected:<true> but was:<false>
	at RegressionTest14.test07496(RegressionTest14.java:3975)
]]></failure>
  </testcase>
  <testcase name="test07497" classname="RegressionTest14" time="0"/>
  <testcase name="test07498" classname="RegressionTest14" time="0"/>
  <testcase name="test07499" classname="RegressionTest14" time="0"/>
  <testcase name="test07500" classname="RegressionTest14" time="0"/>
  <testcase name="test07501" classname="RegressionTest15" time="0"/>
  <testcase name="test07502" classname="RegressionTest15" time="0"/>
  <testcase name="test07503" classname="RegressionTest15" time="0"/>
  <testcase name="test07504" classname="RegressionTest15" time="0"/>
  <testcase name="test07505" classname="RegressionTest15" time="0"/>
  <testcase name="test07506" classname="RegressionTest15" time="0"/>
  <testcase name="test07507" classname="RegressionTest15" time="0"/>
  <testcase name="test07508" classname="RegressionTest15" time="0"/>
  <testcase name="test07509" classname="RegressionTest15" time="0"/>
  <testcase name="test07510" classname="RegressionTest15" time="0"/>
  <testcase name="test07511" classname="RegressionTest15" time="0"/>
  <testcase name="test07512" classname="RegressionTest15" time="0"/>
  <testcase name="test07513" classname="RegressionTest15" time="0"/>
  <testcase name="test07514" classname="RegressionTest15" time="0"/>
  <testcase name="test07515" classname="RegressionTest15" time="0"/>
  <testcase name="test07516" classname="RegressionTest15" time="0"/>
  <testcase name="test07517" classname="RegressionTest15" time="0"/>
  <testcase name="test07518" classname="RegressionTest15" time="0"/>
  <testcase name="test07519" classname="RegressionTest15" time="0">
    <failure message="&apos;true&apos; != &apos;false&apos; expected:&lt;true&gt; but was:&lt;false&gt;" type="java.lang.AssertionError"><![CDATA[java.lang.AssertionError: 'true' != 'false' expected:<true> but was:<false>
	at RegressionTest15.test07519(RegressionTest15.java:159)
]]></failure>
  </testcase>
  <testcase name="test07520" classname="RegressionTest15" time="0"/>
  <testcase name="test07521" classname="RegressionTest15" time="0.001"/>
  <testcase name="test07522" classname="RegressionTest15" time="0"/>
  <testcase name="test07523" classname="RegressionTest15" time="0"/>
  <testcase name="test07524" classname="RegressionTest15" time="0"/>
  <testcase name="test07525" classname="RegressionTest15" time="0"/>
  <testcase name="test07526" classname="RegressionTest15" time="0"/>
  <testcase name="test07527" classname="RegressionTest15" time="0"/>
  <testcase name="test07528" classname="RegressionTest15" time="0"/>
  <testcase name="test07529" classname="RegressionTest15" time="0">
    <failure message="&apos;true&apos; != &apos;false&apos; expected:&lt;true&gt; but was:&lt;false&gt;" type="java.lang.AssertionError"><![CDATA[java.lang.AssertionError: 'true' != 'false' expected:<true> but was:<false>
	at RegressionTest15.test07529(RegressionTest15.java:239)
]]></failure>
  </testcase>
  <testcase name="test07530" classname="RegressionTest15" time="0"/>
  <testcase name="test07531" classname="RegressionTest15" time="0"/>
  <testcase name="test07532" classname="RegressionTest15" time="0"/>
  <testcase name="test07533" classname="RegressionTest15" time="0"/>
  <testcase name="test07534" classname="RegressionTest15" time="0"/>
  <testcase name="test07535" classname="RegressionTest15" time="0"/>
  <testcase name="test07536" classname="RegressionTest15" time="0"/>
  <testcase name="test07537" classname="RegressionTest15" time="0"/>
  <testcase name="test07538" classname="RegressionTest15" time="0"/>
  <testcase name="test07539" classname="RegressionTest15" time="0"/>
  <testcase name="test07540" classname="RegressionTest15" time="0"/>
  <testcase name="test07541" classname="RegressionTest15" time="0"/>
  <testcase name="test07542" classname="RegressionTest15" time="0"/>
  <testcase name="test07543" classname="RegressionTest15" time="0"/>
  <testcase name="test07544" classname="RegressionTest15" time="0"/>
  <testcase name="test07545" classname="RegressionTest15" time="0"/>
  <testcase name="test07546" classname="RegressionTest15" time="0"/>
  <testcase name="test07547" classname="RegressionTest15" time="0"/>
  <testcase name="test07548" classname="RegressionTest15" time="0"/>
  <testcase name="test07549" classname="RegressionTest15" time="0"/>
  <testcase name="test07550" classname="RegressionTest15" time="0"/>
  <testcase name="test07551" classname="RegressionTest15" time="0">
    <failure message="&apos;true&apos; != &apos;false&apos; expected:&lt;true&gt; but was:&lt;false&gt;" type="java.lang.AssertionError"><![CDATA[java.lang.AssertionError: 'true' != 'false' expected:<true> but was:<false>
	at RegressionTest15.test07551(RegressionTest15.java:415)
]]></failure>
  </testcase>
  <testcase name="test07552" classname="RegressionTest15" time="0"/>
  <testcase name="test07553" classname="RegressionTest15" time="0"/>
  <testcase name="test07554" classname="RegressionTest15" time="0"/>
  <testcase name="test07555" classname="RegressionTest15" time="0"/>
  <testcase name="test07556" classname="RegressionTest15" time="0"/>
  <testcase name="test07557" classname="RegressionTest15" time="0"/>
  <testcase name="test07558" classname="RegressionTest15" time="0"/>
  <testcase name="test07559" classname="RegressionTest15" time="0"/>
  <testcase name="test07560" classname="RegressionTest15" time="0"/>
  <testcase name="test07561" classname="RegressionTest15" time="0"/>
  <testcase name="test07562" classname="RegressionTest15" time="0"/>
  <testcase name="test07563" classname="RegressionTest15" time="0"/>
  <testcase name="test07564" classname="RegressionTest15" time="0"/>
  <testcase name="test07565" classname="RegressionTest15" time="0"/>
  <testcase name="test07566" classname="RegressionTest15" time="0"/>
  <testcase name="test07567" classname="RegressionTest15" time="0.001">
    <failure message="&apos;true&apos; != &apos;false&apos; expected:&lt;true&gt; but was:&lt;false&gt;" type="java.lang.AssertionError"><![CDATA[java.lang.AssertionError: 'true' != 'false' expected:<true> but was:<false>
	at RegressionTest15.test07567(RegressionTest15.java:543)
]]></failure>
  </testcase>
  <testcase name="test07568" classname="RegressionTest15" time="0"/>
  <testcase name="test07569" classname="RegressionTest15" time="0"/>
  <testcase name="test07570" classname="RegressionTest15" time="0"/>
  <testcase name="test07571" classname="RegressionTest15" time="0"/>
  <testcase name="test07572" classname="RegressionTest15" time="0"/>
  <testcase name="test07573" classname="RegressionTest15" time="0"/>
  <testcase name="test07574" classname="RegressionTest15" time="0"/>
  <testcase name="test07575" classname="RegressionTest15" time="0"/>
  <testcase name="test07576" classname="RegressionTest15" time="0">
    <failure message="&apos;true&apos; != &apos;false&apos; expected:&lt;true&gt; but was:&lt;false&gt;" type="java.lang.AssertionError"><![CDATA[java.lang.AssertionError: 'true' != 'false' expected:<true> but was:<false>
	at RegressionTest15.test07576(RegressionTest15.java:615)
]]></failure>
  </testcase>
  <testcase name="test07577" classname="RegressionTest15" time="0"/>
  <testcase name="test07578" classname="RegressionTest15" time="0"/>
  <testcase name="test07579" classname="RegressionTest15" time="0"/>
  <testcase name="test07580" classname="RegressionTest15" time="0"/>
  <testcase name="test07581" classname="RegressionTest15" time="0"/>
  <testcase name="test07582" classname="RegressionTest15" time="0"/>
  <testcase name="test07583" classname="RegressionTest15" time="0"/>
  <testcase name="test07584" classname="RegressionTest15" time="0"/>
  <testcase name="test07585" classname="RegressionTest15" time="0"/>
  <testcase name="test07586" classname="RegressionTest15" time="0"/>
  <testcase name="test07587" classname="RegressionTest15" time="0"/>
  <testcase name="test07588" classname="RegressionTest15" time="0"/>
  <testcase name="test07589" classname="RegressionTest15" time="0"/>
  <testcase name="test07590" classname="RegressionTest15" time="0"/>
  <testcase name="test07591" classname="RegressionTest15" time="0"/>
  <testcase name="test07592" classname="RegressionTest15" time="0"/>
  <testcase name="test07593" classname="RegressionTest15" time="0">
    <failure message="&apos;true&apos; != &apos;false&apos; expected:&lt;true&gt; but was:&lt;false&gt;" type="java.lang.AssertionError"><![CDATA[java.lang.AssertionError: 'true' != 'false' expected:<true> but was:<false>
	at RegressionTest15.test07593(RegressionTest15.java:751)
]]></failure>
  </testcase>
  <testcase name="test07594" classname="RegressionTest15" time="0"/>
  <testcase name="test07595" classname="RegressionTest15" time="0"/>
  <testcase name="test07596" classname="RegressionTest15" time="0"/>
  <testcase name="test07597" classname="RegressionTest15" time="0"/>
  <testcase name="test07598" classname="RegressionTest15" time="0"/>
  <testcase name="test07599" classname="RegressionTest15" time="0"/>
  <testcase name="test07600" classname="RegressionTest15" time="0">
    <failure message="&apos;true&apos; != &apos;false&apos; expected:&lt;true&gt; but was:&lt;false&gt;" type="java.lang.AssertionError"><![CDATA[java.lang.AssertionError: 'true' != 'false' expected:<true> but was:<false>
	at RegressionTest15.test07600(RegressionTest15.java:807)
]]></failure>
  </testcase>
  <testcase name="test07601" classname="RegressionTest15" time="0"/>
  <testcase name="test07602" classname="RegressionTest15" time="0"/>
  <testcase name="test07603" classname="RegressionTest15" time="0">
    <failure message="&apos;true&apos; != &apos;false&apos; expected:&lt;true&gt; but was:&lt;false&gt;" type="java.lang.AssertionError"><![CDATA[java.lang.AssertionError: 'true' != 'false' expected:<true> but was:<false>
	at RegressionTest15.test07603(RegressionTest15.java:831)
]]></failure>
  </testcase>
  <testcase name="test07604" classname="RegressionTest15" time="0"/>
  <testcase name="test07605" classname="RegressionTest15" time="0"/>
  <testcase name="test07606" classname="RegressionTest15" time="0"/>
  <testcase name="test07607" classname="RegressionTest15" time="0"/>
  <testcase name="test07608" classname="RegressionTest15" time="0.001"/>
  <testcase name="test07609" classname="RegressionTest15" time="0"/>
  <testcase name="test07610" classname="RegressionTest15" time="0"/>
  <testcase name="test07611" classname="RegressionTest15" time="0"/>
  <testcase name="test07612" classname="RegressionTest15" time="0"/>
  <testcase name="test07613" classname="RegressionTest15" time="0"/>
  <testcase name="test07614" classname="RegressionTest15" time="0"/>
  <testcase name="test07615" classname="RegressionTest15" time="0"/>
  <testcase name="test07616" classname="RegressionTest15" time="0"/>
  <testcase name="test07617" classname="RegressionTest15" time="0"/>
  <testcase name="test07618" classname="RegressionTest15" time="0"/>
  <testcase name="test07619" classname="RegressionTest15" time="0"/>
  <testcase name="test07620" classname="RegressionTest15" time="0"/>
  <testcase name="test07621" classname="RegressionTest15" time="0"/>
  <testcase name="test07622" classname="RegressionTest15" time="0"/>
  <testcase name="test07623" classname="RegressionTest15" time="0">
    <failure message="&apos;true&apos; != &apos;false&apos; expected:&lt;true&gt; but was:&lt;false&gt;" type="java.lang.AssertionError"><![CDATA[java.lang.AssertionError: 'true' != 'false' expected:<true> but was:<false>
	at RegressionTest15.test07623(RegressionTest15.java:991)
]]></failure>
  </testcase>
  <testcase name="test07624" classname="RegressionTest15" time="0"/>
  <testcase name="test07625" classname="RegressionTest15" time="0"/>
  <testcase name="test07626" classname="RegressionTest15" time="0"/>
  <testcase name="test07627" classname="RegressionTest15" time="0"/>
  <testcase name="test07628" classname="RegressionTest15" time="0"/>
  <testcase name="test07629" classname="RegressionTest15" time="0"/>
  <testcase name="test07630" classname="RegressionTest15" time="0"/>
  <testcase name="test07631" classname="RegressionTest15" time="0"/>
  <testcase name="test07632" classname="RegressionTest15" time="0"/>
  <testcase name="test07633" classname="RegressionTest15" time="0"/>
  <testcase name="test07634" classname="RegressionTest15" time="0"/>
  <testcase name="test07635" classname="RegressionTest15" time="0"/>
  <testcase name="test07636" classname="RegressionTest15" time="0"/>
  <testcase name="test07637" classname="RegressionTest15" time="0"/>
  <testcase name="test07638" classname="RegressionTest15" time="0"/>
  <testcase name="test07639" classname="RegressionTest15" time="0"/>
  <testcase name="test07640" classname="RegressionTest15" time="0"/>
  <testcase name="test07641" classname="RegressionTest15" time="0"/>
  <testcase name="test07642" classname="RegressionTest15" time="0"/>
  <testcase name="test07643" classname="RegressionTest15" time="0"/>
  <testcase name="test07644" classname="RegressionTest15" time="0"/>
  <testcase name="test07645" classname="RegressionTest15" time="0"/>
  <testcase name="test07646" classname="RegressionTest15" time="0"/>
  <testcase name="test07647" classname="RegressionTest15" time="0"/>
  <testcase name="test07648" classname="RegressionTest15" time="0"/>
  <testcase name="test07649" classname="RegressionTest15" time="0"/>
  <testcase name="test07650" classname="RegressionTest15" time="0"/>
  <testcase name="test07651" classname="RegressionTest15" time="0"/>
  <testcase name="test07652" classname="RegressionTest15" time="0"/>
  <testcase name="test07653" classname="RegressionTest15" time="0"/>
  <testcase name="test07654" classname="RegressionTest15" time="0"/>
  <testcase name="test07655" classname="RegressionTest15" time="0.001">
    <failure message="&apos;true&apos; != &apos;false&apos; expected:&lt;true&gt; but was:&lt;false&gt;" type="java.lang.AssertionError"><![CDATA[java.lang.AssertionError: 'true' != 'false' expected:<true> but was:<false>
	at RegressionTest15.test07655(RegressionTest15.java:1247)
]]></failure>
  </testcase>
  <testcase name="test07656" classname="RegressionTest15" time="0"/>
  <testcase name="test07657" classname="RegressionTest15" time="0"/>
  <testcase name="test07658" classname="RegressionTest15" time="0"/>
  <testcase name="test07659" classname="RegressionTest15" time="0"/>
  <testcase name="test07660" classname="RegressionTest15" time="0"/>
  <testcase name="test07661" classname="RegressionTest15" time="0"/>
  <testcase name="test07662" classname="RegressionTest15" time="0"/>
  <testcase name="test07663" classname="RegressionTest15" time="0"/>
  <testcase name="test07664" classname="RegressionTest15" time="0"/>
  <testcase name="test07665" classname="RegressionTest15" time="0"/>
  <testcase name="test07666" classname="RegressionTest15" time="0"/>
  <testcase name="test07667" classname="RegressionTest15" time="0"/>
  <testcase name="test07668" classname="RegressionTest15" time="0"/>
  <testcase name="test07669" classname="RegressionTest15" time="0">
    <failure message="&apos;true&apos; != &apos;false&apos; expected:&lt;true&gt; but was:&lt;false&gt;" type="java.lang.AssertionError"><![CDATA[java.lang.AssertionError: 'true' != 'false' expected:<true> but was:<false>
	at RegressionTest15.test07669(RegressionTest15.java:1359)
]]></failure>
  </testcase>
  <testcase name="test07670" classname="RegressionTest15" time="0"/>
  <testcase name="test07671" classname="RegressionTest15" time="0">
    <failure message="&apos;true&apos; != &apos;false&apos; expected:&lt;true&gt; but was:&lt;false&gt;" type="java.lang.AssertionError"><![CDATA[java.lang.AssertionError: 'true' != 'false' expected:<true> but was:<false>
	at RegressionTest15.test07671(RegressionTest15.java:1375)
]]></failure>
  </testcase>
  <testcase name="test07672" classname="RegressionTest15" time="0"/>
  <testcase name="test07673" classname="RegressionTest15" time="0"/>
  <testcase name="test07674" classname="RegressionTest15" time="0"/>
  <testcase name="test07675" classname="RegressionTest15" time="0"/>
  <testcase name="test07676" classname="RegressionTest15" time="0"/>
  <testcase name="test07677" classname="RegressionTest15" time="0"/>
  <testcase name="test07678" classname="RegressionTest15" time="0.001">
    <failure message="&apos;true&apos; != &apos;false&apos; expected:&lt;true&gt; but was:&lt;false&gt;" type="java.lang.AssertionError"><![CDATA[java.lang.AssertionError: 'true' != 'false' expected:<true> but was:<false>
	at RegressionTest15.test07678(RegressionTest15.java:1431)
]]></failure>
  </testcase>
  <testcase name="test07679" classname="RegressionTest15" time="0"/>
  <testcase name="test07680" classname="RegressionTest15" time="0"/>
  <testcase name="test07681" classname="RegressionTest15" time="0"/>
  <testcase name="test07682" classname="RegressionTest15" time="0"/>
  <testcase name="test07683" classname="RegressionTest15" time="0"/>
  <testcase name="test07684" classname="RegressionTest15" time="0"/>
  <testcase name="test07685" classname="RegressionTest15" time="0"/>
  <testcase name="test07686" classname="RegressionTest15" time="0"/>
  <testcase name="test07687" classname="RegressionTest15" time="0"/>
  <testcase name="test07688" classname="RegressionTest15" time="0"/>
  <testcase name="test07689" classname="RegressionTest15" time="0"/>
  <testcase name="test07690" classname="RegressionTest15" time="0"/>
  <testcase name="test07691" classname="RegressionTest15" time="0"/>
  <testcase name="test07692" classname="RegressionTest15" time="0"/>
  <testcase name="test07693" classname="RegressionTest15" time="0"/>
  <testcase name="test07694" classname="RegressionTest15" time="0">
    <failure message="&apos;true&apos; != &apos;false&apos; expected:&lt;true&gt; but was:&lt;false&gt;" type="java.lang.AssertionError"><![CDATA[java.lang.AssertionError: 'true' != 'false' expected:<true> but was:<false>
	at RegressionTest15.test07694(RegressionTest15.java:1559)
]]></failure>
  </testcase>
  <testcase name="test07695" classname="RegressionTest15" time="0"/>
  <testcase name="test07696" classname="RegressionTest15" time="0"/>
  <testcase name="test07697" classname="RegressionTest15" time="0"/>
  <testcase name="test07698" classname="RegressionTest15" time="0"/>
  <testcase name="test07699" classname="RegressionTest15" time="0">
    <failure message="&apos;true&apos; != &apos;false&apos; expected:&lt;true&gt; but was:&lt;false&gt;" type="java.lang.AssertionError"><![CDATA[java.lang.AssertionError: 'true' != 'false' expected:<true> but was:<false>
	at RegressionTest15.test07699(RegressionTest15.java:1599)
]]></failure>
  </testcase>
  <testcase name="test07700" classname="RegressionTest15" time="0"/>
  <testcase name="test07701" classname="RegressionTest15" time="0"/>
  <testcase name="test07702" classname="RegressionTest15" time="0"/>
  <testcase name="test07703" classname="RegressionTest15" time="0"/>
  <testcase name="test07704" classname="RegressionTest15" time="0"/>
  <testcase name="test07705" classname="RegressionTest15" time="0"/>
  <testcase name="test07706" classname="RegressionTest15" time="0"/>
  <testcase name="test07707" classname="RegressionTest15" time="0"/>
  <testcase name="test07708" classname="RegressionTest15" time="0">
    <failure message="&apos;true&apos; != &apos;false&apos; expected:&lt;true&gt; but was:&lt;false&gt;" type="java.lang.AssertionError"><![CDATA[java.lang.AssertionError: 'true' != 'false' expected:<true> but was:<false>
	at RegressionTest15.test07708(RegressionTest15.java:1671)
]]></failure>
  </testcase>
  <testcase name="test07709" classname="RegressionTest15" time="0"/>
  <testcase name="test07710" classname="RegressionTest15" time="0"/>
  <testcase name="test07711" classname="RegressionTest15" time="0"/>
  <testcase name="test07712" classname="RegressionTest15" time="0"/>
  <testcase name="test07713" classname="RegressionTest15" time="0"/>
  <testcase name="test07714" classname="RegressionTest15" time="0"/>
  <testcase name="test07715" classname="RegressionTest15" time="0"/>
  <testcase name="test07716" classname="RegressionTest15" time="0"/>
  <testcase name="test07717" classname="RegressionTest15" time="0"/>
  <testcase name="test07718" classname="RegressionTest15" time="0"/>
  <testcase name="test07719" classname="RegressionTest15" time="0"/>
  <testcase name="test07720" classname="RegressionTest15" time="0"/>
  <testcase name="test07721" classname="RegressionTest15" time="0"/>
  <testcase name="test07722" classname="RegressionTest15" time="0">
    <failure message="&apos;true&apos; != &apos;false&apos; expected:&lt;true&gt; but was:&lt;false&gt;" type="java.lang.AssertionError"><![CDATA[java.lang.AssertionError: 'true' != 'false' expected:<true> but was:<false>
	at RegressionTest15.test07722(RegressionTest15.java:1783)
]]></failure>
  </testcase>
  <testcase name="test07723" classname="RegressionTest15" time="0"/>
  <testcase name="test07724" classname="RegressionTest15" time="0"/>
  <testcase name="test07725" classname="RegressionTest15" time="0"/>
  <testcase name="test07726" classname="RegressionTest15" time="0"/>
  <testcase name="test07727" classname="RegressionTest15" time="0"/>
  <testcase name="test07728" classname="RegressionTest15" time="0"/>
  <testcase name="test07729" classname="RegressionTest15" time="0">
    <failure message="&apos;true&apos; != &apos;false&apos; expected:&lt;true&gt; but was:&lt;false&gt;" type="java.lang.AssertionError"><![CDATA[java.lang.AssertionError: 'true' != 'false' expected:<true> but was:<false>
	at RegressionTest15.test07729(RegressionTest15.java:1839)
]]></failure>
  </testcase>
  <testcase name="test07730" classname="RegressionTest15" time="0"/>
  <testcase name="test07731" classname="RegressionTest15" time="0"/>
  <testcase name="test07732" classname="RegressionTest15" time="0"/>
  <testcase name="test07733" classname="RegressionTest15" time="0"/>
  <testcase name="test07734" classname="RegressionTest15" time="0"/>
  <testcase name="test07735" classname="RegressionTest15" time="0"/>
  <testcase name="test07736" classname="RegressionTest15" time="0">
    <failure message="&apos;true&apos; != &apos;false&apos; expected:&lt;true&gt; but was:&lt;false&gt;" type="java.lang.AssertionError"><![CDATA[java.lang.AssertionError: 'true' != 'false' expected:<true> but was:<false>
	at RegressionTest15.test07736(RegressionTest15.java:1895)
]]></failure>
  </testcase>
  <testcase name="test07737" classname="RegressionTest15" time="0"/>
  <testcase name="test07738" classname="RegressionTest15" time="0"/>
  <testcase name="test07739" classname="RegressionTest15" time="0"/>
  <testcase name="test07740" classname="RegressionTest15" time="0"/>
  <testcase name="test07741" classname="RegressionTest15" time="0"/>
  <testcase name="test07742" classname="RegressionTest15" time="0"/>
  <testcase name="test07743" classname="RegressionTest15" time="0"/>
  <testcase name="test07744" classname="RegressionTest15" time="0"/>
  <testcase name="test07745" classname="RegressionTest15" time="0"/>
  <testcase name="test07746" classname="RegressionTest15" time="0"/>
  <testcase name="test07747" classname="RegressionTest15" time="0"/>
  <testcase name="test07748" classname="RegressionTest15" time="0"/>
  <testcase name="test07749" classname="RegressionTest15" time="0"/>
  <testcase name="test07750" classname="RegressionTest15" time="0"/>
  <testcase name="test07751" classname="RegressionTest15" time="0"/>
  <testcase name="test07752" classname="RegressionTest15" time="0"/>
  <testcase name="test07753" classname="RegressionTest15" time="0"/>
  <testcase name="test07754" classname="RegressionTest15" time="0"/>
  <testcase name="test07755" classname="RegressionTest15" time="0"/>
  <testcase name="test07756" classname="RegressionTest15" time="0"/>
  <testcase name="test07757" classname="RegressionTest15" time="0"/>
  <testcase name="test07758" classname="RegressionTest15" time="0"/>
  <testcase name="test07759" classname="RegressionTest15" time="0"/>
  <testcase name="test07760" classname="RegressionTest15" time="0"/>
  <testcase name="test07761" classname="RegressionTest15" time="0"/>
  <testcase name="test07762" classname="RegressionTest15" time="0"/>
  <testcase name="test07763" classname="RegressionTest15" time="0"/>
  <testcase name="test07764" classname="RegressionTest15" time="0"/>
  <testcase name="test07765" classname="RegressionTest15" time="0"/>
  <testcase name="test07766" classname="RegressionTest15" time="0"/>
  <testcase name="test07767" classname="RegressionTest15" time="0"/>
  <testcase name="test07768" classname="RegressionTest15" time="0"/>
  <testcase name="test07769" classname="RegressionTest15" time="0"/>
  <testcase name="test07770" classname="RegressionTest15" time="0"/>
  <testcase name="test07771" classname="RegressionTest15" time="0"/>
  <testcase name="test07772" classname="RegressionTest15" time="0"/>
  <testcase name="test07773" classname="RegressionTest15" time="0"/>
  <testcase name="test07774" classname="RegressionTest15" time="0"/>
  <testcase name="test07775" classname="RegressionTest15" time="0"/>
  <testcase name="test07776" classname="RegressionTest15" time="0"/>
  <testcase name="test07777" classname="RegressionTest15" time="0"/>
  <testcase name="test07778" classname="RegressionTest15" time="0"/>
  <testcase name="test07779" classname="RegressionTest15" time="0"/>
  <testcase name="test07780" classname="RegressionTest15" time="0"/>
  <testcase name="test07781" classname="RegressionTest15" time="0"/>
  <testcase name="test07782" classname="RegressionTest15" time="0"/>
  <testcase name="test07783" classname="RegressionTest15" time="0">
    <failure message="&apos;true&apos; != &apos;false&apos; expected:&lt;true&gt; but was:&lt;false&gt;" type="java.lang.AssertionError"><![CDATA[java.lang.AssertionError: 'true' != 'false' expected:<true> but was:<false>
	at RegressionTest15.test07783(RegressionTest15.java:2271)
]]></failure>
  </testcase>
  <testcase name="test07784" classname="RegressionTest15" time="0"/>
  <testcase name="test07785" classname="RegressionTest15" time="0"/>
  <testcase name="test07786" classname="RegressionTest15" time="0"/>
  <testcase name="test07787" classname="RegressionTest15" time="0"/>
  <testcase name="test07788" classname="RegressionTest15" time="0"/>
  <testcase name="test07789" classname="RegressionTest15" time="0"/>
  <testcase name="test07790" classname="RegressionTest15" time="0"/>
  <testcase name="test07791" classname="RegressionTest15" time="0"/>
  <testcase name="test07792" classname="RegressionTest15" time="0"/>
  <testcase name="test07793" classname="RegressionTest15" time="0"/>
  <testcase name="test07794" classname="RegressionTest15" time="0"/>
  <testcase name="test07795" classname="RegressionTest15" time="0"/>
  <testcase name="test07796" classname="RegressionTest15" time="0"/>
  <testcase name="test07797" classname="RegressionTest15" time="0">
    <failure message="&apos;true&apos; != &apos;false&apos; expected:&lt;true&gt; but was:&lt;false&gt;" type="java.lang.AssertionError"><![CDATA[java.lang.AssertionError: 'true' != 'false' expected:<true> but was:<false>
	at RegressionTest15.test07797(RegressionTest15.java:2383)
]]></failure>
  </testcase>
  <testcase name="test07798" classname="RegressionTest15" time="0">
    <failure message="&apos;true&apos; != &apos;false&apos; expected:&lt;true&gt; but was:&lt;false&gt;" type="java.lang.AssertionError"><![CDATA[java.lang.AssertionError: 'true' != 'false' expected:<true> but was:<false>
	at RegressionTest15.test07798(RegressionTest15.java:2391)
]]></failure>
  </testcase>
  <testcase name="test07799" classname="RegressionTest15" time="0"/>
  <testcase name="test07800" classname="RegressionTest15" time="0"/>
  <testcase name="test07801" classname="RegressionTest15" time="0"/>
  <testcase name="test07802" classname="RegressionTest15" time="0.001"/>
  <testcase name="test07803" classname="RegressionTest15" time="0"/>
  <testcase name="test07804" classname="RegressionTest15" time="0"/>
  <testcase name="test07805" classname="RegressionTest15" time="0"/>
  <testcase name="test07806" classname="RegressionTest15" time="0"/>
  <testcase name="test07807" classname="RegressionTest15" time="0"/>
  <testcase name="test07808" classname="RegressionTest15" time="0"/>
  <testcase name="test07809" classname="RegressionTest15" time="0"/>
  <testcase name="test07810" classname="RegressionTest15" time="0"/>
  <testcase name="test07811" classname="RegressionTest15" time="0"/>
  <testcase name="test07812" classname="RegressionTest15" time="0"/>
  <testcase name="test07813" classname="RegressionTest15" time="0"/>
  <testcase name="test07814" classname="RegressionTest15" time="0"/>
  <testcase name="test07815" classname="RegressionTest15" time="0"/>
  <testcase name="test07816" classname="RegressionTest15" time="0"/>
  <testcase name="test07817" classname="RegressionTest15" time="0">
    <failure message="&apos;true&apos; != &apos;false&apos; expected:&lt;true&gt; but was:&lt;false&gt;" type="java.lang.AssertionError"><![CDATA[java.lang.AssertionError: 'true' != 'false' expected:<true> but was:<false>
	at RegressionTest15.test07817(RegressionTest15.java:2543)
]]></failure>
  </testcase>
  <testcase name="test07818" classname="RegressionTest15" time="0"/>
  <testcase name="test07819" classname="RegressionTest15" time="0"/>
  <testcase name="test07820" classname="RegressionTest15" time="0"/>
  <testcase name="test07821" classname="RegressionTest15" time="0">
    <failure message="&apos;true&apos; != &apos;false&apos; expected:&lt;true&gt; but was:&lt;false&gt;" type="java.lang.AssertionError"><![CDATA[java.lang.AssertionError: 'true' != 'false' expected:<true> but was:<false>
	at RegressionTest15.test07821(RegressionTest15.java:2575)
]]></failure>
  </testcase>
  <testcase name="test07822" classname="RegressionTest15" time="0"/>
  <testcase name="test07823" classname="RegressionTest15" time="0"/>
  <testcase name="test07824" classname="RegressionTest15" time="0"/>
  <testcase name="test07825" classname="RegressionTest15" time="0"/>
  <testcase name="test07826" classname="RegressionTest15" time="0"/>
  <testcase name="test07827" classname="RegressionTest15" time="0">
    <failure message="&apos;true&apos; != &apos;false&apos; expected:&lt;true&gt; but was:&lt;false&gt;" type="java.lang.AssertionError"><![CDATA[java.lang.AssertionError: 'true' != 'false' expected:<true> but was:<false>
	at RegressionTest15.test07827(RegressionTest15.java:2623)
]]></failure>
  </testcase>
  <testcase name="test07828" classname="RegressionTest15" time="0"/>
  <testcase name="test07829" classname="RegressionTest15" time="0"/>
  <testcase name="test07830" classname="RegressionTest15" time="0"/>
  <testcase name="test07831" classname="RegressionTest15" time="0"/>
  <testcase name="test07832" classname="RegressionTest15" time="0"/>
  <testcase name="test07833" classname="RegressionTest15" time="0"/>
  <testcase name="test07834" classname="RegressionTest15" time="0"/>
  <testcase name="test07835" classname="RegressionTest15" time="0"/>
  <testcase name="test07836" classname="RegressionTest15" time="0"/>
  <testcase name="test07837" classname="RegressionTest15" time="0"/>
  <testcase name="test07838" classname="RegressionTest15" time="0"/>
  <testcase name="test07839" classname="RegressionTest15" time="0"/>
  <testcase name="test07840" classname="RegressionTest15" time="0">
    <failure message="&apos;true&apos; != &apos;false&apos; expected:&lt;true&gt; but was:&lt;false&gt;" type="java.lang.AssertionError"><![CDATA[java.lang.AssertionError: 'true' != 'false' expected:<true> but was:<false>
	at RegressionTest15.test07840(RegressionTest15.java:2727)
]]></failure>
  </testcase>
  <testcase name="test07841" classname="RegressionTest15" time="0"/>
  <testcase name="test07842" classname="RegressionTest15" time="0"/>
  <testcase name="test07843" classname="RegressionTest15" time="0"/>
  <testcase name="test07844" classname="RegressionTest15" time="0"/>
  <testcase name="test07845" classname="RegressionTest15" time="0"/>
  <testcase name="test07846" classname="RegressionTest15" time="0"/>
  <testcase name="test07847" classname="RegressionTest15" time="0"/>
  <testcase name="test07848" classname="RegressionTest15" time="0.001"/>
  <testcase name="test07849" classname="RegressionTest15" time="0"/>
  <testcase name="test07850" classname="RegressionTest15" time="0"/>
  <testcase name="test07851" classname="RegressionTest15" time="0"/>
  <testcase name="test07852" classname="RegressionTest15" time="0"/>
  <testcase name="test07853" classname="RegressionTest15" time="0"/>
  <testcase name="test07854" classname="RegressionTest15" time="0"/>
  <testcase name="test07855" classname="RegressionTest15" time="0"/>
  <testcase name="test07856" classname="RegressionTest15" time="0"/>
  <testcase name="test07857" classname="RegressionTest15" time="0"/>
  <testcase name="test07858" classname="RegressionTest15" time="0"/>
  <testcase name="test07859" classname="RegressionTest15" time="0"/>
  <testcase name="test07860" classname="RegressionTest15" time="0">
    <failure message="&apos;true&apos; != &apos;false&apos; expected:&lt;true&gt; but was:&lt;false&gt;" type="java.lang.AssertionError"><![CDATA[java.lang.AssertionError: 'true' != 'false' expected:<true> but was:<false>
	at RegressionTest15.test07860(RegressionTest15.java:2887)
]]></failure>
  </testcase>
  <testcase name="test07861" classname="RegressionTest15" time="0"/>
  <testcase name="test07862" classname="RegressionTest15" time="0"/>
  <testcase name="test07863" classname="RegressionTest15" time="0"/>
  <testcase name="test07864" classname="RegressionTest15" time="0"/>
  <testcase name="test07865" classname="RegressionTest15" time="0"/>
  <testcase name="test07866" classname="RegressionTest15" time="0"/>
  <testcase name="test07867" classname="RegressionTest15" time="0"/>
  <testcase name="test07868" classname="RegressionTest15" time="0"/>
  <testcase name="test07869" classname="RegressionTest15" time="0">
    <failure message="&apos;true&apos; != &apos;false&apos; expected:&lt;true&gt; but was:&lt;false&gt;" type="java.lang.AssertionError"><![CDATA[java.lang.AssertionError: 'true' != 'false' expected:<true> but was:<false>
	at RegressionTest15.test07869(RegressionTest15.java:2959)
]]></failure>
  </testcase>
  <testcase name="test07870" classname="RegressionTest15" time="0"/>
  <testcase name="test07871" classname="RegressionTest15" time="0"/>
  <testcase name="test07872" classname="RegressionTest15" time="0"/>
  <testcase name="test07873" classname="RegressionTest15" time="0"/>
  <testcase name="test07874" classname="RegressionTest15" time="0"/>
  <testcase name="test07875" classname="RegressionTest15" time="0"/>
  <testcase name="test07876" classname="RegressionTest15" time="0"/>
  <testcase name="test07877" classname="RegressionTest15" time="0"/>
  <testcase name="test07878" classname="RegressionTest15" time="0"/>
  <testcase name="test07879" classname="RegressionTest15" time="0"/>
  <testcase name="test07880" classname="RegressionTest15" time="0"/>
  <testcase name="test07881" classname="RegressionTest15" time="0"/>
  <testcase name="test07882" classname="RegressionTest15" time="0"/>
  <testcase name="test07883" classname="RegressionTest15" time="0"/>
  <testcase name="test07884" classname="RegressionTest15" time="0"/>
  <testcase name="test07885" classname="RegressionTest15" time="0"/>
  <testcase name="test07886" classname="RegressionTest15" time="0"/>
  <testcase name="test07887" classname="RegressionTest15" time="0"/>
  <testcase name="test07888" classname="RegressionTest15" time="0"/>
  <testcase name="test07889" classname="RegressionTest15" time="0"/>
  <testcase name="test07890" classname="RegressionTest15" time="0.001"/>
  <testcase name="test07891" classname="RegressionTest15" time="0"/>
  <testcase name="test07892" classname="RegressionTest15" time="0"/>
  <testcase name="test07893" classname="RegressionTest15" time="0"/>
  <testcase name="test07894" classname="RegressionTest15" time="0">
    <failure message="&apos;true&apos; != &apos;false&apos; expected:&lt;true&gt; but was:&lt;false&gt;" type="java.lang.AssertionError"><![CDATA[java.lang.AssertionError: 'true' != 'false' expected:<true> but was:<false>
	at RegressionTest15.test07894(RegressionTest15.java:3159)
]]></failure>
  </testcase>
  <testcase name="test07895" classname="RegressionTest15" time="0"/>
  <testcase name="test07896" classname="RegressionTest15" time="0"/>
  <testcase name="test07897" classname="RegressionTest15" time="0"/>
  <testcase name="test07898" classname="RegressionTest15" time="0"/>
  <testcase name="test07899" classname="RegressionTest15" time="0"/>
  <testcase name="test07900" classname="RegressionTest15" time="0"/>
  <testcase name="test07901" classname="RegressionTest15" time="0"/>
  <testcase name="test07902" classname="RegressionTest15" time="0"/>
  <testcase name="test07903" classname="RegressionTest15" time="0"/>
  <testcase name="test07904" classname="RegressionTest15" time="0"/>
  <testcase name="test07905" classname="RegressionTest15" time="0"/>
  <testcase name="test07906" classname="RegressionTest15" time="0"/>
  <testcase name="test07907" classname="RegressionTest15" time="0"/>
  <testcase name="test07908" classname="RegressionTest15" time="0"/>
  <testcase name="test07909" classname="RegressionTest15" time="0"/>
  <testcase name="test07910" classname="RegressionTest15" time="0"/>
  <testcase name="test07911" classname="RegressionTest15" time="0"/>
  <testcase name="test07912" classname="RegressionTest15" time="0"/>
  <testcase name="test07913" classname="RegressionTest15" time="0"/>
  <testcase name="test07914" classname="RegressionTest15" time="0"/>
  <testcase name="test07915" classname="RegressionTest15" time="0"/>
  <testcase name="test07916" classname="RegressionTest15" time="0"/>
  <testcase name="test07917" classname="RegressionTest15" time="0"/>
  <testcase name="test07918" classname="RegressionTest15" time="0"/>
  <testcase name="test07919" classname="RegressionTest15" time="0"/>
  <testcase name="test07920" classname="RegressionTest15" time="0"/>
  <testcase name="test07921" classname="RegressionTest15" time="0"/>
  <testcase name="test07922" classname="RegressionTest15" time="0"/>
  <testcase name="test07923" classname="RegressionTest15" time="0"/>
  <testcase name="test07924" classname="RegressionTest15" time="0"/>
  <testcase name="test07925" classname="RegressionTest15" time="0"/>
  <testcase name="test07926" classname="RegressionTest15" time="0"/>
  <testcase name="test07927" classname="RegressionTest15" time="0"/>
  <testcase name="test07928" classname="RegressionTest15" time="0"/>
  <testcase name="test07929" classname="RegressionTest15" time="0"/>
  <testcase name="test07930" classname="RegressionTest15" time="0"/>
  <testcase name="test07931" classname="RegressionTest15" time="0"/>
  <testcase name="test07932" classname="RegressionTest15" time="0"/>
  <testcase name="test07933" classname="RegressionTest15" time="0"/>
  <testcase name="test07934" classname="RegressionTest15" time="0">
    <failure message="&apos;true&apos; != &apos;false&apos; expected:&lt;true&gt; but was:&lt;false&gt;" type="java.lang.AssertionError"><![CDATA[java.lang.AssertionError: 'true' != 'false' expected:<true> but was:<false>
	at RegressionTest15.test07934(RegressionTest15.java:3479)
]]></failure>
  </testcase>
  <testcase name="test07935" classname="RegressionTest15" time="0"/>
  <testcase name="test07936" classname="RegressionTest15" time="0"/>
  <testcase name="test07937" classname="RegressionTest15" time="0"/>
  <testcase name="test07938" classname="RegressionTest15" time="0"/>
  <testcase name="test07939" classname="RegressionTest15" time="0"/>
  <testcase name="test07940" classname="RegressionTest15" time="0"/>
  <testcase name="test07941" classname="RegressionTest15" time="0"/>
  <testcase name="test07942" classname="RegressionTest15" time="0.001"/>
  <testcase name="test07943" classname="RegressionTest15" time="0"/>
  <testcase name="test07944" classname="RegressionTest15" time="0"/>
  <testcase name="test07945" classname="RegressionTest15" time="0"/>
  <testcase name="test07946" classname="RegressionTest15" time="0"/>
  <testcase name="test07947" classname="RegressionTest15" time="0"/>
  <testcase name="test07948" classname="RegressionTest15" time="0"/>
  <testcase name="test07949" classname="RegressionTest15" time="0"/>
  <testcase name="test07950" classname="RegressionTest15" time="0"/>
  <testcase name="test07951" classname="RegressionTest15" time="0"/>
  <testcase name="test07952" classname="RegressionTest15" time="0"/>
  <testcase name="test07953" classname="RegressionTest15" time="0"/>
  <testcase name="test07954" classname="RegressionTest15" time="0"/>
  <testcase name="test07955" classname="RegressionTest15" time="0"/>
  <testcase name="test07956" classname="RegressionTest15" time="0"/>
  <testcase name="test07957" classname="RegressionTest15" time="0"/>
  <testcase name="test07958" classname="RegressionTest15" time="0"/>
  <testcase name="test07959" classname="RegressionTest15" time="0"/>
  <testcase name="test07960" classname="RegressionTest15" time="0"/>
  <testcase name="test07961" classname="RegressionTest15" time="0"/>
  <testcase name="test07962" classname="RegressionTest15" time="0"/>
  <testcase name="test07963" classname="RegressionTest15" time="0"/>
  <testcase name="test07964" classname="RegressionTest15" time="0"/>
  <testcase name="test07965" classname="RegressionTest15" time="0"/>
  <testcase name="test07966" classname="RegressionTest15" time="0">
    <failure message="&apos;true&apos; != &apos;false&apos; expected:&lt;true&gt; but was:&lt;false&gt;" type="java.lang.AssertionError"><![CDATA[java.lang.AssertionError: 'true' != 'false' expected:<true> but was:<false>
	at RegressionTest15.test07966(RegressionTest15.java:3735)
]]></failure>
  </testcase>
  <testcase name="test07967" classname="RegressionTest15" time="0"/>
  <testcase name="test07968" classname="RegressionTest15" time="0"/>
  <testcase name="test07969" classname="RegressionTest15" time="0"/>
  <testcase name="test07970" classname="RegressionTest15" time="0"/>
  <testcase name="test07971" classname="RegressionTest15" time="0"/>
  <testcase name="test07972" classname="RegressionTest15" time="0"/>
  <testcase name="test07973" classname="RegressionTest15" time="0"/>
  <testcase name="test07974" classname="RegressionTest15" time="0"/>
  <testcase name="test07975" classname="RegressionTest15" time="0"/>
  <testcase name="test07976" classname="RegressionTest15" time="0"/>
  <testcase name="test07977" classname="RegressionTest15" time="0"/>
  <testcase name="test07978" classname="RegressionTest15" time="0"/>
  <testcase name="test07979" classname="RegressionTest15" time="0"/>
  <testcase name="test07980" classname="RegressionTest15" time="0">
    <failure message="&apos;true&apos; != &apos;false&apos; expected:&lt;true&gt; but was:&lt;false&gt;" type="java.lang.AssertionError"><![CDATA[java.lang.AssertionError: 'true' != 'false' expected:<true> but was:<false>
	at RegressionTest15.test07980(RegressionTest15.java:3847)
]]></failure>
  </testcase>
  <testcase name="test07981" classname="RegressionTest15" time="0"/>
  <testcase name="test07982" classname="RegressionTest15" time="0"/>
  <testcase name="test07983" classname="RegressionTest15" time="0"/>
  <testcase name="test07984" classname="RegressionTest15" time="0"/>
  <testcase name="test07985" classname="RegressionTest15" time="0"/>
  <testcase name="test07986" classname="RegressionTest15" time="0"/>
  <testcase name="test07987" classname="RegressionTest15" time="0"/>
  <testcase name="test07988" classname="RegressionTest15" time="0"/>
  <testcase name="test07989" classname="RegressionTest15" time="0"/>
  <testcase name="test07990" classname="RegressionTest15" time="0.001"/>
  <testcase name="test07991" classname="RegressionTest15" time="0">
    <failure message="&apos;true&apos; != &apos;false&apos; expected:&lt;true&gt; but was:&lt;false&gt;" type="java.lang.AssertionError"><![CDATA[java.lang.AssertionError: 'true' != 'false' expected:<true> but was:<false>
	at RegressionTest15.test07991(RegressionTest15.java:3935)
]]></failure>
  </testcase>
  <testcase name="test07992" classname="RegressionTest15" time="0">
    <failure message="&apos;true&apos; != &apos;false&apos; expected:&lt;true&gt; but was:&lt;false&gt;" type="java.lang.AssertionError"><![CDATA[java.lang.AssertionError: 'true' != 'false' expected:<true> but was:<false>
	at RegressionTest15.test07992(RegressionTest15.java:3943)
]]></failure>
  </testcase>
  <testcase name="test07993" classname="RegressionTest15" time="0"/>
  <testcase name="test07994" classname="RegressionTest15" time="0"/>
  <testcase name="test07995" classname="RegressionTest15" time="0"/>
  <testcase name="test07996" classname="RegressionTest15" time="0"/>
  <testcase name="test07997" classname="RegressionTest15" time="0"/>
  <testcase name="test07998" classname="RegressionTest15" time="0"/>
  <testcase name="test07999" classname="RegressionTest15" time="0"/>
  <testcase name="test08000" classname="RegressionTest15" time="0"/>
  <testcase name="test08001" classname="RegressionTest16" time="0"/>
  <testcase name="test08002" classname="RegressionTest16" time="0.001"/>
  <testcase name="test08003" classname="RegressionTest16" time="0"/>
  <testcase name="test08004" classname="RegressionTest16" time="0"/>
  <testcase name="test08005" classname="RegressionTest16" time="0"/>
  <testcase name="test08006" classname="RegressionTest16" time="0"/>
  <testcase name="test08007" classname="RegressionTest16" time="0"/>
  <testcase name="test08008" classname="RegressionTest16" time="0"/>
  <testcase name="test08009" classname="RegressionTest16" time="0"/>
  <testcase name="test08010" classname="RegressionTest16" time="0"/>
  <testcase name="test08011" classname="RegressionTest16" time="0"/>
  <testcase name="test08012" classname="RegressionTest16" time="0"/>
  <testcase name="test08013" classname="RegressionTest16" time="0"/>
  <testcase name="test08014" classname="RegressionTest16" time="0">
    <failure message="&apos;true&apos; != &apos;false&apos; expected:&lt;true&gt; but was:&lt;false&gt;" type="java.lang.AssertionError"><![CDATA[java.lang.AssertionError: 'true' != 'false' expected:<true> but was:<false>
	at RegressionTest16.test08014(RegressionTest16.java:119)
]]></failure>
  </testcase>
  <testcase name="test08015" classname="RegressionTest16" time="0"/>
  <testcase name="test08016" classname="RegressionTest16" time="0"/>
  <testcase name="test08017" classname="RegressionTest16" time="0"/>
  <testcase name="test08018" classname="RegressionTest16" time="0"/>
  <testcase name="test08019" classname="RegressionTest16" time="0"/>
  <testcase name="test08020" classname="RegressionTest16" time="0"/>
  <testcase name="test08021" classname="RegressionTest16" time="0">
    <failure message="&apos;true&apos; != &apos;false&apos; expected:&lt;true&gt; but was:&lt;false&gt;" type="java.lang.AssertionError"><![CDATA[java.lang.AssertionError: 'true' != 'false' expected:<true> but was:<false>
	at RegressionTest16.test08021(RegressionTest16.java:175)
]]></failure>
  </testcase>
  <testcase name="test08022" classname="RegressionTest16" time="0"/>
  <testcase name="test08023" classname="RegressionTest16" time="0"/>
  <testcase name="test08024" classname="RegressionTest16" time="0"/>
  <testcase name="test08025" classname="RegressionTest16" time="0"/>
  <testcase name="test08026" classname="RegressionTest16" time="0"/>
  <testcase name="test08027" classname="RegressionTest16" time="0"/>
  <testcase name="test08028" classname="RegressionTest16" time="0"/>
  <testcase name="test08029" classname="RegressionTest16" time="0"/>
  <testcase name="test08030" classname="RegressionTest16" time="0"/>
  <testcase name="test08031" classname="RegressionTest16" time="0"/>
  <testcase name="test08032" classname="RegressionTest16" time="0"/>
  <testcase name="test08033" classname="RegressionTest16" time="0"/>
  <testcase name="test08034" classname="RegressionTest16" time="0"/>
  <testcase name="test08035" classname="RegressionTest16" time="0"/>
  <testcase name="test08036" classname="RegressionTest16" time="0"/>
  <testcase name="test08037" classname="RegressionTest16" time="0"/>
  <testcase name="test08038" classname="RegressionTest16" time="0"/>
  <testcase name="test08039" classname="RegressionTest16" time="0"/>
  <testcase name="test08040" classname="RegressionTest16" time="0"/>
  <testcase name="test08041" classname="RegressionTest16" time="0"/>
  <testcase name="test08042" classname="RegressionTest16" time="0"/>
  <testcase name="test08043" classname="RegressionTest16" time="0"/>
  <testcase name="test08044" classname="RegressionTest16" time="0"/>
  <testcase name="test08045" classname="RegressionTest16" time="0"/>
  <testcase name="test08046" classname="RegressionTest16" time="0"/>
  <testcase name="test08047" classname="RegressionTest16" time="0"/>
  <testcase name="test08048" classname="RegressionTest16" time="0"/>
  <testcase name="test08049" classname="RegressionTest16" time="0"/>
  <testcase name="test08050" classname="RegressionTest16" time="0"/>
  <testcase name="test08051" classname="RegressionTest16" time="0"/>
  <testcase name="test08052" classname="RegressionTest16" time="0"/>
  <testcase name="test08053" classname="RegressionTest16" time="0.001"/>
  <testcase name="test08054" classname="RegressionTest16" time="0"/>
  <testcase name="test08055" classname="RegressionTest16" time="0"/>
  <testcase name="test08056" classname="RegressionTest16" time="0"/>
  <testcase name="test08057" classname="RegressionTest16" time="0"/>
  <testcase name="test08058" classname="RegressionTest16" time="0"/>
  <testcase name="test08059" classname="RegressionTest16" time="0"/>
  <testcase name="test08060" classname="RegressionTest16" time="0"/>
  <testcase name="test08061" classname="RegressionTest16" time="0"/>
  <testcase name="test08062" classname="RegressionTest16" time="0"/>
  <testcase name="test08063" classname="RegressionTest16" time="0"/>
  <testcase name="test08064" classname="RegressionTest16" time="0"/>
  <testcase name="test08065" classname="RegressionTest16" time="0"/>
  <testcase name="test08066" classname="RegressionTest16" time="0">
    <failure message="&apos;true&apos; != &apos;false&apos; expected:&lt;true&gt; but was:&lt;false&gt;" type="java.lang.AssertionError"><![CDATA[java.lang.AssertionError: 'true' != 'false' expected:<true> but was:<false>
	at RegressionTest16.test08066(RegressionTest16.java:535)
]]></failure>
  </testcase>
  <testcase name="test08067" classname="RegressionTest16" time="0">
    <failure message="&apos;true&apos; != &apos;false&apos; expected:&lt;true&gt; but was:&lt;false&gt;" type="java.lang.AssertionError"><![CDATA[java.lang.AssertionError: 'true' != 'false' expected:<true> but was:<false>
	at RegressionTest16.test08067(RegressionTest16.java:543)
]]></failure>
  </testcase>
  <testcase name="test08068" classname="RegressionTest16" time="0"/>
  <testcase name="test08069" classname="RegressionTest16" time="0"/>
  <testcase name="test08070" classname="RegressionTest16" time="0"/>
  <testcase name="test08071" classname="RegressionTest16" time="0"/>
  <testcase name="test08072" classname="RegressionTest16" time="0"/>
  <testcase name="test08073" classname="RegressionTest16" time="0"/>
  <testcase name="test08074" classname="RegressionTest16" time="0"/>
  <testcase name="test08075" classname="RegressionTest16" time="0"/>
  <testcase name="test08076" classname="RegressionTest16" time="0"/>
  <testcase name="test08077" classname="RegressionTest16" time="0"/>
  <testcase name="test08078" classname="RegressionTest16" time="0">
    <failure message="&apos;true&apos; != &apos;false&apos; expected:&lt;true&gt; but was:&lt;false&gt;" type="java.lang.AssertionError"><![CDATA[java.lang.AssertionError: 'true' != 'false' expected:<true> but was:<false>
	at RegressionTest16.test08078(RegressionTest16.java:631)
]]></failure>
  </testcase>
  <testcase name="test08079" classname="RegressionTest16" time="0"/>
  <testcase name="test08080" classname="RegressionTest16" time="0"/>
  <testcase name="test08081" classname="RegressionTest16" time="0"/>
  <testcase name="test08082" classname="RegressionTest16" time="0">
    <failure message="&apos;true&apos; != &apos;false&apos; expected:&lt;true&gt; but was:&lt;false&gt;" type="java.lang.AssertionError"><![CDATA[java.lang.AssertionError: 'true' != 'false' expected:<true> but was:<false>
	at RegressionTest16.test08082(RegressionTest16.java:663)
]]></failure>
  </testcase>
  <testcase name="test08083" classname="RegressionTest16" time="0"/>
  <testcase name="test08084" classname="RegressionTest16" time="0"/>
  <testcase name="test08085" classname="RegressionTest16" time="0"/>
  <testcase name="test08086" classname="RegressionTest16" time="0"/>
  <testcase name="test08087" classname="RegressionTest16" time="0"/>
  <testcase name="test08088" classname="RegressionTest16" time="0"/>
  <testcase name="test08089" classname="RegressionTest16" time="0"/>
  <testcase name="test08090" classname="RegressionTest16" time="0">
    <failure message="&apos;true&apos; != &apos;false&apos; expected:&lt;true&gt; but was:&lt;false&gt;" type="java.lang.AssertionError"><![CDATA[java.lang.AssertionError: 'true' != 'false' expected:<true> but was:<false>
	at RegressionTest16.test08090(RegressionTest16.java:727)
]]></failure>
  </testcase>
  <testcase name="test08091" classname="RegressionTest16" time="0"/>
  <testcase name="test08092" classname="RegressionTest16" time="0"/>
  <testcase name="test08093" classname="RegressionTest16" time="0"/>
  <testcase name="test08094" classname="RegressionTest16" time="0.001">
    <failure message="&apos;true&apos; != &apos;false&apos; expected:&lt;true&gt; but was:&lt;false&gt;" type="java.lang.AssertionError"><![CDATA[java.lang.AssertionError: 'true' != 'false' expected:<true> but was:<false>
	at RegressionTest16.test08094(RegressionTest16.java:759)
]]></failure>
  </testcase>
  <testcase name="test08095" classname="RegressionTest16" time="0"/>
  <testcase name="test08096" classname="RegressionTest16" time="0"/>
  <testcase name="test08097" classname="RegressionTest16" time="0"/>
  <testcase name="test08098" classname="RegressionTest16" time="0"/>
  <testcase name="test08099" classname="RegressionTest16" time="0"/>
  <testcase name="test08100" classname="RegressionTest16" time="0"/>
  <testcase name="test08101" classname="RegressionTest16" time="0"/>
  <testcase name="test08102" classname="RegressionTest16" time="0"/>
  <testcase name="test08103" classname="RegressionTest16" time="0"/>
  <testcase name="test08104" classname="RegressionTest16" time="0"/>
  <testcase name="test08105" classname="RegressionTest16" time="0"/>
  <testcase name="test08106" classname="RegressionTest16" time="0"/>
  <testcase name="test08107" classname="RegressionTest16" time="0"/>
  <testcase name="test08108" classname="RegressionTest16" time="0"/>
  <testcase name="test08109" classname="RegressionTest16" time="0"/>
  <testcase name="test08110" classname="RegressionTest16" time="0"/>
  <testcase name="test08111" classname="RegressionTest16" time="0"/>
  <testcase name="test08112" classname="RegressionTest16" time="0"/>
  <testcase name="test08113" classname="RegressionTest16" time="0"/>
  <testcase name="test08114" classname="RegressionTest16" time="0"/>
  <testcase name="test08115" classname="RegressionTest16" time="0"/>
  <testcase name="test08116" classname="RegressionTest16" time="0"/>
  <testcase name="test08117" classname="RegressionTest16" time="0"/>
  <testcase name="test08118" classname="RegressionTest16" time="0"/>
  <testcase name="test08119" classname="RegressionTest16" time="0"/>
  <testcase name="test08120" classname="RegressionTest16" time="0"/>
  <testcase name="test08121" classname="RegressionTest16" time="0">
    <failure message="&apos;true&apos; != &apos;false&apos; expected:&lt;true&gt; but was:&lt;false&gt;" type="java.lang.AssertionError"><![CDATA[java.lang.AssertionError: 'true' != 'false' expected:<true> but was:<false>
	at RegressionTest16.test08121(RegressionTest16.java:975)
]]></failure>
  </testcase>
  <testcase name="test08122" classname="RegressionTest16" time="0"/>
  <testcase name="test08123" classname="RegressionTest16" time="0"/>
  <testcase name="test08124" classname="RegressionTest16" time="0"/>
  <testcase name="test08125" classname="RegressionTest16" time="0"/>
  <testcase name="test08126" classname="RegressionTest16" time="0"/>
  <testcase name="test08127" classname="RegressionTest16" time="0"/>
  <testcase name="test08128" classname="RegressionTest16" time="0"/>
  <testcase name="test08129" classname="RegressionTest16" time="0"/>
  <testcase name="test08130" classname="RegressionTest16" time="0"/>
  <testcase name="test08131" classname="RegressionTest16" time="0"/>
  <testcase name="test08132" classname="RegressionTest16" time="0"/>
  <testcase name="test08133" classname="RegressionTest16" time="0"/>
  <testcase name="test08134" classname="RegressionTest16" time="0"/>
  <testcase name="test08135" classname="RegressionTest16" time="0"/>
  <testcase name="test08136" classname="RegressionTest16" time="0"/>
  <testcase name="test08137" classname="RegressionTest16" time="0"/>
  <testcase name="test08138" classname="RegressionTest16" time="0"/>
  <testcase name="test08139" classname="RegressionTest16" time="0"/>
  <testcase name="test08140" classname="RegressionTest16" time="0"/>
  <testcase name="test08141" classname="RegressionTest16" time="0"/>
  <testcase name="test08142" classname="RegressionTest16" time="0"/>
  <testcase name="test08143" classname="RegressionTest16" time="0"/>
  <testcase name="test08144" classname="RegressionTest16" time="0"/>
  <testcase name="test08145" classname="RegressionTest16" time="0"/>
  <testcase name="test08146" classname="RegressionTest16" time="0.001"/>
  <testcase name="test08147" classname="RegressionTest16" time="0"/>
  <testcase name="test08148" classname="RegressionTest16" time="0"/>
  <testcase name="test08149" classname="RegressionTest16" time="0"/>
  <testcase name="test08150" classname="RegressionTest16" time="0"/>
  <testcase name="test08151" classname="RegressionTest16" time="0"/>
  <testcase name="test08152" classname="RegressionTest16" time="0"/>
  <testcase name="test08153" classname="RegressionTest16" time="0"/>
  <testcase name="test08154" classname="RegressionTest16" time="0"/>
  <testcase name="test08155" classname="RegressionTest16" time="0">
    <failure message="&apos;true&apos; != &apos;false&apos; expected:&lt;true&gt; but was:&lt;false&gt;" type="java.lang.AssertionError"><![CDATA[java.lang.AssertionError: 'true' != 'false' expected:<true> but was:<false>
	at RegressionTest16.test08155(RegressionTest16.java:1247)
]]></failure>
  </testcase>
  <testcase name="test08156" classname="RegressionTest16" time="0"/>
  <testcase name="test08157" classname="RegressionTest16" time="0"/>
  <testcase name="test08158" classname="RegressionTest16" time="0"/>
  <testcase name="test08159" classname="RegressionTest16" time="0">
    <failure message="&apos;true&apos; != &apos;false&apos; expected:&lt;true&gt; but was:&lt;false&gt;" type="java.lang.AssertionError"><![CDATA[java.lang.AssertionError: 'true' != 'false' expected:<true> but was:<false>
	at RegressionTest16.test08159(RegressionTest16.java:1279)
]]></failure>
  </testcase>
  <testcase name="test08160" classname="RegressionTest16" time="0"/>
  <testcase name="test08161" classname="RegressionTest16" time="0"/>
  <testcase name="test08162" classname="RegressionTest16" time="0"/>
  <testcase name="test08163" classname="RegressionTest16" time="0"/>
  <testcase name="test08164" classname="RegressionTest16" time="0"/>
  <testcase name="test08165" classname="RegressionTest16" time="0"/>
  <testcase name="test08166" classname="RegressionTest16" time="0"/>
  <testcase name="test08167" classname="RegressionTest16" time="0"/>
  <testcase name="test08168" classname="RegressionTest16" time="0"/>
  <testcase name="test08169" classname="RegressionTest16" time="0"/>
  <testcase name="test08170" classname="RegressionTest16" time="0"/>
  <testcase name="test08171" classname="RegressionTest16" time="0"/>
  <testcase name="test08172" classname="RegressionTest16" time="0"/>
  <testcase name="test08173" classname="RegressionTest16" time="0.015">
    <failure message="&apos;true&apos; != &apos;false&apos; expected:&lt;true&gt; but was:&lt;false&gt;" type="java.lang.AssertionError"><![CDATA[java.lang.AssertionError: 'true' != 'false' expected:<true> but was:<false>
	at RegressionTest16.test08173(RegressionTest16.java:1391)
]]></failure>
  </testcase>
  <testcase name="test08174" classname="RegressionTest16" time="0"/>
  <testcase name="test08175" classname="RegressionTest16" time="0"/>
  <testcase name="test08176" classname="RegressionTest16" time="0"/>
  <testcase name="test08177" classname="RegressionTest16" time="0"/>
  <testcase name="test08178" classname="RegressionTest16" time="0"/>
  <testcase name="test08179" classname="RegressionTest16" time="0"/>
  <testcase name="test08180" classname="RegressionTest16" time="0"/>
  <testcase name="test08181" classname="RegressionTest16" time="0"/>
  <testcase name="test08182" classname="RegressionTest16" time="0"/>
  <testcase name="test08183" classname="RegressionTest16" time="0"/>
  <testcase name="test08184" classname="RegressionTest16" time="0"/>
  <testcase name="test08185" classname="RegressionTest16" time="0"/>
  <testcase name="test08186" classname="RegressionTest16" time="0"/>
  <testcase name="test08187" classname="RegressionTest16" time="0"/>
  <testcase name="test08188" classname="RegressionTest16" time="0"/>
  <testcase name="test08189" classname="RegressionTest16" time="0"/>
  <testcase name="test08190" classname="RegressionTest16" time="0"/>
  <testcase name="test08191" classname="RegressionTest16" time="0"/>
  <testcase name="test08192" classname="RegressionTest16" time="0"/>
  <testcase name="test08193" classname="RegressionTest16" time="0"/>
  <testcase name="test08194" classname="RegressionTest16" time="0"/>
  <testcase name="test08195" classname="RegressionTest16" time="0"/>
  <testcase name="test08196" classname="RegressionTest16" time="0"/>
  <testcase name="test08197" classname="RegressionTest16" time="0">
    <failure message="&apos;true&apos; != &apos;false&apos; expected:&lt;true&gt; but was:&lt;false&gt;" type="java.lang.AssertionError"><![CDATA[java.lang.AssertionError: 'true' != 'false' expected:<true> but was:<false>
	at RegressionTest16.test08197(RegressionTest16.java:1583)
]]></failure>
  </testcase>
  <testcase name="test08198" classname="RegressionTest16" time="0"/>
  <testcase name="test08199" classname="RegressionTest16" time="0"/>
  <testcase name="test08200" classname="RegressionTest16" time="0"/>
  <testcase name="test08201" classname="RegressionTest16" time="0"/>
  <testcase name="test08202" classname="RegressionTest16" time="0"/>
  <testcase name="test08203" classname="RegressionTest16" time="0"/>
  <testcase name="test08204" classname="RegressionTest16" time="0"/>
  <testcase name="test08205" classname="RegressionTest16" time="0"/>
  <testcase name="test08206" classname="RegressionTest16" time="0"/>
  <testcase name="test08207" classname="RegressionTest16" time="0"/>
  <testcase name="test08208" classname="RegressionTest16" time="0"/>
  <testcase name="test08209" classname="RegressionTest16" time="0"/>
  <testcase name="test08210" classname="RegressionTest16" time="0"/>
  <testcase name="test08211" classname="RegressionTest16" time="0"/>
  <testcase name="test08212" classname="RegressionTest16" time="0"/>
  <testcase name="test08213" classname="RegressionTest16" time="0"/>
  <testcase name="test08214" classname="RegressionTest16" time="0"/>
  <testcase name="test08215" classname="RegressionTest16" time="0"/>
  <testcase name="test08216" classname="RegressionTest16" time="0"/>
  <testcase name="test08217" classname="RegressionTest16" time="0"/>
  <testcase name="test08218" classname="RegressionTest16" time="0"/>
  <testcase name="test08219" classname="RegressionTest16" time="0"/>
  <testcase name="test08220" classname="RegressionTest16" time="0"/>
  <testcase name="test08221" classname="RegressionTest16" time="0"/>
  <testcase name="test08222" classname="RegressionTest16" time="0"/>
  <testcase name="test08223" classname="RegressionTest16" time="0"/>
  <testcase name="test08224" classname="RegressionTest16" time="0"/>
  <testcase name="test08225" classname="RegressionTest16" time="0"/>
  <testcase name="test08226" classname="RegressionTest16" time="0"/>
  <testcase name="test08227" classname="RegressionTest16" time="0"/>
  <testcase name="test08228" classname="RegressionTest16" time="0"/>
  <testcase name="test08229" classname="RegressionTest16" time="0"/>
  <testcase name="test08230" classname="RegressionTest16" time="0"/>
  <testcase name="test08231" classname="RegressionTest16" time="0"/>
  <testcase name="test08232" classname="RegressionTest16" time="0"/>
  <testcase name="test08233" classname="RegressionTest16" time="0"/>
  <testcase name="test08234" classname="RegressionTest16" time="0"/>
  <testcase name="test08235" classname="RegressionTest16" time="0"/>
  <testcase name="test08236" classname="RegressionTest16" time="0"/>
  <testcase name="test08237" classname="RegressionTest16" time="0"/>
  <testcase name="test08238" classname="RegressionTest16" time="0"/>
  <testcase name="test08239" classname="RegressionTest16" time="0"/>
  <testcase name="test08240" classname="RegressionTest16" time="0"/>
  <testcase name="test08241" classname="RegressionTest16" time="0"/>
  <testcase name="test08242" classname="RegressionTest16" time="0"/>
  <testcase name="test08243" classname="RegressionTest16" time="0"/>
  <testcase name="test08244" classname="RegressionTest16" time="0"/>
  <testcase name="test08245" classname="RegressionTest16" time="0"/>
  <testcase name="test08246" classname="RegressionTest16" time="0"/>
  <testcase name="test08247" classname="RegressionTest16" time="0"/>
  <testcase name="test08248" classname="RegressionTest16" time="0"/>
  <testcase name="test08249" classname="RegressionTest16" time="0"/>
  <testcase name="test08250" classname="RegressionTest16" time="0">
    <failure message="&apos;true&apos; != &apos;false&apos; expected:&lt;true&gt; but was:&lt;false&gt;" type="java.lang.AssertionError"><![CDATA[java.lang.AssertionError: 'true' != 'false' expected:<true> but was:<false>
	at RegressionTest16.test08250(RegressionTest16.java:2007)
]]></failure>
  </testcase>
  <testcase name="test08251" classname="RegressionTest16" time="0"/>
  <testcase name="test08252" classname="RegressionTest16" time="0"/>
  <testcase name="test08253" classname="RegressionTest16" time="0"/>
  <testcase name="test08254" classname="RegressionTest16" time="0"/>
  <testcase name="test08255" classname="RegressionTest16" time="0"/>
  <testcase name="test08256" classname="RegressionTest16" time="0"/>
  <testcase name="test08257" classname="RegressionTest16" time="0"/>
  <testcase name="test08258" classname="RegressionTest16" time="0"/>
  <testcase name="test08259" classname="RegressionTest16" time="0"/>
  <testcase name="test08260" classname="RegressionTest16" time="0"/>
  <testcase name="test08261" classname="RegressionTest16" time="0"/>
  <testcase name="test08262" classname="RegressionTest16" time="0"/>
  <testcase name="test08263" classname="RegressionTest16" time="0"/>
  <testcase name="test08264" classname="RegressionTest16" time="0"/>
  <testcase name="test08265" classname="RegressionTest16" time="0"/>
  <testcase name="test08266" classname="RegressionTest16" time="0"/>
  <testcase name="test08267" classname="RegressionTest16" time="0"/>
  <testcase name="test08268" classname="RegressionTest16" time="0"/>
  <testcase name="test08269" classname="RegressionTest16" time="0"/>
  <testcase name="test08270" classname="RegressionTest16" time="0"/>
  <testcase name="test08271" classname="RegressionTest16" time="0"/>
  <testcase name="test08272" classname="RegressionTest16" time="0"/>
  <testcase name="test08273" classname="RegressionTest16" time="0"/>
  <testcase name="test08274" classname="RegressionTest16" time="0"/>
  <testcase name="test08275" classname="RegressionTest16" time="0"/>
  <testcase name="test08276" classname="RegressionTest16" time="0"/>
  <testcase name="test08277" classname="RegressionTest16" time="0"/>
  <testcase name="test08278" classname="RegressionTest16" time="0"/>
  <testcase name="test08279" classname="RegressionTest16" time="0"/>
  <testcase name="test08280" classname="RegressionTest16" time="0"/>
  <testcase name="test08281" classname="RegressionTest16" time="0"/>
  <testcase name="test08282" classname="RegressionTest16" time="0"/>
  <testcase name="test08283" classname="RegressionTest16" time="0"/>
  <testcase name="test08284" classname="RegressionTest16" time="0"/>
  <testcase name="test08285" classname="RegressionTest16" time="0"/>
  <testcase name="test08286" classname="RegressionTest16" time="0">
    <failure message="&apos;true&apos; != &apos;false&apos; expected:&lt;true&gt; but was:&lt;false&gt;" type="java.lang.AssertionError"><![CDATA[java.lang.AssertionError: 'true' != 'false' expected:<true> but was:<false>
	at RegressionTest16.test08286(RegressionTest16.java:2295)
]]></failure>
  </testcase>
  <testcase name="test08287" classname="RegressionTest16" time="0"/>
  <testcase name="test08288" classname="RegressionTest16" time="0"/>
  <testcase name="test08289" classname="RegressionTest16" time="0"/>
  <testcase name="test08290" classname="RegressionTest16" time="0"/>
  <testcase name="test08291" classname="RegressionTest16" time="0"/>
  <testcase name="test08292" classname="RegressionTest16" time="0"/>
  <testcase name="test08293" classname="RegressionTest16" time="0"/>
  <testcase name="test08294" classname="RegressionTest16" time="0"/>
  <testcase name="test08295" classname="RegressionTest16" time="0"/>
  <testcase name="test08296" classname="RegressionTest16" time="0"/>
  <testcase name="test08297" classname="RegressionTest16" time="0"/>
  <testcase name="test08298" classname="RegressionTest16" time="0.001"/>
  <testcase name="test08299" classname="RegressionTest16" time="0"/>
  <testcase name="test08300" classname="RegressionTest16" time="0"/>
  <testcase name="test08301" classname="RegressionTest16" time="0"/>
  <testcase name="test08302" classname="RegressionTest16" time="0"/>
  <testcase name="test08303" classname="RegressionTest16" time="0.004"/>
  <testcase name="test08304" classname="RegressionTest16" time="0"/>
  <testcase name="test08305" classname="RegressionTest16" time="0"/>
  <testcase name="test08306" classname="RegressionTest16" time="0.001"/>
  <testcase name="test08307" classname="RegressionTest16" time="0"/>
  <testcase name="test08308" classname="RegressionTest16" time="0"/>
  <testcase name="test08309" classname="RegressionTest16" time="0"/>
  <testcase name="test08310" classname="RegressionTest16" time="0"/>
  <testcase name="test08311" classname="RegressionTest16" time="0">
    <failure message="&apos;true&apos; != &apos;false&apos; expected:&lt;true&gt; but was:&lt;false&gt;" type="java.lang.AssertionError"><![CDATA[java.lang.AssertionError: 'true' != 'false' expected:<true> but was:<false>
	at RegressionTest16.test08311(RegressionTest16.java:2495)
]]></failure>
  </testcase>
  <testcase name="test08312" classname="RegressionTest16" time="0"/>
  <testcase name="test08313" classname="RegressionTest16" time="0"/>
  <testcase name="test08314" classname="RegressionTest16" time="0"/>
  <testcase name="test08315" classname="RegressionTest16" time="0"/>
  <testcase name="test08316" classname="RegressionTest16" time="0"/>
  <testcase name="test08317" classname="RegressionTest16" time="0"/>
  <testcase name="test08318" classname="RegressionTest16" time="0"/>
  <testcase name="test08319" classname="RegressionTest16" time="0"/>
  <testcase name="test08320" classname="RegressionTest16" time="0"/>
  <testcase name="test08321" classname="RegressionTest16" time="0"/>
  <testcase name="test08322" classname="RegressionTest16" time="0"/>
  <testcase name="test08323" classname="RegressionTest16" time="0"/>
  <testcase name="test08324" classname="RegressionTest16" time="0"/>
  <testcase name="test08325" classname="RegressionTest16" time="0"/>
  <testcase name="test08326" classname="RegressionTest16" time="0"/>
  <testcase name="test08327" classname="RegressionTest16" time="0"/>
  <testcase name="test08328" classname="RegressionTest16" time="0"/>
  <testcase name="test08329" classname="RegressionTest16" time="0"/>
  <testcase name="test08330" classname="RegressionTest16" time="0"/>
  <testcase name="test08331" classname="RegressionTest16" time="0"/>
  <testcase name="test08332" classname="RegressionTest16" time="0"/>
  <testcase name="test08333" classname="RegressionTest16" time="0"/>
  <testcase name="test08334" classname="RegressionTest16" time="0"/>
  <testcase name="test08335" classname="RegressionTest16" time="0"/>
  <testcase name="test08336" classname="RegressionTest16" time="0"/>
  <testcase name="test08337" classname="RegressionTest16" time="0"/>
  <testcase name="test08338" classname="RegressionTest16" time="0"/>
  <testcase name="test08339" classname="RegressionTest16" time="0"/>
  <testcase name="test08340" classname="RegressionTest16" time="0"/>
  <testcase name="test08341" classname="RegressionTest16" time="0"/>
  <testcase name="test08342" classname="RegressionTest16" time="0"/>
  <testcase name="test08343" classname="RegressionTest16" time="0"/>
  <testcase name="test08344" classname="RegressionTest16" time="0"/>
  <testcase name="test08345" classname="RegressionTest16" time="0"/>
  <testcase name="test08346" classname="RegressionTest16" time="0"/>
  <testcase name="test08347" classname="RegressionTest16" time="0"/>
  <testcase name="test08348" classname="RegressionTest16" time="0"/>
  <testcase name="test08349" classname="RegressionTest16" time="0"/>
  <testcase name="test08350" classname="RegressionTest16" time="0"/>
  <testcase name="test08351" classname="RegressionTest16" time="0"/>
  <testcase name="test08352" classname="RegressionTest16" time="0"/>
  <testcase name="test08353" classname="RegressionTest16" time="0"/>
  <testcase name="test08354" classname="RegressionTest16" time="0"/>
  <testcase name="test08355" classname="RegressionTest16" time="0"/>
  <testcase name="test08356" classname="RegressionTest16" time="0"/>
  <testcase name="test08357" classname="RegressionTest16" time="0.001">
    <failure message="&apos;true&apos; != &apos;false&apos; expected:&lt;true&gt; but was:&lt;false&gt;" type="java.lang.AssertionError"><![CDATA[java.lang.AssertionError: 'true' != 'false' expected:<true> but was:<false>
	at RegressionTest16.test08357(RegressionTest16.java:2863)
]]></failure>
  </testcase>
  <testcase name="test08358" classname="RegressionTest16" time="0"/>
  <testcase name="test08359" classname="RegressionTest16" time="0"/>
  <testcase name="test08360" classname="RegressionTest16" time="0"/>
  <testcase name="test08361" classname="RegressionTest16" time="0"/>
  <testcase name="test08362" classname="RegressionTest16" time="0"/>
  <testcase name="test08363" classname="RegressionTest16" time="0"/>
  <testcase name="test08364" classname="RegressionTest16" time="0"/>
  <testcase name="test08365" classname="RegressionTest16" time="0"/>
  <testcase name="test08366" classname="RegressionTest16" time="0"/>
  <testcase name="test08367" classname="RegressionTest16" time="0"/>
  <testcase name="test08368" classname="RegressionTest16" time="0"/>
  <testcase name="test08369" classname="RegressionTest16" time="0"/>
  <testcase name="test08370" classname="RegressionTest16" time="0">
    <failure message="&apos;true&apos; != &apos;false&apos; expected:&lt;true&gt; but was:&lt;false&gt;" type="java.lang.AssertionError"><![CDATA[java.lang.AssertionError: 'true' != 'false' expected:<true> but was:<false>
	at RegressionTest16.test08370(RegressionTest16.java:2967)
]]></failure>
  </testcase>
  <testcase name="test08371" classname="RegressionTest16" time="0"/>
  <testcase name="test08372" classname="RegressionTest16" time="0"/>
  <testcase name="test08373" classname="RegressionTest16" time="0"/>
  <testcase name="test08374" classname="RegressionTest16" time="0"/>
  <testcase name="test08375" classname="RegressionTest16" time="0"/>
  <testcase name="test08376" classname="RegressionTest16" time="0"/>
  <testcase name="test08377" classname="RegressionTest16" time="0"/>
  <testcase name="test08378" classname="RegressionTest16" time="0"/>
  <testcase name="test08379" classname="RegressionTest16" time="0"/>
  <testcase name="test08380" classname="RegressionTest16" time="0"/>
  <testcase name="test08381" classname="RegressionTest16" time="0"/>
  <testcase name="test08382" classname="RegressionTest16" time="0">
    <failure message="&apos;true&apos; != &apos;false&apos; expected:&lt;true&gt; but was:&lt;false&gt;" type="java.lang.AssertionError"><![CDATA[java.lang.AssertionError: 'true' != 'false' expected:<true> but was:<false>
	at RegressionTest16.test08382(RegressionTest16.java:3063)
]]></failure>
  </testcase>
  <testcase name="test08383" classname="RegressionTest16" time="0"/>
  <testcase name="test08384" classname="RegressionTest16" time="0"/>
  <testcase name="test08385" classname="RegressionTest16" time="0"/>
  <testcase name="test08386" classname="RegressionTest16" time="0"/>
  <testcase name="test08387" classname="RegressionTest16" time="0.001">
    <failure message="&apos;true&apos; != &apos;false&apos; expected:&lt;true&gt; but was:&lt;false&gt;" type="java.lang.AssertionError"><![CDATA[java.lang.AssertionError: 'true' != 'false' expected:<true> but was:<false>
	at RegressionTest16.test08387(RegressionTest16.java:3103)
]]></failure>
  </testcase>
  <testcase name="test08388" classname="RegressionTest16" time="0"/>
  <testcase name="test08389" classname="RegressionTest16" time="0"/>
  <testcase name="test08390" classname="RegressionTest16" time="0"/>
  <testcase name="test08391" classname="RegressionTest16" time="0"/>
  <testcase name="test08392" classname="RegressionTest16" time="0"/>
  <testcase name="test08393" classname="RegressionTest16" time="0"/>
  <testcase name="test08394" classname="RegressionTest16" time="0"/>
  <testcase name="test08395" classname="RegressionTest16" time="0"/>
  <testcase name="test08396" classname="RegressionTest16" time="0"/>
  <testcase name="test08397" classname="RegressionTest16" time="0"/>
  <testcase name="test08398" classname="RegressionTest16" time="0"/>
  <testcase name="test08399" classname="RegressionTest16" time="0"/>
  <testcase name="test08400" classname="RegressionTest16" time="0"/>
  <testcase name="test08401" classname="RegressionTest16" time="0"/>
  <testcase name="test08402" classname="RegressionTest16" time="0"/>
  <testcase name="test08403" classname="RegressionTest16" time="0"/>
  <testcase name="test08404" classname="RegressionTest16" time="0"/>
  <testcase name="test08405" classname="RegressionTest16" time="0"/>
  <testcase name="test08406" classname="RegressionTest16" time="0"/>
  <testcase name="test08407" classname="RegressionTest16" time="0"/>
  <testcase name="test08408" classname="RegressionTest16" time="0"/>
  <testcase name="test08409" classname="RegressionTest16" time="0"/>
  <testcase name="test08410" classname="RegressionTest16" time="0"/>
  <testcase name="test08411" classname="RegressionTest16" time="0"/>
  <testcase name="test08412" classname="RegressionTest16" time="0"/>
  <testcase name="test08413" classname="RegressionTest16" time="0">
    <failure message="&apos;true&apos; != &apos;false&apos; expected:&lt;true&gt; but was:&lt;false&gt;" type="java.lang.AssertionError"><![CDATA[java.lang.AssertionError: 'true' != 'false' expected:<true> but was:<false>
	at RegressionTest16.test08413(RegressionTest16.java:3311)
]]></failure>
  </testcase>
  <testcase name="test08414" classname="RegressionTest16" time="0"/>
  <testcase name="test08415" classname="RegressionTest16" time="0"/>
  <testcase name="test08416" classname="RegressionTest16" time="0"/>
  <testcase name="test08417" classname="RegressionTest16" time="0"/>
  <testcase name="test08418" classname="RegressionTest16" time="0"/>
  <testcase name="test08419" classname="RegressionTest16" time="0"/>
  <testcase name="test08420" classname="RegressionTest16" time="0"/>
  <testcase name="test08421" classname="RegressionTest16" time="0"/>
  <testcase name="test08422" classname="RegressionTest16" time="0"/>
  <testcase name="test08423" classname="RegressionTest16" time="0"/>
  <testcase name="test08424" classname="RegressionTest16" time="0">
    <failure message="&apos;true&apos; != &apos;false&apos; expected:&lt;true&gt; but was:&lt;false&gt;" type="java.lang.AssertionError"><![CDATA[java.lang.AssertionError: 'true' != 'false' expected:<true> but was:<false>
	at RegressionTest16.test08424(RegressionTest16.java:3399)
]]></failure>
  </testcase>
  <testcase name="test08425" classname="RegressionTest16" time="0"/>
  <testcase name="test08426" classname="RegressionTest16" time="0"/>
  <testcase name="test08427" classname="RegressionTest16" time="0"/>
  <testcase name="test08428" classname="RegressionTest16" time="0"/>
  <testcase name="test08429" classname="RegressionTest16" time="0"/>
  <testcase name="test08430" classname="RegressionTest16" time="0"/>
  <testcase name="test08431" classname="RegressionTest16" time="0"/>
  <testcase name="test08432" classname="RegressionTest16" time="0"/>
  <testcase name="test08433" classname="RegressionTest16" time="0"/>
  <testcase name="test08434" classname="RegressionTest16" time="0"/>
  <testcase name="test08435" classname="RegressionTest16" time="0"/>
  <testcase name="test08436" classname="RegressionTest16" time="0"/>
  <testcase name="test08437" classname="RegressionTest16" time="0"/>
  <testcase name="test08438" classname="RegressionTest16" time="0"/>
  <testcase name="test08439" classname="RegressionTest16" time="0">
    <failure message="&apos;true&apos; != &apos;false&apos; expected:&lt;true&gt; but was:&lt;false&gt;" type="java.lang.AssertionError"><![CDATA[java.lang.AssertionError: 'true' != 'false' expected:<true> but was:<false>
	at RegressionTest16.test08439(RegressionTest16.java:3519)
]]></failure>
  </testcase>
  <testcase name="test08440" classname="RegressionTest16" time="0"/>
  <testcase name="test08441" classname="RegressionTest16" time="0">
    <failure message="&apos;true&apos; != &apos;false&apos; expected:&lt;true&gt; but was:&lt;false&gt;" type="java.lang.AssertionError"><![CDATA[java.lang.AssertionError: 'true' != 'false' expected:<true> but was:<false>
	at RegressionTest16.test08441(RegressionTest16.java:3535)
]]></failure>
  </testcase>
  <testcase name="test08442" classname="RegressionTest16" time="0"/>
  <testcase name="test08443" classname="RegressionTest16" time="0"/>
  <testcase name="test08444" classname="RegressionTest16" time="0"/>
  <testcase name="test08445" classname="RegressionTest16" time="0"/>
  <testcase name="test08446" classname="RegressionTest16" time="0"/>
  <testcase name="test08447" classname="RegressionTest16" time="0"/>
  <testcase name="test08448" classname="RegressionTest16" time="0">
    <failure message="&apos;true&apos; != &apos;false&apos; expected:&lt;true&gt; but was:&lt;false&gt;" type="java.lang.AssertionError"><![CDATA[java.lang.AssertionError: 'true' != 'false' expected:<true> but was:<false>
	at RegressionTest16.test08448(RegressionTest16.java:3591)
]]></failure>
  </testcase>
  <testcase name="test08449" classname="RegressionTest16" time="0"/>
  <testcase name="test08450" classname="RegressionTest16" time="0"/>
  <testcase name="test08451" classname="RegressionTest16" time="0"/>
  <testcase name="test08452" classname="RegressionTest16" time="0"/>
  <testcase name="test08453" classname="RegressionTest16" time="0"/>
  <testcase name="test08454" classname="RegressionTest16" time="0"/>
  <testcase name="test08455" classname="RegressionTest16" time="0"/>
  <testcase name="test08456" classname="RegressionTest16" time="0"/>
  <testcase name="test08457" classname="RegressionTest16" time="0"/>
  <testcase name="test08458" classname="RegressionTest16" time="0"/>
  <testcase name="test08459" classname="RegressionTest16" time="0"/>
  <testcase name="test08460" classname="RegressionTest16" time="0"/>
  <testcase name="test08461" classname="RegressionTest16" time="0"/>
  <testcase name="test08462" classname="RegressionTest16" time="0"/>
  <testcase name="test08463" classname="RegressionTest16" time="0"/>
  <testcase name="test08464" classname="RegressionTest16" time="0"/>
  <testcase name="test08465" classname="RegressionTest16" time="0"/>
  <testcase name="test08466" classname="RegressionTest16" time="0"/>
  <testcase name="test08467" classname="RegressionTest16" time="0"/>
  <testcase name="test08468" classname="RegressionTest16" time="0"/>
  <testcase name="test08469" classname="RegressionTest16" time="0">
    <failure message="&apos;true&apos; != &apos;false&apos; expected:&lt;true&gt; but was:&lt;false&gt;" type="java.lang.AssertionError"><![CDATA[java.lang.AssertionError: 'true' != 'false' expected:<true> but was:<false>
	at RegressionTest16.test08469(RegressionTest16.java:3759)
]]></failure>
  </testcase>
  <testcase name="test08470" classname="RegressionTest16" time="0"/>
  <testcase name="test08471" classname="RegressionTest16" time="0"/>
  <testcase name="test08472" classname="RegressionTest16" time="0"/>
  <testcase name="test08473" classname="RegressionTest16" time="0"/>
  <testcase name="test08474" classname="RegressionTest16" time="0"/>
  <testcase name="test08475" classname="RegressionTest16" time="0"/>
  <testcase name="test08476" classname="RegressionTest16" time="0"/>
  <testcase name="test08477" classname="RegressionTest16" time="0"/>
  <testcase name="test08478" classname="RegressionTest16" time="0"/>
  <testcase name="test08479" classname="RegressionTest16" time="0"/>
  <testcase name="test08480" classname="RegressionTest16" time="0"/>
  <testcase name="test08481" classname="RegressionTest16" time="0"/>
  <testcase name="test08482" classname="RegressionTest16" time="0"/>
  <testcase name="test08483" classname="RegressionTest16" time="0"/>
  <testcase name="test08484" classname="RegressionTest16" time="0"/>
  <testcase name="test08485" classname="RegressionTest16" time="0"/>
  <testcase name="test08486" classname="RegressionTest16" time="0"/>
  <testcase name="test08487" classname="RegressionTest16" time="0"/>
  <testcase name="test08488" classname="RegressionTest16" time="0"/>
  <testcase name="test08489" classname="RegressionTest16" time="0"/>
  <testcase name="test08490" classname="RegressionTest16" time="0">
    <failure message="&apos;true&apos; != &apos;false&apos; expected:&lt;true&gt; but was:&lt;false&gt;" type="java.lang.AssertionError"><![CDATA[java.lang.AssertionError: 'true' != 'false' expected:<true> but was:<false>
	at RegressionTest16.test08490(RegressionTest16.java:3927)
]]></failure>
  </testcase>
  <testcase name="test08491" classname="RegressionTest16" time="0"/>
  <testcase name="test08492" classname="RegressionTest16" time="0">
    <failure message="&apos;true&apos; != &apos;false&apos; expected:&lt;true&gt; but was:&lt;false&gt;" type="java.lang.AssertionError"><![CDATA[java.lang.AssertionError: 'true' != 'false' expected:<true> but was:<false>
	at RegressionTest16.test08492(RegressionTest16.java:3943)
]]></failure>
  </testcase>
  <testcase name="test08493" classname="RegressionTest16" time="0"/>
  <testcase name="test08494" classname="RegressionTest16" time="0"/>
  <testcase name="test08495" classname="RegressionTest16" time="0"/>
  <testcase name="test08496" classname="RegressionTest16" time="0"/>
  <testcase name="test08497" classname="RegressionTest16" time="0"/>
  <testcase name="test08498" classname="RegressionTest16" time="0"/>
  <testcase name="test08499" classname="RegressionTest16" time="0"/>
  <testcase name="test08500" classname="RegressionTest16" time="0"/>
  <testcase name="test08501" classname="RegressionTest17" time="0"/>
  <testcase name="test08502" classname="RegressionTest17" time="0"/>
  <testcase name="test08503" classname="RegressionTest17" time="0"/>
  <testcase name="test08504" classname="RegressionTest17" time="0"/>
  <testcase name="test08505" classname="RegressionTest17" time="0"/>
  <testcase name="test08506" classname="RegressionTest17" time="0"/>
  <testcase name="test08507" classname="RegressionTest17" time="0.001"/>
  <testcase name="test08508" classname="RegressionTest17" time="0"/>
  <testcase name="test08509" classname="RegressionTest17" time="0"/>
  <testcase name="test08510" classname="RegressionTest17" time="0">
    <failure message="&apos;true&apos; != &apos;false&apos; expected:&lt;true&gt; but was:&lt;false&gt;" type="java.lang.AssertionError"><![CDATA[java.lang.AssertionError: 'true' != 'false' expected:<true> but was:<false>
	at RegressionTest17.test08510(RegressionTest17.java:87)
]]></failure>
  </testcase>
  <testcase name="test08511" classname="RegressionTest17" time="0">
    <failure message="&apos;true&apos; != &apos;false&apos; expected:&lt;true&gt; but was:&lt;false&gt;" type="java.lang.AssertionError"><![CDATA[java.lang.AssertionError: 'true' != 'false' expected:<true> but was:<false>
	at RegressionTest17.test08511(RegressionTest17.java:95)
]]></failure>
  </testcase>
  <testcase name="test08512" classname="RegressionTest17" time="0"/>
  <testcase name="test08513" classname="RegressionTest17" time="0"/>
  <testcase name="test08514" classname="RegressionTest17" time="0"/>
  <testcase name="test08515" classname="RegressionTest17" time="0"/>
  <testcase name="test08516" classname="RegressionTest17" time="0"/>
  <testcase name="test08517" classname="RegressionTest17" time="0"/>
  <testcase name="test08518" classname="RegressionTest17" time="0"/>
  <testcase name="test08519" classname="RegressionTest17" time="0"/>
  <testcase name="test08520" classname="RegressionTest17" time="0"/>
  <testcase name="test08521" classname="RegressionTest17" time="0"/>
  <testcase name="test08522" classname="RegressionTest17" time="0"/>
  <testcase name="test08523" classname="RegressionTest17" time="0"/>
  <testcase name="test08524" classname="RegressionTest17" time="0"/>
  <testcase name="test08525" classname="RegressionTest17" time="0"/>
  <testcase name="test08526" classname="RegressionTest17" time="0"/>
  <testcase name="test08527" classname="RegressionTest17" time="0"/>
  <testcase name="test08528" classname="RegressionTest17" time="0"/>
  <testcase name="test08529" classname="RegressionTest17" time="0"/>
  <testcase name="test08530" classname="RegressionTest17" time="0"/>
  <testcase name="test08531" classname="RegressionTest17" time="0"/>
  <testcase name="test08532" classname="RegressionTest17" time="0"/>
  <testcase name="test08533" classname="RegressionTest17" time="0"/>
  <testcase name="test08534" classname="RegressionTest17" time="0"/>
  <testcase name="test08535" classname="RegressionTest17" time="0"/>
  <testcase name="test08536" classname="RegressionTest17" time="0"/>
  <testcase name="test08537" classname="RegressionTest17" time="0"/>
  <testcase name="test08538" classname="RegressionTest17" time="0"/>
  <testcase name="test08539" classname="RegressionTest17" time="0"/>
  <testcase name="test08540" classname="RegressionTest17" time="0"/>
  <testcase name="test08541" classname="RegressionTest17" time="0"/>
  <testcase name="test08542" classname="RegressionTest17" time="0"/>
  <testcase name="test08543" classname="RegressionTest17" time="0"/>
  <testcase name="test08544" classname="RegressionTest17" time="0.001"/>
  <testcase name="test08545" classname="RegressionTest17" time="0"/>
  <testcase name="test08546" classname="RegressionTest17" time="0"/>
  <testcase name="test08547" classname="RegressionTest17" time="0"/>
  <testcase name="test08548" classname="RegressionTest17" time="0"/>
  <testcase name="test08549" classname="RegressionTest17" time="0"/>
  <testcase name="test08550" classname="RegressionTest17" time="0"/>
  <testcase name="test08551" classname="RegressionTest17" time="0"/>
  <testcase name="test08552" classname="RegressionTest17" time="0"/>
  <testcase name="test08553" classname="RegressionTest17" time="0"/>
  <testcase name="test08554" classname="RegressionTest17" time="0.001">
    <failure message="&apos;true&apos; != &apos;false&apos; expected:&lt;true&gt; but was:&lt;false&gt;" type="java.lang.AssertionError"><![CDATA[java.lang.AssertionError: 'true' != 'false' expected:<true> but was:<false>
	at RegressionTest17.test08554(RegressionTest17.java:439)
]]></failure>
  </testcase>
  <testcase name="test08555" classname="RegressionTest17" time="0"/>
  <testcase name="test08556" classname="RegressionTest17" time="0"/>
  <testcase name="test08557" classname="RegressionTest17" time="0"/>
  <testcase name="test08558" classname="RegressionTest17" time="0"/>
  <testcase name="test08559" classname="RegressionTest17" time="0"/>
  <testcase name="test08560" classname="RegressionTest17" time="0"/>
  <testcase name="test08561" classname="RegressionTest17" time="0"/>
  <testcase name="test08562" classname="RegressionTest17" time="0"/>
  <testcase name="test08563" classname="RegressionTest17" time="0"/>
  <testcase name="test08564" classname="RegressionTest17" time="0"/>
  <testcase name="test08565" classname="RegressionTest17" time="0"/>
  <testcase name="test08566" classname="RegressionTest17" time="0"/>
  <testcase name="test08567" classname="RegressionTest17" time="0">
    <failure message="&apos;true&apos; != &apos;false&apos; expected:&lt;true&gt; but was:&lt;false&gt;" type="java.lang.AssertionError"><![CDATA[java.lang.AssertionError: 'true' != 'false' expected:<true> but was:<false>
	at RegressionTest17.test08567(RegressionTest17.java:543)
]]></failure>
  </testcase>
  <testcase name="test08568" classname="RegressionTest17" time="0">
    <failure message="&apos;true&apos; != &apos;false&apos; expected:&lt;true&gt; but was:&lt;false&gt;" type="java.lang.AssertionError"><![CDATA[java.lang.AssertionError: 'true' != 'false' expected:<true> but was:<false>
	at RegressionTest17.test08568(RegressionTest17.java:551)
]]></failure>
  </testcase>
  <testcase name="test08569" classname="RegressionTest17" time="0"/>
  <testcase name="test08570" classname="RegressionTest17" time="0"/>
  <testcase name="test08571" classname="RegressionTest17" time="0"/>
  <testcase name="test08572" classname="RegressionTest17" time="0"/>
  <testcase name="test08573" classname="RegressionTest17" time="0"/>
  <testcase name="test08574" classname="RegressionTest17" time="0"/>
  <testcase name="test08575" classname="RegressionTest17" time="0"/>
  <testcase name="test08576" classname="RegressionTest17" time="0"/>
  <testcase name="test08577" classname="RegressionTest17" time="0"/>
  <testcase name="test08578" classname="RegressionTest17" time="0"/>
  <testcase name="test08579" classname="RegressionTest17" time="0">
    <failure message="&apos;true&apos; != &apos;false&apos; expected:&lt;true&gt; but was:&lt;false&gt;" type="java.lang.AssertionError"><![CDATA[java.lang.AssertionError: 'true' != 'false' expected:<true> but was:<false>
	at RegressionTest17.test08579(RegressionTest17.java:639)
]]></failure>
  </testcase>
  <testcase name="test08580" classname="RegressionTest17" time="0">
    <failure message="&apos;true&apos; != &apos;false&apos; expected:&lt;true&gt; but was:&lt;false&gt;" type="java.lang.AssertionError"><![CDATA[java.lang.AssertionError: 'true' != 'false' expected:<true> but was:<false>
	at RegressionTest17.test08580(RegressionTest17.java:647)
]]></failure>
  </testcase>
  <testcase name="test08581" classname="RegressionTest17" time="0"/>
  <testcase name="test08582" classname="RegressionTest17" time="0"/>
  <testcase name="test08583" classname="RegressionTest17" time="0"/>
  <testcase name="test08584" classname="RegressionTest17" time="0"/>
  <testcase name="test08585" classname="RegressionTest17" time="0"/>
  <testcase name="test08586" classname="RegressionTest17" time="0"/>
  <testcase name="test08587" classname="RegressionTest17" time="0.001"/>
  <testcase name="test08588" classname="RegressionTest17" time="0"/>
  <testcase name="test08589" classname="RegressionTest17" time="0"/>
  <testcase name="test08590" classname="RegressionTest17" time="0"/>
  <testcase name="test08591" classname="RegressionTest17" time="0"/>
  <testcase name="test08592" classname="RegressionTest17" time="0"/>
  <testcase name="test08593" classname="RegressionTest17" time="0"/>
  <testcase name="test08594" classname="RegressionTest17" time="0"/>
  <testcase name="test08595" classname="RegressionTest17" time="0"/>
  <testcase name="test08596" classname="RegressionTest17" time="0"/>
  <testcase name="test08597" classname="RegressionTest17" time="0"/>
  <testcase name="test08598" classname="RegressionTest17" time="0"/>
  <testcase name="test08599" classname="RegressionTest17" time="0"/>
  <testcase name="test08600" classname="RegressionTest17" time="0"/>
  <testcase name="test08601" classname="RegressionTest17" time="0"/>
  <testcase name="test08602" classname="RegressionTest17" time="0"/>
  <testcase name="test08603" classname="RegressionTest17" time="0"/>
  <testcase name="test08604" classname="RegressionTest17" time="0"/>
  <testcase name="test08605" classname="RegressionTest17" time="0"/>
  <testcase name="test08606" classname="RegressionTest17" time="0"/>
  <testcase name="test08607" classname="RegressionTest17" time="0"/>
  <testcase name="test08608" classname="RegressionTest17" time="0"/>
  <testcase name="test08609" classname="RegressionTest17" time="0"/>
  <testcase name="test08610" classname="RegressionTest17" time="0">
    <failure message="&apos;true&apos; != &apos;false&apos; expected:&lt;true&gt; but was:&lt;false&gt;" type="java.lang.AssertionError"><![CDATA[java.lang.AssertionError: 'true' != 'false' expected:<true> but was:<false>
	at RegressionTest17.test08610(RegressionTest17.java:887)
]]></failure>
  </testcase>
  <testcase name="test08611" classname="RegressionTest17" time="0"/>
  <testcase name="test08612" classname="RegressionTest17" time="0"/>
  <testcase name="test08613" classname="RegressionTest17" time="0"/>
  <testcase name="test08614" classname="RegressionTest17" time="0"/>
  <testcase name="test08615" classname="RegressionTest17" time="0"/>
  <testcase name="test08616" classname="RegressionTest17" time="0"/>
  <testcase name="test08617" classname="RegressionTest17" time="0"/>
  <testcase name="test08618" classname="RegressionTest17" time="0"/>
  <testcase name="test08619" classname="RegressionTest17" time="0"/>
  <testcase name="test08620" classname="RegressionTest17" time="0"/>
  <testcase name="test08621" classname="RegressionTest17" time="0"/>
  <testcase name="test08622" classname="RegressionTest17" time="0"/>
  <testcase name="test08623" classname="RegressionTest17" time="0"/>
  <testcase name="test08624" classname="RegressionTest17" time="0"/>
  <testcase name="test08625" classname="RegressionTest17" time="0"/>
  <testcase name="test08626" classname="RegressionTest17" time="0"/>
  <testcase name="test08627" classname="RegressionTest17" time="0">
    <failure message="&apos;true&apos; != &apos;false&apos; expected:&lt;true&gt; but was:&lt;false&gt;" type="java.lang.AssertionError"><![CDATA[java.lang.AssertionError: 'true' != 'false' expected:<true> but was:<false>
	at RegressionTest17.test08627(RegressionTest17.java:1023)
]]></failure>
  </testcase>
  <testcase name="test08628" classname="RegressionTest17" time="0"/>
  <testcase name="test08629" classname="RegressionTest17" time="0"/>
  <testcase name="test08630" classname="RegressionTest17" time="0"/>
  <testcase name="test08631" classname="RegressionTest17" time="0"/>
  <testcase name="test08632" classname="RegressionTest17" time="0"/>
  <testcase name="test08633" classname="RegressionTest17" time="0"/>
  <testcase name="test08634" classname="RegressionTest17" time="0"/>
  <testcase name="test08635" classname="RegressionTest17" time="0"/>
  <testcase name="test08636" classname="RegressionTest17" time="0"/>
  <testcase name="test08637" classname="RegressionTest17" time="0.001"/>
  <testcase name="test08638" classname="RegressionTest17" time="0"/>
  <testcase name="test08639" classname="RegressionTest17" time="0"/>
  <testcase name="test08640" classname="RegressionTest17" time="0"/>
  <testcase name="test08641" classname="RegressionTest17" time="0"/>
  <testcase name="test08642" classname="RegressionTest17" time="0"/>
  <testcase name="test08643" classname="RegressionTest17" time="0"/>
  <testcase name="test08644" classname="RegressionTest17" time="0"/>
  <testcase name="test08645" classname="RegressionTest17" time="0">
    <failure message="&apos;true&apos; != &apos;false&apos; expected:&lt;true&gt; but was:&lt;false&gt;" type="java.lang.AssertionError"><![CDATA[java.lang.AssertionError: 'true' != 'false' expected:<true> but was:<false>
	at RegressionTest17.test08645(RegressionTest17.java:1167)
]]></failure>
  </testcase>
  <testcase name="test08646" classname="RegressionTest17" time="0"/>
  <testcase name="test08647" classname="RegressionTest17" time="0"/>
  <testcase name="test08648" classname="RegressionTest17" time="0"/>
  <testcase name="test08649" classname="RegressionTest17" time="0"/>
  <testcase name="test08650" classname="RegressionTest17" time="0"/>
  <testcase name="test08651" classname="RegressionTest17" time="0"/>
  <testcase name="test08652" classname="RegressionTest17" time="0"/>
  <testcase name="test08653" classname="RegressionTest17" time="0"/>
  <testcase name="test08654" classname="RegressionTest17" time="0"/>
  <testcase name="test08655" classname="RegressionTest17" time="0"/>
  <testcase name="test08656" classname="RegressionTest17" time="0"/>
  <testcase name="test08657" classname="RegressionTest17" time="0"/>
  <testcase name="test08658" classname="RegressionTest17" time="0"/>
  <testcase name="test08659" classname="RegressionTest17" time="0"/>
  <testcase name="test08660" classname="RegressionTest17" time="0"/>
  <testcase name="test08661" classname="RegressionTest17" time="0"/>
  <testcase name="test08662" classname="RegressionTest17" time="0"/>
  <testcase name="test08663" classname="RegressionTest17" time="0"/>
  <testcase name="test08664" classname="RegressionTest17" time="0"/>
  <testcase name="test08665" classname="RegressionTest17" time="0"/>
  <testcase name="test08666" classname="RegressionTest17" time="0"/>
  <testcase name="test08667" classname="RegressionTest17" time="0"/>
  <testcase name="test08668" classname="RegressionTest17" time="0"/>
  <testcase name="test08669" classname="RegressionTest17" time="0"/>
  <testcase name="test08670" classname="RegressionTest17" time="0"/>
  <testcase name="test08671" classname="RegressionTest17" time="0"/>
  <testcase name="test08672" classname="RegressionTest17" time="0"/>
  <testcase name="test08673" classname="RegressionTest17" time="0"/>
  <testcase name="test08674" classname="RegressionTest17" time="0"/>
  <testcase name="test08675" classname="RegressionTest17" time="0.001">
    <failure message="&apos;true&apos; != &apos;false&apos; expected:&lt;true&gt; but was:&lt;false&gt;" type="java.lang.AssertionError"><![CDATA[java.lang.AssertionError: 'true' != 'false' expected:<true> but was:<false>
	at RegressionTest17.test08675(RegressionTest17.java:1407)
]]></failure>
  </testcase>
  <testcase name="test08676" classname="RegressionTest17" time="0"/>
  <testcase name="test08677" classname="RegressionTest17" time="0"/>
  <testcase name="test08678" classname="RegressionTest17" time="0"/>
  <testcase name="test08679" classname="RegressionTest17" time="0"/>
  <testcase name="test08680" classname="RegressionTest17" time="0"/>
  <testcase name="test08681" classname="RegressionTest17" time="0"/>
  <testcase name="test08682" classname="RegressionTest17" time="0"/>
  <testcase name="test08683" classname="RegressionTest17" time="0"/>
  <testcase name="test08684" classname="RegressionTest17" time="0"/>
  <testcase name="test08685" classname="RegressionTest17" time="0"/>
  <testcase name="test08686" classname="RegressionTest17" time="0"/>
  <testcase name="test08687" classname="RegressionTest17" time="0"/>
  <testcase name="test08688" classname="RegressionTest17" time="0"/>
  <testcase name="test08689" classname="RegressionTest17" time="0"/>
  <testcase name="test08690" classname="RegressionTest17" time="0"/>
  <testcase name="test08691" classname="RegressionTest17" time="0"/>
  <testcase name="test08692" classname="RegressionTest17" time="0"/>
  <testcase name="test08693" classname="RegressionTest17" time="0"/>
  <testcase name="test08694" classname="RegressionTest17" time="0"/>
  <testcase name="test08695" classname="RegressionTest17" time="0"/>
  <testcase name="test08696" classname="RegressionTest17" time="0"/>
  <testcase name="test08697" classname="RegressionTest17" time="0"/>
  <testcase name="test08698" classname="RegressionTest17" time="0"/>
  <testcase name="test08699" classname="RegressionTest17" time="0"/>
  <testcase name="test08700" classname="RegressionTest17" time="0"/>
  <testcase name="test08701" classname="RegressionTest17" time="0"/>
  <testcase name="test08702" classname="RegressionTest17" time="0"/>
  <testcase name="test08703" classname="RegressionTest17" time="0"/>
  <testcase name="test08704" classname="RegressionTest17" time="0"/>
  <testcase name="test08705" classname="RegressionTest17" time="0"/>
  <testcase name="test08706" classname="RegressionTest17" time="0"/>
  <testcase name="test08707" classname="RegressionTest17" time="0"/>
  <testcase name="test08708" classname="RegressionTest17" time="0"/>
  <testcase name="test08709" classname="RegressionTest17" time="0"/>
  <testcase name="test08710" classname="RegressionTest17" time="0"/>
  <testcase name="test08711" classname="RegressionTest17" time="0"/>
  <testcase name="test08712" classname="RegressionTest17" time="0"/>
  <testcase name="test08713" classname="RegressionTest17" time="0"/>
  <testcase name="test08714" classname="RegressionTest17" time="0"/>
  <testcase name="test08715" classname="RegressionTest17" time="0"/>
  <testcase name="test08716" classname="RegressionTest17" time="0"/>
  <testcase name="test08717" classname="RegressionTest17" time="0">
    <failure message="&apos;true&apos; != &apos;false&apos; expected:&lt;true&gt; but was:&lt;false&gt;" type="java.lang.AssertionError"><![CDATA[java.lang.AssertionError: 'true' != 'false' expected:<true> but was:<false>
	at RegressionTest17.test08717(RegressionTest17.java:1743)
]]></failure>
  </testcase>
  <testcase name="test08718" classname="RegressionTest17" time="0"/>
  <testcase name="test08719" classname="RegressionTest17" time="0"/>
  <testcase name="test08720" classname="RegressionTest17" time="0"/>
  <testcase name="test08721" classname="RegressionTest17" time="0"/>
  <testcase name="test08722" classname="RegressionTest17" time="0"/>
  <testcase name="test08723" classname="RegressionTest17" time="0"/>
  <testcase name="test08724" classname="RegressionTest17" time="0"/>
  <testcase name="test08725" classname="RegressionTest17" time="0"/>
  <testcase name="test08726" classname="RegressionTest17" time="0.001"/>
  <testcase name="test08727" classname="RegressionTest17" time="0">
    <failure message="&apos;true&apos; != &apos;false&apos; expected:&lt;true&gt; but was:&lt;false&gt;" type="java.lang.AssertionError"><![CDATA[java.lang.AssertionError: 'true' != 'false' expected:<true> but was:<false>
	at RegressionTest17.test08727(RegressionTest17.java:1823)
]]></failure>
  </testcase>
  <testcase name="test08728" classname="RegressionTest17" time="0"/>
  <testcase name="test08729" classname="RegressionTest17" time="0">
    <failure message="&apos;true&apos; != &apos;false&apos; expected:&lt;true&gt; but was:&lt;false&gt;" type="java.lang.AssertionError"><![CDATA[java.lang.AssertionError: 'true' != 'false' expected:<true> but was:<false>
	at RegressionTest17.test08729(RegressionTest17.java:1839)
]]></failure>
  </testcase>
  <testcase name="test08730" classname="RegressionTest17" time="0">
    <failure message="&apos;true&apos; != &apos;false&apos; expected:&lt;true&gt; but was:&lt;false&gt;" type="java.lang.AssertionError"><![CDATA[java.lang.AssertionError: 'true' != 'false' expected:<true> but was:<false>
	at RegressionTest17.test08730(RegressionTest17.java:1847)
]]></failure>
  </testcase>
  <testcase name="test08731" classname="RegressionTest17" time="0"/>
  <testcase name="test08732" classname="RegressionTest17" time="0"/>
  <testcase name="test08733" classname="RegressionTest17" time="0"/>
  <testcase name="test08734" classname="RegressionTest17" time="0"/>
  <testcase name="test08735" classname="RegressionTest17" time="0"/>
  <testcase name="test08736" classname="RegressionTest17" time="0"/>
  <testcase name="test08737" classname="RegressionTest17" time="0">
    <failure message="&apos;true&apos; != &apos;false&apos; expected:&lt;true&gt; but was:&lt;false&gt;" type="java.lang.AssertionError"><![CDATA[java.lang.AssertionError: 'true' != 'false' expected:<true> but was:<false>
	at RegressionTest17.test08737(RegressionTest17.java:1903)
]]></failure>
  </testcase>
  <testcase name="test08738" classname="RegressionTest17" time="0"/>
  <testcase name="test08739" classname="RegressionTest17" time="0"/>
  <testcase name="test08740" classname="RegressionTest17" time="0"/>
  <testcase name="test08741" classname="RegressionTest17" time="0"/>
  <testcase name="test08742" classname="RegressionTest17" time="0"/>
  <testcase name="test08743" classname="RegressionTest17" time="0"/>
  <testcase name="test08744" classname="RegressionTest17" time="0"/>
  <testcase name="test08745" classname="RegressionTest17" time="0"/>
  <testcase name="test08746" classname="RegressionTest17" time="0"/>
  <testcase name="test08747" classname="RegressionTest17" time="0"/>
  <testcase name="test08748" classname="RegressionTest17" time="0">
    <failure message="&apos;true&apos; != &apos;false&apos; expected:&lt;true&gt; but was:&lt;false&gt;" type="java.lang.AssertionError"><![CDATA[java.lang.AssertionError: 'true' != 'false' expected:<true> but was:<false>
	at RegressionTest17.test08748(RegressionTest17.java:1991)
]]></failure>
  </testcase>
  <testcase name="test08749" classname="RegressionTest17" time="0"/>
  <testcase name="test08750" classname="RegressionTest17" time="0"/>
  <testcase name="test08751" classname="RegressionTest17" time="0"/>
  <testcase name="test08752" classname="RegressionTest17" time="0"/>
  <testcase name="test08753" classname="RegressionTest17" time="0"/>
  <testcase name="test08754" classname="RegressionTest17" time="0"/>
  <testcase name="test08755" classname="RegressionTest17" time="0"/>
  <testcase name="test08756" classname="RegressionTest17" time="0"/>
  <testcase name="test08757" classname="RegressionTest17" time="0">
    <failure message="&apos;true&apos; != &apos;false&apos; expected:&lt;true&gt; but was:&lt;false&gt;" type="java.lang.AssertionError"><![CDATA[java.lang.AssertionError: 'true' != 'false' expected:<true> but was:<false>
	at RegressionTest17.test08757(RegressionTest17.java:2063)
]]></failure>
  </testcase>
  <testcase name="test08758" classname="RegressionTest17" time="0"/>
  <testcase name="test08759" classname="RegressionTest17" time="0"/>
  <testcase name="test08760" classname="RegressionTest17" time="0"/>
  <testcase name="test08761" classname="RegressionTest17" time="0"/>
  <testcase name="test08762" classname="RegressionTest17" time="0"/>
  <testcase name="test08763" classname="RegressionTest17" time="0"/>
  <testcase name="test08764" classname="RegressionTest17" time="0"/>
  <testcase name="test08765" classname="RegressionTest17" time="0.001"/>
  <testcase name="test08766" classname="RegressionTest17" time="0"/>
  <testcase name="test08767" classname="RegressionTest17" time="0"/>
  <testcase name="test08768" classname="RegressionTest17" time="0"/>
  <testcase name="test08769" classname="RegressionTest17" time="0"/>
  <testcase name="test08770" classname="RegressionTest17" time="0"/>
  <testcase name="test08771" classname="RegressionTest17" time="0"/>
  <testcase name="test08772" classname="RegressionTest17" time="0"/>
  <testcase name="test08773" classname="RegressionTest17" time="0"/>
  <testcase name="test08774" classname="RegressionTest17" time="0"/>
  <testcase name="test08775" classname="RegressionTest17" time="0"/>
  <testcase name="test08776" classname="RegressionTest17" time="0">
    <failure message="&apos;true&apos; != &apos;false&apos; expected:&lt;true&gt; but was:&lt;false&gt;" type="java.lang.AssertionError"><![CDATA[java.lang.AssertionError: 'true' != 'false' expected:<true> but was:<false>
	at RegressionTest17.test08776(RegressionTest17.java:2215)
]]></failure>
  </testcase>
  <testcase name="test08777" classname="RegressionTest17" time="0"/>
  <testcase name="test08778" classname="RegressionTest17" time="0"/>
  <testcase name="test08779" classname="RegressionTest17" time="0"/>
  <testcase name="test08780" classname="RegressionTest17" time="0"/>
  <testcase name="test08781" classname="RegressionTest17" time="0"/>
  <testcase name="test08782" classname="RegressionTest17" time="0"/>
  <testcase name="test08783" classname="RegressionTest17" time="0"/>
  <testcase name="test08784" classname="RegressionTest17" time="0"/>
  <testcase name="test08785" classname="RegressionTest17" time="0"/>
  <testcase name="test08786" classname="RegressionTest17" time="0"/>
  <testcase name="test08787" classname="RegressionTest17" time="0"/>
  <testcase name="test08788" classname="RegressionTest17" time="0"/>
  <testcase name="test08789" classname="RegressionTest17" time="0"/>
  <testcase name="test08790" classname="RegressionTest17" time="0"/>
  <testcase name="test08791" classname="RegressionTest17" time="0"/>
  <testcase name="test08792" classname="RegressionTest17" time="0"/>
  <testcase name="test08793" classname="RegressionTest17" time="0"/>
  <testcase name="test08794" classname="RegressionTest17" time="0"/>
  <testcase name="test08795" classname="RegressionTest17" time="0"/>
  <testcase name="test08796" classname="RegressionTest17" time="0"/>
  <testcase name="test08797" classname="RegressionTest17" time="0"/>
  <testcase name="test08798" classname="RegressionTest17" time="0"/>
  <testcase name="test08799" classname="RegressionTest17" time="0"/>
  <testcase name="test08800" classname="RegressionTest17" time="0"/>
  <testcase name="test08801" classname="RegressionTest17" time="0"/>
  <testcase name="test08802" classname="RegressionTest17" time="0"/>
  <testcase name="test08803" classname="RegressionTest17" time="0"/>
  <testcase name="test08804" classname="RegressionTest17" time="0">
    <failure message="&apos;true&apos; != &apos;false&apos; expected:&lt;true&gt; but was:&lt;false&gt;" type="java.lang.AssertionError"><![CDATA[java.lang.AssertionError: 'true' != 'false' expected:<true> but was:<false>
	at RegressionTest17.test08804(RegressionTest17.java:2439)
]]></failure>
  </testcase>
  <testcase name="test08805" classname="RegressionTest17" time="0"/>
  <testcase name="test08806" classname="RegressionTest17" time="0">
    <failure message="&apos;true&apos; != &apos;false&apos; expected:&lt;true&gt; but was:&lt;false&gt;" type="java.lang.AssertionError"><![CDATA[java.lang.AssertionError: 'true' != 'false' expected:<true> but was:<false>
	at RegressionTest17.test08806(RegressionTest17.java:2455)
]]></failure>
  </testcase>
  <testcase name="test08807" classname="RegressionTest17" time="0.001">
    <failure message="&apos;true&apos; != &apos;false&apos; expected:&lt;true&gt; but was:&lt;false&gt;" type="java.lang.AssertionError"><![CDATA[java.lang.AssertionError: 'true' != 'false' expected:<true> but was:<false>
	at RegressionTest17.test08807(RegressionTest17.java:2463)
]]></failure>
  </testcase>
  <testcase name="test08808" classname="RegressionTest17" time="0"/>
  <testcase name="test08809" classname="RegressionTest17" time="0"/>
  <testcase name="test08810" classname="RegressionTest17" time="0"/>
  <testcase name="test08811" classname="RegressionTest17" time="0"/>
  <testcase name="test08812" classname="RegressionTest17" time="0"/>
  <testcase name="test08813" classname="RegressionTest17" time="0"/>
  <testcase name="test08814" classname="RegressionTest17" time="0"/>
  <testcase name="test08815" classname="RegressionTest17" time="0"/>
  <testcase name="test08816" classname="RegressionTest17" time="0"/>
  <testcase name="test08817" classname="RegressionTest17" time="0"/>
  <testcase name="test08818" classname="RegressionTest17" time="0"/>
  <testcase name="test08819" classname="RegressionTest17" time="0"/>
  <testcase name="test08820" classname="RegressionTest17" time="0"/>
  <testcase name="test08821" classname="RegressionTest17" time="0"/>
  <testcase name="test08822" classname="RegressionTest17" time="0"/>
  <testcase name="test08823" classname="RegressionTest17" time="0"/>
  <testcase name="test08824" classname="RegressionTest17" time="0"/>
  <testcase name="test08825" classname="RegressionTest17" time="0"/>
  <testcase name="test08826" classname="RegressionTest17" time="0"/>
  <testcase name="test08827" classname="RegressionTest17" time="0"/>
  <testcase name="test08828" classname="RegressionTest17" time="0"/>
  <testcase name="test08829" classname="RegressionTest17" time="0"/>
  <testcase name="test08830" classname="RegressionTest17" time="0"/>
  <testcase name="test08831" classname="RegressionTest17" time="0"/>
  <testcase name="test08832" classname="RegressionTest17" time="0"/>
  <testcase name="test08833" classname="RegressionTest17" time="0"/>
  <testcase name="test08834" classname="RegressionTest17" time="0"/>
  <testcase name="test08835" classname="RegressionTest17" time="0"/>
  <testcase name="test08836" classname="RegressionTest17" time="0"/>
  <testcase name="test08837" classname="RegressionTest17" time="0"/>
  <testcase name="test08838" classname="RegressionTest17" time="0"/>
  <testcase name="test08839" classname="RegressionTest17" time="0"/>
  <testcase name="test08840" classname="RegressionTest17" time="0"/>
  <testcase name="test08841" classname="RegressionTest17" time="0"/>
  <testcase name="test08842" classname="RegressionTest17" time="0"/>
  <testcase name="test08843" classname="RegressionTest17" time="0">
    <failure message="&apos;true&apos; != &apos;false&apos; expected:&lt;true&gt; but was:&lt;false&gt;" type="java.lang.AssertionError"><![CDATA[java.lang.AssertionError: 'true' != 'false' expected:<true> but was:<false>
	at RegressionTest17.test08843(RegressionTest17.java:2751)
]]></failure>
  </testcase>
  <testcase name="test08844" classname="RegressionTest17" time="0"/>
  <testcase name="test08845" classname="RegressionTest17" time="0">
    <failure message="&apos;true&apos; != &apos;false&apos; expected:&lt;true&gt; but was:&lt;false&gt;" type="java.lang.AssertionError"><![CDATA[java.lang.AssertionError: 'true' != 'false' expected:<true> but was:<false>
	at RegressionTest17.test08845(RegressionTest17.java:2767)
]]></failure>
  </testcase>
  <testcase name="test08846" classname="RegressionTest17" time="0"/>
  <testcase name="test08847" classname="RegressionTest17" time="0"/>
  <testcase name="test08848" classname="RegressionTest17" time="0">
    <failure message="&apos;true&apos; != &apos;false&apos; expected:&lt;true&gt; but was:&lt;false&gt;" type="java.lang.AssertionError"><![CDATA[java.lang.AssertionError: 'true' != 'false' expected:<true> but was:<false>
	at RegressionTest17.test08848(RegressionTest17.java:2791)
]]></failure>
  </testcase>
  <testcase name="test08849" classname="RegressionTest17" time="0"/>
  <testcase name="test08850" classname="RegressionTest17" time="0"/>
  <testcase name="test08851" classname="RegressionTest17" time="0"/>
  <testcase name="test08852" classname="RegressionTest17" time="0.001"/>
  <testcase name="test08853" classname="RegressionTest17" time="0"/>
  <testcase name="test08854" classname="RegressionTest17" time="0"/>
  <testcase name="test08855" classname="RegressionTest17" time="0"/>
  <testcase name="test08856" classname="RegressionTest17" time="0"/>
  <testcase name="test08857" classname="RegressionTest17" time="0"/>
  <testcase name="test08858" classname="RegressionTest17" time="0"/>
  <testcase name="test08859" classname="RegressionTest17" time="0"/>
  <testcase name="test08860" classname="RegressionTest17" time="0"/>
  <testcase name="test08861" classname="RegressionTest17" time="0"/>
  <testcase name="test08862" classname="RegressionTest17" time="0"/>
  <testcase name="test08863" classname="RegressionTest17" time="0"/>
  <testcase name="test08864" classname="RegressionTest17" time="0"/>
  <testcase name="test08865" classname="RegressionTest17" time="0"/>
  <testcase name="test08866" classname="RegressionTest17" time="0"/>
  <testcase name="test08867" classname="RegressionTest17" time="0"/>
  <testcase name="test08868" classname="RegressionTest17" time="0"/>
  <testcase name="test08869" classname="RegressionTest17" time="0"/>
  <testcase name="test08870" classname="RegressionTest17" time="0"/>
  <testcase name="test08871" classname="RegressionTest17" time="0"/>
  <testcase name="test08872" classname="RegressionTest17" time="0"/>
  <testcase name="test08873" classname="RegressionTest17" time="0"/>
  <testcase name="test08874" classname="RegressionTest17" time="0"/>
  <testcase name="test08875" classname="RegressionTest17" time="0">
    <failure message="&apos;true&apos; != &apos;false&apos; expected:&lt;true&gt; but was:&lt;false&gt;" type="java.lang.AssertionError"><![CDATA[java.lang.AssertionError: 'true' != 'false' expected:<true> but was:<false>
	at RegressionTest17.test08875(RegressionTest17.java:3007)
]]></failure>
  </testcase>
  <testcase name="test08876" classname="RegressionTest17" time="0"/>
  <testcase name="test08877" classname="RegressionTest17" time="0"/>
  <testcase name="test08878" classname="RegressionTest17" time="0"/>
  <testcase name="test08879" classname="RegressionTest17" time="0"/>
  <testcase name="test08880" classname="RegressionTest17" time="0"/>
  <testcase name="test08881" classname="RegressionTest17" time="0"/>
  <testcase name="test08882" classname="RegressionTest17" time="0"/>
  <testcase name="test08883" classname="RegressionTest17" time="0"/>
  <testcase name="test08884" classname="RegressionTest17" time="0"/>
  <testcase name="test08885" classname="RegressionTest17" time="0"/>
  <testcase name="test08886" classname="RegressionTest17" time="0"/>
  <testcase name="test08887" classname="RegressionTest17" time="0"/>
  <testcase name="test08888" classname="RegressionTest17" time="0"/>
  <testcase name="test08889" classname="RegressionTest17" time="0"/>
  <testcase name="test08890" classname="RegressionTest17" time="0"/>
  <testcase name="test08891" classname="RegressionTest17" time="0"/>
  <testcase name="test08892" classname="RegressionTest17" time="0"/>
  <testcase name="test08893" classname="RegressionTest17" time="0">
    <failure message="&apos;true&apos; != &apos;false&apos; expected:&lt;true&gt; but was:&lt;false&gt;" type="java.lang.AssertionError"><![CDATA[java.lang.AssertionError: 'true' != 'false' expected:<true> but was:<false>
	at RegressionTest17.test08893(RegressionTest17.java:3151)
]]></failure>
  </testcase>
  <testcase name="test08894" classname="RegressionTest17" time="0">
    <failure message="&apos;true&apos; != &apos;false&apos; expected:&lt;true&gt; but was:&lt;false&gt;" type="java.lang.AssertionError"><![CDATA[java.lang.AssertionError: 'true' != 'false' expected:<true> but was:<false>
	at RegressionTest17.test08894(RegressionTest17.java:3159)
]]></failure>
  </testcase>
  <testcase name="test08895" classname="RegressionTest17" time="0"/>
  <testcase name="test08896" classname="RegressionTest17" time="0"/>
  <testcase name="test08897" classname="RegressionTest17" time="0"/>
  <testcase name="test08898" classname="RegressionTest17" time="0"/>
  <testcase name="test08899" classname="RegressionTest17" time="0">
    <failure message="&apos;true&apos; != &apos;false&apos; expected:&lt;true&gt; but was:&lt;false&gt;" type="java.lang.AssertionError"><![CDATA[java.lang.AssertionError: 'true' != 'false' expected:<true> but was:<false>
	at RegressionTest17.test08899(RegressionTest17.java:3199)
]]></failure>
  </testcase>
  <testcase name="test08900" classname="RegressionTest17" time="0"/>
  <testcase name="test08901" classname="RegressionTest17" time="0"/>
  <testcase name="test08902" classname="RegressionTest17" time="0"/>
  <testcase name="test08903" classname="RegressionTest17" time="0"/>
  <testcase name="test08904" classname="RegressionTest17" time="0"/>
  <testcase name="test08905" classname="RegressionTest17" time="0"/>
  <testcase name="test08906" classname="RegressionTest17" time="0"/>
  <testcase name="test08907" classname="RegressionTest17" time="0"/>
  <testcase name="test08908" classname="RegressionTest17" time="0"/>
  <testcase name="test08909" classname="RegressionTest17" time="0"/>
  <testcase name="test08910" classname="RegressionTest17" time="0"/>
  <testcase name="test08911" classname="RegressionTest17" time="0"/>
  <testcase name="test08912" classname="RegressionTest17" time="0"/>
  <testcase name="test08913" classname="RegressionTest17" time="0"/>
  <testcase name="test08914" classname="RegressionTest17" time="0"/>
  <testcase name="test08915" classname="RegressionTest17" time="0"/>
  <testcase name="test08916" classname="RegressionTest17" time="0"/>
  <testcase name="test08917" classname="RegressionTest17" time="0"/>
  <testcase name="test08918" classname="RegressionTest17" time="0"/>
  <testcase name="test08919" classname="RegressionTest17" time="0"/>
  <testcase name="test08920" classname="RegressionTest17" time="0"/>
  <testcase name="test08921" classname="RegressionTest17" time="0"/>
  <testcase name="test08922" classname="RegressionTest17" time="0"/>
  <testcase name="test08923" classname="RegressionTest17" time="0"/>
  <testcase name="test08924" classname="RegressionTest17" time="0"/>
  <testcase name="test08925" classname="RegressionTest17" time="0"/>
  <testcase name="test08926" classname="RegressionTest17" time="0"/>
  <testcase name="test08927" classname="RegressionTest17" time="0"/>
  <testcase name="test08928" classname="RegressionTest17" time="0"/>
  <testcase name="test08929" classname="RegressionTest17" time="0"/>
  <testcase name="test08930" classname="RegressionTest17" time="0"/>
  <testcase name="test08931" classname="RegressionTest17" time="0"/>
  <testcase name="test08932" classname="RegressionTest17" time="0"/>
  <testcase name="test08933" classname="RegressionTest17" time="0"/>
  <testcase name="test08934" classname="RegressionTest17" time="0"/>
  <testcase name="test08935" classname="RegressionTest17" time="0">
    <failure message="&apos;true&apos; != &apos;false&apos; expected:&lt;true&gt; but was:&lt;false&gt;" type="java.lang.AssertionError"><![CDATA[java.lang.AssertionError: 'true' != 'false' expected:<true> but was:<false>
	at RegressionTest17.test08935(RegressionTest17.java:3487)
]]></failure>
  </testcase>
  <testcase name="test08936" classname="RegressionTest17" time="0"/>
  <testcase name="test08937" classname="RegressionTest17" time="0"/>
  <testcase name="test08938" classname="RegressionTest17" time="0"/>
  <testcase name="test08939" classname="RegressionTest17" time="0"/>
  <testcase name="test08940" classname="RegressionTest17" time="0"/>
  <testcase name="test08941" classname="RegressionTest17" time="0"/>
  <testcase name="test08942" classname="RegressionTest17" time="0">
    <failure message="&apos;true&apos; != &apos;false&apos; expected:&lt;true&gt; but was:&lt;false&gt;" type="java.lang.AssertionError"><![CDATA[java.lang.AssertionError: 'true' != 'false' expected:<true> but was:<false>
	at RegressionTest17.test08942(RegressionTest17.java:3543)
]]></failure>
  </testcase>
  <testcase name="test08943" classname="RegressionTest17" time="0"/>
  <testcase name="test08944" classname="RegressionTest17" time="0"/>
  <testcase name="test08945" classname="RegressionTest17" time="0"/>
  <testcase name="test08946" classname="RegressionTest17" time="0.001"/>
  <testcase name="test08947" classname="RegressionTest17" time="0"/>
  <testcase name="test08948" classname="RegressionTest17" time="0"/>
  <testcase name="test08949" classname="RegressionTest17" time="0"/>
  <testcase name="test08950" classname="RegressionTest17" time="0"/>
  <testcase name="test08951" classname="RegressionTest17" time="0"/>
  <testcase name="test08952" classname="RegressionTest17" time="0"/>
  <testcase name="test08953" classname="RegressionTest17" time="0"/>
  <testcase name="test08954" classname="RegressionTest17" time="0"/>
  <testcase name="test08955" classname="RegressionTest17" time="0"/>
  <testcase name="test08956" classname="RegressionTest17" time="0"/>
  <testcase name="test08957" classname="RegressionTest17" time="0"/>
  <testcase name="test08958" classname="RegressionTest17" time="0"/>
  <testcase name="test08959" classname="RegressionTest17" time="0">
    <failure message="&apos;true&apos; != &apos;false&apos; expected:&lt;true&gt; but was:&lt;false&gt;" type="java.lang.AssertionError"><![CDATA[java.lang.AssertionError: 'true' != 'false' expected:<true> but was:<false>
	at RegressionTest17.test08959(RegressionTest17.java:3679)
]]></failure>
  </testcase>
  <testcase name="test08960" classname="RegressionTest17" time="0"/>
  <testcase name="test08961" classname="RegressionTest17" time="0"/>
  <testcase name="test08962" classname="RegressionTest17" time="0"/>
  <testcase name="test08963" classname="RegressionTest17" time="0"/>
  <testcase name="test08964" classname="RegressionTest17" time="0"/>
  <testcase name="test08965" classname="RegressionTest17" time="0"/>
  <testcase name="test08966" classname="RegressionTest17" time="0"/>
  <testcase name="test08967" classname="RegressionTest17" time="0"/>
  <testcase name="test08968" classname="RegressionTest17" time="0"/>
  <testcase name="test08969" classname="RegressionTest17" time="0"/>
  <testcase name="test08970" classname="RegressionTest17" time="0"/>
  <testcase name="test08971" classname="RegressionTest17" time="0"/>
  <testcase name="test08972" classname="RegressionTest17" time="0"/>
  <testcase name="test08973" classname="RegressionTest17" time="0"/>
  <testcase name="test08974" classname="RegressionTest17" time="0"/>
  <testcase name="test08975" classname="RegressionTest17" time="0"/>
  <testcase name="test08976" classname="RegressionTest17" time="0"/>
  <testcase name="test08977" classname="RegressionTest17" time="0"/>
  <testcase name="test08978" classname="RegressionTest17" time="0"/>
  <testcase name="test08979" classname="RegressionTest17" time="0"/>
  <testcase name="test08980" classname="RegressionTest17" time="0"/>
  <testcase name="test08981" classname="RegressionTest17" time="0"/>
  <testcase name="test08982" classname="RegressionTest17" time="0"/>
  <testcase name="test08983" classname="RegressionTest17" time="0"/>
  <testcase name="test08984" classname="RegressionTest17" time="0"/>
  <testcase name="test08985" classname="RegressionTest17" time="0"/>
  <testcase name="test08986" classname="RegressionTest17" time="0"/>
  <testcase name="test08987" classname="RegressionTest17" time="0"/>
  <testcase name="test08988" classname="RegressionTest17" time="0.001">
    <failure message="&apos;true&apos; != &apos;false&apos; expected:&lt;true&gt; but was:&lt;false&gt;" type="java.lang.AssertionError"><![CDATA[java.lang.AssertionError: 'true' != 'false' expected:<true> but was:<false>
	at RegressionTest17.test08988(RegressionTest17.java:3911)
]]></failure>
  </testcase>
  <testcase name="test08989" classname="RegressionTest17" time="0"/>
  <testcase name="test08990" classname="RegressionTest17" time="0"/>
  <testcase name="test08991" classname="RegressionTest17" time="0"/>
  <testcase name="test08992" classname="RegressionTest17" time="0"/>
  <testcase name="test08993" classname="RegressionTest17" time="0"/>
  <testcase name="test08994" classname="RegressionTest17" time="0"/>
  <testcase name="test08995" classname="RegressionTest17" time="0"/>
  <testcase name="test08996" classname="RegressionTest17" time="0"/>
  <testcase name="test08997" classname="RegressionTest17" time="0"/>
  <testcase name="test08998" classname="RegressionTest17" time="0"/>
  <testcase name="test08999" classname="RegressionTest17" time="0">
    <failure message="&apos;true&apos; != &apos;false&apos; expected:&lt;true&gt; but was:&lt;false&gt;" type="java.lang.AssertionError"><![CDATA[java.lang.AssertionError: 'true' != 'false' expected:<true> but was:<false>
	at RegressionTest17.test08999(RegressionTest17.java:3999)
]]></failure>
  </testcase>
  <testcase name="test09000" classname="RegressionTest17" time="0"/>
  <testcase name="test09001" classname="RegressionTest18" time="0"/>
  <testcase name="test09002" classname="RegressionTest18" time="0"/>
  <testcase name="test09003" classname="RegressionTest18" time="0"/>
  <testcase name="test09004" classname="RegressionTest18" time="0"/>
  <testcase name="test09005" classname="RegressionTest18" time="0"/>
  <testcase name="test09006" classname="RegressionTest18" time="0"/>
  <testcase name="test09007" classname="RegressionTest18" time="0"/>
  <testcase name="test09008" classname="RegressionTest18" time="0"/>
  <testcase name="test09009" classname="RegressionTest18" time="0"/>
  <testcase name="test09010" classname="RegressionTest18" time="0"/>
  <testcase name="test09011" classname="RegressionTest18" time="0"/>
  <testcase name="test09012" classname="RegressionTest18" time="0"/>
  <testcase name="test09013" classname="RegressionTest18" time="0"/>
  <testcase name="test09014" classname="RegressionTest18" time="0"/>
  <testcase name="test09015" classname="RegressionTest18" time="0"/>
  <testcase name="test09016" classname="RegressionTest18" time="0"/>
  <testcase name="test09017" classname="RegressionTest18" time="0"/>
  <testcase name="test09018" classname="RegressionTest18" time="0.001"/>
  <testcase name="test09019" classname="RegressionTest18" time="0">
    <failure message="&apos;true&apos; != &apos;false&apos; expected:&lt;true&gt; but was:&lt;false&gt;" type="java.lang.AssertionError"><![CDATA[java.lang.AssertionError: 'true' != 'false' expected:<true> but was:<false>
	at RegressionTest18.test09019(RegressionTest18.java:159)
]]></failure>
  </testcase>
  <testcase name="test09020" classname="RegressionTest18" time="0"/>
  <testcase name="test09021" classname="RegressionTest18" time="0"/>
  <testcase name="test09022" classname="RegressionTest18" time="0">
    <failure message="&apos;true&apos; != &apos;false&apos; expected:&lt;true&gt; but was:&lt;false&gt;" type="java.lang.AssertionError"><![CDATA[java.lang.AssertionError: 'true' != 'false' expected:<true> but was:<false>
	at RegressionTest18.test09022(RegressionTest18.java:183)
]]></failure>
  </testcase>
  <testcase name="test09023" classname="RegressionTest18" time="0"/>
  <testcase name="test09024" classname="RegressionTest18" time="0"/>
  <testcase name="test09025" classname="RegressionTest18" time="0"/>
  <testcase name="test09026" classname="RegressionTest18" time="0"/>
  <testcase name="test09027" classname="RegressionTest18" time="0"/>
  <testcase name="test09028" classname="RegressionTest18" time="0">
    <failure message="&apos;true&apos; != &apos;false&apos; expected:&lt;true&gt; but was:&lt;false&gt;" type="java.lang.AssertionError"><![CDATA[java.lang.AssertionError: 'true' != 'false' expected:<true> but was:<false>
	at RegressionTest18.test09028(RegressionTest18.java:231)
]]></failure>
  </testcase>
  <testcase name="test09029" classname="RegressionTest18" time="0">
    <failure message="&apos;true&apos; != &apos;false&apos; expected:&lt;true&gt; but was:&lt;false&gt;" type="java.lang.AssertionError"><![CDATA[java.lang.AssertionError: 'true' != 'false' expected:<true> but was:<false>
	at RegressionTest18.test09029(RegressionTest18.java:239)
]]></failure>
  </testcase>
  <testcase name="test09030" classname="RegressionTest18" time="0"/>
  <testcase name="test09031" classname="RegressionTest18" time="0"/>
  <testcase name="test09032" classname="RegressionTest18" time="0">
    <failure message="&apos;true&apos; != &apos;false&apos; expected:&lt;true&gt; but was:&lt;false&gt;" type="java.lang.AssertionError"><![CDATA[java.lang.AssertionError: 'true' != 'false' expected:<true> but was:<false>
	at RegressionTest18.test09032(RegressionTest18.java:263)
]]></failure>
  </testcase>
  <testcase name="test09033" classname="RegressionTest18" time="0"/>
  <testcase name="test09034" classname="RegressionTest18" time="0"/>
  <testcase name="test09035" classname="RegressionTest18" time="0"/>
  <testcase name="test09036" classname="RegressionTest18" time="0">
    <failure message="&apos;true&apos; != &apos;false&apos; expected:&lt;true&gt; but was:&lt;false&gt;" type="java.lang.AssertionError"><![CDATA[java.lang.AssertionError: 'true' != 'false' expected:<true> but was:<false>
	at RegressionTest18.test09036(RegressionTest18.java:295)
]]></failure>
  </testcase>
  <testcase name="test09037" classname="RegressionTest18" time="0"/>
  <testcase name="test09038" classname="RegressionTest18" time="0"/>
  <testcase name="test09039" classname="RegressionTest18" time="0"/>
  <testcase name="test09040" classname="RegressionTest18" time="0"/>
  <testcase name="test09041" classname="RegressionTest18" time="0"/>
  <testcase name="test09042" classname="RegressionTest18" time="0"/>
  <testcase name="test09043" classname="RegressionTest18" time="0">
    <failure message="&apos;true&apos; != &apos;false&apos; expected:&lt;true&gt; but was:&lt;false&gt;" type="java.lang.AssertionError"><![CDATA[java.lang.AssertionError: 'true' != 'false' expected:<true> but was:<false>
	at RegressionTest18.test09043(RegressionTest18.java:351)
]]></failure>
  </testcase>
  <testcase name="test09044" classname="RegressionTest18" time="0"/>
  <testcase name="test09045" classname="RegressionTest18" time="0"/>
  <testcase name="test09046" classname="RegressionTest18" time="0"/>
  <testcase name="test09047" classname="RegressionTest18" time="0"/>
  <testcase name="test09048" classname="RegressionTest18" time="0"/>
  <testcase name="test09049" classname="RegressionTest18" time="0"/>
  <testcase name="test09050" classname="RegressionTest18" time="0"/>
  <testcase name="test09051" classname="RegressionTest18" time="0"/>
  <testcase name="test09052" classname="RegressionTest18" time="0"/>
  <testcase name="test09053" classname="RegressionTest18" time="0"/>
  <testcase name="test09054" classname="RegressionTest18" time="0"/>
  <testcase name="test09055" classname="RegressionTest18" time="0.001"/>
  <testcase name="test09056" classname="RegressionTest18" time="0"/>
  <testcase name="test09057" classname="RegressionTest18" time="0"/>
  <testcase name="test09058" classname="RegressionTest18" time="0"/>
  <testcase name="test09059" classname="RegressionTest18" time="0"/>
  <testcase name="test09060" classname="RegressionTest18" time="0"/>
  <testcase name="test09061" classname="RegressionTest18" time="0"/>
  <testcase name="test09062" classname="RegressionTest18" time="0"/>
  <testcase name="test09063" classname="RegressionTest18" time="0"/>
  <testcase name="test09064" classname="RegressionTest18" time="0"/>
  <testcase name="test09065" classname="RegressionTest18" time="0"/>
  <testcase name="test09066" classname="RegressionTest18" time="0"/>
  <testcase name="test09067" classname="RegressionTest18" time="0"/>
  <testcase name="test09068" classname="RegressionTest18" time="0"/>
  <testcase name="test09069" classname="RegressionTest18" time="0"/>
  <testcase name="test09070" classname="RegressionTest18" time="0"/>
  <testcase name="test09071" classname="RegressionTest18" time="0"/>
  <testcase name="test09072" classname="RegressionTest18" time="0"/>
  <testcase name="test09073" classname="RegressionTest18" time="0"/>
  <testcase name="test09074" classname="RegressionTest18" time="0"/>
  <testcase name="test09075" classname="RegressionTest18" time="0"/>
  <testcase name="test09076" classname="RegressionTest18" time="0"/>
  <testcase name="test09077" classname="RegressionTest18" time="0"/>
  <testcase name="test09078" classname="RegressionTest18" time="0"/>
  <testcase name="test09079" classname="RegressionTest18" time="0"/>
  <testcase name="test09080" classname="RegressionTest18" time="0"/>
  <testcase name="test09081" classname="RegressionTest18" time="0"/>
  <testcase name="test09082" classname="RegressionTest18" time="0"/>
  <testcase name="test09083" classname="RegressionTest18" time="0"/>
  <testcase name="test09084" classname="RegressionTest18" time="0"/>
  <testcase name="test09085" classname="RegressionTest18" time="0"/>
  <testcase name="test09086" classname="RegressionTest18" time="0"/>
  <testcase name="test09087" classname="RegressionTest18" time="0"/>
  <testcase name="test09088" classname="RegressionTest18" time="0">
    <failure message="&apos;true&apos; != &apos;false&apos; expected:&lt;true&gt; but was:&lt;false&gt;" type="java.lang.AssertionError"><![CDATA[java.lang.AssertionError: 'true' != 'false' expected:<true> but was:<false>
	at RegressionTest18.test09088(RegressionTest18.java:711)
]]></failure>
  </testcase>
  <testcase name="test09089" classname="RegressionTest18" time="0"/>
  <testcase name="test09090" classname="RegressionTest18" time="0"/>
  <testcase name="test09091" classname="RegressionTest18" time="0"/>
  <testcase name="test09092" classname="RegressionTest18" time="0"/>
  <testcase name="test09093" classname="RegressionTest18" time="0"/>
  <testcase name="test09094" classname="RegressionTest18" time="0"/>
  <testcase name="test09095" classname="RegressionTest18" time="0"/>
  <testcase name="test09096" classname="RegressionTest18" time="0"/>
  <testcase name="test09097" classname="RegressionTest18" time="0"/>
  <testcase name="test09098" classname="RegressionTest18" time="0"/>
  <testcase name="test09099" classname="RegressionTest18" time="0"/>
  <testcase name="test09100" classname="RegressionTest18" time="0"/>
  <testcase name="test09101" classname="RegressionTest18" time="0"/>
  <testcase name="test09102" classname="RegressionTest18" time="0"/>
  <testcase name="test09103" classname="RegressionTest18" time="0"/>
  <testcase name="test09104" classname="RegressionTest18" time="0"/>
  <testcase name="test09105" classname="RegressionTest18" time="0.001"/>
  <testcase name="test09106" classname="RegressionTest18" time="0"/>
  <testcase name="test09107" classname="RegressionTest18" time="0"/>
  <testcase name="test09108" classname="RegressionTest18" time="0">
    <failure message="&apos;true&apos; != &apos;false&apos; expected:&lt;true&gt; but was:&lt;false&gt;" type="java.lang.AssertionError"><![CDATA[java.lang.AssertionError: 'true' != 'false' expected:<true> but was:<false>
	at RegressionTest18.test09108(RegressionTest18.java:871)
]]></failure>
  </testcase>
  <testcase name="test09109" classname="RegressionTest18" time="0"/>
  <testcase name="test09110" classname="RegressionTest18" time="0"/>
  <testcase name="test09111" classname="RegressionTest18" time="0"/>
  <testcase name="test09112" classname="RegressionTest18" time="0"/>
  <testcase name="test09113" classname="RegressionTest18" time="0"/>
  <testcase name="test09114" classname="RegressionTest18" time="0">
    <failure message="&apos;true&apos; != &apos;false&apos; expected:&lt;true&gt; but was:&lt;false&gt;" type="java.lang.AssertionError"><![CDATA[java.lang.AssertionError: 'true' != 'false' expected:<true> but was:<false>
	at RegressionTest18.test09114(RegressionTest18.java:919)
]]></failure>
  </testcase>
  <testcase name="test09115" classname="RegressionTest18" time="0"/>
  <testcase name="test09116" classname="RegressionTest18" time="0"/>
  <testcase name="test09117" classname="RegressionTest18" time="0"/>
  <testcase name="test09118" classname="RegressionTest18" time="0"/>
  <testcase name="test09119" classname="RegressionTest18" time="0"/>
  <testcase name="test09120" classname="RegressionTest18" time="0"/>
  <testcase name="test09121" classname="RegressionTest18" time="0"/>
  <testcase name="test09122" classname="RegressionTest18" time="0"/>
  <testcase name="test09123" classname="RegressionTest18" time="0"/>
  <testcase name="test09124" classname="RegressionTest18" time="0"/>
  <testcase name="test09125" classname="RegressionTest18" time="0"/>
  <testcase name="test09126" classname="RegressionTest18" time="0"/>
  <testcase name="test09127" classname="RegressionTest18" time="0">
    <failure message="&apos;true&apos; != &apos;false&apos; expected:&lt;true&gt; but was:&lt;false&gt;" type="java.lang.AssertionError"><![CDATA[java.lang.AssertionError: 'true' != 'false' expected:<true> but was:<false>
	at RegressionTest18.test09127(RegressionTest18.java:1023)
]]></failure>
  </testcase>
  <testcase name="test09128" classname="RegressionTest18" time="0"/>
  <testcase name="test09129" classname="RegressionTest18" time="0"/>
  <testcase name="test09130" classname="RegressionTest18" time="0"/>
  <testcase name="test09131" classname="RegressionTest18" time="0">
    <failure message="&apos;true&apos; != &apos;false&apos; expected:&lt;true&gt; but was:&lt;false&gt;" type="java.lang.AssertionError"><![CDATA[java.lang.AssertionError: 'true' != 'false' expected:<true> but was:<false>
	at RegressionTest18.test09131(RegressionTest18.java:1055)
]]></failure>
  </testcase>
  <testcase name="test09132" classname="RegressionTest18" time="0"/>
  <testcase name="test09133" classname="RegressionTest18" time="0"/>
  <testcase name="test09134" classname="RegressionTest18" time="0"/>
  <testcase name="test09135" classname="RegressionTest18" time="0"/>
  <testcase name="test09136" classname="RegressionTest18" time="0"/>
  <testcase name="test09137" classname="RegressionTest18" time="0"/>
  <testcase name="test09138" classname="RegressionTest18" time="0"/>
  <testcase name="test09139" classname="RegressionTest18" time="0"/>
  <testcase name="test09140" classname="RegressionTest18" time="0"/>
  <testcase name="test09141" classname="RegressionTest18" time="0">
    <failure message="&apos;true&apos; != &apos;false&apos; expected:&lt;true&gt; but was:&lt;false&gt;" type="java.lang.AssertionError"><![CDATA[java.lang.AssertionError: 'true' != 'false' expected:<true> but was:<false>
	at RegressionTest18.test09141(RegressionTest18.java:1135)
]]></failure>
  </testcase>
  <testcase name="test09142" classname="RegressionTest18" time="0"/>
  <testcase name="test09143" classname="RegressionTest18" time="0"/>
  <testcase name="test09144" classname="RegressionTest18" time="0"/>
  <testcase name="test09145" classname="RegressionTest18" time="0"/>
  <testcase name="test09146" classname="RegressionTest18" time="0">
    <failure message="&apos;true&apos; != &apos;false&apos; expected:&lt;true&gt; but was:&lt;false&gt;" type="java.lang.AssertionError"><![CDATA[java.lang.AssertionError: 'true' != 'false' expected:<true> but was:<false>
	at RegressionTest18.test09146(RegressionTest18.java:1175)
]]></failure>
  </testcase>
  <testcase name="test09147" classname="RegressionTest18" time="0.001"/>
  <testcase name="test09148" classname="RegressionTest18" time="0"/>
  <testcase name="test09149" classname="RegressionTest18" time="0"/>
  <testcase name="test09150" classname="RegressionTest18" time="0"/>
  <testcase name="test09151" classname="RegressionTest18" time="0"/>
  <testcase name="test09152" classname="RegressionTest18" time="0"/>
  <testcase name="test09153" classname="RegressionTest18" time="0"/>
  <testcase name="test09154" classname="RegressionTest18" time="0"/>
  <testcase name="test09155" classname="RegressionTest18" time="0"/>
  <testcase name="test09156" classname="RegressionTest18" time="0"/>
  <testcase name="test09157" classname="RegressionTest18" time="0"/>
  <testcase name="test09158" classname="RegressionTest18" time="0"/>
  <testcase name="test09159" classname="RegressionTest18" time="0"/>
  <testcase name="test09160" classname="RegressionTest18" time="0"/>
  <testcase name="test09161" classname="RegressionTest18" time="0"/>
  <testcase name="test09162" classname="RegressionTest18" time="0"/>
  <testcase name="test09163" classname="RegressionTest18" time="0">
    <failure message="&apos;true&apos; != &apos;false&apos; expected:&lt;true&gt; but was:&lt;false&gt;" type="java.lang.AssertionError"><![CDATA[java.lang.AssertionError: 'true' != 'false' expected:<true> but was:<false>
	at RegressionTest18.test09163(RegressionTest18.java:1311)
]]></failure>
  </testcase>
  <testcase name="test09164" classname="RegressionTest18" time="0"/>
  <testcase name="test09165" classname="RegressionTest18" time="0"/>
  <testcase name="test09166" classname="RegressionTest18" time="0"/>
  <testcase name="test09167" classname="RegressionTest18" time="0">
    <failure message="&apos;true&apos; != &apos;false&apos; expected:&lt;true&gt; but was:&lt;false&gt;" type="java.lang.AssertionError"><![CDATA[java.lang.AssertionError: 'true' != 'false' expected:<true> but was:<false>
	at RegressionTest18.test09167(RegressionTest18.java:1343)
]]></failure>
  </testcase>
  <testcase name="test09168" classname="RegressionTest18" time="0"/>
  <testcase name="test09169" classname="RegressionTest18" time="0"/>
  <testcase name="test09170" classname="RegressionTest18" time="0"/>
  <testcase name="test09171" classname="RegressionTest18" time="0"/>
  <testcase name="test09172" classname="RegressionTest18" time="0"/>
  <testcase name="test09173" classname="RegressionTest18" time="0"/>
  <testcase name="test09174" classname="RegressionTest18" time="0"/>
  <testcase name="test09175" classname="RegressionTest18" time="0"/>
  <testcase name="test09176" classname="RegressionTest18" time="0"/>
  <testcase name="test09177" classname="RegressionTest18" time="0"/>
  <testcase name="test09178" classname="RegressionTest18" time="0"/>
  <testcase name="test09179" classname="RegressionTest18" time="0"/>
  <testcase name="test09180" classname="RegressionTest18" time="0"/>
  <testcase name="test09181" classname="RegressionTest18" time="0"/>
  <testcase name="test09182" classname="RegressionTest18" time="0"/>
  <testcase name="test09183" classname="RegressionTest18" time="0"/>
  <testcase name="test09184" classname="RegressionTest18" time="0"/>
  <testcase name="test09185" classname="RegressionTest18" time="0"/>
  <testcase name="test09186" classname="RegressionTest18" time="0"/>
  <testcase name="test09187" classname="RegressionTest18" time="0"/>
  <testcase name="test09188" classname="RegressionTest18" time="0.001">
    <failure message="&apos;true&apos; != &apos;false&apos; expected:&lt;true&gt; but was:&lt;false&gt;" type="java.lang.AssertionError"><![CDATA[java.lang.AssertionError: 'true' != 'false' expected:<true> but was:<false>
	at RegressionTest18.test09188(RegressionTest18.java:1511)
]]></failure>
  </testcase>
  <testcase name="test09189" classname="RegressionTest18" time="0"/>
  <testcase name="test09190" classname="RegressionTest18" time="0"/>
  <testcase name="test09191" classname="RegressionTest18" time="0"/>
  <testcase name="test09192" classname="RegressionTest18" time="0"/>
  <testcase name="test09193" classname="RegressionTest18" time="0"/>
  <testcase name="test09194" classname="RegressionTest18" time="0"/>
  <testcase name="test09195" classname="RegressionTest18" time="0"/>
  <testcase name="test09196" classname="RegressionTest18" time="0"/>
  <testcase name="test09197" classname="RegressionTest18" time="0"/>
  <testcase name="test09198" classname="RegressionTest18" time="0"/>
  <testcase name="test09199" classname="RegressionTest18" time="0"/>
  <testcase name="test09200" classname="RegressionTest18" time="0"/>
  <testcase name="test09201" classname="RegressionTest18" time="0"/>
  <testcase name="test09202" classname="RegressionTest18" time="0"/>
  <testcase name="test09203" classname="RegressionTest18" time="0">
    <failure message="&apos;true&apos; != &apos;false&apos; expected:&lt;true&gt; but was:&lt;false&gt;" type="java.lang.AssertionError"><![CDATA[java.lang.AssertionError: 'true' != 'false' expected:<true> but was:<false>
	at RegressionTest18.test09203(RegressionTest18.java:1631)
]]></failure>
  </testcase>
  <testcase name="test09204" classname="RegressionTest18" time="0"/>
  <testcase name="test09205" classname="RegressionTest18" time="0"/>
  <testcase name="test09206" classname="RegressionTest18" time="0"/>
  <testcase name="test09207" classname="RegressionTest18" time="0"/>
  <testcase name="test09208" classname="RegressionTest18" time="0"/>
  <testcase name="test09209" classname="RegressionTest18" time="0"/>
  <testcase name="test09210" classname="RegressionTest18" time="0"/>
  <testcase name="test09211" classname="RegressionTest18" time="0">
    <failure message="&apos;true&apos; != &apos;false&apos; expected:&lt;true&gt; but was:&lt;false&gt;" type="java.lang.AssertionError"><![CDATA[java.lang.AssertionError: 'true' != 'false' expected:<true> but was:<false>
	at RegressionTest18.test09211(RegressionTest18.java:1695)
]]></failure>
  </testcase>
  <testcase name="test09212" classname="RegressionTest18" time="0"/>
  <testcase name="test09213" classname="RegressionTest18" time="0"/>
  <testcase name="test09214" classname="RegressionTest18" time="0">
    <failure message="&apos;true&apos; != &apos;false&apos; expected:&lt;true&gt; but was:&lt;false&gt;" type="java.lang.AssertionError"><![CDATA[java.lang.AssertionError: 'true' != 'false' expected:<true> but was:<false>
	at RegressionTest18.test09214(RegressionTest18.java:1719)
]]></failure>
  </testcase>
  <testcase name="test09215" classname="RegressionTest18" time="0"/>
  <testcase name="test09216" classname="RegressionTest18" time="0"/>
  <testcase name="test09217" classname="RegressionTest18" time="0"/>
  <testcase name="test09218" classname="RegressionTest18" time="0"/>
  <testcase name="test09219" classname="RegressionTest18" time="0"/>
  <testcase name="test09220" classname="RegressionTest18" time="0"/>
  <testcase name="test09221" classname="RegressionTest18" time="0"/>
  <testcase name="test09222" classname="RegressionTest18" time="0"/>
  <testcase name="test09223" classname="RegressionTest18" time="0"/>
  <testcase name="test09224" classname="RegressionTest18" time="0"/>
  <testcase name="test09225" classname="RegressionTest18" time="0"/>
  <testcase name="test09226" classname="RegressionTest18" time="0"/>
  <testcase name="test09227" classname="RegressionTest18" time="0"/>
  <testcase name="test09228" classname="RegressionTest18" time="0"/>
  <testcase name="test09229" classname="RegressionTest18" time="0"/>
  <testcase name="test09230" classname="RegressionTest18" time="0"/>
  <testcase name="test09231" classname="RegressionTest18" time="0"/>
  <testcase name="test09232" classname="RegressionTest18" time="0.001">
    <failure message="&apos;true&apos; != &apos;false&apos; expected:&lt;true&gt; but was:&lt;false&gt;" type="java.lang.AssertionError"><![CDATA[java.lang.AssertionError: 'true' != 'false' expected:<true> but was:<false>
	at RegressionTest18.test09232(RegressionTest18.java:1863)
]]></failure>
  </testcase>
  <testcase name="test09233" classname="RegressionTest18" time="0"/>
  <testcase name="test09234" classname="RegressionTest18" time="0">
    <failure message="&apos;true&apos; != &apos;false&apos; expected:&lt;true&gt; but was:&lt;false&gt;" type="java.lang.AssertionError"><![CDATA[java.lang.AssertionError: 'true' != 'false' expected:<true> but was:<false>
	at RegressionTest18.test09234(RegressionTest18.java:1879)
]]></failure>
  </testcase>
  <testcase name="test09235" classname="RegressionTest18" time="0"/>
  <testcase name="test09236" classname="RegressionTest18" time="0"/>
  <testcase name="test09237" classname="RegressionTest18" time="0"/>
  <testcase name="test09238" classname="RegressionTest18" time="0"/>
  <testcase name="test09239" classname="RegressionTest18" time="0"/>
  <testcase name="test09240" classname="RegressionTest18" time="0"/>
  <testcase name="test09241" classname="RegressionTest18" time="0"/>
  <testcase name="test09242" classname="RegressionTest18" time="0"/>
  <testcase name="test09243" classname="RegressionTest18" time="0"/>
  <testcase name="test09244" classname="RegressionTest18" time="0"/>
  <testcase name="test09245" classname="RegressionTest18" time="0"/>
  <testcase name="test09246" classname="RegressionTest18" time="0"/>
  <testcase name="test09247" classname="RegressionTest18" time="0"/>
  <testcase name="test09248" classname="RegressionTest18" time="0"/>
  <testcase name="test09249" classname="RegressionTest18" time="0"/>
  <testcase name="test09250" classname="RegressionTest18" time="0"/>
  <testcase name="test09251" classname="RegressionTest18" time="0"/>
  <testcase name="test09252" classname="RegressionTest18" time="0">
    <failure message="&apos;true&apos; != &apos;false&apos; expected:&lt;true&gt; but was:&lt;false&gt;" type="java.lang.AssertionError"><![CDATA[java.lang.AssertionError: 'true' != 'false' expected:<true> but was:<false>
	at RegressionTest18.test09252(RegressionTest18.java:2023)
]]></failure>
  </testcase>
  <testcase name="test09253" classname="RegressionTest18" time="0"/>
  <testcase name="test09254" classname="RegressionTest18" time="0"/>
  <testcase name="test09255" classname="RegressionTest18" time="0"/>
  <testcase name="test09256" classname="RegressionTest18" time="0"/>
  <testcase name="test09257" classname="RegressionTest18" time="0">
    <failure message="&apos;true&apos; != &apos;false&apos; expected:&lt;true&gt; but was:&lt;false&gt;" type="java.lang.AssertionError"><![CDATA[java.lang.AssertionError: 'true' != 'false' expected:<true> but was:<false>
	at RegressionTest18.test09257(RegressionTest18.java:2063)
]]></failure>
  </testcase>
  <testcase name="test09258" classname="RegressionTest18" time="0"/>
  <testcase name="test09259" classname="RegressionTest18" time="0"/>
  <testcase name="test09260" classname="RegressionTest18" time="0"/>
  <testcase name="test09261" classname="RegressionTest18" time="0"/>
  <testcase name="test09262" classname="RegressionTest18" time="0"/>
  <testcase name="test09263" classname="RegressionTest18" time="0"/>
  <testcase name="test09264" classname="RegressionTest18" time="0"/>
  <testcase name="test09265" classname="RegressionTest18" time="0"/>
  <testcase name="test09266" classname="RegressionTest18" time="0"/>
  <testcase name="test09267" classname="RegressionTest18" time="0"/>
  <testcase name="test09268" classname="RegressionTest18" time="0"/>
  <testcase name="test09269" classname="RegressionTest18" time="0"/>
  <testcase name="test09270" classname="RegressionTest18" time="0"/>
  <testcase name="test09271" classname="RegressionTest18" time="0"/>
  <testcase name="test09272" classname="RegressionTest18" time="0"/>
  <testcase name="test09273" classname="RegressionTest18" time="0"/>
  <testcase name="test09274" classname="RegressionTest18" time="0"/>
  <testcase name="test09275" classname="RegressionTest18" time="0"/>
  <testcase name="test09276" classname="RegressionTest18" time="0.001"/>
  <testcase name="test09277" classname="RegressionTest18" time="0"/>
  <testcase name="test09278" classname="RegressionTest18" time="0"/>
  <testcase name="test09279" classname="RegressionTest18" time="0"/>
  <testcase name="test09280" classname="RegressionTest18" time="0"/>
  <testcase name="test09281" classname="RegressionTest18" time="0"/>
  <testcase name="test09282" classname="RegressionTest18" time="0"/>
  <testcase name="test09283" classname="RegressionTest18" time="0">
    <failure message="&apos;true&apos; != &apos;false&apos; expected:&lt;true&gt; but was:&lt;false&gt;" type="java.lang.AssertionError"><![CDATA[java.lang.AssertionError: 'true' != 'false' expected:<true> but was:<false>
	at RegressionTest18.test09283(RegressionTest18.java:2271)
]]></failure>
  </testcase>
  <testcase name="test09284" classname="RegressionTest18" time="0"/>
  <testcase name="test09285" classname="RegressionTest18" time="0"/>
  <testcase name="test09286" classname="RegressionTest18" time="0"/>
  <testcase name="test09287" classname="RegressionTest18" time="0.003"/>
  <testcase name="test09288" classname="RegressionTest18" time="0"/>
  <testcase name="test09289" classname="RegressionTest18" time="0"/>
  <testcase name="test09290" classname="RegressionTest18" time="0"/>
  <testcase name="test09291" classname="RegressionTest18" time="0"/>
  <testcase name="test09292" classname="RegressionTest18" time="0"/>
  <testcase name="test09293" classname="RegressionTest18" time="0"/>
  <testcase name="test09294" classname="RegressionTest18" time="0"/>
  <testcase name="test09295" classname="RegressionTest18" time="0"/>
  <testcase name="test09296" classname="RegressionTest18" time="0"/>
  <testcase name="test09297" classname="RegressionTest18" time="0"/>
  <testcase name="test09298" classname="RegressionTest18" time="0.001"/>
  <testcase name="test09299" classname="RegressionTest18" time="0"/>
  <testcase name="test09300" classname="RegressionTest18" time="0"/>
  <testcase name="test09301" classname="RegressionTest18" time="0">
    <failure message="&apos;true&apos; != &apos;false&apos; expected:&lt;true&gt; but was:&lt;false&gt;" type="java.lang.AssertionError"><![CDATA[java.lang.AssertionError: 'true' != 'false' expected:<true> but was:<false>
	at RegressionTest18.test09301(RegressionTest18.java:2415)
]]></failure>
  </testcase>
  <testcase name="test09302" classname="RegressionTest18" time="0"/>
  <testcase name="test09303" classname="RegressionTest18" time="0"/>
  <testcase name="test09304" classname="RegressionTest18" time="0"/>
  <testcase name="test09305" classname="RegressionTest18" time="0"/>
  <testcase name="test09306" classname="RegressionTest18" time="0"/>
  <testcase name="test09307" classname="RegressionTest18" time="0"/>
  <testcase name="test09308" classname="RegressionTest18" time="0"/>
  <testcase name="test09309" classname="RegressionTest18" time="0"/>
  <testcase name="test09310" classname="RegressionTest18" time="0"/>
  <testcase name="test09311" classname="RegressionTest18" time="0"/>
  <testcase name="test09312" classname="RegressionTest18" time="0"/>
  <testcase name="test09313" classname="RegressionTest18" time="0"/>
  <testcase name="test09314" classname="RegressionTest18" time="0"/>
  <testcase name="test09315" classname="RegressionTest18" time="0">
    <failure message="&apos;true&apos; != &apos;false&apos; expected:&lt;true&gt; but was:&lt;false&gt;" type="java.lang.AssertionError"><![CDATA[java.lang.AssertionError: 'true' != 'false' expected:<true> but was:<false>
	at RegressionTest18.test09315(RegressionTest18.java:2527)
]]></failure>
  </testcase>
  <testcase name="test09316" classname="RegressionTest18" time="0"/>
  <testcase name="test09317" classname="RegressionTest18" time="0"/>
  <testcase name="test09318" classname="RegressionTest18" time="0"/>
  <testcase name="test09319" classname="RegressionTest18" time="0"/>
  <testcase name="test09320" classname="RegressionTest18" time="0"/>
  <testcase name="test09321" classname="RegressionTest18" time="0"/>
  <testcase name="test09322" classname="RegressionTest18" time="0"/>
  <testcase name="test09323" classname="RegressionTest18" time="0"/>
  <testcase name="test09324" classname="RegressionTest18" time="0"/>
  <testcase name="test09325" classname="RegressionTest18" time="0"/>
  <testcase name="test09326" classname="RegressionTest18" time="0"/>
  <testcase name="test09327" classname="RegressionTest18" time="0"/>
  <testcase name="test09328" classname="RegressionTest18" time="0"/>
  <testcase name="test09329" classname="RegressionTest18" time="0"/>
  <testcase name="test09330" classname="RegressionTest18" time="0"/>
  <testcase name="test09331" classname="RegressionTest18" time="0"/>
  <testcase name="test09332" classname="RegressionTest18" time="0"/>
  <testcase name="test09333" classname="RegressionTest18" time="0"/>
  <testcase name="test09334" classname="RegressionTest18" time="0"/>
  <testcase name="test09335" classname="RegressionTest18" time="0"/>
  <testcase name="test09336" classname="RegressionTest18" time="0"/>
  <testcase name="test09337" classname="RegressionTest18" time="0"/>
  <testcase name="test09338" classname="RegressionTest18" time="0"/>
  <testcase name="test09339" classname="RegressionTest18" time="0"/>
  <testcase name="test09340" classname="RegressionTest18" time="0.001">
    <failure message="&apos;true&apos; != &apos;false&apos; expected:&lt;true&gt; but was:&lt;false&gt;" type="java.lang.AssertionError"><![CDATA[java.lang.AssertionError: 'true' != 'false' expected:<true> but was:<false>
	at RegressionTest18.test09340(RegressionTest18.java:2727)
]]></failure>
  </testcase>
  <testcase name="test09341" classname="RegressionTest18" time="0">
    <failure message="&apos;true&apos; != &apos;false&apos; expected:&lt;true&gt; but was:&lt;false&gt;" type="java.lang.AssertionError"><![CDATA[java.lang.AssertionError: 'true' != 'false' expected:<true> but was:<false>
	at RegressionTest18.test09341(RegressionTest18.java:2735)
]]></failure>
  </testcase>
  <testcase name="test09342" classname="RegressionTest18" time="0"/>
  <testcase name="test09343" classname="RegressionTest18" time="0"/>
  <testcase name="test09344" classname="RegressionTest18" time="0">
    <failure message="&apos;true&apos; != &apos;false&apos; expected:&lt;true&gt; but was:&lt;false&gt;" type="java.lang.AssertionError"><![CDATA[java.lang.AssertionError: 'true' != 'false' expected:<true> but was:<false>
	at RegressionTest18.test09344(RegressionTest18.java:2759)
]]></failure>
  </testcase>
  <testcase name="test09345" classname="RegressionTest18" time="0"/>
  <testcase name="test09346" classname="RegressionTest18" time="0"/>
  <testcase name="test09347" classname="RegressionTest18" time="0"/>
  <testcase name="test09348" classname="RegressionTest18" time="0"/>
  <testcase name="test09349" classname="RegressionTest18" time="0"/>
  <testcase name="test09350" classname="RegressionTest18" time="0"/>
  <testcase name="test09351" classname="RegressionTest18" time="0"/>
  <testcase name="test09352" classname="RegressionTest18" time="0"/>
  <testcase name="test09353" classname="RegressionTest18" time="0">
    <failure message="&apos;true&apos; != &apos;false&apos; expected:&lt;true&gt; but was:&lt;false&gt;" type="java.lang.AssertionError"><![CDATA[java.lang.AssertionError: 'true' != 'false' expected:<true> but was:<false>
	at RegressionTest18.test09353(RegressionTest18.java:2831)
]]></failure>
  </testcase>
  <testcase name="test09354" classname="RegressionTest18" time="0"/>
  <testcase name="test09355" classname="RegressionTest18" time="0"/>
  <testcase name="test09356" classname="RegressionTest18" time="0"/>
  <testcase name="test09357" classname="RegressionTest18" time="0"/>
  <testcase name="test09358" classname="RegressionTest18" time="0"/>
  <testcase name="test09359" classname="RegressionTest18" time="0">
    <failure message="&apos;true&apos; != &apos;false&apos; expected:&lt;true&gt; but was:&lt;false&gt;" type="java.lang.AssertionError"><![CDATA[java.lang.AssertionError: 'true' != 'false' expected:<true> but was:<false>
	at RegressionTest18.test09359(RegressionTest18.java:2879)
]]></failure>
  </testcase>
  <testcase name="test09360" classname="RegressionTest18" time="0"/>
  <testcase name="test09361" classname="RegressionTest18" time="0"/>
  <testcase name="test09362" classname="RegressionTest18" time="0"/>
  <testcase name="test09363" classname="RegressionTest18" time="0"/>
  <testcase name="test09364" classname="RegressionTest18" time="0"/>
  <testcase name="test09365" classname="RegressionTest18" time="0"/>
  <testcase name="test09366" classname="RegressionTest18" time="0"/>
  <testcase name="test09367" classname="RegressionTest18" time="0"/>
  <testcase name="test09368" classname="RegressionTest18" time="0"/>
  <testcase name="test09369" classname="RegressionTest18" time="0"/>
  <testcase name="test09370" classname="RegressionTest18" time="0"/>
  <testcase name="test09371" classname="RegressionTest18" time="0"/>
  <testcase name="test09372" classname="RegressionTest18" time="0"/>
  <testcase name="test09373" classname="RegressionTest18" time="0"/>
  <testcase name="test09374" classname="RegressionTest18" time="0"/>
  <testcase name="test09375" classname="RegressionTest18" time="0"/>
  <testcase name="test09376" classname="RegressionTest18" time="0"/>
  <testcase name="test09377" classname="RegressionTest18" time="0"/>
  <testcase name="test09378" classname="RegressionTest18" time="0"/>
  <testcase name="test09379" classname="RegressionTest18" time="0"/>
  <testcase name="test09380" classname="RegressionTest18" time="0"/>
  <testcase name="test09381" classname="RegressionTest18" time="0">
    <failure message="&apos;true&apos; != &apos;false&apos; expected:&lt;true&gt; but was:&lt;false&gt;" type="java.lang.AssertionError"><![CDATA[java.lang.AssertionError: 'true' != 'false' expected:<true> but was:<false>
	at RegressionTest18.test09381(RegressionTest18.java:3055)
]]></failure>
  </testcase>
  <testcase name="test09382" classname="RegressionTest18" time="0.001">
    <failure message="&apos;true&apos; != &apos;false&apos; expected:&lt;true&gt; but was:&lt;false&gt;" type="java.lang.AssertionError"><![CDATA[java.lang.AssertionError: 'true' != 'false' expected:<true> but was:<false>
	at RegressionTest18.test09382(RegressionTest18.java:3063)
]]></failure>
  </testcase>
  <testcase name="test09383" classname="RegressionTest18" time="0">
    <failure message="&apos;true&apos; != &apos;false&apos; expected:&lt;true&gt; but was:&lt;false&gt;" type="java.lang.AssertionError"><![CDATA[java.lang.AssertionError: 'true' != 'false' expected:<true> but was:<false>
	at RegressionTest18.test09383(RegressionTest18.java:3071)
]]></failure>
  </testcase>
  <testcase name="test09384" classname="RegressionTest18" time="0"/>
  <testcase name="test09385" classname="RegressionTest18" time="0"/>
  <testcase name="test09386" classname="RegressionTest18" time="0"/>
  <testcase name="test09387" classname="RegressionTest18" time="0"/>
  <testcase name="test09388" classname="RegressionTest18" time="0"/>
  <testcase name="test09389" classname="RegressionTest18" time="0"/>
  <testcase name="test09390" classname="RegressionTest18" time="0"/>
  <testcase name="test09391" classname="RegressionTest18" time="0"/>
  <testcase name="test09392" classname="RegressionTest18" time="0">
    <failure message="&apos;true&apos; != &apos;false&apos; expected:&lt;true&gt; but was:&lt;false&gt;" type="java.lang.AssertionError"><![CDATA[java.lang.AssertionError: 'true' != 'false' expected:<true> but was:<false>
	at RegressionTest18.test09392(RegressionTest18.java:3143)
]]></failure>
  </testcase>
  <testcase name="test09393" classname="RegressionTest18" time="0"/>
  <testcase name="test09394" classname="RegressionTest18" time="0"/>
  <testcase name="test09395" classname="RegressionTest18" time="0"/>
  <testcase name="test09396" classname="RegressionTest18" time="0"/>
  <testcase name="test09397" classname="RegressionTest18" time="0"/>
  <testcase name="test09398" classname="RegressionTest18" time="0"/>
  <testcase name="test09399" classname="RegressionTest18" time="0"/>
  <testcase name="test09400" classname="RegressionTest18" time="0"/>
  <testcase name="test09401" classname="RegressionTest18" time="0"/>
  <testcase name="test09402" classname="RegressionTest18" time="0"/>
  <testcase name="test09403" classname="RegressionTest18" time="0"/>
  <testcase name="test09404" classname="RegressionTest18" time="0"/>
  <testcase name="test09405" classname="RegressionTest18" time="0"/>
  <testcase name="test09406" classname="RegressionTest18" time="0"/>
  <testcase name="test09407" classname="RegressionTest18" time="0"/>
  <testcase name="test09408" classname="RegressionTest18" time="0"/>
  <testcase name="test09409" classname="RegressionTest18" time="0"/>
  <testcase name="test09410" classname="RegressionTest18" time="0"/>
  <testcase name="test09411" classname="RegressionTest18" time="0"/>
  <testcase name="test09412" classname="RegressionTest18" time="0"/>
  <testcase name="test09413" classname="RegressionTest18" time="0"/>
  <testcase name="test09414" classname="RegressionTest18" time="0"/>
  <testcase name="test09415" classname="RegressionTest18" time="0"/>
  <testcase name="test09416" classname="RegressionTest18" time="0"/>
  <testcase name="test09417" classname="RegressionTest18" time="0"/>
  <testcase name="test09418" classname="RegressionTest18" time="0"/>
  <testcase name="test09419" classname="RegressionTest18" time="0"/>
  <testcase name="test09420" classname="RegressionTest18" time="0"/>
  <testcase name="test09421" classname="RegressionTest18" time="0"/>
  <testcase name="test09422" classname="RegressionTest18" time="0"/>
  <testcase name="test09423" classname="RegressionTest18" time="0"/>
  <testcase name="test09424" classname="RegressionTest18" time="0"/>
  <testcase name="test09425" classname="RegressionTest18" time="0"/>
  <testcase name="test09426" classname="RegressionTest18" time="0"/>
  <testcase name="test09427" classname="RegressionTest18" time="0"/>
  <testcase name="test09428" classname="RegressionTest18" time="0"/>
  <testcase name="test09429" classname="RegressionTest18" time="0"/>
  <testcase name="test09430" classname="RegressionTest18" time="0"/>
  <testcase name="test09431" classname="RegressionTest18" time="0">
    <failure message="&apos;true&apos; != &apos;false&apos; expected:&lt;true&gt; but was:&lt;false&gt;" type="java.lang.AssertionError"><![CDATA[java.lang.AssertionError: 'true' != 'false' expected:<true> but was:<false>
	at RegressionTest18.test09431(RegressionTest18.java:3455)
]]></failure>
  </testcase>
  <testcase name="test09432" classname="RegressionTest18" time="0.001">
    <failure message="&apos;true&apos; != &apos;false&apos; expected:&lt;true&gt; but was:&lt;false&gt;" type="java.lang.AssertionError"><![CDATA[java.lang.AssertionError: 'true' != 'false' expected:<true> but was:<false>
	at RegressionTest18.test09432(RegressionTest18.java:3463)
]]></failure>
  </testcase>
  <testcase name="test09433" classname="RegressionTest18" time="0"/>
  <testcase name="test09434" classname="RegressionTest18" time="0"/>
  <testcase name="test09435" classname="RegressionTest18" time="0"/>
  <testcase name="test09436" classname="RegressionTest18" time="0"/>
  <testcase name="test09437" classname="RegressionTest18" time="0"/>
  <testcase name="test09438" classname="RegressionTest18" time="0">
    <failure message="&apos;true&apos; != &apos;false&apos; expected:&lt;true&gt; but was:&lt;false&gt;" type="java.lang.AssertionError"><![CDATA[java.lang.AssertionError: 'true' != 'false' expected:<true> but was:<false>
	at RegressionTest18.test09438(RegressionTest18.java:3511)
]]></failure>
  </testcase>
  <testcase name="test09439" classname="RegressionTest18" time="0"/>
  <testcase name="test09440" classname="RegressionTest18" time="0"/>
  <testcase name="test09441" classname="RegressionTest18" time="0"/>
  <testcase name="test09442" classname="RegressionTest18" time="0"/>
  <testcase name="test09443" classname="RegressionTest18" time="0"/>
  <testcase name="test09444" classname="RegressionTest18" time="0"/>
  <testcase name="test09445" classname="RegressionTest18" time="0"/>
  <testcase name="test09446" classname="RegressionTest18" time="0"/>
  <testcase name="test09447" classname="RegressionTest18" time="0"/>
  <testcase name="test09448" classname="RegressionTest18" time="0"/>
  <testcase name="test09449" classname="RegressionTest18" time="0"/>
  <testcase name="test09450" classname="RegressionTest18" time="0"/>
  <testcase name="test09451" classname="RegressionTest18" time="0"/>
  <testcase name="test09452" classname="RegressionTest18" time="0"/>
  <testcase name="test09453" classname="RegressionTest18" time="0"/>
  <testcase name="test09454" classname="RegressionTest18" time="0"/>
  <testcase name="test09455" classname="RegressionTest18" time="0">
    <failure message="&apos;true&apos; != &apos;false&apos; expected:&lt;true&gt; but was:&lt;false&gt;" type="java.lang.AssertionError"><![CDATA[java.lang.AssertionError: 'true' != 'false' expected:<true> but was:<false>
	at RegressionTest18.test09455(RegressionTest18.java:3647)
]]></failure>
  </testcase>
  <testcase name="test09456" classname="RegressionTest18" time="0"/>
  <testcase name="test09457" classname="RegressionTest18" time="0"/>
  <testcase name="test09458" classname="RegressionTest18" time="0"/>
  <testcase name="test09459" classname="RegressionTest18" time="0"/>
  <testcase name="test09460" classname="RegressionTest18" time="0"/>
  <testcase name="test09461" classname="RegressionTest18" time="0"/>
  <testcase name="test09462" classname="RegressionTest18" time="0"/>
  <testcase name="test09463" classname="RegressionTest18" time="0"/>
  <testcase name="test09464" classname="RegressionTest18" time="0"/>
  <testcase name="test09465" classname="RegressionTest18" time="0"/>
  <testcase name="test09466" classname="RegressionTest18" time="0"/>
  <testcase name="test09467" classname="RegressionTest18" time="0"/>
  <testcase name="test09468" classname="RegressionTest18" time="0"/>
  <testcase name="test09469" classname="RegressionTest18" time="0"/>
  <testcase name="test09470" classname="RegressionTest18" time="0"/>
  <testcase name="test09471" classname="RegressionTest18" time="0"/>
  <testcase name="test09472" classname="RegressionTest18" time="0"/>
  <testcase name="test09473" classname="RegressionTest18" time="0"/>
  <testcase name="test09474" classname="RegressionTest18" time="0"/>
  <testcase name="test09475" classname="RegressionTest18" time="0"/>
  <testcase name="test09476" classname="RegressionTest18" time="0"/>
  <testcase name="test09477" classname="RegressionTest18" time="0"/>
  <testcase name="test09478" classname="RegressionTest18" time="0"/>
  <testcase name="test09479" classname="RegressionTest18" time="0"/>
  <testcase name="test09480" classname="RegressionTest18" time="0"/>
  <testcase name="test09481" classname="RegressionTest18" time="0"/>
  <testcase name="test09482" classname="RegressionTest18" time="0.001"/>
  <testcase name="test09483" classname="RegressionTest18" time="0"/>
  <testcase name="test09484" classname="RegressionTest18" time="0"/>
  <testcase name="test09485" classname="RegressionTest18" time="0"/>
  <testcase name="test09486" classname="RegressionTest18" time="0"/>
  <testcase name="test09487" classname="RegressionTest18" time="0"/>
  <testcase name="test09488" classname="RegressionTest18" time="0"/>
  <testcase name="test09489" classname="RegressionTest18" time="0"/>
  <testcase name="test09490" classname="RegressionTest18" time="0"/>
  <testcase name="test09491" classname="RegressionTest18" time="0"/>
  <testcase name="test09492" classname="RegressionTest18" time="0"/>
  <testcase name="test09493" classname="RegressionTest18" time="0"/>
  <testcase name="test09494" classname="RegressionTest18" time="0"/>
  <testcase name="test09495" classname="RegressionTest18" time="0"/>
  <testcase name="test09496" classname="RegressionTest18" time="0"/>
  <testcase name="test09497" classname="RegressionTest18" time="0"/>
  <testcase name="test09498" classname="RegressionTest18" time="0"/>
  <testcase name="test09499" classname="RegressionTest18" time="0"/>
  <testcase name="test09500" classname="RegressionTest18" time="0"/>
  <testcase name="test09501" classname="RegressionTest19" time="0"/>
  <testcase name="test09502" classname="RegressionTest19" time="0"/>
  <testcase name="test09503" classname="RegressionTest19" time="0"/>
  <testcase name="test09504" classname="RegressionTest19" time="0"/>
  <testcase name="test09505" classname="RegressionTest19" time="0">
    <failure message="&apos;true&apos; != &apos;false&apos; expected:&lt;true&gt; but was:&lt;false&gt;" type="java.lang.AssertionError"><![CDATA[java.lang.AssertionError: 'true' != 'false' expected:<true> but was:<false>
	at RegressionTest19.test09505(RegressionTest19.java:47)
]]></failure>
  </testcase>
  <testcase name="test09506" classname="RegressionTest19" time="0"/>
  <testcase name="test09507" classname="RegressionTest19" time="0"/>
  <testcase name="test09508" classname="RegressionTest19" time="0"/>
  <testcase name="test09509" classname="RegressionTest19" time="0"/>
  <testcase name="test09510" classname="RegressionTest19" time="0"/>
  <testcase name="test09511" classname="RegressionTest19" time="0"/>
  <testcase name="test09512" classname="RegressionTest19" time="0"/>
  <testcase name="test09513" classname="RegressionTest19" time="0"/>
  <testcase name="test09514" classname="RegressionTest19" time="0"/>
  <testcase name="test09515" classname="RegressionTest19" time="0"/>
  <testcase name="test09516" classname="RegressionTest19" time="0"/>
  <testcase name="test09517" classname="RegressionTest19" time="0"/>
  <testcase name="test09518" classname="RegressionTest19" time="0"/>
  <testcase name="test09519" classname="RegressionTest19" time="0"/>
  <testcase name="test09520" classname="RegressionTest19" time="0"/>
  <testcase name="test09521" classname="RegressionTest19" time="0"/>
  <testcase name="test09522" classname="RegressionTest19" time="0"/>
  <testcase name="test09523" classname="RegressionTest19" time="0"/>
  <testcase name="test09524" classname="RegressionTest19" time="0"/>
  <testcase name="test09525" classname="RegressionTest19" time="0"/>
  <testcase name="test09526" classname="RegressionTest19" time="0"/>
  <testcase name="test09527" classname="RegressionTest19" time="0"/>
  <testcase name="test09528" classname="RegressionTest19" time="0"/>
  <testcase name="test09529" classname="RegressionTest19" time="0"/>
  <testcase name="test09530" classname="RegressionTest19" time="0"/>
  <testcase name="test09531" classname="RegressionTest19" time="0"/>
  <testcase name="test09532" classname="RegressionTest19" time="0"/>
  <testcase name="test09533" classname="RegressionTest19" time="0"/>
  <testcase name="test09534" classname="RegressionTest19" time="0"/>
  <testcase name="test09535" classname="RegressionTest19" time="0"/>
  <testcase name="test09536" classname="RegressionTest19" time="0"/>
  <testcase name="test09537" classname="RegressionTest19" time="0"/>
  <testcase name="test09538" classname="RegressionTest19" time="0"/>
  <testcase name="test09539" classname="RegressionTest19" time="0"/>
  <testcase name="test09540" classname="RegressionTest19" time="0"/>
  <testcase name="test09541" classname="RegressionTest19" time="0"/>
  <testcase name="test09542" classname="RegressionTest19" time="0"/>
  <testcase name="test09543" classname="RegressionTest19" time="0"/>
  <testcase name="test09544" classname="RegressionTest19" time="0"/>
  <testcase name="test09545" classname="RegressionTest19" time="0"/>
  <testcase name="test09546" classname="RegressionTest19" time="0"/>
  <testcase name="test09547" classname="RegressionTest19" time="0"/>
  <testcase name="test09548" classname="RegressionTest19" time="0"/>
  <testcase name="test09549" classname="RegressionTest19" time="0">
    <failure message="&apos;true&apos; != &apos;false&apos; expected:&lt;true&gt; but was:&lt;false&gt;" type="java.lang.AssertionError"><![CDATA[java.lang.AssertionError: 'true' != 'false' expected:<true> but was:<false>
	at RegressionTest19.test09549(RegressionTest19.java:399)
]]></failure>
  </testcase>
  <testcase name="test09550" classname="RegressionTest19" time="0"/>
  <testcase name="test09551" classname="RegressionTest19" time="0"/>
  <testcase name="test09552" classname="RegressionTest19" time="0"/>
  <testcase name="test09553" classname="RegressionTest19" time="0"/>
  <testcase name="test09554" classname="RegressionTest19" time="0"/>
  <testcase name="test09555" classname="RegressionTest19" time="0"/>
  <testcase name="test09556" classname="RegressionTest19" time="0"/>
  <testcase name="test09557" classname="RegressionTest19" time="0"/>
  <testcase name="test09558" classname="RegressionTest19" time="0"/>
  <testcase name="test09559" classname="RegressionTest19" time="0"/>
  <testcase name="test09560" classname="RegressionTest19" time="0">
    <failure message="&apos;true&apos; != &apos;false&apos; expected:&lt;true&gt; but was:&lt;false&gt;" type="java.lang.AssertionError"><![CDATA[java.lang.AssertionError: 'true' != 'false' expected:<true> but was:<false>
	at RegressionTest19.test09560(RegressionTest19.java:487)
]]></failure>
  </testcase>
  <testcase name="test09561" classname="RegressionTest19" time="0"/>
  <testcase name="test09562" classname="RegressionTest19" time="0.001"/>
  <testcase name="test09563" classname="RegressionTest19" time="0"/>
  <testcase name="test09564" classname="RegressionTest19" time="0"/>
  <testcase name="test09565" classname="RegressionTest19" time="0">
    <failure message="&apos;true&apos; != &apos;false&apos; expected:&lt;true&gt; but was:&lt;false&gt;" type="java.lang.AssertionError"><![CDATA[java.lang.AssertionError: 'true' != 'false' expected:<true> but was:<false>
	at RegressionTest19.test09565(RegressionTest19.java:527)
]]></failure>
  </testcase>
  <testcase name="test09566" classname="RegressionTest19" time="0"/>
  <testcase name="test09567" classname="RegressionTest19" time="0"/>
  <testcase name="test09568" classname="RegressionTest19" time="0"/>
  <testcase name="test09569" classname="RegressionTest19" time="0"/>
  <testcase name="test09570" classname="RegressionTest19" time="0"/>
  <testcase name="test09571" classname="RegressionTest19" time="0"/>
  <testcase name="test09572" classname="RegressionTest19" time="0">
    <failure message="&apos;true&apos; != &apos;false&apos; expected:&lt;true&gt; but was:&lt;false&gt;" type="java.lang.AssertionError"><![CDATA[java.lang.AssertionError: 'true' != 'false' expected:<true> but was:<false>
	at RegressionTest19.test09572(RegressionTest19.java:583)
]]></failure>
  </testcase>
  <testcase name="test09573" classname="RegressionTest19" time="0"/>
  <testcase name="test09574" classname="RegressionTest19" time="0"/>
  <testcase name="test09575" classname="RegressionTest19" time="0"/>
  <testcase name="test09576" classname="RegressionTest19" time="0">
    <failure message="&apos;true&apos; != &apos;false&apos; expected:&lt;true&gt; but was:&lt;false&gt;" type="java.lang.AssertionError"><![CDATA[java.lang.AssertionError: 'true' != 'false' expected:<true> but was:<false>
	at RegressionTest19.test09576(RegressionTest19.java:615)
]]></failure>
  </testcase>
  <testcase name="test09577" classname="RegressionTest19" time="0"/>
  <testcase name="test09578" classname="RegressionTest19" time="0"/>
  <testcase name="test09579" classname="RegressionTest19" time="0"/>
  <testcase name="test09580" classname="RegressionTest19" time="0"/>
  <testcase name="test09581" classname="RegressionTest19" time="0"/>
  <testcase name="test09582" classname="RegressionTest19" time="0"/>
  <testcase name="test09583" classname="RegressionTest19" time="0"/>
  <testcase name="test09584" classname="RegressionTest19" time="0"/>
  <testcase name="test09585" classname="RegressionTest19" time="0">
    <failure message="&apos;true&apos; != &apos;false&apos; expected:&lt;true&gt; but was:&lt;false&gt;" type="java.lang.AssertionError"><![CDATA[java.lang.AssertionError: 'true' != 'false' expected:<true> but was:<false>
	at RegressionTest19.test09585(RegressionTest19.java:687)
]]></failure>
  </testcase>
  <testcase name="test09586" classname="RegressionTest19" time="0"/>
  <testcase name="test09587" classname="RegressionTest19" time="0"/>
  <testcase name="test09588" classname="RegressionTest19" time="0"/>
  <testcase name="test09589" classname="RegressionTest19" time="0"/>
  <testcase name="test09590" classname="RegressionTest19" time="0"/>
  <testcase name="test09591" classname="RegressionTest19" time="0"/>
  <testcase name="test09592" classname="RegressionTest19" time="0">
    <failure message="&apos;true&apos; != &apos;false&apos; expected:&lt;true&gt; but was:&lt;false&gt;" type="java.lang.AssertionError"><![CDATA[java.lang.AssertionError: 'true' != 'false' expected:<true> but was:<false>
	at RegressionTest19.test09592(RegressionTest19.java:743)
]]></failure>
  </testcase>
  <testcase name="test09593" classname="RegressionTest19" time="0"/>
  <testcase name="test09594" classname="RegressionTest19" time="0"/>
  <testcase name="test09595" classname="RegressionTest19" time="0"/>
  <testcase name="test09596" classname="RegressionTest19" time="0"/>
  <testcase name="test09597" classname="RegressionTest19" time="0"/>
  <testcase name="test09598" classname="RegressionTest19" time="0"/>
  <testcase name="test09599" classname="RegressionTest19" time="0"/>
  <testcase name="test09600" classname="RegressionTest19" time="0"/>
  <testcase name="test09601" classname="RegressionTest19" time="0"/>
  <testcase name="test09602" classname="RegressionTest19" time="0"/>
  <testcase name="test09603" classname="RegressionTest19" time="0"/>
  <testcase name="test09604" classname="RegressionTest19" time="0"/>
  <testcase name="test09605" classname="RegressionTest19" time="0">
    <failure message="&apos;true&apos; != &apos;false&apos; expected:&lt;true&gt; but was:&lt;false&gt;" type="java.lang.AssertionError"><![CDATA[java.lang.AssertionError: 'true' != 'false' expected:<true> but was:<false>
	at RegressionTest19.test09605(RegressionTest19.java:847)
]]></failure>
  </testcase>
  <testcase name="test09606" classname="RegressionTest19" time="0"/>
  <testcase name="test09607" classname="RegressionTest19" time="0.001"/>
  <testcase name="test09608" classname="RegressionTest19" time="0"/>
  <testcase name="test09609" classname="RegressionTest19" time="0"/>
  <testcase name="test09610" classname="RegressionTest19" time="0"/>
  <testcase name="test09611" classname="RegressionTest19" time="0"/>
  <testcase name="test09612" classname="RegressionTest19" time="0"/>
  <testcase name="test09613" classname="RegressionTest19" time="0"/>
  <testcase name="test09614" classname="RegressionTest19" time="0"/>
  <testcase name="test09615" classname="RegressionTest19" time="0"/>
  <testcase name="test09616" classname="RegressionTest19" time="0"/>
  <testcase name="test09617" classname="RegressionTest19" time="0">
    <failure message="&apos;true&apos; != &apos;false&apos; expected:&lt;true&gt; but was:&lt;false&gt;" type="java.lang.AssertionError"><![CDATA[java.lang.AssertionError: 'true' != 'false' expected:<true> but was:<false>
	at RegressionTest19.test09617(RegressionTest19.java:943)
]]></failure>
  </testcase>
  <testcase name="test09618" classname="RegressionTest19" time="0"/>
  <testcase name="test09619" classname="RegressionTest19" time="0"/>
  <testcase name="test09620" classname="RegressionTest19" time="0"/>
  <testcase name="test09621" classname="RegressionTest19" time="0"/>
  <testcase name="test09622" classname="RegressionTest19" time="0"/>
  <testcase name="test09623" classname="RegressionTest19" time="0"/>
  <testcase name="test09624" classname="RegressionTest19" time="0"/>
  <testcase name="test09625" classname="RegressionTest19" time="0"/>
  <testcase name="test09626" classname="RegressionTest19" time="0"/>
  <testcase name="test09627" classname="RegressionTest19" time="0"/>
  <testcase name="test09628" classname="RegressionTest19" time="0"/>
  <testcase name="test09629" classname="RegressionTest19" time="0"/>
  <testcase name="test09630" classname="RegressionTest19" time="0"/>
  <testcase name="test09631" classname="RegressionTest19" time="0"/>
  <testcase name="test09632" classname="RegressionTest19" time="0"/>
  <testcase name="test09633" classname="RegressionTest19" time="0"/>
  <testcase name="test09634" classname="RegressionTest19" time="0"/>
  <testcase name="test09635" classname="RegressionTest19" time="0"/>
  <testcase name="test09636" classname="RegressionTest19" time="0"/>
  <testcase name="test09637" classname="RegressionTest19" time="0"/>
  <testcase name="test09638" classname="RegressionTest19" time="0"/>
  <testcase name="test09639" classname="RegressionTest19" time="0"/>
  <testcase name="test09640" classname="RegressionTest19" time="0"/>
  <testcase name="test09641" classname="RegressionTest19" time="0"/>
  <testcase name="test09642" classname="RegressionTest19" time="0"/>
  <testcase name="test09643" classname="RegressionTest19" time="0"/>
  <testcase name="test09644" classname="RegressionTest19" time="0"/>
  <testcase name="test09645" classname="RegressionTest19" time="0">
    <failure message="&apos;true&apos; != &apos;false&apos; expected:&lt;true&gt; but was:&lt;false&gt;" type="java.lang.AssertionError"><![CDATA[java.lang.AssertionError: 'true' != 'false' expected:<true> but was:<false>
	at RegressionTest19.test09645(RegressionTest19.java:1167)
]]></failure>
  </testcase>
  <testcase name="test09646" classname="RegressionTest19" time="0.001"/>
  <testcase name="test09647" classname="RegressionTest19" time="0"/>
  <testcase name="test09648" classname="RegressionTest19" time="0"/>
  <testcase name="test09649" classname="RegressionTest19" time="0"/>
  <testcase name="test09650" classname="RegressionTest19" time="0"/>
  <testcase name="test09651" classname="RegressionTest19" time="0"/>
  <testcase name="test09652" classname="RegressionTest19" time="0"/>
  <testcase name="test09653" classname="RegressionTest19" time="0"/>
  <testcase name="test09654" classname="RegressionTest19" time="0"/>
  <testcase name="test09655" classname="RegressionTest19" time="0"/>
  <testcase name="test09656" classname="RegressionTest19" time="0"/>
  <testcase name="test09657" classname="RegressionTest19" time="0"/>
  <testcase name="test09658" classname="RegressionTest19" time="0">
    <failure message="&apos;true&apos; != &apos;false&apos; expected:&lt;true&gt; but was:&lt;false&gt;" type="java.lang.AssertionError"><![CDATA[java.lang.AssertionError: 'true' != 'false' expected:<true> but was:<false>
	at RegressionTest19.test09658(RegressionTest19.java:1271)
]]></failure>
  </testcase>
  <testcase name="test09659" classname="RegressionTest19" time="0"/>
  <testcase name="test09660" classname="RegressionTest19" time="0">
    <failure message="&apos;true&apos; != &apos;false&apos; expected:&lt;true&gt; but was:&lt;false&gt;" type="java.lang.AssertionError"><![CDATA[java.lang.AssertionError: 'true' != 'false' expected:<true> but was:<false>
	at RegressionTest19.test09660(RegressionTest19.java:1287)
]]></failure>
  </testcase>
  <testcase name="test09661" classname="RegressionTest19" time="0"/>
  <testcase name="test09662" classname="RegressionTest19" time="0"/>
  <testcase name="test09663" classname="RegressionTest19" time="0"/>
  <testcase name="test09664" classname="RegressionTest19" time="0"/>
  <testcase name="test09665" classname="RegressionTest19" time="0"/>
  <testcase name="test09666" classname="RegressionTest19" time="0"/>
  <testcase name="test09667" classname="RegressionTest19" time="0"/>
  <testcase name="test09668" classname="RegressionTest19" time="0"/>
  <testcase name="test09669" classname="RegressionTest19" time="0"/>
  <testcase name="test09670" classname="RegressionTest19" time="0"/>
  <testcase name="test09671" classname="RegressionTest19" time="0"/>
  <testcase name="test09672" classname="RegressionTest19" time="0.004">
    <failure message="&apos;true&apos; != &apos;false&apos; expected:&lt;true&gt; but was:&lt;false&gt;" type="java.lang.AssertionError"><![CDATA[java.lang.AssertionError: 'true' != 'false' expected:<true> but was:<false>
	at RegressionTest19.test09672(RegressionTest19.java:1383)
]]></failure>
  </testcase>
  <testcase name="test09673" classname="RegressionTest19" time="0"/>
  <testcase name="test09674" classname="RegressionTest19" time="0"/>
  <testcase name="test09675" classname="RegressionTest19" time="0"/>
  <testcase name="test09676" classname="RegressionTest19" time="0"/>
  <testcase name="test09677" classname="RegressionTest19" time="0"/>
  <testcase name="test09678" classname="RegressionTest19" time="0"/>
  <testcase name="test09679" classname="RegressionTest19" time="0"/>
  <testcase name="test09680" classname="RegressionTest19" time="0"/>
  <testcase name="test09681" classname="RegressionTest19" time="0"/>
  <testcase name="test09682" classname="RegressionTest19" time="0"/>
  <testcase name="test09683" classname="RegressionTest19" time="0"/>
  <testcase name="test09684" classname="RegressionTest19" time="0">
    <failure message="&apos;true&apos; != &apos;false&apos; expected:&lt;true&gt; but was:&lt;false&gt;" type="java.lang.AssertionError"><![CDATA[java.lang.AssertionError: 'true' != 'false' expected:<true> but was:<false>
	at RegressionTest19.test09684(RegressionTest19.java:1479)
]]></failure>
  </testcase>
  <testcase name="test09685" classname="RegressionTest19" time="0"/>
  <testcase name="test09686" classname="RegressionTest19" time="0"/>
  <testcase name="test09687" classname="RegressionTest19" time="0"/>
  <testcase name="test09688" classname="RegressionTest19" time="0"/>
  <testcase name="test09689" classname="RegressionTest19" time="0"/>
  <testcase name="test09690" classname="RegressionTest19" time="0"/>
  <testcase name="test09691" classname="RegressionTest19" time="0"/>
  <testcase name="test09692" classname="RegressionTest19" time="0"/>
  <testcase name="test09693" classname="RegressionTest19" time="0"/>
  <testcase name="test09694" classname="RegressionTest19" time="0"/>
  <testcase name="test09695" classname="RegressionTest19" time="0"/>
  <testcase name="test09696" classname="RegressionTest19" time="0"/>
  <testcase name="test09697" classname="RegressionTest19" time="0"/>
  <testcase name="test09698" classname="RegressionTest19" time="0"/>
  <testcase name="test09699" classname="RegressionTest19" time="0"/>
  <testcase name="test09700" classname="RegressionTest19" time="0"/>
  <testcase name="test09701" classname="RegressionTest19" time="0">
    <failure message="&apos;true&apos; != &apos;false&apos; expected:&lt;true&gt; but was:&lt;false&gt;" type="java.lang.AssertionError"><![CDATA[java.lang.AssertionError: 'true' != 'false' expected:<true> but was:<false>
	at RegressionTest19.test09701(RegressionTest19.java:1615)
]]></failure>
  </testcase>
  <testcase name="test09702" classname="RegressionTest19" time="0"/>
  <testcase name="test09703" classname="RegressionTest19" time="0"/>
  <testcase name="test09704" classname="RegressionTest19" time="0"/>
  <testcase name="test09705" classname="RegressionTest19" time="0"/>
  <testcase name="test09706" classname="RegressionTest19" time="0">
    <failure message="&apos;true&apos; != &apos;false&apos; expected:&lt;true&gt; but was:&lt;false&gt;" type="java.lang.AssertionError"><![CDATA[java.lang.AssertionError: 'true' != 'false' expected:<true> but was:<false>
	at RegressionTest19.test09706(RegressionTest19.java:1655)
]]></failure>
  </testcase>
  <testcase name="test09707" classname="RegressionTest19" time="0"/>
  <testcase name="test09708" classname="RegressionTest19" time="0"/>
  <testcase name="test09709" classname="RegressionTest19" time="0"/>
  <testcase name="test09710" classname="RegressionTest19" time="0"/>
  <testcase name="test09711" classname="RegressionTest19" time="0"/>
  <testcase name="test09712" classname="RegressionTest19" time="0"/>
  <testcase name="test09713" classname="RegressionTest19" time="0"/>
  <testcase name="test09714" classname="RegressionTest19" time="0"/>
  <testcase name="test09715" classname="RegressionTest19" time="0"/>
  <testcase name="test09716" classname="RegressionTest19" time="0"/>
  <testcase name="test09717" classname="RegressionTest19" time="0"/>
  <testcase name="test09718" classname="RegressionTest19" time="0"/>
  <testcase name="test09719" classname="RegressionTest19" time="0"/>
  <testcase name="test09720" classname="RegressionTest19" time="0"/>
  <testcase name="test09721" classname="RegressionTest19" time="0"/>
  <testcase name="test09722" classname="RegressionTest19" time="0"/>
  <testcase name="test09723" classname="RegressionTest19" time="0"/>
  <testcase name="test09724" classname="RegressionTest19" time="0"/>
  <testcase name="test09725" classname="RegressionTest19" time="0"/>
  <testcase name="test09726" classname="RegressionTest19" time="0"/>
  <testcase name="test09727" classname="RegressionTest19" time="0"/>
  <testcase name="test09728" classname="RegressionTest19" time="0"/>
  <testcase name="test09729" classname="RegressionTest19" time="0"/>
  <testcase name="test09730" classname="RegressionTest19" time="0"/>
  <testcase name="test09731" classname="RegressionTest19" time="0"/>
  <testcase name="test09732" classname="RegressionTest19" time="0"/>
  <testcase name="test09733" classname="RegressionTest19" time="0"/>
  <testcase name="test09734" classname="RegressionTest19" time="0"/>
  <testcase name="test09735" classname="RegressionTest19" time="0"/>
  <testcase name="test09736" classname="RegressionTest19" time="0"/>
  <testcase name="test09737" classname="RegressionTest19" time="0"/>
  <testcase name="test09738" classname="RegressionTest19" time="0"/>
  <testcase name="test09739" classname="RegressionTest19" time="0"/>
  <testcase name="test09740" classname="RegressionTest19" time="0"/>
  <testcase name="test09741" classname="RegressionTest19" time="0"/>
  <testcase name="test09742" classname="RegressionTest19" time="0"/>
  <testcase name="test09743" classname="RegressionTest19" time="0"/>
  <testcase name="test09744" classname="RegressionTest19" time="0"/>
  <testcase name="test09745" classname="RegressionTest19" time="0">
    <failure message="&apos;true&apos; != &apos;false&apos; expected:&lt;true&gt; but was:&lt;false&gt;" type="java.lang.AssertionError"><![CDATA[java.lang.AssertionError: 'true' != 'false' expected:<true> but was:<false>
	at RegressionTest19.test09745(RegressionTest19.java:1967)
]]></failure>
  </testcase>
  <testcase name="test09746" classname="RegressionTest19" time="0"/>
  <testcase name="test09747" classname="RegressionTest19" time="0"/>
  <testcase name="test09748" classname="RegressionTest19" time="0"/>
  <testcase name="test09749" classname="RegressionTest19" time="0"/>
  <testcase name="test09750" classname="RegressionTest19" time="0"/>
  <testcase name="test09751" classname="RegressionTest19" time="0"/>
  <testcase name="test09752" classname="RegressionTest19" time="0"/>
  <testcase name="test09753" classname="RegressionTest19" time="0"/>
  <testcase name="test09754" classname="RegressionTest19" time="0"/>
  <testcase name="test09755" classname="RegressionTest19" time="0"/>
  <testcase name="test09756" classname="RegressionTest19" time="0"/>
  <testcase name="test09757" classname="RegressionTest19" time="0"/>
  <testcase name="test09758" classname="RegressionTest19" time="0"/>
  <testcase name="test09759" classname="RegressionTest19" time="0">
    <failure message="&apos;true&apos; != &apos;false&apos; expected:&lt;true&gt; but was:&lt;false&gt;" type="java.lang.AssertionError"><![CDATA[java.lang.AssertionError: 'true' != 'false' expected:<true> but was:<false>
	at RegressionTest19.test09759(RegressionTest19.java:2079)
]]></failure>
  </testcase>
  <testcase name="test09760" classname="RegressionTest19" time="0">
    <failure message="&apos;true&apos; != &apos;false&apos; expected:&lt;true&gt; but was:&lt;false&gt;" type="java.lang.AssertionError"><![CDATA[java.lang.AssertionError: 'true' != 'false' expected:<true> but was:<false>
	at RegressionTest19.test09760(RegressionTest19.java:2087)
]]></failure>
  </testcase>
  <testcase name="test09761" classname="RegressionTest19" time="0"/>
  <testcase name="test09762" classname="RegressionTest19" time="0"/>
  <testcase name="test09763" classname="RegressionTest19" time="0"/>
  <testcase name="test09764" classname="RegressionTest19" time="0"/>
  <testcase name="test09765" classname="RegressionTest19" time="0"/>
  <testcase name="test09766" classname="RegressionTest19" time="0.001"/>
  <testcase name="test09767" classname="RegressionTest19" time="0"/>
  <testcase name="test09768" classname="RegressionTest19" time="0"/>
  <testcase name="test09769" classname="RegressionTest19" time="0">
    <failure message="&apos;true&apos; != &apos;false&apos; expected:&lt;true&gt; but was:&lt;false&gt;" type="java.lang.AssertionError"><![CDATA[java.lang.AssertionError: 'true' != 'false' expected:<true> but was:<false>
	at RegressionTest19.test09769(RegressionTest19.java:2159)
]]></failure>
  </testcase>
  <testcase name="test09770" classname="RegressionTest19" time="0"/>
  <testcase name="test09771" classname="RegressionTest19" time="0"/>
  <testcase name="test09772" classname="RegressionTest19" time="0"/>
  <testcase name="test09773" classname="RegressionTest19" time="0"/>
  <testcase name="test09774" classname="RegressionTest19" time="0"/>
  <testcase name="test09775" classname="RegressionTest19" time="0"/>
  <testcase name="test09776" classname="RegressionTest19" time="0"/>
  <testcase name="test09777" classname="RegressionTest19" time="0"/>
  <testcase name="test09778" classname="RegressionTest19" time="0"/>
  <testcase name="test09779" classname="RegressionTest19" time="0"/>
  <testcase name="test09780" classname="RegressionTest19" time="0"/>
  <testcase name="test09781" classname="RegressionTest19" time="0">
    <failure message="&apos;true&apos; != &apos;false&apos; expected:&lt;true&gt; but was:&lt;false&gt;" type="java.lang.AssertionError"><![CDATA[java.lang.AssertionError: 'true' != 'false' expected:<true> but was:<false>
	at RegressionTest19.test09781(RegressionTest19.java:2255)
]]></failure>
  </testcase>
  <testcase name="test09782" classname="RegressionTest19" time="0"/>
  <testcase name="test09783" classname="RegressionTest19" time="0"/>
  <testcase name="test09784" classname="RegressionTest19" time="0"/>
  <testcase name="test09785" classname="RegressionTest19" time="0"/>
  <testcase name="test09786" classname="RegressionTest19" time="0"/>
  <testcase name="test09787" classname="RegressionTest19" time="0"/>
  <testcase name="test09788" classname="RegressionTest19" time="0"/>
  <testcase name="test09789" classname="RegressionTest19" time="0"/>
  <testcase name="test09790" classname="RegressionTest19" time="0"/>
  <testcase name="test09791" classname="RegressionTest19" time="0"/>
  <testcase name="test09792" classname="RegressionTest19" time="0"/>
  <testcase name="test09793" classname="RegressionTest19" time="0"/>
  <testcase name="test09794" classname="RegressionTest19" time="0"/>
  <testcase name="test09795" classname="RegressionTest19" time="0"/>
  <testcase name="test09796" classname="RegressionTest19" time="0"/>
  <testcase name="test09797" classname="RegressionTest19" time="0"/>
  <testcase name="test09798" classname="RegressionTest19" time="0"/>
  <testcase name="test09799" classname="RegressionTest19" time="0"/>
  <testcase name="test09800" classname="RegressionTest19" time="0"/>
  <testcase name="test09801" classname="RegressionTest19" time="0"/>
  <testcase name="test09802" classname="RegressionTest19" time="0"/>
  <testcase name="test09803" classname="RegressionTest19" time="0"/>
  <testcase name="test09804" classname="RegressionTest19" time="0"/>
  <testcase name="test09805" classname="RegressionTest19" time="0"/>
  <testcase name="test09806" classname="RegressionTest19" time="0"/>
  <testcase name="test09807" classname="RegressionTest19" time="0"/>
  <testcase name="test09808" classname="RegressionTest19" time="0"/>
  <testcase name="test09809" classname="RegressionTest19" time="0"/>
  <testcase name="test09810" classname="RegressionTest19" time="0"/>
  <testcase name="test09811" classname="RegressionTest19" time="0"/>
  <testcase name="test09812" classname="RegressionTest19" time="0"/>
  <testcase name="test09813" classname="RegressionTest19" time="0"/>
  <testcase name="test09814" classname="RegressionTest19" time="0.001"/>
  <testcase name="test09815" classname="RegressionTest19" time="0"/>
  <testcase name="test09816" classname="RegressionTest19" time="0"/>
  <testcase name="test09817" classname="RegressionTest19" time="0"/>
  <testcase name="test09818" classname="RegressionTest19" time="0"/>
  <testcase name="test09819" classname="RegressionTest19" time="0"/>
  <testcase name="test09820" classname="RegressionTest19" time="0"/>
  <testcase name="test09821" classname="RegressionTest19" time="0"/>
  <testcase name="test09822" classname="RegressionTest19" time="0"/>
  <testcase name="test09823" classname="RegressionTest19" time="0"/>
  <testcase name="test09824" classname="RegressionTest19" time="0"/>
  <testcase name="test09825" classname="RegressionTest19" time="0"/>
  <testcase name="test09826" classname="RegressionTest19" time="0"/>
  <testcase name="test09827" classname="RegressionTest19" time="0"/>
  <testcase name="test09828" classname="RegressionTest19" time="0"/>
  <testcase name="test09829" classname="RegressionTest19" time="0"/>
  <testcase name="test09830" classname="RegressionTest19" time="0"/>
  <testcase name="test09831" classname="RegressionTest19" time="0"/>
  <testcase name="test09832" classname="RegressionTest19" time="0"/>
  <testcase name="test09833" classname="RegressionTest19" time="0"/>
  <testcase name="test09834" classname="RegressionTest19" time="0"/>
  <testcase name="test09835" classname="RegressionTest19" time="0"/>
  <testcase name="test09836" classname="RegressionTest19" time="0"/>
  <testcase name="test09837" classname="RegressionTest19" time="0"/>
  <testcase name="test09838" classname="RegressionTest19" time="0"/>
  <testcase name="test09839" classname="RegressionTest19" time="0"/>
  <testcase name="test09840" classname="RegressionTest19" time="0"/>
  <testcase name="test09841" classname="RegressionTest19" time="0"/>
  <testcase name="test09842" classname="RegressionTest19" time="0"/>
  <testcase name="test09843" classname="RegressionTest19" time="0"/>
  <testcase name="test09844" classname="RegressionTest19" time="0"/>
  <testcase name="test09845" classname="RegressionTest19" time="0"/>
  <testcase name="test09846" classname="RegressionTest19" time="0"/>
  <testcase name="test09847" classname="RegressionTest19" time="0"/>
  <testcase name="test09848" classname="RegressionTest19" time="0"/>
  <testcase name="test09849" classname="RegressionTest19" time="0"/>
  <testcase name="test09850" classname="RegressionTest19" time="0"/>
  <testcase name="test09851" classname="RegressionTest19" time="0">
    <failure message="&apos;true&apos; != &apos;false&apos; expected:&lt;true&gt; but was:&lt;false&gt;" type="java.lang.AssertionError"><![CDATA[java.lang.AssertionError: 'true' != 'false' expected:<true> but was:<false>
	at RegressionTest19.test09851(RegressionTest19.java:2815)
]]></failure>
  </testcase>
  <testcase name="test09852" classname="RegressionTest19" time="0"/>
  <testcase name="test09853" classname="RegressionTest19" time="0"/>
  <testcase name="test09854" classname="RegressionTest19" time="0"/>
  <testcase name="test09855" classname="RegressionTest19" time="0"/>
  <testcase name="test09856" classname="RegressionTest19" time="0">
    <failure message="&apos;true&apos; != &apos;false&apos; expected:&lt;true&gt; but was:&lt;false&gt;" type="java.lang.AssertionError"><![CDATA[java.lang.AssertionError: 'true' != 'false' expected:<true> but was:<false>
	at RegressionTest19.test09856(RegressionTest19.java:2855)
]]></failure>
  </testcase>
  <testcase name="test09857" classname="RegressionTest19" time="0"/>
  <testcase name="test09858" classname="RegressionTest19" time="0"/>
  <testcase name="test09859" classname="RegressionTest19" time="0"/>
  <testcase name="test09860" classname="RegressionTest19" time="0"/>
  <testcase name="test09861" classname="RegressionTest19" time="0"/>
  <testcase name="test09862" classname="RegressionTest19" time="0"/>
  <testcase name="test09863" classname="RegressionTest19" time="0"/>
  <testcase name="test09864" classname="RegressionTest19" time="0"/>
  <testcase name="test09865" classname="RegressionTest19" time="0"/>
  <testcase name="test09866" classname="RegressionTest19" time="0"/>
  <testcase name="test09867" classname="RegressionTest19" time="0">
    <failure message="&apos;true&apos; != &apos;false&apos; expected:&lt;true&gt; but was:&lt;false&gt;" type="java.lang.AssertionError"><![CDATA[java.lang.AssertionError: 'true' != 'false' expected:<true> but was:<false>
	at RegressionTest19.test09867(RegressionTest19.java:2943)
]]></failure>
  </testcase>
  <testcase name="test09868" classname="RegressionTest19" time="0"/>
  <testcase name="test09869" classname="RegressionTest19" time="0"/>
  <testcase name="test09870" classname="RegressionTest19" time="0"/>
  <testcase name="test09871" classname="RegressionTest19" time="0"/>
  <testcase name="test09872" classname="RegressionTest19" time="0"/>
  <testcase name="test09873" classname="RegressionTest19" time="0"/>
  <testcase name="test09874" classname="RegressionTest19" time="0"/>
  <testcase name="test09875" classname="RegressionTest19" time="0"/>
  <testcase name="test09876" classname="RegressionTest19" time="0"/>
  <testcase name="test09877" classname="RegressionTest19" time="0"/>
  <testcase name="test09878" classname="RegressionTest19" time="0"/>
  <testcase name="test09879" classname="RegressionTest19" time="0"/>
  <testcase name="test09880" classname="RegressionTest19" time="0"/>
  <testcase name="test09881" classname="RegressionTest19" time="0"/>
  <testcase name="test09882" classname="RegressionTest19" time="0"/>
  <testcase name="test09883" classname="RegressionTest19" time="0">
    <failure message="&apos;true&apos; != &apos;false&apos; expected:&lt;true&gt; but was:&lt;false&gt;" type="java.lang.AssertionError"><![CDATA[java.lang.AssertionError: 'true' != 'false' expected:<true> but was:<false>
	at RegressionTest19.test09883(RegressionTest19.java:3071)
]]></failure>
  </testcase>
  <testcase name="test09884" classname="RegressionTest19" time="0"/>
  <testcase name="test09885" classname="RegressionTest19" time="0"/>
  <testcase name="test09886" classname="RegressionTest19" time="0"/>
  <testcase name="test09887" classname="RegressionTest19" time="0"/>
  <testcase name="test09888" classname="RegressionTest19" time="0"/>
  <testcase name="test09889" classname="RegressionTest19" time="0"/>
  <testcase name="test09890" classname="RegressionTest19" time="0"/>
  <testcase name="test09891" classname="RegressionTest19" time="0"/>
  <testcase name="test09892" classname="RegressionTest19" time="0"/>
  <testcase name="test09893" classname="RegressionTest19" time="0"/>
  <testcase name="test09894" classname="RegressionTest19" time="0"/>
  <testcase name="test09895" classname="RegressionTest19" time="0"/>
  <testcase name="test09896" classname="RegressionTest19" time="0"/>
  <testcase name="test09897" classname="RegressionTest19" time="0"/>
  <testcase name="test09898" classname="RegressionTest19" time="0"/>
  <testcase name="test09899" classname="RegressionTest19" time="0"/>
  <testcase name="test09900" classname="RegressionTest19" time="0"/>
  <testcase name="test09901" classname="RegressionTest19" time="0"/>
  <testcase name="test09902" classname="RegressionTest19" time="0"/>
  <testcase name="test09903" classname="RegressionTest19" time="0"/>
  <testcase name="test09904" classname="RegressionTest19" time="0"/>
  <testcase name="test09905" classname="RegressionTest19" time="0"/>
  <testcase name="test09906" classname="RegressionTest19" time="0"/>
  <testcase name="test09907" classname="RegressionTest19" time="0"/>
  <testcase name="test09908" classname="RegressionTest19" time="0"/>
  <testcase name="test09909" classname="RegressionTest19" time="0"/>
  <testcase name="test09910" classname="RegressionTest19" time="0"/>
  <testcase name="test09911" classname="RegressionTest19" time="0.001"/>
  <testcase name="test09912" classname="RegressionTest19" time="0"/>
  <testcase name="test09913" classname="RegressionTest19" time="0"/>
  <testcase name="test09914" classname="RegressionTest19" time="0"/>
  <testcase name="test09915" classname="RegressionTest19" time="0"/>
  <testcase name="test09916" classname="RegressionTest19" time="0"/>
  <testcase name="test09917" classname="RegressionTest19" time="0"/>
  <testcase name="test09918" classname="RegressionTest19" time="0"/>
  <testcase name="test09919" classname="RegressionTest19" time="0"/>
  <testcase name="test09920" classname="RegressionTest19" time="0"/>
  <testcase name="test09921" classname="RegressionTest19" time="0"/>
  <testcase name="test09922" classname="RegressionTest19" time="0"/>
  <testcase name="test09923" classname="RegressionTest19" time="0"/>
  <testcase name="test09924" classname="RegressionTest19" time="0"/>
  <testcase name="test09925" classname="RegressionTest19" time="0"/>
  <testcase name="test09926" classname="RegressionTest19" time="0"/>
  <testcase name="test09927" classname="RegressionTest19" time="0"/>
  <testcase name="test09928" classname="RegressionTest19" time="0">
    <failure message="&apos;true&apos; != &apos;false&apos; expected:&lt;true&gt; but was:&lt;false&gt;" type="java.lang.AssertionError"><![CDATA[java.lang.AssertionError: 'true' != 'false' expected:<true> but was:<false>
	at RegressionTest19.test09928(RegressionTest19.java:3431)
]]></failure>
  </testcase>
  <testcase name="test09929" classname="RegressionTest19" time="0"/>
  <testcase name="test09930" classname="RegressionTest19" time="0"/>
  <testcase name="test09931" classname="RegressionTest19" time="0"/>
  <testcase name="test09932" classname="RegressionTest19" time="0"/>
  <testcase name="test09933" classname="RegressionTest19" time="0"/>
  <testcase name="test09934" classname="RegressionTest19" time="0"/>
  <testcase name="test09935" classname="RegressionTest19" time="0"/>
  <testcase name="test09936" classname="RegressionTest19" time="0"/>
  <testcase name="test09937" classname="RegressionTest19" time="0"/>
  <testcase name="test09938" classname="RegressionTest19" time="0"/>
  <testcase name="test09939" classname="RegressionTest19" time="0"/>
  <testcase name="test09940" classname="RegressionTest19" time="0"/>
  <testcase name="test09941" classname="RegressionTest19" time="0"/>
  <testcase name="test09942" classname="RegressionTest19" time="0"/>
  <testcase name="test09943" classname="RegressionTest19" time="0"/>
  <testcase name="test09944" classname="RegressionTest19" time="0"/>
  <testcase name="test09945" classname="RegressionTest19" time="0">
    <failure message="&apos;true&apos; != &apos;false&apos; expected:&lt;true&gt; but was:&lt;false&gt;" type="java.lang.AssertionError"><![CDATA[java.lang.AssertionError: 'true' != 'false' expected:<true> but was:<false>
	at RegressionTest19.test09945(RegressionTest19.java:3567)
]]></failure>
  </testcase>
  <testcase name="test09946" classname="RegressionTest19" time="0"/>
  <testcase name="test09947" classname="RegressionTest19" time="0"/>
  <testcase name="test09948" classname="RegressionTest19" time="0"/>
  <testcase name="test09949" classname="RegressionTest19" time="0"/>
  <testcase name="test09950" classname="RegressionTest19" time="0"/>
  <testcase name="test09951" classname="RegressionTest19" time="0"/>
  <testcase name="test09952" classname="RegressionTest19" time="0">
    <failure message="&apos;true&apos; != &apos;false&apos; expected:&lt;true&gt; but was:&lt;false&gt;" type="java.lang.AssertionError"><![CDATA[java.lang.AssertionError: 'true' != 'false' expected:<true> but was:<false>
	at RegressionTest19.test09952(RegressionTest19.java:3623)
]]></failure>
  </testcase>
  <testcase name="test09953" classname="RegressionTest19" time="0">
    <failure message="&apos;true&apos; != &apos;false&apos; expected:&lt;true&gt; but was:&lt;false&gt;" type="java.lang.AssertionError"><![CDATA[java.lang.AssertionError: 'true' != 'false' expected:<true> but was:<false>
	at RegressionTest19.test09953(RegressionTest19.java:3631)
]]></failure>
  </testcase>
  <testcase name="test09954" classname="RegressionTest19" time="0"/>
  <testcase name="test09955" classname="RegressionTest19" time="0"/>
  <testcase name="test09956" classname="RegressionTest19" time="0"/>
  <testcase name="test09957" classname="RegressionTest19" time="0"/>
  <testcase name="test09958" classname="RegressionTest19" time="0"/>
  <testcase name="test09959" classname="RegressionTest19" time="0"/>
  <testcase name="test09960" classname="RegressionTest19" time="0.001"/>
  <testcase name="test09961" classname="RegressionTest19" time="0"/>
  <testcase name="test09962" classname="RegressionTest19" time="0"/>
  <testcase name="test09963" classname="RegressionTest19" time="0"/>
  <testcase name="test09964" classname="RegressionTest19" time="0"/>
  <testcase name="test09965" classname="RegressionTest19" time="0"/>
  <testcase name="test09966" classname="RegressionTest19" time="0"/>
  <testcase name="test09967" classname="RegressionTest19" time="0"/>
  <testcase name="test09968" classname="RegressionTest19" time="0"/>
  <testcase name="test09969" classname="RegressionTest19" time="0">
    <failure message="&apos;true&apos; != &apos;false&apos; expected:&lt;true&gt; but was:&lt;false&gt;" type="java.lang.AssertionError"><![CDATA[java.lang.AssertionError: 'true' != 'false' expected:<true> but was:<false>
	at RegressionTest19.test09969(RegressionTest19.java:3759)
]]></failure>
  </testcase>
  <testcase name="test09970" classname="RegressionTest19" time="0"/>
  <testcase name="test09971" classname="RegressionTest19" time="0"/>
  <testcase name="test09972" classname="RegressionTest19" time="0"/>
  <testcase name="test09973" classname="RegressionTest19" time="0"/>
  <testcase name="test09974" classname="RegressionTest19" time="0"/>
  <testcase name="test09975" classname="RegressionTest19" time="0"/>
  <testcase name="test09976" classname="RegressionTest19" time="0"/>
  <testcase name="test09977" classname="RegressionTest19" time="0"/>
  <testcase name="test09978" classname="RegressionTest19" time="0"/>
  <testcase name="test09979" classname="RegressionTest19" time="0"/>
  <testcase name="test09980" classname="RegressionTest19" time="0"/>
  <testcase name="test09981" classname="RegressionTest19" time="0"/>
  <testcase name="test09982" classname="RegressionTest19" time="0"/>
  <testcase name="test09983" classname="RegressionTest19" time="0"/>
  <testcase name="test09984" classname="RegressionTest19" time="0"/>
  <testcase name="test09985" classname="RegressionTest19" time="0"/>
  <testcase name="test09986" classname="RegressionTest19" time="0"/>
  <testcase name="test09987" classname="RegressionTest19" time="0"/>
  <testcase name="test09988" classname="RegressionTest19" time="0"/>
  <testcase name="test09989" classname="RegressionTest19" time="0"/>
  <testcase name="test09990" classname="RegressionTest19" time="0"/>
  <testcase name="test09991" classname="RegressionTest19" time="0"/>
  <testcase name="test09992" classname="RegressionTest19" time="0">
    <failure message="&apos;true&apos; != &apos;false&apos; expected:&lt;true&gt; but was:&lt;false&gt;" type="java.lang.AssertionError"><![CDATA[java.lang.AssertionError: 'true' != 'false' expected:<true> but was:<false>
	at RegressionTest19.test09992(RegressionTest19.java:3943)
]]></failure>
  </testcase>
  <testcase name="test09993" classname="RegressionTest19" time="0"/>
  <testcase name="test09994" classname="RegressionTest19" time="0"/>
  <testcase name="test09995" classname="RegressionTest19" time="0"/>
  <testcase name="test09996" classname="RegressionTest19" time="0"/>
  <testcase name="test09997" classname="RegressionTest19" time="0"/>
  <testcase name="test09998" classname="RegressionTest19" time="0"/>
  <testcase name="test09999" classname="RegressionTest19" time="0"/>
  <testcase name="test10000" classname="RegressionTest19" time="0"/>
  <testcase name="test10001" classname="RegressionTest20" time="0"/>
  <testcase name="test10002" classname="RegressionTest20" time="0"/>
  <testcase name="test10003" classname="RegressionTest20" time="0"/>
  <testcase name="test10004" classname="RegressionTest20" time="0"/>
  <testcase name="test10005" classname="RegressionTest20" time="0"/>
  <testcase name="test10006" classname="RegressionTest20" time="0"/>
  <testcase name="test10007" classname="RegressionTest20" time="0"/>
  <testcase name="test10008" classname="RegressionTest20" time="0"/>
  <testcase name="test10009" classname="RegressionTest20" time="0">
    <failure message="&apos;true&apos; != &apos;false&apos; expected:&lt;true&gt; but was:&lt;false&gt;" type="java.lang.AssertionError"><![CDATA[java.lang.AssertionError: 'true' != 'false' expected:<true> but was:<false>
	at RegressionTest20.test10009(RegressionTest20.java:79)
]]></failure>
  </testcase>
  <testcase name="test10010" classname="RegressionTest20" time="0">
    <failure message="&apos;true&apos; != &apos;false&apos; expected:&lt;true&gt; but was:&lt;false&gt;" type="java.lang.AssertionError"><![CDATA[java.lang.AssertionError: 'true' != 'false' expected:<true> but was:<false>
	at RegressionTest20.test10010(RegressionTest20.java:87)
]]></failure>
  </testcase>
  <testcase name="test10011" classname="RegressionTest20" time="0"/>
  <testcase name="test10012" classname="RegressionTest20" time="0"/>
  <testcase name="test10013" classname="RegressionTest20" time="0">
    <failure message="&apos;true&apos; != &apos;false&apos; expected:&lt;true&gt; but was:&lt;false&gt;" type="java.lang.AssertionError"><![CDATA[java.lang.AssertionError: 'true' != 'false' expected:<true> but was:<false>
	at RegressionTest20.test10013(RegressionTest20.java:111)
]]></failure>
  </testcase>
  <testcase name="test10014" classname="RegressionTest20" time="0">
    <failure message="&apos;true&apos; != &apos;false&apos; expected:&lt;true&gt; but was:&lt;false&gt;" type="java.lang.AssertionError"><![CDATA[java.lang.AssertionError: 'true' != 'false' expected:<true> but was:<false>
	at RegressionTest20.test10014(RegressionTest20.java:119)
]]></failure>
  </testcase>
  <testcase name="test10015" classname="RegressionTest20" time="0"/>
  <testcase name="test10016" classname="RegressionTest20" time="0"/>
  <testcase name="test10017" classname="RegressionTest20" time="0"/>
  <testcase name="test10018" classname="RegressionTest20" time="0"/>
  <testcase name="test10019" classname="RegressionTest20" time="0"/>
  <testcase name="test10020" classname="RegressionTest20" time="0"/>
  <testcase name="test10021" classname="RegressionTest20" time="0"/>
  <testcase name="test10022" classname="RegressionTest20" time="0"/>
  <testcase name="test10023" classname="RegressionTest20" time="0"/>
  <testcase name="test10024" classname="RegressionTest20" time="0"/>
  <testcase name="test10025" classname="RegressionTest20" time="0"/>
  <testcase name="test10026" classname="RegressionTest20" time="0"/>
  <testcase name="test10027" classname="RegressionTest20" time="0"/>
  <testcase name="test10028" classname="RegressionTest20" time="0"/>
  <testcase name="test10029" classname="RegressionTest20" time="0"/>
  <testcase name="test10030" classname="RegressionTest20" time="0"/>
  <testcase name="test10031" classname="RegressionTest20" time="0"/>
  <testcase name="test10032" classname="RegressionTest20" time="0"/>
  <testcase name="test10033" classname="RegressionTest20" time="0"/>
  <testcase name="test10034" classname="RegressionTest20" time="0"/>
  <testcase name="test10035" classname="RegressionTest20" time="0"/>
  <testcase name="test10036" classname="RegressionTest20" time="0"/>
  <testcase name="test10037" classname="RegressionTest20" time="0"/>
  <testcase name="test10038" classname="RegressionTest20" time="0.001">
    <failure message="&apos;true&apos; != &apos;false&apos; expected:&lt;true&gt; but was:&lt;false&gt;" type="java.lang.AssertionError"><![CDATA[java.lang.AssertionError: 'true' != 'false' expected:<true> but was:<false>
	at RegressionTest20.test10038(RegressionTest20.java:311)
]]></failure>
  </testcase>
  <testcase name="test10039" classname="RegressionTest20" time="0"/>
  <testcase name="test10040" classname="RegressionTest20" time="0"/>
  <testcase name="test10041" classname="RegressionTest20" time="0"/>
  <testcase name="test10042" classname="RegressionTest20" time="0"/>
  <testcase name="test10043" classname="RegressionTest20" time="0"/>
  <testcase name="test10044" classname="RegressionTest20" time="0"/>
  <testcase name="test10045" classname="RegressionTest20" time="0"/>
  <testcase name="test10046" classname="RegressionTest20" time="0"/>
  <testcase name="test10047" classname="RegressionTest20" time="0"/>
  <testcase name="test10048" classname="RegressionTest20" time="0"/>
  <testcase name="test10049" classname="RegressionTest20" time="0"/>
  <testcase name="test10050" classname="RegressionTest20" time="0"/>
  <testcase name="test10051" classname="RegressionTest20" time="0"/>
  <testcase name="test10052" classname="RegressionTest20" time="0">
    <failure message="&apos;true&apos; != &apos;false&apos; expected:&lt;true&gt; but was:&lt;false&gt;" type="java.lang.AssertionError"><![CDATA[java.lang.AssertionError: 'true' != 'false' expected:<true> but was:<false>
	at RegressionTest20.test10052(RegressionTest20.java:423)
]]></failure>
  </testcase>
  <testcase name="test10053" classname="RegressionTest20" time="0"/>
  <testcase name="test10054" classname="RegressionTest20" time="0"/>
  <testcase name="test10055" classname="RegressionTest20" time="0">
    <failure message="&apos;true&apos; != &apos;false&apos; expected:&lt;true&gt; but was:&lt;false&gt;" type="java.lang.AssertionError"><![CDATA[java.lang.AssertionError: 'true' != 'false' expected:<true> but was:<false>
	at RegressionTest20.test10055(RegressionTest20.java:447)
]]></failure>
  </testcase>
  <testcase name="test10056" classname="RegressionTest20" time="0"/>
  <testcase name="test10057" classname="RegressionTest20" time="0"/>
  <testcase name="test10058" classname="RegressionTest20" time="0"/>
  <testcase name="test10059" classname="RegressionTest20" time="0"/>
  <testcase name="test10060" classname="RegressionTest20" time="0"/>
  <testcase name="test10061" classname="RegressionTest20" time="0"/>
  <testcase name="test10062" classname="RegressionTest20" time="0"/>
  <testcase name="test10063" classname="RegressionTest20" time="0"/>
  <testcase name="test10064" classname="RegressionTest20" time="0"/>
  <testcase name="test10065" classname="RegressionTest20" time="0"/>
  <testcase name="test10066" classname="RegressionTest20" time="0"/>
  <testcase name="test10067" classname="RegressionTest20" time="0"/>
  <testcase name="test10068" classname="RegressionTest20" time="0"/>
  <testcase name="test10069" classname="RegressionTest20" time="0"/>
  <testcase name="test10070" classname="RegressionTest20" time="0"/>
  <testcase name="test10071" classname="RegressionTest20" time="0"/>
  <testcase name="test10072" classname="RegressionTest20" time="0"/>
  <testcase name="test10073" classname="RegressionTest20" time="0"/>
  <testcase name="test10074" classname="RegressionTest20" time="0"/>
  <testcase name="test10075" classname="RegressionTest20" time="0"/>
  <testcase name="test10076" classname="RegressionTest20" time="0">
    <failure message="&apos;true&apos; != &apos;false&apos; expected:&lt;true&gt; but was:&lt;false&gt;" type="java.lang.AssertionError"><![CDATA[java.lang.AssertionError: 'true' != 'false' expected:<true> but was:<false>
	at RegressionTest20.test10076(RegressionTest20.java:615)
]]></failure>
  </testcase>
  <testcase name="test10077" classname="RegressionTest20" time="0"/>
  <testcase name="test10078" classname="RegressionTest20" time="0"/>
  <testcase name="test10079" classname="RegressionTest20" time="0"/>
  <testcase name="test10080" classname="RegressionTest20" time="0.001">
    <failure message="&apos;true&apos; != &apos;false&apos; expected:&lt;true&gt; but was:&lt;false&gt;" type="java.lang.AssertionError"><![CDATA[java.lang.AssertionError: 'true' != 'false' expected:<true> but was:<false>
	at RegressionTest20.test10080(RegressionTest20.java:647)
]]></failure>
  </testcase>
  <testcase name="test10081" classname="RegressionTest20" time="0"/>
  <testcase name="test10082" classname="RegressionTest20" time="0"/>
  <testcase name="test10083" classname="RegressionTest20" time="0"/>
  <testcase name="test10084" classname="RegressionTest20" time="0"/>
  <testcase name="test10085" classname="RegressionTest20" time="0"/>
  <testcase name="test10086" classname="RegressionTest20" time="0"/>
  <testcase name="test10087" classname="RegressionTest20" time="0">
    <failure message="&apos;true&apos; != &apos;false&apos; expected:&lt;true&gt; but was:&lt;false&gt;" type="java.lang.AssertionError"><![CDATA[java.lang.AssertionError: 'true' != 'false' expected:<true> but was:<false>
	at RegressionTest20.test10087(RegressionTest20.java:703)
]]></failure>
  </testcase>
  <testcase name="test10088" classname="RegressionTest20" time="0"/>
  <testcase name="test10089" classname="RegressionTest20" time="0"/>
  <testcase name="test10090" classname="RegressionTest20" time="0"/>
  <testcase name="test10091" classname="RegressionTest20" time="0"/>
  <testcase name="test10092" classname="RegressionTest20" time="0"/>
  <testcase name="test10093" classname="RegressionTest20" time="0"/>
  <testcase name="test10094" classname="RegressionTest20" time="0"/>
  <testcase name="test10095" classname="RegressionTest20" time="0">
    <failure message="&apos;true&apos; != &apos;false&apos; expected:&lt;true&gt; but was:&lt;false&gt;" type="java.lang.AssertionError"><![CDATA[java.lang.AssertionError: 'true' != 'false' expected:<true> but was:<false>
	at RegressionTest20.test10095(RegressionTest20.java:767)
]]></failure>
  </testcase>
  <testcase name="test10096" classname="RegressionTest20" time="0"/>
  <testcase name="test10097" classname="RegressionTest20" time="0"/>
  <testcase name="test10098" classname="RegressionTest20" time="0"/>
  <testcase name="test10099" classname="RegressionTest20" time="0"/>
  <testcase name="test10100" classname="RegressionTest20" time="0"/>
  <testcase name="test10101" classname="RegressionTest20" time="0"/>
  <testcase name="test10102" classname="RegressionTest20" time="0"/>
  <testcase name="test10103" classname="RegressionTest20" time="0"/>
  <testcase name="test10104" classname="RegressionTest20" time="0"/>
  <testcase name="test10105" classname="RegressionTest20" time="0"/>
  <testcase name="test10106" classname="RegressionTest20" time="0"/>
  <testcase name="test10107" classname="RegressionTest20" time="0"/>
  <testcase name="test10108" classname="RegressionTest20" time="0"/>
  <testcase name="test10109" classname="RegressionTest20" time="0"/>
  <testcase name="test10110" classname="RegressionTest20" time="0"/>
  <testcase name="test10111" classname="RegressionTest20" time="0"/>
  <testcase name="test10112" classname="RegressionTest20" time="0">
    <failure message="&apos;true&apos; != &apos;false&apos; expected:&lt;true&gt; but was:&lt;false&gt;" type="java.lang.AssertionError"><![CDATA[java.lang.AssertionError: 'true' != 'false' expected:<true> but was:<false>
	at RegressionTest20.test10112(RegressionTest20.java:903)
]]></failure>
  </testcase>
  <testcase name="test10113" classname="RegressionTest20" time="0"/>
  <testcase name="test10114" classname="RegressionTest20" time="0"/>
  <testcase name="test10115" classname="RegressionTest20" time="0"/>
  <testcase name="test10116" classname="RegressionTest20" time="0"/>
  <testcase name="test10117" classname="RegressionTest20" time="0"/>
  <testcase name="test10118" classname="RegressionTest20" time="0"/>
  <testcase name="test10119" classname="RegressionTest20" time="0"/>
  <testcase name="test10120" classname="RegressionTest20" time="0"/>
  <testcase name="test10121" classname="RegressionTest20" time="0"/>
  <testcase name="test10122" classname="RegressionTest20" time="0"/>
  <testcase name="test10123" classname="RegressionTest20" time="0"/>
  <testcase name="test10124" classname="RegressionTest20" time="0"/>
  <testcase name="test10125" classname="RegressionTest20" time="0"/>
  <testcase name="test10126" classname="RegressionTest20" time="0"/>
  <testcase name="test10127" classname="RegressionTest20" time="0"/>
  <testcase name="test10128" classname="RegressionTest20" time="0"/>
  <testcase name="test10129" classname="RegressionTest20" time="0"/>
  <testcase name="test10130" classname="RegressionTest20" time="0"/>
  <testcase name="test10131" classname="RegressionTest20" time="0"/>
  <testcase name="test10132" classname="RegressionTest20" time="0"/>
  <testcase name="test10133" classname="RegressionTest20" time="0"/>
  <testcase name="test10134" classname="RegressionTest20" time="0"/>
  <testcase name="test10135" classname="RegressionTest20" time="0"/>
  <testcase name="test10136" classname="RegressionTest20" time="0"/>
  <testcase name="test10137" classname="RegressionTest20" time="0"/>
  <testcase name="test10138" classname="RegressionTest20" time="0"/>
  <testcase name="test10139" classname="RegressionTest20" time="0"/>
  <testcase name="test10140" classname="RegressionTest20" time="0"/>
  <testcase name="test10141" classname="RegressionTest20" time="0"/>
  <testcase name="test10142" classname="RegressionTest20" time="0"/>
  <testcase name="test10143" classname="RegressionTest20" time="0"/>
  <testcase name="test10144" classname="RegressionTest20" time="0">
    <failure message="&apos;true&apos; != &apos;false&apos; expected:&lt;true&gt; but was:&lt;false&gt;" type="java.lang.AssertionError"><![CDATA[java.lang.AssertionError: 'true' != 'false' expected:<true> but was:<false>
	at RegressionTest20.test10144(RegressionTest20.java:1159)
]]></failure>
  </testcase>
  <testcase name="test10145" classname="RegressionTest20" time="0"/>
  <testcase name="test10146" classname="RegressionTest20" time="0"/>
  <testcase name="test10147" classname="RegressionTest20" time="0"/>
  <testcase name="test10148" classname="RegressionTest20" time="0"/>
  <testcase name="test10149" classname="RegressionTest20" time="0"/>
  <testcase name="test10150" classname="RegressionTest20" time="0"/>
  <testcase name="test10151" classname="RegressionTest20" time="0"/>
  <testcase name="test10152" classname="RegressionTest20" time="0"/>
  <testcase name="test10153" classname="RegressionTest20" time="0"/>
  <testcase name="test10154" classname="RegressionTest20" time="0"/>
  <testcase name="test10155" classname="RegressionTest20" time="0"/>
  <testcase name="test10156" classname="RegressionTest20" time="0"/>
  <testcase name="test10157" classname="RegressionTest20" time="0"/>
  <testcase name="test10158" classname="RegressionTest20" time="0"/>
  <testcase name="test10159" classname="RegressionTest20" time="0"/>
  <testcase name="test10160" classname="RegressionTest20" time="0"/>
  <testcase name="test10161" classname="RegressionTest20" time="0"/>
  <testcase name="test10162" classname="RegressionTest20" time="0"/>
  <testcase name="test10163" classname="RegressionTest20" time="0"/>
  <testcase name="test10164" classname="RegressionTest20" time="0"/>
  <testcase name="test10165" classname="RegressionTest20" time="0"/>
  <testcase name="test10166" classname="RegressionTest20" time="0"/>
  <testcase name="test10167" classname="RegressionTest20" time="0"/>
  <testcase name="test10168" classname="RegressionTest20" time="0"/>
  <testcase name="test10169" classname="RegressionTest20" time="0"/>
  <testcase name="test10170" classname="RegressionTest20" time="0"/>
  <testcase name="test10171" classname="RegressionTest20" time="0.001">
    <failure message="&apos;true&apos; != &apos;false&apos; expected:&lt;true&gt; but was:&lt;false&gt;" type="java.lang.AssertionError"><![CDATA[java.lang.AssertionError: 'true' != 'false' expected:<true> but was:<false>
	at RegressionTest20.test10171(RegressionTest20.java:1375)
]]></failure>
  </testcase>
  <testcase name="test10172" classname="RegressionTest20" time="0"/>
  <testcase name="test10173" classname="RegressionTest20" time="0"/>
  <testcase name="test10174" classname="RegressionTest20" time="0"/>
  <testcase name="test10175" classname="RegressionTest20" time="0"/>
  <testcase name="test10176" classname="RegressionTest20" time="0"/>
  <testcase name="test10177" classname="RegressionTest20" time="0"/>
  <testcase name="test10178" classname="RegressionTest20" time="0"/>
  <testcase name="test10179" classname="RegressionTest20" time="0"/>
  <testcase name="test10180" classname="RegressionTest20" time="0"/>
  <testcase name="test10181" classname="RegressionTest20" time="0"/>
  <testcase name="test10182" classname="RegressionTest20" time="0"/>
  <testcase name="test10183" classname="RegressionTest20" time="0"/>
  <testcase name="test10184" classname="RegressionTest20" time="0"/>
  <testcase name="test10185" classname="RegressionTest20" time="0"/>
  <testcase name="test10186" classname="RegressionTest20" time="0"/>
  <testcase name="test10187" classname="RegressionTest20" time="0">
    <failure message="&apos;true&apos; != &apos;false&apos; expected:&lt;true&gt; but was:&lt;false&gt;" type="java.lang.AssertionError"><![CDATA[java.lang.AssertionError: 'true' != 'false' expected:<true> but was:<false>
	at RegressionTest20.test10187(RegressionTest20.java:1503)
]]></failure>
  </testcase>
  <testcase name="test10188" classname="RegressionTest20" time="0"/>
  <testcase name="test10189" classname="RegressionTest20" time="0"/>
  <testcase name="test10190" classname="RegressionTest20" time="0"/>
  <testcase name="test10191" classname="RegressionTest20" time="0"/>
  <testcase name="test10192" classname="RegressionTest20" time="0"/>
  <testcase name="test10193" classname="RegressionTest20" time="0"/>
  <testcase name="test10194" classname="RegressionTest20" time="0"/>
  <testcase name="test10195" classname="RegressionTest20" time="0"/>
  <testcase name="test10196" classname="RegressionTest20" time="0"/>
  <testcase name="test10197" classname="RegressionTest20" time="0"/>
  <testcase name="test10198" classname="RegressionTest20" time="0"/>
  <testcase name="test10199" classname="RegressionTest20" time="0"/>
  <testcase name="test10200" classname="RegressionTest20" time="0"/>
  <testcase name="test10201" classname="RegressionTest20" time="0"/>
  <testcase name="test10202" classname="RegressionTest20" time="0"/>
  <testcase name="test10203" classname="RegressionTest20" time="0">
    <failure message="&apos;true&apos; != &apos;false&apos; expected:&lt;true&gt; but was:&lt;false&gt;" type="java.lang.AssertionError"><![CDATA[java.lang.AssertionError: 'true' != 'false' expected:<true> but was:<false>
	at RegressionTest20.test10203(RegressionTest20.java:1631)
]]></failure>
  </testcase>
  <testcase name="test10204" classname="RegressionTest20" time="0"/>
  <testcase name="test10205" classname="RegressionTest20" time="0"/>
  <testcase name="test10206" classname="RegressionTest20" time="0"/>
  <testcase name="test10207" classname="RegressionTest20" time="0"/>
  <testcase name="test10208" classname="RegressionTest20" time="0"/>
  <testcase name="test10209" classname="RegressionTest20" time="0">
    <failure message="&apos;true&apos; != &apos;false&apos; expected:&lt;true&gt; but was:&lt;false&gt;" type="java.lang.AssertionError"><![CDATA[java.lang.AssertionError: 'true' != 'false' expected:<true> but was:<false>
	at RegressionTest20.test10209(RegressionTest20.java:1679)
]]></failure>
  </testcase>
  <testcase name="test10210" classname="RegressionTest20" time="0"/>
  <testcase name="test10211" classname="RegressionTest20" time="0"/>
  <testcase name="test10212" classname="RegressionTest20" time="0"/>
  <testcase name="test10213" classname="RegressionTest20" time="0"/>
  <testcase name="test10214" classname="RegressionTest20" time="0"/>
  <testcase name="test10215" classname="RegressionTest20" time="0"/>
  <testcase name="test10216" classname="RegressionTest20" time="0"/>
  <testcase name="test10217" classname="RegressionTest20" time="0"/>
  <testcase name="test10218" classname="RegressionTest20" time="0"/>
  <testcase name="test10219" classname="RegressionTest20" time="0"/>
  <testcase name="test10220" classname="RegressionTest20" time="0.001"/>
  <testcase name="test10221" classname="RegressionTest20" time="0"/>
  <testcase name="test10222" classname="RegressionTest20" time="0"/>
  <testcase name="test10223" classname="RegressionTest20" time="0">
    <failure message="&apos;true&apos; != &apos;false&apos; expected:&lt;true&gt; but was:&lt;false&gt;" type="java.lang.AssertionError"><![CDATA[java.lang.AssertionError: 'true' != 'false' expected:<true> but was:<false>
	at RegressionTest20.test10223(RegressionTest20.java:1791)
]]></failure>
  </testcase>
  <testcase name="test10224" classname="RegressionTest20" time="0"/>
  <testcase name="test10225" classname="RegressionTest20" time="0"/>
  <testcase name="test10226" classname="RegressionTest20" time="0"/>
  <testcase name="test10227" classname="RegressionTest20" time="0"/>
  <testcase name="test10228" classname="RegressionTest20" time="0"/>
  <testcase name="test10229" classname="RegressionTest20" time="0"/>
  <testcase name="test10230" classname="RegressionTest20" time="0"/>
  <testcase name="test10231" classname="RegressionTest20" time="0"/>
  <testcase name="test10232" classname="RegressionTest20" time="0"/>
  <testcase name="test10233" classname="RegressionTest20" time="0"/>
  <testcase name="test10234" classname="RegressionTest20" time="0"/>
  <testcase name="test10235" classname="RegressionTest20" time="0"/>
  <testcase name="test10236" classname="RegressionTest20" time="0"/>
  <testcase name="test10237" classname="RegressionTest20" time="0"/>
  <testcase name="test10238" classname="RegressionTest20" time="0"/>
  <testcase name="test10239" classname="RegressionTest20" time="0"/>
  <testcase name="test10240" classname="RegressionTest20" time="0"/>
  <testcase name="test10241" classname="RegressionTest20" time="0"/>
  <testcase name="test10242" classname="RegressionTest20" time="0"/>
  <testcase name="test10243" classname="RegressionTest20" time="0"/>
  <testcase name="test10244" classname="RegressionTest20" time="0"/>
  <testcase name="test10245" classname="RegressionTest20" time="0"/>
  <testcase name="test10246" classname="RegressionTest20" time="0"/>
  <testcase name="test10247" classname="RegressionTest20" time="0"/>
  <testcase name="test10248" classname="RegressionTest20" time="0"/>
  <testcase name="test10249" classname="RegressionTest20" time="0"/>
  <testcase name="test10250" classname="RegressionTest20" time="0"/>
  <testcase name="test10251" classname="RegressionTest20" time="0"/>
  <testcase name="test10252" classname="RegressionTest20" time="0"/>
  <testcase name="test10253" classname="RegressionTest20" time="0"/>
  <testcase name="test10254" classname="RegressionTest20" time="0"/>
  <testcase name="test10255" classname="RegressionTest20" time="0"/>
  <testcase name="test10256" classname="RegressionTest20" time="0"/>
  <testcase name="test10257" classname="RegressionTest20" time="0">
    <failure message="&apos;true&apos; != &apos;false&apos; expected:&lt;true&gt; but was:&lt;false&gt;" type="java.lang.AssertionError"><![CDATA[java.lang.AssertionError: 'true' != 'false' expected:<true> but was:<false>
	at RegressionTest20.test10257(RegressionTest20.java:2063)
]]></failure>
  </testcase>
  <testcase name="test10258" classname="RegressionTest20" time="0"/>
  <testcase name="test10259" classname="RegressionTest20" time="0"/>
  <testcase name="test10260" classname="RegressionTest20" time="0"/>
  <testcase name="test10261" classname="RegressionTest20" time="0"/>
  <testcase name="test10262" classname="RegressionTest20" time="0"/>
  <testcase name="test10263" classname="RegressionTest20" time="0"/>
  <testcase name="test10264" classname="RegressionTest20" time="0"/>
  <testcase name="test10265" classname="RegressionTest20" time="0"/>
  <testcase name="test10266" classname="RegressionTest20" time="0"/>
  <testcase name="test10267" classname="RegressionTest20" time="0"/>
  <testcase name="test10268" classname="RegressionTest20" time="0.001"/>
  <testcase name="test10269" classname="RegressionTest20" time="0"/>
  <testcase name="test10270" classname="RegressionTest20" time="0"/>
  <testcase name="test10271" classname="RegressionTest20" time="0"/>
  <testcase name="test10272" classname="RegressionTest20" time="0"/>
  <testcase name="test10273" classname="RegressionTest20" time="0"/>
  <testcase name="test10274" classname="RegressionTest20" time="0"/>
  <testcase name="test10275" classname="RegressionTest20" time="0"/>
  <testcase name="test10276" classname="RegressionTest20" time="0"/>
  <testcase name="test10277" classname="RegressionTest20" time="0"/>
  <testcase name="test10278" classname="RegressionTest20" time="0"/>
  <testcase name="test10279" classname="RegressionTest20" time="0"/>
  <testcase name="test10280" classname="RegressionTest20" time="0"/>
  <testcase name="test10281" classname="RegressionTest20" time="0"/>
  <testcase name="test10282" classname="RegressionTest20" time="0"/>
  <testcase name="test10283" classname="RegressionTest20" time="0">
    <failure message="&apos;true&apos; != &apos;false&apos; expected:&lt;true&gt; but was:&lt;false&gt;" type="java.lang.AssertionError"><![CDATA[java.lang.AssertionError: 'true' != 'false' expected:<true> but was:<false>
	at RegressionTest20.test10283(RegressionTest20.java:2271)
]]></failure>
  </testcase>
  <testcase name="test10284" classname="RegressionTest20" time="0"/>
  <testcase name="test10285" classname="RegressionTest20" time="0"/>
  <testcase name="test10286" classname="RegressionTest20" time="0"/>
  <testcase name="test10287" classname="RegressionTest20" time="0"/>
  <testcase name="test10288" classname="RegressionTest20" time="0"/>
  <testcase name="test10289" classname="RegressionTest20" time="0"/>
  <testcase name="test10290" classname="RegressionTest20" time="0"/>
  <testcase name="test10291" classname="RegressionTest20" time="0"/>
  <testcase name="test10292" classname="RegressionTest20" time="0">
    <failure message="&apos;true&apos; != &apos;false&apos; expected:&lt;true&gt; but was:&lt;false&gt;" type="java.lang.AssertionError"><![CDATA[java.lang.AssertionError: 'true' != 'false' expected:<true> but was:<false>
	at RegressionTest20.test10292(RegressionTest20.java:2343)
]]></failure>
  </testcase>
  <testcase name="test10293" classname="RegressionTest20" time="0"/>
  <testcase name="test10294" classname="RegressionTest20" time="0"/>
  <testcase name="test10295" classname="RegressionTest20" time="0"/>
  <testcase name="test10296" classname="RegressionTest20" time="0"/>
  <testcase name="test10297" classname="RegressionTest20" time="0"/>
  <testcase name="test10298" classname="RegressionTest20" time="0"/>
  <testcase name="test10299" classname="RegressionTest20" time="0"/>
  <testcase name="test10300" classname="RegressionTest20" time="0"/>
  <testcase name="test10301" classname="RegressionTest20" time="0"/>
  <testcase name="test10302" classname="RegressionTest20" time="0"/>
  <testcase name="test10303" classname="RegressionTest20" time="0"/>
  <testcase name="test10304" classname="RegressionTest20" time="0"/>
  <testcase name="test10305" classname="RegressionTest20" time="0"/>
  <testcase name="test10306" classname="RegressionTest20" time="0"/>
  <testcase name="test10307" classname="RegressionTest20" time="0"/>
  <testcase name="test10308" classname="RegressionTest20" time="0"/>
  <testcase name="test10309" classname="RegressionTest20" time="0"/>
  <testcase name="test10310" classname="RegressionTest20" time="0"/>
  <testcase name="test10311" classname="RegressionTest20" time="0"/>
  <testcase name="test10312" classname="RegressionTest20" time="0"/>
  <testcase name="test10313" classname="RegressionTest20" time="0"/>
  <testcase name="test10314" classname="RegressionTest20" time="0">
    <failure message="&apos;true&apos; != &apos;false&apos; expected:&lt;true&gt; but was:&lt;false&gt;" type="java.lang.AssertionError"><![CDATA[java.lang.AssertionError: 'true' != 'false' expected:<true> but was:<false>
	at RegressionTest20.test10314(RegressionTest20.java:2519)
]]></failure>
  </testcase>
  <testcase name="test10315" classname="RegressionTest20" time="0"/>
  <testcase name="test10316" classname="RegressionTest20" time="0"/>
  <testcase name="test10317" classname="RegressionTest20" time="0"/>
  <testcase name="test10318" classname="RegressionTest20" time="0.001"/>
  <testcase name="test10319" classname="RegressionTest20" time="0">
    <failure message="&apos;true&apos; != &apos;false&apos; expected:&lt;true&gt; but was:&lt;false&gt;" type="java.lang.AssertionError"><![CDATA[java.lang.AssertionError: 'true' != 'false' expected:<true> but was:<false>
	at RegressionTest20.test10319(RegressionTest20.java:2559)
]]></failure>
  </testcase>
  <testcase name="test10320" classname="RegressionTest20" time="0">
    <failure message="&apos;true&apos; != &apos;false&apos; expected:&lt;true&gt; but was:&lt;false&gt;" type="java.lang.AssertionError"><![CDATA[java.lang.AssertionError: 'true' != 'false' expected:<true> but was:<false>
	at RegressionTest20.test10320(RegressionTest20.java:2567)
]]></failure>
  </testcase>
  <testcase name="test10321" classname="RegressionTest20" time="0"/>
  <testcase name="test10322" classname="RegressionTest20" time="0"/>
  <testcase name="test10323" classname="RegressionTest20" time="0"/>
  <testcase name="test10324" classname="RegressionTest20" time="0"/>
  <testcase name="test10325" classname="RegressionTest20" time="0"/>
  <testcase name="test10326" classname="RegressionTest20" time="0"/>
  <testcase name="test10327" classname="RegressionTest20" time="0"/>
  <testcase name="test10328" classname="RegressionTest20" time="0"/>
  <testcase name="test10329" classname="RegressionTest20" time="0"/>
  <testcase name="test10330" classname="RegressionTest20" time="0"/>
  <testcase name="test10331" classname="RegressionTest20" time="0"/>
  <testcase name="test10332" classname="RegressionTest20" time="0"/>
  <testcase name="test10333" classname="RegressionTest20" time="0"/>
  <testcase name="test10334" classname="RegressionTest20" time="0"/>
  <testcase name="test10335" classname="RegressionTest20" time="0"/>
  <testcase name="test10336" classname="RegressionTest20" time="0"/>
  <testcase name="test10337" classname="RegressionTest20" time="0"/>
  <testcase name="test10338" classname="RegressionTest20" time="0"/>
  <testcase name="test10339" classname="RegressionTest20" time="0"/>
  <testcase name="test10340" classname="RegressionTest20" time="0"/>
  <testcase name="test10341" classname="RegressionTest20" time="0"/>
  <testcase name="test10342" classname="RegressionTest20" time="0"/>
  <testcase name="test10343" classname="RegressionTest20" time="0">
    <failure message="&apos;true&apos; != &apos;false&apos; expected:&lt;true&gt; but was:&lt;false&gt;" type="java.lang.AssertionError"><![CDATA[java.lang.AssertionError: 'true' != 'false' expected:<true> but was:<false>
	at RegressionTest20.test10343(RegressionTest20.java:2751)
]]></failure>
  </testcase>
  <testcase name="test10344" classname="RegressionTest20" time="0"/>
  <testcase name="test10345" classname="RegressionTest20" time="0"/>
  <testcase name="test10346" classname="RegressionTest20" time="0"/>
  <testcase name="test10347" classname="RegressionTest20" time="0"/>
  <testcase name="test10348" classname="RegressionTest20" time="0"/>
  <testcase name="test10349" classname="RegressionTest20" time="0"/>
  <testcase name="test10350" classname="RegressionTest20" time="0"/>
  <testcase name="test10351" classname="RegressionTest20" time="0"/>
  <testcase name="test10352" classname="RegressionTest20" time="0"/>
  <testcase name="test10353" classname="RegressionTest20" time="0"/>
  <testcase name="test10354" classname="RegressionTest20" time="0"/>
  <testcase name="test10355" classname="RegressionTest20" time="0"/>
  <testcase name="test10356" classname="RegressionTest20" time="0"/>
  <testcase name="test10357" classname="RegressionTest20" time="0"/>
  <testcase name="test10358" classname="RegressionTest20" time="0"/>
  <testcase name="test10359" classname="RegressionTest20" time="0"/>
  <testcase name="test10360" classname="RegressionTest20" time="0"/>
  <testcase name="test10361" classname="RegressionTest20" time="0"/>
  <testcase name="test10362" classname="RegressionTest20" time="0"/>
  <testcase name="test10363" classname="RegressionTest20" time="0"/>
  <testcase name="test10364" classname="RegressionTest20" time="0"/>
  <testcase name="test10365" classname="RegressionTest20" time="0"/>
  <testcase name="test10366" classname="RegressionTest20" time="0"/>
  <testcase name="test10367" classname="RegressionTest20" time="0.001"/>
  <testcase name="test10368" classname="RegressionTest20" time="0"/>
  <testcase name="test10369" classname="RegressionTest20" time="0"/>
  <testcase name="test10370" classname="RegressionTest20" time="0"/>
  <testcase name="test10371" classname="RegressionTest20" time="0"/>
  <testcase name="test10372" classname="RegressionTest20" time="0"/>
  <testcase name="test10373" classname="RegressionTest20" time="0"/>
  <testcase name="test10374" classname="RegressionTest20" time="0"/>
  <testcase name="test10375" classname="RegressionTest20" time="0"/>
  <testcase name="test10376" classname="RegressionTest20" time="0"/>
  <testcase name="test10377" classname="RegressionTest20" time="0"/>
  <testcase name="test10378" classname="RegressionTest20" time="0"/>
  <testcase name="test10379" classname="RegressionTest20" time="0"/>
  <testcase name="test10380" classname="RegressionTest20" time="0"/>
  <testcase name="test10381" classname="RegressionTest20" time="0"/>
  <testcase name="test10382" classname="RegressionTest20" time="0"/>
  <testcase name="test10383" classname="RegressionTest20" time="0"/>
  <testcase name="test10384" classname="RegressionTest20" time="0"/>
  <testcase name="test10385" classname="RegressionTest20" time="0"/>
  <testcase name="test10386" classname="RegressionTest20" time="0"/>
  <testcase name="test10387" classname="RegressionTest20" time="0"/>
  <testcase name="test10388" classname="RegressionTest20" time="0"/>
  <testcase name="test10389" classname="RegressionTest20" time="0"/>
  <testcase name="test10390" classname="RegressionTest20" time="0"/>
  <testcase name="test10391" classname="RegressionTest20" time="0"/>
  <testcase name="test10392" classname="RegressionTest20" time="0"/>
  <testcase name="test10393" classname="RegressionTest20" time="0"/>
  <testcase name="test10394" classname="RegressionTest20" time="0"/>
  <testcase name="test10395" classname="RegressionTest20" time="0"/>
  <testcase name="test10396" classname="RegressionTest20" time="0"/>
  <testcase name="test10397" classname="RegressionTest20" time="0"/>
  <testcase name="test10398" classname="RegressionTest20" time="0"/>
  <testcase name="test10399" classname="RegressionTest20" time="0"/>
  <testcase name="test10400" classname="RegressionTest20" time="0"/>
  <testcase name="test10401" classname="RegressionTest20" time="0"/>
  <testcase name="test10402" classname="RegressionTest20" time="0"/>
  <testcase name="test10403" classname="RegressionTest20" time="0"/>
  <testcase name="test10404" classname="RegressionTest20" time="0"/>
  <testcase name="test10405" classname="RegressionTest20" time="0"/>
  <testcase name="test10406" classname="RegressionTest20" time="0">
    <failure message="&apos;true&apos; != &apos;false&apos; expected:&lt;true&gt; but was:&lt;false&gt;" type="java.lang.AssertionError"><![CDATA[java.lang.AssertionError: 'true' != 'false' expected:<true> but was:<false>
	at RegressionTest20.test10406(RegressionTest20.java:3255)
]]></failure>
  </testcase>
  <testcase name="test10407" classname="RegressionTest20" time="0"/>
  <testcase name="test10408" classname="RegressionTest20" time="0"/>
  <testcase name="test10409" classname="RegressionTest20" time="0"/>
  <testcase name="test10410" classname="RegressionTest20" time="0"/>
  <testcase name="test10411" classname="RegressionTest20" time="0"/>
  <testcase name="test10412" classname="RegressionTest20" time="0"/>
  <testcase name="test10413" classname="RegressionTest20" time="0"/>
  <testcase name="test10414" classname="RegressionTest20" time="0"/>
  <testcase name="test10415" classname="RegressionTest20" time="0"/>
  <testcase name="test10416" classname="RegressionTest20" time="0"/>
  <testcase name="test10417" classname="RegressionTest20" time="0"/>
  <testcase name="test10418" classname="RegressionTest20" time="0"/>
  <testcase name="test10419" classname="RegressionTest20" time="0"/>
  <testcase name="test10420" classname="RegressionTest20" time="0"/>
  <testcase name="test10421" classname="RegressionTest20" time="0"/>
  <testcase name="test10422" classname="RegressionTest20" time="0"/>
  <testcase name="test10423" classname="RegressionTest20" time="0"/>
  <testcase name="test10424" classname="RegressionTest20" time="0.001"/>
  <testcase name="test10425" classname="RegressionTest20" time="0"/>
  <testcase name="test10426" classname="RegressionTest20" time="0"/>
  <testcase name="test10427" classname="RegressionTest20" time="0"/>
  <testcase name="test10428" classname="RegressionTest20" time="0"/>
  <testcase name="test10429" classname="RegressionTest20" time="0">
    <failure message="&apos;true&apos; != &apos;false&apos; expected:&lt;true&gt; but was:&lt;false&gt;" type="java.lang.AssertionError"><![CDATA[java.lang.AssertionError: 'true' != 'false' expected:<true> but was:<false>
	at RegressionTest20.test10429(RegressionTest20.java:3439)
]]></failure>
  </testcase>
  <testcase name="test10430" classname="RegressionTest20" time="0"/>
  <testcase name="test10431" classname="RegressionTest20" time="0">
    <failure message="&apos;true&apos; != &apos;false&apos; expected:&lt;true&gt; but was:&lt;false&gt;" type="java.lang.AssertionError"><![CDATA[java.lang.AssertionError: 'true' != 'false' expected:<true> but was:<false>
	at RegressionTest20.test10431(RegressionTest20.java:3455)
]]></failure>
  </testcase>
  <testcase name="test10432" classname="RegressionTest20" time="0"/>
  <testcase name="test10433" classname="RegressionTest20" time="0">
    <failure message="&apos;true&apos; != &apos;false&apos; expected:&lt;true&gt; but was:&lt;false&gt;" type="java.lang.AssertionError"><![CDATA[java.lang.AssertionError: 'true' != 'false' expected:<true> but was:<false>
	at RegressionTest20.test10433(RegressionTest20.java:3471)
]]></failure>
  </testcase>
  <testcase name="test10434" classname="RegressionTest20" time="0"/>
  <testcase name="test10435" classname="RegressionTest20" time="0"/>
  <testcase name="test10436" classname="RegressionTest20" time="0"/>
  <testcase name="test10437" classname="RegressionTest20" time="0"/>
  <testcase name="test10438" classname="RegressionTest20" time="0"/>
  <testcase name="test10439" classname="RegressionTest20" time="0"/>
  <testcase name="test10440" classname="RegressionTest20" time="0"/>
  <testcase name="test10441" classname="RegressionTest20" time="0"/>
  <testcase name="test10442" classname="RegressionTest20" time="0"/>
  <testcase name="test10443" classname="RegressionTest20" time="0"/>
  <testcase name="test10444" classname="RegressionTest20" time="0"/>
  <testcase name="test10445" classname="RegressionTest20" time="0"/>
  <testcase name="test10446" classname="RegressionTest20" time="0"/>
  <testcase name="test10447" classname="RegressionTest20" time="0"/>
  <testcase name="test10448" classname="RegressionTest20" time="0"/>
  <testcase name="test10449" classname="RegressionTest20" time="0"/>
  <testcase name="test10450" classname="RegressionTest20" time="0"/>
  <testcase name="test10451" classname="RegressionTest20" time="0"/>
  <testcase name="test10452" classname="RegressionTest20" time="0"/>
  <testcase name="test10453" classname="RegressionTest20" time="0"/>
  <testcase name="test10454" classname="RegressionTest20" time="0"/>
  <testcase name="test10455" classname="RegressionTest20" time="0"/>
  <testcase name="test10456" classname="RegressionTest20" time="0"/>
  <testcase name="test10457" classname="RegressionTest20" time="0"/>
  <testcase name="test10458" classname="RegressionTest20" time="0"/>
  <testcase name="test10459" classname="RegressionTest20" time="0"/>
  <testcase name="test10460" classname="RegressionTest20" time="0"/>
  <testcase name="test10461" classname="RegressionTest20" time="0"/>
  <testcase name="test10462" classname="RegressionTest20" time="0"/>
  <testcase name="test10463" classname="RegressionTest20" time="0"/>
  <testcase name="test10464" classname="RegressionTest20" time="0"/>
  <testcase name="test10465" classname="RegressionTest20" time="0"/>
  <testcase name="test10466" classname="RegressionTest20" time="0"/>
  <testcase name="test10467" classname="RegressionTest20" time="0"/>
  <testcase name="test10468" classname="RegressionTest20" time="0"/>
  <testcase name="test10469" classname="RegressionTest20" time="0"/>
  <testcase name="test10470" classname="RegressionTest20" time="0"/>
  <testcase name="test10471" classname="RegressionTest20" time="0.001">
    <failure message="&apos;true&apos; != &apos;false&apos; expected:&lt;true&gt; but was:&lt;false&gt;" type="java.lang.AssertionError"><![CDATA[java.lang.AssertionError: 'true' != 'false' expected:<true> but was:<false>
	at RegressionTest20.test10471(RegressionTest20.java:3775)
]]></failure>
  </testcase>
  <testcase name="test10472" classname="RegressionTest20" time="0"/>
  <testcase name="test10473" classname="RegressionTest20" time="0"/>
  <testcase name="test10474" classname="RegressionTest20" time="0"/>
  <testcase name="test10475" classname="RegressionTest20" time="0"/>
  <testcase name="test10476" classname="RegressionTest20" time="0"/>
  <testcase name="test10477" classname="RegressionTest20" time="0"/>
  <testcase name="test10478" classname="RegressionTest20" time="0"/>
  <testcase name="test10479" classname="RegressionTest20" time="0"/>
  <testcase name="test10480" classname="RegressionTest20" time="0"/>
  <testcase name="test10481" classname="RegressionTest20" time="0">
    <failure message="&apos;true&apos; != &apos;false&apos; expected:&lt;true&gt; but was:&lt;false&gt;" type="java.lang.AssertionError"><![CDATA[java.lang.AssertionError: 'true' != 'false' expected:<true> but was:<false>
	at RegressionTest20.test10481(RegressionTest20.java:3855)
]]></failure>
  </testcase>
  <testcase name="test10482" classname="RegressionTest20" time="0"/>
  <testcase name="test10483" classname="RegressionTest20" time="0"/>
  <testcase name="test10484" classname="RegressionTest20" time="0"/>
  <testcase name="test10485" classname="RegressionTest20" time="0"/>
  <testcase name="test10486" classname="RegressionTest20" time="0">
    <failure message="&apos;true&apos; != &apos;false&apos; expected:&lt;true&gt; but was:&lt;false&gt;" type="java.lang.AssertionError"><![CDATA[java.lang.AssertionError: 'true' != 'false' expected:<true> but was:<false>
	at RegressionTest20.test10486(RegressionTest20.java:3895)
]]></failure>
  </testcase>
  <testcase name="test10487" classname="RegressionTest20" time="0"/>
  <testcase name="test10488" classname="RegressionTest20" time="0"/>
  <testcase name="test10489" classname="RegressionTest20" time="0"/>
  <testcase name="test10490" classname="RegressionTest20" time="0"/>
  <testcase name="test10491" classname="RegressionTest20" time="0"/>
  <testcase name="test10492" classname="RegressionTest20" time="0"/>
  <testcase name="test10493" classname="RegressionTest20" time="0"/>
  <testcase name="test10494" classname="RegressionTest20" time="0"/>
  <testcase name="test10495" classname="RegressionTest20" time="0"/>
  <testcase name="test10496" classname="RegressionTest20" time="0"/>
  <testcase name="test10497" classname="RegressionTest20" time="0"/>
  <testcase name="test10498" classname="RegressionTest20" time="0"/>
  <testcase name="test10499" classname="RegressionTest20" time="0">
    <failure message="&apos;true&apos; != &apos;false&apos; expected:&lt;true&gt; but was:&lt;false&gt;" type="java.lang.AssertionError"><![CDATA[java.lang.AssertionError: 'true' != 'false' expected:<true> but was:<false>
	at RegressionTest20.test10499(RegressionTest20.java:3999)
]]></failure>
  </testcase>
  <testcase name="test10500" classname="RegressionTest20" time="0"/>
  <testcase name="test10501" classname="RegressionTest21" time="0"/>
  <testcase name="test10502" classname="RegressionTest21" time="0"/>
  <testcase name="test10503" classname="RegressionTest21" time="0"/>
  <testcase name="test10504" classname="RegressionTest21" time="0"/>
  <testcase name="test10505" classname="RegressionTest21" time="0"/>
  <testcase name="test10506" classname="RegressionTest21" time="0"/>
  <testcase name="test10507" classname="RegressionTest21" time="0"/>
  <testcase name="test10508" classname="RegressionTest21" time="0"/>
  <testcase name="test10509" classname="RegressionTest21" time="0"/>
  <testcase name="test10510" classname="RegressionTest21" time="0"/>
  <testcase name="test10511" classname="RegressionTest21" time="0"/>
  <testcase name="test10512" classname="RegressionTest21" time="0"/>
  <testcase name="test10513" classname="RegressionTest21" time="0"/>
  <testcase name="test10514" classname="RegressionTest21" time="0"/>
  <testcase name="test10515" classname="RegressionTest21" time="0"/>
  <testcase name="test10516" classname="RegressionTest21" time="0"/>
  <testcase name="test10517" classname="RegressionTest21" time="0"/>
  <testcase name="test10518" classname="RegressionTest21" time="0"/>
  <testcase name="test10519" classname="RegressionTest21" time="0"/>
  <testcase name="test10520" classname="RegressionTest21" time="0"/>
  <testcase name="test10521" classname="RegressionTest21" time="0"/>
  <testcase name="test10522" classname="RegressionTest21" time="0"/>
  <testcase name="test10523" classname="RegressionTest21" time="0"/>
  <testcase name="test10524" classname="RegressionTest21" time="0"/>
  <testcase name="test10525" classname="RegressionTest21" time="0"/>
  <testcase name="test10526" classname="RegressionTest21" time="0"/>
  <testcase name="test10527" classname="RegressionTest21" time="0"/>
  <testcase name="test10528" classname="RegressionTest21" time="0"/>
  <testcase name="test10529" classname="RegressionTest21" time="0"/>
  <testcase name="test10530" classname="RegressionTest21" time="0"/>
  <testcase name="test10531" classname="RegressionTest21" time="0"/>
  <testcase name="test10532" classname="RegressionTest21" time="0">
    <failure message="&apos;true&apos; != &apos;false&apos; expected:&lt;true&gt; but was:&lt;false&gt;" type="java.lang.AssertionError"><![CDATA[java.lang.AssertionError: 'true' != 'false' expected:<true> but was:<false>
	at RegressionTest21.test10532(RegressionTest21.java:263)
]]></failure>
  </testcase>
  <testcase name="test10533" classname="RegressionTest21" time="0"/>
  <testcase name="test10534" classname="RegressionTest21" time="0"/>
  <testcase name="test10535" classname="RegressionTest21" time="0"/>
  <testcase name="test10536" classname="RegressionTest21" time="0"/>
  <testcase name="test10537" classname="RegressionTest21" time="0"/>
  <testcase name="test10538" classname="RegressionTest21" time="0"/>
  <testcase name="test10539" classname="RegressionTest21" time="0"/>
  <testcase name="test10540" classname="RegressionTest21" time="0"/>
  <testcase name="test10541" classname="RegressionTest21" time="0"/>
  <testcase name="test10542" classname="RegressionTest21" time="0"/>
  <testcase name="test10543" classname="RegressionTest21" time="0"/>
  <testcase name="test10544" classname="RegressionTest21" time="0.001"/>
  <testcase name="test10545" classname="RegressionTest21" time="0"/>
  <testcase name="test10546" classname="RegressionTest21" time="0"/>
  <testcase name="test10547" classname="RegressionTest21" time="0"/>
  <testcase name="test10548" classname="RegressionTest21" time="0"/>
  <testcase name="test10549" classname="RegressionTest21" time="0"/>
  <testcase name="test10550" classname="RegressionTest21" time="0"/>
  <testcase name="test10551" classname="RegressionTest21" time="0"/>
  <testcase name="test10552" classname="RegressionTest21" time="0"/>
  <testcase name="test10553" classname="RegressionTest21" time="0"/>
  <testcase name="test10554" classname="RegressionTest21" time="0"/>
  <testcase name="test10555" classname="RegressionTest21" time="0"/>
  <testcase name="test10556" classname="RegressionTest21" time="0"/>
  <testcase name="test10557" classname="RegressionTest21" time="0"/>
  <testcase name="test10558" classname="RegressionTest21" time="0"/>
  <testcase name="test10559" classname="RegressionTest21" time="0"/>
  <testcase name="test10560" classname="RegressionTest21" time="0"/>
  <testcase name="test10561" classname="RegressionTest21" time="0">
    <failure message="&apos;true&apos; != &apos;false&apos; expected:&lt;true&gt; but was:&lt;false&gt;" type="java.lang.AssertionError"><![CDATA[java.lang.AssertionError: 'true' != 'false' expected:<true> but was:<false>
	at RegressionTest21.test10561(RegressionTest21.java:495)
]]></failure>
  </testcase>
  <testcase name="test10562" classname="RegressionTest21" time="0"/>
  <testcase name="test10563" classname="RegressionTest21" time="0">
    <failure message="&apos;true&apos; != &apos;false&apos; expected:&lt;true&gt; but was:&lt;false&gt;" type="java.lang.AssertionError"><![CDATA[java.lang.AssertionError: 'true' != 'false' expected:<true> but was:<false>
	at RegressionTest21.test10563(RegressionTest21.java:511)
]]></failure>
  </testcase>
  <testcase name="test10564" classname="RegressionTest21" time="0"/>
  <testcase name="test10565" classname="RegressionTest21" time="0"/>
  <testcase name="test10566" classname="RegressionTest21" time="0">
    <failure message="&apos;true&apos; != &apos;false&apos; expected:&lt;true&gt; but was:&lt;false&gt;" type="java.lang.AssertionError"><![CDATA[java.lang.AssertionError: 'true' != 'false' expected:<true> but was:<false>
	at RegressionTest21.test10566(RegressionTest21.java:535)
]]></failure>
  </testcase>
  <testcase name="test10567" classname="RegressionTest21" time="0"/>
  <testcase name="test10568" classname="RegressionTest21" time="0"/>
  <testcase name="test10569" classname="RegressionTest21" time="0"/>
  <testcase name="test10570" classname="RegressionTest21" time="0"/>
  <testcase name="test10571" classname="RegressionTest21" time="0">
    <failure message="&apos;true&apos; != &apos;false&apos; expected:&lt;true&gt; but was:&lt;false&gt;" type="java.lang.AssertionError"><![CDATA[java.lang.AssertionError: 'true' != 'false' expected:<true> but was:<false>
	at RegressionTest21.test10571(RegressionTest21.java:575)
]]></failure>
  </testcase>
  <testcase name="test10572" classname="RegressionTest21" time="0"/>
  <testcase name="test10573" classname="RegressionTest21" time="0"/>
  <testcase name="test10574" classname="RegressionTest21" time="0"/>
  <testcase name="test10575" classname="RegressionTest21" time="0"/>
  <testcase name="test10576" classname="RegressionTest21" time="0"/>
  <testcase name="test10577" classname="RegressionTest21" time="0"/>
  <testcase name="test10578" classname="RegressionTest21" time="0"/>
  <testcase name="test10579" classname="RegressionTest21" time="0"/>
  <testcase name="test10580" classname="RegressionTest21" time="0"/>
  <testcase name="test10581" classname="RegressionTest21" time="0"/>
  <testcase name="test10582" classname="RegressionTest21" time="0"/>
  <testcase name="test10583" classname="RegressionTest21" time="0"/>
  <testcase name="test10584" classname="RegressionTest21" time="0"/>
  <testcase name="test10585" classname="RegressionTest21" time="0">
    <failure message="&apos;true&apos; != &apos;false&apos; expected:&lt;true&gt; but was:&lt;false&gt;" type="java.lang.AssertionError"><![CDATA[java.lang.AssertionError: 'true' != 'false' expected:<true> but was:<false>
	at RegressionTest21.test10585(RegressionTest21.java:687)
]]></failure>
  </testcase>
  <testcase name="test10586" classname="RegressionTest21" time="0"/>
  <testcase name="test10587" classname="RegressionTest21" time="0"/>
  <testcase name="test10588" classname="RegressionTest21" time="0"/>
  <testcase name="test10589" classname="RegressionTest21" time="0"/>
  <testcase name="test10590" classname="RegressionTest21" time="0.001"/>
  <testcase name="test10591" classname="RegressionTest21" time="0"/>
  <testcase name="test10592" classname="RegressionTest21" time="0">
    <failure message="&apos;true&apos; != &apos;false&apos; expected:&lt;true&gt; but was:&lt;false&gt;" type="java.lang.AssertionError"><![CDATA[java.lang.AssertionError: 'true' != 'false' expected:<true> but was:<false>
	at RegressionTest21.test10592(RegressionTest21.java:743)
]]></failure>
  </testcase>
  <testcase name="test10593" classname="RegressionTest21" time="0"/>
  <testcase name="test10594" classname="RegressionTest21" time="0"/>
  <testcase name="test10595" classname="RegressionTest21" time="0"/>
  <testcase name="test10596" classname="RegressionTest21" time="0">
    <failure message="&apos;true&apos; != &apos;false&apos; expected:&lt;true&gt; but was:&lt;false&gt;" type="java.lang.AssertionError"><![CDATA[java.lang.AssertionError: 'true' != 'false' expected:<true> but was:<false>
	at RegressionTest21.test10596(RegressionTest21.java:775)
]]></failure>
  </testcase>
  <testcase name="test10597" classname="RegressionTest21" time="0"/>
  <testcase name="test10598" classname="RegressionTest21" time="0"/>
  <testcase name="test10599" classname="RegressionTest21" time="0"/>
  <testcase name="test10600" classname="RegressionTest21" time="0"/>
  <testcase name="test10601" classname="RegressionTest21" time="0"/>
  <testcase name="test10602" classname="RegressionTest21" time="0"/>
  <testcase name="test10603" classname="RegressionTest21" time="0"/>
  <testcase name="test10604" classname="RegressionTest21" time="0"/>
  <testcase name="test10605" classname="RegressionTest21" time="0"/>
  <testcase name="test10606" classname="RegressionTest21" time="0"/>
  <testcase name="test10607" classname="RegressionTest21" time="0"/>
  <testcase name="test10608" classname="RegressionTest21" time="0"/>
  <testcase name="test10609" classname="RegressionTest21" time="0"/>
  <testcase name="test10610" classname="RegressionTest21" time="0"/>
  <testcase name="test10611" classname="RegressionTest21" time="0"/>
  <testcase name="test10612" classname="RegressionTest21" time="0">
    <failure message="&apos;true&apos; != &apos;false&apos; expected:&lt;true&gt; but was:&lt;false&gt;" type="java.lang.AssertionError"><![CDATA[java.lang.AssertionError: 'true' != 'false' expected:<true> but was:<false>
	at RegressionTest21.test10612(RegressionTest21.java:903)
]]></failure>
  </testcase>
  <testcase name="test10613" classname="RegressionTest21" time="0"/>
  <testcase name="test10614" classname="RegressionTest21" time="0"/>
  <testcase name="test10615" classname="RegressionTest21" time="0"/>
  <testcase name="test10616" classname="RegressionTest21" time="0"/>
  <testcase name="test10617" classname="RegressionTest21" time="0"/>
  <testcase name="test10618" classname="RegressionTest21" time="0"/>
  <testcase name="test10619" classname="RegressionTest21" time="0"/>
  <testcase name="test10620" classname="RegressionTest21" time="0"/>
  <testcase name="test10621" classname="RegressionTest21" time="0"/>
  <testcase name="test10622" classname="RegressionTest21" time="0"/>
  <testcase name="test10623" classname="RegressionTest21" time="0"/>
  <testcase name="test10624" classname="RegressionTest21" time="0"/>
  <testcase name="test10625" classname="RegressionTest21" time="0">
    <failure message="&apos;true&apos; != &apos;false&apos; expected:&lt;true&gt; but was:&lt;false&gt;" type="java.lang.AssertionError"><![CDATA[java.lang.AssertionError: 'true' != 'false' expected:<true> but was:<false>
	at RegressionTest21.test10625(RegressionTest21.java:1007)
]]></failure>
  </testcase>
  <testcase name="test10626" classname="RegressionTest21" time="0"/>
  <testcase name="test10627" classname="RegressionTest21" time="0"/>
  <testcase name="test10628" classname="RegressionTest21" time="0"/>
  <testcase name="test10629" classname="RegressionTest21" time="0"/>
  <testcase name="test10630" classname="RegressionTest21" time="0"/>
  <testcase name="test10631" classname="RegressionTest21" time="0"/>
  <testcase name="test10632" classname="RegressionTest21" time="0">
    <failure message="&apos;true&apos; != &apos;false&apos; expected:&lt;true&gt; but was:&lt;false&gt;" type="java.lang.AssertionError"><![CDATA[java.lang.AssertionError: 'true' != 'false' expected:<true> but was:<false>
	at RegressionTest21.test10632(RegressionTest21.java:1063)
]]></failure>
  </testcase>
  <testcase name="test10633" classname="RegressionTest21" time="0.001"/>
  <testcase name="test10634" classname="RegressionTest21" time="0">
    <failure message="&apos;true&apos; != &apos;false&apos; expected:&lt;true&gt; but was:&lt;false&gt;" type="java.lang.AssertionError"><![CDATA[java.lang.AssertionError: 'true' != 'false' expected:<true> but was:<false>
	at RegressionTest21.test10634(RegressionTest21.java:1079)
]]></failure>
  </testcase>
  <testcase name="test10635" classname="RegressionTest21" time="0"/>
  <testcase name="test10636" classname="RegressionTest21" time="0"/>
  <testcase name="test10637" classname="RegressionTest21" time="0">
    <failure message="&apos;true&apos; != &apos;false&apos; expected:&lt;true&gt; but was:&lt;false&gt;" type="java.lang.AssertionError"><![CDATA[java.lang.AssertionError: 'true' != 'false' expected:<true> but was:<false>
	at RegressionTest21.test10637(RegressionTest21.java:1103)
]]></failure>
  </testcase>
  <testcase name="test10638" classname="RegressionTest21" time="0"/>
  <testcase name="test10639" classname="RegressionTest21" time="0"/>
  <testcase name="test10640" classname="RegressionTest21" time="0"/>
  <testcase name="test10641" classname="RegressionTest21" time="0"/>
  <testcase name="test10642" classname="RegressionTest21" time="0"/>
  <testcase name="test10643" classname="RegressionTest21" time="0">
    <failure message="&apos;true&apos; != &apos;false&apos; expected:&lt;true&gt; but was:&lt;false&gt;" type="java.lang.AssertionError"><![CDATA[java.lang.AssertionError: 'true' != 'false' expected:<true> but was:<false>
	at RegressionTest21.test10643(RegressionTest21.java:1151)
]]></failure>
  </testcase>
  <testcase name="test10644" classname="RegressionTest21" time="0"/>
  <testcase name="test10645" classname="RegressionTest21" time="0"/>
  <testcase name="test10646" classname="RegressionTest21" time="0"/>
  <testcase name="test10647" classname="RegressionTest21" time="0"/>
  <testcase name="test10648" classname="RegressionTest21" time="0"/>
  <testcase name="test10649" classname="RegressionTest21" time="0"/>
  <testcase name="test10650" classname="RegressionTest21" time="0"/>
  <testcase name="test10651" classname="RegressionTest21" time="0"/>
  <testcase name="test10652" classname="RegressionTest21" time="0"/>
  <testcase name="test10653" classname="RegressionTest21" time="0"/>
  <testcase name="test10654" classname="RegressionTest21" time="0"/>
  <testcase name="test10655" classname="RegressionTest21" time="0">
    <failure message="&apos;true&apos; != &apos;false&apos; expected:&lt;true&gt; but was:&lt;false&gt;" type="java.lang.AssertionError"><![CDATA[java.lang.AssertionError: 'true' != 'false' expected:<true> but was:<false>
	at RegressionTest21.test10655(RegressionTest21.java:1247)
]]></failure>
  </testcase>
  <testcase name="test10656" classname="RegressionTest21" time="0"/>
  <testcase name="test10657" classname="RegressionTest21" time="0"/>
  <testcase name="test10658" classname="RegressionTest21" time="0">
    <failure message="&apos;true&apos; != &apos;false&apos; expected:&lt;true&gt; but was:&lt;false&gt;" type="java.lang.AssertionError"><![CDATA[java.lang.AssertionError: 'true' != 'false' expected:<true> but was:<false>
	at RegressionTest21.test10658(RegressionTest21.java:1271)
]]></failure>
  </testcase>
  <testcase name="test10659" classname="RegressionTest21" time="0"/>
  <testcase name="test10660" classname="RegressionTest21" time="0"/>
  <testcase name="test10661" classname="RegressionTest21" time="0.001">
    <failure message="&apos;true&apos; != &apos;false&apos; expected:&lt;true&gt; but was:&lt;false&gt;" type="java.lang.AssertionError"><![CDATA[java.lang.AssertionError: 'true' != 'false' expected:<true> but was:<false>
	at RegressionTest21.test10661(RegressionTest21.java:1295)
]]></failure>
  </testcase>
  <testcase name="test10662" classname="RegressionTest21" time="0"/>
  <testcase name="test10663" classname="RegressionTest21" time="0"/>
  <testcase name="test10664" classname="RegressionTest21" time="0"/>
  <testcase name="test10665" classname="RegressionTest21" time="0"/>
  <testcase name="test10666" classname="RegressionTest21" time="0"/>
  <testcase name="test10667" classname="RegressionTest21" time="0"/>
  <testcase name="test10668" classname="RegressionTest21" time="0"/>
  <testcase name="test10669" classname="RegressionTest21" time="0"/>
  <testcase name="test10670" classname="RegressionTest21" time="0"/>
  <testcase name="test10671" classname="RegressionTest21" time="0"/>
  <testcase name="test10672" classname="RegressionTest21" time="0">
    <failure message="&apos;true&apos; != &apos;false&apos; expected:&lt;true&gt; but was:&lt;false&gt;" type="java.lang.AssertionError"><![CDATA[java.lang.AssertionError: 'true' != 'false' expected:<true> but was:<false>
	at RegressionTest21.test10672(RegressionTest21.java:1383)
]]></failure>
  </testcase>
  <testcase name="test10673" classname="RegressionTest21" time="0"/>
  <testcase name="test10674" classname="RegressionTest21" time="0"/>
  <testcase name="test10675" classname="RegressionTest21" time="0"/>
  <testcase name="test10676" classname="RegressionTest21" time="0"/>
  <testcase name="test10677" classname="RegressionTest21" time="0"/>
  <testcase name="test10678" classname="RegressionTest21" time="0"/>
  <testcase name="test10679" classname="RegressionTest21" time="0"/>
  <testcase name="test10680" classname="RegressionTest21" time="0"/>
  <testcase name="test10681" classname="RegressionTest21" time="0"/>
  <testcase name="test10682" classname="RegressionTest21" time="0"/>
  <testcase name="test10683" classname="RegressionTest21" time="0"/>
  <testcase name="test10684" classname="RegressionTest21" time="0"/>
  <testcase name="test10685" classname="RegressionTest21" time="0"/>
  <testcase name="test10686" classname="RegressionTest21" time="0"/>
  <testcase name="test10687" classname="RegressionTest21" time="0"/>
  <testcase name="test10688" classname="RegressionTest21" time="0"/>
  <testcase name="test10689" classname="RegressionTest21" time="0"/>
  <testcase name="test10690" classname="RegressionTest21" time="0"/>
  <testcase name="test10691" classname="RegressionTest21" time="0"/>
  <testcase name="test10692" classname="RegressionTest21" time="0"/>
  <testcase name="test10693" classname="RegressionTest21" time="0"/>
  <testcase name="test10694" classname="RegressionTest21" time="0"/>
  <testcase name="test10695" classname="RegressionTest21" time="0">
    <failure message="&apos;true&apos; != &apos;false&apos; expected:&lt;true&gt; but was:&lt;false&gt;" type="java.lang.AssertionError"><![CDATA[java.lang.AssertionError: 'true' != 'false' expected:<true> but was:<false>
	at RegressionTest21.test10695(RegressionTest21.java:1567)
]]></failure>
  </testcase>
  <testcase name="test10696" classname="RegressionTest21" time="0"/>
  <testcase name="test10697" classname="RegressionTest21" time="0"/>
  <testcase name="test10698" classname="RegressionTest21" time="0.001">
    <failure message="&apos;true&apos; != &apos;false&apos; expected:&lt;true&gt; but was:&lt;false&gt;" type="java.lang.AssertionError"><![CDATA[java.lang.AssertionError: 'true' != 'false' expected:<true> but was:<false>
	at RegressionTest21.test10698(RegressionTest21.java:1591)
]]></failure>
  </testcase>
  <testcase name="test10699" classname="RegressionTest21" time="0"/>
  <testcase name="test10700" classname="RegressionTest21" time="0"/>
  <testcase name="test10701" classname="RegressionTest21" time="0"/>
  <testcase name="test10702" classname="RegressionTest21" time="0"/>
  <testcase name="test10703" classname="RegressionTest21" time="0"/>
  <testcase name="test10704" classname="RegressionTest21" time="0"/>
  <testcase name="test10705" classname="RegressionTest21" time="0"/>
  <testcase name="test10706" classname="RegressionTest21" time="0"/>
  <testcase name="test10707" classname="RegressionTest21" time="0"/>
  <testcase name="test10708" classname="RegressionTest21" time="0"/>
  <testcase name="test10709" classname="RegressionTest21" time="0"/>
  <testcase name="test10710" classname="RegressionTest21" time="0"/>
  <testcase name="test10711" classname="RegressionTest21" time="0"/>
  <testcase name="test10712" classname="RegressionTest21" time="0"/>
  <testcase name="test10713" classname="RegressionTest21" time="0"/>
  <testcase name="test10714" classname="RegressionTest21" time="0"/>
  <testcase name="test10715" classname="RegressionTest21" time="0"/>
  <testcase name="test10716" classname="RegressionTest21" time="0"/>
  <testcase name="test10717" classname="RegressionTest21" time="0"/>
  <testcase name="test10718" classname="RegressionTest21" time="0"/>
  <testcase name="test10719" classname="RegressionTest21" time="0"/>
  <testcase name="test10720" classname="RegressionTest21" time="0"/>
  <testcase name="test10721" classname="RegressionTest21" time="0"/>
  <testcase name="test10722" classname="RegressionTest21" time="0"/>
  <testcase name="test10723" classname="RegressionTest21" time="0"/>
  <testcase name="test10724" classname="RegressionTest21" time="0"/>
  <testcase name="test10725" classname="RegressionTest21" time="0"/>
  <testcase name="test10726" classname="RegressionTest21" time="0"/>
  <testcase name="test10727" classname="RegressionTest21" time="0">
    <failure message="&apos;true&apos; != &apos;false&apos; expected:&lt;true&gt; but was:&lt;false&gt;" type="java.lang.AssertionError"><![CDATA[java.lang.AssertionError: 'true' != 'false' expected:<true> but was:<false>
	at RegressionTest21.test10727(RegressionTest21.java:1823)
]]></failure>
  </testcase>
  <testcase name="test10728" classname="RegressionTest21" time="0"/>
  <testcase name="test10729" classname="RegressionTest21" time="0"/>
  <testcase name="test10730" classname="RegressionTest21" time="0"/>
  <testcase name="test10731" classname="RegressionTest21" time="0"/>
  <testcase name="test10732" classname="RegressionTest21" time="0"/>
  <testcase name="test10733" classname="RegressionTest21" time="0"/>
  <testcase name="test10734" classname="RegressionTest21" time="0"/>
  <testcase name="test10735" classname="RegressionTest21" time="0"/>
  <testcase name="test10736" classname="RegressionTest21" time="0"/>
  <testcase name="test10737" classname="RegressionTest21" time="0"/>
  <testcase name="test10738" classname="RegressionTest21" time="0"/>
  <testcase name="test10739" classname="RegressionTest21" time="0"/>
  <testcase name="test10740" classname="RegressionTest21" time="0"/>
  <testcase name="test10741" classname="RegressionTest21" time="0"/>
  <testcase name="test10742" classname="RegressionTest21" time="0"/>
  <testcase name="test10743" classname="RegressionTest21" time="0"/>
  <testcase name="test10744" classname="RegressionTest21" time="0"/>
  <testcase name="test10745" classname="RegressionTest21" time="0"/>
  <testcase name="test10746" classname="RegressionTest21" time="0"/>
  <testcase name="test10747" classname="RegressionTest21" time="0"/>
  <testcase name="test10748" classname="RegressionTest21" time="0"/>
  <testcase name="test10749" classname="RegressionTest21" time="0"/>
  <testcase name="test10750" classname="RegressionTest21" time="0.001"/>
  <testcase name="test10751" classname="RegressionTest21" time="0"/>
  <testcase name="test10752" classname="RegressionTest21" time="0"/>
  <testcase name="test10753" classname="RegressionTest21" time="0">
    <failure message="&apos;true&apos; != &apos;false&apos; expected:&lt;true&gt; but was:&lt;false&gt;" type="java.lang.AssertionError"><![CDATA[java.lang.AssertionError: 'true' != 'false' expected:<true> but was:<false>
	at RegressionTest21.test10753(RegressionTest21.java:2031)
]]></failure>
  </testcase>
  <testcase name="test10754" classname="RegressionTest21" time="0"/>
  <testcase name="test10755" classname="RegressionTest21" time="0"/>
  <testcase name="test10756" classname="RegressionTest21" time="0"/>
  <testcase name="test10757" classname="RegressionTest21" time="0"/>
  <testcase name="test10758" classname="RegressionTest21" time="0"/>
  <testcase name="test10759" classname="RegressionTest21" time="0"/>
  <testcase name="test10760" classname="RegressionTest21" time="0"/>
  <testcase name="test10761" classname="RegressionTest21" time="0"/>
  <testcase name="test10762" classname="RegressionTest21" time="0"/>
  <testcase name="test10763" classname="RegressionTest21" time="0"/>
  <testcase name="test10764" classname="RegressionTest21" time="0"/>
  <testcase name="test10765" classname="RegressionTest21" time="0"/>
  <testcase name="test10766" classname="RegressionTest21" time="0"/>
  <testcase name="test10767" classname="RegressionTest21" time="0">
    <failure message="&apos;true&apos; != &apos;false&apos; expected:&lt;true&gt; but was:&lt;false&gt;" type="java.lang.AssertionError"><![CDATA[java.lang.AssertionError: 'true' != 'false' expected:<true> but was:<false>
	at RegressionTest21.test10767(RegressionTest21.java:2143)
]]></failure>
  </testcase>
  <testcase name="test10768" classname="RegressionTest21" time="0"/>
  <testcase name="test10769" classname="RegressionTest21" time="0"/>
  <testcase name="test10770" classname="RegressionTest21" time="0"/>
  <testcase name="test10771" classname="RegressionTest21" time="0"/>
  <testcase name="test10772" classname="RegressionTest21" time="0"/>
  <testcase name="test10773" classname="RegressionTest21" time="0"/>
  <testcase name="test10774" classname="RegressionTest21" time="0"/>
  <testcase name="test10775" classname="RegressionTest21" time="0"/>
  <testcase name="test10776" classname="RegressionTest21" time="0"/>
  <testcase name="test10777" classname="RegressionTest21" time="0"/>
  <testcase name="test10778" classname="RegressionTest21" time="0"/>
  <testcase name="test10779" classname="RegressionTest21" time="0"/>
  <testcase name="test10780" classname="RegressionTest21" time="0"/>
  <testcase name="test10781" classname="RegressionTest21" time="0"/>
  <testcase name="test10782" classname="RegressionTest21" time="0"/>
  <testcase name="test10783" classname="RegressionTest21" time="0"/>
  <testcase name="test10784" classname="RegressionTest21" time="0"/>
  <testcase name="test10785" classname="RegressionTest21" time="0">
    <failure message="&apos;true&apos; != &apos;false&apos; expected:&lt;true&gt; but was:&lt;false&gt;" type="java.lang.AssertionError"><![CDATA[java.lang.AssertionError: 'true' != 'false' expected:<true> but was:<false>
	at RegressionTest21.test10785(RegressionTest21.java:2287)
]]></failure>
  </testcase>
  <testcase name="test10786" classname="RegressionTest21" time="0">
    <failure message="&apos;true&apos; != &apos;false&apos; expected:&lt;true&gt; but was:&lt;false&gt;" type="java.lang.AssertionError"><![CDATA[java.lang.AssertionError: 'true' != 'false' expected:<true> but was:<false>
	at RegressionTest21.test10786(RegressionTest21.java:2295)
]]></failure>
  </testcase>
  <testcase name="test10787" classname="RegressionTest21" time="0"/>
  <testcase name="test10788" classname="RegressionTest21" time="0"/>
  <testcase name="test10789" classname="RegressionTest21" time="0"/>
  <testcase name="test10790" classname="RegressionTest21" time="0"/>
  <testcase name="test10791" classname="RegressionTest21" time="0"/>
  <testcase name="test10792" classname="RegressionTest21" time="0"/>
  <testcase name="test10793" classname="RegressionTest21" time="0"/>
  <testcase name="test10794" classname="RegressionTest21" time="0.001"/>
  <testcase name="test10795" classname="RegressionTest21" time="0"/>
  <testcase name="test10796" classname="RegressionTest21" time="0"/>
  <testcase name="test10797" classname="RegressionTest21" time="0"/>
  <testcase name="test10798" classname="RegressionTest21" time="0"/>
  <testcase name="test10799" classname="RegressionTest21" time="0"/>
  <testcase name="test10800" classname="RegressionTest21" time="0"/>
  <testcase name="test10801" classname="RegressionTest21" time="0"/>
  <testcase name="test10802" classname="RegressionTest21" time="0"/>
  <testcase name="test10803" classname="RegressionTest21" time="0"/>
  <testcase name="test10804" classname="RegressionTest21" time="0"/>
  <testcase name="test10805" classname="RegressionTest21" time="0"/>
  <testcase name="test10806" classname="RegressionTest21" time="0"/>
  <testcase name="test10807" classname="RegressionTest21" time="0"/>
  <testcase name="test10808" classname="RegressionTest21" time="0"/>
  <testcase name="test10809" classname="RegressionTest21" time="0"/>
  <testcase name="test10810" classname="RegressionTest21" time="0"/>
  <testcase name="test10811" classname="RegressionTest21" time="0"/>
  <testcase name="test10812" classname="RegressionTest21" time="0"/>
  <testcase name="test10813" classname="RegressionTest21" time="0"/>
  <testcase name="test10814" classname="RegressionTest21" time="0"/>
  <testcase name="test10815" classname="RegressionTest21" time="0">
    <failure message="&apos;true&apos; != &apos;false&apos; expected:&lt;true&gt; but was:&lt;false&gt;" type="java.lang.AssertionError"><![CDATA[java.lang.AssertionError: 'true' != 'false' expected:<true> but was:<false>
	at RegressionTest21.test10815(RegressionTest21.java:2527)
]]></failure>
  </testcase>
  <testcase name="test10816" classname="RegressionTest21" time="0"/>
  <testcase name="test10817" classname="RegressionTest21" time="0"/>
  <testcase name="test10818" classname="RegressionTest21" time="0"/>
  <testcase name="test10819" classname="RegressionTest21" time="0"/>
  <testcase name="test10820" classname="RegressionTest21" time="0"/>
  <testcase name="test10821" classname="RegressionTest21" time="0"/>
  <testcase name="test10822" classname="RegressionTest21" time="0"/>
  <testcase name="test10823" classname="RegressionTest21" time="0"/>
  <testcase name="test10824" classname="RegressionTest21" time="0">
    <failure message="&apos;true&apos; != &apos;false&apos; expected:&lt;true&gt; but was:&lt;false&gt;" type="java.lang.AssertionError"><![CDATA[java.lang.AssertionError: 'true' != 'false' expected:<true> but was:<false>
	at RegressionTest21.test10824(RegressionTest21.java:2599)
]]></failure>
  </testcase>
  <testcase name="test10825" classname="RegressionTest21" time="0"/>
  <testcase name="test10826" classname="RegressionTest21" time="0"/>
  <testcase name="test10827" classname="RegressionTest21" time="0"/>
  <testcase name="test10828" classname="RegressionTest21" time="0"/>
  <testcase name="test10829" classname="RegressionTest21" time="0"/>
  <testcase name="test10830" classname="RegressionTest21" time="0"/>
  <testcase name="test10831" classname="RegressionTest21" time="0"/>
  <testcase name="test10832" classname="RegressionTest21" time="0"/>
  <testcase name="test10833" classname="RegressionTest21" time="0"/>
  <testcase name="test10834" classname="RegressionTest21" time="0"/>
  <testcase name="test10835" classname="RegressionTest21" time="0"/>
  <testcase name="test10836" classname="RegressionTest21" time="0"/>
  <testcase name="test10837" classname="RegressionTest21" time="0"/>
  <testcase name="test10838" classname="RegressionTest21" time="0"/>
  <testcase name="test10839" classname="RegressionTest21" time="0"/>
  <testcase name="test10840" classname="RegressionTest21" time="0"/>
  <testcase name="test10841" classname="RegressionTest21" time="0"/>
  <testcase name="test10842" classname="RegressionTest21" time="0">
    <failure message="&apos;true&apos; != &apos;false&apos; expected:&lt;true&gt; but was:&lt;false&gt;" type="java.lang.AssertionError"><![CDATA[java.lang.AssertionError: 'true' != 'false' expected:<true> but was:<false>
	at RegressionTest21.test10842(RegressionTest21.java:2743)
]]></failure>
  </testcase>
  <testcase name="test10843" classname="RegressionTest21" time="0.001"/>
  <testcase name="test10844" classname="RegressionTest21" time="0"/>
  <testcase name="test10845" classname="RegressionTest21" time="0"/>
  <testcase name="test10846" classname="RegressionTest21" time="0">
    <failure message="&apos;true&apos; != &apos;false&apos; expected:&lt;true&gt; but was:&lt;false&gt;" type="java.lang.AssertionError"><![CDATA[java.lang.AssertionError: 'true' != 'false' expected:<true> but was:<false>
	at RegressionTest21.test10846(RegressionTest21.java:2775)
]]></failure>
  </testcase>
  <testcase name="test10847" classname="RegressionTest21" time="0"/>
  <testcase name="test10848" classname="RegressionTest21" time="0"/>
  <testcase name="test10849" classname="RegressionTest21" time="0"/>
  <testcase name="test10850" classname="RegressionTest21" time="0"/>
  <testcase name="test10851" classname="RegressionTest21" time="0"/>
  <testcase name="test10852" classname="RegressionTest21" time="0"/>
  <testcase name="test10853" classname="RegressionTest21" time="0"/>
  <testcase name="test10854" classname="RegressionTest21" time="0"/>
  <testcase name="test10855" classname="RegressionTest21" time="0"/>
  <testcase name="test10856" classname="RegressionTest21" time="0"/>
  <testcase name="test10857" classname="RegressionTest21" time="0"/>
  <testcase name="test10858" classname="RegressionTest21" time="0"/>
  <testcase name="test10859" classname="RegressionTest21" time="0"/>
  <testcase name="test10860" classname="RegressionTest21" time="0"/>
  <testcase name="test10861" classname="RegressionTest21" time="0"/>
  <testcase name="test10862" classname="RegressionTest21" time="0"/>
  <testcase name="test10863" classname="RegressionTest21" time="0">
    <failure message="&apos;true&apos; != &apos;false&apos; expected:&lt;true&gt; but was:&lt;false&gt;" type="java.lang.AssertionError"><![CDATA[java.lang.AssertionError: 'true' != 'false' expected:<true> but was:<false>
	at RegressionTest21.test10863(RegressionTest21.java:2911)
]]></failure>
  </testcase>
  <testcase name="test10864" classname="RegressionTest21" time="0"/>
  <testcase name="test10865" classname="RegressionTest21" time="0">
    <failure message="&apos;true&apos; != &apos;false&apos; expected:&lt;true&gt; but was:&lt;false&gt;" type="java.lang.AssertionError"><![CDATA[java.lang.AssertionError: 'true' != 'false' expected:<true> but was:<false>
	at RegressionTest21.test10865(RegressionTest21.java:2927)
]]></failure>
  </testcase>
  <testcase name="test10866" classname="RegressionTest21" time="0"/>
  <testcase name="test10867" classname="RegressionTest21" time="0"/>
  <testcase name="test10868" classname="RegressionTest21" time="0"/>
  <testcase name="test10869" classname="RegressionTest21" time="0"/>
  <testcase name="test10870" classname="RegressionTest21" time="0"/>
  <testcase name="test10871" classname="RegressionTest21" time="0"/>
  <testcase name="test10872" classname="RegressionTest21" time="0"/>
  <testcase name="test10873" classname="RegressionTest21" time="0"/>
  <testcase name="test10874" classname="RegressionTest21" time="0"/>
  <testcase name="test10875" classname="RegressionTest21" time="0"/>
  <testcase name="test10876" classname="RegressionTest21" time="0"/>
  <testcase name="test10877" classname="RegressionTest21" time="0"/>
  <testcase name="test10878" classname="RegressionTest21" time="0"/>
  <testcase name="test10879" classname="RegressionTest21" time="0"/>
  <testcase name="test10880" classname="RegressionTest21" time="0"/>
  <testcase name="test10881" classname="RegressionTest21" time="0">
    <failure message="&apos;true&apos; != &apos;false&apos; expected:&lt;true&gt; but was:&lt;false&gt;" type="java.lang.AssertionError"><![CDATA[java.lang.AssertionError: 'true' != 'false' expected:<true> but was:<false>
	at RegressionTest21.test10881(RegressionTest21.java:3055)
]]></failure>
  </testcase>
  <testcase name="test10882" classname="RegressionTest21" time="0"/>
  <testcase name="test10883" classname="RegressionTest21" time="0"/>
  <testcase name="test10884" classname="RegressionTest21" time="0"/>
  <testcase name="test10885" classname="RegressionTest21" time="0"/>
  <testcase name="test10886" classname="RegressionTest21" time="0"/>
  <testcase name="test10887" classname="RegressionTest21" time="0"/>
  <testcase name="test10888" classname="RegressionTest21" time="0.001">
    <failure message="&apos;true&apos; != &apos;false&apos; expected:&lt;true&gt; but was:&lt;false&gt;" type="java.lang.AssertionError"><![CDATA[java.lang.AssertionError: 'true' != 'false' expected:<true> but was:<false>
	at RegressionTest21.test10888(RegressionTest21.java:3111)
]]></failure>
  </testcase>
  <testcase name="test10889" classname="RegressionTest21" time="0"/>
  <testcase name="test10890" classname="RegressionTest21" time="0"/>
  <testcase name="test10891" classname="RegressionTest21" time="0"/>
  <testcase name="test10892" classname="RegressionTest21" time="0"/>
  <testcase name="test10893" classname="RegressionTest21" time="0">
    <failure message="&apos;true&apos; != &apos;false&apos; expected:&lt;true&gt; but was:&lt;false&gt;" type="java.lang.AssertionError"><![CDATA[java.lang.AssertionError: 'true' != 'false' expected:<true> but was:<false>
	at RegressionTest21.test10893(RegressionTest21.java:3151)
]]></failure>
  </testcase>
  <testcase name="test10894" classname="RegressionTest21" time="0"/>
  <testcase name="test10895" classname="RegressionTest21" time="0"/>
  <testcase name="test10896" classname="RegressionTest21" time="0"/>
  <testcase name="test10897" classname="RegressionTest21" time="0"/>
  <testcase name="test10898" classname="RegressionTest21" time="0"/>
  <testcase name="test10899" classname="RegressionTest21" time="0"/>
  <testcase name="test10900" classname="RegressionTest21" time="0"/>
  <testcase name="test10901" classname="RegressionTest21" time="0"/>
  <testcase name="test10902" classname="RegressionTest21" time="0"/>
  <testcase name="test10903" classname="RegressionTest21" time="0"/>
  <testcase name="test10904" classname="RegressionTest21" time="0"/>
  <testcase name="test10905" classname="RegressionTest21" time="0"/>
  <testcase name="test10906" classname="RegressionTest21" time="0"/>
  <testcase name="test10907" classname="RegressionTest21" time="0"/>
  <testcase name="test10908" classname="RegressionTest21" time="0"/>
  <testcase name="test10909" classname="RegressionTest21" time="0"/>
  <testcase name="test10910" classname="RegressionTest21" time="0"/>
  <testcase name="test10911" classname="RegressionTest21" time="0"/>
  <testcase name="test10912" classname="RegressionTest21" time="0"/>
  <testcase name="test10913" classname="RegressionTest21" time="0"/>
  <testcase name="test10914" classname="RegressionTest21" time="0"/>
  <testcase name="test10915" classname="RegressionTest21" time="0"/>
  <testcase name="test10916" classname="RegressionTest21" time="0">
    <failure message="&apos;true&apos; != &apos;false&apos; expected:&lt;true&gt; but was:&lt;false&gt;" type="java.lang.AssertionError"><![CDATA[java.lang.AssertionError: 'true' != 'false' expected:<true> but was:<false>
	at RegressionTest21.test10916(RegressionTest21.java:3335)
]]></failure>
  </testcase>
  <testcase name="test10917" classname="RegressionTest21" time="0"/>
  <testcase name="test10918" classname="RegressionTest21" time="0"/>
  <testcase name="test10919" classname="RegressionTest21" time="0"/>
  <testcase name="test10920" classname="RegressionTest21" time="0"/>
  <testcase name="test10921" classname="RegressionTest21" time="0"/>
  <testcase name="test10922" classname="RegressionTest21" time="0"/>
  <testcase name="test10923" classname="RegressionTest21" time="0"/>
  <testcase name="test10924" classname="RegressionTest21" time="0"/>
  <testcase name="test10925" classname="RegressionTest21" time="0"/>
  <testcase name="test10926" classname="RegressionTest21" time="0"/>
  <testcase name="test10927" classname="RegressionTest21" time="0"/>
  <testcase name="test10928" classname="RegressionTest21" time="0"/>
  <testcase name="test10929" classname="RegressionTest21" time="0"/>
  <testcase name="test10930" classname="RegressionTest21" time="0"/>
  <testcase name="test10931" classname="RegressionTest21" time="0"/>
  <testcase name="test10932" classname="RegressionTest21" time="0"/>
  <testcase name="test10933" classname="RegressionTest21" time="0"/>
  <testcase name="test10934" classname="RegressionTest21" time="0"/>
  <testcase name="test10935" classname="RegressionTest21" time="0"/>
  <testcase name="test10936" classname="RegressionTest21" time="0"/>
  <testcase name="test10937" classname="RegressionTest21" time="0"/>
  <testcase name="test10938" classname="RegressionTest21" time="0"/>
  <testcase name="test10939" classname="RegressionTest21" time="0.001"/>
  <testcase name="test10940" classname="RegressionTest21" time="0"/>
  <testcase name="test10941" classname="RegressionTest21" time="0"/>
  <testcase name="test10942" classname="RegressionTest21" time="0"/>
  <testcase name="test10943" classname="RegressionTest21" time="0"/>
  <testcase name="test10944" classname="RegressionTest21" time="0"/>
  <testcase name="test10945" classname="RegressionTest21" time="0"/>
  <testcase name="test10946" classname="RegressionTest21" time="0"/>
  <testcase name="test10947" classname="RegressionTest21" time="0"/>
  <testcase name="test10948" classname="RegressionTest21" time="0"/>
  <testcase name="test10949" classname="RegressionTest21" time="0"/>
  <testcase name="test10950" classname="RegressionTest21" time="0"/>
  <testcase name="test10951" classname="RegressionTest21" time="0"/>
  <testcase name="test10952" classname="RegressionTest21" time="0"/>
  <testcase name="test10953" classname="RegressionTest21" time="0"/>
  <testcase name="test10954" classname="RegressionTest21" time="0"/>
  <testcase name="test10955" classname="RegressionTest21" time="0"/>
  <testcase name="test10956" classname="RegressionTest21" time="0"/>
  <testcase name="test10957" classname="RegressionTest21" time="0"/>
  <testcase name="test10958" classname="RegressionTest21" time="0">
    <failure message="&apos;true&apos; != &apos;false&apos; expected:&lt;true&gt; but was:&lt;false&gt;" type="java.lang.AssertionError"><![CDATA[java.lang.AssertionError: 'true' != 'false' expected:<true> but was:<false>
	at RegressionTest21.test10958(RegressionTest21.java:3671)
]]></failure>
  </testcase>
  <testcase name="test10959" classname="RegressionTest21" time="0"/>
  <testcase name="test10960" classname="RegressionTest21" time="0"/>
  <testcase name="test10961" classname="RegressionTest21" time="0"/>
  <testcase name="test10962" classname="RegressionTest21" time="0"/>
  <testcase name="test10963" classname="RegressionTest21" time="0"/>
  <testcase name="test10964" classname="RegressionTest21" time="0"/>
  <testcase name="test10965" classname="RegressionTest21" time="0"/>
  <testcase name="test10966" classname="RegressionTest21" time="0"/>
  <testcase name="test10967" classname="RegressionTest21" time="0"/>
  <testcase name="test10968" classname="RegressionTest21" time="0"/>
  <testcase name="test10969" classname="RegressionTest21" time="0"/>
  <testcase name="test10970" classname="RegressionTest21" time="0"/>
  <testcase name="test10971" classname="RegressionTest21" time="0"/>
  <testcase name="test10972" classname="RegressionTest21" time="0"/>
  <testcase name="test10973" classname="RegressionTest21" time="0"/>
  <testcase name="test10974" classname="RegressionTest21" time="0"/>
  <testcase name="test10975" classname="RegressionTest21" time="0"/>
  <testcase name="test10976" classname="RegressionTest21" time="0"/>
  <testcase name="test10977" classname="RegressionTest21" time="0"/>
  <testcase name="test10978" classname="RegressionTest21" time="0"/>
  <testcase name="test10979" classname="RegressionTest21" time="0"/>
  <testcase name="test10980" classname="RegressionTest21" time="0"/>
  <testcase name="test10981" classname="RegressionTest21" time="0"/>
  <testcase name="test10982" classname="RegressionTest21" time="0"/>
  <testcase name="test10983" classname="RegressionTest21" time="0"/>
  <testcase name="test10984" classname="RegressionTest21" time="0"/>
  <testcase name="test10985" classname="RegressionTest21" time="0"/>
  <testcase name="test10986" classname="RegressionTest21" time="0"/>
  <testcase name="test10987" classname="RegressionTest21" time="0"/>
  <testcase name="test10988" classname="RegressionTest21" time="0"/>
  <testcase name="test10989" classname="RegressionTest21" time="0"/>
  <testcase name="test10990" classname="RegressionTest21" time="0"/>
  <testcase name="test10991" classname="RegressionTest21" time="0">
    <failure message="&apos;true&apos; != &apos;false&apos; expected:&lt;true&gt; but was:&lt;false&gt;" type="java.lang.AssertionError"><![CDATA[java.lang.AssertionError: 'true' != 'false' expected:<true> but was:<false>
	at RegressionTest21.test10991(RegressionTest21.java:3935)
]]></failure>
  </testcase>
  <testcase name="test10992" classname="RegressionTest21" time="0.001">
    <failure message="&apos;true&apos; != &apos;false&apos; expected:&lt;true&gt; but was:&lt;false&gt;" type="java.lang.AssertionError"><![CDATA[java.lang.AssertionError: 'true' != 'false' expected:<true> but was:<false>
	at RegressionTest21.test10992(RegressionTest21.java:3943)
]]></failure>
  </testcase>
  <testcase name="test10993" classname="RegressionTest21" time="0"/>
  <testcase name="test10994" classname="RegressionTest21" time="0"/>
  <testcase name="test10995" classname="RegressionTest21" time="0"/>
  <testcase name="test10996" classname="RegressionTest21" time="0"/>
  <testcase name="test10997" classname="RegressionTest21" time="0"/>
  <testcase name="test10998" classname="RegressionTest21" time="0"/>
  <testcase name="test10999" classname="RegressionTest21" time="0"/>
  <testcase name="test11000" classname="RegressionTest21" time="0"/>
  <testcase name="test11001" classname="RegressionTest22" time="0"/>
  <testcase name="test11002" classname="RegressionTest22" time="0"/>
  <testcase name="test11003" classname="RegressionTest22" time="0"/>
  <testcase name="test11004" classname="RegressionTest22" time="0"/>
  <testcase name="test11005" classname="RegressionTest22" time="0"/>
  <testcase name="test11006" classname="RegressionTest22" time="0"/>
  <testcase name="test11007" classname="RegressionTest22" time="0"/>
  <testcase name="test11008" classname="RegressionTest22" time="0"/>
  <testcase name="test11009" classname="RegressionTest22" time="0"/>
  <testcase name="test11010" classname="RegressionTest22" time="0"/>
  <testcase name="test11011" classname="RegressionTest22" time="0"/>
  <testcase name="test11012" classname="RegressionTest22" time="0"/>
  <testcase name="test11013" classname="RegressionTest22" time="0"/>
  <testcase name="test11014" classname="RegressionTest22" time="0"/>
  <testcase name="test11015" classname="RegressionTest22" time="0"/>
  <testcase name="test11016" classname="RegressionTest22" time="0"/>
  <testcase name="test11017" classname="RegressionTest22" time="0"/>
  <testcase name="test11018" classname="RegressionTest22" time="0"/>
  <testcase name="test11019" classname="RegressionTest22" time="0"/>
  <testcase name="test11020" classname="RegressionTest22" time="0"/>
  <testcase name="test11021" classname="RegressionTest22" time="0"/>
  <testcase name="test11022" classname="RegressionTest22" time="0"/>
  <testcase name="test11023" classname="RegressionTest22" time="0.001"/>
  <testcase name="test11024" classname="RegressionTest22" time="0"/>
  <testcase name="test11025" classname="RegressionTest22" time="0"/>
  <testcase name="test11026" classname="RegressionTest22" time="0"/>
  <testcase name="test11027" classname="RegressionTest22" time="0"/>
  <testcase name="test11028" classname="RegressionTest22" time="0"/>
  <testcase name="test11029" classname="RegressionTest22" time="0"/>
  <testcase name="test11030" classname="RegressionTest22" time="0"/>
  <testcase name="test11031" classname="RegressionTest22" time="0"/>
  <testcase name="test11032" classname="RegressionTest22" time="0"/>
  <testcase name="test11033" classname="RegressionTest22" time="0"/>
  <testcase name="test11034" classname="RegressionTest22" time="0"/>
  <testcase name="test11035" classname="RegressionTest22" time="0"/>
  <testcase name="test11036" classname="RegressionTest22" time="0"/>
  <testcase name="test11037" classname="RegressionTest22" time="0"/>
  <testcase name="test11038" classname="RegressionTest22" time="0"/>
  <testcase name="test11039" classname="RegressionTest22" time="0"/>
  <testcase name="test11040" classname="RegressionTest22" time="0"/>
  <testcase name="test11041" classname="RegressionTest22" time="0"/>
  <testcase name="test11042" classname="RegressionTest22" time="0"/>
  <testcase name="test11043" classname="RegressionTest22" time="0"/>
  <testcase name="test11044" classname="RegressionTest22" time="0"/>
  <testcase name="test11045" classname="RegressionTest22" time="0"/>
  <testcase name="test11046" classname="RegressionTest22" time="0"/>
  <testcase name="test11047" classname="RegressionTest22" time="0"/>
  <testcase name="test11048" classname="RegressionTest22" time="0"/>
  <testcase name="test11049" classname="RegressionTest22" time="0"/>
  <testcase name="test11050" classname="RegressionTest22" time="0"/>
  <testcase name="test11051" classname="RegressionTest22" time="0"/>
  <testcase name="test11052" classname="RegressionTest22" time="0"/>
  <testcase name="test11053" classname="RegressionTest22" time="0">
    <failure message="&apos;true&apos; != &apos;false&apos; expected:&lt;true&gt; but was:&lt;false&gt;" type="java.lang.AssertionError"><![CDATA[java.lang.AssertionError: 'true' != 'false' expected:<true> but was:<false>
	at RegressionTest22.test11053(RegressionTest22.java:431)
]]></failure>
  </testcase>
  <testcase name="test11054" classname="RegressionTest22" time="0"/>
  <testcase name="test11055" classname="RegressionTest22" time="0"/>
  <testcase name="test11056" classname="RegressionTest22" time="0"/>
  <testcase name="test11057" classname="RegressionTest22" time="0"/>
  <testcase name="test11058" classname="RegressionTest22" time="0"/>
  <testcase name="test11059" classname="RegressionTest22" time="0"/>
  <testcase name="test11060" classname="RegressionTest22" time="0"/>
  <testcase name="test11061" classname="RegressionTest22" time="0"/>
  <testcase name="test11062" classname="RegressionTest22" time="0"/>
  <testcase name="test11063" classname="RegressionTest22" time="0"/>
  <testcase name="test11064" classname="RegressionTest22" time="0"/>
  <testcase name="test11065" classname="RegressionTest22" time="0"/>
  <testcase name="test11066" classname="RegressionTest22" time="0"/>
  <testcase name="test11067" classname="RegressionTest22" time="0"/>
  <testcase name="test11068" classname="RegressionTest22" time="0">
    <failure message="&apos;true&apos; != &apos;false&apos; expected:&lt;true&gt; but was:&lt;false&gt;" type="java.lang.AssertionError"><![CDATA[java.lang.AssertionError: 'true' != 'false' expected:<true> but was:<false>
	at RegressionTest22.test11068(RegressionTest22.java:551)
]]></failure>
  </testcase>
  <testcase name="test11069" classname="RegressionTest22" time="0"/>
  <testcase name="test11070" classname="RegressionTest22" time="0"/>
  <testcase name="test11071" classname="RegressionTest22" time="0"/>
  <testcase name="test11072" classname="RegressionTest22" time="0.001"/>
  <testcase name="test11073" classname="RegressionTest22" time="0"/>
  <testcase name="test11074" classname="RegressionTest22" time="0"/>
  <testcase name="test11075" classname="RegressionTest22" time="0"/>
  <testcase name="test11076" classname="RegressionTest22" time="0"/>
  <testcase name="test11077" classname="RegressionTest22" time="0"/>
  <testcase name="test11078" classname="RegressionTest22" time="0"/>
  <testcase name="test11079" classname="RegressionTest22" time="0"/>
  <testcase name="test11080" classname="RegressionTest22" time="0">
    <failure message="&apos;true&apos; != &apos;false&apos; expected:&lt;true&gt; but was:&lt;false&gt;" type="java.lang.AssertionError"><![CDATA[java.lang.AssertionError: 'true' != 'false' expected:<true> but was:<false>
	at RegressionTest22.test11080(RegressionTest22.java:647)
]]></failure>
  </testcase>
  <testcase name="test11081" classname="RegressionTest22" time="0"/>
  <testcase name="test11082" classname="RegressionTest22" time="0"/>
  <testcase name="test11083" classname="RegressionTest22" time="0"/>
  <testcase name="test11084" classname="RegressionTest22" time="0"/>
  <testcase name="test11085" classname="RegressionTest22" time="0"/>
  <testcase name="test11086" classname="RegressionTest22" time="0"/>
  <testcase name="test11087" classname="RegressionTest22" time="0"/>
  <testcase name="test11088" classname="RegressionTest22" time="0"/>
  <testcase name="test11089" classname="RegressionTest22" time="0"/>
  <testcase name="test11090" classname="RegressionTest22" time="0"/>
  <testcase name="test11091" classname="RegressionTest22" time="0"/>
  <testcase name="test11092" classname="RegressionTest22" time="0">
    <failure message="&apos;true&apos; != &apos;false&apos; expected:&lt;true&gt; but was:&lt;false&gt;" type="java.lang.AssertionError"><![CDATA[java.lang.AssertionError: 'true' != 'false' expected:<true> but was:<false>
	at RegressionTest22.test11092(RegressionTest22.java:743)
]]></failure>
  </testcase>
  <testcase name="test11093" classname="RegressionTest22" time="0"/>
  <testcase name="test11094" classname="RegressionTest22" time="0"/>
  <testcase name="test11095" classname="RegressionTest22" time="0">
    <failure message="&apos;true&apos; != &apos;false&apos; expected:&lt;true&gt; but was:&lt;false&gt;" type="java.lang.AssertionError"><![CDATA[java.lang.AssertionError: 'true' != 'false' expected:<true> but was:<false>
	at RegressionTest22.test11095(RegressionTest22.java:767)
]]></failure>
  </testcase>
  <testcase name="test11096" classname="RegressionTest22" time="0"/>
  <testcase name="test11097" classname="RegressionTest22" time="0"/>
  <testcase name="test11098" classname="RegressionTest22" time="0"/>
  <testcase name="test11099" classname="RegressionTest22" time="0"/>
  <testcase name="test11100" classname="RegressionTest22" time="0"/>
  <testcase name="test11101" classname="RegressionTest22" time="0"/>
  <testcase name="test11102" classname="RegressionTest22" time="0"/>
  <testcase name="test11103" classname="RegressionTest22" time="0"/>
  <testcase name="test11104" classname="RegressionTest22" time="0">
    <failure message="&apos;true&apos; != &apos;false&apos; expected:&lt;true&gt; but was:&lt;false&gt;" type="java.lang.AssertionError"><![CDATA[java.lang.AssertionError: 'true' != 'false' expected:<true> but was:<false>
	at RegressionTest22.test11104(RegressionTest22.java:839)
]]></failure>
  </testcase>
  <testcase name="test11105" classname="RegressionTest22" time="0"/>
  <testcase name="test11106" classname="RegressionTest22" time="0"/>
  <testcase name="test11107" classname="RegressionTest22" time="0"/>
  <testcase name="test11108" classname="RegressionTest22" time="0"/>
  <testcase name="test11109" classname="RegressionTest22" time="0"/>
  <testcase name="test11110" classname="RegressionTest22" time="0"/>
  <testcase name="test11111" classname="RegressionTest22" time="0.001"/>
  <testcase name="test11112" classname="RegressionTest22" time="0"/>
  <testcase name="test11113" classname="RegressionTest22" time="0"/>
  <testcase name="test11114" classname="RegressionTest22" time="0"/>
  <testcase name="test11115" classname="RegressionTest22" time="0"/>
  <testcase name="test11116" classname="RegressionTest22" time="0">
    <failure message="&apos;true&apos; != &apos;false&apos; expected:&lt;true&gt; but was:&lt;false&gt;" type="java.lang.AssertionError"><![CDATA[java.lang.AssertionError: 'true' != 'false' expected:<true> but was:<false>
	at RegressionTest22.test11116(RegressionTest22.java:935)
]]></failure>
  </testcase>
  <testcase name="test11117" classname="RegressionTest22" time="0">
    <failure message="&apos;true&apos; != &apos;false&apos; expected:&lt;true&gt; but was:&lt;false&gt;" type="java.lang.AssertionError"><![CDATA[java.lang.AssertionError: 'true' != 'false' expected:<true> but was:<false>
	at RegressionTest22.test11117(RegressionTest22.java:943)
]]></failure>
  </testcase>
  <testcase name="test11118" classname="RegressionTest22" time="0"/>
  <testcase name="test11119" classname="RegressionTest22" time="0"/>
  <testcase name="test11120" classname="RegressionTest22" time="0"/>
  <testcase name="test11121" classname="RegressionTest22" time="0"/>
  <testcase name="test11122" classname="RegressionTest22" time="0"/>
  <testcase name="test11123" classname="RegressionTest22" time="0"/>
  <testcase name="test11124" classname="RegressionTest22" time="0"/>
  <testcase name="test11125" classname="RegressionTest22" time="0"/>
  <testcase name="test11126" classname="RegressionTest22" time="0"/>
  <testcase name="test11127" classname="RegressionTest22" time="0"/>
  <testcase name="test11128" classname="RegressionTest22" time="0"/>
  <testcase name="test11129" classname="RegressionTest22" time="0"/>
  <testcase name="test11130" classname="RegressionTest22" time="0"/>
  <testcase name="test11131" classname="RegressionTest22" time="0"/>
  <testcase name="test11132" classname="RegressionTest22" time="0"/>
  <testcase name="test11133" classname="RegressionTest22" time="0"/>
  <testcase name="test11134" classname="RegressionTest22" time="0"/>
  <testcase name="test11135" classname="RegressionTest22" time="0"/>
  <testcase name="test11136" classname="RegressionTest22" time="0"/>
  <testcase name="test11137" classname="RegressionTest22" time="0"/>
  <testcase name="test11138" classname="RegressionTest22" time="0"/>
  <testcase name="test11139" classname="RegressionTest22" time="0"/>
  <testcase name="test11140" classname="RegressionTest22" time="0"/>
  <testcase name="test11141" classname="RegressionTest22" time="0"/>
  <testcase name="test11142" classname="RegressionTest22" time="0"/>
  <testcase name="test11143" classname="RegressionTest22" time="0"/>
  <testcase name="test11144" classname="RegressionTest22" time="0"/>
  <testcase name="test11145" classname="RegressionTest22" time="0"/>
  <testcase name="test11146" classname="RegressionTest22" time="0"/>
  <testcase name="test11147" classname="RegressionTest22" time="0">
    <failure message="&apos;true&apos; != &apos;false&apos; expected:&lt;true&gt; but was:&lt;false&gt;" type="java.lang.AssertionError"><![CDATA[java.lang.AssertionError: 'true' != 'false' expected:<true> but was:<false>
	at RegressionTest22.test11147(RegressionTest22.java:1183)
]]></failure>
  </testcase>
  <testcase name="test11148" classname="RegressionTest22" time="0"/>
  <testcase name="test11149" classname="RegressionTest22" time="0"/>
  <testcase name="test11150" classname="RegressionTest22" time="0"/>
  <testcase name="test11151" classname="RegressionTest22" time="0">
    <failure message="&apos;true&apos; != &apos;false&apos; expected:&lt;true&gt; but was:&lt;false&gt;" type="java.lang.AssertionError"><![CDATA[java.lang.AssertionError: 'true' != 'false' expected:<true> but was:<false>
	at RegressionTest22.test11151(RegressionTest22.java:1215)
]]></failure>
  </testcase>
  <testcase name="test11152" classname="RegressionTest22" time="0">
    <failure message="&apos;true&apos; != &apos;false&apos; expected:&lt;true&gt; but was:&lt;false&gt;" type="java.lang.AssertionError"><![CDATA[java.lang.AssertionError: 'true' != 'false' expected:<true> but was:<false>
	at RegressionTest22.test11152(RegressionTest22.java:1223)
]]></failure>
  </testcase>
  <testcase name="test11153" classname="RegressionTest22" time="0"/>
  <testcase name="test11154" classname="RegressionTest22" time="0"/>
  <testcase name="test11155" classname="RegressionTest22" time="0"/>
  <testcase name="test11156" classname="RegressionTest22" time="0.001"/>
  <testcase name="test11157" classname="RegressionTest22" time="0"/>
  <testcase name="test11158" classname="RegressionTest22" time="0"/>
  <testcase name="test11159" classname="RegressionTest22" time="0"/>
  <testcase name="test11160" classname="RegressionTest22" time="0"/>
  <testcase name="test11161" classname="RegressionTest22" time="0"/>
  <testcase name="test11162" classname="RegressionTest22" time="0"/>
  <testcase name="test11163" classname="RegressionTest22" time="0"/>
  <testcase name="test11164" classname="RegressionTest22" time="0"/>
  <testcase name="test11165" classname="RegressionTest22" time="0"/>
  <testcase name="test11166" classname="RegressionTest22" time="0"/>
  <testcase name="test11167" classname="RegressionTest22" time="0"/>
  <testcase name="test11168" classname="RegressionTest22" time="0"/>
  <testcase name="test11169" classname="RegressionTest22" time="0"/>
  <testcase name="test11170" classname="RegressionTest22" time="0"/>
  <testcase name="test11171" classname="RegressionTest22" time="0"/>
  <testcase name="test11172" classname="RegressionTest22" time="0"/>
  <testcase name="test11173" classname="RegressionTest22" time="0"/>
  <testcase name="test11174" classname="RegressionTest22" time="0"/>
  <testcase name="test11175" classname="RegressionTest22" time="0"/>
  <testcase name="test11176" classname="RegressionTest22" time="0"/>
  <testcase name="test11177" classname="RegressionTest22" time="0"/>
  <testcase name="test11178" classname="RegressionTest22" time="0"/>
  <testcase name="test11179" classname="RegressionTest22" time="0"/>
  <testcase name="test11180" classname="RegressionTest22" time="0"/>
  <testcase name="test11181" classname="RegressionTest22" time="0"/>
  <testcase name="test11182" classname="RegressionTest22" time="0"/>
  <testcase name="test11183" classname="RegressionTest22" time="0"/>
  <testcase name="test11184" classname="RegressionTest22" time="0"/>
  <testcase name="test11185" classname="RegressionTest22" time="0"/>
  <testcase name="test11186" classname="RegressionTest22" time="0">
    <failure message="&apos;true&apos; != &apos;false&apos; expected:&lt;true&gt; but was:&lt;false&gt;" type="java.lang.AssertionError"><![CDATA[java.lang.AssertionError: 'true' != 'false' expected:<true> but was:<false>
	at RegressionTest22.test11186(RegressionTest22.java:1495)
]]></failure>
  </testcase>
  <testcase name="test11187" classname="RegressionTest22" time="0"/>
  <testcase name="test11188" classname="RegressionTest22" time="0"/>
  <testcase name="test11189" classname="RegressionTest22" time="0"/>
  <testcase name="test11190" classname="RegressionTest22" time="0"/>
  <testcase name="test11191" classname="RegressionTest22" time="0"/>
  <testcase name="test11192" classname="RegressionTest22" time="0"/>
  <testcase name="test11193" classname="RegressionTest22" time="0"/>
  <testcase name="test11194" classname="RegressionTest22" time="0"/>
  <testcase name="test11195" classname="RegressionTest22" time="0"/>
  <testcase name="test11196" classname="RegressionTest22" time="0"/>
  <testcase name="test11197" classname="RegressionTest22" time="0.001"/>
  <testcase name="test11198" classname="RegressionTest22" time="0"/>
  <testcase name="test11199" classname="RegressionTest22" time="0"/>
  <testcase name="test11200" classname="RegressionTest22" time="0">
    <failure message="&apos;true&apos; != &apos;false&apos; expected:&lt;true&gt; but was:&lt;false&gt;" type="java.lang.AssertionError"><![CDATA[java.lang.AssertionError: 'true' != 'false' expected:<true> but was:<false>
	at RegressionTest22.test11200(RegressionTest22.java:1607)
]]></failure>
  </testcase>
  <testcase name="test11201" classname="RegressionTest22" time="0"/>
  <testcase name="test11202" classname="RegressionTest22" time="0"/>
  <testcase name="test11203" classname="RegressionTest22" time="0"/>
  <testcase name="test11204" classname="RegressionTest22" time="0">
    <failure message="&apos;true&apos; != &apos;false&apos; expected:&lt;true&gt; but was:&lt;false&gt;" type="java.lang.AssertionError"><![CDATA[java.lang.AssertionError: 'true' != 'false' expected:<true> but was:<false>
	at RegressionTest22.test11204(RegressionTest22.java:1639)
]]></failure>
  </testcase>
  <testcase name="test11205" classname="RegressionTest22" time="0"/>
  <testcase name="test11206" classname="RegressionTest22" time="0"/>
  <testcase name="test11207" classname="RegressionTest22" time="0"/>
  <testcase name="test11208" classname="RegressionTest22" time="0"/>
  <testcase name="test11209" classname="RegressionTest22" time="0"/>
  <testcase name="test11210" classname="RegressionTest22" time="0"/>
  <testcase name="test11211" classname="RegressionTest22" time="0"/>
  <testcase name="test11212" classname="RegressionTest22" time="0"/>
  <testcase name="test11213" classname="RegressionTest22" time="0">
    <failure message="&apos;true&apos; != &apos;false&apos; expected:&lt;true&gt; but was:&lt;false&gt;" type="java.lang.AssertionError"><![CDATA[java.lang.AssertionError: 'true' != 'false' expected:<true> but was:<false>
	at RegressionTest22.test11213(RegressionTest22.java:1711)
]]></failure>
  </testcase>
  <testcase name="test11214" classname="RegressionTest22" time="0"/>
  <testcase name="test11215" classname="RegressionTest22" time="0"/>
  <testcase name="test11216" classname="RegressionTest22" time="0"/>
  <testcase name="test11217" classname="RegressionTest22" time="0"/>
  <testcase name="test11218" classname="RegressionTest22" time="0"/>
  <testcase name="test11219" classname="RegressionTest22" time="0"/>
  <testcase name="test11220" classname="RegressionTest22" time="0"/>
  <testcase name="test11221" classname="RegressionTest22" time="0"/>
  <testcase name="test11222" classname="RegressionTest22" time="0"/>
  <testcase name="test11223" classname="RegressionTest22" time="0"/>
  <testcase name="test11224" classname="RegressionTest22" time="0"/>
  <testcase name="test11225" classname="RegressionTest22" time="0"/>
  <testcase name="test11226" classname="RegressionTest22" time="0"/>
  <testcase name="test11227" classname="RegressionTest22" time="0"/>
  <testcase name="test11228" classname="RegressionTest22" time="0"/>
  <testcase name="test11229" classname="RegressionTest22" time="0"/>
  <testcase name="test11230" classname="RegressionTest22" time="0"/>
  <testcase name="test11231" classname="RegressionTest22" time="0"/>
  <testcase name="test11232" classname="RegressionTest22" time="0"/>
  <testcase name="test11233" classname="RegressionTest22" time="0"/>
  <testcase name="test11234" classname="RegressionTest22" time="0"/>
  <testcase name="test11235" classname="RegressionTest22" time="0"/>
  <testcase name="test11236" classname="RegressionTest22" time="0"/>
  <testcase name="test11237" classname="RegressionTest22" time="0"/>
  <testcase name="test11238" classname="RegressionTest22" time="0"/>
  <testcase name="test11239" classname="RegressionTest22" time="0"/>
  <testcase name="test11240" classname="RegressionTest22" time="0"/>
  <testcase name="test11241" classname="RegressionTest22" time="0"/>
  <testcase name="test11242" classname="RegressionTest22" time="0"/>
  <testcase name="test11243" classname="RegressionTest22" time="0"/>
  <testcase name="test11244" classname="RegressionTest22" time="0"/>
  <testcase name="test11245" classname="RegressionTest22" time="0"/>
  <testcase name="test11246" classname="RegressionTest22" time="0.001"/>
  <testcase name="test11247" classname="RegressionTest22" time="0"/>
  <testcase name="test11248" classname="RegressionTest22" time="0"/>
  <testcase name="test11249" classname="RegressionTest22" time="0"/>
  <testcase name="test11250" classname="RegressionTest22" time="0"/>
  <testcase name="test11251" classname="RegressionTest22" time="0"/>
  <testcase name="test11252" classname="RegressionTest22" time="0"/>
  <testcase name="test11253" classname="RegressionTest22" time="0"/>
  <testcase name="test11254" classname="RegressionTest22" time="0"/>
  <testcase name="test11255" classname="RegressionTest22" time="0"/>
  <testcase name="test11256" classname="RegressionTest22" time="0"/>
  <testcase name="test11257" classname="RegressionTest22" time="0"/>
  <testcase name="test11258" classname="RegressionTest22" time="0"/>
  <testcase name="test11259" classname="RegressionTest22" time="0"/>
  <testcase name="test11260" classname="RegressionTest22" time="0"/>
  <testcase name="test11261" classname="RegressionTest22" time="0"/>
  <testcase name="test11262" classname="RegressionTest22" time="0"/>
  <testcase name="test11263" classname="RegressionTest22" time="0"/>
  <testcase name="test11264" classname="RegressionTest22" time="0"/>
  <testcase name="test11265" classname="RegressionTest22" time="0"/>
  <testcase name="test11266" classname="RegressionTest22" time="0"/>
  <testcase name="test11267" classname="RegressionTest22" time="0"/>
  <testcase name="test11268" classname="RegressionTest22" time="0"/>
  <testcase name="test11269" classname="RegressionTest22" time="0"/>
  <testcase name="test11270" classname="RegressionTest22" time="0"/>
  <testcase name="test11271" classname="RegressionTest22" time="0"/>
  <testcase name="test11272" classname="RegressionTest22" time="0"/>
  <testcase name="test11273" classname="RegressionTest22" time="0">
    <failure message="&apos;true&apos; != &apos;false&apos; expected:&lt;true&gt; but was:&lt;false&gt;" type="java.lang.AssertionError"><![CDATA[java.lang.AssertionError: 'true' != 'false' expected:<true> but was:<false>
	at RegressionTest22.test11273(RegressionTest22.java:2191)
]]></failure>
  </testcase>
  <testcase name="test11274" classname="RegressionTest22" time="0"/>
  <testcase name="test11275" classname="RegressionTest22" time="0"/>
  <testcase name="test11276" classname="RegressionTest22" time="0">
    <failure message="&apos;true&apos; != &apos;false&apos; expected:&lt;true&gt; but was:&lt;false&gt;" type="java.lang.AssertionError"><![CDATA[java.lang.AssertionError: 'true' != 'false' expected:<true> but was:<false>
	at RegressionTest22.test11276(RegressionTest22.java:2215)
]]></failure>
  </testcase>
  <testcase name="test11277" classname="RegressionTest22" time="0"/>
  <testcase name="test11278" classname="RegressionTest22" time="0"/>
  <testcase name="test11279" classname="RegressionTest22" time="0"/>
  <testcase name="test11280" classname="RegressionTest22" time="0"/>
  <testcase name="test11281" classname="RegressionTest22" time="0"/>
  <testcase name="test11282" classname="RegressionTest22" time="0"/>
  <testcase name="test11283" classname="RegressionTest22" time="0"/>
  <testcase name="test11284" classname="RegressionTest22" time="0"/>
  <testcase name="test11285" classname="RegressionTest22" time="0"/>
  <testcase name="test11286" classname="RegressionTest22" time="0"/>
  <testcase name="test11287" classname="RegressionTest22" time="0"/>
  <testcase name="test11288" classname="RegressionTest22" time="0"/>
  <testcase name="test11289" classname="RegressionTest22" time="0"/>
  <testcase name="test11290" classname="RegressionTest22" time="0"/>
  <testcase name="test11291" classname="RegressionTest22" time="0"/>
  <testcase name="test11292" classname="RegressionTest22" time="0"/>
  <testcase name="test11293" classname="RegressionTest22" time="0"/>
  <testcase name="test11294" classname="RegressionTest22" time="0.001"/>
  <testcase name="test11295" classname="RegressionTest22" time="0"/>
  <testcase name="test11296" classname="RegressionTest22" time="0"/>
  <testcase name="test11297" classname="RegressionTest22" time="0"/>
  <testcase name="test11298" classname="RegressionTest22" time="0"/>
  <testcase name="test11299" classname="RegressionTest22" time="0"/>
  <testcase name="test11300" classname="RegressionTest22" time="0"/>
  <testcase name="test11301" classname="RegressionTest22" time="0"/>
  <testcase name="test11302" classname="RegressionTest22" time="0"/>
  <testcase name="test11303" classname="RegressionTest22" time="0"/>
  <testcase name="test11304" classname="RegressionTest22" time="0"/>
  <testcase name="test11305" classname="RegressionTest22" time="0"/>
  <testcase name="test11306" classname="RegressionTest22" time="0"/>
  <testcase name="test11307" classname="RegressionTest22" time="0"/>
  <testcase name="test11308" classname="RegressionTest22" time="0"/>
  <testcase name="test11309" classname="RegressionTest22" time="0"/>
  <testcase name="test11310" classname="RegressionTest22" time="0"/>
  <testcase name="test11311" classname="RegressionTest22" time="0"/>
  <testcase name="test11312" classname="RegressionTest22" time="0"/>
  <testcase name="test11313" classname="RegressionTest22" time="0"/>
  <testcase name="test11314" classname="RegressionTest22" time="0"/>
  <testcase name="test11315" classname="RegressionTest22" time="0"/>
  <testcase name="test11316" classname="RegressionTest22" time="0"/>
  <testcase name="test11317" classname="RegressionTest22" time="0"/>
  <testcase name="test11318" classname="RegressionTest22" time="0"/>
  <testcase name="test11319" classname="RegressionTest22" time="0"/>
  <testcase name="test11320" classname="RegressionTest22" time="0"/>
  <testcase name="test11321" classname="RegressionTest22" time="0"/>
  <testcase name="test11322" classname="RegressionTest22" time="0"/>
  <testcase name="test11323" classname="RegressionTest22" time="0"/>
  <testcase name="test11324" classname="RegressionTest22" time="0"/>
  <testcase name="test11325" classname="RegressionTest22" time="0"/>
  <testcase name="test11326" classname="RegressionTest22" time="0"/>
  <testcase name="test11327" classname="RegressionTest22" time="0"/>
  <testcase name="test11328" classname="RegressionTest22" time="0"/>
  <testcase name="test11329" classname="RegressionTest22" time="0"/>
  <testcase name="test11330" classname="RegressionTest22" time="0"/>
  <testcase name="test11331" classname="RegressionTest22" time="0"/>
  <testcase name="test11332" classname="RegressionTest22" time="0"/>
  <testcase name="test11333" classname="RegressionTest22" time="0"/>
  <testcase name="test11334" classname="RegressionTest22" time="0"/>
  <testcase name="test11335" classname="RegressionTest22" time="0"/>
  <testcase name="test11336" classname="RegressionTest22" time="0"/>
  <testcase name="test11337" classname="RegressionTest22" time="0"/>
  <testcase name="test11338" classname="RegressionTest22" time="0"/>
  <testcase name="test11339" classname="RegressionTest22" time="0"/>
  <testcase name="test11340" classname="RegressionTest22" time="0"/>
  <testcase name="test11341" classname="RegressionTest22" time="0">
    <failure message="&apos;true&apos; != &apos;false&apos; expected:&lt;true&gt; but was:&lt;false&gt;" type="java.lang.AssertionError"><![CDATA[java.lang.AssertionError: 'true' != 'false' expected:<true> but was:<false>
	at RegressionTest22.test11341(RegressionTest22.java:2735)
]]></failure>
  </testcase>
  <testcase name="test11342" classname="RegressionTest22" time="0"/>
  <testcase name="test11343" classname="RegressionTest22" time="0.001"/>
  <testcase name="test11344" classname="RegressionTest22" time="0"/>
  <testcase name="test11345" classname="RegressionTest22" time="0"/>
  <testcase name="test11346" classname="RegressionTest22" time="0"/>
  <testcase name="test11347" classname="RegressionTest22" time="0"/>
  <testcase name="test11348" classname="RegressionTest22" time="0"/>
  <testcase name="test11349" classname="RegressionTest22" time="0"/>
  <testcase name="test11350" classname="RegressionTest22" time="0"/>
  <testcase name="test11351" classname="RegressionTest22" time="0"/>
  <testcase name="test11352" classname="RegressionTest22" time="0"/>
  <testcase name="test11353" classname="RegressionTest22" time="0"/>
  <testcase name="test11354" classname="RegressionTest22" time="0"/>
  <testcase name="test11355" classname="RegressionTest22" time="0"/>
  <testcase name="test11356" classname="RegressionTest22" time="0"/>
  <testcase name="test11357" classname="RegressionTest22" time="0"/>
  <testcase name="test11358" classname="RegressionTest22" time="0"/>
  <testcase name="test11359" classname="RegressionTest22" time="0"/>
  <testcase name="test11360" classname="RegressionTest22" time="0"/>
  <testcase name="test11361" classname="RegressionTest22" time="0"/>
  <testcase name="test11362" classname="RegressionTest22" time="0"/>
  <testcase name="test11363" classname="RegressionTest22" time="0"/>
  <testcase name="test11364" classname="RegressionTest22" time="0"/>
  <testcase name="test11365" classname="RegressionTest22" time="0"/>
  <testcase name="test11366" classname="RegressionTest22" time="0">
    <failure message="&apos;true&apos; != &apos;false&apos; expected:&lt;true&gt; but was:&lt;false&gt;" type="java.lang.AssertionError"><![CDATA[java.lang.AssertionError: 'true' != 'false' expected:<true> but was:<false>
	at RegressionTest22.test11366(RegressionTest22.java:2935)
]]></failure>
  </testcase>
  <testcase name="test11367" classname="RegressionTest22" time="0"/>
  <testcase name="test11368" classname="RegressionTest22" time="0"/>
  <testcase name="test11369" classname="RegressionTest22" time="0"/>
  <testcase name="test11370" classname="RegressionTest22" time="0"/>
  <testcase name="test11371" classname="RegressionTest22" time="0"/>
  <testcase name="test11372" classname="RegressionTest22" time="0"/>
  <testcase name="test11373" classname="RegressionTest22" time="0"/>
  <testcase name="test11374" classname="RegressionTest22" time="0"/>
  <testcase name="test11375" classname="RegressionTest22" time="0">
    <failure message="&apos;true&apos; != &apos;false&apos; expected:&lt;true&gt; but was:&lt;false&gt;" type="java.lang.AssertionError"><![CDATA[java.lang.AssertionError: 'true' != 'false' expected:<true> but was:<false>
	at RegressionTest22.test11375(RegressionTest22.java:3007)
]]></failure>
  </testcase>
  <testcase name="test11376" classname="RegressionTest22" time="0"/>
  <testcase name="test11377" classname="RegressionTest22" time="0"/>
  <testcase name="test11378" classname="RegressionTest22" time="0"/>
  <testcase name="test11379" classname="RegressionTest22" time="0"/>
  <testcase name="test11380" classname="RegressionTest22" time="0"/>
  <testcase name="test11381" classname="RegressionTest22" time="0"/>
  <testcase name="test11382" classname="RegressionTest22" time="0"/>
  <testcase name="test11383" classname="RegressionTest22" time="0"/>
  <testcase name="test11384" classname="RegressionTest22" time="0"/>
  <testcase name="test11385" classname="RegressionTest22" time="0"/>
  <testcase name="test11386" classname="RegressionTest22" time="0"/>
  <testcase name="test11387" classname="RegressionTest22" time="0"/>
  <testcase name="test11388" classname="RegressionTest22" time="0">
    <failure message="&apos;true&apos; != &apos;false&apos; expected:&lt;true&gt; but was:&lt;false&gt;" type="java.lang.AssertionError"><![CDATA[java.lang.AssertionError: 'true' != 'false' expected:<true> but was:<false>
	at RegressionTest22.test11388(RegressionTest22.java:3111)
]]></failure>
  </testcase>
  <testcase name="test11389" classname="RegressionTest22" time="0"/>
  <testcase name="test11390" classname="RegressionTest22" time="0"/>
  <testcase name="test11391" classname="RegressionTest22" time="0"/>
  <testcase name="test11392" classname="RegressionTest22" time="0"/>
  <testcase name="test11393" classname="RegressionTest22" time="0.001">
    <failure message="&apos;true&apos; != &apos;false&apos; expected:&lt;true&gt; but was:&lt;false&gt;" type="java.lang.AssertionError"><![CDATA[java.lang.AssertionError: 'true' != 'false' expected:<true> but was:<false>
	at RegressionTest22.test11393(RegressionTest22.java:3151)
]]></failure>
  </testcase>
  <testcase name="test11394" classname="RegressionTest22" time="0"/>
  <testcase name="test11395" classname="RegressionTest22" time="0"/>
  <testcase name="test11396" classname="RegressionTest22" time="0"/>
  <testcase name="test11397" classname="RegressionTest22" time="0"/>
  <testcase name="test11398" classname="RegressionTest22" time="0"/>
  <testcase name="test11399" classname="RegressionTest22" time="0"/>
  <testcase name="test11400" classname="RegressionTest22" time="0"/>
  <testcase name="test11401" classname="RegressionTest22" time="0">
    <failure message="&apos;true&apos; != &apos;false&apos; expected:&lt;true&gt; but was:&lt;false&gt;" type="java.lang.AssertionError"><![CDATA[java.lang.AssertionError: 'true' != 'false' expected:<true> but was:<false>
	at RegressionTest22.test11401(RegressionTest22.java:3215)
]]></failure>
  </testcase>
  <testcase name="test11402" classname="RegressionTest22" time="0"/>
  <testcase name="test11403" classname="RegressionTest22" time="0"/>
  <testcase name="test11404" classname="RegressionTest22" time="0"/>
  <testcase name="test11405" classname="RegressionTest22" time="0"/>
  <testcase name="test11406" classname="RegressionTest22" time="0"/>
  <testcase name="test11407" classname="RegressionTest22" time="0"/>
  <testcase name="test11408" classname="RegressionTest22" time="0"/>
  <testcase name="test11409" classname="RegressionTest22" time="0"/>
  <testcase name="test11410" classname="RegressionTest22" time="0"/>
  <testcase name="test11411" classname="RegressionTest22" time="0"/>
  <testcase name="test11412" classname="RegressionTest22" time="0"/>
  <testcase name="test11413" classname="RegressionTest22" time="0"/>
  <testcase name="test11414" classname="RegressionTest22" time="0">
    <failure message="&apos;true&apos; != &apos;false&apos; expected:&lt;true&gt; but was:&lt;false&gt;" type="java.lang.AssertionError"><![CDATA[java.lang.AssertionError: 'true' != 'false' expected:<true> but was:<false>
	at RegressionTest22.test11414(RegressionTest22.java:3319)
]]></failure>
  </testcase>
  <testcase name="test11415" classname="RegressionTest22" time="0"/>
  <testcase name="test11416" classname="RegressionTest22" time="0"/>
  <testcase name="test11417" classname="RegressionTest22" time="0"/>
  <testcase name="test11418" classname="RegressionTest22" time="0"/>
  <testcase name="test11419" classname="RegressionTest22" time="0"/>
  <testcase name="test11420" classname="RegressionTest22" time="0"/>
  <testcase name="test11421" classname="RegressionTest22" time="0"/>
  <testcase name="test11422" classname="RegressionTest22" time="0"/>
  <testcase name="test11423" classname="RegressionTest22" time="0"/>
  <testcase name="test11424" classname="RegressionTest22" time="0"/>
  <testcase name="test11425" classname="RegressionTest22" time="0"/>
  <testcase name="test11426" classname="RegressionTest22" time="0"/>
  <testcase name="test11427" classname="RegressionTest22" time="0"/>
  <testcase name="test11428" classname="RegressionTest22" time="0"/>
  <testcase name="test11429" classname="RegressionTest22" time="0"/>
  <testcase name="test11430" classname="RegressionTest22" time="0"/>
  <testcase name="test11431" classname="RegressionTest22" time="0"/>
  <testcase name="test11432" classname="RegressionTest22" time="0"/>
  <testcase name="test11433" classname="RegressionTest22" time="0"/>
  <testcase name="test11434" classname="RegressionTest22" time="0">
    <failure message="&apos;true&apos; != &apos;false&apos; expected:&lt;true&gt; but was:&lt;false&gt;" type="java.lang.AssertionError"><![CDATA[java.lang.AssertionError: 'true' != 'false' expected:<true> but was:<false>
	at RegressionTest22.test11434(RegressionTest22.java:3479)
]]></failure>
  </testcase>
  <testcase name="test11435" classname="RegressionTest22" time="0"/>
  <testcase name="test11436" classname="RegressionTest22" time="0">
    <failure message="&apos;true&apos; != &apos;false&apos; expected:&lt;true&gt; but was:&lt;false&gt;" type="java.lang.AssertionError"><![CDATA[java.lang.AssertionError: 'true' != 'false' expected:<true> but was:<false>
	at RegressionTest22.test11436(RegressionTest22.java:3495)
]]></failure>
  </testcase>
  <testcase name="test11437" classname="RegressionTest22" time="0"/>
  <testcase name="test11438" classname="RegressionTest22" time="0"/>
  <testcase name="test11439" classname="RegressionTest22" time="0"/>
  <testcase name="test11440" classname="RegressionTest22" time="0"/>
  <testcase name="test11441" classname="RegressionTest22" time="0"/>
  <testcase name="test11442" classname="RegressionTest22" time="0"/>
  <testcase name="test11443" classname="RegressionTest22" time="0.001"/>
  <testcase name="test11444" classname="RegressionTest22" time="0"/>
  <testcase name="test11445" classname="RegressionTest22" time="0"/>
  <testcase name="test11446" classname="RegressionTest22" time="0"/>
  <testcase name="test11447" classname="RegressionTest22" time="0"/>
  <testcase name="test11448" classname="RegressionTest22" time="0"/>
  <testcase name="test11449" classname="RegressionTest22" time="0"/>
  <testcase name="test11450" classname="RegressionTest22" time="0"/>
  <testcase name="test11451" classname="RegressionTest22" time="0"/>
  <testcase name="test11452" classname="RegressionTest22" time="0"/>
  <testcase name="test11453" classname="RegressionTest22" time="0"/>
  <testcase name="test11454" classname="RegressionTest22" time="0">
    <failure message="&apos;true&apos; != &apos;false&apos; expected:&lt;true&gt; but was:&lt;false&gt;" type="java.lang.AssertionError"><![CDATA[java.lang.AssertionError: 'true' != 'false' expected:<true> but was:<false>
	at RegressionTest22.test11454(RegressionTest22.java:3639)
]]></failure>
  </testcase>
  <testcase name="test11455" classname="RegressionTest22" time="0"/>
  <testcase name="test11456" classname="RegressionTest22" time="0"/>
  <testcase name="test11457" classname="RegressionTest22" time="0">
    <failure message="&apos;true&apos; != &apos;false&apos; expected:&lt;true&gt; but was:&lt;false&gt;" type="java.lang.AssertionError"><![CDATA[java.lang.AssertionError: 'true' != 'false' expected:<true> but was:<false>
	at RegressionTest22.test11457(RegressionTest22.java:3663)
]]></failure>
  </testcase>
  <testcase name="test11458" classname="RegressionTest22" time="0"/>
  <testcase name="test11459" classname="RegressionTest22" time="0"/>
  <testcase name="test11460" classname="RegressionTest22" time="0"/>
  <testcase name="test11461" classname="RegressionTest22" time="0"/>
  <testcase name="test11462" classname="RegressionTest22" time="0"/>
  <testcase name="test11463" classname="RegressionTest22" time="0"/>
  <testcase name="test11464" classname="RegressionTest22" time="0"/>
  <testcase name="test11465" classname="RegressionTest22" time="0">
    <failure message="&apos;true&apos; != &apos;false&apos; expected:&lt;true&gt; but was:&lt;false&gt;" type="java.lang.AssertionError"><![CDATA[java.lang.AssertionError: 'true' != 'false' expected:<true> but was:<false>
	at RegressionTest22.test11465(RegressionTest22.java:3727)
]]></failure>
  </testcase>
  <testcase name="test11466" classname="RegressionTest22" time="0">
    <failure message="&apos;true&apos; != &apos;false&apos; expected:&lt;true&gt; but was:&lt;false&gt;" type="java.lang.AssertionError"><![CDATA[java.lang.AssertionError: 'true' != 'false' expected:<true> but was:<false>
	at RegressionTest22.test11466(RegressionTest22.java:3735)
]]></failure>
  </testcase>
  <testcase name="test11467" classname="RegressionTest22" time="0"/>
  <testcase name="test11468" classname="RegressionTest22" time="0"/>
  <testcase name="test11469" classname="RegressionTest22" time="0"/>
  <testcase name="test11470" classname="RegressionTest22" time="0"/>
  <testcase name="test11471" classname="RegressionTest22" time="0"/>
  <testcase name="test11472" classname="RegressionTest22" time="0"/>
  <testcase name="test11473" classname="RegressionTest22" time="0"/>
  <testcase name="test11474" classname="RegressionTest22" time="0"/>
  <testcase name="test11475" classname="RegressionTest22" time="0"/>
  <testcase name="test11476" classname="RegressionTest22" time="0"/>
  <testcase name="test11477" classname="RegressionTest22" time="0"/>
  <testcase name="test11478" classname="RegressionTest22" time="0"/>
  <testcase name="test11479" classname="RegressionTest22" time="0"/>
  <testcase name="test11480" classname="RegressionTest22" time="0"/>
  <testcase name="test11481" classname="RegressionTest22" time="0"/>
  <testcase name="test11482" classname="RegressionTest22" time="0"/>
  <testcase name="test11483" classname="RegressionTest22" time="0"/>
  <testcase name="test11484" classname="RegressionTest22" time="0"/>
  <testcase name="test11485" classname="RegressionTest22" time="0"/>
  <testcase name="test11486" classname="RegressionTest22" time="0"/>
  <testcase name="test11487" classname="RegressionTest22" time="0"/>
  <testcase name="test11488" classname="RegressionTest22" time="0.001"/>
  <testcase name="test11489" classname="RegressionTest22" time="0"/>
  <testcase name="test11490" classname="RegressionTest22" time="0"/>
  <testcase name="test11491" classname="RegressionTest22" time="0"/>
  <testcase name="test11492" classname="RegressionTest22" time="0"/>
  <testcase name="test11493" classname="RegressionTest22" time="0"/>
  <testcase name="test11494" classname="RegressionTest22" time="0"/>
  <testcase name="test11495" classname="RegressionTest22" time="0"/>
  <testcase name="test11496" classname="RegressionTest22" time="0"/>
  <testcase name="test11497" classname="RegressionTest22" time="0"/>
  <testcase name="test11498" classname="RegressionTest22" time="0"/>
  <testcase name="test11499" classname="RegressionTest22" time="0"/>
  <testcase name="test11500" classname="RegressionTest22" time="0"/>
  <testcase name="test11501" classname="RegressionTest23" time="0"/>
  <testcase name="test11502" classname="RegressionTest23" time="0"/>
  <testcase name="test11503" classname="RegressionTest23" time="0"/>
  <testcase name="test11504" classname="RegressionTest23" time="0"/>
  <testcase name="test11505" classname="RegressionTest23" time="0"/>
  <testcase name="test11506" classname="RegressionTest23" time="0"/>
  <testcase name="test11507" classname="RegressionTest23" time="0">
    <failure message="&apos;true&apos; != &apos;false&apos; expected:&lt;true&gt; but was:&lt;false&gt;" type="java.lang.AssertionError"><![CDATA[java.lang.AssertionError: 'true' != 'false' expected:<true> but was:<false>
	at RegressionTest23.test11507(RegressionTest23.java:63)
]]></failure>
  </testcase>
  <testcase name="test11508" classname="RegressionTest23" time="0"/>
  <testcase name="test11509" classname="RegressionTest23" time="0"/>
  <testcase name="test11510" classname="RegressionTest23" time="0"/>
  <testcase name="test11511" classname="RegressionTest23" time="0"/>
  <testcase name="test11512" classname="RegressionTest23" time="0"/>
  <testcase name="test11513" classname="RegressionTest23" time="0"/>
  <testcase name="test11514" classname="RegressionTest23" time="0"/>
  <testcase name="test11515" classname="RegressionTest23" time="0"/>
  <testcase name="test11516" classname="RegressionTest23" time="0"/>
  <testcase name="test11517" classname="RegressionTest23" time="0"/>
  <testcase name="test11518" classname="RegressionTest23" time="0"/>
  <testcase name="test11519" classname="RegressionTest23" time="0"/>
  <testcase name="test11520" classname="RegressionTest23" time="0"/>
  <testcase name="test11521" classname="RegressionTest23" time="0"/>
  <testcase name="test11522" classname="RegressionTest23" time="0"/>
  <testcase name="test11523" classname="RegressionTest23" time="0"/>
  <testcase name="test11524" classname="RegressionTest23" time="0"/>
  <testcase name="test11525" classname="RegressionTest23" time="0"/>
  <testcase name="test11526" classname="RegressionTest23" time="0"/>
  <testcase name="test11527" classname="RegressionTest23" time="0"/>
  <testcase name="test11528" classname="RegressionTest23" time="0"/>
  <testcase name="test11529" classname="RegressionTest23" time="0">
    <failure message="&apos;true&apos; != &apos;false&apos; expected:&lt;true&gt; but was:&lt;false&gt;" type="java.lang.AssertionError"><![CDATA[java.lang.AssertionError: 'true' != 'false' expected:<true> but was:<false>
	at RegressionTest23.test11529(RegressionTest23.java:239)
]]></failure>
  </testcase>
  <testcase name="test11530" classname="RegressionTest23" time="0"/>
  <testcase name="test11531" classname="RegressionTest23" time="0"/>
  <testcase name="test11532" classname="RegressionTest23" time="0"/>
  <testcase name="test11533" classname="RegressionTest23" time="0"/>
  <testcase name="test11534" classname="RegressionTest23" time="0"/>
  <testcase name="test11535" classname="RegressionTest23" time="0"/>
  <testcase name="test11536" classname="RegressionTest23" time="0"/>
  <testcase name="test11537" classname="RegressionTest23" time="0"/>
  <testcase name="test11538" classname="RegressionTest23" time="0"/>
  <testcase name="test11539" classname="RegressionTest23" time="0"/>
  <testcase name="test11540" classname="RegressionTest23" time="0"/>
  <testcase name="test11541" classname="RegressionTest23" time="0"/>
  <testcase name="test11542" classname="RegressionTest23" time="0"/>
  <testcase name="test11543" classname="RegressionTest23" time="0"/>
  <testcase name="test11544" classname="RegressionTest23" time="0"/>
  <testcase name="test11545" classname="RegressionTest23" time="0"/>
  <testcase name="test11546" classname="RegressionTest23" time="0"/>
  <testcase name="test11547" classname="RegressionTest23" time="0"/>
  <testcase name="test11548" classname="RegressionTest23" time="0"/>
  <testcase name="test11549" classname="RegressionTest23" time="0"/>
  <testcase name="test11550" classname="RegressionTest23" time="0"/>
  <testcase name="test11551" classname="RegressionTest23" time="0"/>
  <testcase name="test11552" classname="RegressionTest23" time="0"/>
  <testcase name="test11553" classname="RegressionTest23" time="0"/>
  <testcase name="test11554" classname="RegressionTest23" time="0"/>
  <testcase name="test11555" classname="RegressionTest23" time="0"/>
  <testcase name="test11556" classname="RegressionTest23" time="0"/>
  <testcase name="test11557" classname="RegressionTest23" time="0"/>
  <testcase name="test11558" classname="RegressionTest23" time="0"/>
  <testcase name="test11559" classname="RegressionTest23" time="0"/>
  <testcase name="test11560" classname="RegressionTest23" time="0"/>
  <testcase name="test11561" classname="RegressionTest23" time="0"/>
  <testcase name="test11562" classname="RegressionTest23" time="0"/>
  <testcase name="test11563" classname="RegressionTest23" time="0"/>
  <testcase name="test11564" classname="RegressionTest23" time="0"/>
  <testcase name="test11565" classname="RegressionTest23" time="0"/>
  <testcase name="test11566" classname="RegressionTest23" time="0"/>
  <testcase name="test11567" classname="RegressionTest23" time="0"/>
  <testcase name="test11568" classname="RegressionTest23" time="0"/>
  <testcase name="test11569" classname="RegressionTest23" time="0"/>
  <testcase name="test11570" classname="RegressionTest23" time="0"/>
  <testcase name="test11571" classname="RegressionTest23" time="0"/>
  <testcase name="test11572" classname="RegressionTest23" time="0"/>
  <testcase name="test11573" classname="RegressionTest23" time="0"/>
  <testcase name="test11574" classname="RegressionTest23" time="0"/>
  <testcase name="test11575" classname="RegressionTest23" time="0"/>
  <testcase name="test11576" classname="RegressionTest23" time="0"/>
  <testcase name="test11577" classname="RegressionTest23" time="0"/>
  <testcase name="test11578" classname="RegressionTest23" time="0"/>
  <testcase name="test11579" classname="RegressionTest23" time="0"/>
  <testcase name="test11580" classname="RegressionTest23" time="0"/>
  <testcase name="test11581" classname="RegressionTest23" time="0"/>
  <testcase name="test11582" classname="RegressionTest23" time="0"/>
  <testcase name="test11583" classname="RegressionTest23" time="0">
    <failure message="&apos;true&apos; != &apos;false&apos; expected:&lt;true&gt; but was:&lt;false&gt;" type="java.lang.AssertionError"><![CDATA[java.lang.AssertionError: 'true' != 'false' expected:<true> but was:<false>
	at RegressionTest23.test11583(RegressionTest23.java:671)
]]></failure>
  </testcase>
  <testcase name="test11584" classname="RegressionTest23" time="0"/>
  <testcase name="test11585" classname="RegressionTest23" time="0"/>
  <testcase name="test11586" classname="RegressionTest23" time="0"/>
  <testcase name="test11587" classname="RegressionTest23" time="0"/>
  <testcase name="test11588" classname="RegressionTest23" time="0"/>
  <testcase name="test11589" classname="RegressionTest23" time="0">
    <failure message="&apos;true&apos; != &apos;false&apos; expected:&lt;true&gt; but was:&lt;false&gt;" type="java.lang.AssertionError"><![CDATA[java.lang.AssertionError: 'true' != 'false' expected:<true> but was:<false>
	at RegressionTest23.test11589(RegressionTest23.java:719)
]]></failure>
  </testcase>
  <testcase name="test11590" classname="RegressionTest23" time="0"/>
  <testcase name="test11591" classname="RegressionTest23" time="0"/>
  <testcase name="test11592" classname="RegressionTest23" time="0"/>
  <testcase name="test11593" classname="RegressionTest23" time="0"/>
  <testcase name="test11594" classname="RegressionTest23" time="0"/>
  <testcase name="test11595" classname="RegressionTest23" time="0"/>
  <testcase name="test11596" classname="RegressionTest23" time="0"/>
  <testcase name="test11597" classname="RegressionTest23" time="0"/>
  <testcase name="test11598" classname="RegressionTest23" time="0"/>
  <testcase name="test11599" classname="RegressionTest23" time="0"/>
  <testcase name="test11600" classname="RegressionTest23" time="0"/>
  <testcase name="test11601" classname="RegressionTest23" time="0"/>
  <testcase name="test11602" classname="RegressionTest23" time="0">
    <failure message="&apos;true&apos; != &apos;false&apos; expected:&lt;true&gt; but was:&lt;false&gt;" type="java.lang.AssertionError"><![CDATA[java.lang.AssertionError: 'true' != 'false' expected:<true> but was:<false>
	at RegressionTest23.test11602(RegressionTest23.java:823)
]]></failure>
  </testcase>
  <testcase name="test11603" classname="RegressionTest23" time="0"/>
  <testcase name="test11604" classname="RegressionTest23" time="0"/>
  <testcase name="test11605" classname="RegressionTest23" time="0.002">
    <failure message="&apos;true&apos; != &apos;false&apos; expected:&lt;true&gt; but was:&lt;false&gt;" type="java.lang.AssertionError"><![CDATA[java.lang.AssertionError: 'true' != 'false' expected:<true> but was:<false>
	at RegressionTest23.test11605(RegressionTest23.java:847)
]]></failure>
  </testcase>
  <testcase name="test11606" classname="RegressionTest23" time="0"/>
  <testcase name="test11607" classname="RegressionTest23" time="0"/>
  <testcase name="test11608" classname="RegressionTest23" time="0"/>
  <testcase name="test11609" classname="RegressionTest23" time="0"/>
  <testcase name="test11610" classname="RegressionTest23" time="0"/>
  <testcase name="test11611" classname="RegressionTest23" time="0.001"/>
  <testcase name="test11612" classname="RegressionTest23" time="0"/>
  <testcase name="test11613" classname="RegressionTest23" time="0"/>
  <testcase name="test11614" classname="RegressionTest23" time="0"/>
  <testcase name="test11615" classname="RegressionTest23" time="0"/>
  <testcase name="test11616" classname="RegressionTest23" time="0"/>
  <testcase name="test11617" classname="RegressionTest23" time="0"/>
  <testcase name="test11618" classname="RegressionTest23" time="0"/>
  <testcase name="test11619" classname="RegressionTest23" time="0"/>
  <testcase name="test11620" classname="RegressionTest23" time="0">
    <failure message="&apos;true&apos; != &apos;false&apos; expected:&lt;true&gt; but was:&lt;false&gt;" type="java.lang.AssertionError"><![CDATA[java.lang.AssertionError: 'true' != 'false' expected:<true> but was:<false>
	at RegressionTest23.test11620(RegressionTest23.java:967)
]]></failure>
  </testcase>
  <testcase name="test11621" classname="RegressionTest23" time="0"/>
  <testcase name="test11622" classname="RegressionTest23" time="0"/>
  <testcase name="test11623" classname="RegressionTest23" time="0"/>
  <testcase name="test11624" classname="RegressionTest23" time="0"/>
  <testcase name="test11625" classname="RegressionTest23" time="0"/>
  <testcase name="test11626" classname="RegressionTest23" time="0"/>
  <testcase name="test11627" classname="RegressionTest23" time="0"/>
  <testcase name="test11628" classname="RegressionTest23" time="0"/>
  <testcase name="test11629" classname="RegressionTest23" time="0"/>
  <testcase name="test11630" classname="RegressionTest23" time="0"/>
  <testcase name="test11631" classname="RegressionTest23" time="0"/>
  <testcase name="test11632" classname="RegressionTest23" time="0"/>
  <testcase name="test11633" classname="RegressionTest23" time="0"/>
  <testcase name="test11634" classname="RegressionTest23" time="0"/>
  <testcase name="test11635" classname="RegressionTest23" time="0"/>
  <testcase name="test11636" classname="RegressionTest23" time="0"/>
  <testcase name="test11637" classname="RegressionTest23" time="0"/>
  <testcase name="test11638" classname="RegressionTest23" time="0"/>
  <testcase name="test11639" classname="RegressionTest23" time="0"/>
  <testcase name="test11640" classname="RegressionTest23" time="0"/>
  <testcase name="test11641" classname="RegressionTest23" time="0"/>
  <testcase name="test11642" classname="RegressionTest23" time="0"/>
  <testcase name="test11643" classname="RegressionTest23" time="0"/>
  <testcase name="test11644" classname="RegressionTest23" time="0">
    <failure message="&apos;true&apos; != &apos;false&apos; expected:&lt;true&gt; but was:&lt;false&gt;" type="java.lang.AssertionError"><![CDATA[java.lang.AssertionError: 'true' != 'false' expected:<true> but was:<false>
	at RegressionTest23.test11644(RegressionTest23.java:1159)
]]></failure>
  </testcase>
  <testcase name="test11645" classname="RegressionTest23" time="0"/>
  <testcase name="test11646" classname="RegressionTest23" time="0"/>
  <testcase name="test11647" classname="RegressionTest23" time="0"/>
  <testcase name="test11648" classname="RegressionTest23" time="0"/>
  <testcase name="test11649" classname="RegressionTest23" time="0.001">
    <failure message="&apos;true&apos; != &apos;false&apos; expected:&lt;true&gt; but was:&lt;false&gt;" type="java.lang.AssertionError"><![CDATA[java.lang.AssertionError: 'true' != 'false' expected:<true> but was:<false>
	at RegressionTest23.test11649(RegressionTest23.java:1199)
]]></failure>
  </testcase>
  <testcase name="test11650" classname="RegressionTest23" time="0"/>
  <testcase name="test11651" classname="RegressionTest23" time="0"/>
  <testcase name="test11652" classname="RegressionTest23" time="0"/>
  <testcase name="test11653" classname="RegressionTest23" time="0"/>
  <testcase name="test11654" classname="RegressionTest23" time="0"/>
  <testcase name="test11655" classname="RegressionTest23" time="0"/>
  <testcase name="test11656" classname="RegressionTest23" time="0"/>
  <testcase name="test11657" classname="RegressionTest23" time="0"/>
  <testcase name="test11658" classname="RegressionTest23" time="0"/>
  <testcase name="test11659" classname="RegressionTest23" time="0"/>
  <testcase name="test11660" classname="RegressionTest23" time="0"/>
  <testcase name="test11661" classname="RegressionTest23" time="0">
    <failure message="&apos;true&apos; != &apos;false&apos; expected:&lt;true&gt; but was:&lt;false&gt;" type="java.lang.AssertionError"><![CDATA[java.lang.AssertionError: 'true' != 'false' expected:<true> but was:<false>
	at RegressionTest23.test11661(RegressionTest23.java:1295)
]]></failure>
  </testcase>
  <testcase name="test11662" classname="RegressionTest23" time="0"/>
  <testcase name="test11663" classname="RegressionTest23" time="0"/>
  <testcase name="test11664" classname="RegressionTest23" time="0"/>
  <testcase name="test11665" classname="RegressionTest23" time="0"/>
  <testcase name="test11666" classname="RegressionTest23" time="0"/>
  <testcase name="test11667" classname="RegressionTest23" time="0"/>
  <testcase name="test11668" classname="RegressionTest23" time="0"/>
  <testcase name="test11669" classname="RegressionTest23" time="0"/>
  <testcase name="test11670" classname="RegressionTest23" time="0"/>
  <testcase name="test11671" classname="RegressionTest23" time="0"/>
  <testcase name="test11672" classname="RegressionTest23" time="0"/>
  <testcase name="test11673" classname="RegressionTest23" time="0"/>
  <testcase name="test11674" classname="RegressionTest23" time="0"/>
  <testcase name="test11675" classname="RegressionTest23" time="0">
    <failure message="&apos;true&apos; != &apos;false&apos; expected:&lt;true&gt; but was:&lt;false&gt;" type="java.lang.AssertionError"><![CDATA[java.lang.AssertionError: 'true' != 'false' expected:<true> but was:<false>
	at RegressionTest23.test11675(RegressionTest23.java:1407)
]]></failure>
  </testcase>
  <testcase name="test11676" classname="RegressionTest23" time="0"/>
  <testcase name="test11677" classname="RegressionTest23" time="0"/>
  <testcase name="test11678" classname="RegressionTest23" time="0">
    <failure message="&apos;true&apos; != &apos;false&apos; expected:&lt;true&gt; but was:&lt;false&gt;" type="java.lang.AssertionError"><![CDATA[java.lang.AssertionError: 'true' != 'false' expected:<true> but was:<false>
	at RegressionTest23.test11678(RegressionTest23.java:1431)
]]></failure>
  </testcase>
  <testcase name="test11679" classname="RegressionTest23" time="0">
    <failure message="&apos;true&apos; != &apos;false&apos; expected:&lt;true&gt; but was:&lt;false&gt;" type="java.lang.AssertionError"><![CDATA[java.lang.AssertionError: 'true' != 'false' expected:<true> but was:<false>
	at RegressionTest23.test11679(RegressionTest23.java:1439)
]]></failure>
  </testcase>
  <testcase name="test11680" classname="RegressionTest23" time="0"/>
  <testcase name="test11681" classname="RegressionTest23" time="0"/>
  <testcase name="test11682" classname="RegressionTest23" time="0"/>
  <testcase name="test11683" classname="RegressionTest23" time="0"/>
  <testcase name="test11684" classname="RegressionTest23" time="0"/>
  <testcase name="test11685" classname="RegressionTest23" time="0"/>
  <testcase name="test11686" classname="RegressionTest23" time="0"/>
  <testcase name="test11687" classname="RegressionTest23" time="0.001"/>
  <testcase name="test11688" classname="RegressionTest23" time="0"/>
  <testcase name="test11689" classname="RegressionTest23" time="0"/>
  <testcase name="test11690" classname="RegressionTest23" time="0">
    <failure message="&apos;true&apos; != &apos;false&apos; expected:&lt;true&gt; but was:&lt;false&gt;" type="java.lang.AssertionError"><![CDATA[java.lang.AssertionError: 'true' != 'false' expected:<true> but was:<false>
	at RegressionTest23.test11690(RegressionTest23.java:1527)
]]></failure>
  </testcase>
  <testcase name="test11691" classname="RegressionTest23" time="0"/>
  <testcase name="test11692" classname="RegressionTest23" time="0"/>
  <testcase name="test11693" classname="RegressionTest23" time="0"/>
  <testcase name="test11694" classname="RegressionTest23" time="0"/>
  <testcase name="test11695" classname="RegressionTest23" time="0"/>
  <testcase name="test11696" classname="RegressionTest23" time="0"/>
  <testcase name="test11697" classname="RegressionTest23" time="0"/>
  <testcase name="test11698" classname="RegressionTest23" time="0"/>
  <testcase name="test11699" classname="RegressionTest23" time="0"/>
  <testcase name="test11700" classname="RegressionTest23" time="0"/>
  <testcase name="test11701" classname="RegressionTest23" time="0"/>
  <testcase name="test11702" classname="RegressionTest23" time="0"/>
  <testcase name="test11703" classname="RegressionTest23" time="0"/>
  <testcase name="test11704" classname="RegressionTest23" time="0"/>
  <testcase name="test11705" classname="RegressionTest23" time="0"/>
  <testcase name="test11706" classname="RegressionTest23" time="0">
    <failure message="&apos;true&apos; != &apos;false&apos; expected:&lt;true&gt; but was:&lt;false&gt;" type="java.lang.AssertionError"><![CDATA[java.lang.AssertionError: 'true' != 'false' expected:<true> but was:<false>
	at RegressionTest23.test11706(RegressionTest23.java:1655)
]]></failure>
  </testcase>
  <testcase name="test11707" classname="RegressionTest23" time="0"/>
  <testcase name="test11708" classname="RegressionTest23" time="0"/>
  <testcase name="test11709" classname="RegressionTest23" time="0"/>
  <testcase name="test11710" classname="RegressionTest23" time="0"/>
  <testcase name="test11711" classname="RegressionTest23" time="0"/>
  <testcase name="test11712" classname="RegressionTest23" time="0"/>
  <testcase name="test11713" classname="RegressionTest23" time="0"/>
  <testcase name="test11714" classname="RegressionTest23" time="0"/>
  <testcase name="test11715" classname="RegressionTest23" time="0"/>
  <testcase name="test11716" classname="RegressionTest23" time="0"/>
  <testcase name="test11717" classname="RegressionTest23" time="0"/>
  <testcase name="test11718" classname="RegressionTest23" time="0"/>
  <testcase name="test11719" classname="RegressionTest23" time="0"/>
  <testcase name="test11720" classname="RegressionTest23" time="0"/>
  <testcase name="test11721" classname="RegressionTest23" time="0"/>
  <testcase name="test11722" classname="RegressionTest23" time="0"/>
  <testcase name="test11723" classname="RegressionTest23" time="0"/>
  <testcase name="test11724" classname="RegressionTest23" time="0"/>
  <testcase name="test11725" classname="RegressionTest23" time="0"/>
  <testcase name="test11726" classname="RegressionTest23" time="0">
    <failure message="&apos;true&apos; != &apos;false&apos; expected:&lt;true&gt; but was:&lt;false&gt;" type="java.lang.AssertionError"><![CDATA[java.lang.AssertionError: 'true' != 'false' expected:<true> but was:<false>
	at RegressionTest23.test11726(RegressionTest23.java:1815)
]]></failure>
  </testcase>
  <testcase name="test11727" classname="RegressionTest23" time="0"/>
  <testcase name="test11728" classname="RegressionTest23" time="0"/>
  <testcase name="test11729" classname="RegressionTest23" time="0.001"/>
  <testcase name="test11730" classname="RegressionTest23" time="0"/>
  <testcase name="test11731" classname="RegressionTest23" time="0"/>
  <testcase name="test11732" classname="RegressionTest23" time="0"/>
  <testcase name="test11733" classname="RegressionTest23" time="0"/>
  <testcase name="test11734" classname="RegressionTest23" time="0"/>
  <testcase name="test11735" classname="RegressionTest23" time="0"/>
  <testcase name="test11736" classname="RegressionTest23" time="0"/>
  <testcase name="test11737" classname="RegressionTest23" time="0"/>
  <testcase name="test11738" classname="RegressionTest23" time="0"/>
  <testcase name="test11739" classname="RegressionTest23" time="0"/>
  <testcase name="test11740" classname="RegressionTest23" time="0"/>
  <testcase name="test11741" classname="RegressionTest23" time="0"/>
  <testcase name="test11742" classname="RegressionTest23" time="0"/>
  <testcase name="test11743" classname="RegressionTest23" time="0"/>
  <testcase name="test11744" classname="RegressionTest23" time="0"/>
  <testcase name="test11745" classname="RegressionTest23" time="0"/>
  <testcase name="test11746" classname="RegressionTest23" time="0">
    <failure message="&apos;true&apos; != &apos;false&apos; expected:&lt;true&gt; but was:&lt;false&gt;" type="java.lang.AssertionError"><![CDATA[java.lang.AssertionError: 'true' != 'false' expected:<true> but was:<false>
	at RegressionTest23.test11746(RegressionTest23.java:1975)
]]></failure>
  </testcase>
  <testcase name="test11747" classname="RegressionTest23" time="0"/>
  <testcase name="test11748" classname="RegressionTest23" time="0"/>
  <testcase name="test11749" classname="RegressionTest23" time="0"/>
  <testcase name="test11750" classname="RegressionTest23" time="0"/>
  <testcase name="test11751" classname="RegressionTest23" time="0"/>
  <testcase name="test11752" classname="RegressionTest23" time="0"/>
  <testcase name="test11753" classname="RegressionTest23" time="0"/>
  <testcase name="test11754" classname="RegressionTest23" time="0"/>
  <testcase name="test11755" classname="RegressionTest23" time="0"/>
  <testcase name="test11756" classname="RegressionTest23" time="0"/>
  <testcase name="test11757" classname="RegressionTest23" time="0"/>
  <testcase name="test11758" classname="RegressionTest23" time="0"/>
  <testcase name="test11759" classname="RegressionTest23" time="0"/>
  <testcase name="test11760" classname="RegressionTest23" time="0"/>
  <testcase name="test11761" classname="RegressionTest23" time="0">
    <failure message="&apos;true&apos; != &apos;false&apos; expected:&lt;true&gt; but was:&lt;false&gt;" type="java.lang.AssertionError"><![CDATA[java.lang.AssertionError: 'true' != 'false' expected:<true> but was:<false>
	at RegressionTest23.test11761(RegressionTest23.java:2095)
]]></failure>
  </testcase>
  <testcase name="test11762" classname="RegressionTest23" time="0"/>
  <testcase name="test11763" classname="RegressionTest23" time="0"/>
  <testcase name="test11764" classname="RegressionTest23" time="0"/>
  <testcase name="test11765" classname="RegressionTest23" time="0"/>
  <testcase name="test11766" classname="RegressionTest23" time="0"/>
  <testcase name="test11767" classname="RegressionTest23" time="0"/>
  <testcase name="test11768" classname="RegressionTest23" time="0"/>
  <testcase name="test11769" classname="RegressionTest23" time="0"/>
  <testcase name="test11770" classname="RegressionTest23" time="0"/>
  <testcase name="test11771" classname="RegressionTest23" time="0"/>
  <testcase name="test11772" classname="RegressionTest23" time="0"/>
  <testcase name="test11773" classname="RegressionTest23" time="0"/>
  <testcase name="test11774" classname="RegressionTest23" time="0"/>
  <testcase name="test11775" classname="RegressionTest23" time="0"/>
  <testcase name="test11776" classname="RegressionTest23" time="0"/>
  <testcase name="test11777" classname="RegressionTest23" time="0.001"/>
  <testcase name="test11778" classname="RegressionTest23" time="0">
    <failure message="&apos;true&apos; != &apos;false&apos; expected:&lt;true&gt; but was:&lt;false&gt;" type="java.lang.AssertionError"><![CDATA[java.lang.AssertionError: 'true' != 'false' expected:<true> but was:<false>
	at RegressionTest23.test11778(RegressionTest23.java:2231)
]]></failure>
  </testcase>
  <testcase name="test11779" classname="RegressionTest23" time="0"/>
  <testcase name="test11780" classname="RegressionTest23" time="0"/>
  <testcase name="test11781" classname="RegressionTest23" time="0"/>
  <testcase name="test11782" classname="RegressionTest23" time="0"/>
  <testcase name="test11783" classname="RegressionTest23" time="0"/>
  <testcase name="test11784" classname="RegressionTest23" time="0"/>
  <testcase name="test11785" classname="RegressionTest23" time="0"/>
  <testcase name="test11786" classname="RegressionTest23" time="0"/>
  <testcase name="test11787" classname="RegressionTest23" time="0"/>
  <testcase name="test11788" classname="RegressionTest23" time="0"/>
  <testcase name="test11789" classname="RegressionTest23" time="0"/>
  <testcase name="test11790" classname="RegressionTest23" time="0"/>
  <testcase name="test11791" classname="RegressionTest23" time="0"/>
  <testcase name="test11792" classname="RegressionTest23" time="0"/>
  <testcase name="test11793" classname="RegressionTest23" time="0"/>
  <testcase name="test11794" classname="RegressionTest23" time="0"/>
  <testcase name="test11795" classname="RegressionTest23" time="0"/>
  <testcase name="test11796" classname="RegressionTest23" time="0">
    <failure message="&apos;true&apos; != &apos;false&apos; expected:&lt;true&gt; but was:&lt;false&gt;" type="java.lang.AssertionError"><![CDATA[java.lang.AssertionError: 'true' != 'false' expected:<true> but was:<false>
	at RegressionTest23.test11796(RegressionTest23.java:2375)
]]></failure>
  </testcase>
  <testcase name="test11797" classname="RegressionTest23" time="0"/>
  <testcase name="test11798" classname="RegressionTest23" time="0"/>
  <testcase name="test11799" classname="RegressionTest23" time="0"/>
  <testcase name="test11800" classname="RegressionTest23" time="0"/>
  <testcase name="test11801" classname="RegressionTest23" time="0"/>
  <testcase name="test11802" classname="RegressionTest23" time="0"/>
  <testcase name="test11803" classname="RegressionTest23" time="0"/>
  <testcase name="test11804" classname="RegressionTest23" time="0"/>
  <testcase name="test11805" classname="RegressionTest23" time="0"/>
  <testcase name="test11806" classname="RegressionTest23" time="0"/>
  <testcase name="test11807" classname="RegressionTest23" time="0"/>
  <testcase name="test11808" classname="RegressionTest23" time="0">
    <failure message="&apos;true&apos; != &apos;false&apos; expected:&lt;true&gt; but was:&lt;false&gt;" type="java.lang.AssertionError"><![CDATA[java.lang.AssertionError: 'true' != 'false' expected:<true> but was:<false>
	at RegressionTest23.test11808(RegressionTest23.java:2471)
]]></failure>
  </testcase>
  <testcase name="test11809" classname="RegressionTest23" time="0"/>
  <testcase name="test11810" classname="RegressionTest23" time="0"/>
  <testcase name="test11811" classname="RegressionTest23" time="0"/>
  <testcase name="test11812" classname="RegressionTest23" time="0"/>
  <testcase name="test11813" classname="RegressionTest23" time="0"/>
  <testcase name="test11814" classname="RegressionTest23" time="0"/>
  <testcase name="test11815" classname="RegressionTest23" time="0"/>
  <testcase name="test11816" classname="RegressionTest23" time="0">
    <failure message="&apos;true&apos; != &apos;false&apos; expected:&lt;true&gt; but was:&lt;false&gt;" type="java.lang.AssertionError"><![CDATA[java.lang.AssertionError: 'true' != 'false' expected:<true> but was:<false>
	at RegressionTest23.test11816(RegressionTest23.java:2535)
]]></failure>
  </testcase>
  <testcase name="test11817" classname="RegressionTest23" time="0"/>
  <testcase name="test11818" classname="RegressionTest23" time="0"/>
  <testcase name="test11819" classname="RegressionTest23" time="0"/>
  <testcase name="test11820" classname="RegressionTest23" time="0"/>
  <testcase name="test11821" classname="RegressionTest23" time="0"/>
  <testcase name="test11822" classname="RegressionTest23" time="0"/>
  <testcase name="test11823" classname="RegressionTest23" time="0"/>
  <testcase name="test11824" classname="RegressionTest23" time="0.001"/>
  <testcase name="test11825" classname="RegressionTest23" time="0"/>
  <testcase name="test11826" classname="RegressionTest23" time="0"/>
  <testcase name="test11827" classname="RegressionTest23" time="0"/>
  <testcase name="test11828" classname="RegressionTest23" time="0"/>
  <testcase name="test11829" classname="RegressionTest23" time="0"/>
  <testcase name="test11830" classname="RegressionTest23" time="0"/>
  <testcase name="test11831" classname="RegressionTest23" time="0"/>
  <testcase name="test11832" classname="RegressionTest23" time="0"/>
  <testcase name="test11833" classname="RegressionTest23" time="0"/>
  <testcase name="test11834" classname="RegressionTest23" time="0"/>
  <testcase name="test11835" classname="RegressionTest23" time="0"/>
  <testcase name="test11836" classname="RegressionTest23" time="0"/>
  <testcase name="test11837" classname="RegressionTest23" time="0"/>
  <testcase name="test11838" classname="RegressionTest23" time="0"/>
  <testcase name="test11839" classname="RegressionTest23" time="0"/>
  <testcase name="test11840" classname="RegressionTest23" time="0"/>
  <testcase name="test11841" classname="RegressionTest23" time="0"/>
  <testcase name="test11842" classname="RegressionTest23" time="0"/>
  <testcase name="test11843" classname="RegressionTest23" time="0"/>
  <testcase name="test11844" classname="RegressionTest23" time="0"/>
  <testcase name="test11845" classname="RegressionTest23" time="0"/>
  <testcase name="test11846" classname="RegressionTest23" time="0"/>
  <testcase name="test11847" classname="RegressionTest23" time="0"/>
  <testcase name="test11848" classname="RegressionTest23" time="0"/>
  <testcase name="test11849" classname="RegressionTest23" time="0"/>
  <testcase name="test11850" classname="RegressionTest23" time="0"/>
  <testcase name="test11851" classname="RegressionTest23" time="0">
    <failure message="&apos;true&apos; != &apos;false&apos; expected:&lt;true&gt; but was:&lt;false&gt;" type="java.lang.AssertionError"><![CDATA[java.lang.AssertionError: 'true' != 'false' expected:<true> but was:<false>
	at RegressionTest23.test11851(RegressionTest23.java:2815)
]]></failure>
  </testcase>
  <testcase name="test11852" classname="RegressionTest23" time="0"/>
  <testcase name="test11853" classname="RegressionTest23" time="0"/>
  <testcase name="test11854" classname="RegressionTest23" time="0"/>
  <testcase name="test11855" classname="RegressionTest23" time="0"/>
  <testcase name="test11856" classname="RegressionTest23" time="0"/>
  <testcase name="test11857" classname="RegressionTest23" time="0"/>
  <testcase name="test11858" classname="RegressionTest23" time="0"/>
  <testcase name="test11859" classname="RegressionTest23" time="0"/>
  <testcase name="test11860" classname="RegressionTest23" time="0"/>
  <testcase name="test11861" classname="RegressionTest23" time="0"/>
  <testcase name="test11862" classname="RegressionTest23" time="0"/>
  <testcase name="test11863" classname="RegressionTest23" time="0"/>
  <testcase name="test11864" classname="RegressionTest23" time="0"/>
  <testcase name="test11865" classname="RegressionTest23" time="0"/>
  <testcase name="test11866" classname="RegressionTest23" time="0"/>
  <testcase name="test11867" classname="RegressionTest23" time="0"/>
  <testcase name="test11868" classname="RegressionTest23" time="0"/>
  <testcase name="test11869" classname="RegressionTest23" time="0"/>
  <testcase name="test11870" classname="RegressionTest23" time="0"/>
  <testcase name="test11871" classname="RegressionTest23" time="0"/>
  <testcase name="test11872" classname="RegressionTest23" time="0"/>
  <testcase name="test11873" classname="RegressionTest23" time="0"/>
  <testcase name="test11874" classname="RegressionTest23" time="0"/>
  <testcase name="test11875" classname="RegressionTest23" time="0"/>
  <testcase name="test11876" classname="RegressionTest23" time="0.001">
    <failure message="&apos;true&apos; != &apos;false&apos; expected:&lt;true&gt; but was:&lt;false&gt;" type="java.lang.AssertionError"><![CDATA[java.lang.AssertionError: 'true' != 'false' expected:<true> but was:<false>
	at RegressionTest23.test11876(RegressionTest23.java:3015)
]]></failure>
  </testcase>
  <testcase name="test11877" classname="RegressionTest23" time="0"/>
  <testcase name="test11878" classname="RegressionTest23" time="0"/>
  <testcase name="test11879" classname="RegressionTest23" time="0">
    <failure message="&apos;true&apos; != &apos;false&apos; expected:&lt;true&gt; but was:&lt;false&gt;" type="java.lang.AssertionError"><![CDATA[java.lang.AssertionError: 'true' != 'false' expected:<true> but was:<false>
	at RegressionTest23.test11879(RegressionTest23.java:3039)
]]></failure>
  </testcase>
  <testcase name="test11880" classname="RegressionTest23" time="0"/>
  <testcase name="test11881" classname="RegressionTest23" time="0">
    <failure message="&apos;true&apos; != &apos;false&apos; expected:&lt;true&gt; but was:&lt;false&gt;" type="java.lang.AssertionError"><![CDATA[java.lang.AssertionError: 'true' != 'false' expected:<true> but was:<false>
	at RegressionTest23.test11881(RegressionTest23.java:3055)
]]></failure>
  </testcase>
  <testcase name="test11882" classname="RegressionTest23" time="0"/>
  <testcase name="test11883" classname="RegressionTest23" time="0"/>
  <testcase name="test11884" classname="RegressionTest23" time="0"/>
  <testcase name="test11885" classname="RegressionTest23" time="0"/>
  <testcase name="test11886" classname="RegressionTest23" time="0"/>
  <testcase name="test11887" classname="RegressionTest23" time="0"/>
  <testcase name="test11888" classname="RegressionTest23" time="0"/>
  <testcase name="test11889" classname="RegressionTest23" time="0"/>
  <testcase name="test11890" classname="RegressionTest23" time="0"/>
  <testcase name="test11891" classname="RegressionTest23" time="0"/>
  <testcase name="test11892" classname="RegressionTest23" time="0"/>
  <testcase name="test11893" classname="RegressionTest23" time="0"/>
  <testcase name="test11894" classname="RegressionTest23" time="0"/>
  <testcase name="test11895" classname="RegressionTest23" time="0"/>
  <testcase name="test11896" classname="RegressionTest23" time="0"/>
  <testcase name="test11897" classname="RegressionTest23" time="0"/>
  <testcase name="test11898" classname="RegressionTest23" time="0"/>
  <testcase name="test11899" classname="RegressionTest23" time="0"/>
  <testcase name="test11900" classname="RegressionTest23" time="0"/>
  <testcase name="test11901" classname="RegressionTest23" time="0"/>
  <testcase name="test11902" classname="RegressionTest23" time="0"/>
  <testcase name="test11903" classname="RegressionTest23" time="0">
    <failure message="&apos;true&apos; != &apos;false&apos; expected:&lt;true&gt; but was:&lt;false&gt;" type="java.lang.AssertionError"><![CDATA[java.lang.AssertionError: 'true' != 'false' expected:<true> but was:<false>
	at RegressionTest23.test11903(RegressionTest23.java:3231)
]]></failure>
  </testcase>
  <testcase name="test11904" classname="RegressionTest23" time="0"/>
  <testcase name="test11905" classname="RegressionTest23" time="0"/>
  <testcase name="test11906" classname="RegressionTest23" time="0"/>
  <testcase name="test11907" classname="RegressionTest23" time="0"/>
  <testcase name="test11908" classname="RegressionTest23" time="0"/>
  <testcase name="test11909" classname="RegressionTest23" time="0"/>
  <testcase name="test11910" classname="RegressionTest23" time="0"/>
  <testcase name="test11911" classname="RegressionTest23" time="0"/>
  <testcase name="test11912" classname="RegressionTest23" time="0"/>
  <testcase name="test11913" classname="RegressionTest23" time="0"/>
  <testcase name="test11914" classname="RegressionTest23" time="0"/>
  <testcase name="test11915" classname="RegressionTest23" time="0"/>
  <testcase name="test11916" classname="RegressionTest23" time="0"/>
  <testcase name="test11917" classname="RegressionTest23" time="0"/>
  <testcase name="test11918" classname="RegressionTest23" time="0"/>
  <testcase name="test11919" classname="RegressionTest23" time="0.001"/>
  <testcase name="test11920" classname="RegressionTest23" time="0"/>
  <testcase name="test11921" classname="RegressionTest23" time="0"/>
  <testcase name="test11922" classname="RegressionTest23" time="0"/>
  <testcase name="test11923" classname="RegressionTest23" time="0"/>
  <testcase name="test11924" classname="RegressionTest23" time="0"/>
  <testcase name="test11925" classname="RegressionTest23" time="0"/>
  <testcase name="test11926" classname="RegressionTest23" time="0"/>
  <testcase name="test11927" classname="RegressionTest23" time="0"/>
  <testcase name="test11928" classname="RegressionTest23" time="0"/>
  <testcase name="test11929" classname="RegressionTest23" time="0"/>
  <testcase name="test11930" classname="RegressionTest23" time="0">
    <failure message="&apos;true&apos; != &apos;false&apos; expected:&lt;true&gt; but was:&lt;false&gt;" type="java.lang.AssertionError"><![CDATA[java.lang.AssertionError: 'true' != 'false' expected:<true> but was:<false>
	at RegressionTest23.test11930(RegressionTest23.java:3447)
]]></failure>
  </testcase>
  <testcase name="test11931" classname="RegressionTest23" time="0"/>
  <testcase name="test11932" classname="RegressionTest23" time="0"/>
  <testcase name="test11933" classname="RegressionTest23" time="0"/>
  <testcase name="test11934" classname="RegressionTest23" time="0"/>
  <testcase name="test11935" classname="RegressionTest23" time="0"/>
  <testcase name="test11936" classname="RegressionTest23" time="0"/>
  <testcase name="test11937" classname="RegressionTest23" time="0"/>
  <testcase name="test11938" classname="RegressionTest23" time="0"/>
  <testcase name="test11939" classname="RegressionTest23" time="0"/>
  <testcase name="test11940" classname="RegressionTest23" time="0"/>
  <testcase name="test11941" classname="RegressionTest23" time="0"/>
  <testcase name="test11942" classname="RegressionTest23" time="0"/>
  <testcase name="test11943" classname="RegressionTest23" time="0"/>
  <testcase name="test11944" classname="RegressionTest23" time="0"/>
  <testcase name="test11945" classname="RegressionTest23" time="0"/>
  <testcase name="test11946" classname="RegressionTest23" time="0"/>
  <testcase name="test11947" classname="RegressionTest23" time="0"/>
  <testcase name="test11948" classname="RegressionTest23" time="0"/>
  <testcase name="test11949" classname="RegressionTest23" time="0"/>
  <testcase name="test11950" classname="RegressionTest23" time="0"/>
  <testcase name="test11951" classname="RegressionTest23" time="0">
    <failure message="&apos;true&apos; != &apos;false&apos; expected:&lt;true&gt; but was:&lt;false&gt;" type="java.lang.AssertionError"><![CDATA[java.lang.AssertionError: 'true' != 'false' expected:<true> but was:<false>
	at RegressionTest23.test11951(RegressionTest23.java:3615)
]]></failure>
  </testcase>
  <testcase name="test11952" classname="RegressionTest23" time="0"/>
  <testcase name="test11953" classname="RegressionTest23" time="0">
    <failure message="&apos;true&apos; != &apos;false&apos; expected:&lt;true&gt; but was:&lt;false&gt;" type="java.lang.AssertionError"><![CDATA[java.lang.AssertionError: 'true' != 'false' expected:<true> but was:<false>
	at RegressionTest23.test11953(RegressionTest23.java:3631)
]]></failure>
  </testcase>
  <testcase name="test11954" classname="RegressionTest23" time="0"/>
  <testcase name="test11955" classname="RegressionTest23" time="0"/>
  <testcase name="test11956" classname="RegressionTest23" time="0"/>
  <testcase name="test11957" classname="RegressionTest23" time="0"/>
  <testcase name="test11958" classname="RegressionTest23" time="0"/>
  <testcase name="test11959" classname="RegressionTest23" time="0"/>
  <testcase name="test11960" classname="RegressionTest23" time="0"/>
  <testcase name="test11961" classname="RegressionTest23" time="0"/>
  <testcase name="test11962" classname="RegressionTest23" time="0"/>
  <testcase name="test11963" classname="RegressionTest23" time="0"/>
  <testcase name="test11964" classname="RegressionTest23" time="0"/>
  <testcase name="test11965" classname="RegressionTest23" time="0"/>
  <testcase name="test11966" classname="RegressionTest23" time="0"/>
  <testcase name="test11967" classname="RegressionTest23" time="0.001"/>
  <testcase name="test11968" classname="RegressionTest23" time="0"/>
  <testcase name="test11969" classname="RegressionTest23" time="0"/>
  <testcase name="test11970" classname="RegressionTest23" time="0"/>
  <testcase name="test11971" classname="RegressionTest23" time="0"/>
  <testcase name="test11972" classname="RegressionTest23" time="0"/>
  <testcase name="test11973" classname="RegressionTest23" time="0"/>
  <testcase name="test11974" classname="RegressionTest23" time="0"/>
  <testcase name="test11975" classname="RegressionTest23" time="0"/>
  <testcase name="test11976" classname="RegressionTest23" time="0"/>
  <testcase name="test11977" classname="RegressionTest23" time="0"/>
  <testcase name="test11978" classname="RegressionTest23" time="0"/>
  <testcase name="test11979" classname="RegressionTest23" time="0"/>
  <testcase name="test11980" classname="RegressionTest23" time="0"/>
  <testcase name="test11981" classname="RegressionTest23" time="0"/>
  <testcase name="test11982" classname="RegressionTest23" time="0"/>
  <testcase name="test11983" classname="RegressionTest23" time="0"/>
  <testcase name="test11984" classname="RegressionTest23" time="0"/>
  <testcase name="test11985" classname="RegressionTest23" time="0"/>
  <testcase name="test11986" classname="RegressionTest23" time="0"/>
  <testcase name="test11987" classname="RegressionTest23" time="0"/>
  <testcase name="test11988" classname="RegressionTest23" time="0"/>
  <testcase name="test11989" classname="RegressionTest23" time="0"/>
  <testcase name="test11990" classname="RegressionTest23" time="0"/>
  <testcase name="test11991" classname="RegressionTest23" time="0"/>
  <testcase name="test11992" classname="RegressionTest23" time="0"/>
  <testcase name="test11993" classname="RegressionTest23" time="0"/>
  <testcase name="test11994" classname="RegressionTest23" time="0"/>
  <testcase name="test11995" classname="RegressionTest23" time="0"/>
  <testcase name="test11996" classname="RegressionTest23" time="0"/>
  <testcase name="test11997" classname="RegressionTest23" time="0"/>
  <testcase name="test11998" classname="RegressionTest23" time="0"/>
  <testcase name="test11999" classname="RegressionTest23" time="0"/>
  <testcase name="test12000" classname="RegressionTest23" time="0"/>
  <testcase name="test12001" classname="RegressionTest24" time="0"/>
  <testcase name="test12002" classname="RegressionTest24" time="0"/>
  <testcase name="test12003" classname="RegressionTest24" time="0"/>
  <testcase name="test12004" classname="RegressionTest24" time="0"/>
  <testcase name="test12005" classname="RegressionTest24" time="0.001">
    <failure message="&apos;true&apos; != &apos;false&apos; expected:&lt;true&gt; but was:&lt;false&gt;" type="java.lang.AssertionError"><![CDATA[java.lang.AssertionError: 'true' != 'false' expected:<true> but was:<false>
	at RegressionTest24.test12005(RegressionTest24.java:47)
]]></failure>
  </testcase>
  <testcase name="test12006" classname="RegressionTest24" time="0"/>
  <testcase name="test12007" classname="RegressionTest24" time="0"/>
  <testcase name="test12008" classname="RegressionTest24" time="0"/>
  <testcase name="test12009" classname="RegressionTest24" time="0"/>
  <testcase name="test12010" classname="RegressionTest24" time="0"/>
  <testcase name="test12011" classname="RegressionTest24" time="0">
    <failure message="&apos;true&apos; != &apos;false&apos; expected:&lt;true&gt; but was:&lt;false&gt;" type="java.lang.AssertionError"><![CDATA[java.lang.AssertionError: 'true' != 'false' expected:<true> but was:<false>
	at RegressionTest24.test12011(RegressionTest24.java:95)
]]></failure>
  </testcase>
  <testcase name="test12012" classname="RegressionTest24" time="0"/>
  <testcase name="test12013" classname="RegressionTest24" time="0"/>
  <testcase name="test12014" classname="RegressionTest24" time="0"/>
  <testcase name="test12015" classname="RegressionTest24" time="0">
    <failure message="&apos;true&apos; != &apos;false&apos; expected:&lt;true&gt; but was:&lt;false&gt;" type="java.lang.AssertionError"><![CDATA[java.lang.AssertionError: 'true' != 'false' expected:<true> but was:<false>
	at RegressionTest24.test12015(RegressionTest24.java:127)
]]></failure>
  </testcase>
  <testcase name="test12016" classname="RegressionTest24" time="0"/>
  <testcase name="test12017" classname="RegressionTest24" time="0">
    <failure message="&apos;true&apos; != &apos;false&apos; expected:&lt;true&gt; but was:&lt;false&gt;" type="java.lang.AssertionError"><![CDATA[java.lang.AssertionError: 'true' != 'false' expected:<true> but was:<false>
	at RegressionTest24.test12017(RegressionTest24.java:143)
]]></failure>
  </testcase>
  <testcase name="test12018" classname="RegressionTest24" time="0">
    <failure message="&apos;true&apos; != &apos;false&apos; expected:&lt;true&gt; but was:&lt;false&gt;" type="java.lang.AssertionError"><![CDATA[java.lang.AssertionError: 'true' != 'false' expected:<true> but was:<false>
	at RegressionTest24.test12018(RegressionTest24.java:151)
]]></failure>
  </testcase>
  <testcase name="test12019" classname="RegressionTest24" time="0"/>
  <testcase name="test12020" classname="RegressionTest24" time="0"/>
  <testcase name="test12021" classname="RegressionTest24" time="0"/>
  <testcase name="test12022" classname="RegressionTest24" time="0"/>
  <testcase name="test12023" classname="RegressionTest24" time="0"/>
  <testcase name="test12024" classname="RegressionTest24" time="0"/>
  <testcase name="test12025" classname="RegressionTest24" time="0"/>
  <testcase name="test12026" classname="RegressionTest24" time="0"/>
  <testcase name="test12027" classname="RegressionTest24" time="0"/>
  <testcase name="test12028" classname="RegressionTest24" time="0"/>
  <testcase name="test12029" classname="RegressionTest24" time="0"/>
  <testcase name="test12030" classname="RegressionTest24" time="0"/>
  <testcase name="test12031" classname="RegressionTest24" time="0">
    <failure message="&apos;true&apos; != &apos;false&apos; expected:&lt;true&gt; but was:&lt;false&gt;" type="java.lang.AssertionError"><![CDATA[java.lang.AssertionError: 'true' != 'false' expected:<true> but was:<false>
	at RegressionTest24.test12031(RegressionTest24.java:255)
]]></failure>
  </testcase>
  <testcase name="test12032" classname="RegressionTest24" time="0"/>
  <testcase name="test12033" classname="RegressionTest24" time="0.001"/>
  <testcase name="test12034" classname="RegressionTest24" time="0"/>
  <testcase name="test12035" classname="RegressionTest24" time="0"/>
  <testcase name="test12036" classname="RegressionTest24" time="0"/>
  <testcase name="test12037" classname="RegressionTest24" time="0"/>
  <testcase name="test12038" classname="RegressionTest24" time="0"/>
  <testcase name="test12039" classname="RegressionTest24" time="0"/>
  <testcase name="test12040" classname="RegressionTest24" time="0"/>
  <testcase name="test12041" classname="RegressionTest24" time="0"/>
  <testcase name="test12042" classname="RegressionTest24" time="0"/>
  <testcase name="test12043" classname="RegressionTest24" time="0"/>
  <testcase name="test12044" classname="RegressionTest24" time="0"/>
  <testcase name="test12045" classname="RegressionTest24" time="0"/>
  <testcase name="test12046" classname="RegressionTest24" time="0"/>
  <testcase name="test12047" classname="RegressionTest24" time="0"/>
  <testcase name="test12048" classname="RegressionTest24" time="0"/>
  <testcase name="test12049" classname="RegressionTest24" time="0"/>
  <testcase name="test12050" classname="RegressionTest24" time="0"/>
  <testcase name="test12051" classname="RegressionTest24" time="0"/>
  <testcase name="test12052" classname="RegressionTest24" time="0"/>
  <testcase name="test12053" classname="RegressionTest24" time="0"/>
  <testcase name="test12054" classname="RegressionTest24" time="0"/>
  <testcase name="test12055" classname="RegressionTest24" time="0"/>
  <testcase name="test12056" classname="RegressionTest24" time="0"/>
  <testcase name="test12057" classname="RegressionTest24" time="0"/>
  <testcase name="test12058" classname="RegressionTest24" time="0"/>
  <testcase name="test12059" classname="RegressionTest24" time="0"/>
  <testcase name="test12060" classname="RegressionTest24" time="0"/>
  <testcase name="test12061" classname="RegressionTest24" time="0"/>
  <testcase name="test12062" classname="RegressionTest24" time="0"/>
  <testcase name="test12063" classname="RegressionTest24" time="0"/>
  <testcase name="test12064" classname="RegressionTest24" time="0"/>
  <testcase name="test12065" classname="RegressionTest24" time="0"/>
  <testcase name="test12066" classname="RegressionTest24" time="0">
    <failure message="&apos;true&apos; != &apos;false&apos; expected:&lt;true&gt; but was:&lt;false&gt;" type="java.lang.AssertionError"><![CDATA[java.lang.AssertionError: 'true' != 'false' expected:<true> but was:<false>
	at RegressionTest24.test12066(RegressionTest24.java:535)
]]></failure>
  </testcase>
  <testcase name="test12067" classname="RegressionTest24" time="0"/>
  <testcase name="test12068" classname="RegressionTest24" time="0"/>
  <testcase name="test12069" classname="RegressionTest24" time="0"/>
  <testcase name="test12070" classname="RegressionTest24" time="0"/>
  <testcase name="test12071" classname="RegressionTest24" time="0"/>
  <testcase name="test12072" classname="RegressionTest24" time="0"/>
  <testcase name="test12073" classname="RegressionTest24" time="0"/>
  <testcase name="test12074" classname="RegressionTest24" time="0"/>
  <testcase name="test12075" classname="RegressionTest24" time="0"/>
  <testcase name="test12076" classname="RegressionTest24" time="0"/>
  <testcase name="test12077" classname="RegressionTest24" time="0"/>
  <testcase name="test12078" classname="RegressionTest24" time="0">
    <failure message="&apos;true&apos; != &apos;false&apos; expected:&lt;true&gt; but was:&lt;false&gt;" type="java.lang.AssertionError"><![CDATA[java.lang.AssertionError: 'true' != 'false' expected:<true> but was:<false>
	at RegressionTest24.test12078(RegressionTest24.java:631)
]]></failure>
  </testcase>
  <testcase name="test12079" classname="RegressionTest24" time="0">
    <failure message="&apos;true&apos; != &apos;false&apos; expected:&lt;true&gt; but was:&lt;false&gt;" type="java.lang.AssertionError"><![CDATA[java.lang.AssertionError: 'true' != 'false' expected:<true> but was:<false>
	at RegressionTest24.test12079(RegressionTest24.java:639)
]]></failure>
  </testcase>
  <testcase name="test12080" classname="RegressionTest24" time="0"/>
  <testcase name="test12081" classname="RegressionTest24" time="0"/>
  <testcase name="test12082" classname="RegressionTest24" time="0.001"/>
  <testcase name="test12083" classname="RegressionTest24" time="0"/>
  <testcase name="test12084" classname="RegressionTest24" time="0">
    <failure message="&apos;true&apos; != &apos;false&apos; expected:&lt;true&gt; but was:&lt;false&gt;" type="java.lang.AssertionError"><![CDATA[java.lang.AssertionError: 'true' != 'false' expected:<true> but was:<false>
	at RegressionTest24.test12084(RegressionTest24.java:679)
]]></failure>
  </testcase>
  <testcase name="test12085" classname="RegressionTest24" time="0"/>
  <testcase name="test12086" classname="RegressionTest24" time="0"/>
  <testcase name="test12087" classname="RegressionTest24" time="0"/>
  <testcase name="test12088" classname="RegressionTest24" time="0"/>
  <testcase name="test12089" classname="RegressionTest24" time="0"/>
  <testcase name="test12090" classname="RegressionTest24" time="0"/>
  <testcase name="test12091" classname="RegressionTest24" time="0"/>
  <testcase name="test12092" classname="RegressionTest24" time="0"/>
  <testcase name="test12093" classname="RegressionTest24" time="0"/>
  <testcase name="test12094" classname="RegressionTest24" time="0"/>
  <testcase name="test12095" classname="RegressionTest24" time="0"/>
  <testcase name="test12096" classname="RegressionTest24" time="0"/>
  <testcase name="test12097" classname="RegressionTest24" time="0"/>
  <testcase name="test12098" classname="RegressionTest24" time="0"/>
  <testcase name="test12099" classname="RegressionTest24" time="0"/>
  <testcase name="test12100" classname="RegressionTest24" time="0"/>
  <testcase name="test12101" classname="RegressionTest24" time="0"/>
  <testcase name="test12102" classname="RegressionTest24" time="0"/>
  <testcase name="test12103" classname="RegressionTest24" time="0"/>
  <testcase name="test12104" classname="RegressionTest24" time="0"/>
  <testcase name="test12105" classname="RegressionTest24" time="0"/>
  <testcase name="test12106" classname="RegressionTest24" time="0"/>
  <testcase name="test12107" classname="RegressionTest24" time="0"/>
  <testcase name="test12108" classname="RegressionTest24" time="0"/>
  <testcase name="test12109" classname="RegressionTest24" time="0"/>
  <testcase name="test12110" classname="RegressionTest24" time="0"/>
  <testcase name="test12111" classname="RegressionTest24" time="0"/>
  <testcase name="test12112" classname="RegressionTest24" time="0"/>
  <testcase name="test12113" classname="RegressionTest24" time="0"/>
  <testcase name="test12114" classname="RegressionTest24" time="0"/>
  <testcase name="test12115" classname="RegressionTest24" time="0"/>
  <testcase name="test12116" classname="RegressionTest24" time="0">
    <failure message="&apos;true&apos; != &apos;false&apos; expected:&lt;true&gt; but was:&lt;false&gt;" type="java.lang.AssertionError"><![CDATA[java.lang.AssertionError: 'true' != 'false' expected:<true> but was:<false>
	at RegressionTest24.test12116(RegressionTest24.java:935)
]]></failure>
  </testcase>
  <testcase name="test12117" classname="RegressionTest24" time="0"/>
  <testcase name="test12118" classname="RegressionTest24" time="0">
    <failure message="&apos;true&apos; != &apos;false&apos; expected:&lt;true&gt; but was:&lt;false&gt;" type="java.lang.AssertionError"><![CDATA[java.lang.AssertionError: 'true' != 'false' expected:<true> but was:<false>
	at RegressionTest24.test12118(RegressionTest24.java:951)
]]></failure>
  </testcase>
  <testcase name="test12119" classname="RegressionTest24" time="0"/>
  <testcase name="test12120" classname="RegressionTest24" time="0">
    <failure message="&apos;true&apos; != &apos;false&apos; expected:&lt;true&gt; but was:&lt;false&gt;" type="java.lang.AssertionError"><![CDATA[java.lang.AssertionError: 'true' != 'false' expected:<true> but was:<false>
	at RegressionTest24.test12120(RegressionTest24.java:967)
]]></failure>
  </testcase>
  <testcase name="test12121" classname="RegressionTest24" time="0"/>
  <testcase name="test12122" classname="RegressionTest24" time="0"/>
  <testcase name="test12123" classname="RegressionTest24" time="0"/>
  <testcase name="test12124" classname="RegressionTest24" time="0"/>
  <testcase name="test12125" classname="RegressionTest24" time="0"/>
  <testcase name="test12126" classname="RegressionTest24" time="0"/>
  <testcase name="test12127" classname="RegressionTest24" time="0"/>
  <testcase name="test12128" classname="RegressionTest24" time="0"/>
  <testcase name="test12129" classname="RegressionTest24" time="0"/>
  <testcase name="test12130" classname="RegressionTest24" time="0.001">
    <failure message="&apos;true&apos; != &apos;false&apos; expected:&lt;true&gt; but was:&lt;false&gt;" type="java.lang.AssertionError"><![CDATA[java.lang.AssertionError: 'true' != 'false' expected:<true> but was:<false>
	at RegressionTest24.test12130(RegressionTest24.java:1047)
]]></failure>
  </testcase>
  <testcase name="test12131" classname="RegressionTest24" time="0"/>
  <testcase name="test12132" classname="RegressionTest24" time="0"/>
  <testcase name="test12133" classname="RegressionTest24" time="0"/>
  <testcase name="test12134" classname="RegressionTest24" time="0"/>
  <testcase name="test12135" classname="RegressionTest24" time="0"/>
  <testcase name="test12136" classname="RegressionTest24" time="0"/>
  <testcase name="test12137" classname="RegressionTest24" time="0"/>
  <testcase name="test12138" classname="RegressionTest24" time="0">
    <failure message="&apos;true&apos; != &apos;false&apos; expected:&lt;true&gt; but was:&lt;false&gt;" type="java.lang.AssertionError"><![CDATA[java.lang.AssertionError: 'true' != 'false' expected:<true> but was:<false>
	at RegressionTest24.test12138(RegressionTest24.java:1111)
]]></failure>
  </testcase>
  <testcase name="test12139" classname="RegressionTest24" time="0">
    <failure message="&apos;true&apos; != &apos;false&apos; expected:&lt;true&gt; but was:&lt;false&gt;" type="java.lang.AssertionError"><![CDATA[java.lang.AssertionError: 'true' != 'false' expected:<true> but was:<false>
	at RegressionTest24.test12139(RegressionTest24.java:1119)
]]></failure>
  </testcase>
  <testcase name="test12140" classname="RegressionTest24" time="0"/>
  <testcase name="test12141" classname="RegressionTest24" time="0"/>
  <testcase name="test12142" classname="RegressionTest24" time="0"/>
  <testcase name="test12143" classname="RegressionTest24" time="0"/>
  <testcase name="test12144" classname="RegressionTest24" time="0"/>
  <testcase name="test12145" classname="RegressionTest24" time="0"/>
  <testcase name="test12146" classname="RegressionTest24" time="0"/>
  <testcase name="test12147" classname="RegressionTest24" time="0"/>
  <testcase name="test12148" classname="RegressionTest24" time="0"/>
  <testcase name="test12149" classname="RegressionTest24" time="0"/>
  <testcase name="test12150" classname="RegressionTest24" time="0">
    <failure message="&apos;true&apos; != &apos;false&apos; expected:&lt;true&gt; but was:&lt;false&gt;" type="java.lang.AssertionError"><![CDATA[java.lang.AssertionError: 'true' != 'false' expected:<true> but was:<false>
	at RegressionTest24.test12150(RegressionTest24.java:1207)
]]></failure>
  </testcase>
  <testcase name="test12151" classname="RegressionTest24" time="0"/>
  <testcase name="test12152" classname="RegressionTest24" time="0"/>
  <testcase name="test12153" classname="RegressionTest24" time="0"/>
  <testcase name="test12154" classname="RegressionTest24" time="0"/>
  <testcase name="test12155" classname="RegressionTest24" time="0"/>
  <testcase name="test12156" classname="RegressionTest24" time="0"/>
  <testcase name="test12157" classname="RegressionTest24" time="0"/>
  <testcase name="test12158" classname="RegressionTest24" time="0"/>
  <testcase name="test12159" classname="RegressionTest24" time="0"/>
  <testcase name="test12160" classname="RegressionTest24" time="0"/>
  <testcase name="test12161" classname="RegressionTest24" time="0"/>
  <testcase name="test12162" classname="RegressionTest24" time="0"/>
  <testcase name="test12163" classname="RegressionTest24" time="0"/>
  <testcase name="test12164" classname="RegressionTest24" time="0"/>
  <testcase name="test12165" classname="RegressionTest24" time="0"/>
  <testcase name="test12166" classname="RegressionTest24" time="0"/>
  <testcase name="test12167" classname="RegressionTest24" time="0"/>
  <testcase name="test12168" classname="RegressionTest24" time="0"/>
  <testcase name="test12169" classname="RegressionTest24" time="0"/>
  <testcase name="test12170" classname="RegressionTest24" time="0"/>
  <testcase name="test12171" classname="RegressionTest24" time="0"/>
  <testcase name="test12172" classname="RegressionTest24" time="0"/>
  <testcase name="test12173" classname="RegressionTest24" time="0"/>
  <testcase name="test12174" classname="RegressionTest24" time="0"/>
  <testcase name="test12175" classname="RegressionTest24" time="0"/>
  <testcase name="test12176" classname="RegressionTest24" time="0"/>
  <testcase name="test12177" classname="RegressionTest24" time="0"/>
  <testcase name="test12178" classname="RegressionTest24" time="0"/>
  <testcase name="test12179" classname="RegressionTest24" time="0"/>
  <testcase name="test12180" classname="RegressionTest24" time="0"/>
  <testcase name="test12181" classname="RegressionTest24" time="0">
    <failure message="&apos;true&apos; != &apos;false&apos; expected:&lt;true&gt; but was:&lt;false&gt;" type="java.lang.AssertionError"><![CDATA[java.lang.AssertionError: 'true' != 'false' expected:<true> but was:<false>
	at RegressionTest24.test12181(RegressionTest24.java:1455)
]]></failure>
  </testcase>
  <testcase name="test12182" classname="RegressionTest24" time="0"/>
  <testcase name="test12183" classname="RegressionTest24" time="0">
    <failure message="&apos;true&apos; != &apos;false&apos; expected:&lt;true&gt; but was:&lt;false&gt;" type="java.lang.AssertionError"><![CDATA[java.lang.AssertionError: 'true' != 'false' expected:<true> but was:<false>
	at RegressionTest24.test12183(RegressionTest24.java:1471)
]]></failure>
  </testcase>
  <testcase name="test12184" classname="RegressionTest24" time="0"/>
  <testcase name="test12185" classname="RegressionTest24" time="0"/>
  <testcase name="test12186" classname="RegressionTest24" time="0"/>
  <testcase name="test12187" classname="RegressionTest24" time="0">
    <failure message="&apos;true&apos; != &apos;false&apos; expected:&lt;true&gt; but was:&lt;false&gt;" type="java.lang.AssertionError"><![CDATA[java.lang.AssertionError: 'true' != 'false' expected:<true> but was:<false>
	at RegressionTest24.test12187(RegressionTest24.java:1503)
]]></failure>
  </testcase>
  <testcase name="test12188" classname="RegressionTest24" time="0"/>
  <testcase name="test12189" classname="RegressionTest24" time="0"/>
  <testcase name="test12190" classname="RegressionTest24" time="0"/>
  <testcase name="test12191" classname="RegressionTest24" time="0"/>
  <testcase name="test12192" classname="RegressionTest24" time="0"/>
  <testcase name="test12193" classname="RegressionTest24" time="0"/>
  <testcase name="test12194" classname="RegressionTest24" time="0"/>
  <testcase name="test12195" classname="RegressionTest24" time="0"/>
  <testcase name="test12196" classname="RegressionTest24" time="0"/>
  <testcase name="test12197" classname="RegressionTest24" time="0"/>
  <testcase name="test12198" classname="RegressionTest24" time="0"/>
  <testcase name="test12199" classname="RegressionTest24" time="0"/>
  <testcase name="test12200" classname="RegressionTest24" time="0"/>
  <testcase name="test12201" classname="RegressionTest24" time="0"/>
  <testcase name="test12202" classname="RegressionTest24" time="0"/>
  <testcase name="test12203" classname="RegressionTest24" time="0"/>
  <testcase name="test12204" classname="RegressionTest24" time="0"/>
  <testcase name="test12205" classname="RegressionTest24" time="0"/>
  <testcase name="test12206" classname="RegressionTest24" time="0"/>
  <testcase name="test12207" classname="RegressionTest24" time="0"/>
  <testcase name="test12208" classname="RegressionTest24" time="0"/>
  <testcase name="test12209" classname="RegressionTest24" time="0"/>
  <testcase name="test12210" classname="RegressionTest24" time="0"/>
  <testcase name="test12211" classname="RegressionTest24" time="0"/>
  <testcase name="test12212" classname="RegressionTest24" time="0"/>
  <testcase name="test12213" classname="RegressionTest24" time="0"/>
  <testcase name="test12214" classname="RegressionTest24" time="0"/>
  <testcase name="test12215" classname="RegressionTest24" time="0"/>
  <testcase name="test12216" classname="RegressionTest24" time="0"/>
  <testcase name="test12217" classname="RegressionTest24" time="0"/>
  <testcase name="test12218" classname="RegressionTest24" time="0.001"/>
  <testcase name="test12219" classname="RegressionTest24" time="0"/>
  <testcase name="test12220" classname="RegressionTest24" time="0"/>
  <testcase name="test12221" classname="RegressionTest24" time="0"/>
  <testcase name="test12222" classname="RegressionTest24" time="0"/>
  <testcase name="test12223" classname="RegressionTest24" time="0"/>
  <testcase name="test12224" classname="RegressionTest24" time="0"/>
  <testcase name="test12225" classname="RegressionTest24" time="0"/>
  <testcase name="test12226" classname="RegressionTest24" time="0"/>
  <testcase name="test12227" classname="RegressionTest24" time="0"/>
  <testcase name="test12228" classname="RegressionTest24" time="0"/>
  <testcase name="test12229" classname="RegressionTest24" time="0"/>
  <testcase name="test12230" classname="RegressionTest24" time="0"/>
  <testcase name="test12231" classname="RegressionTest24" time="0"/>
  <testcase name="test12232" classname="RegressionTest24" time="0"/>
  <testcase name="test12233" classname="RegressionTest24" time="0"/>
  <testcase name="test12234" classname="RegressionTest24" time="0"/>
  <testcase name="test12235" classname="RegressionTest24" time="0"/>
  <testcase name="test12236" classname="RegressionTest24" time="0"/>
  <testcase name="test12237" classname="RegressionTest24" time="0"/>
  <testcase name="test12238" classname="RegressionTest24" time="0"/>
  <testcase name="test12239" classname="RegressionTest24" time="0"/>
  <testcase name="test12240" classname="RegressionTest24" time="0"/>
  <testcase name="test12241" classname="RegressionTest24" time="0"/>
  <testcase name="test12242" classname="RegressionTest24" time="0"/>
  <testcase name="test12243" classname="RegressionTest24" time="0"/>
  <testcase name="test12244" classname="RegressionTest24" time="0"/>
  <testcase name="test12245" classname="RegressionTest24" time="0"/>
  <testcase name="test12246" classname="RegressionTest24" time="0"/>
  <testcase name="test12247" classname="RegressionTest24" time="0"/>
  <testcase name="test12248" classname="RegressionTest24" time="0"/>
  <testcase name="test12249" classname="RegressionTest24" time="0"/>
  <testcase name="test12250" classname="RegressionTest24" time="0"/>
  <testcase name="test12251" classname="RegressionTest24" time="0"/>
  <testcase name="test12252" classname="RegressionTest24" time="0"/>
  <testcase name="test12253" classname="RegressionTest24" time="0"/>
  <testcase name="test12254" classname="RegressionTest24" time="0"/>
  <testcase name="test12255" classname="RegressionTest24" time="0"/>
  <testcase name="test12256" classname="RegressionTest24" time="0"/>
  <testcase name="test12257" classname="RegressionTest24" time="0"/>
  <testcase name="test12258" classname="RegressionTest24" time="0"/>
  <testcase name="test12259" classname="RegressionTest24" time="0"/>
  <testcase name="test12260" classname="RegressionTest24" time="0"/>
  <testcase name="test12261" classname="RegressionTest24" time="0"/>
  <testcase name="test12262" classname="RegressionTest24" time="0"/>
  <testcase name="test12263" classname="RegressionTest24" time="0"/>
  <testcase name="test12264" classname="RegressionTest24" time="0"/>
  <testcase name="test12265" classname="RegressionTest24" time="0"/>
  <testcase name="test12266" classname="RegressionTest24" time="0"/>
  <testcase name="test12267" classname="RegressionTest24" time="0"/>
  <testcase name="test12268" classname="RegressionTest24" time="0.001"/>
  <testcase name="test12269" classname="RegressionTest24" time="0"/>
  <testcase name="test12270" classname="RegressionTest24" time="0"/>
  <testcase name="test12271" classname="RegressionTest24" time="0"/>
  <testcase name="test12272" classname="RegressionTest24" time="0"/>
  <testcase name="test12273" classname="RegressionTest24" time="0"/>
  <testcase name="test12274" classname="RegressionTest24" time="0"/>
  <testcase name="test12275" classname="RegressionTest24" time="0"/>
  <testcase name="test12276" classname="RegressionTest24" time="0"/>
  <testcase name="test12277" classname="RegressionTest24" time="0"/>
  <testcase name="test12278" classname="RegressionTest24" time="0"/>
  <testcase name="test12279" classname="RegressionTest24" time="0">
    <failure message="&apos;true&apos; != &apos;false&apos; expected:&lt;true&gt; but was:&lt;false&gt;" type="java.lang.AssertionError"><![CDATA[java.lang.AssertionError: 'true' != 'false' expected:<true> but was:<false>
	at RegressionTest24.test12279(RegressionTest24.java:2239)
]]></failure>
  </testcase>
  <testcase name="test12280" classname="RegressionTest24" time="0"/>
  <testcase name="test12281" classname="RegressionTest24" time="0"/>
  <testcase name="test12282" classname="RegressionTest24" time="0"/>
  <testcase name="test12283" classname="RegressionTest24" time="0"/>
  <testcase name="test12284" classname="RegressionTest24" time="0"/>
  <testcase name="test12285" classname="RegressionTest24" time="0"/>
  <testcase name="test12286" classname="RegressionTest24" time="0"/>
  <testcase name="test12287" classname="RegressionTest24" time="0"/>
  <testcase name="test12288" classname="RegressionTest24" time="0"/>
  <testcase name="test12289" classname="RegressionTest24" time="0"/>
  <testcase name="test12290" classname="RegressionTest24" time="0"/>
  <testcase name="test12291" classname="RegressionTest24" time="0"/>
  <testcase name="test12292" classname="RegressionTest24" time="0"/>
  <testcase name="test12293" classname="RegressionTest24" time="0"/>
  <testcase name="test12294" classname="RegressionTest24" time="0"/>
  <testcase name="test12295" classname="RegressionTest24" time="0"/>
  <testcase name="test12296" classname="RegressionTest24" time="0"/>
  <testcase name="test12297" classname="RegressionTest24" time="0"/>
  <testcase name="test12298" classname="RegressionTest24" time="0"/>
  <testcase name="test12299" classname="RegressionTest24" time="0"/>
  <testcase name="test12300" classname="RegressionTest24" time="0"/>
  <testcase name="test12301" classname="RegressionTest24" time="0"/>
  <testcase name="test12302" classname="RegressionTest24" time="0">
    <failure message="&apos;true&apos; != &apos;false&apos; expected:&lt;true&gt; but was:&lt;false&gt;" type="java.lang.AssertionError"><![CDATA[java.lang.AssertionError: 'true' != 'false' expected:<true> but was:<false>
	at RegressionTest24.test12302(RegressionTest24.java:2423)
]]></failure>
  </testcase>
  <testcase name="test12303" classname="RegressionTest24" time="0"/>
  <testcase name="test12304" classname="RegressionTest24" time="0"/>
  <testcase name="test12305" classname="RegressionTest24" time="0">
    <failure message="&apos;true&apos; != &apos;false&apos; expected:&lt;true&gt; but was:&lt;false&gt;" type="java.lang.AssertionError"><![CDATA[java.lang.AssertionError: 'true' != 'false' expected:<true> but was:<false>
	at RegressionTest24.test12305(RegressionTest24.java:2447)
]]></failure>
  </testcase>
  <testcase name="test12306" classname="RegressionTest24" time="0"/>
  <testcase name="test12307" classname="RegressionTest24" time="0"/>
  <testcase name="test12308" classname="RegressionTest24" time="0.001"/>
  <testcase name="test12309" classname="RegressionTest24" time="0"/>
  <testcase name="test12310" classname="RegressionTest24" time="0"/>
  <testcase name="test12311" classname="RegressionTest24" time="0"/>
  <testcase name="test12312" classname="RegressionTest24" time="0"/>
  <testcase name="test12313" classname="RegressionTest24" time="0"/>
  <testcase name="test12314" classname="RegressionTest24" time="0"/>
  <testcase name="test12315" classname="RegressionTest24" time="0"/>
  <testcase name="test12316" classname="RegressionTest24" time="0">
    <failure message="&apos;true&apos; != &apos;false&apos; expected:&lt;true&gt; but was:&lt;false&gt;" type="java.lang.AssertionError"><![CDATA[java.lang.AssertionError: 'true' != 'false' expected:<true> but was:<false>
	at RegressionTest24.test12316(RegressionTest24.java:2535)
]]></failure>
  </testcase>
  <testcase name="test12317" classname="RegressionTest24" time="0"/>
  <testcase name="test12318" classname="RegressionTest24" time="0"/>
  <testcase name="test12319" classname="RegressionTest24" time="0"/>
  <testcase name="test12320" classname="RegressionTest24" time="0"/>
  <testcase name="test12321" classname="RegressionTest24" time="0"/>
  <testcase name="test12322" classname="RegressionTest24" time="0"/>
  <testcase name="test12323" classname="RegressionTest24" time="0"/>
  <testcase name="test12324" classname="RegressionTest24" time="0"/>
  <testcase name="test12325" classname="RegressionTest24" time="0"/>
  <testcase name="test12326" classname="RegressionTest24" time="0"/>
  <testcase name="test12327" classname="RegressionTest24" time="0"/>
  <testcase name="test12328" classname="RegressionTest24" time="0">
    <failure message="&apos;true&apos; != &apos;false&apos; expected:&lt;true&gt; but was:&lt;false&gt;" type="java.lang.AssertionError"><![CDATA[java.lang.AssertionError: 'true' != 'false' expected:<true> but was:<false>
	at RegressionTest24.test12328(RegressionTest24.java:2631)
]]></failure>
  </testcase>
  <testcase name="test12329" classname="RegressionTest24" time="0"/>
  <testcase name="test12330" classname="RegressionTest24" time="0"/>
  <testcase name="test12331" classname="RegressionTest24" time="0"/>
  <testcase name="test12332" classname="RegressionTest24" time="0"/>
  <testcase name="test12333" classname="RegressionTest24" time="0"/>
  <testcase name="test12334" classname="RegressionTest24" time="0"/>
  <testcase name="test12335" classname="RegressionTest24" time="0"/>
  <testcase name="test12336" classname="RegressionTest24" time="0"/>
  <testcase name="test12337" classname="RegressionTest24" time="0"/>
  <testcase name="test12338" classname="RegressionTest24" time="0"/>
  <testcase name="test12339" classname="RegressionTest24" time="0"/>
  <testcase name="test12340" classname="RegressionTest24" time="0"/>
  <testcase name="test12341" classname="RegressionTest24" time="0"/>
  <testcase name="test12342" classname="RegressionTest24" time="0"/>
  <testcase name="test12343" classname="RegressionTest24" time="0"/>
  <testcase name="test12344" classname="RegressionTest24" time="0"/>
  <testcase name="test12345" classname="RegressionTest24" time="0"/>
  <testcase name="test12346" classname="RegressionTest24" time="0"/>
  <testcase name="test12347" classname="RegressionTest24" time="0"/>
  <testcase name="test12348" classname="RegressionTest24" time="0"/>
  <testcase name="test12349" classname="RegressionTest24" time="0"/>
  <testcase name="test12350" classname="RegressionTest24" time="0"/>
  <testcase name="test12351" classname="RegressionTest24" time="0.001">
    <failure message="&apos;true&apos; != &apos;false&apos; expected:&lt;true&gt; but was:&lt;false&gt;" type="java.lang.AssertionError"><![CDATA[java.lang.AssertionError: 'true' != 'false' expected:<true> but was:<false>
	at RegressionTest24.test12351(RegressionTest24.java:2815)
]]></failure>
  </testcase>
  <testcase name="test12352" classname="RegressionTest24" time="0"/>
  <testcase name="test12353" classname="RegressionTest24" time="0"/>
  <testcase name="test12354" classname="RegressionTest24" time="0">
    <failure message="&apos;true&apos; != &apos;false&apos; expected:&lt;true&gt; but was:&lt;false&gt;" type="java.lang.AssertionError"><![CDATA[java.lang.AssertionError: 'true' != 'false' expected:<true> but was:<false>
	at RegressionTest24.test12354(RegressionTest24.java:2839)
]]></failure>
  </testcase>
  <testcase name="test12355" classname="RegressionTest24" time="0"/>
  <testcase name="test12356" classname="RegressionTest24" time="0"/>
  <testcase name="test12357" classname="RegressionTest24" time="0"/>
  <testcase name="test12358" classname="RegressionTest24" time="0">
    <failure message="&apos;true&apos; != &apos;false&apos; expected:&lt;true&gt; but was:&lt;false&gt;" type="java.lang.AssertionError"><![CDATA[java.lang.AssertionError: 'true' != 'false' expected:<true> but was:<false>
	at RegressionTest24.test12358(RegressionTest24.java:2871)
]]></failure>
  </testcase>
  <testcase name="test12359" classname="RegressionTest24" time="0"/>
  <testcase name="test12360" classname="RegressionTest24" time="0"/>
  <testcase name="test12361" classname="RegressionTest24" time="0"/>
  <testcase name="test12362" classname="RegressionTest24" time="0"/>
  <testcase name="test12363" classname="RegressionTest24" time="0"/>
  <testcase name="test12364" classname="RegressionTest24" time="0"/>
  <testcase name="test12365" classname="RegressionTest24" time="0"/>
  <testcase name="test12366" classname="RegressionTest24" time="0"/>
  <testcase name="test12367" classname="RegressionTest24" time="0"/>
  <testcase name="test12368" classname="RegressionTest24" time="0">
    <failure message="&apos;true&apos; != &apos;false&apos; expected:&lt;true&gt; but was:&lt;false&gt;" type="java.lang.AssertionError"><![CDATA[java.lang.AssertionError: 'true' != 'false' expected:<true> but was:<false>
	at RegressionTest24.test12368(RegressionTest24.java:2951)
]]></failure>
  </testcase>
  <testcase name="test12369" classname="RegressionTest24" time="0">
    <failure message="&apos;true&apos; != &apos;false&apos; expected:&lt;true&gt; but was:&lt;false&gt;" type="java.lang.AssertionError"><![CDATA[java.lang.AssertionError: 'true' != 'false' expected:<true> but was:<false>
	at RegressionTest24.test12369(RegressionTest24.java:2959)
]]></failure>
  </testcase>
  <testcase name="test12370" classname="RegressionTest24" time="0"/>
  <testcase name="test12371" classname="RegressionTest24" time="0"/>
  <testcase name="test12372" classname="RegressionTest24" time="0"/>
  <testcase name="test12373" classname="RegressionTest24" time="0"/>
  <testcase name="test12374" classname="RegressionTest24" time="0"/>
  <testcase name="test12375" classname="RegressionTest24" time="0"/>
  <testcase name="test12376" classname="RegressionTest24" time="0">
    <failure message="&apos;true&apos; != &apos;false&apos; expected:&lt;true&gt; but was:&lt;false&gt;" type="java.lang.AssertionError"><![CDATA[java.lang.AssertionError: 'true' != 'false' expected:<true> but was:<false>
	at RegressionTest24.test12376(RegressionTest24.java:3015)
]]></failure>
  </testcase>
  <testcase name="test12377" classname="RegressionTest24" time="0"/>
  <testcase name="test12378" classname="RegressionTest24" time="0"/>
  <testcase name="test12379" classname="RegressionTest24" time="0"/>
  <testcase name="test12380" classname="RegressionTest24" time="0"/>
  <testcase name="test12381" classname="RegressionTest24" time="0"/>
  <testcase name="test12382" classname="RegressionTest24" time="0"/>
  <testcase name="test12383" classname="RegressionTest24" time="0"/>
  <testcase name="test12384" classname="RegressionTest24" time="0"/>
  <testcase name="test12385" classname="RegressionTest24" time="0"/>
  <testcase name="test12386" classname="RegressionTest24" time="0"/>
  <testcase name="test12387" classname="RegressionTest24" time="0"/>
  <testcase name="test12388" classname="RegressionTest24" time="0">
    <failure message="&apos;true&apos; != &apos;false&apos; expected:&lt;true&gt; but was:&lt;false&gt;" type="java.lang.AssertionError"><![CDATA[java.lang.AssertionError: 'true' != 'false' expected:<true> but was:<false>
	at RegressionTest24.test12388(RegressionTest24.java:3111)
]]></failure>
  </testcase>
  <testcase name="test12389" classname="RegressionTest24" time="0"/>
  <testcase name="test12390" classname="RegressionTest24" time="0"/>
  <testcase name="test12391" classname="RegressionTest24" time="0"/>
  <testcase name="test12392" classname="RegressionTest24" time="0.001">
    <failure message="&apos;true&apos; != &apos;false&apos; expected:&lt;true&gt; but was:&lt;false&gt;" type="java.lang.AssertionError"><![CDATA[java.lang.AssertionError: 'true' != 'false' expected:<true> but was:<false>
	at RegressionTest24.test12392(RegressionTest24.java:3143)
]]></failure>
  </testcase>
  <testcase name="test12393" classname="RegressionTest24" time="0"/>
  <testcase name="test12394" classname="RegressionTest24" time="0"/>
  <testcase name="test12395" classname="RegressionTest24" time="0"/>
  <testcase name="test12396" classname="RegressionTest24" time="0"/>
  <testcase name="test12397" classname="RegressionTest24" time="0"/>
  <testcase name="test12398" classname="RegressionTest24" time="0"/>
  <testcase name="test12399" classname="RegressionTest24" time="0"/>
  <testcase name="test12400" classname="RegressionTest24" time="0"/>
  <testcase name="test12401" classname="RegressionTest24" time="0"/>
  <testcase name="test12402" classname="RegressionTest24" time="0">
    <failure message="&apos;true&apos; != &apos;false&apos; expected:&lt;true&gt; but was:&lt;false&gt;" type="java.lang.AssertionError"><![CDATA[java.lang.AssertionError: 'true' != 'false' expected:<true> but was:<false>
	at RegressionTest24.test12402(RegressionTest24.java:3223)
]]></failure>
  </testcase>
  <testcase name="test12403" classname="RegressionTest24" time="0"/>
  <testcase name="test12404" classname="RegressionTest24" time="0"/>
  <testcase name="test12405" classname="RegressionTest24" time="0"/>
  <testcase name="test12406" classname="RegressionTest24" time="0"/>
  <testcase name="test12407" classname="RegressionTest24" time="0">
    <failure message="&apos;true&apos; != &apos;false&apos; expected:&lt;true&gt; but was:&lt;false&gt;" type="java.lang.AssertionError"><![CDATA[java.lang.AssertionError: 'true' != 'false' expected:<true> but was:<false>
	at RegressionTest24.test12407(RegressionTest24.java:3263)
]]></failure>
  </testcase>
  <testcase name="test12408" classname="RegressionTest24" time="0">
    <failure message="&apos;true&apos; != &apos;false&apos; expected:&lt;true&gt; but was:&lt;false&gt;" type="java.lang.AssertionError"><![CDATA[java.lang.AssertionError: 'true' != 'false' expected:<true> but was:<false>
	at RegressionTest24.test12408(RegressionTest24.java:3271)
]]></failure>
  </testcase>
  <testcase name="test12409" classname="RegressionTest24" time="0"/>
  <testcase name="test12410" classname="RegressionTest24" time="0"/>
  <testcase name="test12411" classname="RegressionTest24" time="0">
    <failure message="&apos;true&apos; != &apos;false&apos; expected:&lt;true&gt; but was:&lt;false&gt;" type="java.lang.AssertionError"><![CDATA[java.lang.AssertionError: 'true' != 'false' expected:<true> but was:<false>
	at RegressionTest24.test12411(RegressionTest24.java:3295)
]]></failure>
  </testcase>
  <testcase name="test12412" classname="RegressionTest24" time="0"/>
  <testcase name="test12413" classname="RegressionTest24" time="0"/>
  <testcase name="test12414" classname="RegressionTest24" time="0"/>
  <testcase name="test12415" classname="RegressionTest24" time="0"/>
  <testcase name="test12416" classname="RegressionTest24" time="0"/>
  <testcase name="test12417" classname="RegressionTest24" time="0"/>
  <testcase name="test12418" classname="RegressionTest24" time="0"/>
  <testcase name="test12419" classname="RegressionTest24" time="0"/>
  <testcase name="test12420" classname="RegressionTest24" time="0"/>
  <testcase name="test12421" classname="RegressionTest24" time="0"/>
  <testcase name="test12422" classname="RegressionTest24" time="0"/>
  <testcase name="test12423" classname="RegressionTest24" time="0"/>
  <testcase name="test12424" classname="RegressionTest24" time="0"/>
  <testcase name="test12425" classname="RegressionTest24" time="0"/>
  <testcase name="test12426" classname="RegressionTest24" time="0"/>
  <testcase name="test12427" classname="RegressionTest24" time="0"/>
  <testcase name="test12428" classname="RegressionTest24" time="0"/>
  <testcase name="test12429" classname="RegressionTest24" time="0"/>
  <testcase name="test12430" classname="RegressionTest24" time="0"/>
  <testcase name="test12431" classname="RegressionTest24" time="0"/>
  <testcase name="test12432" classname="RegressionTest24" time="0"/>
  <testcase name="test12433" classname="RegressionTest24" time="0"/>
  <testcase name="test12434" classname="RegressionTest24" time="0"/>
  <testcase name="test12435" classname="RegressionTest24" time="0"/>
  <testcase name="test12436" classname="RegressionTest24" time="0"/>
  <testcase name="test12437" classname="RegressionTest24" time="0.001"/>
  <testcase name="test12438" classname="RegressionTest24" time="0"/>
  <testcase name="test12439" classname="RegressionTest24" time="0"/>
  <testcase name="test12440" classname="RegressionTest24" time="0"/>
  <testcase name="test12441" classname="RegressionTest24" time="0"/>
  <testcase name="test12442" classname="RegressionTest24" time="0"/>
  <testcase name="test12443" classname="RegressionTest24" time="0"/>
  <testcase name="test12444" classname="RegressionTest24" time="0"/>
  <testcase name="test12445" classname="RegressionTest24" time="0"/>
  <testcase name="test12446" classname="RegressionTest24" time="0"/>
  <testcase name="test12447" classname="RegressionTest24" time="0"/>
  <testcase name="test12448" classname="RegressionTest24" time="0"/>
  <testcase name="test12449" classname="RegressionTest24" time="0"/>
  <testcase name="test12450" classname="RegressionTest24" time="0"/>
  <testcase name="test12451" classname="RegressionTest24" time="0"/>
  <testcase name="test12452" classname="RegressionTest24" time="0"/>
  <testcase name="test12453" classname="RegressionTest24" time="0">
    <failure message="&apos;true&apos; != &apos;false&apos; expected:&lt;true&gt; but was:&lt;false&gt;" type="java.lang.AssertionError"><![CDATA[java.lang.AssertionError: 'true' != 'false' expected:<true> but was:<false>
	at RegressionTest24.test12453(RegressionTest24.java:3631)
]]></failure>
  </testcase>
  <testcase name="test12454" classname="RegressionTest24" time="0"/>
  <testcase name="test12455" classname="RegressionTest24" time="0"/>
  <testcase name="test12456" classname="RegressionTest24" time="0"/>
  <testcase name="test12457" classname="RegressionTest24" time="0"/>
  <testcase name="test12458" classname="RegressionTest24" time="0"/>
  <testcase name="test12459" classname="RegressionTest24" time="0"/>
  <testcase name="test12460" classname="RegressionTest24" time="0">
    <failure message="&apos;true&apos; != &apos;false&apos; expected:&lt;true&gt; but was:&lt;false&gt;" type="java.lang.AssertionError"><![CDATA[java.lang.AssertionError: 'true' != 'false' expected:<true> but was:<false>
	at RegressionTest24.test12460(RegressionTest24.java:3687)
]]></failure>
  </testcase>
  <testcase name="test12461" classname="RegressionTest24" time="0"/>
  <testcase name="test12462" classname="RegressionTest24" time="0"/>
  <testcase name="test12463" classname="RegressionTest24" time="0"/>
  <testcase name="test12464" classname="RegressionTest24" time="0"/>
  <testcase name="test12465" classname="RegressionTest24" time="0"/>
  <testcase name="test12466" classname="RegressionTest24" time="0"/>
  <testcase name="test12467" classname="RegressionTest24" time="0">
    <failure message="&apos;true&apos; != &apos;false&apos; expected:&lt;true&gt; but was:&lt;false&gt;" type="java.lang.AssertionError"><![CDATA[java.lang.AssertionError: 'true' != 'false' expected:<true> but was:<false>
	at RegressionTest24.test12467(RegressionTest24.java:3743)
]]></failure>
  </testcase>
  <testcase name="test12468" classname="RegressionTest24" time="0"/>
  <testcase name="test12469" classname="RegressionTest24" time="0"/>
  <testcase name="test12470" classname="RegressionTest24" time="0"/>
  <testcase name="test12471" classname="RegressionTest24" time="0"/>
  <testcase name="test12472" classname="RegressionTest24" time="0"/>
  <testcase name="test12473" classname="RegressionTest24" time="0"/>
  <testcase name="test12474" classname="RegressionTest24" time="0"/>
  <testcase name="test12475" classname="RegressionTest24" time="0"/>
  <testcase name="test12476" classname="RegressionTest24" time="0"/>
  <testcase name="test12477" classname="RegressionTest24" time="0"/>
  <testcase name="test12478" classname="RegressionTest24" time="0"/>
  <testcase name="test12479" classname="RegressionTest24" time="0"/>
  <testcase name="test12480" classname="RegressionTest24" time="0"/>
  <testcase name="test12481" classname="RegressionTest24" time="0"/>
  <testcase name="test12482" classname="RegressionTest24" time="0"/>
  <testcase name="test12483" classname="RegressionTest24" time="0"/>
  <testcase name="test12484" classname="RegressionTest24" time="0"/>
  <testcase name="test12485" classname="RegressionTest24" time="0.001"/>
  <testcase name="test12486" classname="RegressionTest24" time="0"/>
  <testcase name="test12487" classname="RegressionTest24" time="0"/>
  <testcase name="test12488" classname="RegressionTest24" time="0"/>
  <testcase name="test12489" classname="RegressionTest24" time="0"/>
  <testcase name="test12490" classname="RegressionTest24" time="0"/>
  <testcase name="test12491" classname="RegressionTest24" time="0"/>
  <testcase name="test12492" classname="RegressionTest24" time="0"/>
  <testcase name="test12493" classname="RegressionTest24" time="0"/>
  <testcase name="test12494" classname="RegressionTest24" time="0"/>
  <testcase name="test12495" classname="RegressionTest24" time="0"/>
  <testcase name="test12496" classname="RegressionTest24" time="0"/>
  <testcase name="test12497" classname="RegressionTest24" time="0"/>
  <testcase name="test12498" classname="RegressionTest24" time="0"/>
  <testcase name="test12499" classname="RegressionTest24" time="0"/>
  <testcase name="test12500" classname="RegressionTest24" time="0"/>
  <testcase name="test12501" classname="RegressionTest25" time="0"/>
  <testcase name="test12502" classname="RegressionTest25" time="0"/>
  <testcase name="test12503" classname="RegressionTest25" time="0"/>
  <testcase name="test12504" classname="RegressionTest25" time="0"/>
  <testcase name="test12505" classname="RegressionTest25" time="0"/>
  <testcase name="test12506" classname="RegressionTest25" time="0"/>
  <testcase name="test12507" classname="RegressionTest25" time="0"/>
  <testcase name="test12508" classname="RegressionTest25" time="0"/>
  <testcase name="test12509" classname="RegressionTest25" time="0"/>
  <testcase name="test12510" classname="RegressionTest25" time="0"/>
  <testcase name="test12511" classname="RegressionTest25" time="0"/>
  <testcase name="test12512" classname="RegressionTest25" time="0"/>
  <testcase name="test12513" classname="RegressionTest25" time="0">
    <failure message="&apos;true&apos; != &apos;false&apos; expected:&lt;true&gt; but was:&lt;false&gt;" type="java.lang.AssertionError"><![CDATA[java.lang.AssertionError: 'true' != 'false' expected:<true> but was:<false>
	at RegressionTest25.test12513(RegressionTest25.java:111)
]]></failure>
  </testcase>
  <testcase name="test12514" classname="RegressionTest25" time="0"/>
  <testcase name="test12515" classname="RegressionTest25" time="0"/>
  <testcase name="test12516" classname="RegressionTest25" time="0"/>
  <testcase name="test12517" classname="RegressionTest25" time="0"/>
  <testcase name="test12518" classname="RegressionTest25" time="0"/>
  <testcase name="test12519" classname="RegressionTest25" time="0"/>
  <testcase name="test12520" classname="RegressionTest25" time="0"/>
  <testcase name="test12521" classname="RegressionTest25" time="0"/>
  <testcase name="test12522" classname="RegressionTest25" time="0"/>
  <testcase name="test12523" classname="RegressionTest25" time="0"/>
  <testcase name="test12524" classname="RegressionTest25" time="0"/>
  <testcase name="test12525" classname="RegressionTest25" time="0"/>
  <testcase name="test12526" classname="RegressionTest25" time="0"/>
  <testcase name="test12527" classname="RegressionTest25" time="0"/>
  <testcase name="test12528" classname="RegressionTest25" time="0"/>
  <testcase name="test12529" classname="RegressionTest25" time="0"/>
  <testcase name="test12530" classname="RegressionTest25" time="0"/>
  <testcase name="test12531" classname="RegressionTest25" time="0">
    <failure message="&apos;true&apos; != &apos;false&apos; expected:&lt;true&gt; but was:&lt;false&gt;" type="java.lang.AssertionError"><![CDATA[java.lang.AssertionError: 'true' != 'false' expected:<true> but was:<false>
	at RegressionTest25.test12531(RegressionTest25.java:255)
]]></failure>
  </testcase>
  <testcase name="test12532" classname="RegressionTest25" time="0"/>
  <testcase name="test12533" classname="RegressionTest25" time="0"/>
  <testcase name="test12534" classname="RegressionTest25" time="0"/>
  <testcase name="test12535" classname="RegressionTest25" time="0"/>
  <testcase name="test12536" classname="RegressionTest25" time="0">
    <failure message="&apos;true&apos; != &apos;false&apos; expected:&lt;true&gt; but was:&lt;false&gt;" type="java.lang.AssertionError"><![CDATA[java.lang.AssertionError: 'true' != 'false' expected:<true> but was:<false>
	at RegressionTest25.test12536(RegressionTest25.java:295)
]]></failure>
  </testcase>
  <testcase name="test12537" classname="RegressionTest25" time="0"/>
  <testcase name="test12538" classname="RegressionTest25" time="0"/>
  <testcase name="test12539" classname="RegressionTest25" time="0"/>
  <testcase name="test12540" classname="RegressionTest25" time="0"/>
  <testcase name="test12541" classname="RegressionTest25" time="0">
    <failure message="&apos;true&apos; != &apos;false&apos; expected:&lt;true&gt; but was:&lt;false&gt;" type="java.lang.AssertionError"><![CDATA[java.lang.AssertionError: 'true' != 'false' expected:<true> but was:<false>
	at RegressionTest25.test12541(RegressionTest25.java:335)
]]></failure>
  </testcase>
  <testcase name="test12542" classname="RegressionTest25" time="0"/>
  <testcase name="test12543" classname="RegressionTest25" time="0"/>
  <testcase name="test12544" classname="RegressionTest25" time="0"/>
  <testcase name="test12545" classname="RegressionTest25" time="0"/>
  <testcase name="test12546" classname="RegressionTest25" time="0"/>
  <testcase name="test12547" classname="RegressionTest25" time="0"/>
  <testcase name="test12548" classname="RegressionTest25" time="0"/>
  <testcase name="test12549" classname="RegressionTest25" time="0"/>
  <testcase name="test12550" classname="RegressionTest25" time="0"/>
  <testcase name="test12551" classname="RegressionTest25" time="0">
    <failure message="&apos;true&apos; != &apos;false&apos; expected:&lt;true&gt; but was:&lt;false&gt;" type="java.lang.AssertionError"><![CDATA[java.lang.AssertionError: 'true' != 'false' expected:<true> but was:<false>
	at RegressionTest25.test12551(RegressionTest25.java:415)
]]></failure>
  </testcase>
  <testcase name="test12552" classname="RegressionTest25" time="0"/>
  <testcase name="test12553" classname="RegressionTest25" time="0"/>
  <testcase name="test12554" classname="RegressionTest25" time="0.001"/>
  <testcase name="test12555" classname="RegressionTest25" time="0"/>
  <testcase name="test12556" classname="RegressionTest25" time="0"/>
  <testcase name="test12557" classname="RegressionTest25" time="0"/>
  <testcase name="test12558" classname="RegressionTest25" time="0"/>
  <testcase name="test12559" classname="RegressionTest25" time="0"/>
  <testcase name="test12560" classname="RegressionTest25" time="0"/>
  <testcase name="test12561" classname="RegressionTest25" time="0">
    <failure message="&apos;true&apos; != &apos;false&apos; expected:&lt;true&gt; but was:&lt;false&gt;" type="java.lang.AssertionError"><![CDATA[java.lang.AssertionError: 'true' != 'false' expected:<true> but was:<false>
	at RegressionTest25.test12561(RegressionTest25.java:495)
]]></failure>
  </testcase>
  <testcase name="test12562" classname="RegressionTest25" time="0"/>
  <testcase name="test12563" classname="RegressionTest25" time="0"/>
  <testcase name="test12564" classname="RegressionTest25" time="0"/>
  <testcase name="test12565" classname="RegressionTest25" time="0"/>
  <testcase name="test12566" classname="RegressionTest25" time="0"/>
  <testcase name="test12567" classname="RegressionTest25" time="0"/>
  <testcase name="test12568" classname="RegressionTest25" time="0"/>
  <testcase name="test12569" classname="RegressionTest25" time="0"/>
  <testcase name="test12570" classname="RegressionTest25" time="0"/>
  <testcase name="test12571" classname="RegressionTest25" time="0"/>
  <testcase name="test12572" classname="RegressionTest25" time="0"/>
  <testcase name="test12573" classname="RegressionTest25" time="0"/>
  <testcase name="test12574" classname="RegressionTest25" time="0"/>
  <testcase name="test12575" classname="RegressionTest25" time="0"/>
  <testcase name="test12576" classname="RegressionTest25" time="0"/>
  <testcase name="test12577" classname="RegressionTest25" time="0"/>
  <testcase name="test12578" classname="RegressionTest25" time="0"/>
  <testcase name="test12579" classname="RegressionTest25" time="0"/>
  <testcase name="test12580" classname="RegressionTest25" time="0"/>
  <testcase name="test12581" classname="RegressionTest25" time="0"/>
  <testcase name="test12582" classname="RegressionTest25" time="0"/>
  <testcase name="test12583" classname="RegressionTest25" time="0"/>
  <testcase name="test12584" classname="RegressionTest25" time="0"/>
  <testcase name="test12585" classname="RegressionTest25" time="0"/>
  <testcase name="test12586" classname="RegressionTest25" time="0"/>
  <testcase name="test12587" classname="RegressionTest25" time="0"/>
  <testcase name="test12588" classname="RegressionTest25" time="0"/>
  <testcase name="test12589" classname="RegressionTest25" time="0">
    <failure message="&apos;true&apos; != &apos;false&apos; expected:&lt;true&gt; but was:&lt;false&gt;" type="java.lang.AssertionError"><![CDATA[java.lang.AssertionError: 'true' != 'false' expected:<true> but was:<false>
	at RegressionTest25.test12589(RegressionTest25.java:719)
]]></failure>
  </testcase>
  <testcase name="test12590" classname="RegressionTest25" time="0"/>
  <testcase name="test12591" classname="RegressionTest25" time="0"/>
  <testcase name="test12592" classname="RegressionTest25" time="0"/>
  <testcase name="test12593" classname="RegressionTest25" time="0"/>
  <testcase name="test12594" classname="RegressionTest25" time="0"/>
  <testcase name="test12595" classname="RegressionTest25" time="0"/>
  <testcase name="test12596" classname="RegressionTest25" time="0"/>
  <testcase name="test12597" classname="RegressionTest25" time="0"/>
  <testcase name="test12598" classname="RegressionTest25" time="0"/>
  <testcase name="test12599" classname="RegressionTest25" time="0"/>
  <testcase name="test12600" classname="RegressionTest25" time="0"/>
  <testcase name="test12601" classname="RegressionTest25" time="0"/>
  <testcase name="test12602" classname="RegressionTest25" time="0"/>
  <testcase name="test12603" classname="RegressionTest25" time="0.001"/>
  <testcase name="test12604" classname="RegressionTest25" time="0">
    <failure message="&apos;true&apos; != &apos;false&apos; expected:&lt;true&gt; but was:&lt;false&gt;" type="java.lang.AssertionError"><![CDATA[java.lang.AssertionError: 'true' != 'false' expected:<true> but was:<false>
	at RegressionTest25.test12604(RegressionTest25.java:839)
]]></failure>
  </testcase>
  <testcase name="test12605" classname="RegressionTest25" time="0"/>
  <testcase name="test12606" classname="RegressionTest25" time="0"/>
  <testcase name="test12607" classname="RegressionTest25" time="0"/>
  <testcase name="test12608" classname="RegressionTest25" time="0"/>
  <testcase name="test12609" classname="RegressionTest25" time="0">
    <failure message="&apos;true&apos; != &apos;false&apos; expected:&lt;true&gt; but was:&lt;false&gt;" type="java.lang.AssertionError"><![CDATA[java.lang.AssertionError: 'true' != 'false' expected:<true> but was:<false>
	at RegressionTest25.test12609(RegressionTest25.java:879)
]]></failure>
  </testcase>
  <testcase name="test12610" classname="RegressionTest25" time="0"/>
  <testcase name="test12611" classname="RegressionTest25" time="0"/>
  <testcase name="test12612" classname="RegressionTest25" time="0"/>
  <testcase name="test12613" classname="RegressionTest25" time="0"/>
  <testcase name="test12614" classname="RegressionTest25" time="0"/>
  <testcase name="test12615" classname="RegressionTest25" time="0"/>
  <testcase name="test12616" classname="RegressionTest25" time="0"/>
  <testcase name="test12617" classname="RegressionTest25" time="0"/>
  <testcase name="test12618" classname="RegressionTest25" time="0"/>
  <testcase name="test12619" classname="RegressionTest25" time="0"/>
  <testcase name="test12620" classname="RegressionTest25" time="0"/>
  <testcase name="test12621" classname="RegressionTest25" time="0"/>
  <testcase name="test12622" classname="RegressionTest25" time="0"/>
  <testcase name="test12623" classname="RegressionTest25" time="0"/>
  <testcase name="test12624" classname="RegressionTest25" time="0"/>
  <testcase name="test12625" classname="RegressionTest25" time="0"/>
  <testcase name="test12626" classname="RegressionTest25" time="0"/>
  <testcase name="test12627" classname="RegressionTest25" time="0"/>
  <testcase name="test12628" classname="RegressionTest25" time="0"/>
  <testcase name="test12629" classname="RegressionTest25" time="0"/>
  <testcase name="test12630" classname="RegressionTest25" time="0"/>
  <testcase name="test12631" classname="RegressionTest25" time="0"/>
  <testcase name="test12632" classname="RegressionTest25" time="0"/>
  <testcase name="test12633" classname="RegressionTest25" time="0"/>
  <testcase name="test12634" classname="RegressionTest25" time="0"/>
  <testcase name="test12635" classname="RegressionTest25" time="0"/>
  <testcase name="test12636" classname="RegressionTest25" time="0"/>
  <testcase name="test12637" classname="RegressionTest25" time="0"/>
  <testcase name="test12638" classname="RegressionTest25" time="0"/>
  <testcase name="test12639" classname="RegressionTest25" time="0"/>
  <testcase name="test12640" classname="RegressionTest25" time="0"/>
  <testcase name="test12641" classname="RegressionTest25" time="0"/>
  <testcase name="test12642" classname="RegressionTest25" time="0"/>
  <testcase name="test12643" classname="RegressionTest25" time="0"/>
  <testcase name="test12644" classname="RegressionTest25" time="0"/>
  <testcase name="test12645" classname="RegressionTest25" time="0"/>
  <testcase name="test12646" classname="RegressionTest25" time="0"/>
  <testcase name="test12647" classname="RegressionTest25" time="0"/>
  <testcase name="test12648" classname="RegressionTest25" time="0"/>
  <testcase name="test12649" classname="RegressionTest25" time="0"/>
  <testcase name="test12650" classname="RegressionTest25" time="0"/>
  <testcase name="test12651" classname="RegressionTest25" time="0"/>
  <testcase name="test12652" classname="RegressionTest25" time="0"/>
  <testcase name="test12653" classname="RegressionTest25" time="0"/>
  <testcase name="test12654" classname="RegressionTest25" time="0.001"/>
  <testcase name="test12655" classname="RegressionTest25" time="0"/>
  <testcase name="test12656" classname="RegressionTest25" time="0"/>
  <testcase name="test12657" classname="RegressionTest25" time="0"/>
  <testcase name="test12658" classname="RegressionTest25" time="0"/>
  <testcase name="test12659" classname="RegressionTest25" time="0"/>
  <testcase name="test12660" classname="RegressionTest25" time="0"/>
  <testcase name="test12661" classname="RegressionTest25" time="0"/>
  <testcase name="test12662" classname="RegressionTest25" time="0"/>
  <testcase name="test12663" classname="RegressionTest25" time="0"/>
  <testcase name="test12664" classname="RegressionTest25" time="0"/>
  <testcase name="test12665" classname="RegressionTest25" time="0"/>
  <testcase name="test12666" classname="RegressionTest25" time="0"/>
  <testcase name="test12667" classname="RegressionTest25" time="0"/>
  <testcase name="test12668" classname="RegressionTest25" time="0"/>
  <testcase name="test12669" classname="RegressionTest25" time="0"/>
  <testcase name="test12670" classname="RegressionTest25" time="0"/>
  <testcase name="test12671" classname="RegressionTest25" time="0"/>
  <testcase name="test12672" classname="RegressionTest25" time="0">
    <failure message="&apos;true&apos; != &apos;false&apos; expected:&lt;true&gt; but was:&lt;false&gt;" type="java.lang.AssertionError"><![CDATA[java.lang.AssertionError: 'true' != 'false' expected:<true> but was:<false>
	at RegressionTest25.test12672(RegressionTest25.java:1383)
]]></failure>
  </testcase>
  <testcase name="test12673" classname="RegressionTest25" time="0"/>
  <testcase name="test12674" classname="RegressionTest25" time="0">
    <failure message="&apos;true&apos; != &apos;false&apos; expected:&lt;true&gt; but was:&lt;false&gt;" type="java.lang.AssertionError"><![CDATA[java.lang.AssertionError: 'true' != 'false' expected:<true> but was:<false>
	at RegressionTest25.test12674(RegressionTest25.java:1399)
]]></failure>
  </testcase>
  <testcase name="test12675" classname="RegressionTest25" time="0"/>
  <testcase name="test12676" classname="RegressionTest25" time="0">
    <failure message="&apos;true&apos; != &apos;false&apos; expected:&lt;true&gt; but was:&lt;false&gt;" type="java.lang.AssertionError"><![CDATA[java.lang.AssertionError: 'true' != 'false' expected:<true> but was:<false>
	at RegressionTest25.test12676(RegressionTest25.java:1415)
]]></failure>
  </testcase>
  <testcase name="test12677" classname="RegressionTest25" time="0"/>
  <testcase name="test12678" classname="RegressionTest25" time="0">
    <failure message="&apos;true&apos; != &apos;false&apos; expected:&lt;true&gt; but was:&lt;false&gt;" type="java.lang.AssertionError"><![CDATA[java.lang.AssertionError: 'true' != 'false' expected:<true> but was:<false>
	at RegressionTest25.test12678(RegressionTest25.java:1431)
]]></failure>
  </testcase>
  <testcase name="test12679" classname="RegressionTest25" time="0"/>
  <testcase name="test12680" classname="RegressionTest25" time="0"/>
  <testcase name="test12681" classname="RegressionTest25" time="0"/>
  <testcase name="test12682" classname="RegressionTest25" time="0">
    <failure message="&apos;true&apos; != &apos;false&apos; expected:&lt;true&gt; but was:&lt;false&gt;" type="java.lang.AssertionError"><![CDATA[java.lang.AssertionError: 'true' != 'false' expected:<true> but was:<false>
	at RegressionTest25.test12682(RegressionTest25.java:1463)
]]></failure>
  </testcase>
  <testcase name="test12683" classname="RegressionTest25" time="0"/>
  <testcase name="test12684" classname="RegressionTest25" time="0"/>
  <testcase name="test12685" classname="RegressionTest25" time="0"/>
  <testcase name="test12686" classname="RegressionTest25" time="0"/>
  <testcase name="test12687" classname="RegressionTest25" time="0"/>
  <testcase name="test12688" classname="RegressionTest25" time="0.001"/>
  <testcase name="test12689" classname="RegressionTest25" time="0"/>
  <testcase name="test12690" classname="RegressionTest25" time="0"/>
  <testcase name="test12691" classname="RegressionTest25" time="0"/>
  <testcase name="test12692" classname="RegressionTest25" time="0"/>
  <testcase name="test12693" classname="RegressionTest25" time="0"/>
  <testcase name="test12694" classname="RegressionTest25" time="0"/>
  <testcase name="test12695" classname="RegressionTest25" time="0"/>
  <testcase name="test12696" classname="RegressionTest25" time="0"/>
  <testcase name="test12697" classname="RegressionTest25" time="0"/>
  <testcase name="test12698" classname="RegressionTest25" time="0"/>
  <testcase name="test12699" classname="RegressionTest25" time="0"/>
  <testcase name="test12700" classname="RegressionTest25" time="0"/>
  <testcase name="test12701" classname="RegressionTest25" time="0"/>
  <testcase name="test12702" classname="RegressionTest25" time="0"/>
  <testcase name="test12703" classname="RegressionTest25" time="0"/>
  <testcase name="test12704" classname="RegressionTest25" time="0"/>
  <testcase name="test12705" classname="RegressionTest25" time="0"/>
  <testcase name="test12706" classname="RegressionTest25" time="0"/>
  <testcase name="test12707" classname="RegressionTest25" time="0"/>
  <testcase name="test12708" classname="RegressionTest25" time="0"/>
  <testcase name="test12709" classname="RegressionTest25" time="0"/>
  <testcase name="test12710" classname="RegressionTest25" time="0"/>
  <testcase name="test12711" classname="RegressionTest25" time="0"/>
  <testcase name="test12712" classname="RegressionTest25" time="0"/>
  <testcase name="test12713" classname="RegressionTest25" time="0"/>
  <testcase name="test12714" classname="RegressionTest25" time="0"/>
  <testcase name="test12715" classname="RegressionTest25" time="0"/>
  <testcase name="test12716" classname="RegressionTest25" time="0"/>
  <testcase name="test12717" classname="RegressionTest25" time="0"/>
  <testcase name="test12718" classname="RegressionTest25" time="0"/>
  <testcase name="test12719" classname="RegressionTest25" time="0"/>
  <testcase name="test12720" classname="RegressionTest25" time="0"/>
  <testcase name="test12721" classname="RegressionTest25" time="0"/>
  <testcase name="test12722" classname="RegressionTest25" time="0"/>
  <testcase name="test12723" classname="RegressionTest25" time="0"/>
  <testcase name="test12724" classname="RegressionTest25" time="0"/>
  <testcase name="test12725" classname="RegressionTest25" time="0"/>
  <testcase name="test12726" classname="RegressionTest25" time="0"/>
  <testcase name="test12727" classname="RegressionTest25" time="0"/>
  <testcase name="test12728" classname="RegressionTest25" time="0"/>
  <testcase name="test12729" classname="RegressionTest25" time="0"/>
  <testcase name="test12730" classname="RegressionTest25" time="0"/>
  <testcase name="test12731" classname="RegressionTest25" time="0"/>
  <testcase name="test12732" classname="RegressionTest25" time="0"/>
  <testcase name="test12733" classname="RegressionTest25" time="0"/>
  <testcase name="test12734" classname="RegressionTest25" time="0"/>
  <testcase name="test12735" classname="RegressionTest25" time="0"/>
  <testcase name="test12736" classname="RegressionTest25" time="0"/>
  <testcase name="test12737" classname="RegressionTest25" time="0"/>
  <testcase name="test12738" classname="RegressionTest25" time="0"/>
  <testcase name="test12739" classname="RegressionTest25" time="0.001">
    <failure message="&apos;true&apos; != &apos;false&apos; expected:&lt;true&gt; but was:&lt;false&gt;" type="java.lang.AssertionError"><![CDATA[java.lang.AssertionError: 'true' != 'false' expected:<true> but was:<false>
	at RegressionTest25.test12739(RegressionTest25.java:1919)
]]></failure>
  </testcase>
  <testcase name="test12740" classname="RegressionTest25" time="0"/>
  <testcase name="test12741" classname="RegressionTest25" time="0"/>
  <testcase name="test12742" classname="RegressionTest25" time="0"/>
  <testcase name="test12743" classname="RegressionTest25" time="0"/>
  <testcase name="test12744" classname="RegressionTest25" time="0"/>
  <testcase name="test12745" classname="RegressionTest25" time="0"/>
  <testcase name="test12746" classname="RegressionTest25" time="0"/>
  <testcase name="test12747" classname="RegressionTest25" time="0"/>
  <testcase name="test12748" classname="RegressionTest25" time="0"/>
  <testcase name="test12749" classname="RegressionTest25" time="0"/>
  <testcase name="test12750" classname="RegressionTest25" time="0"/>
  <testcase name="test12751" classname="RegressionTest25" time="0"/>
  <testcase name="test12752" classname="RegressionTest25" time="0"/>
  <testcase name="test12753" classname="RegressionTest25" time="0"/>
  <testcase name="test12754" classname="RegressionTest25" time="0"/>
  <testcase name="test12755" classname="RegressionTest25" time="0"/>
  <testcase name="test12756" classname="RegressionTest25" time="0">
    <failure message="&apos;true&apos; != &apos;false&apos; expected:&lt;true&gt; but was:&lt;false&gt;" type="java.lang.AssertionError"><![CDATA[java.lang.AssertionError: 'true' != 'false' expected:<true> but was:<false>
	at RegressionTest25.test12756(RegressionTest25.java:2055)
]]></failure>
  </testcase>
  <testcase name="test12757" classname="RegressionTest25" time="0"/>
  <testcase name="test12758" classname="RegressionTest25" time="0"/>
  <testcase name="test12759" classname="RegressionTest25" time="0">
    <failure message="&apos;true&apos; != &apos;false&apos; expected:&lt;true&gt; but was:&lt;false&gt;" type="java.lang.AssertionError"><![CDATA[java.lang.AssertionError: 'true' != 'false' expected:<true> but was:<false>
	at RegressionTest25.test12759(RegressionTest25.java:2079)
]]></failure>
  </testcase>
  <testcase name="test12760" classname="RegressionTest25" time="0"/>
  <testcase name="test12761" classname="RegressionTest25" time="0"/>
  <testcase name="test12762" classname="RegressionTest25" time="0"/>
  <testcase name="test12763" classname="RegressionTest25" time="0"/>
  <testcase name="test12764" classname="RegressionTest25" time="0"/>
  <testcase name="test12765" classname="RegressionTest25" time="0"/>
  <testcase name="test12766" classname="RegressionTest25" time="0"/>
  <testcase name="test12767" classname="RegressionTest25" time="0"/>
  <testcase name="test12768" classname="RegressionTest25" time="0"/>
  <testcase name="test12769" classname="RegressionTest25" time="0"/>
  <testcase name="test12770" classname="RegressionTest25" time="0"/>
  <testcase name="test12771" classname="RegressionTest25" time="0"/>
  <testcase name="test12772" classname="RegressionTest25" time="0"/>
  <testcase name="test12773" classname="RegressionTest25" time="0">
    <failure message="&apos;true&apos; != &apos;false&apos; expected:&lt;true&gt; but was:&lt;false&gt;" type="java.lang.AssertionError"><![CDATA[java.lang.AssertionError: 'true' != 'false' expected:<true> but was:<false>
	at RegressionTest25.test12773(RegressionTest25.java:2191)
]]></failure>
  </testcase>
  <testcase name="test12774" classname="RegressionTest25" time="0"/>
  <testcase name="test12775" classname="RegressionTest25" time="0"/>
  <testcase name="test12776" classname="RegressionTest25" time="0"/>
  <testcase name="test12777" classname="RegressionTest25" time="0"/>
  <testcase name="test12778" classname="RegressionTest25" time="0"/>
  <testcase name="test12779" classname="RegressionTest25" time="0"/>
  <testcase name="test12780" classname="RegressionTest25" time="0"/>
  <testcase name="test12781" classname="RegressionTest25" time="0"/>
  <testcase name="test12782" classname="RegressionTest25" time="0"/>
  <testcase name="test12783" classname="RegressionTest25" time="0.001"/>
  <testcase name="test12784" classname="RegressionTest25" time="0"/>
  <testcase name="test12785" classname="RegressionTest25" time="0"/>
  <testcase name="test12786" classname="RegressionTest25" time="0"/>
  <testcase name="test12787" classname="RegressionTest25" time="0">
    <failure message="&apos;true&apos; != &apos;false&apos; expected:&lt;true&gt; but was:&lt;false&gt;" type="java.lang.AssertionError"><![CDATA[java.lang.AssertionError: 'true' != 'false' expected:<true> but was:<false>
	at RegressionTest25.test12787(RegressionTest25.java:2303)
]]></failure>
  </testcase>
  <testcase name="test12788" classname="RegressionTest25" time="0"/>
  <testcase name="test12789" classname="RegressionTest25" time="0"/>
  <testcase name="test12790" classname="RegressionTest25" time="0"/>
  <testcase name="test12791" classname="RegressionTest25" time="0"/>
  <testcase name="test12792" classname="RegressionTest25" time="0"/>
  <testcase name="test12793" classname="RegressionTest25" time="0"/>
  <testcase name="test12794" classname="RegressionTest25" time="0"/>
  <testcase name="test12795" classname="RegressionTest25" time="0"/>
  <testcase name="test12796" classname="RegressionTest25" time="0"/>
  <testcase name="test12797" classname="RegressionTest25" time="0">
    <failure message="&apos;true&apos; != &apos;false&apos; expected:&lt;true&gt; but was:&lt;false&gt;" type="java.lang.AssertionError"><![CDATA[java.lang.AssertionError: 'true' != 'false' expected:<true> but was:<false>
	at RegressionTest25.test12797(RegressionTest25.java:2383)
]]></failure>
  </testcase>
  <testcase name="test12798" classname="RegressionTest25" time="0"/>
  <testcase name="test12799" classname="RegressionTest25" time="0"/>
  <testcase name="test12800" classname="RegressionTest25" time="0"/>
  <testcase name="test12801" classname="RegressionTest25" time="0"/>
  <testcase name="test12802" classname="RegressionTest25" time="0"/>
  <testcase name="test12803" classname="RegressionTest25" time="0"/>
  <testcase name="test12804" classname="RegressionTest25" time="0"/>
  <testcase name="test12805" classname="RegressionTest25" time="0"/>
  <testcase name="test12806" classname="RegressionTest25" time="0"/>
  <testcase name="test12807" classname="RegressionTest25" time="0">
    <failure message="&apos;true&apos; != &apos;false&apos; expected:&lt;true&gt; but was:&lt;false&gt;" type="java.lang.AssertionError"><![CDATA[java.lang.AssertionError: 'true' != 'false' expected:<true> but was:<false>
	at RegressionTest25.test12807(RegressionTest25.java:2463)
]]></failure>
  </testcase>
  <testcase name="test12808" classname="RegressionTest25" time="0"/>
  <testcase name="test12809" classname="RegressionTest25" time="0"/>
  <testcase name="test12810" classname="RegressionTest25" time="0"/>
  <testcase name="test12811" classname="RegressionTest25" time="0"/>
  <testcase name="test12812" classname="RegressionTest25" time="0"/>
  <testcase name="test12813" classname="RegressionTest25" time="0"/>
  <testcase name="test12814" classname="RegressionTest25" time="0"/>
  <testcase name="test12815" classname="RegressionTest25" time="0"/>
  <testcase name="test12816" classname="RegressionTest25" time="0"/>
  <testcase name="test12817" classname="RegressionTest25" time="0"/>
  <testcase name="test12818" classname="RegressionTest25" time="0"/>
  <testcase name="test12819" classname="RegressionTest25" time="0"/>
  <testcase name="test12820" classname="RegressionTest25" time="0"/>
  <testcase name="test12821" classname="RegressionTest25" time="0"/>
  <testcase name="test12822" classname="RegressionTest25" time="0"/>
  <testcase name="test12823" classname="RegressionTest25" time="0"/>
  <testcase name="test12824" classname="RegressionTest25" time="0"/>
  <testcase name="test12825" classname="RegressionTest25" time="0"/>
  <testcase name="test12826" classname="RegressionTest25" time="0"/>
  <testcase name="test12827" classname="RegressionTest25" time="0"/>
  <testcase name="test12828" classname="RegressionTest25" time="0"/>
  <testcase name="test12829" classname="RegressionTest25" time="0"/>
  <testcase name="test12830" classname="RegressionTest25" time="0"/>
  <testcase name="test12831" classname="RegressionTest25" time="0"/>
  <testcase name="test12832" classname="RegressionTest25" time="0.001"/>
  <testcase name="test12833" classname="RegressionTest25" time="0"/>
  <testcase name="test12834" classname="RegressionTest25" time="0"/>
  <testcase name="test12835" classname="RegressionTest25" time="0"/>
  <testcase name="test12836" classname="RegressionTest25" time="0"/>
  <testcase name="test12837" classname="RegressionTest25" time="0"/>
  <testcase name="test12838" classname="RegressionTest25" time="0"/>
  <testcase name="test12839" classname="RegressionTest25" time="0"/>
  <testcase name="test12840" classname="RegressionTest25" time="0"/>
  <testcase name="test12841" classname="RegressionTest25" time="0"/>
  <testcase name="test12842" classname="RegressionTest25" time="0"/>
  <testcase name="test12843" classname="RegressionTest25" time="0"/>
  <testcase name="test12844" classname="RegressionTest25" time="0"/>
  <testcase name="test12845" classname="RegressionTest25" time="0"/>
  <testcase name="test12846" classname="RegressionTest25" time="0"/>
  <testcase name="test12847" classname="RegressionTest25" time="0"/>
  <testcase name="test12848" classname="RegressionTest25" time="0"/>
  <testcase name="test12849" classname="RegressionTest25" time="0"/>
  <testcase name="test12850" classname="RegressionTest25" time="0"/>
  <testcase name="test12851" classname="RegressionTest25" time="0"/>
  <testcase name="test12852" classname="RegressionTest25" time="0"/>
  <testcase name="test12853" classname="RegressionTest25" time="0"/>
  <testcase name="test12854" classname="RegressionTest25" time="0"/>
  <testcase name="test12855" classname="RegressionTest25" time="0"/>
  <testcase name="test12856" classname="RegressionTest25" time="0"/>
  <testcase name="test12857" classname="RegressionTest25" time="0"/>
  <testcase name="test12858" classname="RegressionTest25" time="0"/>
  <testcase name="test12859" classname="RegressionTest25" time="0"/>
  <testcase name="test12860" classname="RegressionTest25" time="0"/>
  <testcase name="test12861" classname="RegressionTest25" time="0"/>
  <testcase name="test12862" classname="RegressionTest25" time="0"/>
  <testcase name="test12863" classname="RegressionTest25" time="0">
    <failure message="&apos;true&apos; != &apos;false&apos; expected:&lt;true&gt; but was:&lt;false&gt;" type="java.lang.AssertionError"><![CDATA[java.lang.AssertionError: 'true' != 'false' expected:<true> but was:<false>
	at RegressionTest25.test12863(RegressionTest25.java:2911)
]]></failure>
  </testcase>
  <testcase name="test12864" classname="RegressionTest25" time="0"/>
  <testcase name="test12865" classname="RegressionTest25" time="0"/>
  <testcase name="test12866" classname="RegressionTest25" time="0"/>
  <testcase name="test12867" classname="RegressionTest25" time="0"/>
  <testcase name="test12868" classname="RegressionTest25" time="0"/>
  <testcase name="test12869" classname="RegressionTest25" time="0"/>
  <testcase name="test12870" classname="RegressionTest25" time="0"/>
  <testcase name="test12871" classname="RegressionTest25" time="0"/>
  <testcase name="test12872" classname="RegressionTest25" time="0"/>
  <testcase name="test12873" classname="RegressionTest25" time="0"/>
  <testcase name="test12874" classname="RegressionTest25" time="0"/>
  <testcase name="test12875" classname="RegressionTest25" time="0"/>
  <testcase name="test12876" classname="RegressionTest25" time="0">
    <failure message="&apos;true&apos; != &apos;false&apos; expected:&lt;true&gt; but was:&lt;false&gt;" type="java.lang.AssertionError"><![CDATA[java.lang.AssertionError: 'true' != 'false' expected:<true> but was:<false>
	at RegressionTest25.test12876(RegressionTest25.java:3015)
]]></failure>
  </testcase>
  <testcase name="test12877" classname="RegressionTest25" time="0"/>
  <testcase name="test12878" classname="RegressionTest25" time="0">
    <failure message="&apos;true&apos; != &apos;false&apos; expected:&lt;true&gt; but was:&lt;false&gt;" type="java.lang.AssertionError"><![CDATA[java.lang.AssertionError: 'true' != 'false' expected:<true> but was:<false>
	at RegressionTest25.test12878(RegressionTest25.java:3031)
]]></failure>
  </testcase>
  <testcase name="test12879" classname="RegressionTest25" time="0"/>
  <testcase name="test12880" classname="RegressionTest25" time="0"/>
  <testcase name="test12881" classname="RegressionTest25" time="0"/>
  <testcase name="test12882" classname="RegressionTest25" time="0"/>
  <testcase name="test12883" classname="RegressionTest25" time="0"/>
  <testcase name="test12884" classname="RegressionTest25" time="0"/>
  <testcase name="test12885" classname="RegressionTest25" time="0"/>
  <testcase name="test12886" classname="RegressionTest25" time="0"/>
  <testcase name="test12887" classname="RegressionTest25" time="0"/>
  <testcase name="test12888" classname="RegressionTest25" time="0"/>
  <testcase name="test12889" classname="RegressionTest25" time="0"/>
  <testcase name="test12890" classname="RegressionTest25" time="0"/>
  <testcase name="test12891" classname="RegressionTest25" time="0"/>
  <testcase name="test12892" classname="RegressionTest25" time="0"/>
  <testcase name="test12893" classname="RegressionTest25" time="0">
    <failure message="&apos;true&apos; != &apos;false&apos; expected:&lt;true&gt; but was:&lt;false&gt;" type="java.lang.AssertionError"><![CDATA[java.lang.AssertionError: 'true' != 'false' expected:<true> but was:<false>
	at RegressionTest25.test12893(RegressionTest25.java:3151)
]]></failure>
  </testcase>
  <testcase name="test12894" classname="RegressionTest25" time="0"/>
  <testcase name="test12895" classname="RegressionTest25" time="0"/>
  <testcase name="test12896" classname="RegressionTest25" time="0"/>
  <testcase name="test12897" classname="RegressionTest25" time="0"/>
  <testcase name="test12898" classname="RegressionTest25" time="0"/>
  <testcase name="test12899" classname="RegressionTest25" time="0"/>
  <testcase name="test12900" classname="RegressionTest25" time="0"/>
  <testcase name="test12901" classname="RegressionTest25" time="0"/>
  <testcase name="test12902" classname="RegressionTest25" time="0"/>
  <testcase name="test12903" classname="RegressionTest25" time="0"/>
  <testcase name="test12904" classname="RegressionTest25" time="0"/>
  <testcase name="test12905" classname="RegressionTest25" time="0"/>
  <testcase name="test12906" classname="RegressionTest25" time="0"/>
  <testcase name="test12907" classname="RegressionTest25" time="0"/>
  <testcase name="test12908" classname="RegressionTest25" time="0"/>
  <testcase name="test12909" classname="RegressionTest25" time="0"/>
  <testcase name="test12910" classname="RegressionTest25" time="0"/>
  <testcase name="test12911" classname="RegressionTest25" time="0"/>
  <testcase name="test12912" classname="RegressionTest25" time="0"/>
  <testcase name="test12913" classname="RegressionTest25" time="0"/>
  <testcase name="test12914" classname="RegressionTest25" time="0"/>
  <testcase name="test12915" classname="RegressionTest25" time="0"/>
  <testcase name="test12916" classname="RegressionTest25" time="0"/>
  <testcase name="test12917" classname="RegressionTest25" time="0"/>
  <testcase name="test12918" classname="RegressionTest25" time="0"/>
  <testcase name="test12919" classname="RegressionTest25" time="0"/>
  <testcase name="test12920" classname="RegressionTest25" time="0"/>
  <testcase name="test12921" classname="RegressionTest25" time="0"/>
  <testcase name="test12922" classname="RegressionTest25" time="0"/>
  <testcase name="test12923" classname="RegressionTest25" time="0"/>
  <testcase name="test12924" classname="RegressionTest25" time="0"/>
  <testcase name="test12925" classname="RegressionTest25" time="0"/>
  <testcase name="test12926" classname="RegressionTest25" time="0"/>
  <testcase name="test12927" classname="RegressionTest25" time="0.001"/>
  <testcase name="test12928" classname="RegressionTest25" time="0"/>
  <testcase name="test12929" classname="RegressionTest25" time="0"/>
  <testcase name="test12930" classname="RegressionTest25" time="0"/>
  <testcase name="test12931" classname="RegressionTest25" time="0"/>
  <testcase name="test12932" classname="RegressionTest25" time="0"/>
  <testcase name="test12933" classname="RegressionTest25" time="0">
    <failure message="&apos;true&apos; != &apos;false&apos; expected:&lt;true&gt; but was:&lt;false&gt;" type="java.lang.AssertionError"><![CDATA[java.lang.AssertionError: 'true' != 'false' expected:<true> but was:<false>
	at RegressionTest25.test12933(RegressionTest25.java:3471)
]]></failure>
  </testcase>
  <testcase name="test12934" classname="RegressionTest25" time="0"/>
  <testcase name="test12935" classname="RegressionTest25" time="0"/>
  <testcase name="test12936" classname="RegressionTest25" time="0"/>
  <testcase name="test12937" classname="RegressionTest25" time="0"/>
  <testcase name="test12938" classname="RegressionTest25" time="0"/>
  <testcase name="test12939" classname="RegressionTest25" time="0"/>
  <testcase name="test12940" classname="RegressionTest25" time="0"/>
  <testcase name="test12941" classname="RegressionTest25" time="0"/>
  <testcase name="test12942" classname="RegressionTest25" time="0"/>
  <testcase name="test12943" classname="RegressionTest25" time="0"/>
  <testcase name="test12944" classname="RegressionTest25" time="0"/>
  <testcase name="test12945" classname="RegressionTest25" time="0"/>
  <testcase name="test12946" classname="RegressionTest25" time="0"/>
  <testcase name="test12947" classname="RegressionTest25" time="0"/>
  <testcase name="test12948" classname="RegressionTest25" time="0"/>
  <testcase name="test12949" classname="RegressionTest25" time="0"/>
  <testcase name="test12950" classname="RegressionTest25" time="0"/>
  <testcase name="test12951" classname="RegressionTest25" time="0"/>
  <testcase name="test12952" classname="RegressionTest25" time="0"/>
  <testcase name="test12953" classname="RegressionTest25" time="0"/>
  <testcase name="test12954" classname="RegressionTest25" time="0"/>
  <testcase name="test12955" classname="RegressionTest25" time="0"/>
  <testcase name="test12956" classname="RegressionTest25" time="0"/>
  <testcase name="test12957" classname="RegressionTest25" time="0"/>
  <testcase name="test12958" classname="RegressionTest25" time="0"/>
  <testcase name="test12959" classname="RegressionTest25" time="0"/>
  <testcase name="test12960" classname="RegressionTest25" time="0"/>
  <testcase name="test12961" classname="RegressionTest25" time="0">
    <failure message="&apos;true&apos; != &apos;false&apos; expected:&lt;true&gt; but was:&lt;false&gt;" type="java.lang.AssertionError"><![CDATA[java.lang.AssertionError: 'true' != 'false' expected:<true> but was:<false>
	at RegressionTest25.test12961(RegressionTest25.java:3695)
]]></failure>
  </testcase>
  <testcase name="test12962" classname="RegressionTest25" time="0"/>
  <testcase name="test12963" classname="RegressionTest25" time="0"/>
  <testcase name="test12964" classname="RegressionTest25" time="0"/>
  <testcase name="test12965" classname="RegressionTest25" time="0"/>
  <testcase name="test12966" classname="RegressionTest25" time="0"/>
  <testcase name="test12967" classname="RegressionTest25" time="0">
    <failure message="&apos;true&apos; != &apos;false&apos; expected:&lt;true&gt; but was:&lt;false&gt;" type="java.lang.AssertionError"><![CDATA[java.lang.AssertionError: 'true' != 'false' expected:<true> but was:<false>
	at RegressionTest25.test12967(RegressionTest25.java:3743)
]]></failure>
  </testcase>
  <testcase name="test12968" classname="RegressionTest25" time="0"/>
  <testcase name="test12969" classname="RegressionTest25" time="0"/>
  <testcase name="test12970" classname="RegressionTest25" time="0"/>
  <testcase name="test12971" classname="RegressionTest25" time="0"/>
  <testcase name="test12972" classname="RegressionTest25" time="0"/>
  <testcase name="test12973" classname="RegressionTest25" time="0.001"/>
  <testcase name="test12974" classname="RegressionTest25" time="0"/>
  <testcase name="test12975" classname="RegressionTest25" time="0">
    <failure message="&apos;true&apos; != &apos;false&apos; expected:&lt;true&gt; but was:&lt;false&gt;" type="java.lang.AssertionError"><![CDATA[java.lang.AssertionError: 'true' != 'false' expected:<true> but was:<false>
	at RegressionTest25.test12975(RegressionTest25.java:3807)
]]></failure>
  </testcase>
  <testcase name="test12976" classname="RegressionTest25" time="0"/>
  <testcase name="test12977" classname="RegressionTest25" time="0"/>
  <testcase name="test12978" classname="RegressionTest25" time="0"/>
  <testcase name="test12979" classname="RegressionTest25" time="0"/>
  <testcase name="test12980" classname="RegressionTest25" time="0"/>
  <testcase name="test12981" classname="RegressionTest25" time="0"/>
  <testcase name="test12982" classname="RegressionTest25" time="0"/>
  <testcase name="test12983" classname="RegressionTest25" time="0"/>
  <testcase name="test12984" classname="RegressionTest25" time="0"/>
  <testcase name="test12985" classname="RegressionTest25" time="0"/>
  <testcase name="test12986" classname="RegressionTest25" time="0"/>
  <testcase name="test12987" classname="RegressionTest25" time="0">
    <failure message="&apos;true&apos; != &apos;false&apos; expected:&lt;true&gt; but was:&lt;false&gt;" type="java.lang.AssertionError"><![CDATA[java.lang.AssertionError: 'true' != 'false' expected:<true> but was:<false>
	at RegressionTest25.test12987(RegressionTest25.java:3903)
]]></failure>
  </testcase>
  <testcase name="test12988" classname="RegressionTest25" time="0"/>
  <testcase name="test12989" classname="RegressionTest25" time="0"/>
  <testcase name="test12990" classname="RegressionTest25" time="0"/>
  <testcase name="test12991" classname="RegressionTest25" time="0"/>
  <testcase name="test12992" classname="RegressionTest25" time="0"/>
  <testcase name="test12993" classname="RegressionTest25" time="0"/>
  <testcase name="test12994" classname="RegressionTest25" time="0"/>
  <testcase name="test12995" classname="RegressionTest25" time="0"/>
  <testcase name="test12996" classname="RegressionTest25" time="0"/>
  <testcase name="test12997" classname="RegressionTest25" time="0"/>
  <testcase name="test12998" classname="RegressionTest25" time="0"/>
  <testcase name="test12999" classname="RegressionTest25" time="0"/>
  <testcase name="test13000" classname="RegressionTest25" time="0"/>
  <testcase name="test13001" classname="RegressionTest26" time="0"/>
  <testcase name="test13002" classname="RegressionTest26" time="0.001"/>
  <testcase name="test13003" classname="RegressionTest26" time="0"/>
  <testcase name="test13004" classname="RegressionTest26" time="0"/>
  <testcase name="test13005" classname="RegressionTest26" time="0"/>
  <testcase name="test13006" classname="RegressionTest26" time="0"/>
  <testcase name="test13007" classname="RegressionTest26" time="0"/>
  <testcase name="test13008" classname="RegressionTest26" time="0"/>
  <testcase name="test13009" classname="RegressionTest26" time="0"/>
  <testcase name="test13010" classname="RegressionTest26" time="0"/>
  <testcase name="test13011" classname="RegressionTest26" time="0"/>
  <testcase name="test13012" classname="RegressionTest26" time="0"/>
  <testcase name="test13013" classname="RegressionTest26" time="0"/>
  <testcase name="test13014" classname="RegressionTest26" time="0"/>
  <testcase name="test13015" classname="RegressionTest26" time="0"/>
  <testcase name="test13016" classname="RegressionTest26" time="0"/>
  <testcase name="test13017" classname="RegressionTest26" time="0"/>
  <testcase name="test13018" classname="RegressionTest26" time="0"/>
  <testcase name="test13019" classname="RegressionTest26" time="0"/>
  <testcase name="test13020" classname="RegressionTest26" time="0"/>
  <testcase name="test13021" classname="RegressionTest26" time="0"/>
  <testcase name="test13022" classname="RegressionTest26" time="0"/>
  <testcase name="test13023" classname="RegressionTest26" time="0"/>
  <testcase name="test13024" classname="RegressionTest26" time="0"/>
  <testcase name="test13025" classname="RegressionTest26" time="0"/>
  <testcase name="test13026" classname="RegressionTest26" time="0"/>
  <testcase name="test13027" classname="RegressionTest26" time="0">
    <failure message="&apos;true&apos; != &apos;false&apos; expected:&lt;true&gt; but was:&lt;false&gt;" type="java.lang.AssertionError"><![CDATA[java.lang.AssertionError: 'true' != 'false' expected:<true> but was:<false>
	at RegressionTest26.test13027(RegressionTest26.java:223)
]]></failure>
  </testcase>
  <testcase name="test13028" classname="RegressionTest26" time="0"/>
  <testcase name="test13029" classname="RegressionTest26" time="0"/>
  <testcase name="test13030" classname="RegressionTest26" time="0"/>
  <testcase name="test13031" classname="RegressionTest26" time="0"/>
  <testcase name="test13032" classname="RegressionTest26" time="0"/>
  <testcase name="test13033" classname="RegressionTest26" time="0"/>
  <testcase name="test13034" classname="RegressionTest26" time="0"/>
  <testcase name="test13035" classname="RegressionTest26" time="0"/>
  <testcase name="test13036" classname="RegressionTest26" time="0"/>
  <testcase name="test13037" classname="RegressionTest26" time="0"/>
  <testcase name="test13038" classname="RegressionTest26" time="0"/>
  <testcase name="test13039" classname="RegressionTest26" time="0"/>
  <testcase name="test13040" classname="RegressionTest26" time="0"/>
  <testcase name="test13041" classname="RegressionTest26" time="0"/>
  <testcase name="test13042" classname="RegressionTest26" time="0"/>
  <testcase name="test13043" classname="RegressionTest26" time="0"/>
  <testcase name="test13044" classname="RegressionTest26" time="0"/>
  <testcase name="test13045" classname="RegressionTest26" time="0.001"/>
  <testcase name="test13046" classname="RegressionTest26" time="0"/>
  <testcase name="test13047" classname="RegressionTest26" time="0"/>
  <testcase name="test13048" classname="RegressionTest26" time="0"/>
  <testcase name="test13049" classname="RegressionTest26" time="0"/>
  <testcase name="test13050" classname="RegressionTest26" time="0"/>
  <testcase name="test13051" classname="RegressionTest26" time="0"/>
  <testcase name="test13052" classname="RegressionTest26" time="0"/>
  <testcase name="test13053" classname="RegressionTest26" time="0">
    <failure message="&apos;true&apos; != &apos;false&apos; expected:&lt;true&gt; but was:&lt;false&gt;" type="java.lang.AssertionError"><![CDATA[java.lang.AssertionError: 'true' != 'false' expected:<true> but was:<false>
	at RegressionTest26.test13053(RegressionTest26.java:431)
]]></failure>
  </testcase>
  <testcase name="test13054" classname="RegressionTest26" time="0"/>
  <testcase name="test13055" classname="RegressionTest26" time="0"/>
  <testcase name="test13056" classname="RegressionTest26" time="0"/>
  <testcase name="test13057" classname="RegressionTest26" time="0"/>
  <testcase name="test13058" classname="RegressionTest26" time="0"/>
  <testcase name="test13059" classname="RegressionTest26" time="0"/>
  <testcase name="test13060" classname="RegressionTest26" time="0"/>
  <testcase name="test13061" classname="RegressionTest26" time="0"/>
  <testcase name="test13062" classname="RegressionTest26" time="0"/>
  <testcase name="test13063" classname="RegressionTest26" time="0"/>
  <testcase name="test13064" classname="RegressionTest26" time="0"/>
  <testcase name="test13065" classname="RegressionTest26" time="0"/>
  <testcase name="test13066" classname="RegressionTest26" time="0"/>
  <testcase name="test13067" classname="RegressionTest26" time="0"/>
  <testcase name="test13068" classname="RegressionTest26" time="0"/>
  <testcase name="test13069" classname="RegressionTest26" time="0"/>
  <testcase name="test13070" classname="RegressionTest26" time="0"/>
  <testcase name="test13071" classname="RegressionTest26" time="0"/>
  <testcase name="test13072" classname="RegressionTest26" time="0"/>
  <testcase name="test13073" classname="RegressionTest26" time="0"/>
  <testcase name="test13074" classname="RegressionTest26" time="0"/>
  <testcase name="test13075" classname="RegressionTest26" time="0"/>
  <testcase name="test13076" classname="RegressionTest26" time="0"/>
  <testcase name="test13077" classname="RegressionTest26" time="0"/>
  <testcase name="test13078" classname="RegressionTest26" time="0"/>
  <testcase name="test13079" classname="RegressionTest26" time="0"/>
  <testcase name="test13080" classname="RegressionTest26" time="0">
    <failure message="&apos;true&apos; != &apos;false&apos; expected:&lt;true&gt; but was:&lt;false&gt;" type="java.lang.AssertionError"><![CDATA[java.lang.AssertionError: 'true' != 'false' expected:<true> but was:<false>
	at RegressionTest26.test13080(RegressionTest26.java:647)
]]></failure>
  </testcase>
  <testcase name="test13081" classname="RegressionTest26" time="0"/>
  <testcase name="test13082" classname="RegressionTest26" time="0"/>
  <testcase name="test13083" classname="RegressionTest26" time="0">
    <failure message="&apos;true&apos; != &apos;false&apos; expected:&lt;true&gt; but was:&lt;false&gt;" type="java.lang.AssertionError"><![CDATA[java.lang.AssertionError: 'true' != 'false' expected:<true> but was:<false>
	at RegressionTest26.test13083(RegressionTest26.java:671)
]]></failure>
  </testcase>
  <testcase name="test13084" classname="RegressionTest26" time="0"/>
  <testcase name="test13085" classname="RegressionTest26" time="0"/>
  <testcase name="test13086" classname="RegressionTest26" time="0"/>
  <testcase name="test13087" classname="RegressionTest26" time="0"/>
  <testcase name="test13088" classname="RegressionTest26" time="0">
    <failure message="&apos;true&apos; != &apos;false&apos; expected:&lt;true&gt; but was:&lt;false&gt;" type="java.lang.AssertionError"><![CDATA[java.lang.AssertionError: 'true' != 'false' expected:<true> but was:<false>
	at RegressionTest26.test13088(RegressionTest26.java:711)
]]></failure>
  </testcase>
  <testcase name="test13089" classname="RegressionTest26" time="0">
    <failure message="&apos;true&apos; != &apos;false&apos; expected:&lt;true&gt; but was:&lt;false&gt;" type="java.lang.AssertionError"><![CDATA[java.lang.AssertionError: 'true' != 'false' expected:<true> but was:<false>
	at RegressionTest26.test13089(RegressionTest26.java:719)
]]></failure>
  </testcase>
  <testcase name="test13090" classname="RegressionTest26" time="0"/>
  <testcase name="test13091" classname="RegressionTest26" time="0"/>
  <testcase name="test13092" classname="RegressionTest26" time="0"/>
  <testcase name="test13093" classname="RegressionTest26" time="0"/>
  <testcase name="test13094" classname="RegressionTest26" time="0"/>
  <testcase name="test13095" classname="RegressionTest26" time="0"/>
  <testcase name="test13096" classname="RegressionTest26" time="0">
    <failure message="&apos;true&apos; != &apos;false&apos; expected:&lt;true&gt; but was:&lt;false&gt;" type="java.lang.AssertionError"><![CDATA[java.lang.AssertionError: 'true' != 'false' expected:<true> but was:<false>
	at RegressionTest26.test13096(RegressionTest26.java:775)
]]></failure>
  </testcase>
  <testcase name="test13097" classname="RegressionTest26" time="0"/>
  <testcase name="test13098" classname="RegressionTest26" time="0"/>
  <testcase name="test13099" classname="RegressionTest26" time="0"/>
  <testcase name="test13100" classname="RegressionTest26" time="0"/>
  <testcase name="test13101" classname="RegressionTest26" time="0"/>
  <testcase name="test13102" classname="RegressionTest26" time="0"/>
  <testcase name="test13103" classname="RegressionTest26" time="0"/>
  <testcase name="test13104" classname="RegressionTest26" time="0"/>
  <testcase name="test13105" classname="RegressionTest26" time="0"/>
  <testcase name="test13106" classname="RegressionTest26" time="0"/>
  <testcase name="test13107" classname="RegressionTest26" time="0"/>
  <testcase name="test13108" classname="RegressionTest26" time="0"/>
  <testcase name="test13109" classname="RegressionTest26" time="0"/>
  <testcase name="test13110" classname="RegressionTest26" time="0"/>
  <testcase name="test13111" classname="RegressionTest26" time="0"/>
  <testcase name="test13112" classname="RegressionTest26" time="0"/>
  <testcase name="test13113" classname="RegressionTest26" time="0"/>
  <testcase name="test13114" classname="RegressionTest26" time="0"/>
  <testcase name="test13115" classname="RegressionTest26" time="0"/>
  <testcase name="test13116" classname="RegressionTest26" time="0"/>
  <testcase name="test13117" classname="RegressionTest26" time="0"/>
  <testcase name="test13118" classname="RegressionTest26" time="0"/>
  <testcase name="test13119" classname="RegressionTest26" time="0"/>
  <testcase name="test13120" classname="RegressionTest26" time="0"/>
  <testcase name="test13121" classname="RegressionTest26" time="0">
    <failure message="&apos;true&apos; != &apos;false&apos; expected:&lt;true&gt; but was:&lt;false&gt;" type="java.lang.AssertionError"><![CDATA[java.lang.AssertionError: 'true' != 'false' expected:<true> but was:<false>
	at RegressionTest26.test13121(RegressionTest26.java:975)
]]></failure>
  </testcase>
  <testcase name="test13122" classname="RegressionTest26" time="0"/>
  <testcase name="test13123" classname="RegressionTest26" time="0"/>
  <testcase name="test13124" classname="RegressionTest26" time="0">
    <failure message="&apos;true&apos; != &apos;false&apos; expected:&lt;true&gt; but was:&lt;false&gt;" type="java.lang.AssertionError"><![CDATA[java.lang.AssertionError: 'true' != 'false' expected:<true> but was:<false>
	at RegressionTest26.test13124(RegressionTest26.java:999)
]]></failure>
  </testcase>
  <testcase name="test13125" classname="RegressionTest26" time="0"/>
  <testcase name="test13126" classname="RegressionTest26" time="0"/>
  <testcase name="test13127" classname="RegressionTest26" time="0"/>
  <testcase name="test13128" classname="RegressionTest26" time="0"/>
  <testcase name="test13129" classname="RegressionTest26" time="0"/>
  <testcase name="test13130" classname="RegressionTest26" time="0"/>
  <testcase name="test13131" classname="RegressionTest26" time="0"/>
  <testcase name="test13132" classname="RegressionTest26" time="0"/>
  <testcase name="test13133" classname="RegressionTest26" time="0.001">
    <failure message="&apos;true&apos; != &apos;false&apos; expected:&lt;true&gt; but was:&lt;false&gt;" type="java.lang.AssertionError"><![CDATA[java.lang.AssertionError: 'true' != 'false' expected:<true> but was:<false>
	at RegressionTest26.test13133(RegressionTest26.java:1071)
]]></failure>
  </testcase>
  <testcase name="test13134" classname="RegressionTest26" time="0"/>
  <testcase name="test13135" classname="RegressionTest26" time="0">
    <failure message="&apos;true&apos; != &apos;false&apos; expected:&lt;true&gt; but was:&lt;false&gt;" type="java.lang.AssertionError"><![CDATA[java.lang.AssertionError: 'true' != 'false' expected:<true> but was:<false>
	at RegressionTest26.test13135(RegressionTest26.java:1087)
]]></failure>
  </testcase>
  <testcase name="test13136" classname="RegressionTest26" time="0"/>
  <testcase name="test13137" classname="RegressionTest26" time="0"/>
  <testcase name="test13138" classname="RegressionTest26" time="0"/>
  <testcase name="test13139" classname="RegressionTest26" time="0">
    <failure message="&apos;true&apos; != &apos;false&apos; expected:&lt;true&gt; but was:&lt;false&gt;" type="java.lang.AssertionError"><![CDATA[java.lang.AssertionError: 'true' != 'false' expected:<true> but was:<false>
	at RegressionTest26.test13139(RegressionTest26.java:1119)
]]></failure>
  </testcase>
  <testcase name="test13140" classname="RegressionTest26" time="0"/>
  <testcase name="test13141" classname="RegressionTest26" time="0"/>
  <testcase name="test13142" classname="RegressionTest26" time="0"/>
  <testcase name="test13143" classname="RegressionTest26" time="0"/>
  <testcase name="test13144" classname="RegressionTest26" time="0"/>
  <testcase name="test13145" classname="RegressionTest26" time="0"/>
  <testcase name="test13146" classname="RegressionTest26" time="0"/>
  <testcase name="test13147" classname="RegressionTest26" time="0"/>
  <testcase name="test13148" classname="RegressionTest26" time="0"/>
  <testcase name="test13149" classname="RegressionTest26" time="0"/>
  <testcase name="test13150" classname="RegressionTest26" time="0"/>
  <testcase name="test13151" classname="RegressionTest26" time="0"/>
  <testcase name="test13152" classname="RegressionTest26" time="0"/>
  <testcase name="test13153" classname="RegressionTest26" time="0">
    <failure message="&apos;true&apos; != &apos;false&apos; expected:&lt;true&gt; but was:&lt;false&gt;" type="java.lang.AssertionError"><![CDATA[java.lang.AssertionError: 'true' != 'false' expected:<true> but was:<false>
	at RegressionTest26.test13153(RegressionTest26.java:1231)
]]></failure>
  </testcase>
  <testcase name="test13154" classname="RegressionTest26" time="0"/>
  <testcase name="test13155" classname="RegressionTest26" time="0"/>
  <testcase name="test13156" classname="RegressionTest26" time="0"/>
  <testcase name="test13157" classname="RegressionTest26" time="0"/>
  <testcase name="test13158" classname="RegressionTest26" time="0"/>
  <testcase name="test13159" classname="RegressionTest26" time="0"/>
  <testcase name="test13160" classname="RegressionTest26" time="0"/>
  <testcase name="test13161" classname="RegressionTest26" time="0"/>
  <testcase name="test13162" classname="RegressionTest26" time="0">
    <failure message="&apos;true&apos; != &apos;false&apos; expected:&lt;true&gt; but was:&lt;false&gt;" type="java.lang.AssertionError"><![CDATA[java.lang.AssertionError: 'true' != 'false' expected:<true> but was:<false>
	at RegressionTest26.test13162(RegressionTest26.java:1303)
]]></failure>
  </testcase>
  <testcase name="test13163" classname="RegressionTest26" time="0"/>
  <testcase name="test13164" classname="RegressionTest26" time="0"/>
  <testcase name="test13165" classname="RegressionTest26" time="0"/>
  <testcase name="test13166" classname="RegressionTest26" time="0"/>
  <testcase name="test13167" classname="RegressionTest26" time="0"/>
  <testcase name="test13168" classname="RegressionTest26" time="0"/>
  <testcase name="test13169" classname="RegressionTest26" time="0.001"/>
  <testcase name="test13170" classname="RegressionTest26" time="0"/>
  <testcase name="test13171" classname="RegressionTest26" time="0">
    <failure message="&apos;true&apos; != &apos;false&apos; expected:&lt;true&gt; but was:&lt;false&gt;" type="java.lang.AssertionError"><![CDATA[java.lang.AssertionError: 'true' != 'false' expected:<true> but was:<false>
	at RegressionTest26.test13171(RegressionTest26.java:1375)
]]></failure>
  </testcase>
  <testcase name="test13172" classname="RegressionTest26" time="0"/>
  <testcase name="test13173" classname="RegressionTest26" time="0"/>
  <testcase name="test13174" classname="RegressionTest26" time="0"/>
  <testcase name="test13175" classname="RegressionTest26" time="0"/>
  <testcase name="test13176" classname="RegressionTest26" time="0"/>
  <testcase name="test13177" classname="RegressionTest26" time="0"/>
  <testcase name="test13178" classname="RegressionTest26" time="0"/>
  <testcase name="test13179" classname="RegressionTest26" time="0"/>
  <testcase name="test13180" classname="RegressionTest26" time="0"/>
  <testcase name="test13181" classname="RegressionTest26" time="0"/>
  <testcase name="test13182" classname="RegressionTest26" time="0"/>
  <testcase name="test13183" classname="RegressionTest26" time="0"/>
  <testcase name="test13184" classname="RegressionTest26" time="0"/>
  <testcase name="test13185" classname="RegressionTest26" time="0"/>
  <testcase name="test13186" classname="RegressionTest26" time="0"/>
  <testcase name="test13187" classname="RegressionTest26" time="0">
    <failure message="&apos;true&apos; != &apos;false&apos; expected:&lt;true&gt; but was:&lt;false&gt;" type="java.lang.AssertionError"><![CDATA[java.lang.AssertionError: 'true' != 'false' expected:<true> but was:<false>
	at RegressionTest26.test13187(RegressionTest26.java:1503)
]]></failure>
  </testcase>
  <testcase name="test13188" classname="RegressionTest26" time="0"/>
  <testcase name="test13189" classname="RegressionTest26" time="0"/>
  <testcase name="test13190" classname="RegressionTest26" time="0"/>
  <testcase name="test13191" classname="RegressionTest26" time="0"/>
  <testcase name="test13192" classname="RegressionTest26" time="0"/>
  <testcase name="test13193" classname="RegressionTest26" time="0"/>
  <testcase name="test13194" classname="RegressionTest26" time="0"/>
  <testcase name="test13195" classname="RegressionTest26" time="0"/>
  <testcase name="test13196" classname="RegressionTest26" time="0"/>
  <testcase name="test13197" classname="RegressionTest26" time="0"/>
  <testcase name="test13198" classname="RegressionTest26" time="0"/>
  <testcase name="test13199" classname="RegressionTest26" time="0"/>
  <testcase name="test13200" classname="RegressionTest26" time="0"/>
  <testcase name="test13201" classname="RegressionTest26" time="0"/>
  <testcase name="test13202" classname="RegressionTest26" time="0"/>
  <testcase name="test13203" classname="RegressionTest26" time="0"/>
  <testcase name="test13204" classname="RegressionTest26" time="0"/>
  <testcase name="test13205" classname="RegressionTest26" time="0"/>
  <testcase name="test13206" classname="RegressionTest26" time="0"/>
  <testcase name="test13207" classname="RegressionTest26" time="0"/>
  <testcase name="test13208" classname="RegressionTest26" time="0"/>
  <testcase name="test13209" classname="RegressionTest26" time="0"/>
  <testcase name="test13210" classname="RegressionTest26" time="0"/>
  <testcase name="test13211" classname="RegressionTest26" time="0"/>
  <testcase name="test13212" classname="RegressionTest26" time="0"/>
  <testcase name="test13213" classname="RegressionTest26" time="0"/>
  <testcase name="test13214" classname="RegressionTest26" time="0"/>
  <testcase name="test13215" classname="RegressionTest26" time="0"/>
  <testcase name="test13216" classname="RegressionTest26" time="0"/>
  <testcase name="test13217" classname="RegressionTest26" time="0.001"/>
  <testcase name="test13218" classname="RegressionTest26" time="0"/>
  <testcase name="test13219" classname="RegressionTest26" time="0"/>
  <testcase name="test13220" classname="RegressionTest26" time="0"/>
  <testcase name="test13221" classname="RegressionTest26" time="0">
    <failure message="&apos;true&apos; != &apos;false&apos; expected:&lt;true&gt; but was:&lt;false&gt;" type="java.lang.AssertionError"><![CDATA[java.lang.AssertionError: 'true' != 'false' expected:<true> but was:<false>
	at RegressionTest26.test13221(RegressionTest26.java:1775)
]]></failure>
  </testcase>
  <testcase name="test13222" classname="RegressionTest26" time="0"/>
  <testcase name="test13223" classname="RegressionTest26" time="0"/>
  <testcase name="test13224" classname="RegressionTest26" time="0"/>
  <testcase name="test13225" classname="RegressionTest26" time="0"/>
  <testcase name="test13226" classname="RegressionTest26" time="0"/>
  <testcase name="test13227" classname="RegressionTest26" time="0"/>
  <testcase name="test13228" classname="RegressionTest26" time="0"/>
  <testcase name="test13229" classname="RegressionTest26" time="0">
    <failure message="&apos;true&apos; != &apos;false&apos; expected:&lt;true&gt; but was:&lt;false&gt;" type="java.lang.AssertionError"><![CDATA[java.lang.AssertionError: 'true' != 'false' expected:<true> but was:<false>
	at RegressionTest26.test13229(RegressionTest26.java:1839)
]]></failure>
  </testcase>
  <testcase name="test13230" classname="RegressionTest26" time="0"/>
  <testcase name="test13231" classname="RegressionTest26" time="0">
    <failure message="&apos;true&apos; != &apos;false&apos; expected:&lt;true&gt; but was:&lt;false&gt;" type="java.lang.AssertionError"><![CDATA[java.lang.AssertionError: 'true' != 'false' expected:<true> but was:<false>
	at RegressionTest26.test13231(RegressionTest26.java:1855)
]]></failure>
  </testcase>
  <testcase name="test13232" classname="RegressionTest26" time="0"/>
  <testcase name="test13233" classname="RegressionTest26" time="0"/>
  <testcase name="test13234" classname="RegressionTest26" time="0"/>
  <testcase name="test13235" classname="RegressionTest26" time="0"/>
  <testcase name="test13236" classname="RegressionTest26" time="0"/>
  <testcase name="test13237" classname="RegressionTest26" time="0"/>
  <testcase name="test13238" classname="RegressionTest26" time="0"/>
  <testcase name="test13239" classname="RegressionTest26" time="0"/>
  <testcase name="test13240" classname="RegressionTest26" time="0"/>
  <testcase name="test13241" classname="RegressionTest26" time="0"/>
  <testcase name="test13242" classname="RegressionTest26" time="0"/>
  <testcase name="test13243" classname="RegressionTest26" time="0"/>
  <testcase name="test13244" classname="RegressionTest26" time="0"/>
  <testcase name="test13245" classname="RegressionTest26" time="0"/>
  <testcase name="test13246" classname="RegressionTest26" time="0"/>
  <testcase name="test13247" classname="RegressionTest26" time="0"/>
  <testcase name="test13248" classname="RegressionTest26" time="0"/>
  <testcase name="test13249" classname="RegressionTest26" time="0"/>
  <testcase name="test13250" classname="RegressionTest26" time="0"/>
  <testcase name="test13251" classname="RegressionTest26" time="0"/>
  <testcase name="test13252" classname="RegressionTest26" time="0"/>
  <testcase name="test13253" classname="RegressionTest26" time="0"/>
  <testcase name="test13254" classname="RegressionTest26" time="0"/>
  <testcase name="test13255" classname="RegressionTest26" time="0"/>
  <testcase name="test13256" classname="RegressionTest26" time="0"/>
  <testcase name="test13257" classname="RegressionTest26" time="0"/>
  <testcase name="test13258" classname="RegressionTest26" time="0"/>
  <testcase name="test13259" classname="RegressionTest26" time="0"/>
  <testcase name="test13260" classname="RegressionTest26" time="0"/>
  <testcase name="test13261" classname="RegressionTest26" time="0.001"/>
  <testcase name="test13262" classname="RegressionTest26" time="0"/>
  <testcase name="test13263" classname="RegressionTest26" time="0"/>
  <testcase name="test13264" classname="RegressionTest26" time="0"/>
  <testcase name="test13265" classname="RegressionTest26" time="0"/>
  <testcase name="test13266" classname="RegressionTest26" time="0"/>
  <testcase name="test13267" classname="RegressionTest26" time="0"/>
  <testcase name="test13268" classname="RegressionTest26" time="0"/>
  <testcase name="test13269" classname="RegressionTest26" time="0"/>
  <testcase name="test13270" classname="RegressionTest26" time="0">
    <failure message="&apos;true&apos; != &apos;false&apos; expected:&lt;true&gt; but was:&lt;false&gt;" type="java.lang.AssertionError"><![CDATA[java.lang.AssertionError: 'true' != 'false' expected:<true> but was:<false>
	at RegressionTest26.test13270(RegressionTest26.java:2167)
]]></failure>
  </testcase>
  <testcase name="test13271" classname="RegressionTest26" time="0"/>
  <testcase name="test13272" classname="RegressionTest26" time="0"/>
  <testcase name="test13273" classname="RegressionTest26" time="0"/>
  <testcase name="test13274" classname="RegressionTest26" time="0"/>
  <testcase name="test13275" classname="RegressionTest26" time="0"/>
  <testcase name="test13276" classname="RegressionTest26" time="0"/>
  <testcase name="test13277" classname="RegressionTest26" time="0"/>
  <testcase name="test13278" classname="RegressionTest26" time="0"/>
  <testcase name="test13279" classname="RegressionTest26" time="0"/>
  <testcase name="test13280" classname="RegressionTest26" time="0"/>
  <testcase name="test13281" classname="RegressionTest26" time="0"/>
  <testcase name="test13282" classname="RegressionTest26" time="0"/>
  <testcase name="test13283" classname="RegressionTest26" time="0"/>
  <testcase name="test13284" classname="RegressionTest26" time="0"/>
  <testcase name="test13285" classname="RegressionTest26" time="0"/>
  <testcase name="test13286" classname="RegressionTest26" time="0">
    <failure message="&apos;true&apos; != &apos;false&apos; expected:&lt;true&gt; but was:&lt;false&gt;" type="java.lang.AssertionError"><![CDATA[java.lang.AssertionError: 'true' != 'false' expected:<true> but was:<false>
	at RegressionTest26.test13286(RegressionTest26.java:2295)
]]></failure>
  </testcase>
  <testcase name="test13287" classname="RegressionTest26" time="0"/>
  <testcase name="test13288" classname="RegressionTest26" time="0"/>
  <testcase name="test13289" classname="RegressionTest26" time="0"/>
  <testcase name="test13290" classname="RegressionTest26" time="0"/>
  <testcase name="test13291" classname="RegressionTest26" time="0"/>
  <testcase name="test13292" classname="RegressionTest26" time="0"/>
  <testcase name="test13293" classname="RegressionTest26" time="0"/>
  <testcase name="test13294" classname="RegressionTest26" time="0"/>
  <testcase name="test13295" classname="RegressionTest26" time="0"/>
  <testcase name="test13296" classname="RegressionTest26" time="0"/>
  <testcase name="test13297" classname="RegressionTest26" time="0"/>
  <testcase name="test13298" classname="RegressionTest26" time="0"/>
  <testcase name="test13299" classname="RegressionTest26" time="0"/>
  <testcase name="test13300" classname="RegressionTest26" time="0"/>
  <testcase name="test13301" classname="RegressionTest26" time="0"/>
  <testcase name="test13302" classname="RegressionTest26" time="0"/>
  <testcase name="test13303" classname="RegressionTest26" time="0"/>
  <testcase name="test13304" classname="RegressionTest26" time="0"/>
  <testcase name="test13305" classname="RegressionTest26" time="0"/>
  <testcase name="test13306" classname="RegressionTest26" time="0"/>
  <testcase name="test13307" classname="RegressionTest26" time="0"/>
  <testcase name="test13308" classname="RegressionTest26" time="0"/>
  <testcase name="test13309" classname="RegressionTest26" time="0.001">
    <failure message="&apos;true&apos; != &apos;false&apos; expected:&lt;true&gt; but was:&lt;false&gt;" type="java.lang.AssertionError"><![CDATA[java.lang.AssertionError: 'true' != 'false' expected:<true> but was:<false>
	at RegressionTest26.test13309(RegressionTest26.java:2479)
]]></failure>
  </testcase>
  <testcase name="test13310" classname="RegressionTest26" time="0"/>
  <testcase name="test13311" classname="RegressionTest26" time="0"/>
  <testcase name="test13312" classname="RegressionTest26" time="0"/>
  <testcase name="test13313" classname="RegressionTest26" time="0"/>
  <testcase name="test13314" classname="RegressionTest26" time="0"/>
  <testcase name="test13315" classname="RegressionTest26" time="0"/>
  <testcase name="test13316" classname="RegressionTest26" time="0"/>
  <testcase name="test13317" classname="RegressionTest26" time="0"/>
  <testcase name="test13318" classname="RegressionTest26" time="0"/>
  <testcase name="test13319" classname="RegressionTest26" time="0"/>
  <testcase name="test13320" classname="RegressionTest26" time="0"/>
  <testcase name="test13321" classname="RegressionTest26" time="0"/>
  <testcase name="test13322" classname="RegressionTest26" time="0"/>
  <testcase name="test13323" classname="RegressionTest26" time="0"/>
  <testcase name="test13324" classname="RegressionTest26" time="0"/>
  <testcase name="test13325" classname="RegressionTest26" time="0"/>
  <testcase name="test13326" classname="RegressionTest26" time="0"/>
  <testcase name="test13327" classname="RegressionTest26" time="0"/>
  <testcase name="test13328" classname="RegressionTest26" time="0"/>
  <testcase name="test13329" classname="RegressionTest26" time="0"/>
  <testcase name="test13330" classname="RegressionTest26" time="0"/>
  <testcase name="test13331" classname="RegressionTest26" time="0"/>
  <testcase name="test13332" classname="RegressionTest26" time="0"/>
  <testcase name="test13333" classname="RegressionTest26" time="0"/>
  <testcase name="test13334" classname="RegressionTest26" time="0"/>
  <testcase name="test13335" classname="RegressionTest26" time="0"/>
  <testcase name="test13336" classname="RegressionTest26" time="0"/>
  <testcase name="test13337" classname="RegressionTest26" time="0"/>
  <testcase name="test13338" classname="RegressionTest26" time="0"/>
  <testcase name="test13339" classname="RegressionTest26" time="0"/>
  <testcase name="test13340" classname="RegressionTest26" time="0"/>
  <testcase name="test13341" classname="RegressionTest26" time="0"/>
  <testcase name="test13342" classname="RegressionTest26" time="0">
    <failure message="&apos;true&apos; != &apos;false&apos; expected:&lt;true&gt; but was:&lt;false&gt;" type="java.lang.AssertionError"><![CDATA[java.lang.AssertionError: 'true' != 'false' expected:<true> but was:<false>
	at RegressionTest26.test13342(RegressionTest26.java:2743)
]]></failure>
  </testcase>
  <testcase name="test13343" classname="RegressionTest26" time="0">
    <failure message="&apos;true&apos; != &apos;false&apos; expected:&lt;true&gt; but was:&lt;false&gt;" type="java.lang.AssertionError"><![CDATA[java.lang.AssertionError: 'true' != 'false' expected:<true> but was:<false>
	at RegressionTest26.test13343(RegressionTest26.java:2751)
]]></failure>
  </testcase>
  <testcase name="test13344" classname="RegressionTest26" time="0"/>
  <testcase name="test13345" classname="RegressionTest26" time="0"/>
  <testcase name="test13346" classname="RegressionTest26" time="0">
    <failure message="&apos;true&apos; != &apos;false&apos; expected:&lt;true&gt; but was:&lt;false&gt;" type="java.lang.AssertionError"><![CDATA[java.lang.AssertionError: 'true' != 'false' expected:<true> but was:<false>
	at RegressionTest26.test13346(RegressionTest26.java:2775)
]]></failure>
  </testcase>
  <testcase name="test13347" classname="RegressionTest26" time="0"/>
  <testcase name="test13348" classname="RegressionTest26" time="0"/>
  <testcase name="test13349" classname="RegressionTest26" time="0"/>
  <testcase name="test13350" classname="RegressionTest26" time="0"/>
  <testcase name="test13351" classname="RegressionTest26" time="0"/>
  <testcase name="test13352" classname="RegressionTest26" time="0"/>
  <testcase name="test13353" classname="RegressionTest26" time="0"/>
  <testcase name="test13354" classname="RegressionTest26" time="0"/>
  <testcase name="test13355" classname="RegressionTest26" time="0"/>
  <testcase name="test13356" classname="RegressionTest26" time="0"/>
  <testcase name="test13357" classname="RegressionTest26" time="0"/>
  <testcase name="test13358" classname="RegressionTest26" time="0"/>
  <testcase name="test13359" classname="RegressionTest26" time="0"/>
  <testcase name="test13360" classname="RegressionTest26" time="0"/>
  <testcase name="test13361" classname="RegressionTest26" time="0"/>
  <testcase name="test13362" classname="RegressionTest26" time="0"/>
  <testcase name="test13363" classname="RegressionTest26" time="0"/>
  <testcase name="test13364" classname="RegressionTest26" time="0"/>
  <testcase name="test13365" classname="RegressionTest26" time="0"/>
  <testcase name="test13366" classname="RegressionTest26" time="0"/>
  <testcase name="test13367" classname="RegressionTest26" time="0">
    <failure message="&apos;true&apos; != &apos;false&apos; expected:&lt;true&gt; but was:&lt;false&gt;" type="java.lang.AssertionError"><![CDATA[java.lang.AssertionError: 'true' != 'false' expected:<true> but was:<false>
	at RegressionTest26.test13367(RegressionTest26.java:2943)
]]></failure>
  </testcase>
  <testcase name="test13368" classname="RegressionTest26" time="0"/>
  <testcase name="test13369" classname="RegressionTest26" time="0"/>
  <testcase name="test13370" classname="RegressionTest26" time="0"/>
  <testcase name="test13371" classname="RegressionTest26" time="0">
    <failure message="&apos;true&apos; != &apos;false&apos; expected:&lt;true&gt; but was:&lt;false&gt;" type="java.lang.AssertionError"><![CDATA[java.lang.AssertionError: 'true' != 'false' expected:<true> but was:<false>
	at RegressionTest26.test13371(RegressionTest26.java:2975)
]]></failure>
  </testcase>
  <testcase name="test13372" classname="RegressionTest26" time="0"/>
  <testcase name="test13373" classname="RegressionTest26" time="0"/>
  <testcase name="test13374" classname="RegressionTest26" time="0"/>
  <testcase name="test13375" classname="RegressionTest26" time="0"/>
  <testcase name="test13376" classname="RegressionTest26" time="0"/>
  <testcase name="test13377" classname="RegressionTest26" time="0">
    <failure message="&apos;true&apos; != &apos;false&apos; expected:&lt;true&gt; but was:&lt;false&gt;" type="java.lang.AssertionError"><![CDATA[java.lang.AssertionError: 'true' != 'false' expected:<true> but was:<false>
	at RegressionTest26.test13377(RegressionTest26.java:3023)
]]></failure>
  </testcase>
  <testcase name="test13378" classname="RegressionTest26" time="0"/>
  <testcase name="test13379" classname="RegressionTest26" time="0"/>
  <testcase name="test13380" classname="RegressionTest26" time="0"/>
  <testcase name="test13381" classname="RegressionTest26" time="0"/>
  <testcase name="test13382" classname="RegressionTest26" time="0"/>
  <testcase name="test13383" classname="RegressionTest26" time="0"/>
  <testcase name="test13384" classname="RegressionTest26" time="0"/>
  <testcase name="test13385" classname="RegressionTest26" time="0"/>
  <testcase name="test13386" classname="RegressionTest26" time="0"/>
  <testcase name="test13387" classname="RegressionTest26" time="0"/>
  <testcase name="test13388" classname="RegressionTest26" time="0"/>
  <testcase name="test13389" classname="RegressionTest26" time="0"/>
  <testcase name="test13390" classname="RegressionTest26" time="0"/>
  <testcase name="test13391" classname="RegressionTest26" time="0"/>
  <testcase name="test13392" classname="RegressionTest26" time="0"/>
  <testcase name="test13393" classname="RegressionTest26" time="0"/>
  <testcase name="test13394" classname="RegressionTest26" time="0"/>
  <testcase name="test13395" classname="RegressionTest26" time="0"/>
  <testcase name="test13396" classname="RegressionTest26" time="0"/>
  <testcase name="test13397" classname="RegressionTest26" time="0"/>
  <testcase name="test13398" classname="RegressionTest26" time="0"/>
  <testcase name="test13399" classname="RegressionTest26" time="0"/>
  <testcase name="test13400" classname="RegressionTest26" time="0">
    <failure message="&apos;true&apos; != &apos;false&apos; expected:&lt;true&gt; but was:&lt;false&gt;" type="java.lang.AssertionError"><![CDATA[java.lang.AssertionError: 'true' != 'false' expected:<true> but was:<false>
	at RegressionTest26.test13400(RegressionTest26.java:3207)
]]></failure>
  </testcase>
  <testcase name="test13401" classname="RegressionTest26" time="0"/>
  <testcase name="test13402" classname="RegressionTest26" time="0"/>
  <testcase name="test13403" classname="RegressionTest26" time="0.001"/>
  <testcase name="test13404" classname="RegressionTest26" time="0"/>
  <testcase name="test13405" classname="RegressionTest26" time="0"/>
  <testcase name="test13406" classname="RegressionTest26" time="0"/>
  <testcase name="test13407" classname="RegressionTest26" time="0"/>
  <testcase name="test13408" classname="RegressionTest26" time="0"/>
  <testcase name="test13409" classname="RegressionTest26" time="0"/>
  <testcase name="test13410" classname="RegressionTest26" time="0"/>
  <testcase name="test13411" classname="RegressionTest26" time="0"/>
  <testcase name="test13412" classname="RegressionTest26" time="0"/>
  <testcase name="test13413" classname="RegressionTest26" time="0"/>
  <testcase name="test13414" classname="RegressionTest26" time="0"/>
  <testcase name="test13415" classname="RegressionTest26" time="0"/>
  <testcase name="test13416" classname="RegressionTest26" time="0"/>
  <testcase name="test13417" classname="RegressionTest26" time="0"/>
  <testcase name="test13418" classname="RegressionTest26" time="0"/>
  <testcase name="test13419" classname="RegressionTest26" time="0"/>
  <testcase name="test13420" classname="RegressionTest26" time="0"/>
  <testcase name="test13421" classname="RegressionTest26" time="0"/>
  <testcase name="test13422" classname="RegressionTest26" time="0"/>
  <testcase name="test13423" classname="RegressionTest26" time="0"/>
  <testcase name="test13424" classname="RegressionTest26" time="0"/>
  <testcase name="test13425" classname="RegressionTest26" time="0"/>
  <testcase name="test13426" classname="RegressionTest26" time="0"/>
  <testcase name="test13427" classname="RegressionTest26" time="0"/>
  <testcase name="test13428" classname="RegressionTest26" time="0"/>
  <testcase name="test13429" classname="RegressionTest26" time="0"/>
  <testcase name="test13430" classname="RegressionTest26" time="0">
    <failure message="&apos;true&apos; != &apos;false&apos; expected:&lt;true&gt; but was:&lt;false&gt;" type="java.lang.AssertionError"><![CDATA[java.lang.AssertionError: 'true' != 'false' expected:<true> but was:<false>
	at RegressionTest26.test13430(RegressionTest26.java:3447)
]]></failure>
  </testcase>
  <testcase name="test13431" classname="RegressionTest26" time="0"/>
  <testcase name="test13432" classname="RegressionTest26" time="0"/>
  <testcase name="test13433" classname="RegressionTest26" time="0">
    <failure message="&apos;true&apos; != &apos;false&apos; expected:&lt;true&gt; but was:&lt;false&gt;" type="java.lang.AssertionError"><![CDATA[java.lang.AssertionError: 'true' != 'false' expected:<true> but was:<false>
	at RegressionTest26.test13433(RegressionTest26.java:3471)
]]></failure>
  </testcase>
  <testcase name="test13434" classname="RegressionTest26" time="0"/>
  <testcase name="test13435" classname="RegressionTest26" time="0"/>
  <testcase name="test13436" classname="RegressionTest26" time="0"/>
  <testcase name="test13437" classname="RegressionTest26" time="0"/>
  <testcase name="test13438" classname="RegressionTest26" time="0"/>
  <testcase name="test13439" classname="RegressionTest26" time="0"/>
  <testcase name="test13440" classname="RegressionTest26" time="0"/>
  <testcase name="test13441" classname="RegressionTest26" time="0"/>
  <testcase name="test13442" classname="RegressionTest26" time="0"/>
  <testcase name="test13443" classname="RegressionTest26" time="0"/>
  <testcase name="test13444" classname="RegressionTest26" time="0"/>
  <testcase name="test13445" classname="RegressionTest26" time="0"/>
  <testcase name="test13446" classname="RegressionTest26" time="0"/>
  <testcase name="test13447" classname="RegressionTest26" time="0"/>
  <testcase name="test13448" classname="RegressionTest26" time="0"/>
  <testcase name="test13449" classname="RegressionTest26" time="0"/>
  <testcase name="test13450" classname="RegressionTest26" time="0"/>
  <testcase name="test13451" classname="RegressionTest26" time="0"/>
  <testcase name="test13452" classname="RegressionTest26" time="0"/>
  <testcase name="test13453" classname="RegressionTest26" time="0"/>
  <testcase name="test13454" classname="RegressionTest26" time="0"/>
  <testcase name="test13455" classname="RegressionTest26" time="0"/>
  <testcase name="test13456" classname="RegressionTest26" time="0"/>
  <testcase name="test13457" classname="RegressionTest26" time="0.001"/>
  <testcase name="test13458" classname="RegressionTest26" time="0"/>
  <testcase name="test13459" classname="RegressionTest26" time="0"/>
  <testcase name="test13460" classname="RegressionTest26" time="0"/>
  <testcase name="test13461" classname="RegressionTest26" time="0"/>
  <testcase name="test13462" classname="RegressionTest26" time="0"/>
  <testcase name="test13463" classname="RegressionTest26" time="0"/>
  <testcase name="test13464" classname="RegressionTest26" time="0"/>
  <testcase name="test13465" classname="RegressionTest26" time="0"/>
  <testcase name="test13466" classname="RegressionTest26" time="0"/>
  <testcase name="test13467" classname="RegressionTest26" time="0"/>
  <testcase name="test13468" classname="RegressionTest26" time="0"/>
  <testcase name="test13469" classname="RegressionTest26" time="0"/>
  <testcase name="test13470" classname="RegressionTest26" time="0"/>
  <testcase name="test13471" classname="RegressionTest26" time="0"/>
  <testcase name="test13472" classname="RegressionTest26" time="0"/>
  <testcase name="test13473" classname="RegressionTest26" time="0"/>
  <testcase name="test13474" classname="RegressionTest26" time="0"/>
  <testcase name="test13475" classname="RegressionTest26" time="0">
    <failure message="&apos;true&apos; != &apos;false&apos; expected:&lt;true&gt; but was:&lt;false&gt;" type="java.lang.AssertionError"><![CDATA[java.lang.AssertionError: 'true' != 'false' expected:<true> but was:<false>
	at RegressionTest26.test13475(RegressionTest26.java:3807)
]]></failure>
  </testcase>
  <testcase name="test13476" classname="RegressionTest26" time="0"/>
  <testcase name="test13477" classname="RegressionTest26" time="0">
    <failure message="&apos;true&apos; != &apos;false&apos; expected:&lt;true&gt; but was:&lt;false&gt;" type="java.lang.AssertionError"><![CDATA[java.lang.AssertionError: 'true' != 'false' expected:<true> but was:<false>
	at RegressionTest26.test13477(RegressionTest26.java:3823)
]]></failure>
  </testcase>
  <testcase name="test13478" classname="RegressionTest26" time="0"/>
  <testcase name="test13479" classname="RegressionTest26" time="0"/>
  <testcase name="test13480" classname="RegressionTest26" time="0"/>
  <testcase name="test13481" classname="RegressionTest26" time="0">
    <failure message="&apos;true&apos; != &apos;false&apos; expected:&lt;true&gt; but was:&lt;false&gt;" type="java.lang.AssertionError"><![CDATA[java.lang.AssertionError: 'true' != 'false' expected:<true> but was:<false>
	at RegressionTest26.test13481(RegressionTest26.java:3855)
]]></failure>
  </testcase>
  <testcase name="test13482" classname="RegressionTest26" time="0"/>
  <testcase name="test13483" classname="RegressionTest26" time="0"/>
  <testcase name="test13484" classname="RegressionTest26" time="0"/>
  <testcase name="test13485" classname="RegressionTest26" time="0"/>
  <testcase name="test13486" classname="RegressionTest26" time="0"/>
  <testcase name="test13487" classname="RegressionTest26" time="0">
    <failure message="&apos;true&apos; != &apos;false&apos; expected:&lt;true&gt; but was:&lt;false&gt;" type="java.lang.AssertionError"><![CDATA[java.lang.AssertionError: 'true' != 'false' expected:<true> but was:<false>
	at RegressionTest26.test13487(RegressionTest26.java:3903)
]]></failure>
  </testcase>
  <testcase name="test13488" classname="RegressionTest26" time="0"/>
  <testcase name="test13489" classname="RegressionTest26" time="0"/>
  <testcase name="test13490" classname="RegressionTest26" time="0"/>
  <testcase name="test13491" classname="RegressionTest26" time="0"/>
  <testcase name="test13492" classname="RegressionTest26" time="0"/>
  <testcase name="test13493" classname="RegressionTest26" time="0"/>
  <testcase name="test13494" classname="RegressionTest26" time="0"/>
  <testcase name="test13495" classname="RegressionTest26" time="0"/>
  <testcase name="test13496" classname="RegressionTest26" time="0"/>
  <testcase name="test13497" classname="RegressionTest26" time="0">
    <failure message="&apos;true&apos; != &apos;false&apos; expected:&lt;true&gt; but was:&lt;false&gt;" type="java.lang.AssertionError"><![CDATA[java.lang.AssertionError: 'true' != 'false' expected:<true> but was:<false>
	at RegressionTest26.test13497(RegressionTest26.java:3983)
]]></failure>
  </testcase>
  <testcase name="test13498" classname="RegressionTest26" time="0"/>
  <testcase name="test13499" classname="RegressionTest26" time="0">
    <failure message="&apos;true&apos; != &apos;false&apos; expected:&lt;true&gt; but was:&lt;false&gt;" type="java.lang.AssertionError"><![CDATA[java.lang.AssertionError: 'true' != 'false' expected:<true> but was:<false>
	at RegressionTest26.test13499(RegressionTest26.java:3999)
]]></failure>
  </testcase>
  <testcase name="test13500" classname="RegressionTest26" time="0">
    <failure message="&apos;true&apos; != &apos;false&apos; expected:&lt;true&gt; but was:&lt;false&gt;" type="java.lang.AssertionError"><![CDATA[java.lang.AssertionError: 'true' != 'false' expected:<true> but was:<false>
	at RegressionTest26.test13500(RegressionTest26.java:4007)
]]></failure>
  </testcase>
  <testcase name="test13501" classname="RegressionTest27" time="0"/>
  <testcase name="test13502" classname="RegressionTest27" time="0"/>
  <testcase name="test13503" classname="RegressionTest27" time="0"/>
  <testcase name="test13504" classname="RegressionTest27" time="0"/>
  <testcase name="test13505" classname="RegressionTest27" time="0"/>
  <testcase name="test13506" classname="RegressionTest27" time="0">
    <failure message="&apos;true&apos; != &apos;false&apos; expected:&lt;true&gt; but was:&lt;false&gt;" type="java.lang.AssertionError"><![CDATA[java.lang.AssertionError: 'true' != 'false' expected:<true> but was:<false>
	at RegressionTest27.test13506(RegressionTest27.java:55)
]]></failure>
  </testcase>
  <testcase name="test13507" classname="RegressionTest27" time="0"/>
  <testcase name="test13508" classname="RegressionTest27" time="0"/>
  <testcase name="test13509" classname="RegressionTest27" time="0"/>
  <testcase name="test13510" classname="RegressionTest27" time="0"/>
  <testcase name="test13511" classname="RegressionTest27" time="0"/>
  <testcase name="test13512" classname="RegressionTest27" time="0"/>
  <testcase name="test13513" classname="RegressionTest27" time="0"/>
  <testcase name="test13514" classname="RegressionTest27" time="0"/>
  <testcase name="test13515" classname="RegressionTest27" time="0"/>
  <testcase name="test13516" classname="RegressionTest27" time="0"/>
  <testcase name="test13517" classname="RegressionTest27" time="0"/>
  <testcase name="test13518" classname="RegressionTest27" time="0"/>
  <testcase name="test13519" classname="RegressionTest27" time="0"/>
  <testcase name="test13520" classname="RegressionTest27" time="0"/>
  <testcase name="test13521" classname="RegressionTest27" time="0"/>
  <testcase name="test13522" classname="RegressionTest27" time="0.001"/>
  <testcase name="test13523" classname="RegressionTest27" time="0"/>
  <testcase name="test13524" classname="RegressionTest27" time="0"/>
  <testcase name="test13525" classname="RegressionTest27" time="0"/>
  <testcase name="test13526" classname="RegressionTest27" time="0"/>
  <testcase name="test13527" classname="RegressionTest27" time="0"/>
  <testcase name="test13528" classname="RegressionTest27" time="0"/>
  <testcase name="test13529" classname="RegressionTest27" time="0"/>
  <testcase name="test13530" classname="RegressionTest27" time="0"/>
  <testcase name="test13531" classname="RegressionTest27" time="0"/>
  <testcase name="test13532" classname="RegressionTest27" time="0"/>
  <testcase name="test13533" classname="RegressionTest27" time="0"/>
  <testcase name="test13534" classname="RegressionTest27" time="0"/>
  <testcase name="test13535" classname="RegressionTest27" time="0"/>
  <testcase name="test13536" classname="RegressionTest27" time="0"/>
  <testcase name="test13537" classname="RegressionTest27" time="0"/>
  <testcase name="test13538" classname="RegressionTest27" time="0"/>
  <testcase name="test13539" classname="RegressionTest27" time="0"/>
  <testcase name="test13540" classname="RegressionTest27" time="0"/>
  <testcase name="test13541" classname="RegressionTest27" time="0"/>
  <testcase name="test13542" classname="RegressionTest27" time="0"/>
  <testcase name="test13543" classname="RegressionTest27" time="0"/>
  <testcase name="test13544" classname="RegressionTest27" time="0">
    <failure message="&apos;true&apos; != &apos;false&apos; expected:&lt;true&gt; but was:&lt;false&gt;" type="java.lang.AssertionError"><![CDATA[java.lang.AssertionError: 'true' != 'false' expected:<true> but was:<false>
	at RegressionTest27.test13544(RegressionTest27.java:359)
]]></failure>
  </testcase>
  <testcase name="test13545" classname="RegressionTest27" time="0"/>
  <testcase name="test13546" classname="RegressionTest27" time="0"/>
  <testcase name="test13547" classname="RegressionTest27" time="0"/>
  <testcase name="test13548" classname="RegressionTest27" time="0"/>
  <testcase name="test13549" classname="RegressionTest27" time="0"/>
  <testcase name="test13550" classname="RegressionTest27" time="0"/>
  <testcase name="test13551" classname="RegressionTest27" time="0"/>
  <testcase name="test13552" classname="RegressionTest27" time="0"/>
  <testcase name="test13553" classname="RegressionTest27" time="0">
    <failure message="&apos;true&apos; != &apos;false&apos; expected:&lt;true&gt; but was:&lt;false&gt;" type="java.lang.AssertionError"><![CDATA[java.lang.AssertionError: 'true' != 'false' expected:<true> but was:<false>
	at RegressionTest27.test13553(RegressionTest27.java:431)
]]></failure>
  </testcase>
  <testcase name="test13554" classname="RegressionTest27" time="0"/>
  <testcase name="test13555" classname="RegressionTest27" time="0"/>
  <testcase name="test13556" classname="RegressionTest27" time="0"/>
  <testcase name="test13557" classname="RegressionTest27" time="0"/>
  <testcase name="test13558" classname="RegressionTest27" time="0"/>
  <testcase name="test13559" classname="RegressionTest27" time="0"/>
  <testcase name="test13560" classname="RegressionTest27" time="0"/>
  <testcase name="test13561" classname="RegressionTest27" time="0">
    <failure message="&apos;true&apos; != &apos;false&apos; expected:&lt;true&gt; but was:&lt;false&gt;" type="java.lang.AssertionError"><![CDATA[java.lang.AssertionError: 'true' != 'false' expected:<true> but was:<false>
	at RegressionTest27.test13561(RegressionTest27.java:495)
]]></failure>
  </testcase>
  <testcase name="test13562" classname="RegressionTest27" time="0"/>
  <testcase name="test13563" classname="RegressionTest27" time="0"/>
  <testcase name="test13564" classname="RegressionTest27" time="0"/>
  <testcase name="test13565" classname="RegressionTest27" time="0"/>
  <testcase name="test13566" classname="RegressionTest27" time="0"/>
  <testcase name="test13567" classname="RegressionTest27" time="0.001">
    <failure message="&apos;true&apos; != &apos;false&apos; expected:&lt;true&gt; but was:&lt;false&gt;" type="java.lang.AssertionError"><![CDATA[java.lang.AssertionError: 'true' != 'false' expected:<true> but was:<false>
	at RegressionTest27.test13567(RegressionTest27.java:543)
]]></failure>
  </testcase>
  <testcase name="test13568" classname="RegressionTest27" time="0"/>
  <testcase name="test13569" classname="RegressionTest27" time="0"/>
  <testcase name="test13570" classname="RegressionTest27" time="0"/>
  <testcase name="test13571" classname="RegressionTest27" time="0"/>
  <testcase name="test13572" classname="RegressionTest27" time="0"/>
  <testcase name="test13573" classname="RegressionTest27" time="0"/>
  <testcase name="test13574" classname="RegressionTest27" time="0"/>
  <testcase name="test13575" classname="RegressionTest27" time="0"/>
  <testcase name="test13576" classname="RegressionTest27" time="0"/>
  <testcase name="test13577" classname="RegressionTest27" time="0"/>
  <testcase name="test13578" classname="RegressionTest27" time="0">
    <failure message="&apos;true&apos; != &apos;false&apos; expected:&lt;true&gt; but was:&lt;false&gt;" type="java.lang.AssertionError"><![CDATA[java.lang.AssertionError: 'true' != 'false' expected:<true> but was:<false>
	at RegressionTest27.test13578(RegressionTest27.java:631)
]]></failure>
  </testcase>
  <testcase name="test13579" classname="RegressionTest27" time="0"/>
  <testcase name="test13580" classname="RegressionTest27" time="0"/>
  <testcase name="test13581" classname="RegressionTest27" time="0"/>
  <testcase name="test13582" classname="RegressionTest27" time="0"/>
  <testcase name="test13583" classname="RegressionTest27" time="0"/>
  <testcase name="test13584" classname="RegressionTest27" time="0"/>
  <testcase name="test13585" classname="RegressionTest27" time="0"/>
  <testcase name="test13586" classname="RegressionTest27" time="0"/>
  <testcase name="test13587" classname="RegressionTest27" time="0"/>
  <testcase name="test13588" classname="RegressionTest27" time="0"/>
  <testcase name="test13589" classname="RegressionTest27" time="0"/>
  <testcase name="test13590" classname="RegressionTest27" time="0"/>
  <testcase name="test13591" classname="RegressionTest27" time="0"/>
  <testcase name="test13592" classname="RegressionTest27" time="0"/>
  <testcase name="test13593" classname="RegressionTest27" time="0"/>
  <testcase name="test13594" classname="RegressionTest27" time="0"/>
  <testcase name="test13595" classname="RegressionTest27" time="0"/>
  <testcase name="test13596" classname="RegressionTest27" time="0"/>
  <testcase name="test13597" classname="RegressionTest27" time="0"/>
  <testcase name="test13598" classname="RegressionTest27" time="0"/>
  <testcase name="test13599" classname="RegressionTest27" time="0"/>
  <testcase name="test13600" classname="RegressionTest27" time="0"/>
  <testcase name="test13601" classname="RegressionTest27" time="0"/>
  <testcase name="test13602" classname="RegressionTest27" time="0"/>
  <testcase name="test13603" classname="RegressionTest27" time="0"/>
  <testcase name="test13604" classname="RegressionTest27" time="0"/>
  <testcase name="test13605" classname="RegressionTest27" time="0"/>
  <testcase name="test13606" classname="RegressionTest27" time="0"/>
  <testcase name="test13607" classname="RegressionTest27" time="0"/>
  <testcase name="test13608" classname="RegressionTest27" time="0"/>
  <testcase name="test13609" classname="RegressionTest27" time="0"/>
  <testcase name="test13610" classname="RegressionTest27" time="0"/>
  <testcase name="test13611" classname="RegressionTest27" time="0">
    <failure message="&apos;true&apos; != &apos;false&apos; expected:&lt;true&gt; but was:&lt;false&gt;" type="java.lang.AssertionError"><![CDATA[java.lang.AssertionError: 'true' != 'false' expected:<true> but was:<false>
	at RegressionTest27.test13611(RegressionTest27.java:895)
]]></failure>
  </testcase>
  <testcase name="test13612" classname="RegressionTest27" time="0"/>
  <testcase name="test13613" classname="RegressionTest27" time="0"/>
  <testcase name="test13614" classname="RegressionTest27" time="0"/>
  <testcase name="test13615" classname="RegressionTest27" time="0"/>
  <testcase name="test13616" classname="RegressionTest27" time="0"/>
  <testcase name="test13617" classname="RegressionTest27" time="0"/>
  <testcase name="test13618" classname="RegressionTest27" time="0.001"/>
  <testcase name="test13619" classname="RegressionTest27" time="0"/>
  <testcase name="test13620" classname="RegressionTest27" time="0"/>
  <testcase name="test13621" classname="RegressionTest27" time="0"/>
  <testcase name="test13622" classname="RegressionTest27" time="0"/>
  <testcase name="test13623" classname="RegressionTest27" time="0"/>
  <testcase name="test13624" classname="RegressionTest27" time="0"/>
  <testcase name="test13625" classname="RegressionTest27" time="0"/>
  <testcase name="test13626" classname="RegressionTest27" time="0"/>
  <testcase name="test13627" classname="RegressionTest27" time="0"/>
  <testcase name="test13628" classname="RegressionTest27" time="0"/>
  <testcase name="test13629" classname="RegressionTest27" time="0"/>
  <testcase name="test13630" classname="RegressionTest27" time="0"/>
  <testcase name="test13631" classname="RegressionTest27" time="0">
    <failure message="&apos;true&apos; != &apos;false&apos; expected:&lt;true&gt; but was:&lt;false&gt;" type="java.lang.AssertionError"><![CDATA[java.lang.AssertionError: 'true' != 'false' expected:<true> but was:<false>
	at RegressionTest27.test13631(RegressionTest27.java:1055)
]]></failure>
  </testcase>
  <testcase name="test13632" classname="RegressionTest27" time="0"/>
  <testcase name="test13633" classname="RegressionTest27" time="0"/>
  <testcase name="test13634" classname="RegressionTest27" time="0"/>
  <testcase name="test13635" classname="RegressionTest27" time="0">
    <failure message="&apos;true&apos; != &apos;false&apos; expected:&lt;true&gt; but was:&lt;false&gt;" type="java.lang.AssertionError"><![CDATA[java.lang.AssertionError: 'true' != 'false' expected:<true> but was:<false>
	at RegressionTest27.test13635(RegressionTest27.java:1087)
]]></failure>
  </testcase>
  <testcase name="test13636" classname="RegressionTest27" time="0"/>
  <testcase name="test13637" classname="RegressionTest27" time="0"/>
  <testcase name="test13638" classname="RegressionTest27" time="0"/>
  <testcase name="test13639" classname="RegressionTest27" time="0"/>
  <testcase name="test13640" classname="RegressionTest27" time="0"/>
  <testcase name="test13641" classname="RegressionTest27" time="0"/>
  <testcase name="test13642" classname="RegressionTest27" time="0">
    <failure message="&apos;true&apos; != &apos;false&apos; expected:&lt;true&gt; but was:&lt;false&gt;" type="java.lang.AssertionError"><![CDATA[java.lang.AssertionError: 'true' != 'false' expected:<true> but was:<false>
	at RegressionTest27.test13642(RegressionTest27.java:1143)
]]></failure>
  </testcase>
  <testcase name="test13643" classname="RegressionTest27" time="0">
    <failure message="&apos;true&apos; != &apos;false&apos; expected:&lt;true&gt; but was:&lt;false&gt;" type="java.lang.AssertionError"><![CDATA[java.lang.AssertionError: 'true' != 'false' expected:<true> but was:<false>
	at RegressionTest27.test13643(RegressionTest27.java:1151)
]]></failure>
  </testcase>
  <testcase name="test13644" classname="RegressionTest27" time="0"/>
  <testcase name="test13645" classname="RegressionTest27" time="0"/>
  <testcase name="test13646" classname="RegressionTest27" time="0"/>
  <testcase name="test13647" classname="RegressionTest27" time="0"/>
  <testcase name="test13648" classname="RegressionTest27" time="0"/>
  <testcase name="test13649" classname="RegressionTest27" time="0"/>
  <testcase name="test13650" classname="RegressionTest27" time="0"/>
  <testcase name="test13651" classname="RegressionTest27" time="0"/>
  <testcase name="test13652" classname="RegressionTest27" time="0"/>
  <testcase name="test13653" classname="RegressionTest27" time="0"/>
  <testcase name="test13654" classname="RegressionTest27" time="0"/>
  <testcase name="test13655" classname="RegressionTest27" time="0"/>
  <testcase name="test13656" classname="RegressionTest27" time="0.001"/>
  <testcase name="test13657" classname="RegressionTest27" time="0"/>
  <testcase name="test13658" classname="RegressionTest27" time="0"/>
  <testcase name="test13659" classname="RegressionTest27" time="0"/>
  <testcase name="test13660" classname="RegressionTest27" time="0"/>
  <testcase name="test13661" classname="RegressionTest27" time="0"/>
  <testcase name="test13662" classname="RegressionTest27" time="0"/>
  <testcase name="test13663" classname="RegressionTest27" time="0"/>
  <testcase name="test13664" classname="RegressionTest27" time="0"/>
  <testcase name="test13665" classname="RegressionTest27" time="0"/>
  <testcase name="test13666" classname="RegressionTest27" time="0"/>
  <testcase name="test13667" classname="RegressionTest27" time="0">
    <failure message="&apos;true&apos; != &apos;false&apos; expected:&lt;true&gt; but was:&lt;false&gt;" type="java.lang.AssertionError"><![CDATA[java.lang.AssertionError: 'true' != 'false' expected:<true> but was:<false>
	at RegressionTest27.test13667(RegressionTest27.java:1343)
]]></failure>
  </testcase>
  <testcase name="test13668" classname="RegressionTest27" time="0"/>
  <testcase name="test13669" classname="RegressionTest27" time="0"/>
  <testcase name="test13670" classname="RegressionTest27" time="0"/>
  <testcase name="test13671" classname="RegressionTest27" time="0"/>
  <testcase name="test13672" classname="RegressionTest27" time="0"/>
  <testcase name="test13673" classname="RegressionTest27" time="0"/>
  <testcase name="test13674" classname="RegressionTest27" time="0"/>
  <testcase name="test13675" classname="RegressionTest27" time="0">
    <failure message="&apos;true&apos; != &apos;false&apos; expected:&lt;true&gt; but was:&lt;false&gt;" type="java.lang.AssertionError"><![CDATA[java.lang.AssertionError: 'true' != 'false' expected:<true> but was:<false>
	at RegressionTest27.test13675(RegressionTest27.java:1407)
]]></failure>
  </testcase>
  <testcase name="test13676" classname="RegressionTest27" time="0"/>
  <testcase name="test13677" classname="RegressionTest27" time="0"/>
  <testcase name="test13678" classname="RegressionTest27" time="0"/>
  <testcase name="test13679" classname="RegressionTest27" time="0"/>
  <testcase name="test13680" classname="RegressionTest27" time="0"/>
  <testcase name="test13681" classname="RegressionTest27" time="0"/>
  <testcase name="test13682" classname="RegressionTest27" time="0"/>
  <testcase name="test13683" classname="RegressionTest27" time="0"/>
  <testcase name="test13684" classname="RegressionTest27" time="0"/>
  <testcase name="test13685" classname="RegressionTest27" time="0"/>
  <testcase name="test13686" classname="RegressionTest27" time="0"/>
  <testcase name="test13687" classname="RegressionTest27" time="0"/>
  <testcase name="test13688" classname="RegressionTest27" time="0">
    <failure message="&apos;true&apos; != &apos;false&apos; expected:&lt;true&gt; but was:&lt;false&gt;" type="java.lang.AssertionError"><![CDATA[java.lang.AssertionError: 'true' != 'false' expected:<true> but was:<false>
	at RegressionTest27.test13688(RegressionTest27.java:1511)
]]></failure>
  </testcase>
  <testcase name="test13689" classname="RegressionTest27" time="0"/>
  <testcase name="test13690" classname="RegressionTest27" time="0"/>
  <testcase name="test13691" classname="RegressionTest27" time="0"/>
  <testcase name="test13692" classname="RegressionTest27" time="0"/>
  <testcase name="test13693" classname="RegressionTest27" time="0"/>
  <testcase name="test13694" classname="RegressionTest27" time="0"/>
  <testcase name="test13695" classname="RegressionTest27" time="0"/>
  <testcase name="test13696" classname="RegressionTest27" time="0"/>
  <testcase name="test13697" classname="RegressionTest27" time="0"/>
  <testcase name="test13698" classname="RegressionTest27" time="0"/>
  <testcase name="test13699" classname="RegressionTest27" time="0"/>
  <testcase name="test13700" classname="RegressionTest27" time="0"/>
  <testcase name="test13701" classname="RegressionTest27" time="0"/>
  <testcase name="test13702" classname="RegressionTest27" time="0"/>
  <testcase name="test13703" classname="RegressionTest27" time="0.001"/>
  <testcase name="test13704" classname="RegressionTest27" time="0"/>
  <testcase name="test13705" classname="RegressionTest27" time="0"/>
  <testcase name="test13706" classname="RegressionTest27" time="0"/>
  <testcase name="test13707" classname="RegressionTest27" time="0"/>
  <testcase name="test13708" classname="RegressionTest27" time="0"/>
  <testcase name="test13709" classname="RegressionTest27" time="0"/>
  <testcase name="test13710" classname="RegressionTest27" time="0"/>
  <testcase name="test13711" classname="RegressionTest27" time="0"/>
  <testcase name="test13712" classname="RegressionTest27" time="0"/>
  <testcase name="test13713" classname="RegressionTest27" time="0"/>
  <testcase name="test13714" classname="RegressionTest27" time="0">
    <failure message="&apos;true&apos; != &apos;false&apos; expected:&lt;true&gt; but was:&lt;false&gt;" type="java.lang.AssertionError"><![CDATA[java.lang.AssertionError: 'true' != 'false' expected:<true> but was:<false>
	at RegressionTest27.test13714(RegressionTest27.java:1719)
]]></failure>
  </testcase>
  <testcase name="test13715" classname="RegressionTest27" time="0"/>
  <testcase name="test13716" classname="RegressionTest27" time="0"/>
  <testcase name="test13717" classname="RegressionTest27" time="0"/>
  <testcase name="test13718" classname="RegressionTest27" time="0"/>
  <testcase name="test13719" classname="RegressionTest27" time="0"/>
  <testcase name="test13720" classname="RegressionTest27" time="0"/>
  <testcase name="test13721" classname="RegressionTest27" time="0"/>
  <testcase name="test13722" classname="RegressionTest27" time="0"/>
  <testcase name="test13723" classname="RegressionTest27" time="0"/>
  <testcase name="test13724" classname="RegressionTest27" time="0"/>
  <testcase name="test13725" classname="RegressionTest27" time="0"/>
  <testcase name="test13726" classname="RegressionTest27" time="0"/>
  <testcase name="test13727" classname="RegressionTest27" time="0"/>
  <testcase name="test13728" classname="RegressionTest27" time="0"/>
  <testcase name="test13729" classname="RegressionTest27" time="0"/>
  <testcase name="test13730" classname="RegressionTest27" time="0"/>
  <testcase name="test13731" classname="RegressionTest27" time="0"/>
  <testcase name="test13732" classname="RegressionTest27" time="0"/>
  <testcase name="test13733" classname="RegressionTest27" time="0"/>
  <testcase name="test13734" classname="RegressionTest27" time="0"/>
  <testcase name="test13735" classname="RegressionTest27" time="0"/>
  <testcase name="test13736" classname="RegressionTest27" time="0"/>
  <testcase name="test13737" classname="RegressionTest27" time="0"/>
  <testcase name="test13738" classname="RegressionTest27" time="0"/>
  <testcase name="test13739" classname="RegressionTest27" time="0"/>
  <testcase name="test13740" classname="RegressionTest27" time="0"/>
  <testcase name="test13741" classname="RegressionTest27" time="0"/>
  <testcase name="test13742" classname="RegressionTest27" time="0">
    <failure message="&apos;true&apos; != &apos;false&apos; expected:&lt;true&gt; but was:&lt;false&gt;" type="java.lang.AssertionError"><![CDATA[java.lang.AssertionError: 'true' != 'false' expected:<true> but was:<false>
	at RegressionTest27.test13742(RegressionTest27.java:1943)
]]></failure>
  </testcase>
  <testcase name="test13743" classname="RegressionTest27" time="0"/>
  <testcase name="test13744" classname="RegressionTest27" time="0"/>
  <testcase name="test13745" classname="RegressionTest27" time="0"/>
  <testcase name="test13746" classname="RegressionTest27" time="0"/>
  <testcase name="test13747" classname="RegressionTest27" time="0"/>
  <testcase name="test13748" classname="RegressionTest27" time="0">
    <failure message="&apos;true&apos; != &apos;false&apos; expected:&lt;true&gt; but was:&lt;false&gt;" type="java.lang.AssertionError"><![CDATA[java.lang.AssertionError: 'true' != 'false' expected:<true> but was:<false>
	at RegressionTest27.test13748(RegressionTest27.java:1991)
]]></failure>
  </testcase>
  <testcase name="test13749" classname="RegressionTest27" time="0"/>
  <testcase name="test13750" classname="RegressionTest27" time="0"/>
  <testcase name="test13751" classname="RegressionTest27" time="0"/>
  <testcase name="test13752" classname="RegressionTest27" time="0"/>
  <testcase name="test13753" classname="RegressionTest27" time="0"/>
  <testcase name="test13754" classname="RegressionTest27" time="0"/>
  <testcase name="test13755" classname="RegressionTest27" time="0"/>
  <testcase name="test13756" classname="RegressionTest27" time="0"/>
  <testcase name="test13757" classname="RegressionTest27" time="0"/>
  <testcase name="test13758" classname="RegressionTest27" time="0"/>
  <testcase name="test13759" classname="RegressionTest27" time="0"/>
  <testcase name="test13760" classname="RegressionTest27" time="0"/>
  <testcase name="test13761" classname="RegressionTest27" time="0"/>
  <testcase name="test13762" classname="RegressionTest27" time="0"/>
  <testcase name="test13763" classname="RegressionTest27" time="0"/>
  <testcase name="test13764" classname="RegressionTest27" time="0"/>
  <testcase name="test13765" classname="RegressionTest27" time="0"/>
  <testcase name="test13766" classname="RegressionTest27" time="0"/>
  <testcase name="test13767" classname="RegressionTest27" time="0"/>
  <testcase name="test13768" classname="RegressionTest27" time="0"/>
  <testcase name="test13769" classname="RegressionTest27" time="0"/>
  <testcase name="test13770" classname="RegressionTest27" time="0"/>
  <testcase name="test13771" classname="RegressionTest27" time="0"/>
  <testcase name="test13772" classname="RegressionTest27" time="0"/>
  <testcase name="test13773" classname="RegressionTest27" time="0"/>
  <testcase name="test13774" classname="RegressionTest27" time="0"/>
  <testcase name="test13775" classname="RegressionTest27" time="0"/>
  <testcase name="test13776" classname="RegressionTest27" time="0"/>
  <testcase name="test13777" classname="RegressionTest27" time="0"/>
  <testcase name="test13778" classname="RegressionTest27" time="0"/>
  <testcase name="test13779" classname="RegressionTest27" time="0"/>
  <testcase name="test13780" classname="RegressionTest27" time="0"/>
  <testcase name="test13781" classname="RegressionTest27" time="0"/>
  <testcase name="test13782" classname="RegressionTest27" time="0"/>
  <testcase name="test13783" classname="RegressionTest27" time="0"/>
  <testcase name="test13784" classname="RegressionTest27" time="0"/>
  <testcase name="test13785" classname="RegressionTest27" time="0"/>
  <testcase name="test13786" classname="RegressionTest27" time="0"/>
  <testcase name="test13787" classname="RegressionTest27" time="0"/>
  <testcase name="test13788" classname="RegressionTest27" time="0"/>
  <testcase name="test13789" classname="RegressionTest27" time="0"/>
  <testcase name="test13790" classname="RegressionTest27" time="0"/>
  <testcase name="test13791" classname="RegressionTest27" time="0">
    <failure message="&apos;true&apos; != &apos;false&apos; expected:&lt;true&gt; but was:&lt;false&gt;" type="java.lang.AssertionError"><![CDATA[java.lang.AssertionError: 'true' != 'false' expected:<true> but was:<false>
	at RegressionTest27.test13791(RegressionTest27.java:2335)
]]></failure>
  </testcase>
  <testcase name="test13792" classname="RegressionTest27" time="0"/>
  <testcase name="test13793" classname="RegressionTest27" time="0"/>
  <testcase name="test13794" classname="RegressionTest27" time="0"/>
  <testcase name="test13795" classname="RegressionTest27" time="0"/>
  <testcase name="test13796" classname="RegressionTest27" time="0"/>
  <testcase name="test13797" classname="RegressionTest27" time="0"/>
  <testcase name="test13798" classname="RegressionTest27" time="0"/>
  <testcase name="test13799" classname="RegressionTest27" time="0"/>
  <testcase name="test13800" classname="RegressionTest27" time="0"/>
  <testcase name="test13801" classname="RegressionTest27" time="0"/>
  <testcase name="test13802" classname="RegressionTest27" time="0.001"/>
  <testcase name="test13803" classname="RegressionTest27" time="0"/>
  <testcase name="test13804" classname="RegressionTest27" time="0"/>
  <testcase name="test13805" classname="RegressionTest27" time="0"/>
  <testcase name="test13806" classname="RegressionTest27" time="0"/>
  <testcase name="test13807" classname="RegressionTest27" time="0"/>
  <testcase name="test13808" classname="RegressionTest27" time="0"/>
  <testcase name="test13809" classname="RegressionTest27" time="0"/>
  <testcase name="test13810" classname="RegressionTest27" time="0"/>
  <testcase name="test13811" classname="RegressionTest27" time="0"/>
  <testcase name="test13812" classname="RegressionTest27" time="0"/>
  <testcase name="test13813" classname="RegressionTest27" time="0"/>
  <testcase name="test13814" classname="RegressionTest27" time="0"/>
  <testcase name="test13815" classname="RegressionTest27" time="0"/>
  <testcase name="test13816" classname="RegressionTest27" time="0"/>
  <testcase name="test13817" classname="RegressionTest27" time="0"/>
  <testcase name="test13818" classname="RegressionTest27" time="0"/>
  <testcase name="test13819" classname="RegressionTest27" time="0"/>
  <testcase name="test13820" classname="RegressionTest27" time="0"/>
  <testcase name="test13821" classname="RegressionTest27" time="0"/>
  <testcase name="test13822" classname="RegressionTest27" time="0">
    <failure message="&apos;true&apos; != &apos;false&apos; expected:&lt;true&gt; but was:&lt;false&gt;" type="java.lang.AssertionError"><![CDATA[java.lang.AssertionError: 'true' != 'false' expected:<true> but was:<false>
	at RegressionTest27.test13822(RegressionTest27.java:2583)
]]></failure>
  </testcase>
  <testcase name="test13823" classname="RegressionTest27" time="0"/>
  <testcase name="test13824" classname="RegressionTest27" time="0"/>
  <testcase name="test13825" classname="RegressionTest27" time="0"/>
  <testcase name="test13826" classname="RegressionTest27" time="0"/>
  <testcase name="test13827" classname="RegressionTest27" time="0"/>
  <testcase name="test13828" classname="RegressionTest27" time="0"/>
  <testcase name="test13829" classname="RegressionTest27" time="0"/>
  <testcase name="test13830" classname="RegressionTest27" time="0"/>
  <testcase name="test13831" classname="RegressionTest27" time="0"/>
  <testcase name="test13832" classname="RegressionTest27" time="0"/>
  <testcase name="test13833" classname="RegressionTest27" time="0"/>
  <testcase name="test13834" classname="RegressionTest27" time="0"/>
  <testcase name="test13835" classname="RegressionTest27" time="0"/>
  <testcase name="test13836" classname="RegressionTest27" time="0"/>
  <testcase name="test13837" classname="RegressionTest27" time="0"/>
  <testcase name="test13838" classname="RegressionTest27" time="0"/>
  <testcase name="test13839" classname="RegressionTest27" time="0">
    <failure message="&apos;true&apos; != &apos;false&apos; expected:&lt;true&gt; but was:&lt;false&gt;" type="java.lang.AssertionError"><![CDATA[java.lang.AssertionError: 'true' != 'false' expected:<true> but was:<false>
	at RegressionTest27.test13839(RegressionTest27.java:2719)
]]></failure>
  </testcase>
  <testcase name="test13840" classname="RegressionTest27" time="0">
    <failure message="&apos;true&apos; != &apos;false&apos; expected:&lt;true&gt; but was:&lt;false&gt;" type="java.lang.AssertionError"><![CDATA[java.lang.AssertionError: 'true' != 'false' expected:<true> but was:<false>
	at RegressionTest27.test13840(RegressionTest27.java:2727)
]]></failure>
  </testcase>
  <testcase name="test13841" classname="RegressionTest27" time="0"/>
  <testcase name="test13842" classname="RegressionTest27" time="0"/>
  <testcase name="test13843" classname="RegressionTest27" time="0"/>
  <testcase name="test13844" classname="RegressionTest27" time="0"/>
  <testcase name="test13845" classname="RegressionTest27" time="0"/>
  <testcase name="test13846" classname="RegressionTest27" time="0.001">
    <failure message="&apos;true&apos; != &apos;false&apos; expected:&lt;true&gt; but was:&lt;false&gt;" type="java.lang.AssertionError"><![CDATA[java.lang.AssertionError: 'true' != 'false' expected:<true> but was:<false>
	at RegressionTest27.test13846(RegressionTest27.java:2775)
]]></failure>
  </testcase>
  <testcase name="test13847" classname="RegressionTest27" time="0"/>
  <testcase name="test13848" classname="RegressionTest27" time="0"/>
  <testcase name="test13849" classname="RegressionTest27" time="0"/>
  <testcase name="test13850" classname="RegressionTest27" time="0"/>
  <testcase name="test13851" classname="RegressionTest27" time="0"/>
  <testcase name="test13852" classname="RegressionTest27" time="0"/>
  <testcase name="test13853" classname="RegressionTest27" time="0"/>
  <testcase name="test13854" classname="RegressionTest27" time="0"/>
  <testcase name="test13855" classname="RegressionTest27" time="0"/>
  <testcase name="test13856" classname="RegressionTest27" time="0"/>
  <testcase name="test13857" classname="RegressionTest27" time="0"/>
  <testcase name="test13858" classname="RegressionTest27" time="0"/>
  <testcase name="test13859" classname="RegressionTest27" time="0"/>
  <testcase name="test13860" classname="RegressionTest27" time="0"/>
  <testcase name="test13861" classname="RegressionTest27" time="0"/>
  <testcase name="test13862" classname="RegressionTest27" time="0"/>
  <testcase name="test13863" classname="RegressionTest27" time="0"/>
  <testcase name="test13864" classname="RegressionTest27" time="0"/>
  <testcase name="test13865" classname="RegressionTest27" time="0"/>
  <testcase name="test13866" classname="RegressionTest27" time="0"/>
  <testcase name="test13867" classname="RegressionTest27" time="0"/>
  <testcase name="test13868" classname="RegressionTest27" time="0"/>
  <testcase name="test13869" classname="RegressionTest27" time="0"/>
  <testcase name="test13870" classname="RegressionTest27" time="0"/>
  <testcase name="test13871" classname="RegressionTest27" time="0"/>
  <testcase name="test13872" classname="RegressionTest27" time="0"/>
  <testcase name="test13873" classname="RegressionTest27" time="0"/>
  <testcase name="test13874" classname="RegressionTest27" time="0"/>
  <testcase name="test13875" classname="RegressionTest27" time="0"/>
  <testcase name="test13876" classname="RegressionTest27" time="0"/>
  <testcase name="test13877" classname="RegressionTest27" time="0"/>
  <testcase name="test13878" classname="RegressionTest27" time="0"/>
  <testcase name="test13879" classname="RegressionTest27" time="0"/>
  <testcase name="test13880" classname="RegressionTest27" time="0"/>
  <testcase name="test13881" classname="RegressionTest27" time="0"/>
  <testcase name="test13882" classname="RegressionTest27" time="0"/>
  <testcase name="test13883" classname="RegressionTest27" time="0"/>
  <testcase name="test13884" classname="RegressionTest27" time="0">
    <failure message="&apos;true&apos; != &apos;false&apos; expected:&lt;true&gt; but was:&lt;false&gt;" type="java.lang.AssertionError"><![CDATA[java.lang.AssertionError: 'true' != 'false' expected:<true> but was:<false>
	at RegressionTest27.test13884(RegressionTest27.java:3079)
]]></failure>
  </testcase>
  <testcase name="test13885" classname="RegressionTest27" time="0"/>
  <testcase name="test13886" classname="RegressionTest27" time="0"/>
  <testcase name="test13887" classname="RegressionTest27" time="0"/>
  <testcase name="test13888" classname="RegressionTest27" time="0"/>
  <testcase name="test13889" classname="RegressionTest27" time="0"/>
  <testcase name="test13890" classname="RegressionTest27" time="0"/>
  <testcase name="test13891" classname="RegressionTest27" time="0"/>
  <testcase name="test13892" classname="RegressionTest27" time="0"/>
  <testcase name="test13893" classname="RegressionTest27" time="0"/>
  <testcase name="test13894" classname="RegressionTest27" time="0"/>
  <testcase name="test13895" classname="RegressionTest27" time="0"/>
  <testcase name="test13896" classname="RegressionTest27" time="0"/>
  <testcase name="test13897" classname="RegressionTest27" time="0"/>
  <testcase name="test13898" classname="RegressionTest27" time="0"/>
  <testcase name="test13899" classname="RegressionTest27" time="0"/>
  <testcase name="test13900" classname="RegressionTest27" time="0"/>
  <testcase name="test13901" classname="RegressionTest27" time="0.001"/>
  <testcase name="test13902" classname="RegressionTest27" time="0"/>
  <testcase name="test13903" classname="RegressionTest27" time="0"/>
  <testcase name="test13904" classname="RegressionTest27" time="0"/>
  <testcase name="test13905" classname="RegressionTest27" time="0"/>
  <testcase name="test13906" classname="RegressionTest27" time="0"/>
  <testcase name="test13907" classname="RegressionTest27" time="0"/>
  <testcase name="test13908" classname="RegressionTest27" time="0"/>
  <testcase name="test13909" classname="RegressionTest27" time="0"/>
  <testcase name="test13910" classname="RegressionTest27" time="0"/>
  <testcase name="test13911" classname="RegressionTest27" time="0"/>
  <testcase name="test13912" classname="RegressionTest27" time="0"/>
  <testcase name="test13913" classname="RegressionTest27" time="0">
    <failure message="&apos;true&apos; != &apos;false&apos; expected:&lt;true&gt; but was:&lt;false&gt;" type="java.lang.AssertionError"><![CDATA[java.lang.AssertionError: 'true' != 'false' expected:<true> but was:<false>
	at RegressionTest27.test13913(RegressionTest27.java:3311)
]]></failure>
  </testcase>
  <testcase name="test13914" classname="RegressionTest27" time="0"/>
  <testcase name="test13915" classname="RegressionTest27" time="0"/>
  <testcase name="test13916" classname="RegressionTest27" time="0"/>
  <testcase name="test13917" classname="RegressionTest27" time="0"/>
  <testcase name="test13918" classname="RegressionTest27" time="0"/>
  <testcase name="test13919" classname="RegressionTest27" time="0"/>
  <testcase name="test13920" classname="RegressionTest27" time="0"/>
  <testcase name="test13921" classname="RegressionTest27" time="0"/>
  <testcase name="test13922" classname="RegressionTest27" time="0"/>
  <testcase name="test13923" classname="RegressionTest27" time="0"/>
  <testcase name="test13924" classname="RegressionTest27" time="0"/>
  <testcase name="test13925" classname="RegressionTest27" time="0"/>
  <testcase name="test13926" classname="RegressionTest27" time="0"/>
  <testcase name="test13927" classname="RegressionTest27" time="0"/>
  <testcase name="test13928" classname="RegressionTest27" time="0"/>
  <testcase name="test13929" classname="RegressionTest27" time="0"/>
  <testcase name="test13930" classname="RegressionTest27" time="0"/>
  <testcase name="test13931" classname="RegressionTest27" time="0"/>
  <testcase name="test13932" classname="RegressionTest27" time="0"/>
  <testcase name="test13933" classname="RegressionTest27" time="0"/>
  <testcase name="test13934" classname="RegressionTest27" time="0"/>
  <testcase name="test13935" classname="RegressionTest27" time="0"/>
  <testcase name="test13936" classname="RegressionTest27" time="0"/>
  <testcase name="test13937" classname="RegressionTest27" time="0"/>
  <testcase name="test13938" classname="RegressionTest27" time="0"/>
  <testcase name="test13939" classname="RegressionTest27" time="0"/>
  <testcase name="test13940" classname="RegressionTest27" time="0"/>
  <testcase name="test13941" classname="RegressionTest27" time="0">
    <failure message="&apos;true&apos; != &apos;false&apos; expected:&lt;true&gt; but was:&lt;false&gt;" type="java.lang.AssertionError"><![CDATA[java.lang.AssertionError: 'true' != 'false' expected:<true> but was:<false>
	at RegressionTest27.test13941(RegressionTest27.java:3535)
]]></failure>
  </testcase>
  <testcase name="test13942" classname="RegressionTest27" time="0"/>
  <testcase name="test13943" classname="RegressionTest27" time="0"/>
  <testcase name="test13944" classname="RegressionTest27" time="0"/>
  <testcase name="test13945" classname="RegressionTest27" time="0"/>
  <testcase name="test13946" classname="RegressionTest27" time="0"/>
  <testcase name="test13947" classname="RegressionTest27" time="0">
    <failure message="&apos;true&apos; != &apos;false&apos; expected:&lt;true&gt; but was:&lt;false&gt;" type="java.lang.AssertionError"><![CDATA[java.lang.AssertionError: 'true' != 'false' expected:<true> but was:<false>
	at RegressionTest27.test13947(RegressionTest27.java:3583)
]]></failure>
  </testcase>
  <testcase name="test13948" classname="RegressionTest27" time="0"/>
  <testcase name="test13949" classname="RegressionTest27" time="0"/>
  <testcase name="test13950" classname="RegressionTest27" time="0"/>
  <testcase name="test13951" classname="RegressionTest27" time="0"/>
  <testcase name="test13952" classname="RegressionTest27" time="0"/>
  <testcase name="test13953" classname="RegressionTest27" time="0"/>
  <testcase name="test13954" classname="RegressionTest27" time="0"/>
  <testcase name="test13955" classname="RegressionTest27" time="0"/>
  <testcase name="test13956" classname="RegressionTest27" time="0"/>
  <testcase name="test13957" classname="RegressionTest27" time="0"/>
  <testcase name="test13958" classname="RegressionTest27" time="0">
    <failure message="&apos;true&apos; != &apos;false&apos; expected:&lt;true&gt; but was:&lt;false&gt;" type="java.lang.AssertionError"><![CDATA[java.lang.AssertionError: 'true' != 'false' expected:<true> but was:<false>
	at RegressionTest27.test13958(RegressionTest27.java:3671)
]]></failure>
  </testcase>
  <testcase name="test13959" classname="RegressionTest27" time="0"/>
  <testcase name="test13960" classname="RegressionTest27" time="0">
    <failure message="&apos;true&apos; != &apos;false&apos; expected:&lt;true&gt; but was:&lt;false&gt;" type="java.lang.AssertionError"><![CDATA[java.lang.AssertionError: 'true' != 'false' expected:<true> but was:<false>
	at RegressionTest27.test13960(RegressionTest27.java:3687)
]]></failure>
  </testcase>
  <testcase name="test13961" classname="RegressionTest27" time="0"/>
  <testcase name="test13962" classname="RegressionTest27" time="0"/>
  <testcase name="test13963" classname="RegressionTest27" time="0"/>
  <testcase name="test13964" classname="RegressionTest27" time="0"/>
  <testcase name="test13965" classname="RegressionTest27" time="0"/>
  <testcase name="test13966" classname="RegressionTest27" time="0"/>
  <testcase name="test13967" classname="RegressionTest27" time="0"/>
  <testcase name="test13968" classname="RegressionTest27" time="0"/>
  <testcase name="test13969" classname="RegressionTest27" time="0"/>
  <testcase name="test13970" classname="RegressionTest27" time="0"/>
  <testcase name="test13971" classname="RegressionTest27" time="0">
    <failure message="&apos;true&apos; != &apos;false&apos; expected:&lt;true&gt; but was:&lt;false&gt;" type="java.lang.AssertionError"><![CDATA[java.lang.AssertionError: 'true' != 'false' expected:<true> but was:<false>
	at RegressionTest27.test13971(RegressionTest27.java:3775)
]]></failure>
  </testcase>
  <testcase name="test13972" classname="RegressionTest27" time="0">
    <failure message="&apos;true&apos; != &apos;false&apos; expected:&lt;true&gt; but was:&lt;false&gt;" type="java.lang.AssertionError"><![CDATA[java.lang.AssertionError: 'true' != 'false' expected:<true> but was:<false>
	at RegressionTest27.test13972(RegressionTest27.java:3783)
]]></failure>
  </testcase>
  <testcase name="test13973" classname="RegressionTest27" time="0"/>
  <testcase name="test13974" classname="RegressionTest27" time="0"/>
  <testcase name="test13975" classname="RegressionTest27" time="0"/>
  <testcase name="test13976" classname="RegressionTest27" time="0.001"/>
  <testcase name="test13977" classname="RegressionTest27" time="0"/>
  <testcase name="test13978" classname="RegressionTest27" time="0"/>
  <testcase name="test13979" classname="RegressionTest27" time="0"/>
  <testcase name="test13980" classname="RegressionTest27" time="0">
    <failure message="&apos;true&apos; != &apos;false&apos; expected:&lt;true&gt; but was:&lt;false&gt;" type="java.lang.AssertionError"><![CDATA[java.lang.AssertionError: 'true' != 'false' expected:<true> but was:<false>
	at RegressionTest27.test13980(RegressionTest27.java:3847)
]]></failure>
  </testcase>
  <testcase name="test13981" classname="RegressionTest27" time="0"/>
  <testcase name="test13982" classname="RegressionTest27" time="0"/>
  <testcase name="test13983" classname="RegressionTest27" time="0"/>
  <testcase name="test13984" classname="RegressionTest27" time="0"/>
  <testcase name="test13985" classname="RegressionTest27" time="0"/>
  <testcase name="test13986" classname="RegressionTest27" time="0">
    <failure message="&apos;true&apos; != &apos;false&apos; expected:&lt;true&gt; but was:&lt;false&gt;" type="java.lang.AssertionError"><![CDATA[java.lang.AssertionError: 'true' != 'false' expected:<true> but was:<false>
	at RegressionTest27.test13986(RegressionTest27.java:3895)
]]></failure>
  </testcase>
  <testcase name="test13987" classname="RegressionTest27" time="0"/>
  <testcase name="test13988" classname="RegressionTest27" time="0"/>
  <testcase name="test13989" classname="RegressionTest27" time="0"/>
  <testcase name="test13990" classname="RegressionTest27" time="0">
    <failure message="&apos;true&apos; != &apos;false&apos; expected:&lt;true&gt; but was:&lt;false&gt;" type="java.lang.AssertionError"><![CDATA[java.lang.AssertionError: 'true' != 'false' expected:<true> but was:<false>
	at RegressionTest27.test13990(RegressionTest27.java:3927)
]]></failure>
  </testcase>
  <testcase name="test13991" classname="RegressionTest27" time="0"/>
  <testcase name="test13992" classname="RegressionTest27" time="0"/>
  <testcase name="test13993" classname="RegressionTest27" time="0"/>
  <testcase name="test13994" classname="RegressionTest27" time="0"/>
  <testcase name="test13995" classname="RegressionTest27" time="0"/>
  <testcase name="test13996" classname="RegressionTest27" time="0"/>
  <testcase name="test13997" classname="RegressionTest27" time="0"/>
  <testcase name="test13998" classname="RegressionTest27" time="0"/>
  <testcase name="test13999" classname="RegressionTest27" time="0"/>
  <testcase name="test14000" classname="RegressionTest27" time="0"/>
  <testcase name="test14001" classname="RegressionTest28" time="0"/>
  <testcase name="test14002" classname="RegressionTest28" time="0"/>
  <testcase name="test14003" classname="RegressionTest28" time="0"/>
  <testcase name="test14004" classname="RegressionTest28" time="0"/>
  <testcase name="test14005" classname="RegressionTest28" time="0"/>
  <testcase name="test14006" classname="RegressionTest28" time="0"/>
  <testcase name="test14007" classname="RegressionTest28" time="0"/>
  <testcase name="test14008" classname="RegressionTest28" time="0"/>
  <testcase name="test14009" classname="RegressionTest28" time="0"/>
  <testcase name="test14010" classname="RegressionTest28" time="0"/>
  <testcase name="test14011" classname="RegressionTest28" time="0"/>
  <testcase name="test14012" classname="RegressionTest28" time="0"/>
  <testcase name="test14013" classname="RegressionTest28" time="0"/>
  <testcase name="test14014" classname="RegressionTest28" time="0"/>
  <testcase name="test14015" classname="RegressionTest28" time="0">
    <failure message="&apos;true&apos; != &apos;false&apos; expected:&lt;true&gt; but was:&lt;false&gt;" type="java.lang.AssertionError"><![CDATA[java.lang.AssertionError: 'true' != 'false' expected:<true> but was:<false>
	at RegressionTest28.test14015(RegressionTest28.java:127)
]]></failure>
  </testcase>
  <testcase name="test14016" classname="RegressionTest28" time="0"/>
  <testcase name="test14017" classname="RegressionTest28" time="0"/>
  <testcase name="test14018" classname="RegressionTest28" time="0"/>
  <testcase name="test14019" classname="RegressionTest28" time="0"/>
  <testcase name="test14020" classname="RegressionTest28" time="0"/>
  <testcase name="test14021" classname="RegressionTest28" time="0.001"/>
  <testcase name="test14022" classname="RegressionTest28" time="0">
    <failure message="&apos;true&apos; != &apos;false&apos; expected:&lt;true&gt; but was:&lt;false&gt;" type="java.lang.AssertionError"><![CDATA[java.lang.AssertionError: 'true' != 'false' expected:<true> but was:<false>
	at RegressionTest28.test14022(RegressionTest28.java:183)
]]></failure>
  </testcase>
  <testcase name="test14023" classname="RegressionTest28" time="0"/>
  <testcase name="test14024" classname="RegressionTest28" time="0"/>
  <testcase name="test14025" classname="RegressionTest28" time="0"/>
  <testcase name="test14026" classname="RegressionTest28" time="0"/>
  <testcase name="test14027" classname="RegressionTest28" time="0"/>
  <testcase name="test14028" classname="RegressionTest28" time="0"/>
  <testcase name="test14029" classname="RegressionTest28" time="0"/>
  <testcase name="test14030" classname="RegressionTest28" time="0"/>
  <testcase name="test14031" classname="RegressionTest28" time="0"/>
  <testcase name="test14032" classname="RegressionTest28" time="0"/>
  <testcase name="test14033" classname="RegressionTest28" time="0"/>
  <testcase name="test14034" classname="RegressionTest28" time="0"/>
  <testcase name="test14035" classname="RegressionTest28" time="0"/>
  <testcase name="test14036" classname="RegressionTest28" time="0"/>
  <testcase name="test14037" classname="RegressionTest28" time="0">
    <failure message="&apos;true&apos; != &apos;false&apos; expected:&lt;true&gt; but was:&lt;false&gt;" type="java.lang.AssertionError"><![CDATA[java.lang.AssertionError: 'true' != 'false' expected:<true> but was:<false>
	at RegressionTest28.test14037(RegressionTest28.java:303)
]]></failure>
  </testcase>
  <testcase name="test14038" classname="RegressionTest28" time="0"/>
  <testcase name="test14039" classname="RegressionTest28" time="0"/>
  <testcase name="test14040" classname="RegressionTest28" time="0"/>
  <testcase name="test14041" classname="RegressionTest28" time="0">
    <failure message="&apos;true&apos; != &apos;false&apos; expected:&lt;true&gt; but was:&lt;false&gt;" type="java.lang.AssertionError"><![CDATA[java.lang.AssertionError: 'true' != 'false' expected:<true> but was:<false>
	at RegressionTest28.test14041(RegressionTest28.java:335)
]]></failure>
  </testcase>
  <testcase name="test14042" classname="RegressionTest28" time="0"/>
  <testcase name="test14043" classname="RegressionTest28" time="0"/>
  <testcase name="test14044" classname="RegressionTest28" time="0"/>
  <testcase name="test14045" classname="RegressionTest28" time="0"/>
  <testcase name="test14046" classname="RegressionTest28" time="0"/>
  <testcase name="test14047" classname="RegressionTest28" time="0"/>
  <testcase name="test14048" classname="RegressionTest28" time="0"/>
  <testcase name="test14049" classname="RegressionTest28" time="0"/>
  <testcase name="test14050" classname="RegressionTest28" time="0">
    <failure message="&apos;true&apos; != &apos;false&apos; expected:&lt;true&gt; but was:&lt;false&gt;" type="java.lang.AssertionError"><![CDATA[java.lang.AssertionError: 'true' != 'false' expected:<true> but was:<false>
	at RegressionTest28.test14050(RegressionTest28.java:407)
]]></failure>
  </testcase>
  <testcase name="test14051" classname="RegressionTest28" time="0"/>
  <testcase name="test14052" classname="RegressionTest28" time="0"/>
  <testcase name="test14053" classname="RegressionTest28" time="0"/>
  <testcase name="test14054" classname="RegressionTest28" time="0"/>
  <testcase name="test14055" classname="RegressionTest28" time="0"/>
  <testcase name="test14056" classname="RegressionTest28" time="0"/>
  <testcase name="test14057" classname="RegressionTest28" time="0"/>
  <testcase name="test14058" classname="RegressionTest28" time="0"/>
  <testcase name="test14059" classname="RegressionTest28" time="0"/>
  <testcase name="test14060" classname="RegressionTest28" time="0"/>
  <testcase name="test14061" classname="RegressionTest28" time="0"/>
  <testcase name="test14062" classname="RegressionTest28" time="0"/>
  <testcase name="test14063" classname="RegressionTest28" time="0"/>
  <testcase name="test14064" classname="RegressionTest28" time="0"/>
  <testcase name="test14065" classname="RegressionTest28" time="0"/>
  <testcase name="test14066" classname="RegressionTest28" time="0"/>
  <testcase name="test14067" classname="RegressionTest28" time="0"/>
  <testcase name="test14068" classname="RegressionTest28" time="0"/>
  <testcase name="test14069" classname="RegressionTest28" time="0"/>
  <testcase name="test14070" classname="RegressionTest28" time="0"/>
  <testcase name="test14071" classname="RegressionTest28" time="0"/>
  <testcase name="test14072" classname="RegressionTest28" time="0"/>
  <testcase name="test14073" classname="RegressionTest28" time="0"/>
  <testcase name="test14074" classname="RegressionTest28" time="0">
    <failure message="&apos;true&apos; != &apos;false&apos; expected:&lt;true&gt; but was:&lt;false&gt;" type="java.lang.AssertionError"><![CDATA[java.lang.AssertionError: 'true' != 'false' expected:<true> but was:<false>
	at RegressionTest28.test14074(RegressionTest28.java:599)
]]></failure>
  </testcase>
  <testcase name="test14075" classname="RegressionTest28" time="0"/>
  <testcase name="test14076" classname="RegressionTest28" time="0"/>
  <testcase name="test14077" classname="RegressionTest28" time="0"/>
  <testcase name="test14078" classname="RegressionTest28" time="0"/>
  <testcase name="test14079" classname="RegressionTest28" time="0"/>
  <testcase name="test14080" classname="RegressionTest28" time="0">
    <failure message="&apos;true&apos; != &apos;false&apos; expected:&lt;true&gt; but was:&lt;false&gt;" type="java.lang.AssertionError"><![CDATA[java.lang.AssertionError: 'true' != 'false' expected:<true> but was:<false>
	at RegressionTest28.test14080(RegressionTest28.java:647)
]]></failure>
  </testcase>
  <testcase name="test14081" classname="RegressionTest28" time="0"/>
  <testcase name="test14082" classname="RegressionTest28" time="0"/>
  <testcase name="test14083" classname="RegressionTest28" time="0"/>
  <testcase name="test14084" classname="RegressionTest28" time="0"/>
  <testcase name="test14085" classname="RegressionTest28" time="0"/>
  <testcase name="test14086" classname="RegressionTest28" time="0"/>
  <testcase name="test14087" classname="RegressionTest28" time="0"/>
  <testcase name="test14088" classname="RegressionTest28" time="0"/>
  <testcase name="test14089" classname="RegressionTest28" time="0">
    <failure message="&apos;true&apos; != &apos;false&apos; expected:&lt;true&gt; but was:&lt;false&gt;" type="java.lang.AssertionError"><![CDATA[java.lang.AssertionError: 'true' != 'false' expected:<true> but was:<false>
	at RegressionTest28.test14089(RegressionTest28.java:719)
]]></failure>
  </testcase>
  <testcase name="test14090" classname="RegressionTest28" time="0"/>
  <testcase name="test14091" classname="RegressionTest28" time="0"/>
  <testcase name="test14092" classname="RegressionTest28" time="0"/>
  <testcase name="test14093" classname="RegressionTest28" time="0"/>
  <testcase name="test14094" classname="RegressionTest28" time="0"/>
  <testcase name="test14095" classname="RegressionTest28" time="0"/>
  <testcase name="test14096" classname="RegressionTest28" time="0"/>
  <testcase name="test14097" classname="RegressionTest28" time="0"/>
  <testcase name="test14098" classname="RegressionTest28" time="0"/>
  <testcase name="test14099" classname="RegressionTest28" time="0"/>
  <testcase name="test14100" classname="RegressionTest28" time="0"/>
  <testcase name="test14101" classname="RegressionTest28" time="0"/>
  <testcase name="test14102" classname="RegressionTest28" time="0"/>
  <testcase name="test14103" classname="RegressionTest28" time="0"/>
  <testcase name="test14104" classname="RegressionTest28" time="0"/>
  <testcase name="test14105" classname="RegressionTest28" time="0"/>
  <testcase name="test14106" classname="RegressionTest28" time="0"/>
  <testcase name="test14107" classname="RegressionTest28" time="0"/>
  <testcase name="test14108" classname="RegressionTest28" time="0"/>
  <testcase name="test14109" classname="RegressionTest28" time="0"/>
  <testcase name="test14110" classname="RegressionTest28" time="0"/>
  <testcase name="test14111" classname="RegressionTest28" time="0"/>
  <testcase name="test14112" classname="RegressionTest28" time="0"/>
  <testcase name="test14113" classname="RegressionTest28" time="0"/>
  <testcase name="test14114" classname="RegressionTest28" time="0"/>
  <testcase name="test14115" classname="RegressionTest28" time="0"/>
  <testcase name="test14116" classname="RegressionTest28" time="0"/>
  <testcase name="test14117" classname="RegressionTest28" time="0"/>
  <testcase name="test14118" classname="RegressionTest28" time="0"/>
  <testcase name="test14119" classname="RegressionTest28" time="0"/>
  <testcase name="test14120" classname="RegressionTest28" time="0.001"/>
  <testcase name="test14121" classname="RegressionTest28" time="0"/>
  <testcase name="test14122" classname="RegressionTest28" time="0"/>
  <testcase name="test14123" classname="RegressionTest28" time="0"/>
  <testcase name="test14124" classname="RegressionTest28" time="0"/>
  <testcase name="test14125" classname="RegressionTest28" time="0"/>
  <testcase name="test14126" classname="RegressionTest28" time="0"/>
  <testcase name="test14127" classname="RegressionTest28" time="0"/>
  <testcase name="test14128" classname="RegressionTest28" time="0"/>
  <testcase name="test14129" classname="RegressionTest28" time="0"/>
  <testcase name="test14130" classname="RegressionTest28" time="0">
    <failure message="&apos;true&apos; != &apos;false&apos; expected:&lt;true&gt; but was:&lt;false&gt;" type="java.lang.AssertionError"><![CDATA[java.lang.AssertionError: 'true' != 'false' expected:<true> but was:<false>
	at RegressionTest28.test14130(RegressionTest28.java:1047)
]]></failure>
  </testcase>
  <testcase name="test14131" classname="RegressionTest28" time="0"/>
  <testcase name="test14132" classname="RegressionTest28" time="0"/>
  <testcase name="test14133" classname="RegressionTest28" time="0"/>
  <testcase name="test14134" classname="RegressionTest28" time="0"/>
  <testcase name="test14135" classname="RegressionTest28" time="0"/>
  <testcase name="test14136" classname="RegressionTest28" time="0"/>
  <testcase name="test14137" classname="RegressionTest28" time="0"/>
  <testcase name="test14138" classname="RegressionTest28" time="0"/>
  <testcase name="test14139" classname="RegressionTest28" time="0"/>
  <testcase name="test14140" classname="RegressionTest28" time="0"/>
  <testcase name="test14141" classname="RegressionTest28" time="0"/>
  <testcase name="test14142" classname="RegressionTest28" time="0"/>
  <testcase name="test14143" classname="RegressionTest28" time="0"/>
  <testcase name="test14144" classname="RegressionTest28" time="0"/>
  <testcase name="test14145" classname="RegressionTest28" time="0"/>
  <testcase name="test14146" classname="RegressionTest28" time="0"/>
  <testcase name="test14147" classname="RegressionTest28" time="0"/>
  <testcase name="test14148" classname="RegressionTest28" time="0"/>
  <testcase name="test14149" classname="RegressionTest28" time="0"/>
  <testcase name="test14150" classname="RegressionTest28" time="0"/>
  <testcase name="test14151" classname="RegressionTest28" time="0">
    <failure message="&apos;true&apos; != &apos;false&apos; expected:&lt;true&gt; but was:&lt;false&gt;" type="java.lang.AssertionError"><![CDATA[java.lang.AssertionError: 'true' != 'false' expected:<true> but was:<false>
	at RegressionTest28.test14151(RegressionTest28.java:1215)
]]></failure>
  </testcase>
  <testcase name="test14152" classname="RegressionTest28" time="0"/>
  <testcase name="test14153" classname="RegressionTest28" time="0"/>
  <testcase name="test14154" classname="RegressionTest28" time="0"/>
  <testcase name="test14155" classname="RegressionTest28" time="0"/>
  <testcase name="test14156" classname="RegressionTest28" time="0"/>
  <testcase name="test14157" classname="RegressionTest28" time="0"/>
  <testcase name="test14158" classname="RegressionTest28" time="0"/>
  <testcase name="test14159" classname="RegressionTest28" time="0"/>
  <testcase name="test14160" classname="RegressionTest28" time="0"/>
  <testcase name="test14161" classname="RegressionTest28" time="0"/>
  <testcase name="test14162" classname="RegressionTest28" time="0"/>
  <testcase name="test14163" classname="RegressionTest28" time="0"/>
  <testcase name="test14164" classname="RegressionTest28" time="0"/>
  <testcase name="test14165" classname="RegressionTest28" time="0"/>
  <testcase name="test14166" classname="RegressionTest28" time="0"/>
  <testcase name="test14167" classname="RegressionTest28" time="0"/>
  <testcase name="test14168" classname="RegressionTest28" time="0"/>
  <testcase name="test14169" classname="RegressionTest28" time="0"/>
  <testcase name="test14170" classname="RegressionTest28" time="0"/>
  <testcase name="test14171" classname="RegressionTest28" time="0"/>
  <testcase name="test14172" classname="RegressionTest28" time="0"/>
  <testcase name="test14173" classname="RegressionTest28" time="0"/>
  <testcase name="test14174" classname="RegressionTest28" time="0.001"/>
  <testcase name="test14175" classname="RegressionTest28" time="0"/>
  <testcase name="test14176" classname="RegressionTest28" time="0"/>
  <testcase name="test14177" classname="RegressionTest28" time="0"/>
  <testcase name="test14178" classname="RegressionTest28" time="0"/>
  <testcase name="test14179" classname="RegressionTest28" time="0"/>
  <testcase name="test14180" classname="RegressionTest28" time="0"/>
  <testcase name="test14181" classname="RegressionTest28" time="0"/>
  <testcase name="test14182" classname="RegressionTest28" time="0"/>
  <testcase name="test14183" classname="RegressionTest28" time="0"/>
  <testcase name="test14184" classname="RegressionTest28" time="0"/>
  <testcase name="test14185" classname="RegressionTest28" time="0"/>
  <testcase name="test14186" classname="RegressionTest28" time="0"/>
  <testcase name="test14187" classname="RegressionTest28" time="0"/>
  <testcase name="test14188" classname="RegressionTest28" time="0"/>
  <testcase name="test14189" classname="RegressionTest28" time="0"/>
  <testcase name="test14190" classname="RegressionTest28" time="0"/>
  <testcase name="test14191" classname="RegressionTest28" time="0"/>
  <testcase name="test14192" classname="RegressionTest28" time="0"/>
  <testcase name="test14193" classname="RegressionTest28" time="0"/>
  <testcase name="test14194" classname="RegressionTest28" time="0"/>
  <testcase name="test14195" classname="RegressionTest28" time="0"/>
  <testcase name="test14196" classname="RegressionTest28" time="0">
    <failure message="&apos;true&apos; != &apos;false&apos; expected:&lt;true&gt; but was:&lt;false&gt;" type="java.lang.AssertionError"><![CDATA[java.lang.AssertionError: 'true' != 'false' expected:<true> but was:<false>
	at RegressionTest28.test14196(RegressionTest28.java:1575)
]]></failure>
  </testcase>
  <testcase name="test14197" classname="RegressionTest28" time="0"/>
  <testcase name="test14198" classname="RegressionTest28" time="0"/>
  <testcase name="test14199" classname="RegressionTest28" time="0"/>
  <testcase name="test14200" classname="RegressionTest28" time="0"/>
  <testcase name="test14201" classname="RegressionTest28" time="0"/>
  <testcase name="test14202" classname="RegressionTest28" time="0"/>
  <testcase name="test14203" classname="RegressionTest28" time="0"/>
  <testcase name="test14204" classname="RegressionTest28" time="0"/>
  <testcase name="test14205" classname="RegressionTest28" time="0"/>
  <testcase name="test14206" classname="RegressionTest28" time="0"/>
  <testcase name="test14207" classname="RegressionTest28" time="0"/>
  <testcase name="test14208" classname="RegressionTest28" time="0"/>
  <testcase name="test14209" classname="RegressionTest28" time="0">
    <failure message="&apos;true&apos; != &apos;false&apos; expected:&lt;true&gt; but was:&lt;false&gt;" type="java.lang.AssertionError"><![CDATA[java.lang.AssertionError: 'true' != 'false' expected:<true> but was:<false>
	at RegressionTest28.test14209(RegressionTest28.java:1679)
]]></failure>
  </testcase>
  <testcase name="test14210" classname="RegressionTest28" time="0"/>
  <testcase name="test14211" classname="RegressionTest28" time="0"/>
  <testcase name="test14212" classname="RegressionTest28" time="0"/>
  <testcase name="test14213" classname="RegressionTest28" time="0"/>
  <testcase name="test14214" classname="RegressionTest28" time="0"/>
  <testcase name="test14215" classname="RegressionTest28" time="0"/>
  <testcase name="test14216" classname="RegressionTest28" time="0"/>
  <testcase name="test14217" classname="RegressionTest28" time="0"/>
  <testcase name="test14218" classname="RegressionTest28" time="0"/>
  <testcase name="test14219" classname="RegressionTest28" time="0"/>
  <testcase name="test14220" classname="RegressionTest28" time="0"/>
  <testcase name="test14221" classname="RegressionTest28" time="0"/>
  <testcase name="test14222" classname="RegressionTest28" time="0"/>
  <testcase name="test14223" classname="RegressionTest28" time="0"/>
  <testcase name="test14224" classname="RegressionTest28" time="0"/>
  <testcase name="test14225" classname="RegressionTest28" time="0"/>
  <testcase name="test14226" classname="RegressionTest28" time="0"/>
  <testcase name="test14227" classname="RegressionTest28" time="0.001">
    <failure message="&apos;true&apos; != &apos;false&apos; expected:&lt;true&gt; but was:&lt;false&gt;" type="java.lang.AssertionError"><![CDATA[java.lang.AssertionError: 'true' != 'false' expected:<true> but was:<false>
	at RegressionTest28.test14227(RegressionTest28.java:1823)
]]></failure>
  </testcase>
  <testcase name="test14228" classname="RegressionTest28" time="0"/>
  <testcase name="test14229" classname="RegressionTest28" time="0"/>
  <testcase name="test14230" classname="RegressionTest28" time="0"/>
  <testcase name="test14231" classname="RegressionTest28" time="0"/>
  <testcase name="test14232" classname="RegressionTest28" time="0"/>
  <testcase name="test14233" classname="RegressionTest28" time="0"/>
  <testcase name="test14234" classname="RegressionTest28" time="0"/>
  <testcase name="test14235" classname="RegressionTest28" time="0"/>
  <testcase name="test14236" classname="RegressionTest28" time="0"/>
  <testcase name="test14237" classname="RegressionTest28" time="0"/>
  <testcase name="test14238" classname="RegressionTest28" time="0"/>
  <testcase name="test14239" classname="RegressionTest28" time="0"/>
  <testcase name="test14240" classname="RegressionTest28" time="0"/>
  <testcase name="test14241" classname="RegressionTest28" time="0"/>
  <testcase name="test14242" classname="RegressionTest28" time="0"/>
  <testcase name="test14243" classname="RegressionTest28" time="0"/>
  <testcase name="test14244" classname="RegressionTest28" time="0"/>
  <testcase name="test14245" classname="RegressionTest28" time="0"/>
  <testcase name="test14246" classname="RegressionTest28" time="0"/>
  <testcase name="test14247" classname="RegressionTest28" time="0"/>
  <testcase name="test14248" classname="RegressionTest28" time="0">
    <failure message="&apos;true&apos; != &apos;false&apos; expected:&lt;true&gt; but was:&lt;false&gt;" type="java.lang.AssertionError"><![CDATA[java.lang.AssertionError: 'true' != 'false' expected:<true> but was:<false>
	at RegressionTest28.test14248(RegressionTest28.java:1991)
]]></failure>
  </testcase>
  <testcase name="test14249" classname="RegressionTest28" time="0"/>
  <testcase name="test14250" classname="RegressionTest28" time="0"/>
  <testcase name="test14251" classname="RegressionTest28" time="0"/>
  <testcase name="test14252" classname="RegressionTest28" time="0"/>
  <testcase name="test14253" classname="RegressionTest28" time="0"/>
  <testcase name="test14254" classname="RegressionTest28" time="0"/>
  <testcase name="test14255" classname="RegressionTest28" time="0"/>
  <testcase name="test14256" classname="RegressionTest28" time="0"/>
  <testcase name="test14257" classname="RegressionTest28" time="0"/>
  <testcase name="test14258" classname="RegressionTest28" time="0"/>
  <testcase name="test14259" classname="RegressionTest28" time="0"/>
  <testcase name="test14260" classname="RegressionTest28" time="0"/>
  <testcase name="test14261" classname="RegressionTest28" time="0"/>
  <testcase name="test14262" classname="RegressionTest28" time="0"/>
  <testcase name="test14263" classname="RegressionTest28" time="0"/>
  <testcase name="test14264" classname="RegressionTest28" time="0"/>
  <testcase name="test14265" classname="RegressionTest28" time="0"/>
  <testcase name="test14266" classname="RegressionTest28" time="0"/>
  <testcase name="test14267" classname="RegressionTest28" time="0"/>
  <testcase name="test14268" classname="RegressionTest28" time="0"/>
  <testcase name="test14269" classname="RegressionTest28" time="0"/>
  <testcase name="test14270" classname="RegressionTest28" time="0"/>
  <testcase name="test14271" classname="RegressionTest28" time="0"/>
  <testcase name="test14272" classname="RegressionTest28" time="0">
    <failure message="&apos;true&apos; != &apos;false&apos; expected:&lt;true&gt; but was:&lt;false&gt;" type="java.lang.AssertionError"><![CDATA[java.lang.AssertionError: 'true' != 'false' expected:<true> but was:<false>
	at RegressionTest28.test14272(RegressionTest28.java:2183)
]]></failure>
  </testcase>
  <testcase name="test14273" classname="RegressionTest28" time="0"/>
  <testcase name="test14274" classname="RegressionTest28" time="0">
    <failure message="&apos;true&apos; != &apos;false&apos; expected:&lt;true&gt; but was:&lt;false&gt;" type="java.lang.AssertionError"><![CDATA[java.lang.AssertionError: 'true' != 'false' expected:<true> but was:<false>
	at RegressionTest28.test14274(RegressionTest28.java:2199)
]]></failure>
  </testcase>
  <testcase name="test14275" classname="RegressionTest28" time="0"/>
  <testcase name="test14276" classname="RegressionTest28" time="0"/>
  <testcase name="test14277" classname="RegressionTest28" time="0"/>
  <testcase name="test14278" classname="RegressionTest28" time="0"/>
  <testcase name="test14279" classname="RegressionTest28" time="0"/>
  <testcase name="test14280" classname="RegressionTest28" time="0.001">
    <failure message="&apos;true&apos; != &apos;false&apos; expected:&lt;true&gt; but was:&lt;false&gt;" type="java.lang.AssertionError"><![CDATA[java.lang.AssertionError: 'true' != 'false' expected:<true> but was:<false>
	at RegressionTest28.test14280(RegressionTest28.java:2247)
]]></failure>
  </testcase>
  <testcase name="test14281" classname="RegressionTest28" time="0"/>
  <testcase name="test14282" classname="RegressionTest28" time="0"/>
  <testcase name="test14283" classname="RegressionTest28" time="0"/>
  <testcase name="test14284" classname="RegressionTest28" time="0">
    <failure message="&apos;true&apos; != &apos;false&apos; expected:&lt;true&gt; but was:&lt;false&gt;" type="java.lang.AssertionError"><![CDATA[java.lang.AssertionError: 'true' != 'false' expected:<true> but was:<false>
	at RegressionTest28.test14284(RegressionTest28.java:2279)
]]></failure>
  </testcase>
  <testcase name="test14285" classname="RegressionTest28" time="0"/>
  <testcase name="test14286" classname="RegressionTest28" time="0"/>
  <testcase name="test14287" classname="RegressionTest28" time="0"/>
  <testcase name="test14288" classname="RegressionTest28" time="0"/>
  <testcase name="test14289" classname="RegressionTest28" time="0"/>
  <testcase name="test14290" classname="RegressionTest28" time="0"/>
  <testcase name="test14291" classname="RegressionTest28" time="0"/>
  <testcase name="test14292" classname="RegressionTest28" time="0"/>
  <testcase name="test14293" classname="RegressionTest28" time="0"/>
  <testcase name="test14294" classname="RegressionTest28" time="0"/>
  <testcase name="test14295" classname="RegressionTest28" time="0"/>
  <testcase name="test14296" classname="RegressionTest28" time="0">
    <failure message="&apos;true&apos; != &apos;false&apos; expected:&lt;true&gt; but was:&lt;false&gt;" type="java.lang.AssertionError"><![CDATA[java.lang.AssertionError: 'true' != 'false' expected:<true> but was:<false>
	at RegressionTest28.test14296(RegressionTest28.java:2375)
]]></failure>
  </testcase>
  <testcase name="test14297" classname="RegressionTest28" time="0"/>
  <testcase name="test14298" classname="RegressionTest28" time="0"/>
  <testcase name="test14299" classname="RegressionTest28" time="0"/>
  <testcase name="test14300" classname="RegressionTest28" time="0"/>
  <testcase name="test14301" classname="RegressionTest28" time="0"/>
  <testcase name="test14302" classname="RegressionTest28" time="0"/>
  <testcase name="test14303" classname="RegressionTest28" time="0"/>
  <testcase name="test14304" classname="RegressionTest28" time="0"/>
  <testcase name="test14305" classname="RegressionTest28" time="0"/>
  <testcase name="test14306" classname="RegressionTest28" time="0"/>
  <testcase name="test14307" classname="RegressionTest28" time="0"/>
  <testcase name="test14308" classname="RegressionTest28" time="0"/>
  <testcase name="test14309" classname="RegressionTest28" time="0"/>
  <testcase name="test14310" classname="RegressionTest28" time="0"/>
  <testcase name="test14311" classname="RegressionTest28" time="0"/>
  <testcase name="test14312" classname="RegressionTest28" time="0"/>
  <testcase name="test14313" classname="RegressionTest28" time="0"/>
  <testcase name="test14314" classname="RegressionTest28" time="0"/>
  <testcase name="test14315" classname="RegressionTest28" time="0"/>
  <testcase name="test14316" classname="RegressionTest28" time="0"/>
  <testcase name="test14317" classname="RegressionTest28" time="0"/>
  <testcase name="test14318" classname="RegressionTest28" time="0"/>
  <testcase name="test14319" classname="RegressionTest28" time="0"/>
  <testcase name="test14320" classname="RegressionTest28" time="0"/>
  <testcase name="test14321" classname="RegressionTest28" time="0"/>
  <testcase name="test14322" classname="RegressionTest28" time="0"/>
  <testcase name="test14323" classname="RegressionTest28" time="0"/>
  <testcase name="test14324" classname="RegressionTest28" time="0"/>
  <testcase name="test14325" classname="RegressionTest28" time="0.001"/>
  <testcase name="test14326" classname="RegressionTest28" time="0"/>
  <testcase name="test14327" classname="RegressionTest28" time="0"/>
  <testcase name="test14328" classname="RegressionTest28" time="0"/>
  <testcase name="test14329" classname="RegressionTest28" time="0"/>
  <testcase name="test14330" classname="RegressionTest28" time="0">
    <failure message="&apos;true&apos; != &apos;false&apos; expected:&lt;true&gt; but was:&lt;false&gt;" type="java.lang.AssertionError"><![CDATA[java.lang.AssertionError: 'true' != 'false' expected:<true> but was:<false>
	at RegressionTest28.test14330(RegressionTest28.java:2647)
]]></failure>
  </testcase>
  <testcase name="test14331" classname="RegressionTest28" time="0"/>
  <testcase name="test14332" classname="RegressionTest28" time="0"/>
  <testcase name="test14333" classname="RegressionTest28" time="0"/>
  <testcase name="test14334" classname="RegressionTest28" time="0"/>
  <testcase name="test14335" classname="RegressionTest28" time="0"/>
  <testcase name="test14336" classname="RegressionTest28" time="0">
    <failure message="&apos;true&apos; != &apos;false&apos; expected:&lt;true&gt; but was:&lt;false&gt;" type="java.lang.AssertionError"><![CDATA[java.lang.AssertionError: 'true' != 'false' expected:<true> but was:<false>
	at RegressionTest28.test14336(RegressionTest28.java:2695)
]]></failure>
  </testcase>
  <testcase name="test14337" classname="RegressionTest28" time="0"/>
  <testcase name="test14338" classname="RegressionTest28" time="0"/>
  <testcase name="test14339" classname="RegressionTest28" time="0"/>
  <testcase name="test14340" classname="RegressionTest28" time="0"/>
  <testcase name="test14341" classname="RegressionTest28" time="0"/>
  <testcase name="test14342" classname="RegressionTest28" time="0"/>
  <testcase name="test14343" classname="RegressionTest28" time="0"/>
  <testcase name="test14344" classname="RegressionTest28" time="0"/>
  <testcase name="test14345" classname="RegressionTest28" time="0"/>
  <testcase name="test14346" classname="RegressionTest28" time="0"/>
  <testcase name="test14347" classname="RegressionTest28" time="0"/>
  <testcase name="test14348" classname="RegressionTest28" time="0"/>
  <testcase name="test14349" classname="RegressionTest28" time="0"/>
  <testcase name="test14350" classname="RegressionTest28" time="0"/>
  <testcase name="test14351" classname="RegressionTest28" time="0">
    <failure message="&apos;true&apos; != &apos;false&apos; expected:&lt;true&gt; but was:&lt;false&gt;" type="java.lang.AssertionError"><![CDATA[java.lang.AssertionError: 'true' != 'false' expected:<true> but was:<false>
	at RegressionTest28.test14351(RegressionTest28.java:2815)
]]></failure>
  </testcase>
  <testcase name="test14352" classname="RegressionTest28" time="0"/>
  <testcase name="test14353" classname="RegressionTest28" time="0"/>
  <testcase name="test14354" classname="RegressionTest28" time="0"/>
  <testcase name="test14355" classname="RegressionTest28" time="0"/>
  <testcase name="test14356" classname="RegressionTest28" time="0"/>
  <testcase name="test14357" classname="RegressionTest28" time="0"/>
  <testcase name="test14358" classname="RegressionTest28" time="0"/>
  <testcase name="test14359" classname="RegressionTest28" time="0"/>
  <testcase name="test14360" classname="RegressionTest28" time="0"/>
  <testcase name="test14361" classname="RegressionTest28" time="0"/>
  <testcase name="test14362" classname="RegressionTest28" time="0">
    <failure message="&apos;true&apos; != &apos;false&apos; expected:&lt;true&gt; but was:&lt;false&gt;" type="java.lang.AssertionError"><![CDATA[java.lang.AssertionError: 'true' != 'false' expected:<true> but was:<false>
	at RegressionTest28.test14362(RegressionTest28.java:2903)
]]></failure>
  </testcase>
  <testcase name="test14363" classname="RegressionTest28" time="0"/>
  <testcase name="test14364" classname="RegressionTest28" time="0"/>
  <testcase name="test14365" classname="RegressionTest28" time="0"/>
  <testcase name="test14366" classname="RegressionTest28" time="0"/>
  <testcase name="test14367" classname="RegressionTest28" time="0"/>
  <testcase name="test14368" classname="RegressionTest28" time="0"/>
  <testcase name="test14369" classname="RegressionTest28" time="0"/>
  <testcase name="test14370" classname="RegressionTest28" time="0"/>
  <testcase name="test14371" classname="RegressionTest28" time="0"/>
  <testcase name="test14372" classname="RegressionTest28" time="0.001"/>
  <testcase name="test14373" classname="RegressionTest28" time="0"/>
  <testcase name="test14374" classname="RegressionTest28" time="0"/>
  <testcase name="test14375" classname="RegressionTest28" time="0"/>
  <testcase name="test14376" classname="RegressionTest28" time="0"/>
  <testcase name="test14377" classname="RegressionTest28" time="0"/>
  <testcase name="test14378" classname="RegressionTest28" time="0"/>
  <testcase name="test14379" classname="RegressionTest28" time="0">
    <failure message="&apos;true&apos; != &apos;false&apos; expected:&lt;true&gt; but was:&lt;false&gt;" type="java.lang.AssertionError"><![CDATA[java.lang.AssertionError: 'true' != 'false' expected:<true> but was:<false>
	at RegressionTest28.test14379(RegressionTest28.java:3039)
]]></failure>
  </testcase>
  <testcase name="test14380" classname="RegressionTest28" time="0"/>
  <testcase name="test14381" classname="RegressionTest28" time="0"/>
  <testcase name="test14382" classname="RegressionTest28" time="0">
    <failure message="&apos;true&apos; != &apos;false&apos; expected:&lt;true&gt; but was:&lt;false&gt;" type="java.lang.AssertionError"><![CDATA[java.lang.AssertionError: 'true' != 'false' expected:<true> but was:<false>
	at RegressionTest28.test14382(RegressionTest28.java:3063)
]]></failure>
  </testcase>
  <testcase name="test14383" classname="RegressionTest28" time="0"/>
  <testcase name="test14384" classname="RegressionTest28" time="0"/>
  <testcase name="test14385" classname="RegressionTest28" time="0"/>
  <testcase name="test14386" classname="RegressionTest28" time="0"/>
  <testcase name="test14387" classname="RegressionTest28" time="0"/>
  <testcase name="test14388" classname="RegressionTest28" time="0"/>
  <testcase name="test14389" classname="RegressionTest28" time="0"/>
  <testcase name="test14390" classname="RegressionTest28" time="0"/>
  <testcase name="test14391" classname="RegressionTest28" time="0"/>
  <testcase name="test14392" classname="RegressionTest28" time="0">
    <failure message="&apos;true&apos; != &apos;false&apos; expected:&lt;true&gt; but was:&lt;false&gt;" type="java.lang.AssertionError"><![CDATA[java.lang.AssertionError: 'true' != 'false' expected:<true> but was:<false>
	at RegressionTest28.test14392(RegressionTest28.java:3143)
]]></failure>
  </testcase>
  <testcase name="test14393" classname="RegressionTest28" time="0"/>
  <testcase name="test14394" classname="RegressionTest28" time="0"/>
  <testcase name="test14395" classname="RegressionTest28" time="0"/>
  <testcase name="test14396" classname="RegressionTest28" time="0"/>
  <testcase name="test14397" classname="RegressionTest28" time="0"/>
  <testcase name="test14398" classname="RegressionTest28" time="0">
    <failure message="&apos;true&apos; != &apos;false&apos; expected:&lt;true&gt; but was:&lt;false&gt;" type="java.lang.AssertionError"><![CDATA[java.lang.AssertionError: 'true' != 'false' expected:<true> but was:<false>
	at RegressionTest28.test14398(RegressionTest28.java:3191)
]]></failure>
  </testcase>
  <testcase name="test14399" classname="RegressionTest28" time="0"/>
  <testcase name="test14400" classname="RegressionTest28" time="0"/>
  <testcase name="test14401" classname="RegressionTest28" time="0"/>
  <testcase name="test14402" classname="RegressionTest28" time="0"/>
  <testcase name="test14403" classname="RegressionTest28" time="0"/>
  <testcase name="test14404" classname="RegressionTest28" time="0"/>
  <testcase name="test14405" classname="RegressionTest28" time="0"/>
  <testcase name="test14406" classname="RegressionTest28" time="0"/>
  <testcase name="test14407" classname="RegressionTest28" time="0">
    <failure message="&apos;true&apos; != &apos;false&apos; expected:&lt;true&gt; but was:&lt;false&gt;" type="java.lang.AssertionError"><![CDATA[java.lang.AssertionError: 'true' != 'false' expected:<true> but was:<false>
	at RegressionTest28.test14407(RegressionTest28.java:3263)
]]></failure>
  </testcase>
  <testcase name="test14408" classname="RegressionTest28" time="0"/>
  <testcase name="test14409" classname="RegressionTest28" time="0"/>
  <testcase name="test14410" classname="RegressionTest28" time="0"/>
  <testcase name="test14411" classname="RegressionTest28" time="0"/>
  <testcase name="test14412" classname="RegressionTest28" time="0"/>
  <testcase name="test14413" classname="RegressionTest28" time="0"/>
  <testcase name="test14414" classname="RegressionTest28" time="0"/>
  <testcase name="test14415" classname="RegressionTest28" time="0"/>
  <testcase name="test14416" classname="RegressionTest28" time="0"/>
  <testcase name="test14417" classname="RegressionTest28" time="0"/>
  <testcase name="test14418" classname="RegressionTest28" time="0"/>
  <testcase name="test14419" classname="RegressionTest28" time="0.001"/>
  <testcase name="test14420" classname="RegressionTest28" time="0"/>
  <testcase name="test14421" classname="RegressionTest28" time="0"/>
  <testcase name="test14422" classname="RegressionTest28" time="0"/>
  <testcase name="test14423" classname="RegressionTest28" time="0"/>
  <testcase name="test14424" classname="RegressionTest28" time="0"/>
  <testcase name="test14425" classname="RegressionTest28" time="0"/>
  <testcase name="test14426" classname="RegressionTest28" time="0"/>
  <testcase name="test14427" classname="RegressionTest28" time="0"/>
  <testcase name="test14428" classname="RegressionTest28" time="0">
    <failure message="&apos;true&apos; != &apos;false&apos; expected:&lt;true&gt; but was:&lt;false&gt;" type="java.lang.AssertionError"><![CDATA[java.lang.AssertionError: 'true' != 'false' expected:<true> but was:<false>
	at RegressionTest28.test14428(RegressionTest28.java:3431)
]]></failure>
  </testcase>
  <testcase name="test14429" classname="RegressionTest28" time="0"/>
  <testcase name="test14430" classname="RegressionTest28" time="0"/>
  <testcase name="test14431" classname="RegressionTest28" time="0"/>
  <testcase name="test14432" classname="RegressionTest28" time="0"/>
  <testcase name="test14433" classname="RegressionTest28" time="0"/>
  <testcase name="test14434" classname="RegressionTest28" time="0">
    <failure message="&apos;true&apos; != &apos;false&apos; expected:&lt;true&gt; but was:&lt;false&gt;" type="java.lang.AssertionError"><![CDATA[java.lang.AssertionError: 'true' != 'false' expected:<true> but was:<false>
	at RegressionTest28.test14434(RegressionTest28.java:3479)
]]></failure>
  </testcase>
  <testcase name="test14435" classname="RegressionTest28" time="0"/>
  <testcase name="test14436" classname="RegressionTest28" time="0"/>
  <testcase name="test14437" classname="RegressionTest28" time="0"/>
  <testcase name="test14438" classname="RegressionTest28" time="0"/>
  <testcase name="test14439" classname="RegressionTest28" time="0"/>
  <testcase name="test14440" classname="RegressionTest28" time="0"/>
  <testcase name="test14441" classname="RegressionTest28" time="0"/>
  <testcase name="test14442" classname="RegressionTest28" time="0"/>
  <testcase name="test14443" classname="RegressionTest28" time="0"/>
  <testcase name="test14444" classname="RegressionTest28" time="0"/>
  <testcase name="test14445" classname="RegressionTest28" time="0"/>
  <testcase name="test14446" classname="RegressionTest28" time="0"/>
  <testcase name="test14447" classname="RegressionTest28" time="0"/>
  <testcase name="test14448" classname="RegressionTest28" time="0"/>
  <testcase name="test14449" classname="RegressionTest28" time="0"/>
  <testcase name="test14450" classname="RegressionTest28" time="0"/>
  <testcase name="test14451" classname="RegressionTest28" time="0"/>
  <testcase name="test14452" classname="RegressionTest28" time="0"/>
  <testcase name="test14453" classname="RegressionTest28" time="0"/>
  <testcase name="test14454" classname="RegressionTest28" time="0"/>
  <testcase name="test14455" classname="RegressionTest28" time="0"/>
  <testcase name="test14456" classname="RegressionTest28" time="0"/>
  <testcase name="test14457" classname="RegressionTest28" time="0"/>
  <testcase name="test14458" classname="RegressionTest28" time="0"/>
  <testcase name="test14459" classname="RegressionTest28" time="0"/>
  <testcase name="test14460" classname="RegressionTest28" time="0"/>
  <testcase name="test14461" classname="RegressionTest28" time="0"/>
  <testcase name="test14462" classname="RegressionTest28" time="0"/>
  <testcase name="test14463" classname="RegressionTest28" time="0"/>
  <testcase name="test14464" classname="RegressionTest28" time="0"/>
  <testcase name="test14465" classname="RegressionTest28" time="0"/>
  <testcase name="test14466" classname="RegressionTest28" time="0"/>
  <testcase name="test14467" classname="RegressionTest28" time="0"/>
  <testcase name="test14468" classname="RegressionTest28" time="0.001"/>
  <testcase name="test14469" classname="RegressionTest28" time="0"/>
  <testcase name="test14470" classname="RegressionTest28" time="0"/>
  <testcase name="test14471" classname="RegressionTest28" time="0"/>
  <testcase name="test14472" classname="RegressionTest28" time="0"/>
  <testcase name="test14473" classname="RegressionTest28" time="0"/>
  <testcase name="test14474" classname="RegressionTest28" time="0"/>
  <testcase name="test14475" classname="RegressionTest28" time="0"/>
  <testcase name="test14476" classname="RegressionTest28" time="0"/>
  <testcase name="test14477" classname="RegressionTest28" time="0"/>
  <testcase name="test14478" classname="RegressionTest28" time="0"/>
  <testcase name="test14479" classname="RegressionTest28" time="0"/>
  <testcase name="test14480" classname="RegressionTest28" time="0"/>
  <testcase name="test14481" classname="RegressionTest28" time="0"/>
  <testcase name="test14482" classname="RegressionTest28" time="0"/>
  <testcase name="test14483" classname="RegressionTest28" time="0"/>
  <testcase name="test14484" classname="RegressionTest28" time="0"/>
  <testcase name="test14485" classname="RegressionTest28" time="0">
    <failure message="&apos;true&apos; != &apos;false&apos; expected:&lt;true&gt; but was:&lt;false&gt;" type="java.lang.AssertionError"><![CDATA[java.lang.AssertionError: 'true' != 'false' expected:<true> but was:<false>
	at RegressionTest28.test14485(RegressionTest28.java:3887)
]]></failure>
  </testcase>
  <testcase name="test14486" classname="RegressionTest28" time="0"/>
  <testcase name="test14487" classname="RegressionTest28" time="0"/>
  <testcase name="test14488" classname="RegressionTest28" time="0"/>
  <testcase name="test14489" classname="RegressionTest28" time="0"/>
  <testcase name="test14490" classname="RegressionTest28" time="0"/>
  <testcase name="test14491" classname="RegressionTest28" time="0"/>
  <testcase name="test14492" classname="RegressionTest28" time="0"/>
  <testcase name="test14493" classname="RegressionTest28" time="0"/>
  <testcase name="test14494" classname="RegressionTest28" time="0">
    <failure message="&apos;true&apos; != &apos;false&apos; expected:&lt;true&gt; but was:&lt;false&gt;" type="java.lang.AssertionError"><![CDATA[java.lang.AssertionError: 'true' != 'false' expected:<true> but was:<false>
	at RegressionTest28.test14494(RegressionTest28.java:3959)
]]></failure>
  </testcase>
  <testcase name="test14495" classname="RegressionTest28" time="0">
    <failure message="&apos;true&apos; != &apos;false&apos; expected:&lt;true&gt; but was:&lt;false&gt;" type="java.lang.AssertionError"><![CDATA[java.lang.AssertionError: 'true' != 'false' expected:<true> but was:<false>
	at RegressionTest28.test14495(RegressionTest28.java:3967)
]]></failure>
  </testcase>
  <testcase name="test14496" classname="RegressionTest28" time="0"/>
  <testcase name="test14497" classname="RegressionTest28" time="0"/>
  <testcase name="test14498" classname="RegressionTest28" time="0"/>
  <testcase name="test14499" classname="RegressionTest28" time="0"/>
  <testcase name="test14500" classname="RegressionTest28" time="0">
    <failure message="&apos;true&apos; != &apos;false&apos; expected:&lt;true&gt; but was:&lt;false&gt;" type="java.lang.AssertionError"><![CDATA[java.lang.AssertionError: 'true' != 'false' expected:<true> but was:<false>
	at RegressionTest28.test14500(RegressionTest28.java:4007)
]]></failure>
  </testcase>
  <testcase name="test14501" classname="RegressionTest29" time="0"/>
  <testcase name="test14502" classname="RegressionTest29" time="0"/>
  <testcase name="test14503" classname="RegressionTest29" time="0.001"/>
  <testcase name="test14504" classname="RegressionTest29" time="0"/>
  <testcase name="test14505" classname="RegressionTest29" time="0"/>
  <testcase name="test14506" classname="RegressionTest29" time="0"/>
  <testcase name="test14507" classname="RegressionTest29" time="0"/>
  <testcase name="test14508" classname="RegressionTest29" time="0"/>
  <testcase name="test14509" classname="RegressionTest29" time="0"/>
  <testcase name="test14510" classname="RegressionTest29" time="0"/>
  <testcase name="test14511" classname="RegressionTest29" time="0"/>
  <testcase name="test14512" classname="RegressionTest29" time="0"/>
  <testcase name="test14513" classname="RegressionTest29" time="0"/>
  <testcase name="test14514" classname="RegressionTest29" time="0"/>
  <testcase name="test14515" classname="RegressionTest29" time="0"/>
  <testcase name="test14516" classname="RegressionTest29" time="0"/>
  <testcase name="test14517" classname="RegressionTest29" time="0"/>
  <testcase name="test14518" classname="RegressionTest29" time="0"/>
  <testcase name="test14519" classname="RegressionTest29" time="0"/>
  <testcase name="test14520" classname="RegressionTest29" time="0"/>
  <testcase name="test14521" classname="RegressionTest29" time="0"/>
  <testcase name="test14522" classname="RegressionTest29" time="0">
    <failure message="&apos;true&apos; != &apos;false&apos; expected:&lt;true&gt; but was:&lt;false&gt;" type="java.lang.AssertionError"><![CDATA[java.lang.AssertionError: 'true' != 'false' expected:<true> but was:<false>
	at RegressionTest29.test14522(RegressionTest29.java:183)
]]></failure>
  </testcase>
  <testcase name="test14523" classname="RegressionTest29" time="0"/>
  <testcase name="test14524" classname="RegressionTest29" time="0"/>
  <testcase name="test14525" classname="RegressionTest29" time="0"/>
  <testcase name="test14526" classname="RegressionTest29" time="0"/>
  <testcase name="test14527" classname="RegressionTest29" time="0"/>
  <testcase name="test14528" classname="RegressionTest29" time="0"/>
  <testcase name="test14529" classname="RegressionTest29" time="0"/>
  <testcase name="test14530" classname="RegressionTest29" time="0"/>
  <testcase name="test14531" classname="RegressionTest29" time="0"/>
  <testcase name="test14532" classname="RegressionTest29" time="0"/>
  <testcase name="test14533" classname="RegressionTest29" time="0"/>
  <testcase name="test14534" classname="RegressionTest29" time="0"/>
  <testcase name="test14535" classname="RegressionTest29" time="0"/>
  <testcase name="test14536" classname="RegressionTest29" time="0"/>
  <testcase name="test14537" classname="RegressionTest29" time="0"/>
  <testcase name="test14538" classname="RegressionTest29" time="0"/>
  <testcase name="test14539" classname="RegressionTest29" time="0"/>
  <testcase name="test14540" classname="RegressionTest29" time="0"/>
  <testcase name="test14541" classname="RegressionTest29" time="0.001">
    <failure message="&apos;true&apos; != &apos;false&apos; expected:&lt;true&gt; but was:&lt;false&gt;" type="java.lang.AssertionError"><![CDATA[java.lang.AssertionError: 'true' != 'false' expected:<true> but was:<false>
	at RegressionTest29.test14541(RegressionTest29.java:335)
]]></failure>
  </testcase>
  <testcase name="test14542" classname="RegressionTest29" time="0"/>
  <testcase name="test14543" classname="RegressionTest29" time="0"/>
  <testcase name="test14544" classname="RegressionTest29" time="0"/>
  <testcase name="test14545" classname="RegressionTest29" time="0"/>
  <testcase name="test14546" classname="RegressionTest29" time="0"/>
  <testcase name="test14547" classname="RegressionTest29" time="0"/>
  <testcase name="test14548" classname="RegressionTest29" time="0">
    <failure message="&apos;true&apos; != &apos;false&apos; expected:&lt;true&gt; but was:&lt;false&gt;" type="java.lang.AssertionError"><![CDATA[java.lang.AssertionError: 'true' != 'false' expected:<true> but was:<false>
	at RegressionTest29.test14548(RegressionTest29.java:391)
]]></failure>
  </testcase>
  <testcase name="test14549" classname="RegressionTest29" time="0"/>
  <testcase name="test14550" classname="RegressionTest29" time="0"/>
  <testcase name="test14551" classname="RegressionTest29" time="0"/>
  <testcase name="test14552" classname="RegressionTest29" time="0"/>
  <testcase name="test14553" classname="RegressionTest29" time="0"/>
  <testcase name="test14554" classname="RegressionTest29" time="0"/>
  <testcase name="test14555" classname="RegressionTest29" time="0"/>
  <testcase name="test14556" classname="RegressionTest29" time="0"/>
  <testcase name="test14557" classname="RegressionTest29" time="0"/>
  <testcase name="test14558" classname="RegressionTest29" time="0"/>
  <testcase name="test14559" classname="RegressionTest29" time="0"/>
  <testcase name="test14560" classname="RegressionTest29" time="0"/>
  <testcase name="test14561" classname="RegressionTest29" time="0"/>
  <testcase name="test14562" classname="RegressionTest29" time="0"/>
  <testcase name="test14563" classname="RegressionTest29" time="0"/>
  <testcase name="test14564" classname="RegressionTest29" time="0"/>
  <testcase name="test14565" classname="RegressionTest29" time="0"/>
  <testcase name="test14566" classname="RegressionTest29" time="0"/>
  <testcase name="test14567" classname="RegressionTest29" time="0"/>
  <testcase name="test14568" classname="RegressionTest29" time="0"/>
  <testcase name="test14569" classname="RegressionTest29" time="0"/>
  <testcase name="test14570" classname="RegressionTest29" time="0"/>
  <testcase name="test14571" classname="RegressionTest29" time="0"/>
  <testcase name="test14572" classname="RegressionTest29" time="0"/>
  <testcase name="test14573" classname="RegressionTest29" time="0"/>
  <testcase name="test14574" classname="RegressionTest29" time="0"/>
  <testcase name="test14575" classname="RegressionTest29" time="0"/>
  <testcase name="test14576" classname="RegressionTest29" time="0"/>
  <testcase name="test14577" classname="RegressionTest29" time="0"/>
  <testcase name="test14578" classname="RegressionTest29" time="0"/>
  <testcase name="test14579" classname="RegressionTest29" time="0"/>
  <testcase name="test14580" classname="RegressionTest29" time="0"/>
  <testcase name="test14581" classname="RegressionTest29" time="0"/>
  <testcase name="test14582" classname="RegressionTest29" time="0"/>
  <testcase name="test14583" classname="RegressionTest29" time="0"/>
  <testcase name="test14584" classname="RegressionTest29" time="0"/>
  <testcase name="test14585" classname="RegressionTest29" time="0"/>
  <testcase name="test14586" classname="RegressionTest29" time="0"/>
  <testcase name="test14587" classname="RegressionTest29" time="0"/>
  <testcase name="test14588" classname="RegressionTest29" time="0"/>
  <testcase name="test14589" classname="RegressionTest29" time="0"/>
  <testcase name="test14590" classname="RegressionTest29" time="0"/>
  <testcase name="test14591" classname="RegressionTest29" time="0"/>
  <testcase name="test14592" classname="RegressionTest29" time="0"/>
  <testcase name="test14593" classname="RegressionTest29" time="0.001"/>
  <testcase name="test14594" classname="RegressionTest29" time="0"/>
  <testcase name="test14595" classname="RegressionTest29" time="0"/>
  <testcase name="test14596" classname="RegressionTest29" time="0"/>
  <testcase name="test14597" classname="RegressionTest29" time="0"/>
  <testcase name="test14598" classname="RegressionTest29" time="0"/>
  <testcase name="test14599" classname="RegressionTest29" time="0"/>
  <testcase name="test14600" classname="RegressionTest29" time="0"/>
  <testcase name="test14601" classname="RegressionTest29" time="0"/>
  <testcase name="test14602" classname="RegressionTest29" time="0"/>
  <testcase name="test14603" classname="RegressionTest29" time="0"/>
  <testcase name="test14604" classname="RegressionTest29" time="0"/>
  <testcase name="test14605" classname="RegressionTest29" time="0"/>
  <testcase name="test14606" classname="RegressionTest29" time="0"/>
  <testcase name="test14607" classname="RegressionTest29" time="0"/>
  <testcase name="test14608" classname="RegressionTest29" time="0"/>
  <testcase name="test14609" classname="RegressionTest29" time="0"/>
  <testcase name="test14610" classname="RegressionTest29" time="0"/>
  <testcase name="test14611" classname="RegressionTest29" time="0"/>
  <testcase name="test14612" classname="RegressionTest29" time="0"/>
  <testcase name="test14613" classname="RegressionTest29" time="0"/>
  <testcase name="test14614" classname="RegressionTest29" time="0"/>
  <testcase name="test14615" classname="RegressionTest29" time="0"/>
  <testcase name="test14616" classname="RegressionTest29" time="0"/>
  <testcase name="test14617" classname="RegressionTest29" time="0"/>
  <testcase name="test14618" classname="RegressionTest29" time="0"/>
  <testcase name="test14619" classname="RegressionTest29" time="0"/>
  <testcase name="test14620" classname="RegressionTest29" time="0"/>
  <testcase name="test14621" classname="RegressionTest29" time="0"/>
  <testcase name="test14622" classname="RegressionTest29" time="0"/>
  <testcase name="test14623" classname="RegressionTest29" time="0"/>
  <testcase name="test14624" classname="RegressionTest29" time="0"/>
  <testcase name="test14625" classname="RegressionTest29" time="0"/>
  <testcase name="test14626" classname="RegressionTest29" time="0"/>
  <testcase name="test14627" classname="RegressionTest29" time="0"/>
  <testcase name="test14628" classname="RegressionTest29" time="0"/>
  <testcase name="test14629" classname="RegressionTest29" time="0"/>
  <testcase name="test14630" classname="RegressionTest29" time="0"/>
  <testcase name="test14631" classname="RegressionTest29" time="0"/>
  <testcase name="test14632" classname="RegressionTest29" time="0"/>
  <testcase name="test14633" classname="RegressionTest29" time="0"/>
  <testcase name="test14634" classname="RegressionTest29" time="0"/>
  <testcase name="test14635" classname="RegressionTest29" time="0"/>
  <testcase name="test14636" classname="RegressionTest29" time="0"/>
  <testcase name="test14637" classname="RegressionTest29" time="0"/>
  <testcase name="test14638" classname="RegressionTest29" time="0">
    <failure message="&apos;true&apos; != &apos;false&apos; expected:&lt;true&gt; but was:&lt;false&gt;" type="java.lang.AssertionError"><![CDATA[java.lang.AssertionError: 'true' != 'false' expected:<true> but was:<false>
	at RegressionTest29.test14638(RegressionTest29.java:1111)
]]></failure>
  </testcase>
  <testcase name="test14639" classname="RegressionTest29" time="0">
    <failure message="&apos;true&apos; != &apos;false&apos; expected:&lt;true&gt; but was:&lt;false&gt;" type="java.lang.AssertionError"><![CDATA[java.lang.AssertionError: 'true' != 'false' expected:<true> but was:<false>
	at RegressionTest29.test14639(RegressionTest29.java:1119)
]]></failure>
  </testcase>
  <testcase name="test14640" classname="RegressionTest29" time="0"/>
  <testcase name="test14641" classname="RegressionTest29" time="0"/>
  <testcase name="test14642" classname="RegressionTest29" time="0"/>
  <testcase name="test14643" classname="RegressionTest29" time="0"/>
  <testcase name="test14644" classname="RegressionTest29" time="0"/>
  <testcase name="test14645" classname="RegressionTest29" time="0"/>
  <testcase name="test14646" classname="RegressionTest29" time="0"/>
  <testcase name="test14647" classname="RegressionTest29" time="0"/>
  <testcase name="test14648" classname="RegressionTest29" time="0"/>
  <testcase name="test14649" classname="RegressionTest29" time="0"/>
  <testcase name="test14650" classname="RegressionTest29" time="0"/>
  <testcase name="test14651" classname="RegressionTest29" time="0"/>
  <testcase name="test14652" classname="RegressionTest29" time="0"/>
  <testcase name="test14653" classname="RegressionTest29" time="0"/>
  <testcase name="test14654" classname="RegressionTest29" time="0">
    <failure message="&apos;true&apos; != &apos;false&apos; expected:&lt;true&gt; but was:&lt;false&gt;" type="java.lang.AssertionError"><![CDATA[java.lang.AssertionError: 'true' != 'false' expected:<true> but was:<false>
	at RegressionTest29.test14654(RegressionTest29.java:1239)
]]></failure>
  </testcase>
  <testcase name="test14655" classname="RegressionTest29" time="0">
    <failure message="&apos;true&apos; != &apos;false&apos; expected:&lt;true&gt; but was:&lt;false&gt;" type="java.lang.AssertionError"><![CDATA[java.lang.AssertionError: 'true' != 'false' expected:<true> but was:<false>
	at RegressionTest29.test14655(RegressionTest29.java:1247)
]]></failure>
  </testcase>
  <testcase name="test14656" classname="RegressionTest29" time="0"/>
  <testcase name="test14657" classname="RegressionTest29" time="0"/>
  <testcase name="test14658" classname="RegressionTest29" time="0"/>
  <testcase name="test14659" classname="RegressionTest29" time="0"/>
  <testcase name="test14660" classname="RegressionTest29" time="0"/>
  <testcase name="test14661" classname="RegressionTest29" time="0"/>
  <testcase name="test14662" classname="RegressionTest29" time="0"/>
  <testcase name="test14663" classname="RegressionTest29" time="0"/>
  <testcase name="test14664" classname="RegressionTest29" time="0"/>
  <testcase name="test14665" classname="RegressionTest29" time="0">
    <failure message="&apos;true&apos; != &apos;false&apos; expected:&lt;true&gt; but was:&lt;false&gt;" type="java.lang.AssertionError"><![CDATA[java.lang.AssertionError: 'true' != 'false' expected:<true> but was:<false>
	at RegressionTest29.test14665(RegressionTest29.java:1327)
]]></failure>
  </testcase>
  <testcase name="test14666" classname="RegressionTest29" time="0"/>
  <testcase name="test14667" classname="RegressionTest29" time="0"/>
  <testcase name="test14668" classname="RegressionTest29" time="0"/>
  <testcase name="test14669" classname="RegressionTest29" time="0"/>
  <testcase name="test14670" classname="RegressionTest29" time="0"/>
  <testcase name="test14671" classname="RegressionTest29" time="0"/>
  <testcase name="test14672" classname="RegressionTest29" time="0"/>
  <testcase name="test14673" classname="RegressionTest29" time="0"/>
  <testcase name="test14674" classname="RegressionTest29" time="0"/>
  <testcase name="test14675" classname="RegressionTest29" time="0"/>
  <testcase name="test14676" classname="RegressionTest29" time="0"/>
  <testcase name="test14677" classname="RegressionTest29" time="0"/>
  <testcase name="test14678" classname="RegressionTest29" time="0"/>
  <testcase name="test14679" classname="RegressionTest29" time="0"/>
  <testcase name="test14680" classname="RegressionTest29" time="0"/>
  <testcase name="test14681" classname="RegressionTest29" time="0"/>
  <testcase name="test14682" classname="RegressionTest29" time="0"/>
  <testcase name="test14683" classname="RegressionTest29" time="0"/>
  <testcase name="test14684" classname="RegressionTest29" time="0.001"/>
  <testcase name="test14685" classname="RegressionTest29" time="0"/>
  <testcase name="test14686" classname="RegressionTest29" time="0"/>
  <testcase name="test14687" classname="RegressionTest29" time="0"/>
  <testcase name="test14688" classname="RegressionTest29" time="0"/>
  <testcase name="test14689" classname="RegressionTest29" time="0"/>
  <testcase name="test14690" classname="RegressionTest29" time="0"/>
  <testcase name="test14691" classname="RegressionTest29" time="0"/>
  <testcase name="test14692" classname="RegressionTest29" time="0"/>
  <testcase name="test14693" classname="RegressionTest29" time="0"/>
  <testcase name="test14694" classname="RegressionTest29" time="0"/>
  <testcase name="test14695" classname="RegressionTest29" time="0"/>
  <testcase name="test14696" classname="RegressionTest29" time="0"/>
  <testcase name="test14697" classname="RegressionTest29" time="0"/>
  <testcase name="test14698" classname="RegressionTest29" time="0"/>
  <testcase name="test14699" classname="RegressionTest29" time="0"/>
  <testcase name="test14700" classname="RegressionTest29" time="0"/>
  <testcase name="test14701" classname="RegressionTest29" time="0"/>
  <testcase name="test14702" classname="RegressionTest29" time="0"/>
  <testcase name="test14703" classname="RegressionTest29" time="0"/>
  <testcase name="test14704" classname="RegressionTest29" time="0"/>
  <testcase name="test14705" classname="RegressionTest29" time="0"/>
  <testcase name="test14706" classname="RegressionTest29" time="0">
    <failure message="&apos;true&apos; != &apos;false&apos; expected:&lt;true&gt; but was:&lt;false&gt;" type="java.lang.AssertionError"><![CDATA[java.lang.AssertionError: 'true' != 'false' expected:<true> but was:<false>
	at RegressionTest29.test14706(RegressionTest29.java:1655)
]]></failure>
  </testcase>
  <testcase name="test14707" classname="RegressionTest29" time="0"/>
  <testcase name="test14708" classname="RegressionTest29" time="0"/>
  <testcase name="test14709" classname="RegressionTest29" time="0"/>
  <testcase name="test14710" classname="RegressionTest29" time="0"/>
  <testcase name="test14711" classname="RegressionTest29" time="0"/>
  <testcase name="test14712" classname="RegressionTest29" time="0"/>
  <testcase name="test14713" classname="RegressionTest29" time="0"/>
  <testcase name="test14714" classname="RegressionTest29" time="0"/>
  <testcase name="test14715" classname="RegressionTest29" time="0"/>
  <testcase name="test14716" classname="RegressionTest29" time="0"/>
  <testcase name="test14717" classname="RegressionTest29" time="0"/>
  <testcase name="test14718" classname="RegressionTest29" time="0"/>
  <testcase name="test14719" classname="RegressionTest29" time="0"/>
  <testcase name="test14720" classname="RegressionTest29" time="0"/>
  <testcase name="test14721" classname="RegressionTest29" time="0"/>
  <testcase name="test14722" classname="RegressionTest29" time="0"/>
  <testcase name="test14723" classname="RegressionTest29" time="0"/>
  <testcase name="test14724" classname="RegressionTest29" time="0"/>
  <testcase name="test14725" classname="RegressionTest29" time="0"/>
  <testcase name="test14726" classname="RegressionTest29" time="0"/>
  <testcase name="test14727" classname="RegressionTest29" time="0"/>
  <testcase name="test14728" classname="RegressionTest29" time="0"/>
  <testcase name="test14729" classname="RegressionTest29" time="0">
    <failure message="&apos;true&apos; != &apos;false&apos; expected:&lt;true&gt; but was:&lt;false&gt;" type="java.lang.AssertionError"><![CDATA[java.lang.AssertionError: 'true' != 'false' expected:<true> but was:<false>
	at RegressionTest29.test14729(RegressionTest29.java:1839)
]]></failure>
  </testcase>
  <testcase name="test14730" classname="RegressionTest29" time="0"/>
  <testcase name="test14731" classname="RegressionTest29" time="0"/>
  <testcase name="test14732" classname="RegressionTest29" time="0"/>
  <testcase name="test14733" classname="RegressionTest29" time="0"/>
  <testcase name="test14734" classname="RegressionTest29" time="0.001"/>
  <testcase name="test14735" classname="RegressionTest29" time="0"/>
  <testcase name="test14736" classname="RegressionTest29" time="0"/>
  <testcase name="test14737" classname="RegressionTest29" time="0"/>
  <testcase name="test14738" classname="RegressionTest29" time="0"/>
  <testcase name="test14739" classname="RegressionTest29" time="0"/>
  <testcase name="test14740" classname="RegressionTest29" time="0"/>
  <testcase name="test14741" classname="RegressionTest29" time="0"/>
  <testcase name="test14742" classname="RegressionTest29" time="0"/>
  <testcase name="test14743" classname="RegressionTest29" time="0"/>
  <testcase name="test14744" classname="RegressionTest29" time="0"/>
  <testcase name="test14745" classname="RegressionTest29" time="0"/>
  <testcase name="test14746" classname="RegressionTest29" time="0"/>
  <testcase name="test14747" classname="RegressionTest29" time="0"/>
  <testcase name="test14748" classname="RegressionTest29" time="0"/>
  <testcase name="test14749" classname="RegressionTest29" time="0"/>
  <testcase name="test14750" classname="RegressionTest29" time="0"/>
  <testcase name="test14751" classname="RegressionTest29" time="0"/>
  <testcase name="test14752" classname="RegressionTest29" time="0"/>
  <testcase name="test14753" classname="RegressionTest29" time="0"/>
  <testcase name="test14754" classname="RegressionTest29" time="0"/>
  <testcase name="test14755" classname="RegressionTest29" time="0">
    <failure message="&apos;true&apos; != &apos;false&apos; expected:&lt;true&gt; but was:&lt;false&gt;" type="java.lang.AssertionError"><![CDATA[java.lang.AssertionError: 'true' != 'false' expected:<true> but was:<false>
	at RegressionTest29.test14755(RegressionTest29.java:2047)
]]></failure>
  </testcase>
  <testcase name="test14756" classname="RegressionTest29" time="0"/>
  <testcase name="test14757" classname="RegressionTest29" time="0"/>
  <testcase name="test14758" classname="RegressionTest29" time="0"/>
  <testcase name="test14759" classname="RegressionTest29" time="0">
    <failure message="&apos;true&apos; != &apos;false&apos; expected:&lt;true&gt; but was:&lt;false&gt;" type="java.lang.AssertionError"><![CDATA[java.lang.AssertionError: 'true' != 'false' expected:<true> but was:<false>
	at RegressionTest29.test14759(RegressionTest29.java:2079)
]]></failure>
  </testcase>
  <testcase name="test14760" classname="RegressionTest29" time="0"/>
  <testcase name="test14761" classname="RegressionTest29" time="0"/>
  <testcase name="test14762" classname="RegressionTest29" time="0"/>
  <testcase name="test14763" classname="RegressionTest29" time="0"/>
  <testcase name="test14764" classname="RegressionTest29" time="0"/>
  <testcase name="test14765" classname="RegressionTest29" time="0"/>
  <testcase name="test14766" classname="RegressionTest29" time="0"/>
  <testcase name="test14767" classname="RegressionTest29" time="0"/>
  <testcase name="test14768" classname="RegressionTest29" time="0">
    <failure message="&apos;true&apos; != &apos;false&apos; expected:&lt;true&gt; but was:&lt;false&gt;" type="java.lang.AssertionError"><![CDATA[java.lang.AssertionError: 'true' != 'false' expected:<true> but was:<false>
	at RegressionTest29.test14768(RegressionTest29.java:2151)
]]></failure>
  </testcase>
  <testcase name="test14769" classname="RegressionTest29" time="0">
    <failure message="&apos;true&apos; != &apos;false&apos; expected:&lt;true&gt; but was:&lt;false&gt;" type="java.lang.AssertionError"><![CDATA[java.lang.AssertionError: 'true' != 'false' expected:<true> but was:<false>
	at RegressionTest29.test14769(RegressionTest29.java:2159)
]]></failure>
  </testcase>
  <testcase name="test14770" classname="RegressionTest29" time="0"/>
  <testcase name="test14771" classname="RegressionTest29" time="0"/>
  <testcase name="test14772" classname="RegressionTest29" time="0"/>
  <testcase name="test14773" classname="RegressionTest29" time="0"/>
  <testcase name="test14774" classname="RegressionTest29" time="0"/>
  <testcase name="test14775" classname="RegressionTest29" time="0"/>
  <testcase name="test14776" classname="RegressionTest29" time="0"/>
  <testcase name="test14777" classname="RegressionTest29" time="0"/>
  <testcase name="test14778" classname="RegressionTest29" time="0.001"/>
  <testcase name="test14779" classname="RegressionTest29" time="0"/>
  <testcase name="test14780" classname="RegressionTest29" time="0"/>
  <testcase name="test14781" classname="RegressionTest29" time="0"/>
  <testcase name="test14782" classname="RegressionTest29" time="0"/>
  <testcase name="test14783" classname="RegressionTest29" time="0"/>
  <testcase name="test14784" classname="RegressionTest29" time="0"/>
  <testcase name="test14785" classname="RegressionTest29" time="0"/>
  <testcase name="test14786" classname="RegressionTest29" time="0"/>
  <testcase name="test14787" classname="RegressionTest29" time="0"/>
  <testcase name="test14788" classname="RegressionTest29" time="0"/>
  <testcase name="test14789" classname="RegressionTest29" time="0"/>
  <testcase name="test14790" classname="RegressionTest29" time="0">
    <failure message="&apos;true&apos; != &apos;false&apos; expected:&lt;true&gt; but was:&lt;false&gt;" type="java.lang.AssertionError"><![CDATA[java.lang.AssertionError: 'true' != 'false' expected:<true> but was:<false>
	at RegressionTest29.test14790(RegressionTest29.java:2327)
]]></failure>
  </testcase>
  <testcase name="test14791" classname="RegressionTest29" time="0"/>
  <testcase name="test14792" classname="RegressionTest29" time="0"/>
  <testcase name="test14793" classname="RegressionTest29" time="0"/>
  <testcase name="test14794" classname="RegressionTest29" time="0"/>
  <testcase name="test14795" classname="RegressionTest29" time="0"/>
  <testcase name="test14796" classname="RegressionTest29" time="0"/>
  <testcase name="test14797" classname="RegressionTest29" time="0"/>
  <testcase name="test14798" classname="RegressionTest29" time="0">
    <failure message="&apos;true&apos; != &apos;false&apos; expected:&lt;true&gt; but was:&lt;false&gt;" type="java.lang.AssertionError"><![CDATA[java.lang.AssertionError: 'true' != 'false' expected:<true> but was:<false>
	at RegressionTest29.test14798(RegressionTest29.java:2391)
]]></failure>
  </testcase>
  <testcase name="test14799" classname="RegressionTest29" time="0"/>
  <testcase name="test14800" classname="RegressionTest29" time="0"/>
  <testcase name="test14801" classname="RegressionTest29" time="0"/>
  <testcase name="test14802" classname="RegressionTest29" time="0"/>
  <testcase name="test14803" classname="RegressionTest29" time="0"/>
  <testcase name="test14804" classname="RegressionTest29" time="0"/>
  <testcase name="test14805" classname="RegressionTest29" time="0"/>
  <testcase name="test14806" classname="RegressionTest29" time="0"/>
  <testcase name="test14807" classname="RegressionTest29" time="0"/>
  <testcase name="test14808" classname="RegressionTest29" time="0"/>
  <testcase name="test14809" classname="RegressionTest29" time="0"/>
  <testcase name="test14810" classname="RegressionTest29" time="0"/>
  <testcase name="test14811" classname="RegressionTest29" time="0"/>
  <testcase name="test14812" classname="RegressionTest29" time="0"/>
  <testcase name="test14813" classname="RegressionTest29" time="0"/>
  <testcase name="test14814" classname="RegressionTest29" time="0"/>
  <testcase name="test14815" classname="RegressionTest29" time="0"/>
  <testcase name="test14816" classname="RegressionTest29" time="0">
    <failure message="&apos;true&apos; != &apos;false&apos; expected:&lt;true&gt; but was:&lt;false&gt;" type="java.lang.AssertionError"><![CDATA[java.lang.AssertionError: 'true' != 'false' expected:<true> but was:<false>
	at RegressionTest29.test14816(RegressionTest29.java:2535)
]]></failure>
  </testcase>
  <testcase name="test14817" classname="RegressionTest29" time="0"/>
  <testcase name="test14818" classname="RegressionTest29" time="0"/>
  <testcase name="test14819" classname="RegressionTest29" time="0"/>
  <testcase name="test14820" classname="RegressionTest29" time="0"/>
  <testcase name="test14821" classname="RegressionTest29" time="0"/>
  <testcase name="test14822" classname="RegressionTest29" time="0"/>
  <testcase name="test14823" classname="RegressionTest29" time="0"/>
  <testcase name="test14824" classname="RegressionTest29" time="0"/>
  <testcase name="test14825" classname="RegressionTest29" time="0">
    <failure message="&apos;true&apos; != &apos;false&apos; expected:&lt;true&gt; but was:&lt;false&gt;" type="java.lang.AssertionError"><![CDATA[java.lang.AssertionError: 'true' != 'false' expected:<true> but was:<false>
	at RegressionTest29.test14825(RegressionTest29.java:2607)
]]></failure>
  </testcase>
  <testcase name="test14826" classname="RegressionTest29" time="0"/>
  <testcase name="test14827" classname="RegressionTest29" time="0"/>
  <testcase name="test14828" classname="RegressionTest29" time="0"/>
  <testcase name="test14829" classname="RegressionTest29" time="0"/>
  <testcase name="test14830" classname="RegressionTest29" time="0">
    <failure message="&apos;true&apos; != &apos;false&apos; expected:&lt;true&gt; but was:&lt;false&gt;" type="java.lang.AssertionError"><![CDATA[java.lang.AssertionError: 'true' != 'false' expected:<true> but was:<false>
	at RegressionTest29.test14830(RegressionTest29.java:2647)
]]></failure>
  </testcase>
  <testcase name="test14831" classname="RegressionTest29" time="0"/>
  <testcase name="test14832" classname="RegressionTest29" time="0"/>
  <testcase name="test14833" classname="RegressionTest29" time="0"/>
  <testcase name="test14834" classname="RegressionTest29" time="0"/>
  <testcase name="test14835" classname="RegressionTest29" time="0"/>
  <testcase name="test14836" classname="RegressionTest29" time="0"/>
  <testcase name="test14837" classname="RegressionTest29" time="0"/>
  <testcase name="test14838" classname="RegressionTest29" time="0"/>
  <testcase name="test14839" classname="RegressionTest29" time="0"/>
  <testcase name="test14840" classname="RegressionTest29" time="0"/>
  <testcase name="test14841" classname="RegressionTest29" time="0"/>
  <testcase name="test14842" classname="RegressionTest29" time="0"/>
  <testcase name="test14843" classname="RegressionTest29" time="0">
    <failure message="&apos;true&apos; != &apos;false&apos; expected:&lt;true&gt; but was:&lt;false&gt;" type="java.lang.AssertionError"><![CDATA[java.lang.AssertionError: 'true' != 'false' expected:<true> but was:<false>
	at RegressionTest29.test14843(RegressionTest29.java:2751)
]]></failure>
  </testcase>
  <testcase name="test14844" classname="RegressionTest29" time="0">
    <failure message="&apos;true&apos; != &apos;false&apos; expected:&lt;true&gt; but was:&lt;false&gt;" type="java.lang.AssertionError"><![CDATA[java.lang.AssertionError: 'true' != 'false' expected:<true> but was:<false>
	at RegressionTest29.test14844(RegressionTest29.java:2759)
]]></failure>
  </testcase>
  <testcase name="test14845" classname="RegressionTest29" time="0"/>
  <testcase name="test14846" classname="RegressionTest29" time="0"/>
  <testcase name="test14847" classname="RegressionTest29" time="0"/>
  <testcase name="test14848" classname="RegressionTest29" time="0"/>
  <testcase name="test14849" classname="RegressionTest29" time="0"/>
  <testcase name="test14850" classname="RegressionTest29" time="0"/>
  <testcase name="test14851" classname="RegressionTest29" time="0"/>
  <testcase name="test14852" classname="RegressionTest29" time="0"/>
  <testcase name="test14853" classname="RegressionTest29" time="0"/>
  <testcase name="test14854" classname="RegressionTest29" time="0"/>
  <testcase name="test14855" classname="RegressionTest29" time="0">
    <failure message="&apos;true&apos; != &apos;false&apos; expected:&lt;true&gt; but was:&lt;false&gt;" type="java.lang.AssertionError"><![CDATA[java.lang.AssertionError: 'true' != 'false' expected:<true> but was:<false>
	at RegressionTest29.test14855(RegressionTest29.java:2847)
]]></failure>
  </testcase>
  <testcase name="test14856" classname="RegressionTest29" time="0"/>
  <testcase name="test14857" classname="RegressionTest29" time="0"/>
  <testcase name="test14858" classname="RegressionTest29" time="0"/>
  <testcase name="test14859" classname="RegressionTest29" time="0"/>
  <testcase name="test14860" classname="RegressionTest29" time="0"/>
  <testcase name="test14861" classname="RegressionTest29" time="0"/>
  <testcase name="test14862" classname="RegressionTest29" time="0"/>
  <testcase name="test14863" classname="RegressionTest29" time="0.001">
    <failure message="&apos;true&apos; != &apos;false&apos; expected:&lt;true&gt; but was:&lt;false&gt;" type="java.lang.AssertionError"><![CDATA[java.lang.AssertionError: 'true' != 'false' expected:<true> but was:<false>
	at RegressionTest29.test14863(RegressionTest29.java:2911)
]]></failure>
  </testcase>
  <testcase name="test14864" classname="RegressionTest29" time="0"/>
  <testcase name="test14865" classname="RegressionTest29" time="0"/>
  <testcase name="test14866" classname="RegressionTest29" time="0"/>
  <testcase name="test14867" classname="RegressionTest29" time="0"/>
  <testcase name="test14868" classname="RegressionTest29" time="0"/>
  <testcase name="test14869" classname="RegressionTest29" time="0"/>
  <testcase name="test14870" classname="RegressionTest29" time="0"/>
  <testcase name="test14871" classname="RegressionTest29" time="0"/>
  <testcase name="test14872" classname="RegressionTest29" time="0"/>
  <testcase name="test14873" classname="RegressionTest29" time="0"/>
  <testcase name="test14874" classname="RegressionTest29" time="0"/>
  <testcase name="test14875" classname="RegressionTest29" time="0"/>
  <testcase name="test14876" classname="RegressionTest29" time="0"/>
  <testcase name="test14877" classname="RegressionTest29" time="0">
    <failure message="&apos;true&apos; != &apos;false&apos; expected:&lt;true&gt; but was:&lt;false&gt;" type="java.lang.AssertionError"><![CDATA[java.lang.AssertionError: 'true' != 'false' expected:<true> but was:<false>
	at RegressionTest29.test14877(RegressionTest29.java:3023)
]]></failure>
  </testcase>
  <testcase name="test14878" classname="RegressionTest29" time="0">
    <failure message="&apos;true&apos; != &apos;false&apos; expected:&lt;true&gt; but was:&lt;false&gt;" type="java.lang.AssertionError"><![CDATA[java.lang.AssertionError: 'true' != 'false' expected:<true> but was:<false>
	at RegressionTest29.test14878(RegressionTest29.java:3031)
]]></failure>
  </testcase>
  <testcase name="test14879" classname="RegressionTest29" time="0"/>
  <testcase name="test14880" classname="RegressionTest29" time="0"/>
  <testcase name="test14881" classname="RegressionTest29" time="0"/>
  <testcase name="test14882" classname="RegressionTest29" time="0">
    <failure message="&apos;true&apos; != &apos;false&apos; expected:&lt;true&gt; but was:&lt;false&gt;" type="java.lang.AssertionError"><![CDATA[java.lang.AssertionError: 'true' != 'false' expected:<true> but was:<false>
	at RegressionTest29.test14882(RegressionTest29.java:3063)
]]></failure>
  </testcase>
  <testcase name="test14883" classname="RegressionTest29" time="0"/>
  <testcase name="test14884" classname="RegressionTest29" time="0"/>
  <testcase name="test14885" classname="RegressionTest29" time="0"/>
  <testcase name="test14886" classname="RegressionTest29" time="0"/>
  <testcase name="test14887" classname="RegressionTest29" time="0"/>
  <testcase name="test14888" classname="RegressionTest29" time="0"/>
  <testcase name="test14889" classname="RegressionTest29" time="0">
    <failure message="&apos;true&apos; != &apos;false&apos; expected:&lt;true&gt; but was:&lt;false&gt;" type="java.lang.AssertionError"><![CDATA[java.lang.AssertionError: 'true' != 'false' expected:<true> but was:<false>
	at RegressionTest29.test14889(RegressionTest29.java:3119)
]]></failure>
  </testcase>
  <testcase name="test14890" classname="RegressionTest29" time="0"/>
  <testcase name="test14891" classname="RegressionTest29" time="0"/>
  <testcase name="test14892" classname="RegressionTest29" time="0"/>
  <testcase name="test14893" classname="RegressionTest29" time="0"/>
  <testcase name="test14894" classname="RegressionTest29" time="0"/>
  <testcase name="test14895" classname="RegressionTest29" time="0"/>
  <testcase name="test14896" classname="RegressionTest29" time="0.001"/>
  <testcase name="test14897" classname="RegressionTest29" time="0"/>
  <testcase name="test14898" classname="RegressionTest29" time="0"/>
  <testcase name="test14899" classname="RegressionTest29" time="0"/>
  <testcase name="test14900" classname="RegressionTest29" time="0"/>
  <testcase name="test14901" classname="RegressionTest29" time="0"/>
  <testcase name="test14902" classname="RegressionTest29" time="0"/>
  <testcase name="test14903" classname="RegressionTest29" time="0"/>
  <testcase name="test14904" classname="RegressionTest29" time="0"/>
  <testcase name="test14905" classname="RegressionTest29" time="0"/>
  <testcase name="test14906" classname="RegressionTest29" time="0"/>
  <testcase name="test14907" classname="RegressionTest29" time="0">
    <failure message="&apos;true&apos; != &apos;false&apos; expected:&lt;true&gt; but was:&lt;false&gt;" type="java.lang.AssertionError"><![CDATA[java.lang.AssertionError: 'true' != 'false' expected:<true> but was:<false>
	at RegressionTest29.test14907(RegressionTest29.java:3263)
]]></failure>
  </testcase>
  <testcase name="test14908" classname="RegressionTest29" time="0"/>
  <testcase name="test14909" classname="RegressionTest29" time="0"/>
  <testcase name="test14910" classname="RegressionTest29" time="0"/>
  <testcase name="test14911" classname="RegressionTest29" time="0"/>
  <testcase name="test14912" classname="RegressionTest29" time="0">
    <failure message="&apos;true&apos; != &apos;false&apos; expected:&lt;true&gt; but was:&lt;false&gt;" type="java.lang.AssertionError"><![CDATA[java.lang.AssertionError: 'true' != 'false' expected:<true> but was:<false>
	at RegressionTest29.test14912(RegressionTest29.java:3303)
]]></failure>
  </testcase>
  <testcase name="test14913" classname="RegressionTest29" time="0"/>
  <testcase name="test14914" classname="RegressionTest29" time="0"/>
  <testcase name="test14915" classname="RegressionTest29" time="0"/>
  <testcase name="test14916" classname="RegressionTest29" time="0"/>
  <testcase name="test14917" classname="RegressionTest29" time="0"/>
  <testcase name="test14918" classname="RegressionTest29" time="0"/>
  <testcase name="test14919" classname="RegressionTest29" time="0"/>
  <testcase name="test14920" classname="RegressionTest29" time="0"/>
  <testcase name="test14921" classname="RegressionTest29" time="0"/>
  <testcase name="test14922" classname="RegressionTest29" time="0"/>
  <testcase name="test14923" classname="RegressionTest29" time="0"/>
  <testcase name="test14924" classname="RegressionTest29" time="0"/>
  <testcase name="test14925" classname="RegressionTest29" time="0"/>
  <testcase name="test14926" classname="RegressionTest29" time="0"/>
  <testcase name="test14927" classname="RegressionTest29" time="0"/>
  <testcase name="test14928" classname="RegressionTest29" time="0"/>
  <testcase name="test14929" classname="RegressionTest29" time="0">
    <failure message="&apos;true&apos; != &apos;false&apos; expected:&lt;true&gt; but was:&lt;false&gt;" type="java.lang.AssertionError"><![CDATA[java.lang.AssertionError: 'true' != 'false' expected:<true> but was:<false>
	at RegressionTest29.test14929(RegressionTest29.java:3439)
]]></failure>
  </testcase>
  <testcase name="test14930" classname="RegressionTest29" time="0">
    <failure message="&apos;true&apos; != &apos;false&apos; expected:&lt;true&gt; but was:&lt;false&gt;" type="java.lang.AssertionError"><![CDATA[java.lang.AssertionError: 'true' != 'false' expected:<true> but was:<false>
	at RegressionTest29.test14930(RegressionTest29.java:3447)
]]></failure>
  </testcase>
  <testcase name="test14931" classname="RegressionTest29" time="0"/>
  <testcase name="test14932" classname="RegressionTest29" time="0"/>
  <testcase name="test14933" classname="RegressionTest29" time="0"/>
  <testcase name="test14934" classname="RegressionTest29" time="0"/>
  <testcase name="test14935" classname="RegressionTest29" time="0"/>
  <testcase name="test14936" classname="RegressionTest29" time="0"/>
  <testcase name="test14937" classname="RegressionTest29" time="0"/>
  <testcase name="test14938" classname="RegressionTest29" time="0"/>
  <testcase name="test14939" classname="RegressionTest29" time="0">
    <failure message="&apos;true&apos; != &apos;false&apos; expected:&lt;true&gt; but was:&lt;false&gt;" type="java.lang.AssertionError"><![CDATA[java.lang.AssertionError: 'true' != 'false' expected:<true> but was:<false>
	at RegressionTest29.test14939(RegressionTest29.java:3519)
]]></failure>
  </testcase>
  <testcase name="test14940" classname="RegressionTest29" time="0"/>
  <testcase name="test14941" classname="RegressionTest29" time="0"/>
  <testcase name="test14942" classname="RegressionTest29" time="0"/>
  <testcase name="test14943" classname="RegressionTest29" time="0"/>
  <testcase name="test14944" classname="RegressionTest29" time="0"/>
  <testcase name="test14945" classname="RegressionTest29" time="0.001"/>
  <testcase name="test14946" classname="RegressionTest29" time="0"/>
  <testcase name="test14947" classname="RegressionTest29" time="0"/>
  <testcase name="test14948" classname="RegressionTest29" time="0"/>
  <testcase name="test14949" classname="RegressionTest29" time="0"/>
  <testcase name="test14950" classname="RegressionTest29" time="0"/>
  <testcase name="test14951" classname="RegressionTest29" time="0">
    <failure message="&apos;true&apos; != &apos;false&apos; expected:&lt;true&gt; but was:&lt;false&gt;" type="java.lang.AssertionError"><![CDATA[java.lang.AssertionError: 'true' != 'false' expected:<true> but was:<false>
	at RegressionTest29.test14951(RegressionTest29.java:3615)
]]></failure>
  </testcase>
  <testcase name="test14952" classname="RegressionTest29" time="0"/>
  <testcase name="test14953" classname="RegressionTest29" time="0"/>
  <testcase name="test14954" classname="RegressionTest29" time="0"/>
  <testcase name="test14955" classname="RegressionTest29" time="0"/>
  <testcase name="test14956" classname="RegressionTest29" time="0"/>
  <testcase name="test14957" classname="RegressionTest29" time="0"/>
  <testcase name="test14958" classname="RegressionTest29" time="0"/>
  <testcase name="test14959" classname="RegressionTest29" time="0"/>
  <testcase name="test14960" classname="RegressionTest29" time="0"/>
  <testcase name="test14961" classname="RegressionTest29" time="0"/>
  <testcase name="test14962" classname="RegressionTest29" time="0"/>
  <testcase name="test14963" classname="RegressionTest29" time="0"/>
  <testcase name="test14964" classname="RegressionTest29" time="0"/>
  <testcase name="test14965" classname="RegressionTest29" time="0"/>
  <testcase name="test14966" classname="RegressionTest29" time="0"/>
  <testcase name="test14967" classname="RegressionTest29" time="0">
    <failure message="&apos;true&apos; != &apos;false&apos; expected:&lt;true&gt; but was:&lt;false&gt;" type="java.lang.AssertionError"><![CDATA[java.lang.AssertionError: 'true' != 'false' expected:<true> but was:<false>
	at RegressionTest29.test14967(RegressionTest29.java:3743)
]]></failure>
  </testcase>
  <testcase name="test14968" classname="RegressionTest29" time="0"/>
  <testcase name="test14969" classname="RegressionTest29" time="0">
    <failure message="&apos;true&apos; != &apos;false&apos; expected:&lt;true&gt; but was:&lt;false&gt;" type="java.lang.AssertionError"><![CDATA[java.lang.AssertionError: 'true' != 'false' expected:<true> but was:<false>
	at RegressionTest29.test14969(RegressionTest29.java:3759)
]]></failure>
  </testcase>
  <testcase name="test14970" classname="RegressionTest29" time="0"/>
  <testcase name="test14971" classname="RegressionTest29" time="0"/>
  <testcase name="test14972" classname="RegressionTest29" time="0"/>
  <testcase name="test14973" classname="RegressionTest29" time="0"/>
  <testcase name="test14974" classname="RegressionTest29" time="0">
    <failure message="&apos;true&apos; != &apos;false&apos; expected:&lt;true&gt; but was:&lt;false&gt;" type="java.lang.AssertionError"><![CDATA[java.lang.AssertionError: 'true' != 'false' expected:<true> but was:<false>
	at RegressionTest29.test14974(RegressionTest29.java:3799)
]]></failure>
  </testcase>
  <testcase name="test14975" classname="RegressionTest29" time="0"/>
  <testcase name="test14976" classname="RegressionTest29" time="0"/>
  <testcase name="test14977" classname="RegressionTest29" time="0"/>
  <testcase name="test14978" classname="RegressionTest29" time="0"/>
  <testcase name="test14979" classname="RegressionTest29" time="0"/>
  <testcase name="test14980" classname="RegressionTest29" time="0"/>
  <testcase name="test14981" classname="RegressionTest29" time="0"/>
  <testcase name="test14982" classname="RegressionTest29" time="0"/>
  <testcase name="test14983" classname="RegressionTest29" time="0">
    <failure message="&apos;true&apos; != &apos;false&apos; expected:&lt;true&gt; but was:&lt;false&gt;" type="java.lang.AssertionError"><![CDATA[java.lang.AssertionError: 'true' != 'false' expected:<true> but was:<false>
	at RegressionTest29.test14983(RegressionTest29.java:3871)
]]></failure>
  </testcase>
  <testcase name="test14984" classname="RegressionTest29" time="0"/>
  <testcase name="test14985" classname="RegressionTest29" time="0"/>
  <testcase name="test14986" classname="RegressionTest29" time="0"/>
  <testcase name="test14987" classname="RegressionTest29" time="0"/>
  <testcase name="test14988" classname="RegressionTest29" time="0.001"/>
  <testcase name="test14989" classname="RegressionTest29" time="0"/>
  <testcase name="test14990" classname="RegressionTest29" time="0"/>
  <testcase name="test14991" classname="RegressionTest29" time="0"/>
  <testcase name="test14992" classname="RegressionTest29" time="0"/>
  <testcase name="test14993" classname="RegressionTest29" time="0"/>
  <testcase name="test14994" classname="RegressionTest29" time="0"/>
  <testcase name="test14995" classname="RegressionTest29" time="0"/>
  <testcase name="test14996" classname="RegressionTest29" time="0"/>
  <testcase name="test14997" classname="RegressionTest29" time="0"/>
  <testcase name="test14998" classname="RegressionTest29" time="0"/>
  <testcase name="test14999" classname="RegressionTest29" time="0"/>
  <testcase name="test15000" classname="RegressionTest29" time="0"/>
  <testcase name="test15001" classname="RegressionTest30" time="0"/>
  <testcase name="test15002" classname="RegressionTest30" time="0"/>
  <testcase name="test15003" classname="RegressionTest30" time="0"/>
  <testcase name="test15004" classname="RegressionTest30" time="0"/>
  <testcase name="test15005" classname="RegressionTest30" time="0"/>
  <testcase name="test15006" classname="RegressionTest30" time="0"/>
  <testcase name="test15007" classname="RegressionTest30" time="0"/>
  <testcase name="test15008" classname="RegressionTest30" time="0"/>
  <testcase name="test15009" classname="RegressionTest30" time="0"/>
  <testcase name="test15010" classname="RegressionTest30" time="0"/>
  <testcase name="test15011" classname="RegressionTest30" time="0"/>
  <testcase name="test15012" classname="RegressionTest30" time="0"/>
  <testcase name="test15013" classname="RegressionTest30" time="0"/>
  <testcase name="test15014" classname="RegressionTest30" time="0"/>
  <testcase name="test15015" classname="RegressionTest30" time="0"/>
  <testcase name="test15016" classname="RegressionTest30" time="0"/>
  <testcase name="test15017" classname="RegressionTest30" time="0"/>
  <testcase name="test15018" classname="RegressionTest30" time="0.001"/>
  <testcase name="test15019" classname="RegressionTest30" time="0"/>
  <testcase name="test15020" classname="RegressionTest30" time="0"/>
  <testcase name="test15021" classname="RegressionTest30" time="0"/>
  <testcase name="test15022" classname="RegressionTest30" time="0"/>
  <testcase name="test15023" classname="RegressionTest30" time="0"/>
  <testcase name="test15024" classname="RegressionTest30" time="0"/>
  <testcase name="test15025" classname="RegressionTest30" time="0"/>
  <testcase name="test15026" classname="RegressionTest30" time="0"/>
  <testcase name="test15027" classname="RegressionTest30" time="0"/>
  <testcase name="test15028" classname="RegressionTest30" time="0"/>
  <testcase name="test15029" classname="RegressionTest30" time="0"/>
  <testcase name="test15030" classname="RegressionTest30" time="0"/>
  <testcase name="test15031" classname="RegressionTest30" time="0"/>
  <testcase name="test15032" classname="RegressionTest30" time="0"/>
  <testcase name="test15033" classname="RegressionTest30" time="0"/>
  <testcase name="test15034" classname="RegressionTest30" time="0"/>
  <testcase name="test15035" classname="RegressionTest30" time="0"/>
  <testcase name="test15036" classname="RegressionTest30" time="0"/>
  <testcase name="test15037" classname="RegressionTest30" time="0"/>
  <testcase name="test15038" classname="RegressionTest30" time="0">
    <failure message="&apos;true&apos; != &apos;false&apos; expected:&lt;true&gt; but was:&lt;false&gt;" type="java.lang.AssertionError"><![CDATA[java.lang.AssertionError: 'true' != 'false' expected:<true> but was:<false>
	at RegressionTest30.test15038(RegressionTest30.java:311)
]]></failure>
  </testcase>
  <testcase name="test15039" classname="RegressionTest30" time="0"/>
  <testcase name="test15040" classname="RegressionTest30" time="0"/>
  <testcase name="test15041" classname="RegressionTest30" time="0"/>
  <testcase name="test15042" classname="RegressionTest30" time="0"/>
  <testcase name="test15043" classname="RegressionTest30" time="0"/>
  <testcase name="test15044" classname="RegressionTest30" time="0"/>
  <testcase name="test15045" classname="RegressionTest30" time="0"/>
  <testcase name="test15046" classname="RegressionTest30" time="0"/>
  <testcase name="test15047" classname="RegressionTest30" time="0"/>
  <testcase name="test15048" classname="RegressionTest30" time="0"/>
  <testcase name="test15049" classname="RegressionTest30" time="0"/>
  <testcase name="test15050" classname="RegressionTest30" time="0"/>
  <testcase name="test15051" classname="RegressionTest30" time="0"/>
  <testcase name="test15052" classname="RegressionTest30" time="0"/>
  <testcase name="test15053" classname="RegressionTest30" time="0"/>
  <testcase name="test15054" classname="RegressionTest30" time="0"/>
  <testcase name="test15055" classname="RegressionTest30" time="0"/>
  <testcase name="test15056" classname="RegressionTest30" time="0"/>
  <testcase name="test15057" classname="RegressionTest30" time="0.001"/>
  <testcase name="test15058" classname="RegressionTest30" time="0">
    <failure message="&apos;true&apos; != &apos;false&apos; expected:&lt;true&gt; but was:&lt;false&gt;" type="java.lang.AssertionError"><![CDATA[java.lang.AssertionError: 'true' != 'false' expected:<true> but was:<false>
	at RegressionTest30.test15058(RegressionTest30.java:471)
]]></failure>
  </testcase>
  <testcase name="test15059" classname="RegressionTest30" time="0"/>
  <testcase name="test15060" classname="RegressionTest30" time="0"/>
  <testcase name="test15061" classname="RegressionTest30" time="0"/>
  <testcase name="test15062" classname="RegressionTest30" time="0"/>
  <testcase name="test15063" classname="RegressionTest30" time="0"/>
  <testcase name="test15064" classname="RegressionTest30" time="0"/>
  <testcase name="test15065" classname="RegressionTest30" time="0"/>
  <testcase name="test15066" classname="RegressionTest30" time="0">
    <failure message="&apos;true&apos; != &apos;false&apos; expected:&lt;true&gt; but was:&lt;false&gt;" type="java.lang.AssertionError"><![CDATA[java.lang.AssertionError: 'true' != 'false' expected:<true> but was:<false>
	at RegressionTest30.test15066(RegressionTest30.java:535)
]]></failure>
  </testcase>
  <testcase name="test15067" classname="RegressionTest30" time="0"/>
  <testcase name="test15068" classname="RegressionTest30" time="0">
    <failure message="&apos;true&apos; != &apos;false&apos; expected:&lt;true&gt; but was:&lt;false&gt;" type="java.lang.AssertionError"><![CDATA[java.lang.AssertionError: 'true' != 'false' expected:<true> but was:<false>
	at RegressionTest30.test15068(RegressionTest30.java:551)
]]></failure>
  </testcase>
  <testcase name="test15069" classname="RegressionTest30" time="0"/>
  <testcase name="test15070" classname="RegressionTest30" time="0"/>
  <testcase name="test15071" classname="RegressionTest30" time="0"/>
  <testcase name="test15072" classname="RegressionTest30" time="0"/>
  <testcase name="test15073" classname="RegressionTest30" time="0"/>
  <testcase name="test15074" classname="RegressionTest30" time="0"/>
  <testcase name="test15075" classname="RegressionTest30" time="0">
    <failure message="&apos;true&apos; != &apos;false&apos; expected:&lt;true&gt; but was:&lt;false&gt;" type="java.lang.AssertionError"><![CDATA[java.lang.AssertionError: 'true' != 'false' expected:<true> but was:<false>
	at RegressionTest30.test15075(RegressionTest30.java:607)
]]></failure>
  </testcase>
  <testcase name="test15076" classname="RegressionTest30" time="0"/>
  <testcase name="test15077" classname="RegressionTest30" time="0"/>
  <testcase name="test15078" classname="RegressionTest30" time="0"/>
  <testcase name="test15079" classname="RegressionTest30" time="0"/>
  <testcase name="test15080" classname="RegressionTest30" time="0"/>
  <testcase name="test15081" classname="RegressionTest30" time="0"/>
  <testcase name="test15082" classname="RegressionTest30" time="0"/>
  <testcase name="test15083" classname="RegressionTest30" time="0"/>
  <testcase name="test15084" classname="RegressionTest30" time="0"/>
  <testcase name="test15085" classname="RegressionTest30" time="0"/>
  <testcase name="test15086" classname="RegressionTest30" time="0"/>
  <testcase name="test15087" classname="RegressionTest30" time="0"/>
  <testcase name="test15088" classname="RegressionTest30" time="0"/>
  <testcase name="test15089" classname="RegressionTest30" time="0"/>
  <testcase name="test15090" classname="RegressionTest30" time="0"/>
  <testcase name="test15091" classname="RegressionTest30" time="0"/>
  <testcase name="test15092" classname="RegressionTest30" time="0"/>
  <testcase name="test15093" classname="RegressionTest30" time="0"/>
  <testcase name="test15094" classname="RegressionTest30" time="0"/>
  <testcase name="test15095" classname="RegressionTest30" time="0"/>
  <testcase name="test15096" classname="RegressionTest30" time="0"/>
  <testcase name="test15097" classname="RegressionTest30" time="0"/>
  <testcase name="test15098" classname="RegressionTest30" time="0"/>
  <testcase name="test15099" classname="RegressionTest30" time="0"/>
  <testcase name="test15100" classname="RegressionTest30" time="0"/>
  <testcase name="test15101" classname="RegressionTest30" time="0"/>
  <testcase name="test15102" classname="RegressionTest30" time="0.001">
    <failure message="&apos;true&apos; != &apos;false&apos; expected:&lt;true&gt; but was:&lt;false&gt;" type="java.lang.AssertionError"><![CDATA[java.lang.AssertionError: 'true' != 'false' expected:<true> but was:<false>
	at RegressionTest30.test15102(RegressionTest30.java:823)
]]></failure>
  </testcase>
  <testcase name="test15103" classname="RegressionTest30" time="0"/>
  <testcase name="test15104" classname="RegressionTest30" time="0"/>
  <testcase name="test15105" classname="RegressionTest30" time="0"/>
  <testcase name="test15106" classname="RegressionTest30" time="0"/>
  <testcase name="test15107" classname="RegressionTest30" time="0"/>
  <testcase name="test15108" classname="RegressionTest30" time="0"/>
  <testcase name="test15109" classname="RegressionTest30" time="0"/>
  <testcase name="test15110" classname="RegressionTest30" time="0"/>
  <testcase name="test15111" classname="RegressionTest30" time="0"/>
  <testcase name="test15112" classname="RegressionTest30" time="0"/>
  <testcase name="test15113" classname="RegressionTest30" time="0"/>
  <testcase name="test15114" classname="RegressionTest30" time="0"/>
  <testcase name="test15115" classname="RegressionTest30" time="0"/>
  <testcase name="test15116" classname="RegressionTest30" time="0"/>
  <testcase name="test15117" classname="RegressionTest30" time="0"/>
  <testcase name="test15118" classname="RegressionTest30" time="0"/>
  <testcase name="test15119" classname="RegressionTest30" time="0"/>
  <testcase name="test15120" classname="RegressionTest30" time="0"/>
  <testcase name="test15121" classname="RegressionTest30" time="0"/>
  <testcase name="test15122" classname="RegressionTest30" time="0"/>
  <testcase name="test15123" classname="RegressionTest30" time="0"/>
  <testcase name="test15124" classname="RegressionTest30" time="0"/>
  <testcase name="test15125" classname="RegressionTest30" time="0"/>
  <testcase name="test15126" classname="RegressionTest30" time="0"/>
  <testcase name="test15127" classname="RegressionTest30" time="0"/>
  <testcase name="test15128" classname="RegressionTest30" time="0"/>
  <testcase name="test15129" classname="RegressionTest30" time="0"/>
  <testcase name="test15130" classname="RegressionTest30" time="0"/>
  <testcase name="test15131" classname="RegressionTest30" time="0"/>
  <testcase name="test15132" classname="RegressionTest30" time="0">
    <failure message="&apos;true&apos; != &apos;false&apos; expected:&lt;true&gt; but was:&lt;false&gt;" type="java.lang.AssertionError"><![CDATA[java.lang.AssertionError: 'true' != 'false' expected:<true> but was:<false>
	at RegressionTest30.test15132(RegressionTest30.java:1063)
]]></failure>
  </testcase>
  <testcase name="test15133" classname="RegressionTest30" time="0"/>
  <testcase name="test15134" classname="RegressionTest30" time="0"/>
  <testcase name="test15135" classname="RegressionTest30" time="0"/>
  <testcase name="test15136" classname="RegressionTest30" time="0"/>
  <testcase name="test15137" classname="RegressionTest30" time="0">
    <failure message="&apos;true&apos; != &apos;false&apos; expected:&lt;true&gt; but was:&lt;false&gt;" type="java.lang.AssertionError"><![CDATA[java.lang.AssertionError: 'true' != 'false' expected:<true> but was:<false>
	at RegressionTest30.test15137(RegressionTest30.java:1103)
]]></failure>
  </testcase>
  <testcase name="test15138" classname="RegressionTest30" time="0">
    <failure message="&apos;true&apos; != &apos;false&apos; expected:&lt;true&gt; but was:&lt;false&gt;" type="java.lang.AssertionError"><![CDATA[java.lang.AssertionError: 'true' != 'false' expected:<true> but was:<false>
	at RegressionTest30.test15138(RegressionTest30.java:1111)
]]></failure>
  </testcase>
  <testcase name="test15139" classname="RegressionTest30" time="0"/>
  <testcase name="test15140" classname="RegressionTest30" time="0"/>
  <testcase name="test15141" classname="RegressionTest30" time="0"/>
  <testcase name="test15142" classname="RegressionTest30" time="0"/>
  <testcase name="test15143" classname="RegressionTest30" time="0"/>
  <testcase name="test15144" classname="RegressionTest30" time="0"/>
  <testcase name="test15145" classname="RegressionTest30" time="0"/>
  <testcase name="test15146" classname="RegressionTest30" time="0.001"/>
  <testcase name="test15147" classname="RegressionTest30" time="0"/>
  <testcase name="test15148" classname="RegressionTest30" time="0"/>
  <testcase name="test15149" classname="RegressionTest30" time="0"/>
  <testcase name="test15150" classname="RegressionTest30" time="0"/>
  <testcase name="test15151" classname="RegressionTest30" time="0"/>
  <testcase name="test15152" classname="RegressionTest30" time="0"/>
  <testcase name="test15153" classname="RegressionTest30" time="0"/>
  <testcase name="test15154" classname="RegressionTest30" time="0"/>
  <testcase name="test15155" classname="RegressionTest30" time="0"/>
  <testcase name="test15156" classname="RegressionTest30" time="0"/>
  <testcase name="test15157" classname="RegressionTest30" time="0"/>
  <testcase name="test15158" classname="RegressionTest30" time="0"/>
  <testcase name="test15159" classname="RegressionTest30" time="0"/>
  <testcase name="test15160" classname="RegressionTest30" time="0"/>
  <testcase name="test15161" classname="RegressionTest30" time="0"/>
  <testcase name="test15162" classname="RegressionTest30" time="0">
    <failure message="&apos;true&apos; != &apos;false&apos; expected:&lt;true&gt; but was:&lt;false&gt;" type="java.lang.AssertionError"><![CDATA[java.lang.AssertionError: 'true' != 'false' expected:<true> but was:<false>
	at RegressionTest30.test15162(RegressionTest30.java:1303)
]]></failure>
  </testcase>
  <testcase name="test15163" classname="RegressionTest30" time="0"/>
  <testcase name="test15164" classname="RegressionTest30" time="0"/>
  <testcase name="test15165" classname="RegressionTest30" time="0"/>
  <testcase name="test15166" classname="RegressionTest30" time="0">
    <failure message="&apos;true&apos; != &apos;false&apos; expected:&lt;true&gt; but was:&lt;false&gt;" type="java.lang.AssertionError"><![CDATA[java.lang.AssertionError: 'true' != 'false' expected:<true> but was:<false>
	at RegressionTest30.test15166(RegressionTest30.java:1335)
]]></failure>
  </testcase>
  <testcase name="test15167" classname="RegressionTest30" time="0"/>
  <testcase name="test15168" classname="RegressionTest30" time="0"/>
  <testcase name="test15169" classname="RegressionTest30" time="0"/>
  <testcase name="test15170" classname="RegressionTest30" time="0">
    <failure message="&apos;true&apos; != &apos;false&apos; expected:&lt;true&gt; but was:&lt;false&gt;" type="java.lang.AssertionError"><![CDATA[java.lang.AssertionError: 'true' != 'false' expected:<true> but was:<false>
	at RegressionTest30.test15170(RegressionTest30.java:1367)
]]></failure>
  </testcase>
  <testcase name="test15171" classname="RegressionTest30" time="0"/>
  <testcase name="test15172" classname="RegressionTest30" time="0"/>
  <testcase name="test15173" classname="RegressionTest30" time="0"/>
  <testcase name="test15174" classname="RegressionTest30" time="0"/>
  <testcase name="test15175" classname="RegressionTest30" time="0"/>
  <testcase name="test15176" classname="RegressionTest30" time="0"/>
  <testcase name="test15177" classname="RegressionTest30" time="0"/>
  <testcase name="test15178" classname="RegressionTest30" time="0"/>
  <testcase name="test15179" classname="RegressionTest30" time="0"/>
  <testcase name="test15180" classname="RegressionTest30" time="0"/>
  <testcase name="test15181" classname="RegressionTest30" time="0"/>
  <testcase name="test15182" classname="RegressionTest30" time="0"/>
  <testcase name="test15183" classname="RegressionTest30" time="0"/>
  <testcase name="test15184" classname="RegressionTest30" time="0"/>
  <testcase name="test15185" classname="RegressionTest30" time="0">
    <failure message="&apos;true&apos; != &apos;false&apos; expected:&lt;true&gt; but was:&lt;false&gt;" type="java.lang.AssertionError"><![CDATA[java.lang.AssertionError: 'true' != 'false' expected:<true> but was:<false>
	at RegressionTest30.test15185(RegressionTest30.java:1487)
]]></failure>
  </testcase>
  <testcase name="test15186" classname="RegressionTest30" time="0"/>
  <testcase name="test15187" classname="RegressionTest30" time="0"/>
  <testcase name="test15188" classname="RegressionTest30" time="0.001"/>
  <testcase name="test15189" classname="RegressionTest30" time="0"/>
  <testcase name="test15190" classname="RegressionTest30" time="0">
    <failure message="&apos;true&apos; != &apos;false&apos; expected:&lt;true&gt; but was:&lt;false&gt;" type="java.lang.AssertionError"><![CDATA[java.lang.AssertionError: 'true' != 'false' expected:<true> but was:<false>
	at RegressionTest30.test15190(RegressionTest30.java:1527)
]]></failure>
  </testcase>
  <testcase name="test15191" classname="RegressionTest30" time="0"/>
  <testcase name="test15192" classname="RegressionTest30" time="0"/>
  <testcase name="test15193" classname="RegressionTest30" time="0"/>
  <testcase name="test15194" classname="RegressionTest30" time="0"/>
  <testcase name="test15195" classname="RegressionTest30" time="0"/>
  <testcase name="test15196" classname="RegressionTest30" time="0"/>
  <testcase name="test15197" classname="RegressionTest30" time="0"/>
  <testcase name="test15198" classname="RegressionTest30" time="0">
    <failure message="&apos;true&apos; != &apos;false&apos; expected:&lt;true&gt; but was:&lt;false&gt;" type="java.lang.AssertionError"><![CDATA[java.lang.AssertionError: 'true' != 'false' expected:<true> but was:<false>
	at RegressionTest30.test15198(RegressionTest30.java:1591)
]]></failure>
  </testcase>
  <testcase name="test15199" classname="RegressionTest30" time="0">
    <failure message="&apos;true&apos; != &apos;false&apos; expected:&lt;true&gt; but was:&lt;false&gt;" type="java.lang.AssertionError"><![CDATA[java.lang.AssertionError: 'true' != 'false' expected:<true> but was:<false>
	at RegressionTest30.test15199(RegressionTest30.java:1599)
]]></failure>
  </testcase>
  <testcase name="test15200" classname="RegressionTest30" time="0"/>
  <testcase name="test15201" classname="RegressionTest30" time="0"/>
  <testcase name="test15202" classname="RegressionTest30" time="0"/>
  <testcase name="test15203" classname="RegressionTest30" time="0"/>
  <testcase name="test15204" classname="RegressionTest30" time="0"/>
  <testcase name="test15205" classname="RegressionTest30" time="0"/>
  <testcase name="test15206" classname="RegressionTest30" time="0"/>
  <testcase name="test15207" classname="RegressionTest30" time="0">
    <failure message="&apos;true&apos; != &apos;false&apos; expected:&lt;true&gt; but was:&lt;false&gt;" type="java.lang.AssertionError"><![CDATA[java.lang.AssertionError: 'true' != 'false' expected:<true> but was:<false>
	at RegressionTest30.test15207(RegressionTest30.java:1663)
]]></failure>
  </testcase>
  <testcase name="test15208" classname="RegressionTest30" time="0"/>
  <testcase name="test15209" classname="RegressionTest30" time="0"/>
  <testcase name="test15210" classname="RegressionTest30" time="0"/>
  <testcase name="test15211" classname="RegressionTest30" time="0"/>
  <testcase name="test15212" classname="RegressionTest30" time="0"/>
  <testcase name="test15213" classname="RegressionTest30" time="0"/>
  <testcase name="test15214" classname="RegressionTest30" time="0"/>
  <testcase name="test15215" classname="RegressionTest30" time="0"/>
  <testcase name="test15216" classname="RegressionTest30" time="0"/>
  <testcase name="test15217" classname="RegressionTest30" time="0"/>
  <testcase name="test15218" classname="RegressionTest30" time="0"/>
  <testcase name="test15219" classname="RegressionTest30" time="0"/>
  <testcase name="test15220" classname="RegressionTest30" time="0"/>
  <testcase name="test15221" classname="RegressionTest30" time="0"/>
  <testcase name="test15222" classname="RegressionTest30" time="0"/>
  <testcase name="test15223" classname="RegressionTest30" time="0"/>
  <testcase name="test15224" classname="RegressionTest30" time="0"/>
  <testcase name="test15225" classname="RegressionTest30" time="0"/>
  <testcase name="test15226" classname="RegressionTest30" time="0"/>
  <testcase name="test15227" classname="RegressionTest30" time="0"/>
  <testcase name="test15228" classname="RegressionTest30" time="0"/>
  <testcase name="test15229" classname="RegressionTest30" time="0"/>
  <testcase name="test15230" classname="RegressionTest30" time="0"/>
  <testcase name="test15231" classname="RegressionTest30" time="0"/>
  <testcase name="test15232" classname="RegressionTest30" time="0"/>
  <testcase name="test15233" classname="RegressionTest30" time="0"/>
  <testcase name="test15234" classname="RegressionTest30" time="0"/>
  <testcase name="test15235" classname="RegressionTest30" time="0"/>
  <testcase name="test15236" classname="RegressionTest30" time="0"/>
  <testcase name="test15237" classname="RegressionTest30" time="0"/>
  <testcase name="test15238" classname="RegressionTest30" time="0"/>
  <testcase name="test15239" classname="RegressionTest30" time="0"/>
  <testcase name="test15240" classname="RegressionTest30" time="0"/>
  <testcase name="test15241" classname="RegressionTest30" time="0"/>
  <testcase name="test15242" classname="RegressionTest30" time="0"/>
  <testcase name="test15243" classname="RegressionTest30" time="0">
    <failure message="&apos;true&apos; != &apos;false&apos; expected:&lt;true&gt; but was:&lt;false&gt;" type="java.lang.AssertionError"><![CDATA[java.lang.AssertionError: 'true' != 'false' expected:<true> but was:<false>
	at RegressionTest30.test15243(RegressionTest30.java:1951)
]]></failure>
  </testcase>
  <testcase name="test15244" classname="RegressionTest30" time="0"/>
  <testcase name="test15245" classname="RegressionTest30" time="0">
    <failure message="&apos;true&apos; != &apos;false&apos; expected:&lt;true&gt; but was:&lt;false&gt;" type="java.lang.AssertionError"><![CDATA[java.lang.AssertionError: 'true' != 'false' expected:<true> but was:<false>
	at RegressionTest30.test15245(RegressionTest30.java:1967)
]]></failure>
  </testcase>
  <testcase name="test15246" classname="RegressionTest30" time="0">
    <failure message="&apos;true&apos; != &apos;false&apos; expected:&lt;true&gt; but was:&lt;false&gt;" type="java.lang.AssertionError"><![CDATA[java.lang.AssertionError: 'true' != 'false' expected:<true> but was:<false>
	at RegressionTest30.test15246(RegressionTest30.java:1975)
]]></failure>
  </testcase>
  <testcase name="test15247" classname="RegressionTest30" time="0"/>
  <testcase name="test15248" classname="RegressionTest30" time="0"/>
  <testcase name="test15249" classname="RegressionTest30" time="0"/>
  <testcase name="test15250" classname="RegressionTest30" time="0"/>
  <testcase name="test15251" classname="RegressionTest30" time="0"/>
  <testcase name="test15252" classname="RegressionTest30" time="0"/>
  <testcase name="test15253" classname="RegressionTest30" time="0"/>
  <testcase name="test15254" classname="RegressionTest30" time="0"/>
  <testcase name="test15255" classname="RegressionTest30" time="0"/>
  <testcase name="test15256" classname="RegressionTest30" time="0"/>
  <testcase name="test15257" classname="RegressionTest30" time="0">
    <failure message="&apos;true&apos; != &apos;false&apos; expected:&lt;true&gt; but was:&lt;false&gt;" type="java.lang.AssertionError"><![CDATA[java.lang.AssertionError: 'true' != 'false' expected:<true> but was:<false>
	at RegressionTest30.test15257(RegressionTest30.java:2063)
]]></failure>
  </testcase>
  <testcase name="test15258" classname="RegressionTest30" time="0"/>
  <testcase name="test15259" classname="RegressionTest30" time="0"/>
  <testcase name="test15260" classname="RegressionTest30" time="0"/>
  <testcase name="test15261" classname="RegressionTest30" time="0"/>
  <testcase name="test15262" classname="RegressionTest30" time="0"/>
  <testcase name="test15263" classname="RegressionTest30" time="0"/>
  <testcase name="test15264" classname="RegressionTest30" time="0"/>
  <testcase name="test15265" classname="RegressionTest30" time="0">
    <failure message="&apos;true&apos; != &apos;false&apos; expected:&lt;true&gt; but was:&lt;false&gt;" type="java.lang.AssertionError"><![CDATA[java.lang.AssertionError: 'true' != 'false' expected:<true> but was:<false>
	at RegressionTest30.test15265(RegressionTest30.java:2127)
]]></failure>
  </testcase>
  <testcase name="test15266" classname="RegressionTest30" time="0"/>
  <testcase name="test15267" classname="RegressionTest30" time="0"/>
  <testcase name="test15268" classname="RegressionTest30" time="0"/>
  <testcase name="test15269" classname="RegressionTest30" time="0"/>
  <testcase name="test15270" classname="RegressionTest30" time="0"/>
  <testcase name="test15271" classname="RegressionTest30" time="0"/>
  <testcase name="test15272" classname="RegressionTest30" time="0">
    <failure message="&apos;true&apos; != &apos;false&apos; expected:&lt;true&gt; but was:&lt;false&gt;" type="java.lang.AssertionError"><![CDATA[java.lang.AssertionError: 'true' != 'false' expected:<true> but was:<false>
	at RegressionTest30.test15272(RegressionTest30.java:2183)
]]></failure>
  </testcase>
  <testcase name="test15273" classname="RegressionTest30" time="0"/>
  <testcase name="test15274" classname="RegressionTest30" time="0"/>
  <testcase name="test15275" classname="RegressionTest30" time="0"/>
  <testcase name="test15276" classname="RegressionTest30" time="0"/>
  <testcase name="test15277" classname="RegressionTest30" time="0"/>
  <testcase name="test15278" classname="RegressionTest30" time="0"/>
  <testcase name="test15279" classname="RegressionTest30" time="0.001"/>
  <testcase name="test15280" classname="RegressionTest30" time="0"/>
  <testcase name="test15281" classname="RegressionTest30" time="0"/>
  <testcase name="test15282" classname="RegressionTest30" time="0"/>
  <testcase name="test15283" classname="RegressionTest30" time="0"/>
  <testcase name="test15284" classname="RegressionTest30" time="0"/>
  <testcase name="test15285" classname="RegressionTest30" time="0"/>
  <testcase name="test15286" classname="RegressionTest30" time="0"/>
  <testcase name="test15287" classname="RegressionTest30" time="0"/>
  <testcase name="test15288" classname="RegressionTest30" time="0"/>
  <testcase name="test15289" classname="RegressionTest30" time="0"/>
  <testcase name="test15290" classname="RegressionTest30" time="0"/>
  <testcase name="test15291" classname="RegressionTest30" time="0"/>
  <testcase name="test15292" classname="RegressionTest30" time="0"/>
  <testcase name="test15293" classname="RegressionTest30" time="0"/>
  <testcase name="test15294" classname="RegressionTest30" time="0"/>
  <testcase name="test15295" classname="RegressionTest30" time="0"/>
  <testcase name="test15296" classname="RegressionTest30" time="0"/>
  <testcase name="test15297" classname="RegressionTest30" time="0"/>
  <testcase name="test15298" classname="RegressionTest30" time="0"/>
  <testcase name="test15299" classname="RegressionTest30" time="0"/>
  <testcase name="test15300" classname="RegressionTest30" time="0"/>
  <testcase name="test15301" classname="RegressionTest30" time="0"/>
  <testcase name="test15302" classname="RegressionTest30" time="0"/>
  <testcase name="test15303" classname="RegressionTest30" time="0"/>
  <testcase name="test15304" classname="RegressionTest30" time="0">
    <failure message="&apos;true&apos; != &apos;false&apos; expected:&lt;true&gt; but was:&lt;false&gt;" type="java.lang.AssertionError"><![CDATA[java.lang.AssertionError: 'true' != 'false' expected:<true> but was:<false>
	at RegressionTest30.test15304(RegressionTest30.java:2439)
]]></failure>
  </testcase>
  <testcase name="test15305" classname="RegressionTest30" time="0"/>
  <testcase name="test15306" classname="RegressionTest30" time="0"/>
  <testcase name="test15307" classname="RegressionTest30" time="0"/>
  <testcase name="test15308" classname="RegressionTest30" time="0"/>
  <testcase name="test15309" classname="RegressionTest30" time="0"/>
  <testcase name="test15310" classname="RegressionTest30" time="0"/>
  <testcase name="test15311" classname="RegressionTest30" time="0">
    <failure message="&apos;true&apos; != &apos;false&apos; expected:&lt;true&gt; but was:&lt;false&gt;" type="java.lang.AssertionError"><![CDATA[java.lang.AssertionError: 'true' != 'false' expected:<true> but was:<false>
	at RegressionTest30.test15311(RegressionTest30.java:2495)
]]></failure>
  </testcase>
  <testcase name="test15312" classname="RegressionTest30" time="0"/>
  <testcase name="test15313" classname="RegressionTest30" time="0"/>
  <testcase name="test15314" classname="RegressionTest30" time="0"/>
  <testcase name="test15315" classname="RegressionTest30" time="0"/>
  <testcase name="test15316" classname="RegressionTest30" time="0"/>
  <testcase name="test15317" classname="RegressionTest30" time="0">
    <failure message="&apos;true&apos; != &apos;false&apos; expected:&lt;true&gt; but was:&lt;false&gt;" type="java.lang.AssertionError"><![CDATA[java.lang.AssertionError: 'true' != 'false' expected:<true> but was:<false>
	at RegressionTest30.test15317(RegressionTest30.java:2543)
]]></failure>
  </testcase>
  <testcase name="test15318" classname="RegressionTest30" time="0"/>
  <testcase name="test15319" classname="RegressionTest30" time="0"/>
  <testcase name="test15320" classname="RegressionTest30" time="0"/>
  <testcase name="test15321" classname="RegressionTest30" time="0"/>
  <testcase name="test15322" classname="RegressionTest30" time="0"/>
  <testcase name="test15323" classname="RegressionTest30" time="0"/>
  <testcase name="test15324" classname="RegressionTest30" time="0"/>
  <testcase name="test15325" classname="RegressionTest30" time="0"/>
  <testcase name="test15326" classname="RegressionTest30" time="0.001"/>
  <testcase name="test15327" classname="RegressionTest30" time="0"/>
  <testcase name="test15328" classname="RegressionTest30" time="0"/>
  <testcase name="test15329" classname="RegressionTest30" time="0"/>
  <testcase name="test15330" classname="RegressionTest30" time="0"/>
  <testcase name="test15331" classname="RegressionTest30" time="0"/>
  <testcase name="test15332" classname="RegressionTest30" time="0"/>
  <testcase name="test15333" classname="RegressionTest30" time="0"/>
  <testcase name="test15334" classname="RegressionTest30" time="0"/>
  <testcase name="test15335" classname="RegressionTest30" time="0"/>
  <testcase name="test15336" classname="RegressionTest30" time="0"/>
  <testcase name="test15337" classname="RegressionTest30" time="0"/>
  <testcase name="test15338" classname="RegressionTest30" time="0"/>
  <testcase name="test15339" classname="RegressionTest30" time="0"/>
  <testcase name="test15340" classname="RegressionTest30" time="0"/>
  <testcase name="test15341" classname="RegressionTest30" time="0"/>
  <testcase name="test15342" classname="RegressionTest30" time="0"/>
  <testcase name="test15343" classname="RegressionTest30" time="0"/>
  <testcase name="test15344" classname="RegressionTest30" time="0"/>
  <testcase name="test15345" classname="RegressionTest30" time="0"/>
  <testcase name="test15346" classname="RegressionTest30" time="0"/>
  <testcase name="test15347" classname="RegressionTest30" time="0"/>
  <testcase name="test15348" classname="RegressionTest30" time="0"/>
  <testcase name="test15349" classname="RegressionTest30" time="0"/>
  <testcase name="test15350" classname="RegressionTest30" time="0"/>
  <testcase name="test15351" classname="RegressionTest30" time="0"/>
  <testcase name="test15352" classname="RegressionTest30" time="0"/>
  <testcase name="test15353" classname="RegressionTest30" time="0"/>
  <testcase name="test15354" classname="RegressionTest30" time="0">
    <failure message="&apos;true&apos; != &apos;false&apos; expected:&lt;true&gt; but was:&lt;false&gt;" type="java.lang.AssertionError"><![CDATA[java.lang.AssertionError: 'true' != 'false' expected:<true> but was:<false>
	at RegressionTest30.test15354(RegressionTest30.java:2839)
]]></failure>
  </testcase>
  <testcase name="test15355" classname="RegressionTest30" time="0"/>
  <testcase name="test15356" classname="RegressionTest30" time="0"/>
  <testcase name="test15357" classname="RegressionTest30" time="0"/>
  <testcase name="test15358" classname="RegressionTest30" time="0"/>
  <testcase name="test15359" classname="RegressionTest30" time="0"/>
  <testcase name="test15360" classname="RegressionTest30" time="0"/>
  <testcase name="test15361" classname="RegressionTest30" time="0"/>
  <testcase name="test15362" classname="RegressionTest30" time="0"/>
  <testcase name="test15363" classname="RegressionTest30" time="0"/>
  <testcase name="test15364" classname="RegressionTest30" time="0"/>
  <testcase name="test15365" classname="RegressionTest30" time="0"/>
  <testcase name="test15366" classname="RegressionTest30" time="0"/>
  <testcase name="test15367" classname="RegressionTest30" time="0"/>
  <testcase name="test15368" classname="RegressionTest30" time="0"/>
  <testcase name="test15369" classname="RegressionTest30" time="0"/>
  <testcase name="test15370" classname="RegressionTest30" time="0"/>
  <testcase name="test15371" classname="RegressionTest30" time="0"/>
  <testcase name="test15372" classname="RegressionTest30" time="0"/>
  <testcase name="test15373" classname="RegressionTest30" time="0.001">
    <failure message="&apos;true&apos; != &apos;false&apos; expected:&lt;true&gt; but was:&lt;false&gt;" type="java.lang.AssertionError"><![CDATA[java.lang.AssertionError: 'true' != 'false' expected:<true> but was:<false>
	at RegressionTest30.test15373(RegressionTest30.java:2991)
]]></failure>
  </testcase>
  <testcase name="test15374" classname="RegressionTest30" time="0"/>
  <testcase name="test15375" classname="RegressionTest30" time="0"/>
  <testcase name="test15376" classname="RegressionTest30" time="0"/>
  <testcase name="test15377" classname="RegressionTest30" time="0"/>
  <testcase name="test15378" classname="RegressionTest30" time="0">
    <failure message="&apos;true&apos; != &apos;false&apos; expected:&lt;true&gt; but was:&lt;false&gt;" type="java.lang.AssertionError"><![CDATA[java.lang.AssertionError: 'true' != 'false' expected:<true> but was:<false>
	at RegressionTest30.test15378(RegressionTest30.java:3031)
]]></failure>
  </testcase>
  <testcase name="test15379" classname="RegressionTest30" time="0"/>
  <testcase name="test15380" classname="RegressionTest30" time="0"/>
  <testcase name="test15381" classname="RegressionTest30" time="0"/>
  <testcase name="test15382" classname="RegressionTest30" time="0">
    <failure message="&apos;true&apos; != &apos;false&apos; expected:&lt;true&gt; but was:&lt;false&gt;" type="java.lang.AssertionError"><![CDATA[java.lang.AssertionError: 'true' != 'false' expected:<true> but was:<false>
	at RegressionTest30.test15382(RegressionTest30.java:3063)
]]></failure>
  </testcase>
  <testcase name="test15383" classname="RegressionTest30" time="0"/>
  <testcase name="test15384" classname="RegressionTest30" time="0"/>
  <testcase name="test15385" classname="RegressionTest30" time="0"/>
  <testcase name="test15386" classname="RegressionTest30" time="0"/>
  <testcase name="test15387" classname="RegressionTest30" time="0"/>
  <testcase name="test15388" classname="RegressionTest30" time="0">
    <failure message="&apos;true&apos; != &apos;false&apos; expected:&lt;true&gt; but was:&lt;false&gt;" type="java.lang.AssertionError"><![CDATA[java.lang.AssertionError: 'true' != 'false' expected:<true> but was:<false>
	at RegressionTest30.test15388(RegressionTest30.java:3111)
]]></failure>
  </testcase>
  <testcase name="test15389" classname="RegressionTest30" time="0"/>
  <testcase name="test15390" classname="RegressionTest30" time="0"/>
  <testcase name="test15391" classname="RegressionTest30" time="0"/>
  <testcase name="test15392" classname="RegressionTest30" time="0"/>
  <testcase name="test15393" classname="RegressionTest30" time="0"/>
  <testcase name="test15394" classname="RegressionTest30" time="0"/>
  <testcase name="test15395" classname="RegressionTest30" time="0"/>
  <testcase name="test15396" classname="RegressionTest30" time="0"/>
  <testcase name="test15397" classname="RegressionTest30" time="0"/>
  <testcase name="test15398" classname="RegressionTest30" time="0"/>
  <testcase name="test15399" classname="RegressionTest30" time="0"/>
  <testcase name="test15400" classname="RegressionTest30" time="0"/>
  <testcase name="test15401" classname="RegressionTest30" time="0"/>
  <testcase name="test15402" classname="RegressionTest30" time="0"/>
  <testcase name="test15403" classname="RegressionTest30" time="0"/>
  <testcase name="test15404" classname="RegressionTest30" time="0"/>
  <testcase name="test15405" classname="RegressionTest30" time="0">
    <failure message="&apos;true&apos; != &apos;false&apos; expected:&lt;true&gt; but was:&lt;false&gt;" type="java.lang.AssertionError"><![CDATA[java.lang.AssertionError: 'true' != 'false' expected:<true> but was:<false>
	at RegressionTest30.test15405(RegressionTest30.java:3247)
]]></failure>
  </testcase>
  <testcase name="test15406" classname="RegressionTest30" time="0"/>
  <testcase name="test15407" classname="RegressionTest30" time="0"/>
  <testcase name="test15408" classname="RegressionTest30" time="0"/>
  <testcase name="test15409" classname="RegressionTest30" time="0"/>
  <testcase name="test15410" classname="RegressionTest30" time="0"/>
  <testcase name="test15411" classname="RegressionTest30" time="0">
    <failure message="&apos;true&apos; != &apos;false&apos; expected:&lt;true&gt; but was:&lt;false&gt;" type="java.lang.AssertionError"><![CDATA[java.lang.AssertionError: 'true' != 'false' expected:<true> but was:<false>
	at RegressionTest30.test15411(RegressionTest30.java:3295)
]]></failure>
  </testcase>
  <testcase name="test15412" classname="RegressionTest30" time="0"/>
  <testcase name="test15413" classname="RegressionTest30" time="0">
    <failure message="&apos;true&apos; != &apos;false&apos; expected:&lt;true&gt; but was:&lt;false&gt;" type="java.lang.AssertionError"><![CDATA[java.lang.AssertionError: 'true' != 'false' expected:<true> but was:<false>
	at RegressionTest30.test15413(RegressionTest30.java:3311)
]]></failure>
  </testcase>
  <testcase name="test15414" classname="RegressionTest30" time="0"/>
  <testcase name="test15415" classname="RegressionTest30" time="0.001"/>
  <testcase name="test15416" classname="RegressionTest30" time="0"/>
  <testcase name="test15417" classname="RegressionTest30" time="0"/>
  <testcase name="test15418" classname="RegressionTest30" time="0"/>
  <testcase name="test15419" classname="RegressionTest30" time="0"/>
  <testcase name="test15420" classname="RegressionTest30" time="0"/>
  <testcase name="test15421" classname="RegressionTest30" time="0"/>
  <testcase name="test15422" classname="RegressionTest30" time="0"/>
  <testcase name="test15423" classname="RegressionTest30" time="0"/>
  <testcase name="test15424" classname="RegressionTest30" time="0">
    <failure message="&apos;true&apos; != &apos;false&apos; expected:&lt;true&gt; but was:&lt;false&gt;" type="java.lang.AssertionError"><![CDATA[java.lang.AssertionError: 'true' != 'false' expected:<true> but was:<false>
	at RegressionTest30.test15424(RegressionTest30.java:3399)
]]></failure>
  </testcase>
  <testcase name="test15425" classname="RegressionTest30" time="0"/>
  <testcase name="test15426" classname="RegressionTest30" time="0"/>
  <testcase name="test15427" classname="RegressionTest30" time="0"/>
  <testcase name="test15428" classname="RegressionTest30" time="0"/>
  <testcase name="test15429" classname="RegressionTest30" time="0"/>
  <testcase name="test15430" classname="RegressionTest30" time="0"/>
  <testcase name="test15431" classname="RegressionTest30" time="0"/>
  <testcase name="test15432" classname="RegressionTest30" time="0"/>
  <testcase name="test15433" classname="RegressionTest30" time="0"/>
  <testcase name="test15434" classname="RegressionTest30" time="0"/>
  <testcase name="test15435" classname="RegressionTest30" time="0"/>
  <testcase name="test15436" classname="RegressionTest30" time="0">
    <failure message="&apos;true&apos; != &apos;false&apos; expected:&lt;true&gt; but was:&lt;false&gt;" type="java.lang.AssertionError"><![CDATA[java.lang.AssertionError: 'true' != 'false' expected:<true> but was:<false>
	at RegressionTest30.test15436(RegressionTest30.java:3495)
]]></failure>
  </testcase>
  <testcase name="test15437" classname="RegressionTest30" time="0"/>
  <testcase name="test15438" classname="RegressionTest30" time="0"/>
  <testcase name="test15439" classname="RegressionTest30" time="0"/>
  <testcase name="test15440" classname="RegressionTest30" time="0"/>
  <testcase name="test15441" classname="RegressionTest30" time="0"/>
  <testcase name="test15442" classname="RegressionTest30" time="0"/>
  <testcase name="test15443" classname="RegressionTest30" time="0"/>
  <testcase name="test15444" classname="RegressionTest30" time="0"/>
  <testcase name="test15445" classname="RegressionTest30" time="0"/>
  <testcase name="test15446" classname="RegressionTest30" time="0"/>
  <testcase name="test15447" classname="RegressionTest30" time="0"/>
  <testcase name="test15448" classname="RegressionTest30" time="0"/>
  <testcase name="test15449" classname="RegressionTest30" time="0"/>
  <testcase name="test15450" classname="RegressionTest30" time="0"/>
  <testcase name="test15451" classname="RegressionTest30" time="0"/>
  <testcase name="test15452" classname="RegressionTest30" time="0"/>
  <testcase name="test15453" classname="RegressionTest30" time="0"/>
  <testcase name="test15454" classname="RegressionTest30" time="0"/>
  <testcase name="test15455" classname="RegressionTest30" time="0"/>
  <testcase name="test15456" classname="RegressionTest30" time="0"/>
  <testcase name="test15457" classname="RegressionTest30" time="0"/>
  <testcase name="test15458" classname="RegressionTest30" time="0"/>
  <testcase name="test15459" classname="RegressionTest30" time="0.001"/>
  <testcase name="test15460" classname="RegressionTest30" time="0"/>
  <testcase name="test15461" classname="RegressionTest30" time="0"/>
  <testcase name="test15462" classname="RegressionTest30" time="0"/>
  <testcase name="test15463" classname="RegressionTest30" time="0"/>
  <testcase name="test15464" classname="RegressionTest30" time="0"/>
  <testcase name="test15465" classname="RegressionTest30" time="0"/>
  <testcase name="test15466" classname="RegressionTest30" time="0"/>
  <testcase name="test15467" classname="RegressionTest30" time="0"/>
  <testcase name="test15468" classname="RegressionTest30" time="0"/>
  <testcase name="test15469" classname="RegressionTest30" time="0"/>
  <testcase name="test15470" classname="RegressionTest30" time="0"/>
  <testcase name="test15471" classname="RegressionTest30" time="0"/>
  <testcase name="test15472" classname="RegressionTest30" time="0"/>
  <testcase name="test15473" classname="RegressionTest30" time="0">
    <failure message="&apos;true&apos; != &apos;false&apos; expected:&lt;true&gt; but was:&lt;false&gt;" type="java.lang.AssertionError"><![CDATA[java.lang.AssertionError: 'true' != 'false' expected:<true> but was:<false>
	at RegressionTest30.test15473(RegressionTest30.java:3791)
]]></failure>
  </testcase>
  <testcase name="test15474" classname="RegressionTest30" time="0"/>
  <testcase name="test15475" classname="RegressionTest30" time="0"/>
  <testcase name="test15476" classname="RegressionTest30" time="0"/>
  <testcase name="test15477" classname="RegressionTest30" time="0"/>
  <testcase name="test15478" classname="RegressionTest30" time="0"/>
  <testcase name="test15479" classname="RegressionTest30" time="0"/>
  <testcase name="test15480" classname="RegressionTest30" time="0">
    <failure message="&apos;true&apos; != &apos;false&apos; expected:&lt;true&gt; but was:&lt;false&gt;" type="java.lang.AssertionError"><![CDATA[java.lang.AssertionError: 'true' != 'false' expected:<true> but was:<false>
	at RegressionTest30.test15480(RegressionTest30.java:3847)
]]></failure>
  </testcase>
  <testcase name="test15481" classname="RegressionTest30" time="0"/>
  <testcase name="test15482" classname="RegressionTest30" time="0"/>
  <testcase name="test15483" classname="RegressionTest30" time="0"/>
  <testcase name="test15484" classname="RegressionTest30" time="0"/>
  <testcase name="test15485" classname="RegressionTest30" time="0"/>
  <testcase name="test15486" classname="RegressionTest30" time="0"/>
  <testcase name="test15487" classname="RegressionTest30" time="0"/>
  <testcase name="test15488" classname="RegressionTest30" time="0"/>
  <testcase name="test15489" classname="RegressionTest30" time="0"/>
  <testcase name="test15490" classname="RegressionTest30" time="0"/>
  <testcase name="test15491" classname="RegressionTest30" time="0"/>
  <testcase name="test15492" classname="RegressionTest30" time="0"/>
  <testcase name="test15493" classname="RegressionTest30" time="0"/>
  <testcase name="test15494" classname="RegressionTest30" time="0"/>
  <testcase name="test15495" classname="RegressionTest30" time="0"/>
  <testcase name="test15496" classname="RegressionTest30" time="0"/>
  <testcase name="test15497" classname="RegressionTest30" time="0"/>
  <testcase name="test15498" classname="RegressionTest30" time="0"/>
  <testcase name="test15499" classname="RegressionTest30" time="0"/>
  <testcase name="test15500" classname="RegressionTest30" time="0"/>
  <testcase name="test15501" classname="RegressionTest31" time="0"/>
  <testcase name="test15502" classname="RegressionTest31" time="0"/>
  <testcase name="test15503" classname="RegressionTest31" time="0"/>
  <testcase name="test15504" classname="RegressionTest31" time="0"/>
  <testcase name="test15505" classname="RegressionTest31" time="0"/>
  <testcase name="test15506" classname="RegressionTest31" time="0"/>
  <testcase name="test15507" classname="RegressionTest31" time="0"/>
  <testcase name="test15508" classname="RegressionTest31" time="0"/>
  <testcase name="test15509" classname="RegressionTest31" time="0"/>
  <testcase name="test15510" classname="RegressionTest31" time="0"/>
  <testcase name="test15511" classname="RegressionTest31" time="0"/>
  <testcase name="test15512" classname="RegressionTest31" time="0"/>
  <testcase name="test15513" classname="RegressionTest31" time="0"/>
  <testcase name="test15514" classname="RegressionTest31" time="0"/>
  <testcase name="test15515" classname="RegressionTest31" time="0"/>
  <testcase name="test15516" classname="RegressionTest31" time="0"/>
  <testcase name="test15517" classname="RegressionTest31" time="0"/>
  <testcase name="test15518" classname="RegressionTest31" time="0"/>
  <testcase name="test15519" classname="RegressionTest31" time="0"/>
  <testcase name="test15520" classname="RegressionTest31" time="0"/>
  <testcase name="test15521" classname="RegressionTest31" time="0"/>
  <testcase name="test15522" classname="RegressionTest31" time="0"/>
  <testcase name="test15523" classname="RegressionTest31" time="0"/>
  <testcase name="test15524" classname="RegressionTest31" time="0"/>
  <testcase name="test15525" classname="RegressionTest31" time="0"/>
  <testcase name="test15526" classname="RegressionTest31" time="0"/>
  <testcase name="test15527" classname="RegressionTest31" time="0"/>
  <testcase name="test15528" classname="RegressionTest31" time="0"/>
  <testcase name="test15529" classname="RegressionTest31" time="0"/>
  <testcase name="test15530" classname="RegressionTest31" time="0"/>
  <testcase name="test15531" classname="RegressionTest31" time="0"/>
  <testcase name="test15532" classname="RegressionTest31" time="0"/>
  <testcase name="test15533" classname="RegressionTest31" time="0"/>
  <testcase name="test15534" classname="RegressionTest31" time="0"/>
  <testcase name="test15535" classname="RegressionTest31" time="0"/>
  <testcase name="test15536" classname="RegressionTest31" time="0"/>
  <testcase name="test15537" classname="RegressionTest31" time="0"/>
  <testcase name="test15538" classname="RegressionTest31" time="0"/>
  <testcase name="test15539" classname="RegressionTest31" time="0"/>
  <testcase name="test15540" classname="RegressionTest31" time="0"/>
  <testcase name="test15541" classname="RegressionTest31" time="0"/>
  <testcase name="test15542" classname="RegressionTest31" time="0"/>
  <testcase name="test15543" classname="RegressionTest31" time="0"/>
  <testcase name="test15544" classname="RegressionTest31" time="0"/>
  <testcase name="test15545" classname="RegressionTest31" time="0"/>
  <testcase name="test15546" classname="RegressionTest31" time="0"/>
  <testcase name="test15547" classname="RegressionTest31" time="0"/>
  <testcase name="test15548" classname="RegressionTest31" time="0"/>
  <testcase name="test15549" classname="RegressionTest31" time="0"/>
  <testcase name="test15550" classname="RegressionTest31" time="0"/>
  <testcase name="test15551" classname="RegressionTest31" time="0"/>
  <testcase name="test15552" classname="RegressionTest31" time="0"/>
  <testcase name="test15553" classname="RegressionTest31" time="0"/>
  <testcase name="test15554" classname="RegressionTest31" time="0"/>
  <testcase name="test15555" classname="RegressionTest31" time="0"/>
  <testcase name="test15556" classname="RegressionTest31" time="0"/>
  <testcase name="test15557" classname="RegressionTest31" time="0"/>
  <testcase name="test15558" classname="RegressionTest31" time="0"/>
  <testcase name="test15559" classname="RegressionTest31" time="0"/>
  <testcase name="test15560" classname="RegressionTest31" time="0"/>
  <testcase name="test15561" classname="RegressionTest31" time="0"/>
  <testcase name="test15562" classname="RegressionTest31" time="0"/>
  <testcase name="test15563" classname="RegressionTest31" time="0"/>
  <testcase name="test15564" classname="RegressionTest31" time="0"/>
  <testcase name="test15565" classname="RegressionTest31" time="0"/>
  <testcase name="test15566" classname="RegressionTest31" time="0"/>
  <testcase name="test15567" classname="RegressionTest31" time="0"/>
  <testcase name="test15568" classname="RegressionTest31" time="0"/>
  <testcase name="test15569" classname="RegressionTest31" time="0"/>
  <testcase name="test15570" classname="RegressionTest31" time="0"/>
  <testcase name="test15571" classname="RegressionTest31" time="0"/>
  <testcase name="test15572" classname="RegressionTest31" time="0"/>
  <testcase name="test15573" classname="RegressionTest31" time="0"/>
  <testcase name="test15574" classname="RegressionTest31" time="0"/>
  <testcase name="test15575" classname="RegressionTest31" time="0"/>
  <testcase name="test15576" classname="RegressionTest31" time="0"/>
  <testcase name="test15577" classname="RegressionTest31" time="0"/>
  <testcase name="test15578" classname="RegressionTest31" time="0"/>
  <testcase name="test15579" classname="RegressionTest31" time="0"/>
  <testcase name="test15580" classname="RegressionTest31" time="0"/>
  <testcase name="test15581" classname="RegressionTest31" time="0"/>
  <testcase name="test15582" classname="RegressionTest31" time="0"/>
  <testcase name="test15583" classname="RegressionTest31" time="0"/>
  <testcase name="test15584" classname="RegressionTest31" time="0"/>
  <testcase name="test15585" classname="RegressionTest31" time="0"/>
  <testcase name="test15586" classname="RegressionTest31" time="0"/>
  <testcase name="test15587" classname="RegressionTest31" time="0"/>
  <testcase name="test15588" classname="RegressionTest31" time="0"/>
  <testcase name="test15589" classname="RegressionTest31" time="0"/>
  <testcase name="test15590" classname="RegressionTest31" time="0"/>
  <testcase name="test15591" classname="RegressionTest31" time="0"/>
  <testcase name="test15592" classname="RegressionTest31" time="0"/>
  <testcase name="test15593" classname="RegressionTest31" time="0"/>
  <testcase name="test15594" classname="RegressionTest31" time="0.001"/>
  <testcase name="test15595" classname="RegressionTest31" time="0"/>
  <testcase name="test15596" classname="RegressionTest31" time="0"/>
  <testcase name="test15597" classname="RegressionTest31" time="0"/>
  <testcase name="test15598" classname="RegressionTest31" time="0"/>
  <testcase name="test15599" classname="RegressionTest31" time="0"/>
  <testcase name="test15600" classname="RegressionTest31" time="0"/>
  <testcase name="test15601" classname="RegressionTest31" time="0"/>
  <testcase name="test15602" classname="RegressionTest31" time="0">
    <failure message="&apos;true&apos; != &apos;false&apos; expected:&lt;true&gt; but was:&lt;false&gt;" type="java.lang.AssertionError"><![CDATA[java.lang.AssertionError: 'true' != 'false' expected:<true> but was:<false>
	at RegressionTest31.test15602(RegressionTest31.java:823)
]]></failure>
  </testcase>
  <testcase name="test15603" classname="RegressionTest31" time="0"/>
  <testcase name="test15604" classname="RegressionTest31" time="0"/>
  <testcase name="test15605" classname="RegressionTest31" time="0"/>
  <testcase name="test15606" classname="RegressionTest31" time="0"/>
  <testcase name="test15607" classname="RegressionTest31" time="0"/>
  <testcase name="test15608" classname="RegressionTest31" time="0"/>
  <testcase name="test15609" classname="RegressionTest31" time="0"/>
  <testcase name="test15610" classname="RegressionTest31" time="0"/>
  <testcase name="test15611" classname="RegressionTest31" time="0"/>
  <testcase name="test15612" classname="RegressionTest31" time="0"/>
  <testcase name="test15613" classname="RegressionTest31" time="0"/>
  <testcase name="test15614" classname="RegressionTest31" time="0"/>
  <testcase name="test15615" classname="RegressionTest31" time="0"/>
  <testcase name="test15616" classname="RegressionTest31" time="0"/>
  <testcase name="test15617" classname="RegressionTest31" time="0"/>
  <testcase name="test15618" classname="RegressionTest31" time="0"/>
  <testcase name="test15619" classname="RegressionTest31" time="0"/>
  <testcase name="test15620" classname="RegressionTest31" time="0"/>
  <testcase name="test15621" classname="RegressionTest31" time="0">
    <failure message="&apos;true&apos; != &apos;false&apos; expected:&lt;true&gt; but was:&lt;false&gt;" type="java.lang.AssertionError"><![CDATA[java.lang.AssertionError: 'true' != 'false' expected:<true> but was:<false>
	at RegressionTest31.test15621(RegressionTest31.java:975)
]]></failure>
  </testcase>
  <testcase name="test15622" classname="RegressionTest31" time="0"/>
  <testcase name="test15623" classname="RegressionTest31" time="0"/>
  <testcase name="test15624" classname="RegressionTest31" time="0"/>
  <testcase name="test15625" classname="RegressionTest31" time="0"/>
  <testcase name="test15626" classname="RegressionTest31" time="0">
    <failure message="&apos;true&apos; != &apos;false&apos; expected:&lt;true&gt; but was:&lt;false&gt;" type="java.lang.AssertionError"><![CDATA[java.lang.AssertionError: 'true' != 'false' expected:<true> but was:<false>
	at RegressionTest31.test15626(RegressionTest31.java:1015)
]]></failure>
  </testcase>
  <testcase name="test15627" classname="RegressionTest31" time="0"/>
  <testcase name="test15628" classname="RegressionTest31" time="0"/>
  <testcase name="test15629" classname="RegressionTest31" time="0"/>
  <testcase name="test15630" classname="RegressionTest31" time="0"/>
  <testcase name="test15631" classname="RegressionTest31" time="0"/>
  <testcase name="test15632" classname="RegressionTest31" time="0"/>
  <testcase name="test15633" classname="RegressionTest31" time="0"/>
  <testcase name="test15634" classname="RegressionTest31" time="0"/>
  <testcase name="test15635" classname="RegressionTest31" time="0"/>
  <testcase name="test15636" classname="RegressionTest31" time="0"/>
  <testcase name="test15637" classname="RegressionTest31" time="0"/>
  <testcase name="test15638" classname="RegressionTest31" time="0"/>
  <testcase name="test15639" classname="RegressionTest31" time="0"/>
  <testcase name="test15640" classname="RegressionTest31" time="0"/>
  <testcase name="test15641" classname="RegressionTest31" time="0.001"/>
  <testcase name="test15642" classname="RegressionTest31" time="0"/>
  <testcase name="test15643" classname="RegressionTest31" time="0"/>
  <testcase name="test15644" classname="RegressionTest31" time="0"/>
  <testcase name="test15645" classname="RegressionTest31" time="0"/>
  <testcase name="test15646" classname="RegressionTest31" time="0"/>
  <testcase name="test15647" classname="RegressionTest31" time="0"/>
  <testcase name="test15648" classname="RegressionTest31" time="0"/>
  <testcase name="test15649" classname="RegressionTest31" time="0"/>
  <testcase name="test15650" classname="RegressionTest31" time="0">
    <failure message="&apos;true&apos; != &apos;false&apos; expected:&lt;true&gt; but was:&lt;false&gt;" type="java.lang.AssertionError"><![CDATA[java.lang.AssertionError: 'true' != 'false' expected:<true> but was:<false>
	at RegressionTest31.test15650(RegressionTest31.java:1207)
]]></failure>
  </testcase>
  <testcase name="test15651" classname="RegressionTest31" time="0"/>
  <testcase name="test15652" classname="RegressionTest31" time="0"/>
  <testcase name="test15653" classname="RegressionTest31" time="0">
    <failure message="&apos;true&apos; != &apos;false&apos; expected:&lt;true&gt; but was:&lt;false&gt;" type="java.lang.AssertionError"><![CDATA[java.lang.AssertionError: 'true' != 'false' expected:<true> but was:<false>
	at RegressionTest31.test15653(RegressionTest31.java:1231)
]]></failure>
  </testcase>
  <testcase name="test15654" classname="RegressionTest31" time="0"/>
  <testcase name="test15655" classname="RegressionTest31" time="0"/>
  <testcase name="test15656" classname="RegressionTest31" time="0"/>
  <testcase name="test15657" classname="RegressionTest31" time="0"/>
  <testcase name="test15658" classname="RegressionTest31" time="0"/>
  <testcase name="test15659" classname="RegressionTest31" time="0"/>
  <testcase name="test15660" classname="RegressionTest31" time="0"/>
  <testcase name="test15661" classname="RegressionTest31" time="0"/>
  <testcase name="test15662" classname="RegressionTest31" time="0"/>
  <testcase name="test15663" classname="RegressionTest31" time="0"/>
  <testcase name="test15664" classname="RegressionTest31" time="0"/>
  <testcase name="test15665" classname="RegressionTest31" time="0"/>
  <testcase name="test15666" classname="RegressionTest31" time="0"/>
  <testcase name="test15667" classname="RegressionTest31" time="0"/>
  <testcase name="test15668" classname="RegressionTest31" time="0"/>
  <testcase name="test15669" classname="RegressionTest31" time="0"/>
  <testcase name="test15670" classname="RegressionTest31" time="0"/>
  <testcase name="test15671" classname="RegressionTest31" time="0"/>
  <testcase name="test15672" classname="RegressionTest31" time="0"/>
  <testcase name="test15673" classname="RegressionTest31" time="0"/>
  <testcase name="test15674" classname="RegressionTest31" time="0"/>
  <testcase name="test15675" classname="RegressionTest31" time="0"/>
  <testcase name="test15676" classname="RegressionTest31" time="0"/>
  <testcase name="test15677" classname="RegressionTest31" time="0"/>
  <testcase name="test15678" classname="RegressionTest31" time="0"/>
  <testcase name="test15679" classname="RegressionTest31" time="0"/>
  <testcase name="test15680" classname="RegressionTest31" time="0"/>
  <testcase name="test15681" classname="RegressionTest31" time="0"/>
  <testcase name="test15682" classname="RegressionTest31" time="0"/>
  <testcase name="test15683" classname="RegressionTest31" time="0"/>
  <testcase name="test15684" classname="RegressionTest31" time="0"/>
  <testcase name="test15685" classname="RegressionTest31" time="0"/>
  <testcase name="test15686" classname="RegressionTest31" time="0.001"/>
  <testcase name="test15687" classname="RegressionTest31" time="0"/>
  <testcase name="test15688" classname="RegressionTest31" time="0"/>
  <testcase name="test15689" classname="RegressionTest31" time="0"/>
  <testcase name="test15690" classname="RegressionTest31" time="0"/>
  <testcase name="test15691" classname="RegressionTest31" time="0"/>
  <testcase name="test15692" classname="RegressionTest31" time="0"/>
  <testcase name="test15693" classname="RegressionTest31" time="0"/>
  <testcase name="test15694" classname="RegressionTest31" time="0"/>
  <testcase name="test15695" classname="RegressionTest31" time="0"/>
  <testcase name="test15696" classname="RegressionTest31" time="0"/>
  <testcase name="test15697" classname="RegressionTest31" time="0"/>
  <testcase name="test15698" classname="RegressionTest31" time="0"/>
  <testcase name="test15699" classname="RegressionTest31" time="0"/>
  <testcase name="test15700" classname="RegressionTest31" time="0"/>
  <testcase name="test15701" classname="RegressionTest31" time="0"/>
  <testcase name="test15702" classname="RegressionTest31" time="0"/>
  <testcase name="test15703" classname="RegressionTest31" time="0">
    <failure message="&apos;true&apos; != &apos;false&apos; expected:&lt;true&gt; but was:&lt;false&gt;" type="java.lang.AssertionError"><![CDATA[java.lang.AssertionError: 'true' != 'false' expected:<true> but was:<false>
	at RegressionTest31.test15703(RegressionTest31.java:1631)
]]></failure>
  </testcase>
  <testcase name="test15704" classname="RegressionTest31" time="0"/>
  <testcase name="test15705" classname="RegressionTest31" time="0"/>
  <testcase name="test15706" classname="RegressionTest31" time="0"/>
  <testcase name="test15707" classname="RegressionTest31" time="0"/>
  <testcase name="test15708" classname="RegressionTest31" time="0"/>
  <testcase name="test15709" classname="RegressionTest31" time="0"/>
  <testcase name="test15710" classname="RegressionTest31" time="0"/>
  <testcase name="test15711" classname="RegressionTest31" time="0"/>
  <testcase name="test15712" classname="RegressionTest31" time="0"/>
  <testcase name="test15713" classname="RegressionTest31" time="0"/>
  <testcase name="test15714" classname="RegressionTest31" time="0"/>
  <testcase name="test15715" classname="RegressionTest31" time="0"/>
  <testcase name="test15716" classname="RegressionTest31" time="0"/>
  <testcase name="test15717" classname="RegressionTest31" time="0"/>
  <testcase name="test15718" classname="RegressionTest31" time="0"/>
  <testcase name="test15719" classname="RegressionTest31" time="0">
    <failure message="&apos;true&apos; != &apos;false&apos; expected:&lt;true&gt; but was:&lt;false&gt;" type="java.lang.AssertionError"><![CDATA[java.lang.AssertionError: 'true' != 'false' expected:<true> but was:<false>
	at RegressionTest31.test15719(RegressionTest31.java:1759)
]]></failure>
  </testcase>
  <testcase name="test15720" classname="RegressionTest31" time="0"/>
  <testcase name="test15721" classname="RegressionTest31" time="0"/>
  <testcase name="test15722" classname="RegressionTest31" time="0"/>
  <testcase name="test15723" classname="RegressionTest31" time="0"/>
  <testcase name="test15724" classname="RegressionTest31" time="0"/>
  <testcase name="test15725" classname="RegressionTest31" time="0"/>
  <testcase name="test15726" classname="RegressionTest31" time="0"/>
  <testcase name="test15727" classname="RegressionTest31" time="0"/>
  <testcase name="test15728" classname="RegressionTest31" time="0"/>
  <testcase name="test15729" classname="RegressionTest31" time="0"/>
  <testcase name="test15730" classname="RegressionTest31" time="0"/>
  <testcase name="test15731" classname="RegressionTest31" time="0"/>
  <testcase name="test15732" classname="RegressionTest31" time="0"/>
  <testcase name="test15733" classname="RegressionTest31" time="0"/>
  <testcase name="test15734" classname="RegressionTest31" time="0"/>
  <testcase name="test15735" classname="RegressionTest31" time="0"/>
  <testcase name="test15736" classname="RegressionTest31" time="0"/>
  <testcase name="test15737" classname="RegressionTest31" time="0.001"/>
  <testcase name="test15738" classname="RegressionTest31" time="0"/>
  <testcase name="test15739" classname="RegressionTest31" time="0"/>
  <testcase name="test15740" classname="RegressionTest31" time="0"/>
  <testcase name="test15741" classname="RegressionTest31" time="0"/>
  <testcase name="test15742" classname="RegressionTest31" time="0">
    <failure message="&apos;true&apos; != &apos;false&apos; expected:&lt;true&gt; but was:&lt;false&gt;" type="java.lang.AssertionError"><![CDATA[java.lang.AssertionError: 'true' != 'false' expected:<true> but was:<false>
	at RegressionTest31.test15742(RegressionTest31.java:1943)
]]></failure>
  </testcase>
  <testcase name="test15743" classname="RegressionTest31" time="0">
    <failure message="&apos;true&apos; != &apos;false&apos; expected:&lt;true&gt; but was:&lt;false&gt;" type="java.lang.AssertionError"><![CDATA[java.lang.AssertionError: 'true' != 'false' expected:<true> but was:<false>
	at RegressionTest31.test15743(RegressionTest31.java:1951)
]]></failure>
  </testcase>
  <testcase name="test15744" classname="RegressionTest31" time="0"/>
  <testcase name="test15745" classname="RegressionTest31" time="0"/>
  <testcase name="test15746" classname="RegressionTest31" time="0"/>
  <testcase name="test15747" classname="RegressionTest31" time="0"/>
  <testcase name="test15748" classname="RegressionTest31" time="0"/>
  <testcase name="test15749" classname="RegressionTest31" time="0"/>
  <testcase name="test15750" classname="RegressionTest31" time="0"/>
  <testcase name="test15751" classname="RegressionTest31" time="0"/>
  <testcase name="test15752" classname="RegressionTest31" time="0"/>
  <testcase name="test15753" classname="RegressionTest31" time="0"/>
  <testcase name="test15754" classname="RegressionTest31" time="0"/>
  <testcase name="test15755" classname="RegressionTest31" time="0"/>
  <testcase name="test15756" classname="RegressionTest31" time="0"/>
  <testcase name="test15757" classname="RegressionTest31" time="0"/>
  <testcase name="test15758" classname="RegressionTest31" time="0"/>
  <testcase name="test15759" classname="RegressionTest31" time="0"/>
  <testcase name="test15760" classname="RegressionTest31" time="0"/>
  <testcase name="test15761" classname="RegressionTest31" time="0">
    <failure message="&apos;true&apos; != &apos;false&apos; expected:&lt;true&gt; but was:&lt;false&gt;" type="java.lang.AssertionError"><![CDATA[java.lang.AssertionError: 'true' != 'false' expected:<true> but was:<false>
	at RegressionTest31.test15761(RegressionTest31.java:2095)
]]></failure>
  </testcase>
  <testcase name="test15762" classname="RegressionTest31" time="0"/>
  <testcase name="test15763" classname="RegressionTest31" time="0"/>
  <testcase name="test15764" classname="RegressionTest31" time="0"/>
  <testcase name="test15765" classname="RegressionTest31" time="0"/>
  <testcase name="test15766" classname="RegressionTest31" time="0"/>
  <testcase name="test15767" classname="RegressionTest31" time="0"/>
  <testcase name="test15768" classname="RegressionTest31" time="0"/>
  <testcase name="test15769" classname="RegressionTest31" time="0"/>
  <testcase name="test15770" classname="RegressionTest31" time="0"/>
  <testcase name="test15771" classname="RegressionTest31" time="0"/>
  <testcase name="test15772" classname="RegressionTest31" time="0"/>
  <testcase name="test15773" classname="RegressionTest31" time="0"/>
  <testcase name="test15774" classname="RegressionTest31" time="0"/>
  <testcase name="test15775" classname="RegressionTest31" time="0"/>
  <testcase name="test15776" classname="RegressionTest31" time="0"/>
  <testcase name="test15777" classname="RegressionTest31" time="0"/>
  <testcase name="test15778" classname="RegressionTest31" time="0">
    <failure message="&apos;true&apos; != &apos;false&apos; expected:&lt;true&gt; but was:&lt;false&gt;" type="java.lang.AssertionError"><![CDATA[java.lang.AssertionError: 'true' != 'false' expected:<true> but was:<false>
	at RegressionTest31.test15778(RegressionTest31.java:2231)
]]></failure>
  </testcase>
  <testcase name="test15779" classname="RegressionTest31" time="0"/>
  <testcase name="test15780" classname="RegressionTest31" time="0"/>
  <testcase name="test15781" classname="RegressionTest31" time="0"/>
  <testcase name="test15782" classname="RegressionTest31" time="0"/>
  <testcase name="test15783" classname="RegressionTest31" time="0"/>
  <testcase name="test15784" classname="RegressionTest31" time="0"/>
  <testcase name="test15785" classname="RegressionTest31" time="0"/>
  <testcase name="test15786" classname="RegressionTest31" time="0"/>
  <testcase name="test15787" classname="RegressionTest31" time="0"/>
  <testcase name="test15788" classname="RegressionTest31" time="0"/>
  <testcase name="test15789" classname="RegressionTest31" time="0.001">
    <failure message="&apos;true&apos; != &apos;false&apos; expected:&lt;true&gt; but was:&lt;false&gt;" type="java.lang.AssertionError"><![CDATA[java.lang.AssertionError: 'true' != 'false' expected:<true> but was:<false>
	at RegressionTest31.test15789(RegressionTest31.java:2319)
]]></failure>
  </testcase>
  <testcase name="test15790" classname="RegressionTest31" time="0"/>
  <testcase name="test15791" classname="RegressionTest31" time="0"/>
  <testcase name="test15792" classname="RegressionTest31" time="0"/>
  <testcase name="test15793" classname="RegressionTest31" time="0"/>
  <testcase name="test15794" classname="RegressionTest31" time="0"/>
  <testcase name="test15795" classname="RegressionTest31" time="0"/>
  <testcase name="test15796" classname="RegressionTest31" time="0"/>
  <testcase name="test15797" classname="RegressionTest31" time="0"/>
  <testcase name="test15798" classname="RegressionTest31" time="0"/>
  <testcase name="test15799" classname="RegressionTest31" time="0"/>
  <testcase name="test15800" classname="RegressionTest31" time="0"/>
  <testcase name="test15801" classname="RegressionTest31" time="0"/>
  <testcase name="test15802" classname="RegressionTest31" time="0"/>
  <testcase name="test15803" classname="RegressionTest31" time="0"/>
  <testcase name="test15804" classname="RegressionTest31" time="0">
    <failure message="&apos;true&apos; != &apos;false&apos; expected:&lt;true&gt; but was:&lt;false&gt;" type="java.lang.AssertionError"><![CDATA[java.lang.AssertionError: 'true' != 'false' expected:<true> but was:<false>
	at RegressionTest31.test15804(RegressionTest31.java:2439)
]]></failure>
  </testcase>
  <testcase name="test15805" classname="RegressionTest31" time="0"/>
  <testcase name="test15806" classname="RegressionTest31" time="0"/>
  <testcase name="test15807" classname="RegressionTest31" time="0"/>
  <testcase name="test15808" classname="RegressionTest31" time="0"/>
  <testcase name="test15809" classname="RegressionTest31" time="0"/>
  <testcase name="test15810" classname="RegressionTest31" time="0"/>
  <testcase name="test15811" classname="RegressionTest31" time="0"/>
  <testcase name="test15812" classname="RegressionTest31" time="0"/>
  <testcase name="test15813" classname="RegressionTest31" time="0"/>
  <testcase name="test15814" classname="RegressionTest31" time="0"/>
  <testcase name="test15815" classname="RegressionTest31" time="0"/>
  <testcase name="test15816" classname="RegressionTest31" time="0">
    <failure message="&apos;true&apos; != &apos;false&apos; expected:&lt;true&gt; but was:&lt;false&gt;" type="java.lang.AssertionError"><![CDATA[java.lang.AssertionError: 'true' != 'false' expected:<true> but was:<false>
	at RegressionTest31.test15816(RegressionTest31.java:2535)
]]></failure>
  </testcase>
  <testcase name="test15817" classname="RegressionTest31" time="0"/>
  <testcase name="test15818" classname="RegressionTest31" time="0"/>
  <testcase name="test15819" classname="RegressionTest31" time="0">
    <failure message="&apos;true&apos; != &apos;false&apos; expected:&lt;true&gt; but was:&lt;false&gt;" type="java.lang.AssertionError"><![CDATA[java.lang.AssertionError: 'true' != 'false' expected:<true> but was:<false>
	at RegressionTest31.test15819(RegressionTest31.java:2559)
]]></failure>
  </testcase>
  <testcase name="test15820" classname="RegressionTest31" time="0"/>
  <testcase name="test15821" classname="RegressionTest31" time="0"/>
  <testcase name="test15822" classname="RegressionTest31" time="0"/>
  <testcase name="test15823" classname="RegressionTest31" time="0">
    <failure message="&apos;true&apos; != &apos;false&apos; expected:&lt;true&gt; but was:&lt;false&gt;" type="java.lang.AssertionError"><![CDATA[java.lang.AssertionError: 'true' != 'false' expected:<true> but was:<false>
	at RegressionTest31.test15823(RegressionTest31.java:2591)
]]></failure>
  </testcase>
  <testcase name="test15824" classname="RegressionTest31" time="0"/>
  <testcase name="test15825" classname="RegressionTest31" time="0"/>
  <testcase name="test15826" classname="RegressionTest31" time="0"/>
  <testcase name="test15827" classname="RegressionTest31" time="0"/>
  <testcase name="test15828" classname="RegressionTest31" time="0"/>
  <testcase name="test15829" classname="RegressionTest31" time="0"/>
  <testcase name="test15830" classname="RegressionTest31" time="0">
    <failure message="&apos;true&apos; != &apos;false&apos; expected:&lt;true&gt; but was:&lt;false&gt;" type="java.lang.AssertionError"><![CDATA[java.lang.AssertionError: 'true' != 'false' expected:<true> but was:<false>
	at RegressionTest31.test15830(RegressionTest31.java:2647)
]]></failure>
  </testcase>
  <testcase name="test15831" classname="RegressionTest31" time="0"/>
  <testcase name="test15832" classname="RegressionTest31" time="0"/>
  <testcase name="test15833" classname="RegressionTest31" time="0"/>
  <testcase name="test15834" classname="RegressionTest31" time="0.001"/>
  <testcase name="test15835" classname="RegressionTest31" time="0"/>
  <testcase name="test15836" classname="RegressionTest31" time="0"/>
  <testcase name="test15837" classname="RegressionTest31" time="0"/>
  <testcase name="test15838" classname="RegressionTest31" time="0"/>
  <testcase name="test15839" classname="RegressionTest31" time="0"/>
  <testcase name="test15840" classname="RegressionTest31" time="0"/>
  <testcase name="test15841" classname="RegressionTest31" time="0"/>
  <testcase name="test15842" classname="RegressionTest31" time="0"/>
  <testcase name="test15843" classname="RegressionTest31" time="0"/>
  <testcase name="test15844" classname="RegressionTest31" time="0"/>
  <testcase name="test15845" classname="RegressionTest31" time="0"/>
  <testcase name="test15846" classname="RegressionTest31" time="0"/>
  <testcase name="test15847" classname="RegressionTest31" time="0"/>
  <testcase name="test15848" classname="RegressionTest31" time="0"/>
  <testcase name="test15849" classname="RegressionTest31" time="0"/>
  <testcase name="test15850" classname="RegressionTest31" time="0"/>
  <testcase name="test15851" classname="RegressionTest31" time="0"/>
  <testcase name="test15852" classname="RegressionTest31" time="0"/>
  <testcase name="test15853" classname="RegressionTest31" time="0"/>
  <testcase name="test15854" classname="RegressionTest31" time="0"/>
  <testcase name="test15855" classname="RegressionTest31" time="0"/>
  <testcase name="test15856" classname="RegressionTest31" time="0"/>
  <testcase name="test15857" classname="RegressionTest31" time="0"/>
  <testcase name="test15858" classname="RegressionTest31" time="0"/>
  <testcase name="test15859" classname="RegressionTest31" time="0"/>
  <testcase name="test15860" classname="RegressionTest31" time="0"/>
  <testcase name="test15861" classname="RegressionTest31" time="0"/>
  <testcase name="test15862" classname="RegressionTest31" time="0"/>
  <testcase name="test15863" classname="RegressionTest31" time="0"/>
  <testcase name="test15864" classname="RegressionTest31" time="0"/>
  <testcase name="test15865" classname="RegressionTest31" time="0">
    <failure message="&apos;true&apos; != &apos;false&apos; expected:&lt;true&gt; but was:&lt;false&gt;" type="java.lang.AssertionError"><![CDATA[java.lang.AssertionError: 'true' != 'false' expected:<true> but was:<false>
	at RegressionTest31.test15865(RegressionTest31.java:2927)
]]></failure>
  </testcase>
  <testcase name="test15866" classname="RegressionTest31" time="0">
    <failure message="&apos;true&apos; != &apos;false&apos; expected:&lt;true&gt; but was:&lt;false&gt;" type="java.lang.AssertionError"><![CDATA[java.lang.AssertionError: 'true' != 'false' expected:<true> but was:<false>
	at RegressionTest31.test15866(RegressionTest31.java:2935)
]]></failure>
  </testcase>
  <testcase name="test15867" classname="RegressionTest31" time="0"/>
  <testcase name="test15868" classname="RegressionTest31" time="0"/>
  <testcase name="test15869" classname="RegressionTest31" time="0"/>
  <testcase name="test15870" classname="RegressionTest31" time="0"/>
  <testcase name="test15871" classname="RegressionTest31" time="0"/>
  <testcase name="test15872" classname="RegressionTest31" time="0"/>
  <testcase name="test15873" classname="RegressionTest31" time="0"/>
  <testcase name="test15874" classname="RegressionTest31" time="0"/>
  <testcase name="test15875" classname="RegressionTest31" time="0"/>
  <testcase name="test15876" classname="RegressionTest31" time="0"/>
  <testcase name="test15877" classname="RegressionTest31" time="0"/>
  <testcase name="test15878" classname="RegressionTest31" time="0"/>
  <testcase name="test15879" classname="RegressionTest31" time="0">
    <failure message="&apos;true&apos; != &apos;false&apos; expected:&lt;true&gt; but was:&lt;false&gt;" type="java.lang.AssertionError"><![CDATA[java.lang.AssertionError: 'true' != 'false' expected:<true> but was:<false>
	at RegressionTest31.test15879(RegressionTest31.java:3039)
]]></failure>
  </testcase>
  <testcase name="test15880" classname="RegressionTest31" time="0"/>
  <testcase name="test15881" classname="RegressionTest31" time="0"/>
  <testcase name="test15882" classname="RegressionTest31" time="0"/>
  <testcase name="test15883" classname="RegressionTest31" time="0"/>
  <testcase name="test15884" classname="RegressionTest31" time="0.001">
    <failure message="&apos;true&apos; != &apos;false&apos; expected:&lt;true&gt; but was:&lt;false&gt;" type="java.lang.AssertionError"><![CDATA[java.lang.AssertionError: 'true' != 'false' expected:<true> but was:<false>
	at RegressionTest31.test15884(RegressionTest31.java:3079)
]]></failure>
  </testcase>
  <testcase name="test15885" classname="RegressionTest31" time="0"/>
  <testcase name="test15886" classname="RegressionTest31" time="0"/>
  <testcase name="test15887" classname="RegressionTest31" time="0"/>
  <testcase name="test15888" classname="RegressionTest31" time="0">
    <failure message="&apos;true&apos; != &apos;false&apos; expected:&lt;true&gt; but was:&lt;false&gt;" type="java.lang.AssertionError"><![CDATA[java.lang.AssertionError: 'true' != 'false' expected:<true> but was:<false>
	at RegressionTest31.test15888(RegressionTest31.java:3111)
]]></failure>
  </testcase>
  <testcase name="test15889" classname="RegressionTest31" time="0"/>
  <testcase name="test15890" classname="RegressionTest31" time="0"/>
  <testcase name="test15891" classname="RegressionTest31" time="0"/>
  <testcase name="test15892" classname="RegressionTest31" time="0">
    <failure message="&apos;true&apos; != &apos;false&apos; expected:&lt;true&gt; but was:&lt;false&gt;" type="java.lang.AssertionError"><![CDATA[java.lang.AssertionError: 'true' != 'false' expected:<true> but was:<false>
	at RegressionTest31.test15892(RegressionTest31.java:3143)
]]></failure>
  </testcase>
  <testcase name="test15893" classname="RegressionTest31" time="0"/>
  <testcase name="test15894" classname="RegressionTest31" time="0"/>
  <testcase name="test15895" classname="RegressionTest31" time="0"/>
  <testcase name="test15896" classname="RegressionTest31" time="0"/>
  <testcase name="test15897" classname="RegressionTest31" time="0"/>
  <testcase name="test15898" classname="RegressionTest31" time="0"/>
  <testcase name="test15899" classname="RegressionTest31" time="0"/>
  <testcase name="test15900" classname="RegressionTest31" time="0"/>
  <testcase name="test15901" classname="RegressionTest31" time="0">
    <failure message="&apos;true&apos; != &apos;false&apos; expected:&lt;true&gt; but was:&lt;false&gt;" type="java.lang.AssertionError"><![CDATA[java.lang.AssertionError: 'true' != 'false' expected:<true> but was:<false>
	at RegressionTest31.test15901(RegressionTest31.java:3215)
]]></failure>
  </testcase>
  <testcase name="test15902" classname="RegressionTest31" time="0"/>
  <testcase name="test15903" classname="RegressionTest31" time="0"/>
  <testcase name="test15904" classname="RegressionTest31" time="0"/>
  <testcase name="test15905" classname="RegressionTest31" time="0"/>
  <testcase name="test15906" classname="RegressionTest31" time="0"/>
  <testcase name="test15907" classname="RegressionTest31" time="0"/>
  <testcase name="test15908" classname="RegressionTest31" time="0"/>
  <testcase name="test15909" classname="RegressionTest31" time="0"/>
  <testcase name="test15910" classname="RegressionTest31" time="0"/>
  <testcase name="test15911" classname="RegressionTest31" time="0"/>
  <testcase name="test15912" classname="RegressionTest31" time="0"/>
  <testcase name="test15913" classname="RegressionTest31" time="0"/>
  <testcase name="test15914" classname="RegressionTest31" time="0"/>
  <testcase name="test15915" classname="RegressionTest31" time="0"/>
  <testcase name="test15916" classname="RegressionTest31" time="0"/>
  <testcase name="test15917" classname="RegressionTest31" time="0"/>
  <testcase name="test15918" classname="RegressionTest31" time="0"/>
  <testcase name="test15919" classname="RegressionTest31" time="0"/>
  <testcase name="test15920" classname="RegressionTest31" time="0"/>
  <testcase name="test15921" classname="RegressionTest31" time="0"/>
  <testcase name="test15922" classname="RegressionTest31" time="0"/>
  <testcase name="test15923" classname="RegressionTest31" time="0"/>
  <testcase name="test15924" classname="RegressionTest31" time="0">
    <failure message="&apos;true&apos; != &apos;false&apos; expected:&lt;true&gt; but was:&lt;false&gt;" type="java.lang.AssertionError"><![CDATA[java.lang.AssertionError: 'true' != 'false' expected:<true> but was:<false>
	at RegressionTest31.test15924(RegressionTest31.java:3399)
]]></failure>
  </testcase>
  <testcase name="test15925" classname="RegressionTest31" time="0"/>
  <testcase name="test15926" classname="RegressionTest31" time="0"/>
  <testcase name="test15927" classname="RegressionTest31" time="0"/>
  <testcase name="test15928" classname="RegressionTest31" time="0"/>
  <testcase name="test15929" classname="RegressionTest31" time="0"/>
  <testcase name="test15930" classname="RegressionTest31" time="0"/>
  <testcase name="test15931" classname="RegressionTest31" time="0.001">
    <failure message="&apos;true&apos; != &apos;false&apos; expected:&lt;true&gt; but was:&lt;false&gt;" type="java.lang.AssertionError"><![CDATA[java.lang.AssertionError: 'true' != 'false' expected:<true> but was:<false>
	at RegressionTest31.test15931(RegressionTest31.java:3455)
]]></failure>
  </testcase>
  <testcase name="test15932" classname="RegressionTest31" time="0"/>
  <testcase name="test15933" classname="RegressionTest31" time="0"/>
  <testcase name="test15934" classname="RegressionTest31" time="0"/>
  <testcase name="test15935" classname="RegressionTest31" time="0"/>
  <testcase name="test15936" classname="RegressionTest31" time="0"/>
  <testcase name="test15937" classname="RegressionTest31" time="0"/>
  <testcase name="test15938" classname="RegressionTest31" time="0"/>
  <testcase name="test15939" classname="RegressionTest31" time="0"/>
  <testcase name="test15940" classname="RegressionTest31" time="0"/>
  <testcase name="test15941" classname="RegressionTest31" time="0"/>
  <testcase name="test15942" classname="RegressionTest31" time="0">
    <failure message="&apos;true&apos; != &apos;false&apos; expected:&lt;true&gt; but was:&lt;false&gt;" type="java.lang.AssertionError"><![CDATA[java.lang.AssertionError: 'true' != 'false' expected:<true> but was:<false>
	at RegressionTest31.test15942(RegressionTest31.java:3543)
]]></failure>
  </testcase>
  <testcase name="test15943" classname="RegressionTest31" time="0"/>
  <testcase name="test15944" classname="RegressionTest31" time="0"/>
  <testcase name="test15945" classname="RegressionTest31" time="0"/>
  <testcase name="test15946" classname="RegressionTest31" time="0"/>
  <testcase name="test15947" classname="RegressionTest31" time="0"/>
  <testcase name="test15948" classname="RegressionTest31" time="0"/>
  <testcase name="test15949" classname="RegressionTest31" time="0"/>
  <testcase name="test15950" classname="RegressionTest31" time="0"/>
  <testcase name="test15951" classname="RegressionTest31" time="0"/>
  <testcase name="test15952" classname="RegressionTest31" time="0"/>
  <testcase name="test15953" classname="RegressionTest31" time="0"/>
  <testcase name="test15954" classname="RegressionTest31" time="0">
    <failure message="&apos;true&apos; != &apos;false&apos; expected:&lt;true&gt; but was:&lt;false&gt;" type="java.lang.AssertionError"><![CDATA[java.lang.AssertionError: 'true' != 'false' expected:<true> but was:<false>
	at RegressionTest31.test15954(RegressionTest31.java:3639)
]]></failure>
  </testcase>
  <testcase name="test15955" classname="RegressionTest31" time="0"/>
  <testcase name="test15956" classname="RegressionTest31" time="0"/>
  <testcase name="test15957" classname="RegressionTest31" time="0"/>
  <testcase name="test15958" classname="RegressionTest31" time="0"/>
  <testcase name="test15959" classname="RegressionTest31" time="0"/>
  <testcase name="test15960" classname="RegressionTest31" time="0"/>
  <testcase name="test15961" classname="RegressionTest31" time="0"/>
  <testcase name="test15962" classname="RegressionTest31" time="0"/>
  <testcase name="test15963" classname="RegressionTest31" time="0"/>
  <testcase name="test15964" classname="RegressionTest31" time="0"/>
  <testcase name="test15965" classname="RegressionTest31" time="0"/>
  <testcase name="test15966" classname="RegressionTest31" time="0"/>
  <testcase name="test15967" classname="RegressionTest31" time="0"/>
  <testcase name="test15968" classname="RegressionTest31" time="0"/>
  <testcase name="test15969" classname="RegressionTest31" time="0"/>
  <testcase name="test15970" classname="RegressionTest31" time="0"/>
  <testcase name="test15971" classname="RegressionTest31" time="0"/>
  <testcase name="test15972" classname="RegressionTest31" time="0"/>
  <testcase name="test15973" classname="RegressionTest31" time="0"/>
  <testcase name="test15974" classname="RegressionTest31" time="0"/>
  <testcase name="test15975" classname="RegressionTest31" time="0"/>
  <testcase name="test15976" classname="RegressionTest31" time="0"/>
  <testcase name="test15977" classname="RegressionTest31" time="0"/>
  <testcase name="test15978" classname="RegressionTest31" time="0"/>
  <testcase name="test15979" classname="RegressionTest31" time="0"/>
  <testcase name="test15980" classname="RegressionTest31" time="0"/>
  <testcase name="test15981" classname="RegressionTest31" time="0"/>
  <testcase name="test15982" classname="RegressionTest31" time="0"/>
  <testcase name="test15983" classname="RegressionTest31" time="0"/>
  <testcase name="test15984" classname="RegressionTest31" time="0.001"/>
  <testcase name="test15985" classname="RegressionTest31" time="0"/>
  <testcase name="test15986" classname="RegressionTest31" time="0"/>
  <testcase name="test15987" classname="RegressionTest31" time="0"/>
  <testcase name="test15988" classname="RegressionTest31" time="0"/>
  <testcase name="test15989" classname="RegressionTest31" time="0"/>
  <testcase name="test15990" classname="RegressionTest31" time="0"/>
  <testcase name="test15991" classname="RegressionTest31" time="0"/>
  <testcase name="test15992" classname="RegressionTest31" time="0"/>
  <testcase name="test15993" classname="RegressionTest31" time="0"/>
  <testcase name="test15994" classname="RegressionTest31" time="0"/>
  <testcase name="test15995" classname="RegressionTest31" time="0"/>
  <testcase name="test15996" classname="RegressionTest31" time="0"/>
  <testcase name="test15997" classname="RegressionTest31" time="0"/>
  <testcase name="test15998" classname="RegressionTest31" time="0"/>
  <testcase name="test15999" classname="RegressionTest31" time="0"/>
  <testcase name="test16000" classname="RegressionTest31" time="0"/>
  <testcase name="test16001" classname="RegressionTest32" time="0"/>
  <testcase name="test16002" classname="RegressionTest32" time="0"/>
  <testcase name="test16003" classname="RegressionTest32" time="0"/>
  <testcase name="test16004" classname="RegressionTest32" time="0"/>
  <testcase name="test16005" classname="RegressionTest32" time="0"/>
  <testcase name="test16006" classname="RegressionTest32" time="0"/>
  <testcase name="test16007" classname="RegressionTest32" time="0">
    <failure message="&apos;true&apos; != &apos;false&apos; expected:&lt;true&gt; but was:&lt;false&gt;" type="java.lang.AssertionError"><![CDATA[java.lang.AssertionError: 'true' != 'false' expected:<true> but was:<false>
	at RegressionTest32.test16007(RegressionTest32.java:63)
]]></failure>
  </testcase>
  <testcase name="test16008" classname="RegressionTest32" time="0"/>
  <testcase name="test16009" classname="RegressionTest32" time="0"/>
  <testcase name="test16010" classname="RegressionTest32" time="0"/>
  <testcase name="test16011" classname="RegressionTest32" time="0"/>
  <testcase name="test16012" classname="RegressionTest32" time="0"/>
  <testcase name="test16013" classname="RegressionTest32" time="0"/>
  <testcase name="test16014" classname="RegressionTest32" time="0">
    <failure message="&apos;true&apos; != &apos;false&apos; expected:&lt;true&gt; but was:&lt;false&gt;" type="java.lang.AssertionError"><![CDATA[java.lang.AssertionError: 'true' != 'false' expected:<true> but was:<false>
	at RegressionTest32.test16014(RegressionTest32.java:119)
]]></failure>
  </testcase>
  <testcase name="test16015" classname="RegressionTest32" time="0"/>
  <testcase name="test16016" classname="RegressionTest32" time="0"/>
  <testcase name="test16017" classname="RegressionTest32" time="0"/>
  <testcase name="test16018" classname="RegressionTest32" time="0"/>
  <testcase name="test16019" classname="RegressionTest32" time="0"/>
  <testcase name="test16020" classname="RegressionTest32" time="0.001"/>
  <testcase name="test16021" classname="RegressionTest32" time="0"/>
  <testcase name="test16022" classname="RegressionTest32" time="0"/>
  <testcase name="test16023" classname="RegressionTest32" time="0"/>
  <testcase name="test16024" classname="RegressionTest32" time="0"/>
  <testcase name="test16025" classname="RegressionTest32" time="0"/>
  <testcase name="test16026" classname="RegressionTest32" time="0"/>
  <testcase name="test16027" classname="RegressionTest32" time="0"/>
  <testcase name="test16028" classname="RegressionTest32" time="0"/>
  <testcase name="test16029" classname="RegressionTest32" time="0"/>
  <testcase name="test16030" classname="RegressionTest32" time="0"/>
  <testcase name="test16031" classname="RegressionTest32" time="0"/>
  <testcase name="test16032" classname="RegressionTest32" time="0"/>
  <testcase name="test16033" classname="RegressionTest32" time="0"/>
  <testcase name="test16034" classname="RegressionTest32" time="0"/>
  <testcase name="test16035" classname="RegressionTest32" time="0"/>
  <testcase name="test16036" classname="RegressionTest32" time="0"/>
  <testcase name="test16037" classname="RegressionTest32" time="0"/>
  <testcase name="test16038" classname="RegressionTest32" time="0"/>
  <testcase name="test16039" classname="RegressionTest32" time="0"/>
  <testcase name="test16040" classname="RegressionTest32" time="0"/>
  <testcase name="test16041" classname="RegressionTest32" time="0"/>
  <testcase name="test16042" classname="RegressionTest32" time="0"/>
  <testcase name="test16043" classname="RegressionTest32" time="0"/>
  <testcase name="test16044" classname="RegressionTest32" time="0"/>
  <testcase name="test16045" classname="RegressionTest32" time="0"/>
  <testcase name="test16046" classname="RegressionTest32" time="0"/>
  <testcase name="test16047" classname="RegressionTest32" time="0"/>
  <testcase name="test16048" classname="RegressionTest32" time="0"/>
  <testcase name="test16049" classname="RegressionTest32" time="0"/>
  <testcase name="test16050" classname="RegressionTest32" time="0"/>
  <testcase name="test16051" classname="RegressionTest32" time="0"/>
  <testcase name="test16052" classname="RegressionTest32" time="0"/>
  <testcase name="test16053" classname="RegressionTest32" time="0"/>
  <testcase name="test16054" classname="RegressionTest32" time="0"/>
  <testcase name="test16055" classname="RegressionTest32" time="0"/>
  <testcase name="test16056" classname="RegressionTest32" time="0">
    <failure message="&apos;true&apos; != &apos;false&apos; expected:&lt;true&gt; but was:&lt;false&gt;" type="java.lang.AssertionError"><![CDATA[java.lang.AssertionError: 'true' != 'false' expected:<true> but was:<false>
	at RegressionTest32.test16056(RegressionTest32.java:455)
]]></failure>
  </testcase>
  <testcase name="test16057" classname="RegressionTest32" time="0"/>
  <testcase name="test16058" classname="RegressionTest32" time="0"/>
  <testcase name="test16059" classname="RegressionTest32" time="0"/>
  <testcase name="test16060" classname="RegressionTest32" time="0"/>
  <testcase name="test16061" classname="RegressionTest32" time="0"/>
  <testcase name="test16062" classname="RegressionTest32" time="0">
    <failure message="&apos;true&apos; != &apos;false&apos; expected:&lt;true&gt; but was:&lt;false&gt;" type="java.lang.AssertionError"><![CDATA[java.lang.AssertionError: 'true' != 'false' expected:<true> but was:<false>
	at RegressionTest32.test16062(RegressionTest32.java:503)
]]></failure>
  </testcase>
  <testcase name="test16063" classname="RegressionTest32" time="0"/>
  <testcase name="test16064" classname="RegressionTest32" time="0"/>
  <testcase name="test16065" classname="RegressionTest32" time="0"/>
  <testcase name="test16066" classname="RegressionTest32" time="0"/>
  <testcase name="test16067" classname="RegressionTest32" time="0"/>
  <testcase name="test16068" classname="RegressionTest32" time="0"/>
  <testcase name="test16069" classname="RegressionTest32" time="0"/>
  <testcase name="test16070" classname="RegressionTest32" time="0"/>
  <testcase name="test16071" classname="RegressionTest32" time="0.001"/>
  <testcase name="test16072" classname="RegressionTest32" time="0"/>
  <testcase name="test16073" classname="RegressionTest32" time="0"/>
  <testcase name="test16074" classname="RegressionTest32" time="0"/>
  <testcase name="test16075" classname="RegressionTest32" time="0"/>
  <testcase name="test16076" classname="RegressionTest32" time="0"/>
  <testcase name="test16077" classname="RegressionTest32" time="0"/>
  <testcase name="test16078" classname="RegressionTest32" time="0"/>
  <testcase name="test16079" classname="RegressionTest32" time="0">
    <failure message="&apos;true&apos; != &apos;false&apos; expected:&lt;true&gt; but was:&lt;false&gt;" type="java.lang.AssertionError"><![CDATA[java.lang.AssertionError: 'true' != 'false' expected:<true> but was:<false>
	at RegressionTest32.test16079(RegressionTest32.java:639)
]]></failure>
  </testcase>
  <testcase name="test16080" classname="RegressionTest32" time="0"/>
  <testcase name="test16081" classname="RegressionTest32" time="0"/>
  <testcase name="test16082" classname="RegressionTest32" time="0"/>
  <testcase name="test16083" classname="RegressionTest32" time="0"/>
  <testcase name="test16084" classname="RegressionTest32" time="0">
    <failure message="&apos;true&apos; != &apos;false&apos; expected:&lt;true&gt; but was:&lt;false&gt;" type="java.lang.AssertionError"><![CDATA[java.lang.AssertionError: 'true' != 'false' expected:<true> but was:<false>
	at RegressionTest32.test16084(RegressionTest32.java:679)
]]></failure>
  </testcase>
  <testcase name="test16085" classname="RegressionTest32" time="0"/>
  <testcase name="test16086" classname="RegressionTest32" time="0"/>
  <testcase name="test16087" classname="RegressionTest32" time="0"/>
  <testcase name="test16088" classname="RegressionTest32" time="0"/>
  <testcase name="test16089" classname="RegressionTest32" time="0"/>
  <testcase name="test16090" classname="RegressionTest32" time="0"/>
  <testcase name="test16091" classname="RegressionTest32" time="0"/>
  <testcase name="test16092" classname="RegressionTest32" time="0"/>
  <testcase name="test16093" classname="RegressionTest32" time="0"/>
  <testcase name="test16094" classname="RegressionTest32" time="0"/>
  <testcase name="test16095" classname="RegressionTest32" time="0"/>
  <testcase name="test16096" classname="RegressionTest32" time="0"/>
  <testcase name="test16097" classname="RegressionTest32" time="0"/>
  <testcase name="test16098" classname="RegressionTest32" time="0"/>
  <testcase name="test16099" classname="RegressionTest32" time="0"/>
  <testcase name="test16100" classname="RegressionTest32" time="0"/>
  <testcase name="test16101" classname="RegressionTest32" time="0">
    <failure message="&apos;true&apos; != &apos;false&apos; expected:&lt;true&gt; but was:&lt;false&gt;" type="java.lang.AssertionError"><![CDATA[java.lang.AssertionError: 'true' != 'false' expected:<true> but was:<false>
	at RegressionTest32.test16101(RegressionTest32.java:815)
]]></failure>
  </testcase>
  <testcase name="test16102" classname="RegressionTest32" time="0"/>
  <testcase name="test16103" classname="RegressionTest32" time="0"/>
  <testcase name="test16104" classname="RegressionTest32" time="0"/>
  <testcase name="test16105" classname="RegressionTest32" time="0"/>
  <testcase name="test16106" classname="RegressionTest32" time="0">
    <failure message="&apos;true&apos; != &apos;false&apos; expected:&lt;true&gt; but was:&lt;false&gt;" type="java.lang.AssertionError"><![CDATA[java.lang.AssertionError: 'true' != 'false' expected:<true> but was:<false>
	at RegressionTest32.test16106(RegressionTest32.java:855)
]]></failure>
  </testcase>
  <testcase name="test16107" classname="RegressionTest32" time="0"/>
  <testcase name="test16108" classname="RegressionTest32" time="0"/>
  <testcase name="test16109" classname="RegressionTest32" time="0"/>
  <testcase name="test16110" classname="RegressionTest32" time="0"/>
  <testcase name="test16111" classname="RegressionTest32" time="0"/>
  <testcase name="test16112" classname="RegressionTest32" time="0"/>
  <testcase name="test16113" classname="RegressionTest32" time="0"/>
  <testcase name="test16114" classname="RegressionTest32" time="0">
    <failure message="&apos;true&apos; != &apos;false&apos; expected:&lt;true&gt; but was:&lt;false&gt;" type="java.lang.AssertionError"><![CDATA[java.lang.AssertionError: 'true' != 'false' expected:<true> but was:<false>
	at RegressionTest32.test16114(RegressionTest32.java:919)
]]></failure>
  </testcase>
  <testcase name="test16115" classname="RegressionTest32" time="0"/>
  <testcase name="test16116" classname="RegressionTest32" time="0"/>
  <testcase name="test16117" classname="RegressionTest32" time="0"/>
  <testcase name="test16118" classname="RegressionTest32" time="0"/>
  <testcase name="test16119" classname="RegressionTest32" time="0.001"/>
  <testcase name="test16120" classname="RegressionTest32" time="0"/>
  <testcase name="test16121" classname="RegressionTest32" time="0"/>
  <testcase name="test16122" classname="RegressionTest32" time="0"/>
  <testcase name="test16123" classname="RegressionTest32" time="0"/>
  <testcase name="test16124" classname="RegressionTest32" time="0"/>
  <testcase name="test16125" classname="RegressionTest32" time="0"/>
  <testcase name="test16126" classname="RegressionTest32" time="0"/>
  <testcase name="test16127" classname="RegressionTest32" time="0"/>
  <testcase name="test16128" classname="RegressionTest32" time="0"/>
  <testcase name="test16129" classname="RegressionTest32" time="0"/>
  <testcase name="test16130" classname="RegressionTest32" time="0"/>
  <testcase name="test16131" classname="RegressionTest32" time="0"/>
  <testcase name="test16132" classname="RegressionTest32" time="0"/>
  <testcase name="test16133" classname="RegressionTest32" time="0"/>
  <testcase name="test16134" classname="RegressionTest32" time="0"/>
  <testcase name="test16135" classname="RegressionTest32" time="0"/>
  <testcase name="test16136" classname="RegressionTest32" time="0"/>
  <testcase name="test16137" classname="RegressionTest32" time="0"/>
  <testcase name="test16138" classname="RegressionTest32" time="0">
    <failure message="&apos;true&apos; != &apos;false&apos; expected:&lt;true&gt; but was:&lt;false&gt;" type="java.lang.AssertionError"><![CDATA[java.lang.AssertionError: 'true' != 'false' expected:<true> but was:<false>
	at RegressionTest32.test16138(RegressionTest32.java:1111)
]]></failure>
  </testcase>
  <testcase name="test16139" classname="RegressionTest32" time="0"/>
  <testcase name="test16140" classname="RegressionTest32" time="0"/>
  <testcase name="test16141" classname="RegressionTest32" time="0"/>
  <testcase name="test16142" classname="RegressionTest32" time="0"/>
  <testcase name="test16143" classname="RegressionTest32" time="0"/>
  <testcase name="test16144" classname="RegressionTest32" time="0"/>
  <testcase name="test16145" classname="RegressionTest32" time="0"/>
  <testcase name="test16146" classname="RegressionTest32" time="0"/>
  <testcase name="test16147" classname="RegressionTest32" time="0">
    <failure message="&apos;true&apos; != &apos;false&apos; expected:&lt;true&gt; but was:&lt;false&gt;" type="java.lang.AssertionError"><![CDATA[java.lang.AssertionError: 'true' != 'false' expected:<true> but was:<false>
	at RegressionTest32.test16147(RegressionTest32.java:1183)
]]></failure>
  </testcase>
  <testcase name="test16148" classname="RegressionTest32" time="0"/>
  <testcase name="test16149" classname="RegressionTest32" time="0"/>
  <testcase name="test16150" classname="RegressionTest32" time="0"/>
  <testcase name="test16151" classname="RegressionTest32" time="0"/>
  <testcase name="test16152" classname="RegressionTest32" time="0"/>
  <testcase name="test16153" classname="RegressionTest32" time="0"/>
  <testcase name="test16154" classname="RegressionTest32" time="0"/>
  <testcase name="test16155" classname="RegressionTest32" time="0"/>
  <testcase name="test16156" classname="RegressionTest32" time="0"/>
  <testcase name="test16157" classname="RegressionTest32" time="0"/>
  <testcase name="test16158" classname="RegressionTest32" time="0"/>
  <testcase name="test16159" classname="RegressionTest32" time="0"/>
  <testcase name="test16160" classname="RegressionTest32" time="0"/>
  <testcase name="test16161" classname="RegressionTest32" time="0"/>
  <testcase name="test16162" classname="RegressionTest32" time="0"/>
  <testcase name="test16163" classname="RegressionTest32" time="0"/>
  <testcase name="test16164" classname="RegressionTest32" time="0"/>
  <testcase name="test16165" classname="RegressionTest32" time="0"/>
  <testcase name="test16166" classname="RegressionTest32" time="0.001"/>
  <testcase name="test16167" classname="RegressionTest32" time="0"/>
  <testcase name="test16168" classname="RegressionTest32" time="0"/>
  <testcase name="test16169" classname="RegressionTest32" time="0"/>
  <testcase name="test16170" classname="RegressionTest32" time="0"/>
  <testcase name="test16171" classname="RegressionTest32" time="0"/>
  <testcase name="test16172" classname="RegressionTest32" time="0"/>
  <testcase name="test16173" classname="RegressionTest32" time="0">
    <failure message="&apos;true&apos; != &apos;false&apos; expected:&lt;true&gt; but was:&lt;false&gt;" type="java.lang.AssertionError"><![CDATA[java.lang.AssertionError: 'true' != 'false' expected:<true> but was:<false>
	at RegressionTest32.test16173(RegressionTest32.java:1391)
]]></failure>
  </testcase>
  <testcase name="test16174" classname="RegressionTest32" time="0"/>
  <testcase name="test16175" classname="RegressionTest32" time="0"/>
  <testcase name="test16176" classname="RegressionTest32" time="0">
    <failure message="&apos;true&apos; != &apos;false&apos; expected:&lt;true&gt; but was:&lt;false&gt;" type="java.lang.AssertionError"><![CDATA[java.lang.AssertionError: 'true' != 'false' expected:<true> but was:<false>
	at RegressionTest32.test16176(RegressionTest32.java:1415)
]]></failure>
  </testcase>
  <testcase name="test16177" classname="RegressionTest32" time="0">
    <failure message="&apos;true&apos; != &apos;false&apos; expected:&lt;true&gt; but was:&lt;false&gt;" type="java.lang.AssertionError"><![CDATA[java.lang.AssertionError: 'true' != 'false' expected:<true> but was:<false>
	at RegressionTest32.test16177(RegressionTest32.java:1423)
]]></failure>
  </testcase>
  <testcase name="test16178" classname="RegressionTest32" time="0"/>
  <testcase name="test16179" classname="RegressionTest32" time="0"/>
  <testcase name="test16180" classname="RegressionTest32" time="0"/>
  <testcase name="test16181" classname="RegressionTest32" time="0"/>
  <testcase name="test16182" classname="RegressionTest32" time="0"/>
  <testcase name="test16183" classname="RegressionTest32" time="0"/>
  <testcase name="test16184" classname="RegressionTest32" time="0"/>
  <testcase name="test16185" classname="RegressionTest32" time="0"/>
  <testcase name="test16186" classname="RegressionTest32" time="0"/>
  <testcase name="test16187" classname="RegressionTest32" time="0">
    <failure message="&apos;true&apos; != &apos;false&apos; expected:&lt;true&gt; but was:&lt;false&gt;" type="java.lang.AssertionError"><![CDATA[java.lang.AssertionError: 'true' != 'false' expected:<true> but was:<false>
	at RegressionTest32.test16187(RegressionTest32.java:1503)
]]></failure>
  </testcase>
  <testcase name="test16188" classname="RegressionTest32" time="0"/>
  <testcase name="test16189" classname="RegressionTest32" time="0"/>
  <testcase name="test16190" classname="RegressionTest32" time="0"/>
  <testcase name="test16191" classname="RegressionTest32" time="0"/>
  <testcase name="test16192" classname="RegressionTest32" time="0"/>
  <testcase name="test16193" classname="RegressionTest32" time="0"/>
  <testcase name="test16194" classname="RegressionTest32" time="0"/>
  <testcase name="test16195" classname="RegressionTest32" time="0"/>
  <testcase name="test16196" classname="RegressionTest32" time="0"/>
  <testcase name="test16197" classname="RegressionTest32" time="0"/>
  <testcase name="test16198" classname="RegressionTest32" time="0"/>
  <testcase name="test16199" classname="RegressionTest32" time="0"/>
  <testcase name="test16200" classname="RegressionTest32" time="0"/>
  <testcase name="test16201" classname="RegressionTest32" time="0"/>
  <testcase name="test16202" classname="RegressionTest32" time="0"/>
  <testcase name="test16203" classname="RegressionTest32" time="0"/>
  <testcase name="test16204" classname="RegressionTest32" time="0"/>
  <testcase name="test16205" classname="RegressionTest32" time="0"/>
  <testcase name="test16206" classname="RegressionTest32" time="0"/>
  <testcase name="test16207" classname="RegressionTest32" time="0"/>
  <testcase name="test16208" classname="RegressionTest32" time="0">
    <failure message="&apos;true&apos; != &apos;false&apos; expected:&lt;true&gt; but was:&lt;false&gt;" type="java.lang.AssertionError"><![CDATA[java.lang.AssertionError: 'true' != 'false' expected:<true> but was:<false>
	at RegressionTest32.test16208(RegressionTest32.java:1671)
]]></failure>
  </testcase>
  <testcase name="test16209" classname="RegressionTest32" time="0"/>
  <testcase name="test16210" classname="RegressionTest32" time="0"/>
  <testcase name="test16211" classname="RegressionTest32" time="0"/>
  <testcase name="test16212" classname="RegressionTest32" time="0"/>
  <testcase name="test16213" classname="RegressionTest32" time="0"/>
  <testcase name="test16214" classname="RegressionTest32" time="0"/>
  <testcase name="test16215" classname="RegressionTest32" time="0">
    <failure message="&apos;true&apos; != &apos;false&apos; expected:&lt;true&gt; but was:&lt;false&gt;" type="java.lang.AssertionError"><![CDATA[java.lang.AssertionError: 'true' != 'false' expected:<true> but was:<false>
	at RegressionTest32.test16215(RegressionTest32.java:1727)
]]></failure>
  </testcase>
  <testcase name="test16216" classname="RegressionTest32" time="0"/>
  <testcase name="test16217" classname="RegressionTest32" time="0"/>
  <testcase name="test16218" classname="RegressionTest32" time="0"/>
  <testcase name="test16219" classname="RegressionTest32" time="0"/>
  <testcase name="test16220" classname="RegressionTest32" time="0"/>
  <testcase name="test16221" classname="RegressionTest32" time="0"/>
  <testcase name="test16222" classname="RegressionTest32" time="0"/>
  <testcase name="test16223" classname="RegressionTest32" time="0"/>
  <testcase name="test16224" classname="RegressionTest32" time="0">
    <failure message="&apos;true&apos; != &apos;false&apos; expected:&lt;true&gt; but was:&lt;false&gt;" type="java.lang.AssertionError"><![CDATA[java.lang.AssertionError: 'true' != 'false' expected:<true> but was:<false>
	at RegressionTest32.test16224(RegressionTest32.java:1799)
]]></failure>
  </testcase>
  <testcase name="test16225" classname="RegressionTest32" time="0"/>
  <testcase name="test16226" classname="RegressionTest32" time="0"/>
  <testcase name="test16227" classname="RegressionTest32" time="0"/>
  <testcase name="test16228" classname="RegressionTest32" time="0"/>
  <testcase name="test16229" classname="RegressionTest32" time="0"/>
  <testcase name="test16230" classname="RegressionTest32" time="0"/>
  <testcase name="test16231" classname="RegressionTest32" time="0"/>
  <testcase name="test16232" classname="RegressionTest32" time="0"/>
  <testcase name="test16233" classname="RegressionTest32" time="0"/>
  <testcase name="test16234" classname="RegressionTest32" time="0"/>
  <testcase name="test16235" classname="RegressionTest32" time="0"/>
  <testcase name="test16236" classname="RegressionTest32" time="0"/>
  <testcase name="test16237" classname="RegressionTest32" time="0">
    <failure message="&apos;true&apos; != &apos;false&apos; expected:&lt;true&gt; but was:&lt;false&gt;" type="java.lang.AssertionError"><![CDATA[java.lang.AssertionError: 'true' != 'false' expected:<true> but was:<false>
	at RegressionTest32.test16237(RegressionTest32.java:1903)
]]></failure>
  </testcase>
  <testcase name="test16238" classname="RegressionTest32" time="0"/>
  <testcase name="test16239" classname="RegressionTest32" time="0"/>
  <testcase name="test16240" classname="RegressionTest32" time="0"/>
  <testcase name="test16241" classname="RegressionTest32" time="0"/>
  <testcase name="test16242" classname="RegressionTest32" time="0"/>
  <testcase name="test16243" classname="RegressionTest32" time="0"/>
  <testcase name="test16244" classname="RegressionTest32" time="0"/>
  <testcase name="test16245" classname="RegressionTest32" time="0"/>
  <testcase name="test16246" classname="RegressionTest32" time="0"/>
  <testcase name="test16247" classname="RegressionTest32" time="0"/>
  <testcase name="test16248" classname="RegressionTest32" time="0"/>
  <testcase name="test16249" classname="RegressionTest32" time="0"/>
  <testcase name="test16250" classname="RegressionTest32" time="0"/>
  <testcase name="test16251" classname="RegressionTest32" time="0">
    <failure message="&apos;true&apos; != &apos;false&apos; expected:&lt;true&gt; but was:&lt;false&gt;" type="java.lang.AssertionError"><![CDATA[java.lang.AssertionError: 'true' != 'false' expected:<true> but was:<false>
	at RegressionTest32.test16251(RegressionTest32.java:2015)
]]></failure>
  </testcase>
  <testcase name="test16252" classname="RegressionTest32" time="0"/>
  <testcase name="test16253" classname="RegressionTest32" time="0">
    <failure message="&apos;true&apos; != &apos;false&apos; expected:&lt;true&gt; but was:&lt;false&gt;" type="java.lang.AssertionError"><![CDATA[java.lang.AssertionError: 'true' != 'false' expected:<true> but was:<false>
	at RegressionTest32.test16253(RegressionTest32.java:2031)
]]></failure>
  </testcase>
  <testcase name="test16254" classname="RegressionTest32" time="0">
    <failure message="&apos;true&apos; != &apos;false&apos; expected:&lt;true&gt; but was:&lt;false&gt;" type="java.lang.AssertionError"><![CDATA[java.lang.AssertionError: 'true' != 'false' expected:<true> but was:<false>
	at RegressionTest32.test16254(RegressionTest32.java:2039)
]]></failure>
  </testcase>
  <testcase name="test16255" classname="RegressionTest32" time="0"/>
  <testcase name="test16256" classname="RegressionTest32" time="0"/>
  <testcase name="test16257" classname="RegressionTest32" time="0"/>
  <testcase name="test16258" classname="RegressionTest32" time="0"/>
  <testcase name="test16259" classname="RegressionTest32" time="0"/>
  <testcase name="test16260" classname="RegressionTest32" time="0"/>
  <testcase name="test16261" classname="RegressionTest32" time="0"/>
  <testcase name="test16262" classname="RegressionTest32" time="0"/>
  <testcase name="test16263" classname="RegressionTest32" time="0">
    <failure message="&apos;true&apos; != &apos;false&apos; expected:&lt;true&gt; but was:&lt;false&gt;" type="java.lang.AssertionError"><![CDATA[java.lang.AssertionError: 'true' != 'false' expected:<true> but was:<false>
	at RegressionTest32.test16263(RegressionTest32.java:2111)
]]></failure>
  </testcase>
  <testcase name="test16264" classname="RegressionTest32" time="0"/>
  <testcase name="test16265" classname="RegressionTest32" time="0"/>
  <testcase name="test16266" classname="RegressionTest32" time="0"/>
  <testcase name="test16267" classname="RegressionTest32" time="0"/>
  <testcase name="test16268" classname="RegressionTest32" time="0"/>
  <testcase name="test16269" classname="RegressionTest32" time="0"/>
  <testcase name="test16270" classname="RegressionTest32" time="0.001"/>
  <testcase name="test16271" classname="RegressionTest32" time="0"/>
  <testcase name="test16272" classname="RegressionTest32" time="0"/>
  <testcase name="test16273" classname="RegressionTest32" time="0"/>
  <testcase name="test16274" classname="RegressionTest32" time="0"/>
  <testcase name="test16275" classname="RegressionTest32" time="0"/>
  <testcase name="test16276" classname="RegressionTest32" time="0"/>
  <testcase name="test16277" classname="RegressionTest32" time="0"/>
  <testcase name="test16278" classname="RegressionTest32" time="0"/>
  <testcase name="test16279" classname="RegressionTest32" time="0"/>
  <testcase name="test16280" classname="RegressionTest32" time="0"/>
  <testcase name="test16281" classname="RegressionTest32" time="0"/>
  <testcase name="test16282" classname="RegressionTest32" time="0"/>
  <testcase name="test16283" classname="RegressionTest32" time="0"/>
  <testcase name="test16284" classname="RegressionTest32" time="0"/>
  <testcase name="test16285" classname="RegressionTest32" time="0"/>
  <testcase name="test16286" classname="RegressionTest32" time="0"/>
  <testcase name="test16287" classname="RegressionTest32" time="0"/>
  <testcase name="test16288" classname="RegressionTest32" time="0"/>
  <testcase name="test16289" classname="RegressionTest32" time="0"/>
  <testcase name="test16290" classname="RegressionTest32" time="0"/>
  <testcase name="test16291" classname="RegressionTest32" time="0"/>
  <testcase name="test16292" classname="RegressionTest32" time="0"/>
  <testcase name="test16293" classname="RegressionTest32" time="0"/>
  <testcase name="test16294" classname="RegressionTest32" time="0"/>
  <testcase name="test16295" classname="RegressionTest32" time="0"/>
  <testcase name="test16296" classname="RegressionTest32" time="0"/>
  <testcase name="test16297" classname="RegressionTest32" time="0"/>
  <testcase name="test16298" classname="RegressionTest32" time="0"/>
  <testcase name="test16299" classname="RegressionTest32" time="0"/>
  <testcase name="test16300" classname="RegressionTest32" time="0"/>
  <testcase name="test16301" classname="RegressionTest32" time="0"/>
  <testcase name="test16302" classname="RegressionTest32" time="0"/>
  <testcase name="test16303" classname="RegressionTest32" time="0"/>
  <testcase name="test16304" classname="RegressionTest32" time="0"/>
  <testcase name="test16305" classname="RegressionTest32" time="0">
    <failure message="&apos;true&apos; != &apos;false&apos; expected:&lt;true&gt; but was:&lt;false&gt;" type="java.lang.AssertionError"><![CDATA[java.lang.AssertionError: 'true' != 'false' expected:<true> but was:<false>
	at RegressionTest32.test16305(RegressionTest32.java:2447)
]]></failure>
  </testcase>
  <testcase name="test16306" classname="RegressionTest32" time="0">
    <failure message="&apos;true&apos; != &apos;false&apos; expected:&lt;true&gt; but was:&lt;false&gt;" type="java.lang.AssertionError"><![CDATA[java.lang.AssertionError: 'true' != 'false' expected:<true> but was:<false>
	at RegressionTest32.test16306(RegressionTest32.java:2455)
]]></failure>
  </testcase>
  <testcase name="test16307" classname="RegressionTest32" time="0">
    <failure message="&apos;true&apos; != &apos;false&apos; expected:&lt;true&gt; but was:&lt;false&gt;" type="java.lang.AssertionError"><![CDATA[java.lang.AssertionError: 'true' != 'false' expected:<true> but was:<false>
	at RegressionTest32.test16307(RegressionTest32.java:2463)
]]></failure>
  </testcase>
  <testcase name="test16308" classname="RegressionTest32" time="0"/>
  <testcase name="test16309" classname="RegressionTest32" time="0"/>
  <testcase name="test16310" classname="RegressionTest32" time="0"/>
  <testcase name="test16311" classname="RegressionTest32" time="0"/>
  <testcase name="test16312" classname="RegressionTest32" time="0">
    <failure message="&apos;true&apos; != &apos;false&apos; expected:&lt;true&gt; but was:&lt;false&gt;" type="java.lang.AssertionError"><![CDATA[java.lang.AssertionError: 'true' != 'false' expected:<true> but was:<false>
	at RegressionTest32.test16312(RegressionTest32.java:2503)
]]></failure>
  </testcase>
  <testcase name="test16313" classname="RegressionTest32" time="0"/>
  <testcase name="test16314" classname="RegressionTest32" time="0"/>
  <testcase name="test16315" classname="RegressionTest32" time="0"/>
  <testcase name="test16316" classname="RegressionTest32" time="0"/>
  <testcase name="test16317" classname="RegressionTest32" time="0"/>
  <testcase name="test16318" classname="RegressionTest32" time="0"/>
  <testcase name="test16319" classname="RegressionTest32" time="0.001">
    <failure message="&apos;true&apos; != &apos;false&apos; expected:&lt;true&gt; but was:&lt;false&gt;" type="java.lang.AssertionError"><![CDATA[java.lang.AssertionError: 'true' != 'false' expected:<true> but was:<false>
	at RegressionTest32.test16319(RegressionTest32.java:2559)
]]></failure>
  </testcase>
  <testcase name="test16320" classname="RegressionTest32" time="0"/>
  <testcase name="test16321" classname="RegressionTest32" time="0"/>
  <testcase name="test16322" classname="RegressionTest32" time="0"/>
  <testcase name="test16323" classname="RegressionTest32" time="0">
    <failure message="&apos;true&apos; != &apos;false&apos; expected:&lt;true&gt; but was:&lt;false&gt;" type="java.lang.AssertionError"><![CDATA[java.lang.AssertionError: 'true' != 'false' expected:<true> but was:<false>
	at RegressionTest32.test16323(RegressionTest32.java:2591)
]]></failure>
  </testcase>
  <testcase name="test16324" classname="RegressionTest32" time="0"/>
  <testcase name="test16325" classname="RegressionTest32" time="0"/>
  <testcase name="test16326" classname="RegressionTest32" time="0"/>
  <testcase name="test16327" classname="RegressionTest32" time="0"/>
  <testcase name="test16328" classname="RegressionTest32" time="0"/>
  <testcase name="test16329" classname="RegressionTest32" time="0">
    <failure message="&apos;true&apos; != &apos;false&apos; expected:&lt;true&gt; but was:&lt;false&gt;" type="java.lang.AssertionError"><![CDATA[java.lang.AssertionError: 'true' != 'false' expected:<true> but was:<false>
	at RegressionTest32.test16329(RegressionTest32.java:2639)
]]></failure>
  </testcase>
  <testcase name="test16330" classname="RegressionTest32" time="0"/>
  <testcase name="test16331" classname="RegressionTest32" time="0"/>
  <testcase name="test16332" classname="RegressionTest32" time="0"/>
  <testcase name="test16333" classname="RegressionTest32" time="0"/>
  <testcase name="test16334" classname="RegressionTest32" time="0"/>
  <testcase name="test16335" classname="RegressionTest32" time="0"/>
  <testcase name="test16336" classname="RegressionTest32" time="0"/>
  <testcase name="test16337" classname="RegressionTest32" time="0"/>
  <testcase name="test16338" classname="RegressionTest32" time="0"/>
  <testcase name="test16339" classname="RegressionTest32" time="0"/>
  <testcase name="test16340" classname="RegressionTest32" time="0"/>
  <testcase name="test16341" classname="RegressionTest32" time="0"/>
  <testcase name="test16342" classname="RegressionTest32" time="0"/>
  <testcase name="test16343" classname="RegressionTest32" time="0"/>
  <testcase name="test16344" classname="RegressionTest32" time="0">
    <failure message="&apos;true&apos; != &apos;false&apos; expected:&lt;true&gt; but was:&lt;false&gt;" type="java.lang.AssertionError"><![CDATA[java.lang.AssertionError: 'true' != 'false' expected:<true> but was:<false>
	at RegressionTest32.test16344(RegressionTest32.java:2759)
]]></failure>
  </testcase>
  <testcase name="test16345" classname="RegressionTest32" time="0"/>
  <testcase name="test16346" classname="RegressionTest32" time="0"/>
  <testcase name="test16347" classname="RegressionTest32" time="0"/>
  <testcase name="test16348" classname="RegressionTest32" time="0"/>
  <testcase name="test16349" classname="RegressionTest32" time="0"/>
  <testcase name="test16350" classname="RegressionTest32" time="0"/>
  <testcase name="test16351" classname="RegressionTest32" time="0"/>
  <testcase name="test16352" classname="RegressionTest32" time="0"/>
  <testcase name="test16353" classname="RegressionTest32" time="0"/>
  <testcase name="test16354" classname="RegressionTest32" time="0"/>
  <testcase name="test16355" classname="RegressionTest32" time="0"/>
  <testcase name="test16356" classname="RegressionTest32" time="0"/>
  <testcase name="test16357" classname="RegressionTest32" time="0"/>
  <testcase name="test16358" classname="RegressionTest32" time="0"/>
  <testcase name="test16359" classname="RegressionTest32" time="0"/>
  <testcase name="test16360" classname="RegressionTest32" time="0"/>
  <testcase name="test16361" classname="RegressionTest32" time="0"/>
  <testcase name="test16362" classname="RegressionTest32" time="0"/>
  <testcase name="test16363" classname="RegressionTest32" time="0"/>
  <testcase name="test16364" classname="RegressionTest32" time="0"/>
  <testcase name="test16365" classname="RegressionTest32" time="0"/>
  <testcase name="test16366" classname="RegressionTest32" time="0"/>
  <testcase name="test16367" classname="RegressionTest32" time="0"/>
  <testcase name="test16368" classname="RegressionTest32" time="0"/>
  <testcase name="test16369" classname="RegressionTest32" time="0"/>
  <testcase name="test16370" classname="RegressionTest32" time="0"/>
  <testcase name="test16371" classname="RegressionTest32" time="0"/>
  <testcase name="test16372" classname="RegressionTest32" time="0"/>
  <testcase name="test16373" classname="RegressionTest32" time="0"/>
  <testcase name="test16374" classname="RegressionTest32" time="0"/>
  <testcase name="test16375" classname="RegressionTest32" time="0"/>
  <testcase name="test16376" classname="RegressionTest32" time="0">
    <failure message="&apos;true&apos; != &apos;false&apos; expected:&lt;true&gt; but was:&lt;false&gt;" type="java.lang.AssertionError"><![CDATA[java.lang.AssertionError: 'true' != 'false' expected:<true> but was:<false>
	at RegressionTest32.test16376(RegressionTest32.java:3015)
]]></failure>
  </testcase>
  <testcase name="test16377" classname="RegressionTest32" time="0"/>
  <testcase name="test16378" classname="RegressionTest32" time="0"/>
  <testcase name="test16379" classname="RegressionTest32" time="0"/>
  <testcase name="test16380" classname="RegressionTest32" time="0"/>
  <testcase name="test16381" classname="RegressionTest32" time="0"/>
  <testcase name="test16382" classname="RegressionTest32" time="0">
    <failure message="&apos;true&apos; != &apos;false&apos; expected:&lt;true&gt; but was:&lt;false&gt;" type="java.lang.AssertionError"><![CDATA[java.lang.AssertionError: 'true' != 'false' expected:<true> but was:<false>
	at RegressionTest32.test16382(RegressionTest32.java:3063)
]]></failure>
  </testcase>
  <testcase name="test16383" classname="RegressionTest32" time="0"/>
</testsuite>